<?xml version="1.0" encoding="UTF-8"?>
<testsuites name="AseguMed" time="66" tests="1" failures="0" errors="0">
   <testsuite name="AseguMed" tests="1" failures="0" errors="0" time="66" timestamp="2019-12-04 05:05:05" hostname="Administrator - 172.30.0.53" id="Test Suites/AseguMed">
      <properties>
         <property name="deviceName" value=""/>
         <property name="devicePlatform" value=""/>
         <property name="logFolder" value="D:\\Test\\AgileTest\\Reports\\AseguMed\\20191204_050502"/>
         <property name="logFiles" value="D:\\Test\\AgileTest\\Reports\\AseguMed\\20191204_050502\\execution0.log"/>
         <property name="attachments" value="D:\\Test\\AgileTest\\Reports\\AseguMed\\20191204_050502\\../Screenshots/iPhone 6/AseguMed/Legion/standard/0.png, D:\\Test\\AgileTest\\Reports\\AseguMed\\20191204_050502\\../Screenshots/iPhone 6/AseguMed/Legion/standard/1.png, D:\\Test\\AgileTest\\Reports\\AseguMed\\20191204_050502\\../Screenshots/iPhone 6/AseguMed/Legion/standard/2.png, D:\\Test\\AgileTest\\Reports\\AseguMed\\20191204_050502\\../Screenshots/iPhone 6/AseguMed/Legion/standard/3.png, D:\\Test\\AgileTest\\Reports\\AseguMed\\20191204_050502\\../Screenshots/iPhone 6/AseguMed/Legion/standard/4.png, D:\\Test\\AgileTest\\Reports\\AseguMed\\20191204_050502\\../Screenshots/iPhone 6/AseguMed/Legion/standard/5.png, D:\\Test\\AgileTest\\Reports\\AseguMed\\20191204_050502\\../Screenshots/iPhone 6/AseguMed/Legion/standard/6.png, D:\\Test\\AgileTest\\Reports\\AseguMed\\20191204_050502\\../Screenshots/iPhone 6/AseguMed/Legion/standard/7.png, D:\\Test\\AgileTest\\Reports\\AseguMed\\20191204_050502\\../Screenshots/iPhone 6/AseguMed/Legion/standard/8.png"/>
         <property name="hostName" value="Administrator - 172.30.0.53"/>
         <property name="os" value="Windows Server 2012 R2 64bit"/>
         <property name="katalonVersion" value="5.10.1.1"/>
         <property name="browser" value="Safari 11"/>
         <property name="hostAddress" value="172.30.0.53"/>
         <property name="sessionId" value="2502ee404ebc726b3490058048915357"/>
         <property name="seleniumVersion" value="3.7.1"/>
         <property name="proxyInformation" value="ProxyInformation{proxyOption=NO_PROXY, proxyServerType=HTTP, password=, proxyServerAddress=, proxyServerPort=0}"/>
         <property name="platform" value="Windows Server 2012 R2"/>
      </properties>
      <testcase name="Test Cases/AseguMed/Legion" classname="Test Cases/AseguMed/Legion" status="PASSED">
         <system-out><![CDATA[2019-12-04 05:05:06 - [TEST_CASE][PASSED] - Test Cases/AseguMed/Legion: Test Cases/AseguMed/Legion

2019-12-04 05:05:06 - [TEST_STEP][PASSED] - callTestCase(findTestCase("mobileWeb/_include/get_screenPath"), ["productLine":"AseguMed", "carrierName":"Legion"], STOP_ON_FAILURE): Call Test Case 'Test Cases/mobileWeb/_include/get_screenPath' successfully

2019-12-04 05:05:06 - [TEST_CASE][PASSED] - Test Cases/mobileWeb/_include/get_screenPath: Test Cases/mobileWeb/_include/get_screenPath

2019-12-04 05:05:07 - [TEST_STEP][PASSED] - m = getExecutionProperties(): null

2019-12-04 05:05:07 - [TEST_STEP][PASSED] - deviceName = get("mobileEmulation").get("deviceName"): null

2019-12-04 05:05:07 - [TEST_STEP][PASSED] - println(deviceName): null

2019-12-04 05:05:07 - [TEST_STEP][PASSED] - now = new java.util.Date(): null

2019-12-04 05:05:07 - [TEST_STEP][PASSED] - mydate = now.format("yyyyMMdd_HHmmss"): null

2019-12-04 05:05:07 - [TEST_STEP][PASSED] - screenPath = "../Screenshots/": null

2019-12-04 05:05:07 - [TEST_STEP][PASSED] - screenPath = screenPath + deviceName + "/" + productLine + "/" + carrierName + "/" + "standard" + "/": null

2019-12-04 05:05:07 - [TEST_STEP][PASSED] - println(screenPath): null

2019-12-04 05:05:07 - [MESSAGE][PASSED] - Call Test Case 'Test Cases/mobileWeb/_include/get_screenPath' successfully

2019-12-04 05:05:07 - [TEST_STEP][PASSED] - i = 0: null

2019-12-04 05:05:07 - [TEST_STEP][PASSED] - openBrowser("https://pruebas.asegumed.com/"): Browser is opened with url: 'https://pruebas.asegumed.com/'

2019-12-04 05:05:07 - [MESSAGE][INFO] - Starting 'Chrome' driver

2019-12-04 05:05:07 - [MESSAGE][INFO] - User set preference: ['mobileEmulation', '{deviceName=iPhone 6}']

2019-12-04 05:05:07 - [MESSAGE][INFO] - User set preference: ['args', '[--incognito, --aggressive-cache-discard, --window-size=375,677, --no-sandbox]']

2019-12-04 05:05:07 - [MESSAGE][INFO] - Action delay is set to 0 seconds

2019-12-04 05:05:11 - [MESSAGE][PASSED] - Browser is opened with url: 'https://pruebas.asegumed.com/'

2019-12-04 05:05:11 - [TEST_STEP][PASSED] - callTestCase(findTestCase("mobileWeb/_include/get_screenshot"), [:], STOP_ON_FAILURE): Call Test Case 'Test Cases/mobileWeb/_include/get_screenshot' successfully

2019-12-04 05:05:11 - [TEST_CASE][PASSED] - Test Cases/mobileWeb/_include/get_screenshot: Test Cases/mobileWeb/_include/get_screenshot

2019-12-04 05:05:11 - [TEST_STEP][PASSED] - takeScreenshot(screenPath + i + ".png"): Taking screenshot successfully

2019-12-04 05:05:12 - [MESSAGE][PASSED] - Taking screenshot successfully
[[ATTACHMENT|D:\\Test\\AgileTest\\Reports\\AseguMed\\20191204_050502\\../Screenshots/iPhone 6/AseguMed/Legion/standard/0.png]]

2019-12-04 05:05:12 - [TEST_STEP][PASSED] - (internal.GlobalVariable.i++): null

2019-12-04 05:05:12 - [MESSAGE][PASSED] - Call Test Case 'Test Cases/mobileWeb/_include/get_screenshot' successfully

2019-12-04 05:05:12 - [TEST_STEP][PASSED] - click(findTestObject("AseguMed/homepage/cta-button")): Object: 'Object Repository/AseguMed/homepage/cta-button' is clicked on

2019-12-04 05:05:13 - [MESSAGE][PASSED] - Object: 'Object Repository/AseguMed/homepage/cta-button' is clicked on

2019-12-04 05:05:13 - [TEST_STEP][PASSED] - waitForPageLoad(10): Wait for page load successfully

2019-12-04 05:05:13 - [MESSAGE][PASSED] - Wait for page load successfully

2019-12-04 05:05:13 - [TEST_STEP][PASSED] - callTestCase(findTestCase("mobileWeb/_include/get_screenshot"), [:], STOP_ON_FAILURE): Call Test Case 'Test Cases/mobileWeb/_include/get_screenshot' successfully

2019-12-04 05:05:14 - [TEST_CASE][PASSED] - Test Cases/mobileWeb/_include/get_screenshot: Test Cases/mobileWeb/_include/get_screenshot

2019-12-04 05:05:14 - [TEST_STEP][PASSED] - takeScreenshot(screenPath + i + ".png"): Taking screenshot successfully

2019-12-04 05:05:14 - [MESSAGE][PASSED] - Taking screenshot successfully
[[ATTACHMENT|D:\\Test\\AgileTest\\Reports\\AseguMed\\20191204_050502\\../Screenshots/iPhone 6/AseguMed/Legion/standard/1.png]]

2019-12-04 05:05:14 - [TEST_STEP][PASSED] - (internal.GlobalVariable.i++): null

2019-12-04 05:05:14 - [MESSAGE][PASSED] - Call Test Case 'Test Cases/mobileWeb/_include/get_screenshot' successfully

2019-12-04 05:05:14 - [TEST_STEP][PASSED] - sendKeys(findTestObject("AseguMed/census_page/input_zip"), "35215"): Keys '35215' sent to object: 'Object Repository/AseguMed/census_page/input_zip'

2019-12-04 05:05:14 - [MESSAGE][PASSED] - Keys '35215' sent to object: 'Object Repository/AseguMed/census_page/input_zip'

2019-12-04 05:05:14 - [TEST_STEP][PASSED] - sendKeys(findTestObject("AseguMed/census_page/input_dob"), "12121988"): Keys '12121988' sent to object: 'Object Repository/AseguMed/census_page/input_dob'

2019-12-04 05:05:14 - [MESSAGE][PASSED] - Keys '12121988' sent to object: 'Object Repository/AseguMed/census_page/input_dob'

2019-12-04 05:05:14 - [TEST_STEP][PASSED] - click(findTestObject("AseguMed/census_page/label_gender_male")): Object: 'Object Repository/AseguMed/census_page/label_gender_male' is clicked on

2019-12-04 05:05:15 - [MESSAGE][PASSED] - Object: 'Object Repository/AseguMed/census_page/label_gender_male' is clicked on

2019-12-04 05:05:15 - [TEST_STEP][PASSED] - click(findTestObject("AseguMed/census_page/census_submit_button")): Object: 'Object Repository/AseguMed/census_page/census_submit_button' is clicked on

2019-12-04 05:05:16 - [MESSAGE][PASSED] - Object: 'Object Repository/AseguMed/census_page/census_submit_button' is clicked on

2019-12-04 05:05:16 - [TEST_STEP][PASSED] - waitForPageLoad(10): Wait for page load successfully

2019-12-04 05:05:16 - [MESSAGE][PASSED] - Wait for page load successfully

2019-12-04 05:05:16 - [TEST_STEP][PASSED] - Thread.sleep(2000): null

2019-12-04 05:05:18 - [TEST_STEP][PASSED] - callTestCase(findTestCase("mobileWeb/_include/get_screenshot"), [:], STOP_ON_FAILURE): Call Test Case 'Test Cases/mobileWeb/_include/get_screenshot' successfully

2019-12-04 05:05:18 - [TEST_CASE][PASSED] - Test Cases/mobileWeb/_include/get_screenshot: Test Cases/mobileWeb/_include/get_screenshot

2019-12-04 05:05:19 - [TEST_STEP][PASSED] - takeScreenshot(screenPath + i + ".png"): Taking screenshot successfully

2019-12-04 05:05:19 - [MESSAGE][PASSED] - Taking screenshot successfully
[[ATTACHMENT|D:\\Test\\AgileTest\\Reports\\AseguMed\\20191204_050502\\../Screenshots/iPhone 6/AseguMed/Legion/standard/2.png]]

2019-12-04 05:05:19 - [TEST_STEP][PASSED] - (internal.GlobalVariable.i++): null

2019-12-04 05:05:19 - [MESSAGE][PASSED] - Call Test Case 'Test Cases/mobileWeb/_include/get_screenshot' successfully

2019-12-04 05:05:19 - [TEST_STEP][PASSED] - click(findTestObject("AseguMed/quote_page/detail_link_plan_2")): Object: 'Object Repository/AseguMed/quote_page/detail_link_plan_2' is clicked on

2019-12-04 05:05:20 - [MESSAGE][PASSED] - Object: 'Object Repository/AseguMed/quote_page/detail_link_plan_2' is clicked on

2019-12-04 05:05:20 - [TEST_STEP][PASSED] - waitForPageLoad(10): Wait for page load successfully

2019-12-04 05:05:20 - [MESSAGE][PASSED] - Wait for page load successfully

2019-12-04 05:05:20 - [TEST_STEP][PASSED] - callTestCase(findTestCase("mobileWeb/_include/get_screenshot"), [:], STOP_ON_FAILURE): Call Test Case 'Test Cases/mobileWeb/_include/get_screenshot' successfully

2019-12-04 05:05:20 - [TEST_CASE][PASSED] - Test Cases/mobileWeb/_include/get_screenshot: Test Cases/mobileWeb/_include/get_screenshot

2019-12-04 05:05:20 - [TEST_STEP][PASSED] - takeScreenshot(screenPath + i + ".png"): Taking screenshot successfully

2019-12-04 05:05:20 - [MESSAGE][PASSED] - Taking screenshot successfully
[[ATTACHMENT|D:\\Test\\AgileTest\\Reports\\AseguMed\\20191204_050502\\../Screenshots/iPhone 6/AseguMed/Legion/standard/3.png]]

2019-12-04 05:05:20 - [TEST_STEP][PASSED] - (internal.GlobalVariable.i++): null

2019-12-04 05:05:20 - [MESSAGE][PASSED] - Call Test Case 'Test Cases/mobileWeb/_include/get_screenshot' successfully

2019-12-04 05:05:20 - [TEST_STEP][PASSED] - click(findTestObject("AseguMed/detail_page/detail_apply_button")): Object: 'Object Repository/AseguMed/detail_page/detail_apply_button' is clicked on

2019-12-04 05:05:21 - [MESSAGE][PASSED] - Object: 'Object Repository/AseguMed/detail_page/detail_apply_button' is clicked on

2019-12-04 05:05:21 - [TEST_STEP][PASSED] - waitForPageLoad(10): Wait for page load successfully

2019-12-04 05:05:21 - [MESSAGE][PASSED] - Wait for page load successfully

2019-12-04 05:05:21 - [TEST_STEP][PASSED] - callTestCase(findTestCase("mobileWeb/_include/get_screenshot"), [:], STOP_ON_FAILURE): Call Test Case 'Test Cases/mobileWeb/_include/get_screenshot' successfully

2019-12-04 05:05:21 - [TEST_CASE][PASSED] - Test Cases/mobileWeb/_include/get_screenshot: Test Cases/mobileWeb/_include/get_screenshot

2019-12-04 05:05:21 - [TEST_STEP][PASSED] - takeScreenshot(screenPath + i + ".png"): Taking screenshot successfully

2019-12-04 05:05:22 - [MESSAGE][PASSED] - Taking screenshot successfully
[[ATTACHMENT|D:\\Test\\AgileTest\\Reports\\AseguMed\\20191204_050502\\../Screenshots/iPhone 6/AseguMed/Legion/standard/4.png]]

2019-12-04 05:05:22 - [TEST_STEP][PASSED] - (internal.GlobalVariable.i++): null

2019-12-04 05:05:22 - [MESSAGE][PASSED] - Call Test Case 'Test Cases/mobileWeb/_include/get_screenshot' successfully

2019-12-04 05:05:22 - [TEST_STEP][PASSED] - click(findTestObject("AseguMed/apply_page/apply_button")): Object: 'Object Repository/AseguMed/apply_page/apply_button' is clicked on

2019-12-04 05:05:22 - [MESSAGE][PASSED] - Object: 'Object Repository/AseguMed/apply_page/apply_button' is clicked on

2019-12-04 05:05:22 - [TEST_STEP][PASSED] - waitForPageLoad(10): Wait for page load successfully

2019-12-04 05:05:22 - [MESSAGE][PASSED] - Wait for page load successfully

2019-12-04 05:05:22 - [TEST_STEP][PASSED] - callTestCase(findTestCase("mobileWeb/_include/get_screenshot"), [:], STOP_ON_FAILURE): Call Test Case 'Test Cases/mobileWeb/_include/get_screenshot' successfully

2019-12-04 05:05:23 - [TEST_CASE][PASSED] - Test Cases/mobileWeb/_include/get_screenshot: Test Cases/mobileWeb/_include/get_screenshot

2019-12-04 05:05:23 - [TEST_STEP][PASSED] - takeScreenshot(screenPath + i + ".png"): Taking screenshot successfully

2019-12-04 05:05:23 - [MESSAGE][PASSED] - Taking screenshot successfully
[[ATTACHMENT|D:\\Test\\AgileTest\\Reports\\AseguMed\\20191204_050502\\../Screenshots/iPhone 6/AseguMed/Legion/standard/5.png]]

2019-12-04 05:05:23 - [TEST_STEP][PASSED] - (internal.GlobalVariable.i++): null

2019-12-04 05:05:23 - [MESSAGE][PASSED] - Call Test Case 'Test Cases/mobileWeb/_include/get_screenshot' successfully

2019-12-04 05:05:23 - [TEST_STEP][PASSED] - callTestCase(findTestCase("AseguMed/_include/name"), [:], STOP_ON_FAILURE): Call Test Case 'Test Cases/AseguMed/_include/name' successfully

2019-12-04 05:05:23 - [TEST_CASE][PASSED] - Test Cases/AseguMed/_include/name: Test Cases/AseguMed/_include/name

2019-12-04 05:05:24 - [TEST_STEP][PASSED] - driver = getWebDriver(): null

2019-12-04 05:05:24 - [TEST_STEP][PASSED] - selenium = new com.thoughtworks.selenium.webdriven.WebDriverBackedSelenium(driver, internal.GlobalVariable.ENV): null

2019-12-04 05:05:24 - [TEST_STEP][PASSED] - FirstName = "Test-123": null

2019-12-04 05:05:24 - [TEST_STEP][PASSED] - LastName = selenium.getEval("{var x="áéíóúñüABCDEFGHIJKLMNOPQRSTUVWXYZabcdefghijklmnopqrstuvwxyz"; var tmp="ZZ11-"; for (i=0;i<8;i++) tmp+=x.charAt(Math.ceil(51*Math.random()));tmp;}"): null

2019-12-04 05:05:24 - [TEST_STEP][PASSED] - Address = selenium.getEval("{var x="áéíóúñüABCDEFGHIJKLMNOPQRSTUVWXYZabcdefghijklmnopqrstuvwxyz"; var tmp=""; for (i=0;i<8;i++) tmp+=x.charAt(Math.ceil(51*Math.random()));tmp;}"): null

2019-12-04 05:05:24 - [TEST_STEP][PASSED] - City = selenium.getEval("{var x="áéíóúñüABCDEFGHIJKLMNOPQRSTUVWXYZabcdefghijklmnopqrstuvwxyz"; var tmp=""; for (i=0;i<8;i++) tmp+=x.charAt(Math.ceil(51*Math.random()));tmp;}"): null

2019-12-04 05:05:24 - [TEST_STEP][PASSED] - tel1 = selenium.getEval("{var x="123456789"; var tmp=""; for (i=0;i<3;i++) tmp+=x.charAt(Math.ceil(8*Math.random()));tmp;}"): null

2019-12-04 05:05:24 - [TEST_STEP][PASSED] - tel2 = selenium.getEval("{var x="123456789"; var tmp=""; for (i=0;i<3;i++) tmp+=x.charAt(Math.ceil(8*Math.random()));tmp;}"): null

2019-12-04 05:05:24 - [TEST_STEP][PASSED] - tel3 = selenium.getEval("{var x="123456789"; var tmp=""; for (i=0;i<4;i++) tmp+=x.charAt(Math.ceil(8*Math.random()));tmp;}"): null

2019-12-04 05:05:24 - [TEST_STEP][PASSED] - Tel = selenium.getExpression(tel1 + "-" + tel2 + "-" + tel3): null

2019-12-04 05:05:24 - [TEST_STEP][PASSED] - AutoEmail = selenium.getEval("{var x="ÁÉÍÓÚÑÜáéíóúñüABCDEFGHIJKLMNOPQRSTUVWXYZabcdefghijklmnopqrstuvwxyz"; var tmp="test."; for (i=0;i<8;i++) tmp+=x.charAt(Math.ceil(51*Math.random()));tmp+="@suryani.cn";}"): null

2019-12-04 05:05:24 - [TEST_STEP][PASSED] - FirstName = FirstName: null

2019-12-04 05:05:24 - [TEST_STEP][PASSED] - LastName = LastName: null

2019-12-04 05:05:24 - [TEST_STEP][PASSED] - Address = Address: null

2019-12-04 05:05:24 - [TEST_STEP][PASSED] - City = City: null

2019-12-04 05:05:24 - [TEST_STEP][PASSED] - Tel = Tel: null

2019-12-04 05:05:24 - [TEST_STEP][PASSED] - AutoEmail = AutoEmail: null

2019-12-04 05:05:24 - [TEST_STEP][PASSED] - println(FirstName): null

2019-12-04 05:05:24 - [TEST_STEP][PASSED] - println(LastName): null

2019-12-04 05:05:24 - [TEST_STEP][PASSED] - println(Address): null

2019-12-04 05:05:24 - [TEST_STEP][PASSED] - println(City): null

2019-12-04 05:05:24 - [TEST_STEP][PASSED] - println(Tel): null

2019-12-04 05:05:24 - [TEST_STEP][PASSED] - println(AutoEmail): null

2019-12-04 05:05:24 - [MESSAGE][PASSED] - Call Test Case 'Test Cases/AseguMed/_include/name' successfully

2019-12-04 05:05:24 - [TEST_STEP][PASSED] - setText(findTestObject("AseguMed/app page 1/input_firstname"), FirstName): Text 'Test-123' is set on object 'Object Repository/AseguMed/app page 1/input_firstname'

2019-12-04 05:05:25 - [MESSAGE][PASSED] - Text 'Test-123' is set on object 'Object Repository/AseguMed/app page 1/input_firstname'

2019-12-04 05:05:25 - [TEST_STEP][PASSED] - setText(findTestObject("AseguMed/app page 1/input_lastname"), LastName): Text 'ZZ11-RPEMpMXa' is set on object 'Object Repository/AseguMed/app page 1/input_lastname'

2019-12-04 05:05:25 - [MESSAGE][PASSED] - Text 'ZZ11-RPEMpMXa' is set on object 'Object Repository/AseguMed/app page 1/input_lastname'

2019-12-04 05:05:25 - [TEST_STEP][PASSED] - setText(findTestObject("AseguMed/app page 1/input_address"), Address): Text 'ifNFUTGo' is set on object 'Object Repository/AseguMed/app page 1/input_address'

2019-12-04 05:05:25 - [MESSAGE][PASSED] - Text 'ifNFUTGo' is set on object 'Object Repository/AseguMed/app page 1/input_address'

2019-12-04 05:05:25 - [TEST_STEP][PASSED] - setText(findTestObject("AseguMed/app page 1/input_city"), City): Text 'KqirRRZD' is set on object 'Object Repository/AseguMed/app page 1/input_city'

2019-12-04 05:05:25 - [MESSAGE][PASSED] - Text 'KqirRRZD' is set on object 'Object Repository/AseguMed/app page 1/input_city'

2019-12-04 05:05:25 - [TEST_STEP][PASSED] - setText(findTestObject("AseguMed/app page 1/input_email"), AutoEmail): Text 'test.GZZáGXKñ@suryani.cn' is set on object 'Object Repository/AseguMed/app page 1/input_email'

2019-12-04 05:05:26 - [MESSAGE][PASSED] - Text 'test.GZZáGXKñ@suryani.cn' is set on object 'Object Repository/AseguMed/app page 1/input_email'

2019-12-04 05:05:26 - [TEST_STEP][PASSED] - setText(findTestObject("AseguMed/app page 1/input_primaryPhone"), Tel): Text '692-459-6425' is set on object 'Object Repository/AseguMed/app page 1/input_primaryPhone'

2019-12-04 05:05:26 - [MESSAGE][PASSED] - Text '692-459-6425' is set on object 'Object Repository/AseguMed/app page 1/input_primaryPhone'

2019-12-04 05:05:26 - [TEST_STEP][PASSED] - click(findTestObject("AseguMed/app page 1/continue_to_page_2_button")): Object: 'Object Repository/AseguMed/app page 1/continue_to_page_2_button' is clicked on

2019-12-04 05:05:27 - [MESSAGE][PASSED] - Object: 'Object Repository/AseguMed/app page 1/continue_to_page_2_button' is clicked on

2019-12-04 05:05:27 - [TEST_STEP][PASSED] - waitForPageLoad(10): Wait for page load successfully

2019-12-04 05:05:27 - [MESSAGE][PASSED] - Wait for page load successfully

2019-12-04 05:05:27 - [TEST_STEP][PASSED] - callTestCase(findTestCase("mobileWeb/_include/get_screenshot"), [:], STOP_ON_FAILURE): Call Test Case 'Test Cases/mobileWeb/_include/get_screenshot' successfully

2019-12-04 05:05:27 - [TEST_CASE][PASSED] - Test Cases/mobileWeb/_include/get_screenshot: Test Cases/mobileWeb/_include/get_screenshot

2019-12-04 05:05:27 - [TEST_STEP][PASSED] - takeScreenshot(screenPath + i + ".png"): Taking screenshot successfully

2019-12-04 05:05:27 - [MESSAGE][PASSED] - Taking screenshot successfully
[[ATTACHMENT|D:\\Test\\AgileTest\\Reports\\AseguMed\\20191204_050502\\../Screenshots/iPhone 6/AseguMed/Legion/standard/6.png]]

2019-12-04 05:05:27 - [TEST_STEP][PASSED] - (internal.GlobalVariable.i++): null

2019-12-04 05:05:27 - [MESSAGE][PASSED] - Call Test Case 'Test Cases/mobileWeb/_include/get_screenshot' successfully

2019-12-04 05:05:27 - [TEST_STEP][PASSED] - setText(findTestObject("AseguMed/app page 2/input_credit-card-number"), "4111111111111111"): Text '4111111111111111' is set on object 'Object Repository/AseguMed/app page 2/input_credit-card-number'

2019-12-04 05:05:28 - [MESSAGE][PASSED] - Text '4111111111111111' is set on object 'Object Repository/AseguMed/app page 2/input_credit-card-number'

2019-12-04 05:05:28 - [TEST_STEP][PASSED] - setText(findTestObject("AseguMed/app page 2/input_credit-card-first"), FirstName): Text 'Test-123' is set on object 'Object Repository/AseguMed/app page 2/input_credit-card-first'

2019-12-04 05:05:28 - [MESSAGE][PASSED] - Text 'Test-123' is set on object 'Object Repository/AseguMed/app page 2/input_credit-card-first'

2019-12-04 05:05:28 - [TEST_STEP][PASSED] - setText(findTestObject("AseguMed/app page 2/input_credit-card-last"), LastName): Text 'ZZ11-RPEMpMXa' is set on object 'Object Repository/AseguMed/app page 2/input_credit-card-last'

2019-12-04 05:05:28 - [MESSAGE][PASSED] - Text 'ZZ11-RPEMpMXa' is set on object 'Object Repository/AseguMed/app page 2/input_credit-card-last'

2019-12-04 05:05:28 - [TEST_STEP][PASSED] - selectOptionByValue(findTestObject("AseguMed/app page 2/select_expiration-month"), "12", true): All options with value '12' are selected in object 'Object Repository/AseguMed/app page 2/select_expiration-month'  using regular expression

2019-12-04 05:05:28 - [MESSAGE][PASSED] - All options with value '12' are selected in object 'Object Repository/AseguMed/app page 2/select_expiration-month'  using regular expression

2019-12-04 05:05:28 - [TEST_STEP][PASSED] - selectOptionByValue(findTestObject("AseguMed/app page 2/select_expiration-year"), "2026", true): All options with value '2026' are selected in object 'Object Repository/AseguMed/app page 2/select_expiration-year'  using regular expression

2019-12-04 05:05:29 - [MESSAGE][PASSED] - All options with value '2026' are selected in object 'Object Repository/AseguMed/app page 2/select_expiration-year'  using regular expression

2019-12-04 05:05:29 - [TEST_STEP][PASSED] - setText(findTestObject("AseguMed/app page 2/input_credit-card-cvv"), "123"): Text '123' is set on object 'Object Repository/AseguMed/app page 2/input_credit-card-cvv'

2019-12-04 05:05:29 - [MESSAGE][PASSED] - Text '123' is set on object 'Object Repository/AseguMed/app page 2/input_credit-card-cvv'

2019-12-04 05:05:29 - [TEST_STEP][PASSED] - click(findTestObject("AseguMed/app page 2/input_js-same-billing")): Object: 'Object Repository/AseguMed/app page 2/input_js-same-billing' is clicked on

2019-12-04 05:05:29 - [MESSAGE][PASSED] - Object: 'Object Repository/AseguMed/app page 2/input_js-same-billing' is clicked on

2019-12-04 05:05:29 - [TEST_STEP][PASSED] - click(findTestObject("AseguMed/app page 2/input_credit-payment-authorization")): Object: 'Object Repository/AseguMed/app page 2/input_credit-payment-authorization' is clicked on

2019-12-04 05:05:29 - [MESSAGE][PASSED] - Object: 'Object Repository/AseguMed/app page 2/input_credit-payment-authorization' is clicked on

2019-12-04 05:05:29 - [TEST_STEP][PASSED] - click(findTestObject("AseguMed/app page 2/continue_to_page_3_button")): Object: 'Object Repository/AseguMed/app page 2/continue_to_page_3_button' is clicked on

2019-12-04 05:05:29 - [MESSAGE][PASSED] - Object: 'Object Repository/AseguMed/app page 2/continue_to_page_3_button' is clicked on

2019-12-04 05:05:29 - [TEST_STEP][PASSED] - waitForPageLoad(10): Wait for page load successfully

2019-12-04 05:05:29 - [MESSAGE][PASSED] - Wait for page load successfully

2019-12-04 05:05:29 - [TEST_STEP][PASSED] - callTestCase(findTestCase("mobileWeb/_include/get_screenshot"), [:], STOP_ON_FAILURE): Call Test Case 'Test Cases/mobileWeb/_include/get_screenshot' successfully

2019-12-04 05:05:29 - [TEST_CASE][PASSED] - Test Cases/mobileWeb/_include/get_screenshot: Test Cases/mobileWeb/_include/get_screenshot

2019-12-04 05:05:29 - [TEST_STEP][PASSED] - takeScreenshot(screenPath + i + ".png"): Taking screenshot successfully

2019-12-04 05:05:30 - [MESSAGE][PASSED] - Taking screenshot successfully
[[ATTACHMENT|D:\\Test\\AgileTest\\Reports\\AseguMed\\20191204_050502\\../Screenshots/iPhone 6/AseguMed/Legion/standard/7.png]]

2019-12-04 05:05:30 - [TEST_STEP][PASSED] - (internal.GlobalVariable.i++): null

2019-12-04 05:05:30 - [MESSAGE][PASSED] - Call Test Case 'Test Cases/mobileWeb/_include/get_screenshot' successfully

2019-12-04 05:05:30 - [TEST_STEP][PASSED] - click(findTestObject("AseguMed/app page 3/input_consent-checkbox-0")): Object: 'Object Repository/AseguMed/app page 3/input_consent-checkbox-0' is clicked on

2019-12-04 05:05:40 - [MESSAGE][PASSED] - Object: 'Object Repository/AseguMed/app page 3/input_consent-checkbox-0' is clicked on

2019-12-04 05:05:40 - [TEST_STEP][PASSED] - click(findTestObject("AseguMed/app page 3/link_js-signature-autoFill")): Object: 'Object Repository/AseguMed/app page 3/link_js-signature-autoFill' is clicked on

2019-12-04 05:05:40 - [MESSAGE][PASSED] - Object: 'Object Repository/AseguMed/app page 3/link_js-signature-autoFill' is clicked on

2019-12-04 05:05:40 - [TEST_STEP][PASSED] - click(findTestObject("AseguMed/app page 3/continue_to_page_4_button")): Object: 'Object Repository/AseguMed/app page 3/continue_to_page_4_button' is clicked on

2019-12-04 05:05:40 - [MESSAGE][PASSED] - Object: 'Object Repository/AseguMed/app page 3/continue_to_page_4_button' is clicked on

2019-12-04 05:05:40 - [TEST_STEP][PASSED] - waitForPageLoad(10): Wait for page load successfully

2019-12-04 05:05:40 - [MESSAGE][PASSED] - Wait for page load successfully

2019-12-04 05:05:40 - [TEST_STEP][PASSED] - Thread.sleep(30000): null

2019-12-04 05:06:10 - [TEST_STEP][PASSED] - callTestCase(findTestCase("mobileWeb/_include/get_screenshot"), [:], STOP_ON_FAILURE): Call Test Case 'Test Cases/mobileWeb/_include/get_screenshot' successfully

2019-12-04 05:06:11 - [TEST_CASE][PASSED] - Test Cases/mobileWeb/_include/get_screenshot: Test Cases/mobileWeb/_include/get_screenshot

2019-12-04 05:06:11 - [TEST_STEP][PASSED] - takeScreenshot(screenPath + i + ".png"): Taking screenshot successfully

2019-12-04 05:06:11 - [MESSAGE][PASSED] - Taking screenshot successfully
[[ATTACHMENT|D:\\Test\\AgileTest\\Reports\\AseguMed\\20191204_050502\\../Screenshots/iPhone 6/AseguMed/Legion/standard/8.png]]

2019-12-04 05:06:11 - [TEST_STEP][PASSED] - (internal.GlobalVariable.i++): null

2019-12-04 05:06:11 - [MESSAGE][PASSED] - Call Test Case 'Test Cases/mobileWeb/_include/get_screenshot' successfully]]></system-out>
         <system-err><![CDATA[]]></system-err>
      </testcase>
      <system-out><![CDATA[2019-12-04 05:05:05 - [TEST_SUITE][PASSED] - AseguMed: Test Cases/AseguMed/Legion]]></system-out>
      <system-err><![CDATA[]]></system-err>
   </testsuite>
</testsuites>
