<?xml version="1.0" encoding="UTF-8"?>
<testsuites name="mobileSanity" time="59" tests="0" failures="0" errors="1">
   <testsuite name="mobileSanity" tests="0" failures="0" errors="1" time="59" timestamp="2019-01-02 14:20:16" hostname="denisyu - 172.16.86.34" id="Test Suites/mobileWeb/mobileSanity">
      <properties>
         <property name="deviceName" value="iPhone 5s"/>
         <property name="devicePlatform" value=""/>
         <property name="logFolder" value="/Users/denisyu/workplace/test/AgileTest/Reports/mobileWeb/mobileSanity/20190102_142004"/>
         <property name="logFiles" value="/Users/denisyu/workplace/test/AgileTest/Reports/mobileWeb/mobileSanity/20190102_142004/execution0.log, /Users/denisyu/workplace/test/AgileTest/Reports/mobileWeb/mobileSanity/20190102_142004/appium.log, /Users/denisyu/workplace/test/AgileTest/Reports/mobileWeb/mobileSanity/20190102_142004/appium-proxy-server.log"/>
         <property name="attachments" value=""/>
         <property name="hostName" value="denisyu - 172.16.86.34"/>
         <property name="os" value="Mac OS X 64bit"/>
         <property name="katalonVersion" value="5.10.0.1"/>
         <property name="deviceOS" value="iOS"/>
         <property name="appiumVersion" value="1.8.1"/>
         <property name="sessionId" value="9b12b044-3e51-4bc3-8661-7f05a895061c"/>
         <property name="deviceId" value="null"/>
         <property name="deviceName" value="iPhone 5s"/>
         <property name="proxyInformation" value="ProxyInformation{proxyOption=USE_SYSTEM, proxyServerType=HTTP, password=, proxyServerAddress=, proxyServerPort=0}"/>
         <property name="deviceOSVersion" value="12.1"/>
         <property name="platform" value="Mac OS X"/>
         <property name="browser" value="Safari 12"/>
         <property name="deviceModel" value="Not available for Simulator"/>
         <property name="hostAddress" value="172.16.86.34"/>
         <property name="deviceManufacturer" value="Apple"/>
         <property name="seleniumVersion" value="3.7.1"/>
      </properties>
      <testcase name="Test Cases/mobileWeb/stm/Slaico" classname="Test Cases/mobileWeb/stm/Slaico" status="ERROR">
         <error type="ERROR" message="Test Cases/mobileWeb/stm/Slaico FAILED.
Reason:
groovy.lang.MissingMethodException: No signature of method: static com.kms.katalon.core.webui.keyword.WebUiBuiltInKeywords.scrollToElement() is applicable for argument types: (com.kms.katalon.core.testobject.TestObject) values: [TestObject - 'Object Repository/mobileSanity/STM/Page_App Page 1 - Standard Life Sel/a_Continue']
Possible solutions: scrollToElement(com.kms.katalon.core.testobject.TestObject, int), scrollToElement(com.kms.katalon.core.testobject.TestObject, int, com.kms.katalon.core.model.FailureHandling)
	at Slaico.run(Slaico:66)
	at com.kms.katalon.core.main.ScriptEngine.run(ScriptEngine.java:194)
	at com.kms.katalon.core.main.ScriptEngine.runScriptAsRawText(ScriptEngine.java:119)
	at com.kms.katalon.core.main.TestCaseExecutor.runScript(TestCaseExecutor.java:328)
	at com.kms.katalon.core.main.TestCaseExecutor.doExecute(TestCaseExecutor.java:319)
	at com.kms.katalon.core.main.TestCaseExecutor.processExecutionPhase(TestCaseExecutor.java:298)
	at com.kms.katalon.core.main.TestCaseExecutor.accessMainPhase(TestCaseExecutor.java:290)
	at com.kms.katalon.core.main.TestCaseExecutor.execute(TestCaseExecutor.java:224)
	at com.kms.katalon.core.main.TestSuiteExecutor.accessTestCaseMainPhase(TestSuiteExecutor.java:129)
	at com.kms.katalon.core.main.TestSuiteExecutor.accessTestSuiteMainPhase(TestSuiteExecutor.java:112)
	at com.kms.katalon.core.main.TestSuiteExecutor.execute(TestSuiteExecutor.java:81)
	at com.kms.katalon.core.main.TestCaseMain.startTestSuite(TestCaseMain.java:149)
	at com.kms.katalon.core.main.TestCaseMain$startTestSuite$0.call(Unknown Source)
	at TempTestSuite1546410014278.run(TempTestSuite1546410014278.groovy:36)
"/>
         <system-out><![CDATA[2019-01-02 14:20:17 - [TEST_CASE][ERROR] - Test Cases/mobileWeb/stm/Slaico: Test Cases/mobileWeb/stm/Slaico FAILED.
Reason:
groovy.lang.MissingMethodException: No signature of method: static com.kms.katalon.core.webui.keyword.WebUiBuiltInKeywords.scrollToElement() is applicable for argument types: (com.kms.katalon.core.testobject.TestObject) values: [TestObject - 'Object Repository/mobileSanity/STM/Page_App Page 1 - Standard Life Sel/a_Continue']
Possible solutions: scrollToElement(com.kms.katalon.core.testobject.TestObject, int), scrollToElement(com.kms.katalon.core.testobject.TestObject, int, com.kms.katalon.core.model.FailureHandling)
	at Slaico.run(Slaico:66)
	at com.kms.katalon.core.main.ScriptEngine.run(ScriptEngine.java:194)
	at com.kms.katalon.core.main.ScriptEngine.runScriptAsRawText(ScriptEngine.java:119)
	at com.kms.katalon.core.main.TestCaseExecutor.runScript(TestCaseExecutor.java:328)
	at com.kms.katalon.core.main.TestCaseExecutor.doExecute(TestCaseExecutor.java:319)
	at com.kms.katalon.core.main.TestCaseExecutor.processExecutionPhase(TestCaseExecutor.java:298)
	at com.kms.katalon.core.main.TestCaseExecutor.accessMainPhase(TestCaseExecutor.java:290)
	at com.kms.katalon.core.main.TestCaseExecutor.execute(TestCaseExecutor.java:224)
	at com.kms.katalon.core.main.TestSuiteExecutor.accessTestCaseMainPhase(TestSuiteExecutor.java:129)
	at com.kms.katalon.core.main.TestSuiteExecutor.accessTestSuiteMainPhase(TestSuiteExecutor.java:112)
	at com.kms.katalon.core.main.TestSuiteExecutor.execute(TestSuiteExecutor.java:81)
	at com.kms.katalon.core.main.TestCaseMain.startTestSuite(TestCaseMain.java:149)
	at com.kms.katalon.core.main.TestCaseMain$startTestSuite$0.call(Unknown Source)
	at TempTestSuite1546410014278.run(TempTestSuite1546410014278.groovy:36)


2019-01-02 14:20:18 - [TEST_STEP][PASSED] - openBrowser(""): Browser is opened with url: ''

2019-01-02 14:20:18 - [MESSAGE][INFO] - Starting 'iOS' driver

2019-01-02 14:20:18 - [MESSAGE][INFO] - User set preference: ['browserName', 'safari']

2019-01-02 14:20:18 - [MESSAGE][INFO] - User set preference: ['deviceId', '']

2019-01-02 14:20:19 - [MESSAGE][INFO] - ios_webkit_debug_proxy server started on port 57484

2019-01-02 14:20:22 - [MESSAGE][INFO] - Appium server started on port 57,486

2019-01-02 14:20:41 - [MESSAGE][PASSED] - Browser is opened with url: ''

2019-01-02 14:20:41 - [TEST_STEP][PASSED] - navigateToUrl("https://praetemptatus.agilehealthinsurance.com/"): Navigate to 'https://praetemptatus.agilehealthinsurance.com/' successfully

2019-01-02 14:20:43 - [MESSAGE][PASSED] - Navigate to 'https://praetemptatus.agilehealthinsurance.com/' successfully

2019-01-02 14:20:43 - [TEST_STEP][PASSED] - click(findTestObject("Object Repository/mobileSanity/STM/Page_Find Health Insurance for 2018/a_Quote  Save Today")): Object: 'Object Repository/mobileSanity/STM/Page_Find Health Insurance for 2018/a_Quote  Save Today' is clicked on

2019-01-02 14:20:54 - [MESSAGE][PASSED] - Object: 'Object Repository/mobileSanity/STM/Page_Find Health Insurance for 2018/a_Quote  Save Today' is clicked on

2019-01-02 14:20:54 - [TEST_STEP][PASSED] - setText(findTestObject("Object Repository/mobileSanity/STM/Page_2018 Health Insurance Get a Sh/input_Location_zip-input"), "60602"): Text '60602' is set on object 'Object Repository/mobileSanity/STM/Page_2018 Health Insurance Get a Sh/input_Location_zip-input'

2019-01-02 14:20:57 - [MESSAGE][PASSED] - Text '60602' is set on object 'Object Repository/mobileSanity/STM/Page_2018 Health Insurance Get a Sh/input_Location_zip-input'

2019-01-02 14:20:57 - [TEST_STEP][PASSED] - setText(findTestObject("Object Repository/mobileSanity/STM/Page_2018 Health Insurance Get a Sh/input_Date of Birth_dob-0"), "03/03/1987"): Text '03/03/1987' is set on object 'Object Repository/mobileSanity/STM/Page_2018 Health Insurance Get a Sh/input_Date of Birth_dob-0'

2019-01-02 14:20:59 - [MESSAGE][PASSED] - Text '03/03/1987' is set on object 'Object Repository/mobileSanity/STM/Page_2018 Health Insurance Get a Sh/input_Date of Birth_dob-0'

2019-01-02 14:20:59 - [TEST_STEP][PASSED] - click(findTestObject("Object Repository/mobileSanity/STM/Page_2018 Health Insurance Get a Sh/label_Male")): Object: 'Object Repository/mobileSanity/STM/Page_2018 Health Insurance Get a Sh/label_Male' is clicked on

2019-01-02 14:20:59 - [MESSAGE][PASSED] - Object: 'Object Repository/mobileSanity/STM/Page_2018 Health Insurance Get a Sh/label_Male' is clicked on

2019-01-02 14:20:59 - [TEST_STEP][PASSED] - click(findTestObject("Object Repository/mobileSanity/STM/Page_2018 Health Insurance Get a Sh/label_Compare Plans")): Object: 'Object Repository/mobileSanity/STM/Page_2018 Health Insurance Get a Sh/label_Compare Plans' is clicked on

2019-01-02 14:21:00 - [MESSAGE][PASSED] - Object: 'Object Repository/mobileSanity/STM/Page_2018 Health Insurance Get a Sh/label_Compare Plans' is clicked on

2019-01-02 14:21:00 - [TEST_STEP][PASSED] - Thread.sleep(2000): null

2019-01-02 14:21:02 - [TEST_STEP][PASSED] - Thread.sleep(2000): null

2019-01-02 14:21:04 - [TEST_STEP][PASSED] - scrollToElement(findTestObject("mobileSanity/STM/Page_Short Term Health Insurance Qu/a_Standard Life Select STM Pla"), 1000): Scroll to object 'Object Repository/mobileSanity/STM/Page_Short Term Health Insurance Qu/a_Standard Life Select STM Pla' successfully

2019-01-02 14:21:04 - [MESSAGE][PASSED] - Scroll to object 'Object Repository/mobileSanity/STM/Page_Short Term Health Insurance Qu/a_Standard Life Select STM Pla' successfully

2019-01-02 14:21:04 - [TEST_STEP][PASSED] - click(findTestObject("Object Repository/mobileSanity/STM/Page_Short Term Health Insurance Qu/a_Standard Life Select STM Pla")): Object: 'Object Repository/mobileSanity/STM/Page_Short Term Health Insurance Qu/a_Standard Life Select STM Pla' is clicked on

2019-01-02 14:21:05 - [MESSAGE][PASSED] - Object: 'Object Repository/mobileSanity/STM/Page_Short Term Health Insurance Qu/a_Standard Life Select STM Pla' is clicked on

2019-01-02 14:21:05 - [TEST_STEP][PASSED] - Thread.sleep(2000): null

2019-01-02 14:21:07 - [TEST_STEP][PASSED] - click(findTestObject("Object Repository/mobileSanity/STM/Page_Standard Life Select STM Plan/a_Apply for This Plan")): Object: 'Object Repository/mobileSanity/STM/Page_Standard Life Select STM Plan/a_Apply for This Plan' is clicked on

2019-01-02 14:21:08 - [MESSAGE][PASSED] - Object: 'Object Repository/mobileSanity/STM/Page_Standard Life Select STM Plan/a_Apply for This Plan' is clicked on

2019-01-02 14:21:08 - [TEST_STEP][PASSED] - Thread.sleep(1000): null

2019-01-02 14:21:09 - [TEST_STEP][PASSED] - click(findTestObject("Object Repository/mobileSanity/STM/Page_Standard Life Select STM Plan/a_Start Secure Application")): Object: 'Object Repository/mobileSanity/STM/Page_Standard Life Select STM Plan/a_Start Secure Application' is clicked on

2019-01-02 14:21:09 - [MESSAGE][PASSED] - Object: 'Object Repository/mobileSanity/STM/Page_Standard Life Select STM Plan/a_Start Secure Application' is clicked on

2019-01-02 14:21:09 - [TEST_STEP][PASSED] - Thread.sleep(2000): null

2019-01-02 14:21:11 - [TEST_STEP][PASSED] - click(findTestObject("Object Repository/mobileSanity/STM/Page_App Page 1 - Standard Life Sel/a_Autofill App Info")): Object: 'Object Repository/mobileSanity/STM/Page_App Page 1 - Standard Life Sel/a_Autofill App Info' is clicked on

2019-01-02 14:21:12 - [MESSAGE][PASSED] - Object: 'Object Repository/mobileSanity/STM/Page_App Page 1 - Standard Life Sel/a_Autofill App Info' is clicked on

2019-01-02 14:21:12 - [TEST_STEP][ERROR] - scrollToElement(findTestObject("Object Repository/mobileSanity/STM/Page_App Page 1 - Standard Life Sel/a_Continue")): scrollToElement(findTestObject("Object Repository/mobileSanity/STM/Page_App Page 1 - Standard Life Sel/a_Continue")) FAILED.
Reason:
groovy.lang.MissingMethodException: No signature of method: static com.kms.katalon.core.webui.keyword.WebUiBuiltInKeywords.scrollToElement() is applicable for argument types: (com.kms.katalon.core.testobject.TestObject) values: [TestObject - 'Object Repository/mobileSanity/STM/Page_App Page 1 - Standard Life Sel/a_Continue']
Possible solutions: scrollToElement(com.kms.katalon.core.testobject.TestObject, int), scrollToElement(com.kms.katalon.core.testobject.TestObject, int, com.kms.katalon.core.model.FailureHandling)
	at Slaico.run(Slaico:66)
	at com.kms.katalon.core.main.ScriptEngine.run(ScriptEngine.java:194)
	at com.kms.katalon.core.main.ScriptEngine.runScriptAsRawText(ScriptEngine.java:119)
	at com.kms.katalon.core.main.TestCaseExecutor.runScript(TestCaseExecutor.java:328)
	at com.kms.katalon.core.main.TestCaseExecutor.doExecute(TestCaseExecutor.java:319)
	at com.kms.katalon.core.main.TestCaseExecutor.processExecutionPhase(TestCaseExecutor.java:298)
	at com.kms.katalon.core.main.TestCaseExecutor.accessMainPhase(TestCaseExecutor.java:290)
	at com.kms.katalon.core.main.TestCaseExecutor.execute(TestCaseExecutor.java:224)
	at com.kms.katalon.core.main.TestSuiteExecutor.accessTestCaseMainPhase(TestSuiteExecutor.java:129)
	at com.kms.katalon.core.main.TestSuiteExecutor.accessTestSuiteMainPhase(TestSuiteExecutor.java:112)
	at com.kms.katalon.core.main.TestSuiteExecutor.execute(TestSuiteExecutor.java:81)
	at com.kms.katalon.core.main.TestCaseMain.startTestSuite(TestCaseMain.java:149)
	at com.kms.katalon.core.main.TestCaseMain$startTestSuite$0.call(Unknown Source)
	at TempTestSuite1546410014278.run(TempTestSuite1546410014278.groovy:36)


2019-01-02 14:21:12 - [MESSAGE][ERROR] - scrollToElement(findTestObject("Object Repository/mobileSanity/STM/Page_App Page 1 - Standard Life Sel/a_Continue")) FAILED.
Reason:
groovy.lang.MissingMethodException: No signature of method: static com.kms.katalon.core.webui.keyword.WebUiBuiltInKeywords.scrollToElement() is applicable for argument types: (com.kms.katalon.core.testobject.TestObject) values: [TestObject - 'Object Repository/mobileSanity/STM/Page_App Page 1 - Standard Life Sel/a_Continue']
Possible solutions: scrollToElement(com.kms.katalon.core.testobject.TestObject, int), scrollToElement(com.kms.katalon.core.testobject.TestObject, int, com.kms.katalon.core.model.FailureHandling)
	at Slaico.run(Slaico:66)
	at com.kms.katalon.core.main.ScriptEngine.run(ScriptEngine.java:194)
	at com.kms.katalon.core.main.ScriptEngine.runScriptAsRawText(ScriptEngine.java:119)
	at com.kms.katalon.core.main.TestCaseExecutor.runScript(TestCaseExecutor.java:328)
	at com.kms.katalon.core.main.TestCaseExecutor.doExecute(TestCaseExecutor.java:319)
	at com.kms.katalon.core.main.TestCaseExecutor.processExecutionPhase(TestCaseExecutor.java:298)
	at com.kms.katalon.core.main.TestCaseExecutor.accessMainPhase(TestCaseExecutor.java:290)
	at com.kms.katalon.core.main.TestCaseExecutor.execute(TestCaseExecutor.java:224)
	at com.kms.katalon.core.main.TestSuiteExecutor.accessTestCaseMainPhase(TestSuiteExecutor.java:129)
	at com.kms.katalon.core.main.TestSuiteExecutor.accessTestSuiteMainPhase(TestSuiteExecutor.java:112)
	at com.kms.katalon.core.main.TestSuiteExecutor.execute(TestSuiteExecutor.java:81)
	at com.kms.katalon.core.main.TestCaseMain.startTestSuite(TestCaseMain.java:149)
	at com.kms.katalon.core.main.TestCaseMain$startTestSuite$0.call(Unknown Source)
	at TempTestSuite1546410014278.run(TempTestSuite1546410014278.groovy:36)]]></system-out>
         <system-err><![CDATA[2019-01-02 14:20:17 - [TEST_CASE][ERROR] - Test Cases/mobileWeb/stm/Slaico: Test Cases/mobileWeb/stm/Slaico FAILED.
Reason:
groovy.lang.MissingMethodException: No signature of method: static com.kms.katalon.core.webui.keyword.WebUiBuiltInKeywords.scrollToElement() is applicable for argument types: (com.kms.katalon.core.testobject.TestObject) values: [TestObject - 'Object Repository/mobileSanity/STM/Page_App Page 1 - Standard Life Sel/a_Continue']
Possible solutions: scrollToElement(com.kms.katalon.core.testobject.TestObject, int), scrollToElement(com.kms.katalon.core.testobject.TestObject, int, com.kms.katalon.core.model.FailureHandling)
	at Slaico.run(Slaico:66)
	at com.kms.katalon.core.main.ScriptEngine.run(ScriptEngine.java:194)
	at com.kms.katalon.core.main.ScriptEngine.runScriptAsRawText(ScriptEngine.java:119)
	at com.kms.katalon.core.main.TestCaseExecutor.runScript(TestCaseExecutor.java:328)
	at com.kms.katalon.core.main.TestCaseExecutor.doExecute(TestCaseExecutor.java:319)
	at com.kms.katalon.core.main.TestCaseExecutor.processExecutionPhase(TestCaseExecutor.java:298)
	at com.kms.katalon.core.main.TestCaseExecutor.accessMainPhase(TestCaseExecutor.java:290)
	at com.kms.katalon.core.main.TestCaseExecutor.execute(TestCaseExecutor.java:224)
	at com.kms.katalon.core.main.TestSuiteExecutor.accessTestCaseMainPhase(TestSuiteExecutor.java:129)
	at com.kms.katalon.core.main.TestSuiteExecutor.accessTestSuiteMainPhase(TestSuiteExecutor.java:112)
	at com.kms.katalon.core.main.TestSuiteExecutor.execute(TestSuiteExecutor.java:81)
	at com.kms.katalon.core.main.TestCaseMain.startTestSuite(TestCaseMain.java:149)
	at com.kms.katalon.core.main.TestCaseMain$startTestSuite$0.call(Unknown Source)
	at TempTestSuite1546410014278.run(TempTestSuite1546410014278.groovy:36)]]></system-err>
      </testcase>
      <system-out><![CDATA[2019-01-02 14:20:16 - [TEST_SUITE][ERROR] - mobileSanity: Test Cases/mobileWeb/stm/Slaico FAILED.
Reason:
groovy.lang.MissingMethodException: No signature of method: static com.kms.katalon.core.webui.keyword.WebUiBuiltInKeywords.scrollToElement() is applicable for argument types: (com.kms.katalon.core.testobject.TestObject) values: [TestObject - 'Object Repository/mobileSanity/STM/Page_App Page 1 - Standard Life Sel/a_Continue']
Possible solutions: scrollToElement(com.kms.katalon.core.testobject.TestObject, int), scrollToElement(com.kms.katalon.core.testobject.TestObject, int, com.kms.katalon.core.model.FailureHandling)
	at Slaico.run(Slaico:66)
	at com.kms.katalon.core.main.ScriptEngine.run(ScriptEngine.java:194)
	at com.kms.katalon.core.main.ScriptEngine.runScriptAsRawText(ScriptEngine.java:119)
	at com.kms.katalon.core.main.TestCaseExecutor.runScript(TestCaseExecutor.java:328)
	at com.kms.katalon.core.main.TestCaseExecutor.doExecute(TestCaseExecutor.java:319)
	at com.kms.katalon.core.main.TestCaseExecutor.processExecutionPhase(TestCaseExecutor.java:298)
	at com.kms.katalon.core.main.TestCaseExecutor.accessMainPhase(TestCaseExecutor.java:290)
	at com.kms.katalon.core.main.TestCaseExecutor.execute(TestCaseExecutor.java:224)
	at com.kms.katalon.core.main.TestSuiteExecutor.accessTestCaseMainPhase(TestSuiteExecutor.java:129)
	at com.kms.katalon.core.main.TestSuiteExecutor.accessTestSuiteMainPhase(TestSuiteExecutor.java:112)
	at com.kms.katalon.core.main.TestSuiteExecutor.execute(TestSuiteExecutor.java:81)
	at com.kms.katalon.core.main.TestCaseMain.startTestSuite(TestCaseMain.java:149)
	at com.kms.katalon.core.main.TestCaseMain$startTestSuite$0.call(Unknown Source)
	at TempTestSuite1546410014278.run(TempTestSuite1546410014278.groovy:36)]]></system-out>
      <system-err><![CDATA[2019-01-02 14:20:16 - [TEST_SUITE][ERROR] - mobileSanity: Test Cases/mobileWeb/stm/Slaico FAILED.
Reason:
groovy.lang.MissingMethodException: No signature of method: static com.kms.katalon.core.webui.keyword.WebUiBuiltInKeywords.scrollToElement() is applicable for argument types: (com.kms.katalon.core.testobject.TestObject) values: [TestObject - 'Object Repository/mobileSanity/STM/Page_App Page 1 - Standard Life Sel/a_Continue']
Possible solutions: scrollToElement(com.kms.katalon.core.testobject.TestObject, int), scrollToElement(com.kms.katalon.core.testobject.TestObject, int, com.kms.katalon.core.model.FailureHandling)
	at Slaico.run(Slaico:66)
	at com.kms.katalon.core.main.ScriptEngine.run(ScriptEngine.java:194)
	at com.kms.katalon.core.main.ScriptEngine.runScriptAsRawText(ScriptEngine.java:119)
	at com.kms.katalon.core.main.TestCaseExecutor.runScript(TestCaseExecutor.java:328)
	at com.kms.katalon.core.main.TestCaseExecutor.doExecute(TestCaseExecutor.java:319)
	at com.kms.katalon.core.main.TestCaseExecutor.processExecutionPhase(TestCaseExecutor.java:298)
	at com.kms.katalon.core.main.TestCaseExecutor.accessMainPhase(TestCaseExecutor.java:290)
	at com.kms.katalon.core.main.TestCaseExecutor.execute(TestCaseExecutor.java:224)
	at com.kms.katalon.core.main.TestSuiteExecutor.accessTestCaseMainPhase(TestSuiteExecutor.java:129)
	at com.kms.katalon.core.main.TestSuiteExecutor.accessTestSuiteMainPhase(TestSuiteExecutor.java:112)
	at com.kms.katalon.core.main.TestSuiteExecutor.execute(TestSuiteExecutor.java:81)
	at com.kms.katalon.core.main.TestCaseMain.startTestSuite(TestCaseMain.java:149)
	at com.kms.katalon.core.main.TestCaseMain$startTestSuite$0.call(Unknown Source)
	at TempTestSuite1546410014278.run(TempTestSuite1546410014278.groovy:36)]]></system-err>
   </testsuite>
</testsuites>
