<?xml version="1.0" encoding="UTF-8"?>
<testsuites name="PremierSMI" time="543" tests="4" failures="0" errors="0">
   <testsuite name="PremierSMI" tests="4" failures="0" errors="0" time="543" timestamp="2020-05-21 08:12:40" hostname="Administrator - 172.30.0.53" id="Test Suites/PrivateLabel/PremierSMI">
      <properties>
         <property name="deviceName" value=""/>
         <property name="devicePlatform" value=""/>
         <property name="logFolder" value="D:\\Test\\AgileTest\\Reports\\PrivateLabel\\PremierSMI\\20200521_080044"/>
         <property name="logFiles" value="D:\\Test\\AgileTest\\Reports\\PrivateLabel\\PremierSMI\\20200521_080044\\execution0.log"/>
         <property name="attachments" value="D:\\Test\\AgileTest\\Reports\\PrivateLabel\\PremierSMI\\20200521_080044\\../Screenshots/iPhone 6/PremierSMI/AdvantHealth/20200521_081242/0.png, D:\\Test\\AgileTest\\Reports\\PrivateLabel\\PremierSMI\\20200521_080044\\../Screenshots/iPhone 6/PremierSMI/AdvantHealth/20200521_081242/1.png, D:\\Test\\AgileTest\\Reports\\PrivateLabel\\PremierSMI\\20200521_080044\\../Screenshots/iPhone 6/PremierSMI/AdvantHealth/20200521_081242/2.png, D:\\Test\\AgileTest\\Reports\\PrivateLabel\\PremierSMI\\20200521_080044\\../Screenshots/iPhone 6/PremierSMI/AdvantHealth/20200521_081242/3.png, D:\\Test\\AgileTest\\Reports\\PrivateLabel\\PremierSMI\\20200521_080044\\../Screenshots/iPhone 6/PremierSMI/AdvantHealth/20200521_081242/4.png, D:\\Test\\AgileTest\\Reports\\PrivateLabel\\PremierSMI\\20200521_080044\\../Screenshots/iPhone 6/PremierSMI/AdvantHealth/20200521_081242/5.png, D:\\Test\\AgileTest\\Reports\\PrivateLabel\\PremierSMI\\20200521_080044\\../Screenshots/iPhone 6/PremierSMI/AdvantHealth/20200521_081242/6.png, D:\\Test\\AgileTest\\Reports\\PrivateLabel\\PremierSMI\\20200521_080044\\../Screenshots/iPhone 6/PremierSMI/AdvantHealth/20200521_081242/7.png, D:\\Test\\AgileTest\\Reports\\PrivateLabel\\PremierSMI\\20200521_080044\\../Screenshots/iPhone 6/PremierSMI/AdvantHealth/20200521_081242/8.png, D:\\Test\\AgileTest\\Reports\\PrivateLabel\\PremierSMI\\20200521_080044\\../Screenshots/iPhone 6/PremierSMI/AdvantHealth/20200521_081242/9.png, D:\\Test\\AgileTest\\Reports\\PrivateLabel\\PremierSMI\\20200521_080044\\../Screenshots/iPhone 6/PremierSMI/AdvantHealth/20200521_081242/10.png, D:\\Test\\AgileTest\\Reports\\PrivateLabel\\PremierSMI\\20200521_080044\\../Screenshots/iPhone 6/PremierSMI/Aspen/20200521_081514/0.png, D:\\Test\\AgileTest\\Reports\\PrivateLabel\\PremierSMI\\20200521_080044\\../Screenshots/iPhone 6/PremierSMI/Aspen/20200521_081514/1.png, D:\\Test\\AgileTest\\Reports\\PrivateLabel\\PremierSMI\\20200521_080044\\../Screenshots/iPhone 6/PremierSMI/Aspen/20200521_081514/2.png, D:\\Test\\AgileTest\\Reports\\PrivateLabel\\PremierSMI\\20200521_080044\\../Screenshots/iPhone 6/PremierSMI/Aspen/20200521_081514/3.png, D:\\Test\\AgileTest\\Reports\\PrivateLabel\\PremierSMI\\20200521_080044\\../Screenshots/iPhone 6/PremierSMI/Aspen/20200521_081514/4.png, D:\\Test\\AgileTest\\Reports\\PrivateLabel\\PremierSMI\\20200521_080044\\../Screenshots/iPhone 6/PremierSMI/Aspen/20200521_081514/5.png, D:\\Test\\AgileTest\\Reports\\PrivateLabel\\PremierSMI\\20200521_080044\\../Screenshots/iPhone 6/PremierSMI/Aspen/20200521_081514/6.png, D:\\Test\\AgileTest\\Reports\\PrivateLabel\\PremierSMI\\20200521_080044\\../Screenshots/iPhone 6/PremierSMI/Aspen/20200521_081514/7.png, D:\\Test\\AgileTest\\Reports\\PrivateLabel\\PremierSMI\\20200521_080044\\../Screenshots/iPhone 6/PremierSMI/Aspen/20200521_081514/8.png, D:\\Test\\AgileTest\\Reports\\PrivateLabel\\PremierSMI\\20200521_080044\\../Screenshots/iPhone 6/PremierSMI/Aspen/20200521_081514/9.png, D:\\Test\\AgileTest\\Reports\\PrivateLabel\\PremierSMI\\20200521_080044\\../Screenshots/iPhone 6/PremierSMI/Aspen/20200521_081514/10.png, D:\\Test\\AgileTest\\Reports\\PrivateLabel\\PremierSMI\\20200521_080044\\../Screenshots/iPhone 6/PremierSMI/Health Choice/20200521_081733/0.png, D:\\Test\\AgileTest\\Reports\\PrivateLabel\\PremierSMI\\20200521_080044\\../Screenshots/iPhone 6/PremierSMI/Health Choice/20200521_081733/1.png, D:\\Test\\AgileTest\\Reports\\PrivateLabel\\PremierSMI\\20200521_080044\\../Screenshots/iPhone 6/PremierSMI/Health Choice/20200521_081733/2.png, D:\\Test\\AgileTest\\Reports\\PrivateLabel\\PremierSMI\\20200521_080044\\../Screenshots/iPhone 6/PremierSMI/Health Choice/20200521_081733/3.png, D:\\Test\\AgileTest\\Reports\\PrivateLabel\\PremierSMI\\20200521_080044\\../Screenshots/iPhone 6/PremierSMI/Health Choice/20200521_081733/4.png, D:\\Test\\AgileTest\\Reports\\PrivateLabel\\PremierSMI\\20200521_080044\\../Screenshots/iPhone 6/PremierSMI/Health Choice/20200521_081733/5.png, D:\\Test\\AgileTest\\Reports\\PrivateLabel\\PremierSMI\\20200521_080044\\../Screenshots/iPhone 6/PremierSMI/Health Choice/20200521_081733/6.png, D:\\Test\\AgileTest\\Reports\\PrivateLabel\\PremierSMI\\20200521_080044\\../Screenshots/iPhone 6/PremierSMI/Health Choice/20200521_081733/7.png, D:\\Test\\AgileTest\\Reports\\PrivateLabel\\PremierSMI\\20200521_080044\\../Screenshots/iPhone 6/PremierSMI/Health Choice/20200521_081733/8.png, D:\\Test\\AgileTest\\Reports\\PrivateLabel\\PremierSMI\\20200521_080044\\../Screenshots/iPhone 6/PremierSMI/Health Choice/20200521_081733/9.png, D:\\Test\\AgileTest\\Reports\\PrivateLabel\\PremierSMI\\20200521_080044\\../Screenshots/iPhone 6/PremierSMI/Legion/20200521_081935/0.png, D:\\Test\\AgileTest\\Reports\\PrivateLabel\\PremierSMI\\20200521_080044\\../Screenshots/iPhone 6/PremierSMI/Legion/20200521_081935/1.png, D:\\Test\\AgileTest\\Reports\\PrivateLabel\\PremierSMI\\20200521_080044\\../Screenshots/iPhone 6/PremierSMI/Legion/20200521_081935/2.png, D:\\Test\\AgileTest\\Reports\\PrivateLabel\\PremierSMI\\20200521_080044\\../Screenshots/iPhone 6/PremierSMI/Legion/20200521_081935/3.png, D:\\Test\\AgileTest\\Reports\\PrivateLabel\\PremierSMI\\20200521_080044\\../Screenshots/iPhone 6/PremierSMI/Legion/20200521_081935/4.png, D:\\Test\\AgileTest\\Reports\\PrivateLabel\\PremierSMI\\20200521_080044\\../Screenshots/iPhone 6/PremierSMI/Legion/20200521_081935/5.png, D:\\Test\\AgileTest\\Reports\\PrivateLabel\\PremierSMI\\20200521_080044\\../Screenshots/iPhone 6/PremierSMI/Legion/20200521_081935/6.png, D:\\Test\\AgileTest\\Reports\\PrivateLabel\\PremierSMI\\20200521_080044\\../Screenshots/iPhone 6/PremierSMI/Legion/20200521_081935/7.png, D:\\Test\\AgileTest\\Reports\\PrivateLabel\\PremierSMI\\20200521_080044\\../Screenshots/iPhone 6/PremierSMI/Legion/20200521_081935/8.png, D:\\Test\\AgileTest\\Reports\\PrivateLabel\\PremierSMI\\20200521_080044\\../Screenshots/iPhone 6/PremierSMI/Legion/20200521_081935/9.png"/>
         <property name="hostName" value="Administrator - 172.30.0.53"/>
         <property name="os" value="Windows Server 2012 R2 64bit"/>
         <property name="katalonVersion" value="5.10.1.1"/>
         <property name="browser" value="Safari 11"/>
         <property name="hostAddress" value="172.30.0.53"/>
         <property name="sessionId" value="9421e253f031dc9f61313e67bbbc96d7"/>
         <property name="seleniumVersion" value="3.7.1"/>
         <property name="proxyInformation" value="ProxyInformation{proxyOption=NO_PROXY, proxyServerType=HTTP, password=, proxyServerAddress=, proxyServerPort=0}"/>
         <property name="platform" value="Windows Server 2012 R2"/>
      </properties>
      <testcase name="Test Cases/PL Site/PremierSMI/AdvantHealth" classname="Test Cases/PL Site/PremierSMI/AdvantHealth" status="PASSED">
         <system-out><![CDATA[2020-05-21 08:12:40 - [TEST_CASE][PASSED] - Test Cases/PL Site/PremierSMI/AdvantHealth: Test Cases/PL Site/PremierSMI/AdvantHealth

2020-05-21 08:12:41 - [TEST_STEP][PASSED] - callTestCase(findTestCase("AHI/_include/get_screenPath"), ["productLine":"PremierSMI", "carrierName":"AdvantHealth"], CONTINUE_ON_FAILURE): Call Test Case 'Test Cases/AHI/_include/get_screenPath' successfully

2020-05-21 08:12:42 - [TEST_CASE][PASSED] - Test Cases/AHI/_include/get_screenPath: Test Cases/AHI/_include/get_screenPath

2020-05-21 08:12:42 - [TEST_STEP][PASSED] - m = getExecutionProperties(): null

2020-05-21 08:12:42 - [TEST_STEP][PASSED] - deviceName = get("mobileEmulation").get("deviceName"): null

2020-05-21 08:12:42 - [TEST_STEP][PASSED] - println(deviceName): null

2020-05-21 08:12:42 - [TEST_STEP][PASSED] - now = new java.util.Date(): null

2020-05-21 08:12:42 - [TEST_STEP][PASSED] - mydate = now.format("yyyyMMdd_HHmmss"): null

2020-05-21 08:12:42 - [TEST_STEP][PASSED] - screenPath = "../Screenshots/": null

2020-05-21 08:12:42 - [TEST_STEP][PASSED] - screenPath = screenPath + deviceName + "/" + productLine + "/" + carrierName + "/" + mydate + "/": null

2020-05-21 08:12:42 - [TEST_STEP][PASSED] - println(screenPath): null

2020-05-21 08:12:42 - [MESSAGE][PASSED] - Call Test Case 'Test Cases/AHI/_include/get_screenPath' successfully

2020-05-21 08:12:42 - [TEST_STEP][PASSED] - i = 0: null

2020-05-21 08:12:42 - [TEST_STEP][PASSED] - callTestCase(findTestCase("AHI/_include/openWebSite"), ["env":"https://premiersmi--qa.storefront.mybenefitskeeper.com"], CONTINUE_ON_FAILURE): Call Test Case 'Test Cases/AHI/_include/openWebSite' successfully

2020-05-21 08:12:42 - [TEST_CASE][PASSED] - Test Cases/AHI/_include/openWebSite: Test Cases/AHI/_include/openWebSite

2020-05-21 08:12:42 - [TEST_STEP][PASSED] - openBrowser(env): Browser is opened with url: 'https://premiersmi--qa.storefront.mybenefitskeeper.com'

2020-05-21 08:12:42 - [MESSAGE][INFO] - Starting 'Chrome' driver

2020-05-21 08:12:43 - [MESSAGE][INFO] - User set preference: ['mobileEmulation', '{deviceName=iPhone 6}']

2020-05-21 08:12:43 - [MESSAGE][INFO] - User set preference: ['args', '[--incognito, --aggressive-cache-discard, --window-size=375,677, --no-sandbox, --ignore-certificate-errors]']

2020-05-21 08:12:43 - [MESSAGE][INFO] - Action delay is set to 0 seconds

2020-05-21 08:12:55 - [MESSAGE][PASSED] - Browser is opened with url: 'https://premiersmi--qa.storefront.mybenefitskeeper.com'

2020-05-21 08:12:56 - [TEST_STEP][PASSED] - waitForPageLoad(20): Wait for page load successfully

2020-05-21 08:12:57 - [MESSAGE][PASSED] - Wait for page load successfully

2020-05-21 08:12:57 - [TEST_STEP][PASSED] - callTestCase(findTestCase("AHI/_include/get_screenshot"), [:], STOP_ON_FAILURE): Call Test Case 'Test Cases/AHI/_include/get_screenshot' successfully

2020-05-21 08:12:57 - [TEST_CASE][PASSED] - Test Cases/AHI/_include/get_screenshot: Test Cases/AHI/_include/get_screenshot

2020-05-21 08:12:57 - [TEST_STEP][PASSED] - Thread.sleep(1000): null

2020-05-21 08:12:58 - [TEST_STEP][PASSED] - takeScreenshot(screenPath + i + ".png"): Taking screenshot successfully

2020-05-21 08:12:59 - [MESSAGE][PASSED] - Taking screenshot successfully
[[ATTACHMENT|D:\\Test\\AgileTest\\Reports\\PrivateLabel\\PremierSMI\\20200521_080044\\../Screenshots/iPhone 6/PremierSMI/AdvantHealth/20200521_081242/0.png]]

2020-05-21 08:12:59 - [TEST_STEP][PASSED] - (internal.GlobalVariable.i++): null

2020-05-21 08:12:59 - [MESSAGE][PASSED] - Call Test Case 'Test Cases/AHI/_include/get_screenshot' successfully

2020-05-21 08:12:59 - [MESSAGE][PASSED] - Call Test Case 'Test Cases/AHI/_include/openWebSite' successfully

2020-05-21 08:12:59 - [TEST_STEP][PASSED] - callTestCase(findTestCase("AHI/_include/census_stm"), ["zipcode":"35215"], STOP_ON_FAILURE): Call Test Case 'Test Cases/AHI/_include/census_stm' successfully

2020-05-21 08:12:59 - [TEST_CASE][PASSED] - Test Cases/AHI/_include/census_stm: Test Cases/AHI/_include/census_stm

2020-05-21 08:12:59 - [TEST_STEP][PASSED] - waitForElementClickable(findTestObject("mobileSanity/STM/Home Page/a_Quote  Save Today"), 10): Object 'Object Repository/mobileSanity/STM/Home Page/a_Quote  Save Today' is clickable

2020-05-21 08:12:59 - [MESSAGE][PASSED] - Object 'Object Repository/mobileSanity/STM/Home Page/a_Quote  Save Today' is clickable

2020-05-21 08:12:59 - [TEST_STEP][PASSED] - click(findTestObject("mobileSanity/STM/Home Page/a_Quote  Save Today")): Object: 'Object Repository/mobileSanity/STM/Home Page/a_Quote  Save Today' is clicked on

2020-05-21 08:13:00 - [MESSAGE][PASSED] - Object: 'Object Repository/mobileSanity/STM/Home Page/a_Quote  Save Today' is clicked on

2020-05-21 08:13:00 - [TEST_STEP][PASSED] - waitForElementPresent(findTestObject("mobileSanity/STM/STM Census Page/input_Location_zip-input"), 20): Object 'Object Repository/mobileSanity/STM/STM Census Page/input_Location_zip-input' is present

2020-05-21 08:13:00 - [MESSAGE][PASSED] - Object 'Object Repository/mobileSanity/STM/STM Census Page/input_Location_zip-input' is present

2020-05-21 08:13:00 - [TEST_STEP][PASSED] - callTestCase(findTestCase("AHI/_include/get_screenshot"), [:], STOP_ON_FAILURE): Call Test Case 'Test Cases/AHI/_include/get_screenshot' successfully

2020-05-21 08:13:00 - [TEST_CASE][PASSED] - Test Cases/AHI/_include/get_screenshot: Test Cases/AHI/_include/get_screenshot

2020-05-21 08:13:00 - [TEST_STEP][PASSED] - Thread.sleep(1000): null

2020-05-21 08:13:01 - [TEST_STEP][PASSED] - takeScreenshot(screenPath + i + ".png"): Taking screenshot successfully

2020-05-21 08:13:01 - [MESSAGE][PASSED] - Taking screenshot successfully
[[ATTACHMENT|D:\\Test\\AgileTest\\Reports\\PrivateLabel\\PremierSMI\\20200521_080044\\../Screenshots/iPhone 6/PremierSMI/AdvantHealth/20200521_081242/1.png]]

2020-05-21 08:13:01 - [TEST_STEP][PASSED] - (internal.GlobalVariable.i++): null

2020-05-21 08:13:01 - [MESSAGE][PASSED] - Call Test Case 'Test Cases/AHI/_include/get_screenshot' successfully

2020-05-21 08:13:01 - [TEST_STEP][PASSED] - setText(findTestObject("mobileSanity/STM/STM Census Page/input_Location_zip-input"), zipcode): Text '35215' is set on object 'Object Repository/mobileSanity/STM/STM Census Page/input_Location_zip-input'

2020-05-21 08:13:02 - [MESSAGE][PASSED] - Text '35215' is set on object 'Object Repository/mobileSanity/STM/STM Census Page/input_Location_zip-input'

2020-05-21 08:13:02 - [TEST_STEP][PASSED] - Thread.sleep(500): null

2020-05-21 08:13:05 - [TEST_STEP][PASSED] - setText(findTestObject("mobileSanity/STM/STM Census Page/input_Date of Birth_dob-0"), "03031987"): Text '03031987' is set on object 'Object Repository/mobileSanity/STM/STM Census Page/input_Date of Birth_dob-0'

2020-05-21 08:13:06 - [MESSAGE][PASSED] - Text '03031987' is set on object 'Object Repository/mobileSanity/STM/STM Census Page/input_Date of Birth_dob-0'

2020-05-21 08:13:06 - [TEST_STEP][PASSED] - click(findTestObject("mobileSanity/STM/STM Census Page/label_Male")): Object: 'Object Repository/mobileSanity/STM/STM Census Page/label_Male' is clicked on

2020-05-21 08:13:07 - [MESSAGE][PASSED] - Object: 'Object Repository/mobileSanity/STM/STM Census Page/label_Male' is clicked on

2020-05-21 08:13:07 - [TEST_STEP][PASSED] - Thread.sleep(2000): null

2020-05-21 08:13:09 - [TEST_STEP][PASSED] - click(findTestObject("mobileSanity/STM/STM Census Page/label_Compare Plans")): Object: 'Object Repository/mobileSanity/STM/STM Census Page/label_Compare Plans' is clicked on

2020-05-21 08:13:11 - [MESSAGE][PASSED] - Object: 'Object Repository/mobileSanity/STM/STM Census Page/label_Compare Plans' is clicked on

2020-05-21 08:13:11 - [TEST_STEP][PASSED] - waitForElementVisible(findTestObject("mobileSanity/STM/STM Quote Page/button_sort"), 20): Object 'Object Repository/mobileSanity/STM/STM Quote Page/button_sort' is visible

2020-05-21 08:13:11 - [MESSAGE][PASSED] - Object 'Object Repository/mobileSanity/STM/STM Quote Page/button_sort' is visible

2020-05-21 08:13:11 - [TEST_STEP][PASSED] - Thread.sleep(3000): null

2020-05-21 08:13:14 - [TEST_STEP][PASSED] - callTestCase(findTestCase("AHI/_include/get_screenshot"), [:], STOP_ON_FAILURE): Call Test Case 'Test Cases/AHI/_include/get_screenshot' successfully

2020-05-21 08:13:14 - [TEST_CASE][PASSED] - Test Cases/AHI/_include/get_screenshot: Test Cases/AHI/_include/get_screenshot

2020-05-21 08:13:14 - [TEST_STEP][PASSED] - Thread.sleep(1000): null

2020-05-21 08:13:15 - [TEST_STEP][PASSED] - takeScreenshot(screenPath + i + ".png"): Taking screenshot successfully

2020-05-21 08:13:17 - [MESSAGE][PASSED] - Taking screenshot successfully
[[ATTACHMENT|D:\\Test\\AgileTest\\Reports\\PrivateLabel\\PremierSMI\\20200521_080044\\../Screenshots/iPhone 6/PremierSMI/AdvantHealth/20200521_081242/2.png]]

2020-05-21 08:13:17 - [TEST_STEP][PASSED] - (internal.GlobalVariable.i++): null

2020-05-21 08:13:17 - [MESSAGE][PASSED] - Call Test Case 'Test Cases/AHI/_include/get_screenshot' successfully

2020-05-21 08:13:17 - [TEST_STEP][PASSED] - Thread.sleep(1000): null

2020-05-21 08:13:18 - [MESSAGE][PASSED] - Call Test Case 'Test Cases/AHI/_include/census_stm' successfully

2020-05-21 08:13:18 - [TEST_STEP][PASSED] - callTestCase(findTestCase("AHI/_include/goToDetail_stm"), ["carrier":"advanthealth"], STOP_ON_FAILURE): Call Test Case 'Test Cases/AHI/_include/goToDetail_stm' successfully

2020-05-21 08:13:18 - [TEST_CASE][PASSED] - Test Cases/AHI/_include/goToDetail_stm: Test Cases/AHI/_include/goToDetail_stm

2020-05-21 08:13:18 - [TEST_STEP][PASSED] - driver = getWebDriver(): null

2020-05-21 08:13:18 - [TEST_STEP][PASSED] - selenium = new com.thoughtworks.selenium.webdriven.WebDriverBackedSelenium(driver, internal.GlobalVariable.ENV): null

2020-05-21 08:13:18 - [TEST_STEP][PASSED] - a_plan_name = "xpath=//a[contains(@href,'/term-health-insurance/plan/" + carrier + "')]": null

2020-05-21 08:13:18 - [TEST_STEP][PASSED] - println(a_plan_name): null

2020-05-21 08:13:18 - [TEST_STEP][PASSED] - selenium.click(a_plan_name): null

2020-05-21 08:13:20 - [TEST_STEP][PASSED] - waitForPageLoad(20): Wait for page load successfully

2020-05-21 08:13:21 - [MESSAGE][PASSED] - Wait for page load successfully

2020-05-21 08:13:21 - [TEST_STEP][PASSED] - Thread.sleep(2000): null

2020-05-21 08:13:23 - [TEST_STEP][PASSED] - callTestCase(findTestCase("AHI/_include/get_screenshot"), [:], STOP_ON_FAILURE): Call Test Case 'Test Cases/AHI/_include/get_screenshot' successfully

2020-05-21 08:13:23 - [TEST_CASE][PASSED] - Test Cases/AHI/_include/get_screenshot: Test Cases/AHI/_include/get_screenshot

2020-05-21 08:13:23 - [TEST_STEP][PASSED] - Thread.sleep(1000): null

2020-05-21 08:13:24 - [TEST_STEP][PASSED] - takeScreenshot(screenPath + i + ".png"): Taking screenshot successfully

2020-05-21 08:13:24 - [MESSAGE][PASSED] - Taking screenshot successfully
[[ATTACHMENT|D:\\Test\\AgileTest\\Reports\\PrivateLabel\\PremierSMI\\20200521_080044\\../Screenshots/iPhone 6/PremierSMI/AdvantHealth/20200521_081242/3.png]]

2020-05-21 08:13:24 - [TEST_STEP][PASSED] - (internal.GlobalVariable.i++): null

2020-05-21 08:13:24 - [MESSAGE][PASSED] - Call Test Case 'Test Cases/AHI/_include/get_screenshot' successfully

2020-05-21 08:13:24 - [MESSAGE][PASSED] - Call Test Case 'Test Cases/AHI/_include/goToDetail_stm' successfully

2020-05-21 08:13:24 - [TEST_STEP][PASSED] - callTestCase(findTestCase("AHI/_include/apply_stm"), [:], STOP_ON_FAILURE): Call Test Case 'Test Cases/AHI/_include/apply_stm' successfully

2020-05-21 08:13:24 - [TEST_CASE][PASSED] - Test Cases/AHI/_include/apply_stm: Test Cases/AHI/_include/apply_stm

2020-05-21 08:13:25 - [TEST_STEP][PASSED] - waitForElementVisible(findTestObject("mobileSanity/STM/STM PlanDetail Page/a_Apply for This Plan"), 5): Object 'Object Repository/mobileSanity/STM/STM PlanDetail Page/a_Apply for This Plan' is visible

2020-05-21 08:13:25 - [MESSAGE][PASSED] - Object 'Object Repository/mobileSanity/STM/STM PlanDetail Page/a_Apply for This Plan' is visible

2020-05-21 08:13:25 - [TEST_STEP][PASSED] - click(findTestObject("mobileSanity/STM/STM PlanDetail Page/a_Apply for This Plan")): Object: 'Object Repository/mobileSanity/STM/STM PlanDetail Page/a_Apply for This Plan' is clicked on

2020-05-21 08:13:26 - [MESSAGE][PASSED] - Object: 'Object Repository/mobileSanity/STM/STM PlanDetail Page/a_Apply for This Plan' is clicked on

2020-05-21 08:13:26 - [TEST_STEP][PASSED] - waitForPageLoad(10): Wait for page load successfully

2020-05-21 08:13:26 - [MESSAGE][PASSED] - Wait for page load successfully

2020-05-21 08:13:26 - [TEST_STEP][PASSED] - Thread.sleep(2000): null

2020-05-21 08:13:28 - [TEST_STEP][PASSED] - callTestCase(findTestCase("AHI/_include/get_screenshot"), [:], STOP_ON_FAILURE): Call Test Case 'Test Cases/AHI/_include/get_screenshot' successfully

2020-05-21 08:13:28 - [TEST_CASE][PASSED] - Test Cases/AHI/_include/get_screenshot: Test Cases/AHI/_include/get_screenshot

2020-05-21 08:13:28 - [TEST_STEP][PASSED] - Thread.sleep(1000): null

2020-05-21 08:13:29 - [TEST_STEP][PASSED] - takeScreenshot(screenPath + i + ".png"): Taking screenshot successfully

2020-05-21 08:13:29 - [MESSAGE][PASSED] - Taking screenshot successfully
[[ATTACHMENT|D:\\Test\\AgileTest\\Reports\\PrivateLabel\\PremierSMI\\20200521_080044\\../Screenshots/iPhone 6/PremierSMI/AdvantHealth/20200521_081242/4.png]]

2020-05-21 08:13:29 - [TEST_STEP][PASSED] - (internal.GlobalVariable.i++): null

2020-05-21 08:13:29 - [MESSAGE][PASSED] - Call Test Case 'Test Cases/AHI/_include/get_screenshot' successfully

2020-05-21 08:13:29 - [TEST_STEP][PASSED] - waitForElementVisible(findTestObject("mobileSanity/STM/STM Apply Page/a_Start Secure Application"), 5): Object 'Object Repository/mobileSanity/STM/STM Apply Page/a_Start Secure Application' is visible

2020-05-21 08:13:29 - [MESSAGE][PASSED] - Object 'Object Repository/mobileSanity/STM/STM Apply Page/a_Start Secure Application' is visible

2020-05-21 08:13:29 - [TEST_STEP][PASSED] - click(findTestObject("mobileSanity/STM/STM Apply Page/a_Start Secure Application")): Object: 'Object Repository/mobileSanity/STM/STM Apply Page/a_Start Secure Application' is clicked on

2020-05-21 08:13:30 - [MESSAGE][PASSED] - Object: 'Object Repository/mobileSanity/STM/STM Apply Page/a_Start Secure Application' is clicked on

2020-05-21 08:13:30 - [TEST_STEP][PASSED] - waitForPageLoad(20): Wait for page load successfully

2020-05-21 08:13:30 - [MESSAGE][PASSED] - Wait for page load successfully

2020-05-21 08:13:30 - [TEST_STEP][PASSED] - Thread.sleep(2000): null

2020-05-21 08:13:32 - [TEST_STEP][PASSED] - callTestCase(findTestCase("AHI/_include/get_screenshot"), [:], STOP_ON_FAILURE): Call Test Case 'Test Cases/AHI/_include/get_screenshot' successfully

2020-05-21 08:13:32 - [TEST_CASE][PASSED] - Test Cases/AHI/_include/get_screenshot: Test Cases/AHI/_include/get_screenshot

2020-05-21 08:13:32 - [TEST_STEP][PASSED] - Thread.sleep(1000): null

2020-05-21 08:13:33 - [TEST_STEP][PASSED] - takeScreenshot(screenPath + i + ".png"): Taking screenshot successfully

2020-05-21 08:13:34 - [MESSAGE][PASSED] - Taking screenshot successfully
[[ATTACHMENT|D:\\Test\\AgileTest\\Reports\\PrivateLabel\\PremierSMI\\20200521_080044\\../Screenshots/iPhone 6/PremierSMI/AdvantHealth/20200521_081242/5.png]]

2020-05-21 08:13:34 - [TEST_STEP][PASSED] - (internal.GlobalVariable.i++): null

2020-05-21 08:13:34 - [MESSAGE][PASSED] - Call Test Case 'Test Cases/AHI/_include/get_screenshot' successfully

2020-05-21 08:13:34 - [MESSAGE][PASSED] - Call Test Case 'Test Cases/AHI/_include/apply_stm' successfully

2020-05-21 08:13:34 - [TEST_STEP][PASSED] - callTestCase(findTestCase("AHI/_include/goToEnd_stm_autofill"), [:], STOP_ON_FAILURE): Call Test Case 'Test Cases/AHI/_include/goToEnd_stm_autofill' successfully

2020-05-21 08:13:34 - [TEST_CASE][PASSED] - Test Cases/AHI/_include/goToEnd_stm_autofill: Test Cases/AHI/_include/goToEnd_stm_autofill

2020-05-21 08:13:34 - [TEST_STEP][PASSED] - callTestCase(findTestCase("AHI/_include/name"), [:], CONTINUE_ON_FAILURE): Call Test Case 'Test Cases/AHI/_include/name' successfully

2020-05-21 08:13:34 - [TEST_CASE][PASSED] - Test Cases/AHI/_include/name: Test Cases/AHI/_include/name

2020-05-21 08:13:34 - [TEST_STEP][PASSED] - driver = getWebDriver(): null

2020-05-21 08:13:34 - [TEST_STEP][PASSED] - selenium = new com.thoughtworks.selenium.webdriven.WebDriverBackedSelenium(driver, internal.GlobalVariable.ENV): null

2020-05-21 08:13:35 - [TEST_STEP][PASSED] - FirstName = "Test-123": null

2020-05-21 08:13:35 - [TEST_STEP][PASSED] - LastName = selenium.getEval("{var x="ABCDEFGHIJKLMNOPQRSTUVWXYZabcdefghijklmnopqrstuvwxyz"; var tmp="ZZ11-"; for (i=0;i<8;i++) tmp+=x.charAt(Math.ceil(51*Math.random()));tmp;}"): null

2020-05-21 08:13:35 - [TEST_STEP][PASSED] - Address = selenium.getEval("{var x="ABCDEFGHIJKLMNOPQRSTUVWXYZabcdefghijklmnopqrstuvwxyz"; var tmp=""; for (i=0;i<8;i++) tmp+=x.charAt(Math.ceil(51*Math.random()));tmp;}"): null

2020-05-21 08:13:35 - [TEST_STEP][PASSED] - City = selenium.getEval("{var x="ABCDEFGHIJKLMNOPQRSTUVWXYZabcdefghijklmnopqrstuvwxyz"; var tmp=""; for (i=0;i<8;i++) tmp+=x.charAt(Math.ceil(51*Math.random()));tmp;}"): null

2020-05-21 08:13:35 - [TEST_STEP][PASSED] - tel1 = selenium.getEval("{var x="123456789"; var tmp=""; for (i=0;i<3;i++) tmp+=x.charAt(Math.ceil(8*Math.random()));tmp;}"): null

2020-05-21 08:13:35 - [TEST_STEP][PASSED] - tel2 = selenium.getEval("{var x="123456789"; var tmp=""; for (i=0;i<3;i++) tmp+=x.charAt(Math.ceil(8*Math.random()));tmp;}"): null

2020-05-21 08:13:35 - [TEST_STEP][PASSED] - tel3 = selenium.getEval("{var x="123456789"; var tmp=""; for (i=0;i<4;i++) tmp+=x.charAt(Math.ceil(8*Math.random()));tmp;}"): null

2020-05-21 08:13:35 - [TEST_STEP][PASSED] - Tel = selenium.getExpression(tel1 + "-" + tel2 + "-" + tel3): null

2020-05-21 08:13:35 - [TEST_STEP][PASSED] - AutoEmail = selenium.getEval("{var x="ABCDEFGHIJKLMNOPQRSTUVWXYZabcdefghijklmnopqrstuvwxyz"; var tmp="test."; for (i=0;i<8;i++) tmp+=x.charAt(Math.ceil(51*Math.random()));tmp+="@suryani.cn";}"): null

2020-05-21 08:13:35 - [TEST_STEP][PASSED] - FirstName = FirstName: null

2020-05-21 08:13:35 - [TEST_STEP][PASSED] - LastName = LastName: null

2020-05-21 08:13:35 - [TEST_STEP][PASSED] - Address = Address: null

2020-05-21 08:13:35 - [TEST_STEP][PASSED] - City = City: null

2020-05-21 08:13:35 - [TEST_STEP][PASSED] - Tel = Tel: null

2020-05-21 08:13:35 - [TEST_STEP][PASSED] - AutoEmail = AutoEmail: null

2020-05-21 08:13:35 - [TEST_STEP][PASSED] - println(FirstName): null

2020-05-21 08:13:35 - [TEST_STEP][PASSED] - println(LastName): null

2020-05-21 08:13:35 - [TEST_STEP][PASSED] - println(Address): null

2020-05-21 08:13:35 - [TEST_STEP][PASSED] - println(City): null

2020-05-21 08:13:35 - [TEST_STEP][PASSED] - println(Tel): null

2020-05-21 08:13:35 - [TEST_STEP][PASSED] - println(AutoEmail): null

2020-05-21 08:13:35 - [MESSAGE][PASSED] - Call Test Case 'Test Cases/AHI/_include/name' successfully

2020-05-21 08:13:35 - [TEST_STEP][PASSED] - try: Call Test Case 'Test Cases/AHI/_include/get_screenshot' successfully

2020-05-21 08:13:35 - [TEST_STEP][PASSED] - if (verifyTextPresent("Month Duration Acknowledgement", false)): Call Test Case 'Test Cases/AHI/_include/get_screenshot' successfully

2020-05-21 08:13:36 - [MESSAGE][PASSED] - Text 'Month Duration Acknowledgement' is present on page 

2020-05-21 08:13:36 - [TEST_STEP][PASSED] - click(findTestObject("mobileSanity/STM/Page_App Page 1/label_By checking this box I u")): Object: 'Object Repository/mobileSanity/STM/Page_App Page 1/label_By checking this box I u' is clicked on

2020-05-21 08:13:36 - [MESSAGE][PASSED] - Object: 'Object Repository/mobileSanity/STM/Page_App Page 1/label_By checking this box I u' is clicked on

2020-05-21 08:13:36 - [TEST_STEP][PASSED] - click(findTestObject("mobileSanity/STM/Page_App Page 1/button_Continue to Application")): Object: 'Object Repository/mobileSanity/STM/Page_App Page 1/button_Continue to Application' is clicked on

2020-05-21 08:13:36 - [MESSAGE][PASSED] - Object: 'Object Repository/mobileSanity/STM/Page_App Page 1/button_Continue to Application' is clicked on

2020-05-21 08:13:36 - [TEST_STEP][PASSED] - waitForPageLoad(20): Wait for page load successfully

2020-05-21 08:13:36 - [MESSAGE][PASSED] - Wait for page load successfully

2020-05-21 08:13:36 - [TEST_STEP][PASSED] - Thread.sleep(5000): null

2020-05-21 08:13:41 - [TEST_STEP][PASSED] - callTestCase(findTestCase("AHI/_include/get_screenshot"), [:], STOP_ON_FAILURE): Call Test Case 'Test Cases/AHI/_include/get_screenshot' successfully

2020-05-21 08:13:41 - [TEST_CASE][PASSED] - Test Cases/AHI/_include/get_screenshot: Test Cases/AHI/_include/get_screenshot

2020-05-21 08:13:41 - [TEST_STEP][PASSED] - Thread.sleep(1000): null

2020-05-21 08:13:42 - [TEST_STEP][PASSED] - takeScreenshot(screenPath + i + ".png"): Taking screenshot successfully

2020-05-21 08:13:43 - [MESSAGE][PASSED] - Taking screenshot successfully
[[ATTACHMENT|D:\\Test\\AgileTest\\Reports\\PrivateLabel\\PremierSMI\\20200521_080044\\../Screenshots/iPhone 6/PremierSMI/AdvantHealth/20200521_081242/6.png]]

2020-05-21 08:13:43 - [TEST_STEP][PASSED] - (internal.GlobalVariable.i++): null

2020-05-21 08:13:43 - [MESSAGE][PASSED] - Call Test Case 'Test Cases/AHI/_include/get_screenshot' successfully

2020-05-21 08:13:43 - [TEST_STEP][PASSED] - waitForPageLoad(10): Wait for page load successfully

2020-05-21 08:13:43 - [MESSAGE][PASSED] - Wait for page load successfully

2020-05-21 08:13:43 - [TEST_STEP][PASSED] - Thread.sleep(3000): null

2020-05-21 08:13:46 - [TEST_STEP][PASSED] - waitForElementVisible(findTestObject("mobileSanity/STM/Page_App Page 1/a_Autofill App Info"), 20): Object 'Object Repository/mobileSanity/STM/Page_App Page 1/a_Autofill App Info' is visible

2020-05-21 08:13:46 - [MESSAGE][PASSED] - Object 'Object Repository/mobileSanity/STM/Page_App Page 1/a_Autofill App Info' is visible

2020-05-21 08:13:46 - [TEST_STEP][PASSED] - click(findTestObject("mobileSanity/STM/Page_App Page 1/a_Autofill App Info")): Object: 'Object Repository/mobileSanity/STM/Page_App Page 1/a_Autofill App Info' is clicked on

2020-05-21 08:13:46 - [MESSAGE][PASSED] - Object: 'Object Repository/mobileSanity/STM/Page_App Page 1/a_Autofill App Info' is clicked on

2020-05-21 08:13:46 - [TEST_STEP][PASSED] - Thread.sleep(1000): null

2020-05-21 08:13:47 - [TEST_STEP][PASSED] - click(findTestObject("mobileSanity/STM/Page_App Page 1/a_Autofill App Info")): Object: 'Object Repository/mobileSanity/STM/Page_App Page 1/a_Autofill App Info' is clicked on

2020-05-21 08:13:47 - [MESSAGE][PASSED] - Object: 'Object Repository/mobileSanity/STM/Page_App Page 1/a_Autofill App Info' is clicked on

2020-05-21 08:13:47 - [TEST_STEP][PASSED] - Thread.sleep(1000): null

2020-05-21 08:13:49 - [TEST_STEP][PASSED] - waitForElementVisible(findTestObject("mobileSanity/STM/Page_App Page 1/a_Continue"), 20): Object 'Object Repository/mobileSanity/STM/Page_App Page 1/a_Continue' is visible

2020-05-21 08:13:49 - [MESSAGE][PASSED] - Object 'Object Repository/mobileSanity/STM/Page_App Page 1/a_Continue' is visible

2020-05-21 08:13:49 - [TEST_STEP][PASSED] - click(findTestObject("mobileSanity/STM/Page_App Page 1/a_Continue")): Object: 'Object Repository/mobileSanity/STM/Page_App Page 1/a_Continue' is clicked on

2020-05-21 08:13:50 - [MESSAGE][PASSED] - Object: 'Object Repository/mobileSanity/STM/Page_App Page 1/a_Continue' is clicked on

2020-05-21 08:13:50 - [TEST_STEP][PASSED] - waitForPageLoad(20): Wait for page load successfully

2020-05-21 08:13:50 - [MESSAGE][PASSED] - Wait for page load successfully

2020-05-21 08:13:50 - [TEST_STEP][PASSED] - Thread.sleep(5000): null

2020-05-21 08:13:55 - [TEST_STEP][PASSED] - callTestCase(findTestCase("AHI/_include/get_screenshot"), [:], STOP_ON_FAILURE): Call Test Case 'Test Cases/AHI/_include/get_screenshot' successfully

2020-05-21 08:13:55 - [TEST_CASE][PASSED] - Test Cases/AHI/_include/get_screenshot: Test Cases/AHI/_include/get_screenshot

2020-05-21 08:13:55 - [TEST_STEP][PASSED] - Thread.sleep(1000): null

2020-05-21 08:13:56 - [TEST_STEP][PASSED] - takeScreenshot(screenPath + i + ".png"): Taking screenshot successfully

2020-05-21 08:13:56 - [MESSAGE][PASSED] - Taking screenshot successfully
[[ATTACHMENT|D:\\Test\\AgileTest\\Reports\\PrivateLabel\\PremierSMI\\20200521_080044\\../Screenshots/iPhone 6/PremierSMI/AdvantHealth/20200521_081242/7.png]]

2020-05-21 08:13:56 - [TEST_STEP][PASSED] - (internal.GlobalVariable.i++): null

2020-05-21 08:13:56 - [MESSAGE][PASSED] - Call Test Case 'Test Cases/AHI/_include/get_screenshot' successfully

2020-05-21 08:13:56 - [TEST_STEP][PASSED] - click(findTestObject("mobileSanity/STM/Page_App Page 2/a_Continue to Step 3 - Payment")): Object: 'Object Repository/mobileSanity/STM/Page_App Page 2/a_Continue to Step 3 - Payment' is clicked on

2020-05-21 08:13:56 - [MESSAGE][PASSED] - Object: 'Object Repository/mobileSanity/STM/Page_App Page 2/a_Continue to Step 3 - Payment' is clicked on

2020-05-21 08:13:56 - [TEST_STEP][PASSED] - waitForPageLoad(20): Wait for page load successfully

2020-05-21 08:13:56 - [MESSAGE][PASSED] - Wait for page load successfully

2020-05-21 08:13:56 - [TEST_STEP][PASSED] - waitForElementVisible(findTestObject("mobileSanity/STM/Page_App Page 3/input__credit-card-cvv"), 20): Object 'Object Repository/mobileSanity/STM/Page_App Page 3/input__credit-card-cvv' is visible

2020-05-21 08:13:57 - [MESSAGE][PASSED] - Object 'Object Repository/mobileSanity/STM/Page_App Page 3/input__credit-card-cvv' is visible

2020-05-21 08:13:57 - [TEST_STEP][PASSED] - Thread.sleep(2000): null

2020-05-21 08:13:59 - [TEST_STEP][PASSED] - callTestCase(findTestCase("AHI/_include/get_screenshot"), [:], STOP_ON_FAILURE): Call Test Case 'Test Cases/AHI/_include/get_screenshot' successfully

2020-05-21 08:13:59 - [TEST_CASE][PASSED] - Test Cases/AHI/_include/get_screenshot: Test Cases/AHI/_include/get_screenshot

2020-05-21 08:13:59 - [TEST_STEP][PASSED] - Thread.sleep(1000): null

2020-05-21 08:14:00 - [TEST_STEP][PASSED] - takeScreenshot(screenPath + i + ".png"): Taking screenshot successfully

2020-05-21 08:14:01 - [MESSAGE][PASSED] - Taking screenshot successfully
[[ATTACHMENT|D:\\Test\\AgileTest\\Reports\\PrivateLabel\\PremierSMI\\20200521_080044\\../Screenshots/iPhone 6/PremierSMI/AdvantHealth/20200521_081242/8.png]]

2020-05-21 08:14:01 - [TEST_STEP][PASSED] - (internal.GlobalVariable.i++): null

2020-05-21 08:14:01 - [MESSAGE][PASSED] - Call Test Case 'Test Cases/AHI/_include/get_screenshot' successfully

2020-05-21 08:14:01 - [TEST_STEP][PASSED] - clearText(findTestObject("mobileSanity/STM/Page_App Page 3/input__credit-card-cvv")): Text of object 'Object Repository/mobileSanity/STM/Page_App Page 3/input__credit-card-cvv' is cleared

2020-05-21 08:14:01 - [MESSAGE][PASSED] - Text of object 'Object Repository/mobileSanity/STM/Page_App Page 3/input__credit-card-cvv' is cleared

2020-05-21 08:14:01 - [TEST_STEP][PASSED] - setText(findTestObject("mobileSanity/STM/Page_App Page 3/input__credit-card-cvv"), "123"): Text '123' is set on object 'Object Repository/mobileSanity/STM/Page_App Page 3/input__credit-card-cvv'

2020-05-21 08:14:01 - [MESSAGE][PASSED] - Text '123' is set on object 'Object Repository/mobileSanity/STM/Page_App Page 3/input__credit-card-cvv'

2020-05-21 08:14:01 - [TEST_STEP][PASSED] - click(findTestObject("mobileSanity/STM/Page_App Page 3/label_I Accept Authorization f")): Object: 'Object Repository/mobileSanity/STM/Page_App Page 3/label_I Accept Authorization f' is clicked on

2020-05-21 08:14:02 - [MESSAGE][PASSED] - Object: 'Object Repository/mobileSanity/STM/Page_App Page 3/label_I Accept Authorization f' is clicked on

2020-05-21 08:14:02 - [TEST_STEP][PASSED] - click(findTestObject("mobileSanity/STM/Page_App Page 3/a_Continue to Step 4 - Review")): Object: 'Object Repository/mobileSanity/STM/Page_App Page 3/a_Continue to Step 4 - Review' is clicked on

2020-05-21 08:14:02 - [MESSAGE][PASSED] - Object: 'Object Repository/mobileSanity/STM/Page_App Page 3/a_Continue to Step 4 - Review' is clicked on

2020-05-21 08:14:02 - [TEST_STEP][PASSED] - waitForPageLoad(10): Wait for page load successfully

2020-05-21 08:14:02 - [MESSAGE][PASSED] - Wait for page load successfully

2020-05-21 08:14:02 - [TEST_STEP][PASSED] - waitForElementClickable(findTestObject("mobileSanity/STM/Page_App Page 4/label"), 10): Object 'Object Repository/mobileSanity/STM/Page_App Page 4/label' is clickable

2020-05-21 08:14:03 - [MESSAGE][PASSED] - Object 'Object Repository/mobileSanity/STM/Page_App Page 4/label' is clickable

2020-05-21 08:14:03 - [TEST_STEP][PASSED] - Thread.sleep(2000): null

2020-05-21 08:14:05 - [TEST_STEP][PASSED] - callTestCase(findTestCase("AHI/_include/get_screenshot"), [:], STOP_ON_FAILURE): Call Test Case 'Test Cases/AHI/_include/get_screenshot' successfully

2020-05-21 08:14:06 - [TEST_CASE][PASSED] - Test Cases/AHI/_include/get_screenshot: Test Cases/AHI/_include/get_screenshot

2020-05-21 08:14:06 - [TEST_STEP][PASSED] - Thread.sleep(1000): null

2020-05-21 08:14:07 - [TEST_STEP][PASSED] - takeScreenshot(screenPath + i + ".png"): Taking screenshot successfully

2020-05-21 08:14:07 - [MESSAGE][PASSED] - Taking screenshot successfully
[[ATTACHMENT|D:\\Test\\AgileTest\\Reports\\PrivateLabel\\PremierSMI\\20200521_080044\\../Screenshots/iPhone 6/PremierSMI/AdvantHealth/20200521_081242/9.png]]

2020-05-21 08:14:07 - [TEST_STEP][PASSED] - (internal.GlobalVariable.i++): null

2020-05-21 08:14:07 - [MESSAGE][PASSED] - Call Test Case 'Test Cases/AHI/_include/get_screenshot' successfully

2020-05-21 08:14:07 - [TEST_STEP][PASSED] - click(findTestObject("mobileSanity/STM/Page_App Page 4/label")): Object: 'Object Repository/mobileSanity/STM/Page_App Page 4/label' is clicked on

2020-05-21 08:14:07 - [MESSAGE][PASSED] - Object: 'Object Repository/mobileSanity/STM/Page_App Page 4/label' is clicked on

2020-05-21 08:14:07 - [TEST_STEP][PASSED] - click(findTestObject("mobileSanity/STM/Page_App Page 4/div_CLICK TO SIGN")): Object: 'Object Repository/mobileSanity/STM/Page_App Page 4/div_CLICK TO SIGN' is clicked on

2020-05-21 08:14:07 - [MESSAGE][PASSED] - Object: 'Object Repository/mobileSanity/STM/Page_App Page 4/div_CLICK TO SIGN' is clicked on

2020-05-21 08:14:07 - [TEST_STEP][PASSED] - click(findTestObject("mobileSanity/STM/Page_App Page 4/a_Submit Your Application")): Object: 'Object Repository/mobileSanity/STM/Page_App Page 4/a_Submit Your Application' is clicked on

2020-05-21 08:14:07 - [MESSAGE][PASSED] - Object: 'Object Repository/mobileSanity/STM/Page_App Page 4/a_Submit Your Application' is clicked on

2020-05-21 08:14:07 - [TEST_STEP][PASSED] - waitForElementPresent(findTestObject("mobileSanity/Common/app-confirmation"), 50): Object 'Object Repository/mobileSanity/Common/app-confirmation' is not present after 50 second(s)

2020-05-21 08:15:12 - [MESSAGE][INFO] - Unable to find the element located by 'By.xpath: //*[@id = 'app-confirmation']'. Please recheck the objects properties to make sure the desired element is located. 

2020-05-21 08:15:12 - [MESSAGE][WARNING] - Object 'Object Repository/mobileSanity/Common/app-confirmation' is not present after 50 second(s)

2020-05-21 08:15:12 - [TEST_STEP][PASSED] - callTestCase(findTestCase("AHI/_include/get_screenshot"), [:], STOP_ON_FAILURE): Call Test Case 'Test Cases/AHI/_include/get_screenshot' successfully

2020-05-21 08:15:12 - [TEST_CASE][PASSED] - Test Cases/AHI/_include/get_screenshot: Test Cases/AHI/_include/get_screenshot

2020-05-21 08:15:13 - [TEST_STEP][PASSED] - Thread.sleep(1000): null

2020-05-21 08:15:14 - [TEST_STEP][PASSED] - takeScreenshot(screenPath + i + ".png"): Taking screenshot successfully

2020-05-21 08:15:14 - [MESSAGE][PASSED] - Taking screenshot successfully
[[ATTACHMENT|D:\\Test\\AgileTest\\Reports\\PrivateLabel\\PremierSMI\\20200521_080044\\../Screenshots/iPhone 6/PremierSMI/AdvantHealth/20200521_081242/10.png]]

2020-05-21 08:15:14 - [TEST_STEP][PASSED] - (internal.GlobalVariable.i++): null

2020-05-21 08:15:14 - [MESSAGE][PASSED] - Call Test Case 'Test Cases/AHI/_include/get_screenshot' successfully

2020-05-21 08:15:14 - [MESSAGE][PASSED] - Call Test Case 'Test Cases/AHI/_include/goToEnd_stm_autofill' successfully]]></system-out>
         <system-err><![CDATA[]]></system-err>
      </testcase>
      <testcase name="Test Cases/PL Site/PremierSMI/Aspen" classname="Test Cases/PL Site/PremierSMI/Aspen" status="PASSED">
         <system-out><![CDATA[2020-05-21 08:15:14 - [TEST_CASE][PASSED] - Test Cases/PL Site/PremierSMI/Aspen: Test Cases/PL Site/PremierSMI/Aspen

2020-05-21 08:15:14 - [TEST_STEP][PASSED] - callTestCase(findTestCase("AHI/_include/get_screenPath"), ["productLine":"PremierSMI", "carrierName":"Aspen"], CONTINUE_ON_FAILURE): Call Test Case 'Test Cases/AHI/_include/get_screenPath' successfully

2020-05-21 08:15:14 - [TEST_CASE][PASSED] - Test Cases/AHI/_include/get_screenPath: Test Cases/AHI/_include/get_screenPath

2020-05-21 08:15:14 - [TEST_STEP][PASSED] - m = getExecutionProperties(): null

2020-05-21 08:15:14 - [TEST_STEP][PASSED] - deviceName = get("mobileEmulation").get("deviceName"): null

2020-05-21 08:15:14 - [TEST_STEP][PASSED] - println(deviceName): null

2020-05-21 08:15:14 - [TEST_STEP][PASSED] - now = new java.util.Date(): null

2020-05-21 08:15:14 - [TEST_STEP][PASSED] - mydate = now.format("yyyyMMdd_HHmmss"): null

2020-05-21 08:15:14 - [TEST_STEP][PASSED] - screenPath = "../Screenshots/": null

2020-05-21 08:15:14 - [TEST_STEP][PASSED] - screenPath = screenPath + deviceName + "/" + productLine + "/" + carrierName + "/" + mydate + "/": null

2020-05-21 08:15:14 - [TEST_STEP][PASSED] - println(screenPath): null

2020-05-21 08:15:14 - [MESSAGE][PASSED] - Call Test Case 'Test Cases/AHI/_include/get_screenPath' successfully

2020-05-21 08:15:14 - [TEST_STEP][PASSED] - i = 0: null

2020-05-21 08:15:14 - [TEST_STEP][PASSED] - callTestCase(findTestCase("AHI/_include/openWebSite"), ["env":"https://premiersmi--qa.storefront.mybenefitskeeper.com"], CONTINUE_ON_FAILURE): Call Test Case 'Test Cases/AHI/_include/openWebSite' successfully

2020-05-21 08:15:14 - [TEST_CASE][PASSED] - Test Cases/AHI/_include/openWebSite: Test Cases/AHI/_include/openWebSite

2020-05-21 08:15:14 - [TEST_STEP][PASSED] - openBrowser(env): Browser is opened with url: 'https://premiersmi--qa.storefront.mybenefitskeeper.com'

2020-05-21 08:15:14 - [MESSAGE][WARNING] - A browser is already opened. Closing browser and opening a new one

2020-05-21 08:15:15 - [MESSAGE][INFO] - Starting 'Chrome' driver

2020-05-21 08:15:15 - [MESSAGE][INFO] - User set preference: ['mobileEmulation', '{deviceName=iPhone 6}']

2020-05-21 08:15:15 - [MESSAGE][INFO] - User set preference: ['args', '[--incognito, --aggressive-cache-discard, --window-size=375,677, --no-sandbox, --ignore-certificate-errors]']

2020-05-21 08:15:27 - [MESSAGE][PASSED] - Browser is opened with url: 'https://premiersmi--qa.storefront.mybenefitskeeper.com'

2020-05-21 08:15:27 - [TEST_STEP][PASSED] - waitForPageLoad(20): Wait for page load successfully

2020-05-21 08:15:27 - [MESSAGE][PASSED] - Wait for page load successfully

2020-05-21 08:15:27 - [TEST_STEP][PASSED] - callTestCase(findTestCase("AHI/_include/get_screenshot"), [:], STOP_ON_FAILURE): Call Test Case 'Test Cases/AHI/_include/get_screenshot' successfully

2020-05-21 08:15:27 - [TEST_CASE][PASSED] - Test Cases/AHI/_include/get_screenshot: Test Cases/AHI/_include/get_screenshot

2020-05-21 08:15:27 - [TEST_STEP][PASSED] - Thread.sleep(1000): null

2020-05-21 08:15:28 - [TEST_STEP][PASSED] - takeScreenshot(screenPath + i + ".png"): Taking screenshot successfully

2020-05-21 08:15:28 - [MESSAGE][PASSED] - Taking screenshot successfully
[[ATTACHMENT|D:\\Test\\AgileTest\\Reports\\PrivateLabel\\PremierSMI\\20200521_080044\\../Screenshots/iPhone 6/PremierSMI/Aspen/20200521_081514/0.png]]

2020-05-21 08:15:28 - [TEST_STEP][PASSED] - (internal.GlobalVariable.i++): null

2020-05-21 08:15:28 - [MESSAGE][PASSED] - Call Test Case 'Test Cases/AHI/_include/get_screenshot' successfully

2020-05-21 08:15:28 - [MESSAGE][PASSED] - Call Test Case 'Test Cases/AHI/_include/openWebSite' successfully

2020-05-21 08:15:28 - [TEST_STEP][PASSED] - callTestCase(findTestCase("AHI/_include/census_stm"), ["zipcode":"35215"], STOP_ON_FAILURE): Call Test Case 'Test Cases/AHI/_include/census_stm' successfully

2020-05-21 08:15:29 - [TEST_CASE][PASSED] - Test Cases/AHI/_include/census_stm: Test Cases/AHI/_include/census_stm

2020-05-21 08:15:29 - [TEST_STEP][PASSED] - waitForElementClickable(findTestObject("mobileSanity/STM/Home Page/a_Quote  Save Today"), 10): Object 'Object Repository/mobileSanity/STM/Home Page/a_Quote  Save Today' is clickable

2020-05-21 08:15:29 - [MESSAGE][PASSED] - Object 'Object Repository/mobileSanity/STM/Home Page/a_Quote  Save Today' is clickable

2020-05-21 08:15:29 - [TEST_STEP][PASSED] - click(findTestObject("mobileSanity/STM/Home Page/a_Quote  Save Today")): Object: 'Object Repository/mobileSanity/STM/Home Page/a_Quote  Save Today' is clicked on

2020-05-21 08:15:29 - [MESSAGE][PASSED] - Object: 'Object Repository/mobileSanity/STM/Home Page/a_Quote  Save Today' is clicked on

2020-05-21 08:15:29 - [TEST_STEP][PASSED] - waitForElementPresent(findTestObject("mobileSanity/STM/STM Census Page/input_Location_zip-input"), 20): Object 'Object Repository/mobileSanity/STM/STM Census Page/input_Location_zip-input' is present

2020-05-21 08:15:29 - [MESSAGE][PASSED] - Object 'Object Repository/mobileSanity/STM/STM Census Page/input_Location_zip-input' is present

2020-05-21 08:15:29 - [TEST_STEP][PASSED] - callTestCase(findTestCase("AHI/_include/get_screenshot"), [:], STOP_ON_FAILURE): Call Test Case 'Test Cases/AHI/_include/get_screenshot' successfully

2020-05-21 08:15:29 - [TEST_CASE][PASSED] - Test Cases/AHI/_include/get_screenshot: Test Cases/AHI/_include/get_screenshot

2020-05-21 08:15:29 - [TEST_STEP][PASSED] - Thread.sleep(1000): null

2020-05-21 08:15:30 - [TEST_STEP][PASSED] - takeScreenshot(screenPath + i + ".png"): Taking screenshot successfully

2020-05-21 08:15:31 - [MESSAGE][PASSED] - Taking screenshot successfully
[[ATTACHMENT|D:\\Test\\AgileTest\\Reports\\PrivateLabel\\PremierSMI\\20200521_080044\\../Screenshots/iPhone 6/PremierSMI/Aspen/20200521_081514/1.png]]

2020-05-21 08:15:31 - [TEST_STEP][PASSED] - (internal.GlobalVariable.i++): null

2020-05-21 08:15:31 - [MESSAGE][PASSED] - Call Test Case 'Test Cases/AHI/_include/get_screenshot' successfully

2020-05-21 08:15:31 - [TEST_STEP][PASSED] - setText(findTestObject("mobileSanity/STM/STM Census Page/input_Location_zip-input"), zipcode): Text '35215' is set on object 'Object Repository/mobileSanity/STM/STM Census Page/input_Location_zip-input'

2020-05-21 08:15:31 - [MESSAGE][PASSED] - Text '35215' is set on object 'Object Repository/mobileSanity/STM/STM Census Page/input_Location_zip-input'

2020-05-21 08:15:31 - [TEST_STEP][PASSED] - Thread.sleep(500): null

2020-05-21 08:15:32 - [TEST_STEP][PASSED] - setText(findTestObject("mobileSanity/STM/STM Census Page/input_Date of Birth_dob-0"), "03031987"): Text '03031987' is set on object 'Object Repository/mobileSanity/STM/STM Census Page/input_Date of Birth_dob-0'

2020-05-21 08:15:32 - [MESSAGE][PASSED] - Text '03031987' is set on object 'Object Repository/mobileSanity/STM/STM Census Page/input_Date of Birth_dob-0'

2020-05-21 08:15:32 - [TEST_STEP][PASSED] - click(findTestObject("mobileSanity/STM/STM Census Page/label_Male")): Object: 'Object Repository/mobileSanity/STM/STM Census Page/label_Male' is clicked on

2020-05-21 08:15:32 - [MESSAGE][PASSED] - Object: 'Object Repository/mobileSanity/STM/STM Census Page/label_Male' is clicked on

2020-05-21 08:15:32 - [TEST_STEP][PASSED] - Thread.sleep(2000): null

2020-05-21 08:15:34 - [TEST_STEP][PASSED] - click(findTestObject("mobileSanity/STM/STM Census Page/label_Compare Plans")): Object: 'Object Repository/mobileSanity/STM/STM Census Page/label_Compare Plans' is clicked on

2020-05-21 08:15:35 - [MESSAGE][PASSED] - Object: 'Object Repository/mobileSanity/STM/STM Census Page/label_Compare Plans' is clicked on

2020-05-21 08:15:35 - [TEST_STEP][PASSED] - waitForElementVisible(findTestObject("mobileSanity/STM/STM Quote Page/button_sort"), 20): Object 'Object Repository/mobileSanity/STM/STM Quote Page/button_sort' is visible

2020-05-21 08:15:36 - [MESSAGE][PASSED] - Object 'Object Repository/mobileSanity/STM/STM Quote Page/button_sort' is visible

2020-05-21 08:15:36 - [TEST_STEP][PASSED] - Thread.sleep(3000): null

2020-05-21 08:15:39 - [TEST_STEP][PASSED] - callTestCase(findTestCase("AHI/_include/get_screenshot"), [:], STOP_ON_FAILURE): Call Test Case 'Test Cases/AHI/_include/get_screenshot' successfully

2020-05-21 08:15:39 - [TEST_CASE][PASSED] - Test Cases/AHI/_include/get_screenshot: Test Cases/AHI/_include/get_screenshot

2020-05-21 08:15:39 - [TEST_STEP][PASSED] - Thread.sleep(1000): null

2020-05-21 08:15:40 - [TEST_STEP][PASSED] - takeScreenshot(screenPath + i + ".png"): Taking screenshot successfully

2020-05-21 08:15:40 - [MESSAGE][PASSED] - Taking screenshot successfully
[[ATTACHMENT|D:\\Test\\AgileTest\\Reports\\PrivateLabel\\PremierSMI\\20200521_080044\\../Screenshots/iPhone 6/PremierSMI/Aspen/20200521_081514/2.png]]

2020-05-21 08:15:40 - [TEST_STEP][PASSED] - (internal.GlobalVariable.i++): null

2020-05-21 08:15:40 - [MESSAGE][PASSED] - Call Test Case 'Test Cases/AHI/_include/get_screenshot' successfully

2020-05-21 08:15:40 - [TEST_STEP][PASSED] - Thread.sleep(1000): null

2020-05-21 08:15:41 - [MESSAGE][PASSED] - Call Test Case 'Test Cases/AHI/_include/census_stm' successfully

2020-05-21 08:15:41 - [TEST_STEP][PASSED] - callTestCase(findTestCase("AHI/_include/goToDetail_stm"), ["carrier":"aspen"], STOP_ON_FAILURE): Call Test Case 'Test Cases/AHI/_include/goToDetail_stm' successfully

2020-05-21 08:15:41 - [TEST_CASE][PASSED] - Test Cases/AHI/_include/goToDetail_stm: Test Cases/AHI/_include/goToDetail_stm

2020-05-21 08:15:41 - [TEST_STEP][PASSED] - driver = getWebDriver(): null

2020-05-21 08:15:41 - [TEST_STEP][PASSED] - selenium = new com.thoughtworks.selenium.webdriven.WebDriverBackedSelenium(driver, internal.GlobalVariable.ENV): null

2020-05-21 08:15:41 - [TEST_STEP][PASSED] - a_plan_name = "xpath=//a[contains(@href,'/term-health-insurance/plan/" + carrier + "')]": null

2020-05-21 08:15:41 - [TEST_STEP][PASSED] - println(a_plan_name): null

2020-05-21 08:15:41 - [TEST_STEP][PASSED] - selenium.click(a_plan_name): null

2020-05-21 08:15:42 - [TEST_STEP][PASSED] - waitForPageLoad(20): Wait for page load successfully

2020-05-21 08:15:42 - [MESSAGE][PASSED] - Wait for page load successfully

2020-05-21 08:15:42 - [TEST_STEP][PASSED] - Thread.sleep(2000): null

2020-05-21 08:15:44 - [TEST_STEP][PASSED] - callTestCase(findTestCase("AHI/_include/get_screenshot"), [:], STOP_ON_FAILURE): Call Test Case 'Test Cases/AHI/_include/get_screenshot' successfully

2020-05-21 08:15:45 - [TEST_CASE][PASSED] - Test Cases/AHI/_include/get_screenshot: Test Cases/AHI/_include/get_screenshot

2020-05-21 08:15:45 - [TEST_STEP][PASSED] - Thread.sleep(1000): null

2020-05-21 08:15:46 - [TEST_STEP][PASSED] - takeScreenshot(screenPath + i + ".png"): Taking screenshot successfully

2020-05-21 08:15:46 - [MESSAGE][PASSED] - Taking screenshot successfully
[[ATTACHMENT|D:\\Test\\AgileTest\\Reports\\PrivateLabel\\PremierSMI\\20200521_080044\\../Screenshots/iPhone 6/PremierSMI/Aspen/20200521_081514/3.png]]

2020-05-21 08:15:46 - [TEST_STEP][PASSED] - (internal.GlobalVariable.i++): null

2020-05-21 08:15:46 - [MESSAGE][PASSED] - Call Test Case 'Test Cases/AHI/_include/get_screenshot' successfully

2020-05-21 08:15:46 - [MESSAGE][PASSED] - Call Test Case 'Test Cases/AHI/_include/goToDetail_stm' successfully

2020-05-21 08:15:46 - [TEST_STEP][PASSED] - callTestCase(findTestCase("AHI/_include/apply_stm"), [:], STOP_ON_FAILURE): Call Test Case 'Test Cases/AHI/_include/apply_stm' successfully

2020-05-21 08:15:46 - [TEST_CASE][PASSED] - Test Cases/AHI/_include/apply_stm: Test Cases/AHI/_include/apply_stm

2020-05-21 08:15:46 - [TEST_STEP][PASSED] - waitForElementVisible(findTestObject("mobileSanity/STM/STM PlanDetail Page/a_Apply for This Plan"), 5): Object 'Object Repository/mobileSanity/STM/STM PlanDetail Page/a_Apply for This Plan' is visible

2020-05-21 08:15:47 - [MESSAGE][PASSED] - Object 'Object Repository/mobileSanity/STM/STM PlanDetail Page/a_Apply for This Plan' is visible

2020-05-21 08:15:47 - [TEST_STEP][PASSED] - click(findTestObject("mobileSanity/STM/STM PlanDetail Page/a_Apply for This Plan")): Object: 'Object Repository/mobileSanity/STM/STM PlanDetail Page/a_Apply for This Plan' is clicked on

2020-05-21 08:15:48 - [MESSAGE][PASSED] - Object: 'Object Repository/mobileSanity/STM/STM PlanDetail Page/a_Apply for This Plan' is clicked on

2020-05-21 08:15:48 - [TEST_STEP][PASSED] - waitForPageLoad(10): Wait for page load successfully

2020-05-21 08:15:48 - [MESSAGE][PASSED] - Wait for page load successfully

2020-05-21 08:15:48 - [TEST_STEP][PASSED] - Thread.sleep(2000): null

2020-05-21 08:15:50 - [TEST_STEP][PASSED] - callTestCase(findTestCase("AHI/_include/get_screenshot"), [:], STOP_ON_FAILURE): Call Test Case 'Test Cases/AHI/_include/get_screenshot' successfully

2020-05-21 08:15:50 - [TEST_CASE][PASSED] - Test Cases/AHI/_include/get_screenshot: Test Cases/AHI/_include/get_screenshot

2020-05-21 08:15:50 - [TEST_STEP][PASSED] - Thread.sleep(1000): null

2020-05-21 08:15:51 - [TEST_STEP][PASSED] - takeScreenshot(screenPath + i + ".png"): Taking screenshot successfully

2020-05-21 08:15:51 - [MESSAGE][PASSED] - Taking screenshot successfully
[[ATTACHMENT|D:\\Test\\AgileTest\\Reports\\PrivateLabel\\PremierSMI\\20200521_080044\\../Screenshots/iPhone 6/PremierSMI/Aspen/20200521_081514/4.png]]

2020-05-21 08:15:51 - [TEST_STEP][PASSED] - (internal.GlobalVariable.i++): null

2020-05-21 08:15:51 - [MESSAGE][PASSED] - Call Test Case 'Test Cases/AHI/_include/get_screenshot' successfully

2020-05-21 08:15:51 - [TEST_STEP][PASSED] - waitForElementVisible(findTestObject("mobileSanity/STM/STM Apply Page/a_Start Secure Application"), 5): Object 'Object Repository/mobileSanity/STM/STM Apply Page/a_Start Secure Application' is visible

2020-05-21 08:15:51 - [MESSAGE][PASSED] - Object 'Object Repository/mobileSanity/STM/STM Apply Page/a_Start Secure Application' is visible

2020-05-21 08:15:51 - [TEST_STEP][PASSED] - click(findTestObject("mobileSanity/STM/STM Apply Page/a_Start Secure Application")): Object: 'Object Repository/mobileSanity/STM/STM Apply Page/a_Start Secure Application' is clicked on

2020-05-21 08:15:53 - [MESSAGE][PASSED] - Object: 'Object Repository/mobileSanity/STM/STM Apply Page/a_Start Secure Application' is clicked on

2020-05-21 08:15:53 - [TEST_STEP][PASSED] - waitForPageLoad(20): Wait for page load successfully

2020-05-21 08:15:53 - [MESSAGE][PASSED] - Wait for page load successfully

2020-05-21 08:15:53 - [TEST_STEP][PASSED] - Thread.sleep(2000): null

2020-05-21 08:15:55 - [TEST_STEP][PASSED] - callTestCase(findTestCase("AHI/_include/get_screenshot"), [:], STOP_ON_FAILURE): Call Test Case 'Test Cases/AHI/_include/get_screenshot' successfully

2020-05-21 08:15:55 - [TEST_CASE][PASSED] - Test Cases/AHI/_include/get_screenshot: Test Cases/AHI/_include/get_screenshot

2020-05-21 08:15:55 - [TEST_STEP][PASSED] - Thread.sleep(1000): null

2020-05-21 08:15:56 - [TEST_STEP][PASSED] - takeScreenshot(screenPath + i + ".png"): Taking screenshot successfully

2020-05-21 08:15:57 - [MESSAGE][PASSED] - Taking screenshot successfully
[[ATTACHMENT|D:\\Test\\AgileTest\\Reports\\PrivateLabel\\PremierSMI\\20200521_080044\\../Screenshots/iPhone 6/PremierSMI/Aspen/20200521_081514/5.png]]

2020-05-21 08:15:57 - [TEST_STEP][PASSED] - (internal.GlobalVariable.i++): null

2020-05-21 08:15:57 - [MESSAGE][PASSED] - Call Test Case 'Test Cases/AHI/_include/get_screenshot' successfully

2020-05-21 08:15:57 - [MESSAGE][PASSED] - Call Test Case 'Test Cases/AHI/_include/apply_stm' successfully

2020-05-21 08:15:57 - [TEST_STEP][PASSED] - callTestCase(findTestCase("AHI/_include/goToEnd_stm_autofill"), [:], STOP_ON_FAILURE): Call Test Case 'Test Cases/AHI/_include/goToEnd_stm_autofill' successfully

2020-05-21 08:15:57 - [TEST_CASE][PASSED] - Test Cases/AHI/_include/goToEnd_stm_autofill: Test Cases/AHI/_include/goToEnd_stm_autofill

2020-05-21 08:15:57 - [TEST_STEP][PASSED] - callTestCase(findTestCase("AHI/_include/name"), [:], CONTINUE_ON_FAILURE): Call Test Case 'Test Cases/AHI/_include/name' successfully

2020-05-21 08:15:57 - [TEST_CASE][PASSED] - Test Cases/AHI/_include/name: Test Cases/AHI/_include/name

2020-05-21 08:15:57 - [TEST_STEP][PASSED] - driver = getWebDriver(): null

2020-05-21 08:15:57 - [TEST_STEP][PASSED] - selenium = new com.thoughtworks.selenium.webdriven.WebDriverBackedSelenium(driver, internal.GlobalVariable.ENV): null

2020-05-21 08:15:57 - [TEST_STEP][PASSED] - FirstName = "Test-123": null

2020-05-21 08:15:57 - [TEST_STEP][PASSED] - LastName = selenium.getEval("{var x="ABCDEFGHIJKLMNOPQRSTUVWXYZabcdefghijklmnopqrstuvwxyz"; var tmp="ZZ11-"; for (i=0;i<8;i++) tmp+=x.charAt(Math.ceil(51*Math.random()));tmp;}"): null

2020-05-21 08:15:57 - [TEST_STEP][PASSED] - Address = selenium.getEval("{var x="ABCDEFGHIJKLMNOPQRSTUVWXYZabcdefghijklmnopqrstuvwxyz"; var tmp=""; for (i=0;i<8;i++) tmp+=x.charAt(Math.ceil(51*Math.random()));tmp;}"): null

2020-05-21 08:15:58 - [TEST_STEP][PASSED] - City = selenium.getEval("{var x="ABCDEFGHIJKLMNOPQRSTUVWXYZabcdefghijklmnopqrstuvwxyz"; var tmp=""; for (i=0;i<8;i++) tmp+=x.charAt(Math.ceil(51*Math.random()));tmp;}"): null

2020-05-21 08:15:58 - [TEST_STEP][PASSED] - tel1 = selenium.getEval("{var x="123456789"; var tmp=""; for (i=0;i<3;i++) tmp+=x.charAt(Math.ceil(8*Math.random()));tmp;}"): null

2020-05-21 08:15:58 - [TEST_STEP][PASSED] - tel2 = selenium.getEval("{var x="123456789"; var tmp=""; for (i=0;i<3;i++) tmp+=x.charAt(Math.ceil(8*Math.random()));tmp;}"): null

2020-05-21 08:15:58 - [TEST_STEP][PASSED] - tel3 = selenium.getEval("{var x="123456789"; var tmp=""; for (i=0;i<4;i++) tmp+=x.charAt(Math.ceil(8*Math.random()));tmp;}"): null

2020-05-21 08:15:58 - [TEST_STEP][PASSED] - Tel = selenium.getExpression(tel1 + "-" + tel2 + "-" + tel3): null

2020-05-21 08:15:58 - [TEST_STEP][PASSED] - AutoEmail = selenium.getEval("{var x="ABCDEFGHIJKLMNOPQRSTUVWXYZabcdefghijklmnopqrstuvwxyz"; var tmp="test."; for (i=0;i<8;i++) tmp+=x.charAt(Math.ceil(51*Math.random()));tmp+="@suryani.cn";}"): null

2020-05-21 08:15:58 - [TEST_STEP][PASSED] - FirstName = FirstName: null

2020-05-21 08:15:58 - [TEST_STEP][PASSED] - LastName = LastName: null

2020-05-21 08:15:58 - [TEST_STEP][PASSED] - Address = Address: null

2020-05-21 08:15:58 - [TEST_STEP][PASSED] - City = City: null

2020-05-21 08:15:58 - [TEST_STEP][PASSED] - Tel = Tel: null

2020-05-21 08:15:58 - [TEST_STEP][PASSED] - AutoEmail = AutoEmail: null

2020-05-21 08:15:58 - [TEST_STEP][PASSED] - println(FirstName): null

2020-05-21 08:15:58 - [TEST_STEP][PASSED] - println(LastName): null

2020-05-21 08:15:58 - [TEST_STEP][PASSED] - println(Address): null

2020-05-21 08:15:58 - [TEST_STEP][PASSED] - println(City): null

2020-05-21 08:15:58 - [TEST_STEP][PASSED] - println(Tel): null

2020-05-21 08:15:58 - [TEST_STEP][PASSED] - println(AutoEmail): null

2020-05-21 08:15:58 - [MESSAGE][PASSED] - Call Test Case 'Test Cases/AHI/_include/name' successfully

2020-05-21 08:15:58 - [TEST_STEP][PASSED] - try: Call Test Case 'Test Cases/AHI/_include/get_screenshot' successfully

2020-05-21 08:15:58 - [TEST_STEP][PASSED] - if (verifyTextPresent("Month Duration Acknowledgement", false)): Call Test Case 'Test Cases/AHI/_include/get_screenshot' successfully

2020-05-21 08:15:58 - [MESSAGE][PASSED] - Text 'Month Duration Acknowledgement' is present on page 

2020-05-21 08:15:58 - [TEST_STEP][PASSED] - click(findTestObject("mobileSanity/STM/Page_App Page 1/label_By checking this box I u")): Object: 'Object Repository/mobileSanity/STM/Page_App Page 1/label_By checking this box I u' is clicked on

2020-05-21 08:15:59 - [MESSAGE][PASSED] - Object: 'Object Repository/mobileSanity/STM/Page_App Page 1/label_By checking this box I u' is clicked on

2020-05-21 08:15:59 - [TEST_STEP][PASSED] - click(findTestObject("mobileSanity/STM/Page_App Page 1/button_Continue to Application")): Object: 'Object Repository/mobileSanity/STM/Page_App Page 1/button_Continue to Application' is clicked on

2020-05-21 08:16:00 - [MESSAGE][PASSED] - Object: 'Object Repository/mobileSanity/STM/Page_App Page 1/button_Continue to Application' is clicked on

2020-05-21 08:16:00 - [TEST_STEP][PASSED] - waitForPageLoad(20): Wait for page load successfully

2020-05-21 08:16:00 - [MESSAGE][PASSED] - Wait for page load successfully

2020-05-21 08:16:00 - [TEST_STEP][PASSED] - Thread.sleep(5000): null

2020-05-21 08:16:05 - [TEST_STEP][PASSED] - callTestCase(findTestCase("AHI/_include/get_screenshot"), [:], STOP_ON_FAILURE): Call Test Case 'Test Cases/AHI/_include/get_screenshot' successfully

2020-05-21 08:16:05 - [TEST_CASE][PASSED] - Test Cases/AHI/_include/get_screenshot: Test Cases/AHI/_include/get_screenshot

2020-05-21 08:16:05 - [TEST_STEP][PASSED] - Thread.sleep(1000): null

2020-05-21 08:16:06 - [TEST_STEP][PASSED] - takeScreenshot(screenPath + i + ".png"): Taking screenshot successfully

2020-05-21 08:16:07 - [MESSAGE][PASSED] - Taking screenshot successfully
[[ATTACHMENT|D:\\Test\\AgileTest\\Reports\\PrivateLabel\\PremierSMI\\20200521_080044\\../Screenshots/iPhone 6/PremierSMI/Aspen/20200521_081514/6.png]]

2020-05-21 08:16:07 - [TEST_STEP][PASSED] - (internal.GlobalVariable.i++): null

2020-05-21 08:16:07 - [MESSAGE][PASSED] - Call Test Case 'Test Cases/AHI/_include/get_screenshot' successfully

2020-05-21 08:16:07 - [TEST_STEP][PASSED] - waitForPageLoad(10): Wait for page load successfully

2020-05-21 08:16:07 - [MESSAGE][PASSED] - Wait for page load successfully

2020-05-21 08:16:07 - [TEST_STEP][PASSED] - Thread.sleep(3000): null

2020-05-21 08:16:10 - [TEST_STEP][PASSED] - waitForElementVisible(findTestObject("mobileSanity/STM/Page_App Page 1/a_Autofill App Info"), 20): Object 'Object Repository/mobileSanity/STM/Page_App Page 1/a_Autofill App Info' is visible

2020-05-21 08:16:10 - [MESSAGE][PASSED] - Object 'Object Repository/mobileSanity/STM/Page_App Page 1/a_Autofill App Info' is visible

2020-05-21 08:16:10 - [TEST_STEP][PASSED] - click(findTestObject("mobileSanity/STM/Page_App Page 1/a_Autofill App Info")): Object: 'Object Repository/mobileSanity/STM/Page_App Page 1/a_Autofill App Info' is clicked on

2020-05-21 08:16:10 - [MESSAGE][PASSED] - Object: 'Object Repository/mobileSanity/STM/Page_App Page 1/a_Autofill App Info' is clicked on

2020-05-21 08:16:10 - [TEST_STEP][PASSED] - Thread.sleep(1000): null

2020-05-21 08:16:11 - [TEST_STEP][PASSED] - click(findTestObject("mobileSanity/STM/Page_App Page 1/a_Autofill App Info")): Object: 'Object Repository/mobileSanity/STM/Page_App Page 1/a_Autofill App Info' is clicked on

2020-05-21 08:16:12 - [MESSAGE][PASSED] - Object: 'Object Repository/mobileSanity/STM/Page_App Page 1/a_Autofill App Info' is clicked on

2020-05-21 08:16:12 - [TEST_STEP][PASSED] - Thread.sleep(1000): null

2020-05-21 08:16:13 - [TEST_STEP][PASSED] - waitForElementVisible(findTestObject("mobileSanity/STM/Page_App Page 1/a_Continue"), 20): Object 'Object Repository/mobileSanity/STM/Page_App Page 1/a_Continue' is visible

2020-05-21 08:16:13 - [MESSAGE][PASSED] - Object 'Object Repository/mobileSanity/STM/Page_App Page 1/a_Continue' is visible

2020-05-21 08:16:13 - [TEST_STEP][PASSED] - click(findTestObject("mobileSanity/STM/Page_App Page 1/a_Continue")): Object: 'Object Repository/mobileSanity/STM/Page_App Page 1/a_Continue' is clicked on

2020-05-21 08:16:13 - [MESSAGE][PASSED] - Object: 'Object Repository/mobileSanity/STM/Page_App Page 1/a_Continue' is clicked on

2020-05-21 08:16:13 - [TEST_STEP][PASSED] - waitForPageLoad(20): Wait for page load successfully

2020-05-21 08:16:13 - [MESSAGE][PASSED] - Wait for page load successfully

2020-05-21 08:16:13 - [TEST_STEP][PASSED] - Thread.sleep(5000): null

2020-05-21 08:16:18 - [TEST_STEP][PASSED] - callTestCase(findTestCase("AHI/_include/get_screenshot"), [:], STOP_ON_FAILURE): Call Test Case 'Test Cases/AHI/_include/get_screenshot' successfully

2020-05-21 08:16:19 - [TEST_CASE][PASSED] - Test Cases/AHI/_include/get_screenshot: Test Cases/AHI/_include/get_screenshot

2020-05-21 08:16:19 - [TEST_STEP][PASSED] - Thread.sleep(1000): null

2020-05-21 08:16:20 - [TEST_STEP][PASSED] - takeScreenshot(screenPath + i + ".png"): Taking screenshot successfully

2020-05-21 08:16:20 - [MESSAGE][PASSED] - Taking screenshot successfully
[[ATTACHMENT|D:\\Test\\AgileTest\\Reports\\PrivateLabel\\PremierSMI\\20200521_080044\\../Screenshots/iPhone 6/PremierSMI/Aspen/20200521_081514/7.png]]

2020-05-21 08:16:20 - [TEST_STEP][PASSED] - (internal.GlobalVariable.i++): null

2020-05-21 08:16:20 - [MESSAGE][PASSED] - Call Test Case 'Test Cases/AHI/_include/get_screenshot' successfully

2020-05-21 08:16:20 - [TEST_STEP][PASSED] - click(findTestObject("mobileSanity/STM/Page_App Page 2/a_Continue to Step 3 - Payment")): Object: 'Object Repository/mobileSanity/STM/Page_App Page 2/a_Continue to Step 3 - Payment' is clicked on

2020-05-21 08:16:20 - [MESSAGE][PASSED] - Object: 'Object Repository/mobileSanity/STM/Page_App Page 2/a_Continue to Step 3 - Payment' is clicked on

2020-05-21 08:16:20 - [TEST_STEP][PASSED] - waitForPageLoad(20): Wait for page load successfully

2020-05-21 08:16:20 - [MESSAGE][PASSED] - Wait for page load successfully

2020-05-21 08:16:20 - [TEST_STEP][PASSED] - waitForElementVisible(findTestObject("mobileSanity/STM/Page_App Page 3/input__credit-card-cvv"), 20): Object 'Object Repository/mobileSanity/STM/Page_App Page 3/input__credit-card-cvv' is visible

2020-05-21 08:16:22 - [MESSAGE][PASSED] - Object 'Object Repository/mobileSanity/STM/Page_App Page 3/input__credit-card-cvv' is visible

2020-05-21 08:16:22 - [TEST_STEP][PASSED] - Thread.sleep(2000): null

2020-05-21 08:16:24 - [TEST_STEP][PASSED] - callTestCase(findTestCase("AHI/_include/get_screenshot"), [:], STOP_ON_FAILURE): Call Test Case 'Test Cases/AHI/_include/get_screenshot' successfully

2020-05-21 08:16:24 - [TEST_CASE][PASSED] - Test Cases/AHI/_include/get_screenshot: Test Cases/AHI/_include/get_screenshot

2020-05-21 08:16:24 - [TEST_STEP][PASSED] - Thread.sleep(1000): null

2020-05-21 08:16:25 - [TEST_STEP][PASSED] - takeScreenshot(screenPath + i + ".png"): Taking screenshot successfully

2020-05-21 08:16:26 - [MESSAGE][PASSED] - Taking screenshot successfully
[[ATTACHMENT|D:\\Test\\AgileTest\\Reports\\PrivateLabel\\PremierSMI\\20200521_080044\\../Screenshots/iPhone 6/PremierSMI/Aspen/20200521_081514/8.png]]

2020-05-21 08:16:26 - [TEST_STEP][PASSED] - (internal.GlobalVariable.i++): null

2020-05-21 08:16:26 - [MESSAGE][PASSED] - Call Test Case 'Test Cases/AHI/_include/get_screenshot' successfully

2020-05-21 08:16:26 - [TEST_STEP][PASSED] - clearText(findTestObject("mobileSanity/STM/Page_App Page 3/input__credit-card-cvv")): Text of object 'Object Repository/mobileSanity/STM/Page_App Page 3/input__credit-card-cvv' is cleared

2020-05-21 08:16:26 - [MESSAGE][PASSED] - Text of object 'Object Repository/mobileSanity/STM/Page_App Page 3/input__credit-card-cvv' is cleared

2020-05-21 08:16:26 - [TEST_STEP][PASSED] - setText(findTestObject("mobileSanity/STM/Page_App Page 3/input__credit-card-cvv"), "123"): Text '123' is set on object 'Object Repository/mobileSanity/STM/Page_App Page 3/input__credit-card-cvv'

2020-05-21 08:16:27 - [MESSAGE][PASSED] - Text '123' is set on object 'Object Repository/mobileSanity/STM/Page_App Page 3/input__credit-card-cvv'

2020-05-21 08:16:27 - [TEST_STEP][PASSED] - click(findTestObject("mobileSanity/STM/Page_App Page 3/label_I Accept Authorization f")): Object: 'Object Repository/mobileSanity/STM/Page_App Page 3/label_I Accept Authorization f' is clicked on

2020-05-21 08:16:27 - [MESSAGE][PASSED] - Object: 'Object Repository/mobileSanity/STM/Page_App Page 3/label_I Accept Authorization f' is clicked on

2020-05-21 08:16:27 - [TEST_STEP][PASSED] - click(findTestObject("mobileSanity/STM/Page_App Page 3/a_Continue to Step 4 - Review")): Object: 'Object Repository/mobileSanity/STM/Page_App Page 3/a_Continue to Step 4 - Review' is clicked on

2020-05-21 08:16:27 - [MESSAGE][PASSED] - Object: 'Object Repository/mobileSanity/STM/Page_App Page 3/a_Continue to Step 4 - Review' is clicked on

2020-05-21 08:16:27 - [TEST_STEP][PASSED] - waitForPageLoad(10): Wait for page load successfully

2020-05-21 08:16:27 - [MESSAGE][PASSED] - Wait for page load successfully

2020-05-21 08:16:27 - [TEST_STEP][PASSED] - waitForElementClickable(findTestObject("mobileSanity/STM/Page_App Page 4/label"), 10): Object 'Object Repository/mobileSanity/STM/Page_App Page 4/label' is clickable

2020-05-21 08:16:28 - [MESSAGE][PASSED] - Object 'Object Repository/mobileSanity/STM/Page_App Page 4/label' is clickable

2020-05-21 08:16:28 - [TEST_STEP][PASSED] - Thread.sleep(2000): null

2020-05-21 08:16:30 - [TEST_STEP][PASSED] - callTestCase(findTestCase("AHI/_include/get_screenshot"), [:], STOP_ON_FAILURE): Call Test Case 'Test Cases/AHI/_include/get_screenshot' successfully

2020-05-21 08:16:30 - [TEST_CASE][PASSED] - Test Cases/AHI/_include/get_screenshot: Test Cases/AHI/_include/get_screenshot

2020-05-21 08:16:30 - [TEST_STEP][PASSED] - Thread.sleep(1000): null

2020-05-21 08:16:31 - [TEST_STEP][PASSED] - takeScreenshot(screenPath + i + ".png"): Taking screenshot successfully

2020-05-21 08:16:31 - [MESSAGE][PASSED] - Taking screenshot successfully
[[ATTACHMENT|D:\\Test\\AgileTest\\Reports\\PrivateLabel\\PremierSMI\\20200521_080044\\../Screenshots/iPhone 6/PremierSMI/Aspen/20200521_081514/9.png]]

2020-05-21 08:16:31 - [TEST_STEP][PASSED] - (internal.GlobalVariable.i++): null

2020-05-21 08:16:31 - [MESSAGE][PASSED] - Call Test Case 'Test Cases/AHI/_include/get_screenshot' successfully

2020-05-21 08:16:31 - [TEST_STEP][PASSED] - click(findTestObject("mobileSanity/STM/Page_App Page 4/label")): Object: 'Object Repository/mobileSanity/STM/Page_App Page 4/label' is clicked on

2020-05-21 08:16:32 - [MESSAGE][PASSED] - Object: 'Object Repository/mobileSanity/STM/Page_App Page 4/label' is clicked on

2020-05-21 08:16:32 - [TEST_STEP][PASSED] - click(findTestObject("mobileSanity/STM/Page_App Page 4/div_CLICK TO SIGN")): Object: 'Object Repository/mobileSanity/STM/Page_App Page 4/div_CLICK TO SIGN' is clicked on

2020-05-21 08:16:32 - [MESSAGE][PASSED] - Object: 'Object Repository/mobileSanity/STM/Page_App Page 4/div_CLICK TO SIGN' is clicked on

2020-05-21 08:16:32 - [TEST_STEP][PASSED] - click(findTestObject("mobileSanity/STM/Page_App Page 4/a_Submit Your Application")): Object: 'Object Repository/mobileSanity/STM/Page_App Page 4/a_Submit Your Application' is clicked on

2020-05-21 08:16:32 - [MESSAGE][PASSED] - Object: 'Object Repository/mobileSanity/STM/Page_App Page 4/a_Submit Your Application' is clicked on

2020-05-21 08:16:32 - [TEST_STEP][PASSED] - waitForElementPresent(findTestObject("mobileSanity/Common/app-confirmation"), 50): Object 'Object Repository/mobileSanity/Common/app-confirmation' is not present after 50 second(s)

2020-05-21 08:17:31 - [MESSAGE][INFO] - Unable to find the element located by 'By.xpath: //*[@id = 'app-confirmation']'. Please recheck the objects properties to make sure the desired element is located. 

2020-05-21 08:17:31 - [MESSAGE][WARNING] - Object 'Object Repository/mobileSanity/Common/app-confirmation' is not present after 50 second(s)

2020-05-21 08:17:31 - [TEST_STEP][PASSED] - callTestCase(findTestCase("AHI/_include/get_screenshot"), [:], STOP_ON_FAILURE): Call Test Case 'Test Cases/AHI/_include/get_screenshot' successfully

2020-05-21 08:17:31 - [TEST_CASE][PASSED] - Test Cases/AHI/_include/get_screenshot: Test Cases/AHI/_include/get_screenshot

2020-05-21 08:17:31 - [TEST_STEP][PASSED] - Thread.sleep(1000): null

2020-05-21 08:17:32 - [TEST_STEP][PASSED] - takeScreenshot(screenPath + i + ".png"): Taking screenshot successfully

2020-05-21 08:17:32 - [MESSAGE][PASSED] - Taking screenshot successfully
[[ATTACHMENT|D:\\Test\\AgileTest\\Reports\\PrivateLabel\\PremierSMI\\20200521_080044\\../Screenshots/iPhone 6/PremierSMI/Aspen/20200521_081514/10.png]]

2020-05-21 08:17:32 - [TEST_STEP][PASSED] - (internal.GlobalVariable.i++): null

2020-05-21 08:17:32 - [MESSAGE][PASSED] - Call Test Case 'Test Cases/AHI/_include/get_screenshot' successfully

2020-05-21 08:17:32 - [MESSAGE][PASSED] - Call Test Case 'Test Cases/AHI/_include/goToEnd_stm_autofill' successfully]]></system-out>
         <system-err><![CDATA[]]></system-err>
      </testcase>
      <testcase name="Test Cases/PL Site/PremierSMI/Health Choice" classname="Test Cases/PL Site/PremierSMI/Health Choice" status="PASSED">
         <system-out><![CDATA[2020-05-21 08:17:32 - [TEST_CASE][PASSED] - Test Cases/PL Site/PremierSMI/Health Choice: Test Cases/PL Site/PremierSMI/Health Choice

2020-05-21 08:17:33 - [TEST_STEP][PASSED] - callTestCase(findTestCase("AHI/_include/get_screenPath"), ["productLine":"PremierSMI", "carrierName":"Health Choice"], CONTINUE_ON_FAILURE): Call Test Case 'Test Cases/AHI/_include/get_screenPath' successfully

2020-05-21 08:17:33 - [TEST_CASE][PASSED] - Test Cases/AHI/_include/get_screenPath: Test Cases/AHI/_include/get_screenPath

2020-05-21 08:17:33 - [TEST_STEP][PASSED] - m = getExecutionProperties(): null

2020-05-21 08:17:33 - [TEST_STEP][PASSED] - deviceName = get("mobileEmulation").get("deviceName"): null

2020-05-21 08:17:33 - [TEST_STEP][PASSED] - println(deviceName): null

2020-05-21 08:17:33 - [TEST_STEP][PASSED] - now = new java.util.Date(): null

2020-05-21 08:17:33 - [TEST_STEP][PASSED] - mydate = now.format("yyyyMMdd_HHmmss"): null

2020-05-21 08:17:33 - [TEST_STEP][PASSED] - screenPath = "../Screenshots/": null

2020-05-21 08:17:33 - [TEST_STEP][PASSED] - screenPath = screenPath + deviceName + "/" + productLine + "/" + carrierName + "/" + mydate + "/": null

2020-05-21 08:17:33 - [TEST_STEP][PASSED] - println(screenPath): null

2020-05-21 08:17:33 - [MESSAGE][PASSED] - Call Test Case 'Test Cases/AHI/_include/get_screenPath' successfully

2020-05-21 08:17:33 - [TEST_STEP][PASSED] - i = 0: null

2020-05-21 08:17:33 - [TEST_STEP][PASSED] - callTestCase(findTestCase("AHI/_include/openWebSite"), ["env":"https://premiersmi--qa.storefront.mybenefitskeeper.com"], STOP_ON_FAILURE): Call Test Case 'Test Cases/AHI/_include/openWebSite' successfully

2020-05-21 08:17:33 - [TEST_CASE][PASSED] - Test Cases/AHI/_include/openWebSite: Test Cases/AHI/_include/openWebSite

2020-05-21 08:17:33 - [TEST_STEP][PASSED] - openBrowser(env): Browser is opened with url: 'https://premiersmi--qa.storefront.mybenefitskeeper.com'

2020-05-21 08:17:33 - [MESSAGE][WARNING] - A browser is already opened. Closing browser and opening a new one

2020-05-21 08:17:34 - [MESSAGE][INFO] - Starting 'Chrome' driver

2020-05-21 08:17:34 - [MESSAGE][INFO] - User set preference: ['mobileEmulation', '{deviceName=iPhone 6}']

2020-05-21 08:17:34 - [MESSAGE][INFO] - User set preference: ['args', '[--incognito, --aggressive-cache-discard, --window-size=375,677, --no-sandbox, --ignore-certificate-errors]']

2020-05-21 08:17:45 - [MESSAGE][PASSED] - Browser is opened with url: 'https://premiersmi--qa.storefront.mybenefitskeeper.com'

2020-05-21 08:17:45 - [TEST_STEP][PASSED] - waitForPageLoad(20): Wait for page load successfully

2020-05-21 08:17:46 - [MESSAGE][PASSED] - Wait for page load successfully

2020-05-21 08:17:46 - [TEST_STEP][PASSED] - callTestCase(findTestCase("AHI/_include/get_screenshot"), [:], STOP_ON_FAILURE): Call Test Case 'Test Cases/AHI/_include/get_screenshot' successfully

2020-05-21 08:17:46 - [TEST_CASE][PASSED] - Test Cases/AHI/_include/get_screenshot: Test Cases/AHI/_include/get_screenshot

2020-05-21 08:17:46 - [TEST_STEP][PASSED] - Thread.sleep(1000): null

2020-05-21 08:17:47 - [TEST_STEP][PASSED] - takeScreenshot(screenPath + i + ".png"): Taking screenshot successfully

2020-05-21 08:17:47 - [MESSAGE][PASSED] - Taking screenshot successfully
[[ATTACHMENT|D:\\Test\\AgileTest\\Reports\\PrivateLabel\\PremierSMI\\20200521_080044\\../Screenshots/iPhone 6/PremierSMI/Health Choice/20200521_081733/0.png]]

2020-05-21 08:17:47 - [TEST_STEP][PASSED] - (internal.GlobalVariable.i++): null

2020-05-21 08:17:47 - [MESSAGE][PASSED] - Call Test Case 'Test Cases/AHI/_include/get_screenshot' successfully

2020-05-21 08:17:47 - [MESSAGE][PASSED] - Call Test Case 'Test Cases/AHI/_include/openWebSite' successfully

2020-05-21 08:17:47 - [TEST_STEP][PASSED] - callTestCase(findTestCase("PL Site/_include/census_hbi"), ["zipcode":"35215"], CONTINUE_ON_FAILURE): Call Test Case 'Test Cases/PL Site/_include/census_hbi' successfully

2020-05-21 08:17:47 - [TEST_CASE][PASSED] - Test Cases/PL Site/_include/census_hbi: Test Cases/PL Site/_include/census_hbi

2020-05-21 08:17:48 - [TEST_STEP][PASSED] - click(findTestObject("mobileSanity/Common/side_nav/menu")): Object: 'Object Repository/mobileSanity/Common/side_nav/menu' is clicked on

2020-05-21 08:17:48 - [MESSAGE][PASSED] - Object: 'Object Repository/mobileSanity/Common/side_nav/menu' is clicked on

2020-05-21 08:17:48 - [TEST_STEP][PASSED] - Thread.sleep(3000): null

2020-05-21 08:17:51 - [TEST_STEP][PASSED] - callTestCase(findTestCase("AHI/_include/get_screenshot"), [:], STOP_ON_FAILURE): Call Test Case 'Test Cases/AHI/_include/get_screenshot' successfully

2020-05-21 08:17:51 - [TEST_CASE][PASSED] - Test Cases/AHI/_include/get_screenshot: Test Cases/AHI/_include/get_screenshot

2020-05-21 08:17:51 - [TEST_STEP][PASSED] - Thread.sleep(1000): null

2020-05-21 08:17:52 - [TEST_STEP][PASSED] - takeScreenshot(screenPath + i + ".png"): Taking screenshot successfully

2020-05-21 08:17:53 - [MESSAGE][PASSED] - Taking screenshot successfully
[[ATTACHMENT|D:\\Test\\AgileTest\\Reports\\PrivateLabel\\PremierSMI\\20200521_080044\\../Screenshots/iPhone 6/PremierSMI/Health Choice/20200521_081733/1.png]]

2020-05-21 08:17:53 - [TEST_STEP][PASSED] - (internal.GlobalVariable.i++): null

2020-05-21 08:17:53 - [MESSAGE][PASSED] - Call Test Case 'Test Cases/AHI/_include/get_screenshot' successfully

2020-05-21 08:17:53 - [TEST_STEP][PASSED] - click(findTestObject("PLSite/pl_nav_hbi")): Object: 'Object Repository/PLSite/pl_nav_hbi' is clicked on

2020-05-21 08:17:54 - [MESSAGE][PASSED] - Object: 'Object Repository/PLSite/pl_nav_hbi' is clicked on

2020-05-21 08:17:54 - [TEST_STEP][PASSED] - waitForPageLoad(10): Wait for page load successfully

2020-05-21 08:17:54 - [MESSAGE][PASSED] - Wait for page load successfully

2020-05-21 08:17:54 - [TEST_STEP][PASSED] - Thread.sleep(3000): null

2020-05-21 08:17:57 - [TEST_STEP][PASSED] - callTestCase(findTestCase("AHI/_include/get_screenshot"), [:], STOP_ON_FAILURE): Call Test Case 'Test Cases/AHI/_include/get_screenshot' successfully

2020-05-21 08:17:57 - [TEST_CASE][PASSED] - Test Cases/AHI/_include/get_screenshot: Test Cases/AHI/_include/get_screenshot

2020-05-21 08:17:57 - [TEST_STEP][PASSED] - Thread.sleep(1000): null

2020-05-21 08:17:58 - [TEST_STEP][PASSED] - takeScreenshot(screenPath + i + ".png"): Taking screenshot successfully

2020-05-21 08:17:58 - [MESSAGE][PASSED] - Taking screenshot successfully
[[ATTACHMENT|D:\\Test\\AgileTest\\Reports\\PrivateLabel\\PremierSMI\\20200521_080044\\../Screenshots/iPhone 6/PremierSMI/Health Choice/20200521_081733/2.png]]

2020-05-21 08:17:58 - [TEST_STEP][PASSED] - (internal.GlobalVariable.i++): null

2020-05-21 08:17:58 - [MESSAGE][PASSED] - Call Test Case 'Test Cases/AHI/_include/get_screenshot' successfully

2020-05-21 08:17:58 - [TEST_STEP][PASSED] - setText(findTestObject("mobileSanity/HBI/census/input_Location_zip-input"), zipcode): Text '35215' is set on object 'Object Repository/mobileSanity/HBI/census/input_Location_zip-input'

2020-05-21 08:17:59 - [MESSAGE][PASSED] - Text '35215' is set on object 'Object Repository/mobileSanity/HBI/census/input_Location_zip-input'

2020-05-21 08:17:59 - [TEST_STEP][PASSED] - Thread.sleep(500): null

2020-05-21 08:17:59 - [TEST_STEP][PASSED] - setText(findTestObject("mobileSanity/HBI/census/input_Date of Birth_dob-0"), "12121980"): Text '12121980' is set on object 'Object Repository/mobileSanity/HBI/census/input_Date of Birth_dob-0'

2020-05-21 08:17:59 - [MESSAGE][PASSED] - Text '12121980' is set on object 'Object Repository/mobileSanity/HBI/census/input_Date of Birth_dob-0'

2020-05-21 08:17:59 - [TEST_STEP][PASSED] - click(findTestObject("mobileSanity/HBI/census/label_Male")): Object: 'Object Repository/mobileSanity/HBI/census/label_Male' is clicked on

2020-05-21 08:18:00 - [MESSAGE][PASSED] - Object: 'Object Repository/mobileSanity/HBI/census/label_Male' is clicked on

2020-05-21 08:18:00 - [TEST_STEP][PASSED] - click(findTestObject("mobileSanity/HBI/census/label_Get a Quote")): Object: 'Object Repository/mobileSanity/HBI/census/label_Get a Quote' is clicked on

2020-05-21 08:18:01 - [MESSAGE][PASSED] - Object: 'Object Repository/mobileSanity/HBI/census/label_Get a Quote' is clicked on

2020-05-21 08:18:01 - [TEST_STEP][PASSED] - waitForPageLoad(20): Wait for page load successfully

2020-05-21 08:18:01 - [MESSAGE][PASSED] - Wait for page load successfully

2020-05-21 08:18:01 - [TEST_STEP][PASSED] - Thread.sleep(3000): null

2020-05-21 08:18:04 - [TEST_STEP][PASSED] - callTestCase(findTestCase("AHI/_include/check_quoteleadform"), [:], STOP_ON_FAILURE): Call Test Case 'Test Cases/AHI/_include/check_quoteleadform' successfully

2020-05-21 08:18:04 - [TEST_CASE][PASSED] - Test Cases/AHI/_include/check_quoteleadform: Test Cases/AHI/_include/check_quoteleadform

2020-05-21 08:18:04 - [TEST_STEP][PASSED] - callTestCase(findTestCase("AHI/_include/name"), [:], CONTINUE_ON_FAILURE): Call Test Case 'Test Cases/AHI/_include/name' successfully

2020-05-21 08:18:04 - [TEST_CASE][PASSED] - Test Cases/AHI/_include/name: Test Cases/AHI/_include/name

2020-05-21 08:18:04 - [TEST_STEP][PASSED] - driver = getWebDriver(): null

2020-05-21 08:18:04 - [TEST_STEP][PASSED] - selenium = new com.thoughtworks.selenium.webdriven.WebDriverBackedSelenium(driver, internal.GlobalVariable.ENV): null

2020-05-21 08:18:04 - [TEST_STEP][PASSED] - FirstName = "Test-123": null

2020-05-21 08:18:04 - [TEST_STEP][PASSED] - LastName = selenium.getEval("{var x="ABCDEFGHIJKLMNOPQRSTUVWXYZabcdefghijklmnopqrstuvwxyz"; var tmp="ZZ11-"; for (i=0;i<8;i++) tmp+=x.charAt(Math.ceil(51*Math.random()));tmp;}"): null

2020-05-21 08:18:04 - [TEST_STEP][PASSED] - Address = selenium.getEval("{var x="ABCDEFGHIJKLMNOPQRSTUVWXYZabcdefghijklmnopqrstuvwxyz"; var tmp=""; for (i=0;i<8;i++) tmp+=x.charAt(Math.ceil(51*Math.random()));tmp;}"): null

2020-05-21 08:18:04 - [TEST_STEP][PASSED] - City = selenium.getEval("{var x="ABCDEFGHIJKLMNOPQRSTUVWXYZabcdefghijklmnopqrstuvwxyz"; var tmp=""; for (i=0;i<8;i++) tmp+=x.charAt(Math.ceil(51*Math.random()));tmp;}"): null

2020-05-21 08:18:04 - [TEST_STEP][PASSED] - tel1 = selenium.getEval("{var x="123456789"; var tmp=""; for (i=0;i<3;i++) tmp+=x.charAt(Math.ceil(8*Math.random()));tmp;}"): null

2020-05-21 08:18:04 - [TEST_STEP][PASSED] - tel2 = selenium.getEval("{var x="123456789"; var tmp=""; for (i=0;i<3;i++) tmp+=x.charAt(Math.ceil(8*Math.random()));tmp;}"): null

2020-05-21 08:18:04 - [TEST_STEP][PASSED] - tel3 = selenium.getEval("{var x="123456789"; var tmp=""; for (i=0;i<4;i++) tmp+=x.charAt(Math.ceil(8*Math.random()));tmp;}"): null

2020-05-21 08:18:04 - [TEST_STEP][PASSED] - Tel = selenium.getExpression(tel1 + "-" + tel2 + "-" + tel3): null

2020-05-21 08:18:04 - [TEST_STEP][PASSED] - AutoEmail = selenium.getEval("{var x="ABCDEFGHIJKLMNOPQRSTUVWXYZabcdefghijklmnopqrstuvwxyz"; var tmp="test."; for (i=0;i<8;i++) tmp+=x.charAt(Math.ceil(51*Math.random()));tmp+="@suryani.cn";}"): null

2020-05-21 08:18:04 - [TEST_STEP][PASSED] - FirstName = FirstName: null

2020-05-21 08:18:04 - [TEST_STEP][PASSED] - LastName = LastName: null

2020-05-21 08:18:04 - [TEST_STEP][PASSED] - Address = Address: null

2020-05-21 08:18:04 - [TEST_STEP][PASSED] - City = City: null

2020-05-21 08:18:04 - [TEST_STEP][PASSED] - Tel = Tel: null

2020-05-21 08:18:04 - [TEST_STEP][PASSED] - AutoEmail = AutoEmail: null

2020-05-21 08:18:04 - [TEST_STEP][PASSED] - println(FirstName): null

2020-05-21 08:18:04 - [TEST_STEP][PASSED] - println(LastName): null

2020-05-21 08:18:04 - [TEST_STEP][PASSED] - println(Address): null

2020-05-21 08:18:04 - [TEST_STEP][PASSED] - println(City): null

2020-05-21 08:18:04 - [TEST_STEP][PASSED] - println(Tel): null

2020-05-21 08:18:04 - [TEST_STEP][PASSED] - println(AutoEmail): null

2020-05-21 08:18:04 - [MESSAGE][PASSED] - Call Test Case 'Test Cases/AHI/_include/name' successfully

2020-05-21 08:18:04 - [TEST_STEP][PASSED] - leadform_exist = test.MobileKeywords.isElementPresent_Web(findTestObject("mobileSanity/quote lead form/lead_form"), 20): test.MobileKeywords.isElementPresent_Web is PASSED

2020-05-21 08:18:27 - [MESSAGE][INFO] - Unable to find the element located by 'By.xpath: //*[@id = 'lightboxLeadForm']'. Please recheck the objects properties to make sure the desired element is located. 

2020-05-21 08:18:27 - [MESSAGE][PASSED] - test.MobileKeywords.isElementPresent_Web is PASSED

2020-05-21 08:18:27 - [TEST_STEP][PASSED] - if (leadform_exist): null

2020-05-21 08:18:27 - [MESSAGE][PASSED] - Call Test Case 'Test Cases/AHI/_include/check_quoteleadform' successfully

2020-05-21 08:18:27 - [TEST_STEP][PASSED] - callTestCase(findTestCase("AHI/_include/get_screenshot"), [:], STOP_ON_FAILURE): Call Test Case 'Test Cases/AHI/_include/get_screenshot' successfully

2020-05-21 08:18:27 - [TEST_CASE][PASSED] - Test Cases/AHI/_include/get_screenshot: Test Cases/AHI/_include/get_screenshot

2020-05-21 08:18:27 - [TEST_STEP][PASSED] - Thread.sleep(1000): null

2020-05-21 08:18:28 - [TEST_STEP][PASSED] - takeScreenshot(screenPath + i + ".png"): Taking screenshot successfully

2020-05-21 08:18:29 - [MESSAGE][PASSED] - Taking screenshot successfully
[[ATTACHMENT|D:\\Test\\AgileTest\\Reports\\PrivateLabel\\PremierSMI\\20200521_080044\\../Screenshots/iPhone 6/PremierSMI/Health Choice/20200521_081733/3.png]]

2020-05-21 08:18:29 - [TEST_STEP][PASSED] - (internal.GlobalVariable.i++): null

2020-05-21 08:18:29 - [MESSAGE][PASSED] - Call Test Case 'Test Cases/AHI/_include/get_screenshot' successfully

2020-05-21 08:18:29 - [MESSAGE][PASSED] - Call Test Case 'Test Cases/PL Site/_include/census_hbi' successfully

2020-05-21 08:18:29 - [TEST_STEP][PASSED] - Thread.sleep(5000): null

2020-05-21 08:18:34 - [TEST_STEP][PASSED] - scrollToPosition(200, 2300): Browser is scrolled to position x = 200, y = 2300

2020-05-21 08:18:34 - [MESSAGE][PASSED] - Browser is scrolled to position x = 200, y = 2300

2020-05-21 08:18:34 - [TEST_STEP][PASSED] - click(findTestObject("mobileSanity/HBI/quote/a_Health Choice")): Object: 'Object Repository/mobileSanity/HBI/quote/a_Health Choice' is clicked on

2020-05-21 08:18:35 - [MESSAGE][PASSED] - Object: 'Object Repository/mobileSanity/HBI/quote/a_Health Choice' is clicked on

2020-05-21 08:18:35 - [TEST_STEP][PASSED] - waitForPageLoad(10): Wait for page load successfully

2020-05-21 08:18:35 - [MESSAGE][PASSED] - Wait for page load successfully

2020-05-21 08:18:35 - [TEST_STEP][PASSED] - callTestCase(findTestCase("AHI/_include/get_screenshot"), [:], STOP_ON_FAILURE): Call Test Case 'Test Cases/AHI/_include/get_screenshot' successfully

2020-05-21 08:18:35 - [TEST_CASE][PASSED] - Test Cases/AHI/_include/get_screenshot: Test Cases/AHI/_include/get_screenshot

2020-05-21 08:18:35 - [TEST_STEP][PASSED] - Thread.sleep(1000): null

2020-05-21 08:18:36 - [TEST_STEP][PASSED] - takeScreenshot(screenPath + i + ".png"): Taking screenshot successfully

2020-05-21 08:18:36 - [MESSAGE][PASSED] - Taking screenshot successfully
[[ATTACHMENT|D:\\Test\\AgileTest\\Reports\\PrivateLabel\\PremierSMI\\20200521_080044\\../Screenshots/iPhone 6/PremierSMI/Health Choice/20200521_081733/4.png]]

2020-05-21 08:18:36 - [TEST_STEP][PASSED] - (internal.GlobalVariable.i++): null

2020-05-21 08:18:36 - [MESSAGE][PASSED] - Call Test Case 'Test Cases/AHI/_include/get_screenshot' successfully

2020-05-21 08:18:36 - [TEST_STEP][PASSED] - click(findTestObject("mobileSanity/HBI/detail/a_Apply for This Plan")): Object: 'Object Repository/mobileSanity/HBI/detail/a_Apply for This Plan' is clicked on

2020-05-21 08:18:36 - [MESSAGE][PASSED] - Object: 'Object Repository/mobileSanity/HBI/detail/a_Apply for This Plan' is clicked on

2020-05-21 08:18:36 - [TEST_STEP][PASSED] - waitForPageLoad(10): Wait for page load successfully

2020-05-21 08:18:36 - [MESSAGE][PASSED] - Wait for page load successfully

2020-05-21 08:18:36 - [TEST_STEP][PASSED] - callTestCase(findTestCase("AHI/_include/get_screenshot"), [:], STOP_ON_FAILURE): Call Test Case 'Test Cases/AHI/_include/get_screenshot' successfully

2020-05-21 08:18:37 - [TEST_CASE][PASSED] - Test Cases/AHI/_include/get_screenshot: Test Cases/AHI/_include/get_screenshot

2020-05-21 08:18:37 - [TEST_STEP][PASSED] - Thread.sleep(1000): null

2020-05-21 08:18:38 - [TEST_STEP][PASSED] - takeScreenshot(screenPath + i + ".png"): Taking screenshot successfully

2020-05-21 08:18:38 - [MESSAGE][PASSED] - Taking screenshot successfully
[[ATTACHMENT|D:\\Test\\AgileTest\\Reports\\PrivateLabel\\PremierSMI\\20200521_080044\\../Screenshots/iPhone 6/PremierSMI/Health Choice/20200521_081733/5.png]]

2020-05-21 08:18:38 - [TEST_STEP][PASSED] - (internal.GlobalVariable.i++): null

2020-05-21 08:18:38 - [MESSAGE][PASSED] - Call Test Case 'Test Cases/AHI/_include/get_screenshot' successfully

2020-05-21 08:18:38 - [TEST_STEP][PASSED] - click(findTestObject("mobileSanity/HBI/Page_Apply/span_Start Secure Application")): Object: 'Object Repository/mobileSanity/HBI/Page_Apply/span_Start Secure Application' is clicked on

2020-05-21 08:18:39 - [MESSAGE][PASSED] - Object: 'Object Repository/mobileSanity/HBI/Page_Apply/span_Start Secure Application' is clicked on

2020-05-21 08:18:39 - [TEST_STEP][PASSED] - waitForPageLoad(10): Wait for page load successfully

2020-05-21 08:18:39 - [MESSAGE][PASSED] - Wait for page load successfully

2020-05-21 08:18:39 - [TEST_STEP][PASSED] - callTestCase(findTestCase("AHI/_include/get_screenshot"), [:], STOP_ON_FAILURE): Call Test Case 'Test Cases/AHI/_include/get_screenshot' successfully

2020-05-21 08:18:39 - [TEST_CASE][PASSED] - Test Cases/AHI/_include/get_screenshot: Test Cases/AHI/_include/get_screenshot

2020-05-21 08:18:39 - [TEST_STEP][PASSED] - Thread.sleep(1000): null

2020-05-21 08:18:40 - [TEST_STEP][PASSED] - takeScreenshot(screenPath + i + ".png"): Taking screenshot successfully

2020-05-21 08:18:40 - [MESSAGE][PASSED] - Taking screenshot successfully
[[ATTACHMENT|D:\\Test\\AgileTest\\Reports\\PrivateLabel\\PremierSMI\\20200521_080044\\../Screenshots/iPhone 6/PremierSMI/Health Choice/20200521_081733/6.png]]

2020-05-21 08:18:40 - [TEST_STEP][PASSED] - (internal.GlobalVariable.i++): null

2020-05-21 08:18:40 - [MESSAGE][PASSED] - Call Test Case 'Test Cases/AHI/_include/get_screenshot' successfully

2020-05-21 08:18:40 - [TEST_STEP][PASSED] - callTestCase(findTestCase("AHI/_include/goToEnd_hbi"), ["carrier":"healthchoiceplus"], CONTINUE_ON_FAILURE): Call Test Case 'Test Cases/AHI/_include/goToEnd_hbi' successfully

2020-05-21 08:18:40 - [TEST_CASE][PASSED] - Test Cases/AHI/_include/goToEnd_hbi: Test Cases/AHI/_include/goToEnd_hbi

2020-05-21 08:18:41 - [TEST_STEP][PASSED] - if (state == "ca"): null

2020-05-21 08:18:41 - [TEST_STEP][PASSED] - callTestCase(findTestCase("AHI/_include/name"), [:], CONTINUE_ON_FAILURE): Call Test Case 'Test Cases/AHI/_include/name' successfully

2020-05-21 08:18:41 - [TEST_CASE][PASSED] - Test Cases/AHI/_include/name: Test Cases/AHI/_include/name

2020-05-21 08:18:41 - [TEST_STEP][PASSED] - driver = getWebDriver(): null

2020-05-21 08:18:41 - [TEST_STEP][PASSED] - selenium = new com.thoughtworks.selenium.webdriven.WebDriverBackedSelenium(driver, internal.GlobalVariable.ENV): null

2020-05-21 08:18:41 - [TEST_STEP][PASSED] - FirstName = "Test-123": null

2020-05-21 08:18:41 - [TEST_STEP][PASSED] - LastName = selenium.getEval("{var x="ABCDEFGHIJKLMNOPQRSTUVWXYZabcdefghijklmnopqrstuvwxyz"; var tmp="ZZ11-"; for (i=0;i<8;i++) tmp+=x.charAt(Math.ceil(51*Math.random()));tmp;}"): null

2020-05-21 08:18:41 - [TEST_STEP][PASSED] - Address = selenium.getEval("{var x="ABCDEFGHIJKLMNOPQRSTUVWXYZabcdefghijklmnopqrstuvwxyz"; var tmp=""; for (i=0;i<8;i++) tmp+=x.charAt(Math.ceil(51*Math.random()));tmp;}"): null

2020-05-21 08:18:41 - [TEST_STEP][PASSED] - City = selenium.getEval("{var x="ABCDEFGHIJKLMNOPQRSTUVWXYZabcdefghijklmnopqrstuvwxyz"; var tmp=""; for (i=0;i<8;i++) tmp+=x.charAt(Math.ceil(51*Math.random()));tmp;}"): null

2020-05-21 08:18:41 - [TEST_STEP][PASSED] - tel1 = selenium.getEval("{var x="123456789"; var tmp=""; for (i=0;i<3;i++) tmp+=x.charAt(Math.ceil(8*Math.random()));tmp;}"): null

2020-05-21 08:18:41 - [TEST_STEP][PASSED] - tel2 = selenium.getEval("{var x="123456789"; var tmp=""; for (i=0;i<3;i++) tmp+=x.charAt(Math.ceil(8*Math.random()));tmp;}"): null

2020-05-21 08:18:41 - [TEST_STEP][PASSED] - tel3 = selenium.getEval("{var x="123456789"; var tmp=""; for (i=0;i<4;i++) tmp+=x.charAt(Math.ceil(8*Math.random()));tmp;}"): null

2020-05-21 08:18:41 - [TEST_STEP][PASSED] - Tel = selenium.getExpression(tel1 + "-" + tel2 + "-" + tel3): null

2020-05-21 08:18:41 - [TEST_STEP][PASSED] - AutoEmail = selenium.getEval("{var x="ABCDEFGHIJKLMNOPQRSTUVWXYZabcdefghijklmnopqrstuvwxyz"; var tmp="test."; for (i=0;i<8;i++) tmp+=x.charAt(Math.ceil(51*Math.random()));tmp+="@suryani.cn";}"): null

2020-05-21 08:18:41 - [TEST_STEP][PASSED] - FirstName = FirstName: null

2020-05-21 08:18:41 - [TEST_STEP][PASSED] - LastName = LastName: null

2020-05-21 08:18:41 - [TEST_STEP][PASSED] - Address = Address: null

2020-05-21 08:18:41 - [TEST_STEP][PASSED] - City = City: null

2020-05-21 08:18:41 - [TEST_STEP][PASSED] - Tel = Tel: null

2020-05-21 08:18:41 - [TEST_STEP][PASSED] - AutoEmail = AutoEmail: null

2020-05-21 08:18:41 - [TEST_STEP][PASSED] - println(FirstName): null

2020-05-21 08:18:41 - [TEST_STEP][PASSED] - println(LastName): null

2020-05-21 08:18:41 - [TEST_STEP][PASSED] - println(Address): null

2020-05-21 08:18:41 - [TEST_STEP][PASSED] - println(City): null

2020-05-21 08:18:41 - [TEST_STEP][PASSED] - println(Tel): null

2020-05-21 08:18:41 - [TEST_STEP][PASSED] - println(AutoEmail): null

2020-05-21 08:18:41 - [MESSAGE][PASSED] - Call Test Case 'Test Cases/AHI/_include/name' successfully

2020-05-21 08:18:41 - [TEST_STEP][PASSED] - setText(findTestObject("mobileSanity/HBI/Page_App Page 1/input__member-P-1-firstName"), FirstName): Text 'Test-123' is set on object 'Object Repository/mobileSanity/HBI/Page_App Page 1/input__member-P-1-firstName'

2020-05-21 08:18:42 - [MESSAGE][PASSED] - Text 'Test-123' is set on object 'Object Repository/mobileSanity/HBI/Page_App Page 1/input__member-P-1-firstName'

2020-05-21 08:18:42 - [TEST_STEP][PASSED] - setText(findTestObject("mobileSanity/HBI/Page_App Page 1/input__member-P-1-lastName"), LastName): Text 'ZZ11-TOiLokEy' is set on object 'Object Repository/mobileSanity/HBI/Page_App Page 1/input__member-P-1-lastName'

2020-05-21 08:18:42 - [MESSAGE][PASSED] - Text 'ZZ11-TOiLokEy' is set on object 'Object Repository/mobileSanity/HBI/Page_App Page 1/input__member-P-1-lastName'

2020-05-21 08:18:42 - [TEST_STEP][PASSED] - if (carrier == "agileone" || carrier == "agilesecure"): null

2020-05-21 08:18:42 - [TEST_STEP][PASSED] - setText(findTestObject("mobileSanity/HBI/Page_App Page 1/input__address"), Address): Text 'cLGgGqEx' is set on object 'Object Repository/mobileSanity/HBI/Page_App Page 1/input__address'

2020-05-21 08:18:43 - [MESSAGE][PASSED] - Text 'cLGgGqEx' is set on object 'Object Repository/mobileSanity/HBI/Page_App Page 1/input__address'

2020-05-21 08:18:43 - [TEST_STEP][PASSED] - setText(findTestObject("mobileSanity/HBI/Page_App Page 1/input__city"), City): Text 'OEMLfswU' is set on object 'Object Repository/mobileSanity/HBI/Page_App Page 1/input__city'

2020-05-21 08:18:44 - [MESSAGE][PASSED] - Text 'OEMLfswU' is set on object 'Object Repository/mobileSanity/HBI/Page_App Page 1/input__city'

2020-05-21 08:18:44 - [TEST_STEP][PASSED] - setText(findTestObject("mobileSanity/HBI/Page_App Page 1/input__email"), AutoEmail): Text 'test.odzcDrOS@suryani.cn' is set on object 'Object Repository/mobileSanity/HBI/Page_App Page 1/input__email'

2020-05-21 08:18:44 - [MESSAGE][PASSED] - Text 'test.odzcDrOS@suryani.cn' is set on object 'Object Repository/mobileSanity/HBI/Page_App Page 1/input__email'

2020-05-21 08:18:44 - [TEST_STEP][PASSED] - setText(findTestObject("mobileSanity/HBI/Page_App Page 1/input_tel"), Tel): Text '439-869-9949' is set on object 'Object Repository/mobileSanity/HBI/Page_App Page 1/input_tel'

2020-05-21 08:18:44 - [MESSAGE][PASSED] - Text '439-869-9949' is set on object 'Object Repository/mobileSanity/HBI/Page_App Page 1/input_tel'

2020-05-21 08:18:44 - [TEST_STEP][PASSED] - Thread.sleep(5000): null

2020-05-21 08:18:49 - [TEST_STEP][PASSED] - click(findTestObject("mobileSanity/HBI/Page_App Page 1/a_Continue to Step 2 - Payment")): Object: 'Object Repository/mobileSanity/HBI/Page_App Page 1/a_Continue to Step 2 - Payment' is clicked on

2020-05-21 08:18:50 - [MESSAGE][PASSED] - Object: 'Object Repository/mobileSanity/HBI/Page_App Page 1/a_Continue to Step 2 - Payment' is clicked on

2020-05-21 08:18:50 - [TEST_STEP][PASSED] - waitForPageLoad(20): Wait for page load successfully

2020-05-21 08:18:50 - [MESSAGE][PASSED] - Wait for page load successfully

2020-05-21 08:18:50 - [TEST_STEP][PASSED] - Thread.sleep(2000): null

2020-05-21 08:18:52 - [TEST_STEP][PASSED] - waitForElementVisible(findTestObject("mobileSanity/HBI/Page_App Page 2/input__credit-card-first"), 20): Object 'Object Repository/mobileSanity/HBI/Page_App Page 2/input__credit-card-first' is visible

2020-05-21 08:18:52 - [MESSAGE][PASSED] - Object 'Object Repository/mobileSanity/HBI/Page_App Page 2/input__credit-card-first' is visible

2020-05-21 08:18:52 - [TEST_STEP][PASSED] - callTestCase(findTestCase("AHI/_include/get_screenshot"), [:], STOP_ON_FAILURE): Call Test Case 'Test Cases/AHI/_include/get_screenshot' successfully

2020-05-21 08:18:52 - [TEST_CASE][PASSED] - Test Cases/AHI/_include/get_screenshot: Test Cases/AHI/_include/get_screenshot

2020-05-21 08:18:52 - [TEST_STEP][PASSED] - Thread.sleep(1000): null

2020-05-21 08:18:53 - [TEST_STEP][PASSED] - takeScreenshot(screenPath + i + ".png"): Taking screenshot successfully

2020-05-21 08:18:53 - [MESSAGE][PASSED] - Taking screenshot successfully
[[ATTACHMENT|D:\\Test\\AgileTest\\Reports\\PrivateLabel\\PremierSMI\\20200521_080044\\../Screenshots/iPhone 6/PremierSMI/Health Choice/20200521_081733/7.png]]

2020-05-21 08:18:53 - [TEST_STEP][PASSED] - (internal.GlobalVariable.i++): null

2020-05-21 08:18:53 - [MESSAGE][PASSED] - Call Test Case 'Test Cases/AHI/_include/get_screenshot' successfully

2020-05-21 08:18:53 - [TEST_STEP][PASSED] - setText(findTestObject("mobileSanity/HBI/Page_App Page 2/input__credit-card-first"), FirstName): Text 'Test-123' is set on object 'Object Repository/mobileSanity/HBI/Page_App Page 2/input__credit-card-first'

2020-05-21 08:18:54 - [MESSAGE][PASSED] - Text 'Test-123' is set on object 'Object Repository/mobileSanity/HBI/Page_App Page 2/input__credit-card-first'

2020-05-21 08:18:54 - [TEST_STEP][PASSED] - setText(findTestObject("mobileSanity/HBI/Page_App Page 2/input__credit-card-last"), LastName): Text 'ZZ11-TOiLokEy' is set on object 'Object Repository/mobileSanity/HBI/Page_App Page 2/input__credit-card-last'

2020-05-21 08:18:54 - [MESSAGE][PASSED] - Text 'ZZ11-TOiLokEy' is set on object 'Object Repository/mobileSanity/HBI/Page_App Page 2/input__credit-card-last'

2020-05-21 08:18:54 - [TEST_STEP][PASSED] - selectOptionByValue(findTestObject("mobileSanity/HBI/Page_App Page 2/select_MM010203040506070809101"), "12", true): All options with value '12' are selected in object 'Object Repository/mobileSanity/HBI/Page_App Page 2/select_MM010203040506070809101'  using regular expression

2020-05-21 08:18:55 - [MESSAGE][PASSED] - All options with value '12' are selected in object 'Object Repository/mobileSanity/HBI/Page_App Page 2/select_MM010203040506070809101'  using regular expression

2020-05-21 08:18:55 - [TEST_STEP][PASSED] - selectOptionByValue(findTestObject("mobileSanity/HBI/Page_App Page 2/select_YYYY2019202020212022202"), "2026", true): All options with value '2026' are selected in object 'Object Repository/mobileSanity/HBI/Page_App Page 2/select_YYYY2019202020212022202'  using regular expression

2020-05-21 08:18:56 - [MESSAGE][PASSED] - All options with value '2026' are selected in object 'Object Repository/mobileSanity/HBI/Page_App Page 2/select_YYYY2019202020212022202'  using regular expression

2020-05-21 08:18:56 - [TEST_STEP][PASSED] - setText(findTestObject("mobileSanity/HBI/Page_App Page 2/input__credit-card-number"), "4111111111111111"): Text '4111111111111111' is set on object 'Object Repository/mobileSanity/HBI/Page_App Page 2/input__credit-card-number'

2020-05-21 08:18:56 - [MESSAGE][PASSED] - Text '4111111111111111' is set on object 'Object Repository/mobileSanity/HBI/Page_App Page 2/input__credit-card-number'

2020-05-21 08:18:56 - [TEST_STEP][PASSED] - setText(findTestObject("mobileSanity/HBI/Page_App Page 2/input__cvv"), "123"): Text '123' is set on object 'Object Repository/mobileSanity/HBI/Page_App Page 2/input__cvv'

2020-05-21 08:18:57 - [MESSAGE][PASSED] - Text '123' is set on object 'Object Repository/mobileSanity/HBI/Page_App Page 2/input__cvv'

2020-05-21 08:18:57 - [TEST_STEP][PASSED] - click(findTestObject("mobileSanity/HBI/Page_App Page 2/label_My billing address is th")): Object: 'Object Repository/mobileSanity/HBI/Page_App Page 2/label_My billing address is th' is clicked on

2020-05-21 08:18:57 - [MESSAGE][PASSED] - Object: 'Object Repository/mobileSanity/HBI/Page_App Page 2/label_My billing address is th' is clicked on

2020-05-21 08:18:57 - [TEST_STEP][PASSED] - click(findTestObject("mobileSanity/HBI/Page_App Page 2/label_I Accept Authorization f")): Object: 'Object Repository/mobileSanity/HBI/Page_App Page 2/label_I Accept Authorization f' is clicked on

2020-05-21 08:18:57 - [MESSAGE][PASSED] - Object: 'Object Repository/mobileSanity/HBI/Page_App Page 2/label_I Accept Authorization f' is clicked on

2020-05-21 08:18:57 - [TEST_STEP][PASSED] - click(findTestObject("mobileSanity/HBI/Page_App Page 2/a_Continue to Step 3 - Review")): Object: 'Object Repository/mobileSanity/HBI/Page_App Page 2/a_Continue to Step 3 - Review' is clicked on

2020-05-21 08:18:57 - [MESSAGE][PASSED] - Object: 'Object Repository/mobileSanity/HBI/Page_App Page 2/a_Continue to Step 3 - Review' is clicked on

2020-05-21 08:18:57 - [TEST_STEP][PASSED] - waitForPageLoad(20): Wait for page load successfully

2020-05-21 08:18:57 - [MESSAGE][PASSED] - Wait for page load successfully

2020-05-21 08:18:57 - [TEST_STEP][PASSED] - Thread.sleep(10000): null

2020-05-21 08:19:07 - [TEST_STEP][PASSED] - waitForElementPresent(findTestObject("mobileSanity/HBI/Page_App Page 3/label"), 20): Object 'Object Repository/mobileSanity/HBI/Page_App Page 3/label' is present

2020-05-21 08:19:09 - [MESSAGE][PASSED] - Object 'Object Repository/mobileSanity/HBI/Page_App Page 3/label' is present

2020-05-21 08:19:09 - [TEST_STEP][PASSED] - callTestCase(findTestCase("AHI/_include/get_screenshot"), [:], STOP_ON_FAILURE): Call Test Case 'Test Cases/AHI/_include/get_screenshot' successfully

2020-05-21 08:19:09 - [TEST_CASE][PASSED] - Test Cases/AHI/_include/get_screenshot: Test Cases/AHI/_include/get_screenshot

2020-05-21 08:19:09 - [TEST_STEP][PASSED] - Thread.sleep(1000): null

2020-05-21 08:19:10 - [TEST_STEP][PASSED] - takeScreenshot(screenPath + i + ".png"): Taking screenshot successfully

2020-05-21 08:19:11 - [MESSAGE][PASSED] - Taking screenshot successfully
[[ATTACHMENT|D:\\Test\\AgileTest\\Reports\\PrivateLabel\\PremierSMI\\20200521_080044\\../Screenshots/iPhone 6/PremierSMI/Health Choice/20200521_081733/8.png]]

2020-05-21 08:19:11 - [TEST_STEP][PASSED] - (internal.GlobalVariable.i++): null

2020-05-21 08:19:11 - [MESSAGE][PASSED] - Call Test Case 'Test Cases/AHI/_include/get_screenshot' successfully

2020-05-21 08:19:11 - [TEST_STEP][PASSED] - click(findTestObject("mobileSanity/HBI/Page_App Page 3/label")): Object: 'Object Repository/mobileSanity/HBI/Page_App Page 3/label' is clicked on

2020-05-21 08:19:11 - [MESSAGE][PASSED] - Object: 'Object Repository/mobileSanity/HBI/Page_App Page 3/label' is clicked on

2020-05-21 08:19:11 - [TEST_STEP][PASSED] - click(findTestObject("mobileSanity/HBI/Page_App Page 3/p_CLICK TO SIGN")): Object: 'Object Repository/mobileSanity/HBI/Page_App Page 3/p_CLICK TO SIGN' is clicked on

2020-05-21 08:19:11 - [MESSAGE][PASSED] - Object: 'Object Repository/mobileSanity/HBI/Page_App Page 3/p_CLICK TO SIGN' is clicked on

2020-05-21 08:19:11 - [TEST_STEP][PASSED] - click(findTestObject("mobileSanity/HBI/Page_App Page 3/a_Submit Your Application")): Object: 'Object Repository/mobileSanity/HBI/Page_App Page 3/a_Submit Your Application' is clicked on

2020-05-21 08:19:12 - [MESSAGE][PASSED] - Object: 'Object Repository/mobileSanity/HBI/Page_App Page 3/a_Submit Your Application' is clicked on

2020-05-21 08:19:12 - [TEST_STEP][PASSED] - waitForElementPresent(findTestObject("mobileSanity/Common/app-confirmation"), 20): Object 'Object Repository/mobileSanity/Common/app-confirmation' is not present after 20 second(s)

2020-05-21 08:19:33 - [MESSAGE][INFO] - Unable to find the element located by 'By.xpath: //*[@id = 'app-confirmation']'. Please recheck the objects properties to make sure the desired element is located. 

2020-05-21 08:19:33 - [MESSAGE][WARNING] - Object 'Object Repository/mobileSanity/Common/app-confirmation' is not present after 20 second(s)

2020-05-21 08:19:33 - [TEST_STEP][PASSED] - callTestCase(findTestCase("AHI/_include/get_screenshot"), [:], STOP_ON_FAILURE): Call Test Case 'Test Cases/AHI/_include/get_screenshot' successfully

2020-05-21 08:19:33 - [TEST_CASE][PASSED] - Test Cases/AHI/_include/get_screenshot: Test Cases/AHI/_include/get_screenshot

2020-05-21 08:19:33 - [TEST_STEP][PASSED] - Thread.sleep(1000): null

2020-05-21 08:19:34 - [TEST_STEP][PASSED] - takeScreenshot(screenPath + i + ".png"): Taking screenshot successfully

2020-05-21 08:19:35 - [MESSAGE][PASSED] - Taking screenshot successfully
[[ATTACHMENT|D:\\Test\\AgileTest\\Reports\\PrivateLabel\\PremierSMI\\20200521_080044\\../Screenshots/iPhone 6/PremierSMI/Health Choice/20200521_081733/9.png]]

2020-05-21 08:19:35 - [TEST_STEP][PASSED] - (internal.GlobalVariable.i++): null

2020-05-21 08:19:35 - [MESSAGE][PASSED] - Call Test Case 'Test Cases/AHI/_include/get_screenshot' successfully

2020-05-21 08:19:35 - [MESSAGE][PASSED] - Call Test Case 'Test Cases/AHI/_include/goToEnd_hbi' successfully]]></system-out>
         <system-err><![CDATA[]]></system-err>
      </testcase>
      <testcase name="Test Cases/PL Site/PremierSMI/Legion" classname="Test Cases/PL Site/PremierSMI/Legion" status="PASSED">
         <system-out><![CDATA[2020-05-21 08:19:35 - [TEST_CASE][PASSED] - Test Cases/PL Site/PremierSMI/Legion: Test Cases/PL Site/PremierSMI/Legion

2020-05-21 08:19:35 - [TEST_STEP][PASSED] - callTestCase(findTestCase("AHI/_include/get_screenPath"), ["productLine":"PremierSMI", "carrierName":"Legion"], CONTINUE_ON_FAILURE): Call Test Case 'Test Cases/AHI/_include/get_screenPath' successfully

2020-05-21 08:19:35 - [TEST_CASE][PASSED] - Test Cases/AHI/_include/get_screenPath: Test Cases/AHI/_include/get_screenPath

2020-05-21 08:19:35 - [TEST_STEP][PASSED] - m = getExecutionProperties(): null

2020-05-21 08:19:35 - [TEST_STEP][PASSED] - deviceName = get("mobileEmulation").get("deviceName"): null

2020-05-21 08:19:35 - [TEST_STEP][PASSED] - println(deviceName): null

2020-05-21 08:19:35 - [TEST_STEP][PASSED] - now = new java.util.Date(): null

2020-05-21 08:19:35 - [TEST_STEP][PASSED] - mydate = now.format("yyyyMMdd_HHmmss"): null

2020-05-21 08:19:35 - [TEST_STEP][PASSED] - screenPath = "../Screenshots/": null

2020-05-21 08:19:35 - [TEST_STEP][PASSED] - screenPath = screenPath + deviceName + "/" + productLine + "/" + carrierName + "/" + mydate + "/": null

2020-05-21 08:19:35 - [TEST_STEP][PASSED] - println(screenPath): null

2020-05-21 08:19:35 - [MESSAGE][PASSED] - Call Test Case 'Test Cases/AHI/_include/get_screenPath' successfully

2020-05-21 08:19:35 - [TEST_STEP][PASSED] - i = 0: null

2020-05-21 08:19:35 - [TEST_STEP][PASSED] - callTestCase(findTestCase("AHI/_include/openWebSite"), ["env":"https://premiersmi--qa.storefront.mybenefitskeeper.com"], STOP_ON_FAILURE): Call Test Case 'Test Cases/AHI/_include/openWebSite' successfully

2020-05-21 08:19:35 - [TEST_CASE][PASSED] - Test Cases/AHI/_include/openWebSite: Test Cases/AHI/_include/openWebSite

2020-05-21 08:19:35 - [TEST_STEP][PASSED] - openBrowser(env): Browser is opened with url: 'https://premiersmi--qa.storefront.mybenefitskeeper.com'

2020-05-21 08:19:35 - [MESSAGE][WARNING] - A browser is already opened. Closing browser and opening a new one

2020-05-21 08:19:36 - [MESSAGE][INFO] - Starting 'Chrome' driver

2020-05-21 08:19:36 - [MESSAGE][INFO] - User set preference: ['mobileEmulation', '{deviceName=iPhone 6}']

2020-05-21 08:19:36 - [MESSAGE][INFO] - User set preference: ['args', '[--incognito, --aggressive-cache-discard, --window-size=375,677, --no-sandbox, --ignore-certificate-errors]']

2020-05-21 08:19:47 - [MESSAGE][PASSED] - Browser is opened with url: 'https://premiersmi--qa.storefront.mybenefitskeeper.com'

2020-05-21 08:19:47 - [TEST_STEP][PASSED] - waitForPageLoad(20): Wait for page load successfully

2020-05-21 08:19:47 - [MESSAGE][PASSED] - Wait for page load successfully

2020-05-21 08:19:47 - [TEST_STEP][PASSED] - callTestCase(findTestCase("AHI/_include/get_screenshot"), [:], STOP_ON_FAILURE): Call Test Case 'Test Cases/AHI/_include/get_screenshot' successfully

2020-05-21 08:19:47 - [TEST_CASE][PASSED] - Test Cases/AHI/_include/get_screenshot: Test Cases/AHI/_include/get_screenshot

2020-05-21 08:19:47 - [TEST_STEP][PASSED] - Thread.sleep(1000): null

2020-05-21 08:19:48 - [TEST_STEP][PASSED] - takeScreenshot(screenPath + i + ".png"): Taking screenshot successfully

2020-05-21 08:19:49 - [MESSAGE][PASSED] - Taking screenshot successfully
[[ATTACHMENT|D:\\Test\\AgileTest\\Reports\\PrivateLabel\\PremierSMI\\20200521_080044\\../Screenshots/iPhone 6/PremierSMI/Legion/20200521_081935/0.png]]

2020-05-21 08:19:49 - [TEST_STEP][PASSED] - (internal.GlobalVariable.i++): null

2020-05-21 08:19:49 - [MESSAGE][PASSED] - Call Test Case 'Test Cases/AHI/_include/get_screenshot' successfully

2020-05-21 08:19:49 - [MESSAGE][PASSED] - Call Test Case 'Test Cases/AHI/_include/openWebSite' successfully

2020-05-21 08:19:49 - [TEST_STEP][PASSED] - callTestCase(findTestCase("PL Site/_include/census_hbi"), ["zipcode":"35215"], CONTINUE_ON_FAILURE): Call Test Case 'Test Cases/PL Site/_include/census_hbi' successfully

2020-05-21 08:19:49 - [TEST_CASE][PASSED] - Test Cases/PL Site/_include/census_hbi: Test Cases/PL Site/_include/census_hbi

2020-05-21 08:19:49 - [TEST_STEP][PASSED] - click(findTestObject("mobileSanity/Common/side_nav/menu")): Object: 'Object Repository/mobileSanity/Common/side_nav/menu' is clicked on

2020-05-21 08:19:49 - [MESSAGE][PASSED] - Object: 'Object Repository/mobileSanity/Common/side_nav/menu' is clicked on

2020-05-21 08:19:49 - [TEST_STEP][PASSED] - Thread.sleep(3000): null

2020-05-21 08:19:52 - [TEST_STEP][PASSED] - callTestCase(findTestCase("AHI/_include/get_screenshot"), [:], STOP_ON_FAILURE): Call Test Case 'Test Cases/AHI/_include/get_screenshot' successfully

2020-05-21 08:19:52 - [TEST_CASE][PASSED] - Test Cases/AHI/_include/get_screenshot: Test Cases/AHI/_include/get_screenshot

2020-05-21 08:19:52 - [TEST_STEP][PASSED] - Thread.sleep(1000): null

2020-05-21 08:19:53 - [TEST_STEP][PASSED] - takeScreenshot(screenPath + i + ".png"): Taking screenshot successfully

2020-05-21 08:19:53 - [MESSAGE][PASSED] - Taking screenshot successfully
[[ATTACHMENT|D:\\Test\\AgileTest\\Reports\\PrivateLabel\\PremierSMI\\20200521_080044\\../Screenshots/iPhone 6/PremierSMI/Legion/20200521_081935/1.png]]

2020-05-21 08:19:53 - [TEST_STEP][PASSED] - (internal.GlobalVariable.i++): null

2020-05-21 08:19:53 - [MESSAGE][PASSED] - Call Test Case 'Test Cases/AHI/_include/get_screenshot' successfully

2020-05-21 08:19:53 - [TEST_STEP][PASSED] - click(findTestObject("PLSite/pl_nav_hbi")): Object: 'Object Repository/PLSite/pl_nav_hbi' is clicked on

2020-05-21 08:19:54 - [MESSAGE][PASSED] - Object: 'Object Repository/PLSite/pl_nav_hbi' is clicked on

2020-05-21 08:19:54 - [TEST_STEP][PASSED] - waitForPageLoad(10): Wait for page load successfully

2020-05-21 08:19:54 - [MESSAGE][PASSED] - Wait for page load successfully

2020-05-21 08:19:54 - [TEST_STEP][PASSED] - Thread.sleep(3000): null

2020-05-21 08:19:57 - [TEST_STEP][PASSED] - callTestCase(findTestCase("AHI/_include/get_screenshot"), [:], STOP_ON_FAILURE): Call Test Case 'Test Cases/AHI/_include/get_screenshot' successfully

2020-05-21 08:19:57 - [TEST_CASE][PASSED] - Test Cases/AHI/_include/get_screenshot: Test Cases/AHI/_include/get_screenshot

2020-05-21 08:19:57 - [TEST_STEP][PASSED] - Thread.sleep(1000): null

2020-05-21 08:19:58 - [TEST_STEP][PASSED] - takeScreenshot(screenPath + i + ".png"): Taking screenshot successfully

2020-05-21 08:19:59 - [MESSAGE][PASSED] - Taking screenshot successfully
[[ATTACHMENT|D:\\Test\\AgileTest\\Reports\\PrivateLabel\\PremierSMI\\20200521_080044\\../Screenshots/iPhone 6/PremierSMI/Legion/20200521_081935/2.png]]

2020-05-21 08:19:59 - [TEST_STEP][PASSED] - (internal.GlobalVariable.i++): null

2020-05-21 08:19:59 - [MESSAGE][PASSED] - Call Test Case 'Test Cases/AHI/_include/get_screenshot' successfully

2020-05-21 08:19:59 - [TEST_STEP][PASSED] - setText(findTestObject("mobileSanity/HBI/census/input_Location_zip-input"), zipcode): Text '35215' is set on object 'Object Repository/mobileSanity/HBI/census/input_Location_zip-input'

2020-05-21 08:19:59 - [MESSAGE][PASSED] - Text '35215' is set on object 'Object Repository/mobileSanity/HBI/census/input_Location_zip-input'

2020-05-21 08:19:59 - [TEST_STEP][PASSED] - Thread.sleep(500): null

2020-05-21 08:20:00 - [TEST_STEP][PASSED] - setText(findTestObject("mobileSanity/HBI/census/input_Date of Birth_dob-0"), "12121980"): Text '12121980' is set on object 'Object Repository/mobileSanity/HBI/census/input_Date of Birth_dob-0'

2020-05-21 08:20:00 - [MESSAGE][PASSED] - Text '12121980' is set on object 'Object Repository/mobileSanity/HBI/census/input_Date of Birth_dob-0'

2020-05-21 08:20:00 - [TEST_STEP][PASSED] - click(findTestObject("mobileSanity/HBI/census/label_Male")): Object: 'Object Repository/mobileSanity/HBI/census/label_Male' is clicked on

2020-05-21 08:20:00 - [MESSAGE][PASSED] - Object: 'Object Repository/mobileSanity/HBI/census/label_Male' is clicked on

2020-05-21 08:20:00 - [TEST_STEP][PASSED] - click(findTestObject("mobileSanity/HBI/census/label_Get a Quote")): Object: 'Object Repository/mobileSanity/HBI/census/label_Get a Quote' is clicked on

2020-05-21 08:20:01 - [MESSAGE][PASSED] - Object: 'Object Repository/mobileSanity/HBI/census/label_Get a Quote' is clicked on

2020-05-21 08:20:01 - [TEST_STEP][PASSED] - waitForPageLoad(20): Wait for page load successfully

2020-05-21 08:20:01 - [MESSAGE][PASSED] - Wait for page load successfully

2020-05-21 08:20:01 - [TEST_STEP][PASSED] - Thread.sleep(3000): null

2020-05-21 08:20:04 - [TEST_STEP][PASSED] - callTestCase(findTestCase("AHI/_include/check_quoteleadform"), [:], STOP_ON_FAILURE): Call Test Case 'Test Cases/AHI/_include/check_quoteleadform' successfully

2020-05-21 08:20:04 - [TEST_CASE][PASSED] - Test Cases/AHI/_include/check_quoteleadform: Test Cases/AHI/_include/check_quoteleadform

2020-05-21 08:20:04 - [TEST_STEP][PASSED] - callTestCase(findTestCase("AHI/_include/name"), [:], CONTINUE_ON_FAILURE): Call Test Case 'Test Cases/AHI/_include/name' successfully

2020-05-21 08:20:04 - [TEST_CASE][PASSED] - Test Cases/AHI/_include/name: Test Cases/AHI/_include/name

2020-05-21 08:20:04 - [TEST_STEP][PASSED] - driver = getWebDriver(): null

2020-05-21 08:20:04 - [TEST_STEP][PASSED] - selenium = new com.thoughtworks.selenium.webdriven.WebDriverBackedSelenium(driver, internal.GlobalVariable.ENV): null

2020-05-21 08:20:04 - [TEST_STEP][PASSED] - FirstName = "Test-123": null

2020-05-21 08:20:04 - [TEST_STEP][PASSED] - LastName = selenium.getEval("{var x="ABCDEFGHIJKLMNOPQRSTUVWXYZabcdefghijklmnopqrstuvwxyz"; var tmp="ZZ11-"; for (i=0;i<8;i++) tmp+=x.charAt(Math.ceil(51*Math.random()));tmp;}"): null

2020-05-21 08:20:04 - [TEST_STEP][PASSED] - Address = selenium.getEval("{var x="ABCDEFGHIJKLMNOPQRSTUVWXYZabcdefghijklmnopqrstuvwxyz"; var tmp=""; for (i=0;i<8;i++) tmp+=x.charAt(Math.ceil(51*Math.random()));tmp;}"): null

2020-05-21 08:20:04 - [TEST_STEP][PASSED] - City = selenium.getEval("{var x="ABCDEFGHIJKLMNOPQRSTUVWXYZabcdefghijklmnopqrstuvwxyz"; var tmp=""; for (i=0;i<8;i++) tmp+=x.charAt(Math.ceil(51*Math.random()));tmp;}"): null

2020-05-21 08:20:04 - [TEST_STEP][PASSED] - tel1 = selenium.getEval("{var x="123456789"; var tmp=""; for (i=0;i<3;i++) tmp+=x.charAt(Math.ceil(8*Math.random()));tmp;}"): null

2020-05-21 08:20:04 - [TEST_STEP][PASSED] - tel2 = selenium.getEval("{var x="123456789"; var tmp=""; for (i=0;i<3;i++) tmp+=x.charAt(Math.ceil(8*Math.random()));tmp;}"): null

2020-05-21 08:20:04 - [TEST_STEP][PASSED] - tel3 = selenium.getEval("{var x="123456789"; var tmp=""; for (i=0;i<4;i++) tmp+=x.charAt(Math.ceil(8*Math.random()));tmp;}"): null

2020-05-21 08:20:04 - [TEST_STEP][PASSED] - Tel = selenium.getExpression(tel1 + "-" + tel2 + "-" + tel3): null

2020-05-21 08:20:04 - [TEST_STEP][PASSED] - AutoEmail = selenium.getEval("{var x="ABCDEFGHIJKLMNOPQRSTUVWXYZabcdefghijklmnopqrstuvwxyz"; var tmp="test."; for (i=0;i<8;i++) tmp+=x.charAt(Math.ceil(51*Math.random()));tmp+="@suryani.cn";}"): null

2020-05-21 08:20:04 - [TEST_STEP][PASSED] - FirstName = FirstName: null

2020-05-21 08:20:04 - [TEST_STEP][PASSED] - LastName = LastName: null

2020-05-21 08:20:04 - [TEST_STEP][PASSED] - Address = Address: null

2020-05-21 08:20:04 - [TEST_STEP][PASSED] - City = City: null

2020-05-21 08:20:04 - [TEST_STEP][PASSED] - Tel = Tel: null

2020-05-21 08:20:04 - [TEST_STEP][PASSED] - AutoEmail = AutoEmail: null

2020-05-21 08:20:04 - [TEST_STEP][PASSED] - println(FirstName): null

2020-05-21 08:20:04 - [TEST_STEP][PASSED] - println(LastName): null

2020-05-21 08:20:04 - [TEST_STEP][PASSED] - println(Address): null

2020-05-21 08:20:04 - [TEST_STEP][PASSED] - println(City): null

2020-05-21 08:20:04 - [TEST_STEP][PASSED] - println(Tel): null

2020-05-21 08:20:04 - [TEST_STEP][PASSED] - println(AutoEmail): null

2020-05-21 08:20:04 - [MESSAGE][PASSED] - Call Test Case 'Test Cases/AHI/_include/name' successfully

2020-05-21 08:20:04 - [TEST_STEP][PASSED] - leadform_exist = test.MobileKeywords.isElementPresent_Web(findTestObject("mobileSanity/quote lead form/lead_form"), 20): test.MobileKeywords.isElementPresent_Web is PASSED

2020-05-21 08:20:26 - [MESSAGE][INFO] - Unable to find the element located by 'By.xpath: //*[@id = 'lightboxLeadForm']'. Please recheck the objects properties to make sure the desired element is located. 

2020-05-21 08:20:26 - [MESSAGE][PASSED] - test.MobileKeywords.isElementPresent_Web is PASSED

2020-05-21 08:20:26 - [TEST_STEP][PASSED] - if (leadform_exist): null

2020-05-21 08:20:26 - [MESSAGE][PASSED] - Call Test Case 'Test Cases/AHI/_include/check_quoteleadform' successfully

2020-05-21 08:20:26 - [TEST_STEP][PASSED] - callTestCase(findTestCase("AHI/_include/get_screenshot"), [:], STOP_ON_FAILURE): Call Test Case 'Test Cases/AHI/_include/get_screenshot' successfully

2020-05-21 08:20:26 - [TEST_CASE][PASSED] - Test Cases/AHI/_include/get_screenshot: Test Cases/AHI/_include/get_screenshot

2020-05-21 08:20:26 - [TEST_STEP][PASSED] - Thread.sleep(1000): null

2020-05-21 08:20:27 - [TEST_STEP][PASSED] - takeScreenshot(screenPath + i + ".png"): Taking screenshot successfully

2020-05-21 08:20:27 - [MESSAGE][PASSED] - Taking screenshot successfully
[[ATTACHMENT|D:\\Test\\AgileTest\\Reports\\PrivateLabel\\PremierSMI\\20200521_080044\\../Screenshots/iPhone 6/PremierSMI/Legion/20200521_081935/3.png]]

2020-05-21 08:20:27 - [TEST_STEP][PASSED] - (internal.GlobalVariable.i++): null

2020-05-21 08:20:27 - [MESSAGE][PASSED] - Call Test Case 'Test Cases/AHI/_include/get_screenshot' successfully

2020-05-21 08:20:27 - [MESSAGE][PASSED] - Call Test Case 'Test Cases/PL Site/_include/census_hbi' successfully

2020-05-21 08:20:27 - [TEST_STEP][PASSED] - Thread.sleep(5000): null

2020-05-21 08:20:32 - [TEST_STEP][PASSED] - scrollToPosition(200, 2300): Browser is scrolled to position x = 200, y = 2300

2020-05-21 08:20:32 - [MESSAGE][PASSED] - Browser is scrolled to position x = 200, y = 2300

2020-05-21 08:20:32 - [TEST_STEP][PASSED] - click(findTestObject("mobileSanity/HBI/quote/a_Legion Limited Medical 500")): Object: 'Object Repository/mobileSanity/HBI/quote/a_Legion Limited Medical 500' is clicked on

2020-05-21 08:20:33 - [MESSAGE][PASSED] - Object: 'Object Repository/mobileSanity/HBI/quote/a_Legion Limited Medical 500' is clicked on

2020-05-21 08:20:33 - [TEST_STEP][PASSED] - waitForPageLoad(10): Wait for page load successfully

2020-05-21 08:20:33 - [MESSAGE][PASSED] - Wait for page load successfully

2020-05-21 08:20:33 - [TEST_STEP][PASSED] - callTestCase(findTestCase("AHI/_include/get_screenshot"), [:], STOP_ON_FAILURE): Call Test Case 'Test Cases/AHI/_include/get_screenshot' successfully

2020-05-21 08:20:33 - [TEST_CASE][PASSED] - Test Cases/AHI/_include/get_screenshot: Test Cases/AHI/_include/get_screenshot

2020-05-21 08:20:33 - [TEST_STEP][PASSED] - Thread.sleep(1000): null

2020-05-21 08:20:34 - [TEST_STEP][PASSED] - takeScreenshot(screenPath + i + ".png"): Taking screenshot successfully

2020-05-21 08:20:35 - [MESSAGE][PASSED] - Taking screenshot successfully
[[ATTACHMENT|D:\\Test\\AgileTest\\Reports\\PrivateLabel\\PremierSMI\\20200521_080044\\../Screenshots/iPhone 6/PremierSMI/Legion/20200521_081935/4.png]]

2020-05-21 08:20:35 - [TEST_STEP][PASSED] - (internal.GlobalVariable.i++): null

2020-05-21 08:20:35 - [MESSAGE][PASSED] - Call Test Case 'Test Cases/AHI/_include/get_screenshot' successfully

2020-05-21 08:20:35 - [TEST_STEP][PASSED] - click(findTestObject("mobileSanity/HBI/detail/a_Apply for This Plan")): Object: 'Object Repository/mobileSanity/HBI/detail/a_Apply for This Plan' is clicked on

2020-05-21 08:20:35 - [MESSAGE][PASSED] - Object: 'Object Repository/mobileSanity/HBI/detail/a_Apply for This Plan' is clicked on

2020-05-21 08:20:35 - [TEST_STEP][PASSED] - waitForPageLoad(10): Wait for page load successfully

2020-05-21 08:20:35 - [MESSAGE][PASSED] - Wait for page load successfully

2020-05-21 08:20:35 - [TEST_STEP][PASSED] - callTestCase(findTestCase("AHI/_include/get_screenshot"), [:], STOP_ON_FAILURE): Call Test Case 'Test Cases/AHI/_include/get_screenshot' successfully

2020-05-21 08:20:35 - [TEST_CASE][PASSED] - Test Cases/AHI/_include/get_screenshot: Test Cases/AHI/_include/get_screenshot

2020-05-21 08:20:35 - [TEST_STEP][PASSED] - Thread.sleep(1000): null

2020-05-21 08:20:36 - [TEST_STEP][PASSED] - takeScreenshot(screenPath + i + ".png"): Taking screenshot successfully

2020-05-21 08:20:37 - [MESSAGE][PASSED] - Taking screenshot successfully
[[ATTACHMENT|D:\\Test\\AgileTest\\Reports\\PrivateLabel\\PremierSMI\\20200521_080044\\../Screenshots/iPhone 6/PremierSMI/Legion/20200521_081935/5.png]]

2020-05-21 08:20:37 - [TEST_STEP][PASSED] - (internal.GlobalVariable.i++): null

2020-05-21 08:20:37 - [MESSAGE][PASSED] - Call Test Case 'Test Cases/AHI/_include/get_screenshot' successfully

2020-05-21 08:20:37 - [TEST_STEP][PASSED] - click(findTestObject("mobileSanity/HBI/Page_Apply/span_Start Secure Application")): Object: 'Object Repository/mobileSanity/HBI/Page_Apply/span_Start Secure Application' is clicked on

2020-05-21 08:20:38 - [MESSAGE][PASSED] - Object: 'Object Repository/mobileSanity/HBI/Page_Apply/span_Start Secure Application' is clicked on

2020-05-21 08:20:38 - [TEST_STEP][PASSED] - waitForPageLoad(10): Wait for page load successfully

2020-05-21 08:20:38 - [MESSAGE][PASSED] - Wait for page load successfully

2020-05-21 08:20:38 - [TEST_STEP][PASSED] - callTestCase(findTestCase("AHI/_include/get_screenshot"), [:], STOP_ON_FAILURE): Call Test Case 'Test Cases/AHI/_include/get_screenshot' successfully

2020-05-21 08:20:38 - [TEST_CASE][PASSED] - Test Cases/AHI/_include/get_screenshot: Test Cases/AHI/_include/get_screenshot

2020-05-21 08:20:38 - [TEST_STEP][PASSED] - Thread.sleep(1000): null

2020-05-21 08:20:39 - [TEST_STEP][PASSED] - takeScreenshot(screenPath + i + ".png"): Taking screenshot successfully

2020-05-21 08:20:40 - [MESSAGE][PASSED] - Taking screenshot successfully
[[ATTACHMENT|D:\\Test\\AgileTest\\Reports\\PrivateLabel\\PremierSMI\\20200521_080044\\../Screenshots/iPhone 6/PremierSMI/Legion/20200521_081935/6.png]]

2020-05-21 08:20:40 - [TEST_STEP][PASSED] - (internal.GlobalVariable.i++): null

2020-05-21 08:20:40 - [MESSAGE][PASSED] - Call Test Case 'Test Cases/AHI/_include/get_screenshot' successfully

2020-05-21 08:20:40 - [TEST_STEP][PASSED] - callTestCase(findTestCase("AHI/_include/goToEnd_hbi"), ["carrier":"legion"], CONTINUE_ON_FAILURE): Call Test Case 'Test Cases/AHI/_include/goToEnd_hbi' successfully

2020-05-21 08:20:40 - [TEST_CASE][PASSED] - Test Cases/AHI/_include/goToEnd_hbi: Test Cases/AHI/_include/goToEnd_hbi

2020-05-21 08:20:40 - [TEST_STEP][PASSED] - if (state == "ca"): null

2020-05-21 08:20:40 - [TEST_STEP][PASSED] - callTestCase(findTestCase("AHI/_include/name"), [:], CONTINUE_ON_FAILURE): Call Test Case 'Test Cases/AHI/_include/name' successfully

2020-05-21 08:20:40 - [TEST_CASE][PASSED] - Test Cases/AHI/_include/name: Test Cases/AHI/_include/name

2020-05-21 08:20:40 - [TEST_STEP][PASSED] - driver = getWebDriver(): null

2020-05-21 08:20:40 - [TEST_STEP][PASSED] - selenium = new com.thoughtworks.selenium.webdriven.WebDriverBackedSelenium(driver, internal.GlobalVariable.ENV): null

2020-05-21 08:20:40 - [TEST_STEP][PASSED] - FirstName = "Test-123": null

2020-05-21 08:20:40 - [TEST_STEP][PASSED] - LastName = selenium.getEval("{var x="ABCDEFGHIJKLMNOPQRSTUVWXYZabcdefghijklmnopqrstuvwxyz"; var tmp="ZZ11-"; for (i=0;i<8;i++) tmp+=x.charAt(Math.ceil(51*Math.random()));tmp;}"): null

2020-05-21 08:20:40 - [TEST_STEP][PASSED] - Address = selenium.getEval("{var x="ABCDEFGHIJKLMNOPQRSTUVWXYZabcdefghijklmnopqrstuvwxyz"; var tmp=""; for (i=0;i<8;i++) tmp+=x.charAt(Math.ceil(51*Math.random()));tmp;}"): null

2020-05-21 08:20:40 - [TEST_STEP][PASSED] - City = selenium.getEval("{var x="ABCDEFGHIJKLMNOPQRSTUVWXYZabcdefghijklmnopqrstuvwxyz"; var tmp=""; for (i=0;i<8;i++) tmp+=x.charAt(Math.ceil(51*Math.random()));tmp;}"): null

2020-05-21 08:20:40 - [TEST_STEP][PASSED] - tel1 = selenium.getEval("{var x="123456789"; var tmp=""; for (i=0;i<3;i++) tmp+=x.charAt(Math.ceil(8*Math.random()));tmp;}"): null

2020-05-21 08:20:40 - [TEST_STEP][PASSED] - tel2 = selenium.getEval("{var x="123456789"; var tmp=""; for (i=0;i<3;i++) tmp+=x.charAt(Math.ceil(8*Math.random()));tmp;}"): null

2020-05-21 08:20:40 - [TEST_STEP][PASSED] - tel3 = selenium.getEval("{var x="123456789"; var tmp=""; for (i=0;i<4;i++) tmp+=x.charAt(Math.ceil(8*Math.random()));tmp;}"): null

2020-05-21 08:20:40 - [TEST_STEP][PASSED] - Tel = selenium.getExpression(tel1 + "-" + tel2 + "-" + tel3): null

2020-05-21 08:20:40 - [TEST_STEP][PASSED] - AutoEmail = selenium.getEval("{var x="ABCDEFGHIJKLMNOPQRSTUVWXYZabcdefghijklmnopqrstuvwxyz"; var tmp="test."; for (i=0;i<8;i++) tmp+=x.charAt(Math.ceil(51*Math.random()));tmp+="@suryani.cn";}"): null

2020-05-21 08:20:40 - [TEST_STEP][PASSED] - FirstName = FirstName: null

2020-05-21 08:20:40 - [TEST_STEP][PASSED] - LastName = LastName: null

2020-05-21 08:20:40 - [TEST_STEP][PASSED] - Address = Address: null

2020-05-21 08:20:40 - [TEST_STEP][PASSED] - City = City: null

2020-05-21 08:20:40 - [TEST_STEP][PASSED] - Tel = Tel: null

2020-05-21 08:20:40 - [TEST_STEP][PASSED] - AutoEmail = AutoEmail: null

2020-05-21 08:20:40 - [TEST_STEP][PASSED] - println(FirstName): null

2020-05-21 08:20:40 - [TEST_STEP][PASSED] - println(LastName): null

2020-05-21 08:20:40 - [TEST_STEP][PASSED] - println(Address): null

2020-05-21 08:20:40 - [TEST_STEP][PASSED] - println(City): null

2020-05-21 08:20:40 - [TEST_STEP][PASSED] - println(Tel): null

2020-05-21 08:20:40 - [TEST_STEP][PASSED] - println(AutoEmail): null

2020-05-21 08:20:40 - [MESSAGE][PASSED] - Call Test Case 'Test Cases/AHI/_include/name' successfully

2020-05-21 08:20:40 - [TEST_STEP][PASSED] - setText(findTestObject("mobileSanity/HBI/Page_App Page 1/input__member-P-1-firstName"), FirstName): Text 'Test-123' is set on object 'Object Repository/mobileSanity/HBI/Page_App Page 1/input__member-P-1-firstName'

2020-05-21 08:20:43 - [MESSAGE][PASSED] - Text 'Test-123' is set on object 'Object Repository/mobileSanity/HBI/Page_App Page 1/input__member-P-1-firstName'

2020-05-21 08:20:43 - [TEST_STEP][PASSED] - setText(findTestObject("mobileSanity/HBI/Page_App Page 1/input__member-P-1-lastName"), LastName): Text 'ZZ11-ypfLSHBu' is set on object 'Object Repository/mobileSanity/HBI/Page_App Page 1/input__member-P-1-lastName'

2020-05-21 08:20:43 - [MESSAGE][PASSED] - Text 'ZZ11-ypfLSHBu' is set on object 'Object Repository/mobileSanity/HBI/Page_App Page 1/input__member-P-1-lastName'

2020-05-21 08:20:43 - [TEST_STEP][PASSED] - if (carrier == "agileone" || carrier == "agilesecure"): null

2020-05-21 08:20:43 - [TEST_STEP][PASSED] - setText(findTestObject("mobileSanity/HBI/Page_App Page 1/input__address"), Address): Text 'XSjsoRiy' is set on object 'Object Repository/mobileSanity/HBI/Page_App Page 1/input__address'

2020-05-21 08:20:44 - [MESSAGE][PASSED] - Text 'XSjsoRiy' is set on object 'Object Repository/mobileSanity/HBI/Page_App Page 1/input__address'

2020-05-21 08:20:44 - [TEST_STEP][PASSED] - setText(findTestObject("mobileSanity/HBI/Page_App Page 1/input__city"), City): Text 'DqnPMDSI' is set on object 'Object Repository/mobileSanity/HBI/Page_App Page 1/input__city'

2020-05-21 08:20:44 - [MESSAGE][PASSED] - Text 'DqnPMDSI' is set on object 'Object Repository/mobileSanity/HBI/Page_App Page 1/input__city'

2020-05-21 08:20:44 - [TEST_STEP][PASSED] - setText(findTestObject("mobileSanity/HBI/Page_App Page 1/input__email"), AutoEmail): Text 'test.NctuFLqX@suryani.cn' is set on object 'Object Repository/mobileSanity/HBI/Page_App Page 1/input__email'

2020-05-21 08:20:45 - [MESSAGE][PASSED] - Text 'test.NctuFLqX@suryani.cn' is set on object 'Object Repository/mobileSanity/HBI/Page_App Page 1/input__email'

2020-05-21 08:20:45 - [TEST_STEP][PASSED] - setText(findTestObject("mobileSanity/HBI/Page_App Page 1/input_tel"), Tel): Text '552-435-6638' is set on object 'Object Repository/mobileSanity/HBI/Page_App Page 1/input_tel'

2020-05-21 08:20:46 - [MESSAGE][PASSED] - Text '552-435-6638' is set on object 'Object Repository/mobileSanity/HBI/Page_App Page 1/input_tel'

2020-05-21 08:20:46 - [TEST_STEP][PASSED] - Thread.sleep(5000): null

2020-05-21 08:20:51 - [TEST_STEP][PASSED] - click(findTestObject("mobileSanity/HBI/Page_App Page 1/a_Continue to Step 2 - Payment")): Object: 'Object Repository/mobileSanity/HBI/Page_App Page 1/a_Continue to Step 2 - Payment' is clicked on

2020-05-21 08:20:51 - [MESSAGE][PASSED] - Object: 'Object Repository/mobileSanity/HBI/Page_App Page 1/a_Continue to Step 2 - Payment' is clicked on

2020-05-21 08:20:51 - [TEST_STEP][PASSED] - waitForPageLoad(20): Wait for page load successfully

2020-05-21 08:20:51 - [MESSAGE][PASSED] - Wait for page load successfully

2020-05-21 08:20:51 - [TEST_STEP][PASSED] - Thread.sleep(2000): null

2020-05-21 08:20:54 - [TEST_STEP][PASSED] - waitForElementVisible(findTestObject("mobileSanity/HBI/Page_App Page 2/input__credit-card-first"), 20): Object 'Object Repository/mobileSanity/HBI/Page_App Page 2/input__credit-card-first' is visible

2020-05-21 08:20:54 - [MESSAGE][PASSED] - Object 'Object Repository/mobileSanity/HBI/Page_App Page 2/input__credit-card-first' is visible

2020-05-21 08:20:54 - [TEST_STEP][PASSED] - callTestCase(findTestCase("AHI/_include/get_screenshot"), [:], STOP_ON_FAILURE): Call Test Case 'Test Cases/AHI/_include/get_screenshot' successfully

2020-05-21 08:20:54 - [TEST_CASE][PASSED] - Test Cases/AHI/_include/get_screenshot: Test Cases/AHI/_include/get_screenshot

2020-05-21 08:20:54 - [TEST_STEP][PASSED] - Thread.sleep(1000): null

2020-05-21 08:20:55 - [TEST_STEP][PASSED] - takeScreenshot(screenPath + i + ".png"): Taking screenshot successfully

2020-05-21 08:20:56 - [MESSAGE][PASSED] - Taking screenshot successfully
[[ATTACHMENT|D:\\Test\\AgileTest\\Reports\\PrivateLabel\\PremierSMI\\20200521_080044\\../Screenshots/iPhone 6/PremierSMI/Legion/20200521_081935/7.png]]

2020-05-21 08:20:56 - [TEST_STEP][PASSED] - (internal.GlobalVariable.i++): null

2020-05-21 08:20:56 - [MESSAGE][PASSED] - Call Test Case 'Test Cases/AHI/_include/get_screenshot' successfully

2020-05-21 08:20:56 - [TEST_STEP][PASSED] - setText(findTestObject("mobileSanity/HBI/Page_App Page 2/input__credit-card-first"), FirstName): Text 'Test-123' is set on object 'Object Repository/mobileSanity/HBI/Page_App Page 2/input__credit-card-first'

2020-05-21 08:20:59 - [MESSAGE][PASSED] - Text 'Test-123' is set on object 'Object Repository/mobileSanity/HBI/Page_App Page 2/input__credit-card-first'

2020-05-21 08:20:59 - [TEST_STEP][PASSED] - setText(findTestObject("mobileSanity/HBI/Page_App Page 2/input__credit-card-last"), LastName): Text 'ZZ11-ypfLSHBu' is set on object 'Object Repository/mobileSanity/HBI/Page_App Page 2/input__credit-card-last'

2020-05-21 08:20:59 - [MESSAGE][PASSED] - Text 'ZZ11-ypfLSHBu' is set on object 'Object Repository/mobileSanity/HBI/Page_App Page 2/input__credit-card-last'

2020-05-21 08:20:59 - [TEST_STEP][PASSED] - selectOptionByValue(findTestObject("mobileSanity/HBI/Page_App Page 2/select_MM010203040506070809101"), "12", true): All options with value '12' are selected in object 'Object Repository/mobileSanity/HBI/Page_App Page 2/select_MM010203040506070809101'  using regular expression

2020-05-21 08:21:00 - [MESSAGE][PASSED] - All options with value '12' are selected in object 'Object Repository/mobileSanity/HBI/Page_App Page 2/select_MM010203040506070809101'  using regular expression

2020-05-21 08:21:00 - [TEST_STEP][PASSED] - selectOptionByValue(findTestObject("mobileSanity/HBI/Page_App Page 2/select_YYYY2019202020212022202"), "2026", true): All options with value '2026' are selected in object 'Object Repository/mobileSanity/HBI/Page_App Page 2/select_YYYY2019202020212022202'  using regular expression

2020-05-21 08:21:01 - [MESSAGE][PASSED] - All options with value '2026' are selected in object 'Object Repository/mobileSanity/HBI/Page_App Page 2/select_YYYY2019202020212022202'  using regular expression

2020-05-21 08:21:01 - [TEST_STEP][PASSED] - setText(findTestObject("mobileSanity/HBI/Page_App Page 2/input__credit-card-number"), "4111111111111111"): Text '4111111111111111' is set on object 'Object Repository/mobileSanity/HBI/Page_App Page 2/input__credit-card-number'

2020-05-21 08:21:02 - [MESSAGE][PASSED] - Text '4111111111111111' is set on object 'Object Repository/mobileSanity/HBI/Page_App Page 2/input__credit-card-number'

2020-05-21 08:21:02 - [TEST_STEP][PASSED] - setText(findTestObject("mobileSanity/HBI/Page_App Page 2/input__cvv"), "123"): Text '123' is set on object 'Object Repository/mobileSanity/HBI/Page_App Page 2/input__cvv'

2020-05-21 08:21:03 - [MESSAGE][PASSED] - Text '123' is set on object 'Object Repository/mobileSanity/HBI/Page_App Page 2/input__cvv'

2020-05-21 08:21:03 - [TEST_STEP][PASSED] - click(findTestObject("mobileSanity/HBI/Page_App Page 2/label_My billing address is th")): Object: 'Object Repository/mobileSanity/HBI/Page_App Page 2/label_My billing address is th' is clicked on

2020-05-21 08:21:03 - [MESSAGE][PASSED] - Object: 'Object Repository/mobileSanity/HBI/Page_App Page 2/label_My billing address is th' is clicked on

2020-05-21 08:21:03 - [TEST_STEP][PASSED] - click(findTestObject("mobileSanity/HBI/Page_App Page 2/label_I Accept Authorization f")): Object: 'Object Repository/mobileSanity/HBI/Page_App Page 2/label_I Accept Authorization f' is clicked on

2020-05-21 08:21:03 - [MESSAGE][PASSED] - Object: 'Object Repository/mobileSanity/HBI/Page_App Page 2/label_I Accept Authorization f' is clicked on

2020-05-21 08:21:03 - [TEST_STEP][PASSED] - click(findTestObject("mobileSanity/HBI/Page_App Page 2/a_Continue to Step 3 - Review")): Object: 'Object Repository/mobileSanity/HBI/Page_App Page 2/a_Continue to Step 3 - Review' is clicked on

2020-05-21 08:21:04 - [MESSAGE][PASSED] - Object: 'Object Repository/mobileSanity/HBI/Page_App Page 2/a_Continue to Step 3 - Review' is clicked on

2020-05-21 08:21:04 - [TEST_STEP][PASSED] - waitForPageLoad(20): Wait for page load successfully

2020-05-21 08:21:04 - [MESSAGE][PASSED] - Wait for page load successfully

2020-05-21 08:21:04 - [TEST_STEP][PASSED] - Thread.sleep(10000): null

2020-05-21 08:21:14 - [TEST_STEP][PASSED] - waitForElementPresent(findTestObject("mobileSanity/HBI/Page_App Page 3/label"), 20): Object 'Object Repository/mobileSanity/HBI/Page_App Page 3/label' is present

2020-05-21 08:21:15 - [MESSAGE][PASSED] - Object 'Object Repository/mobileSanity/HBI/Page_App Page 3/label' is present

2020-05-21 08:21:15 - [TEST_STEP][PASSED] - callTestCase(findTestCase("AHI/_include/get_screenshot"), [:], STOP_ON_FAILURE): Call Test Case 'Test Cases/AHI/_include/get_screenshot' successfully

2020-05-21 08:21:15 - [TEST_CASE][PASSED] - Test Cases/AHI/_include/get_screenshot: Test Cases/AHI/_include/get_screenshot

2020-05-21 08:21:15 - [TEST_STEP][PASSED] - Thread.sleep(1000): null

2020-05-21 08:21:16 - [TEST_STEP][PASSED] - takeScreenshot(screenPath + i + ".png"): Taking screenshot successfully

2020-05-21 08:21:17 - [MESSAGE][PASSED] - Taking screenshot successfully
[[ATTACHMENT|D:\\Test\\AgileTest\\Reports\\PrivateLabel\\PremierSMI\\20200521_080044\\../Screenshots/iPhone 6/PremierSMI/Legion/20200521_081935/8.png]]

2020-05-21 08:21:17 - [TEST_STEP][PASSED] - (internal.GlobalVariable.i++): null

2020-05-21 08:21:17 - [MESSAGE][PASSED] - Call Test Case 'Test Cases/AHI/_include/get_screenshot' successfully

2020-05-21 08:21:17 - [TEST_STEP][PASSED] - click(findTestObject("mobileSanity/HBI/Page_App Page 3/label")): Object: 'Object Repository/mobileSanity/HBI/Page_App Page 3/label' is clicked on

2020-05-21 08:21:17 - [MESSAGE][PASSED] - Object: 'Object Repository/mobileSanity/HBI/Page_App Page 3/label' is clicked on

2020-05-21 08:21:17 - [TEST_STEP][PASSED] - click(findTestObject("mobileSanity/HBI/Page_App Page 3/p_CLICK TO SIGN")): Object: 'Object Repository/mobileSanity/HBI/Page_App Page 3/p_CLICK TO SIGN' is clicked on

2020-05-21 08:21:17 - [MESSAGE][PASSED] - Object: 'Object Repository/mobileSanity/HBI/Page_App Page 3/p_CLICK TO SIGN' is clicked on

2020-05-21 08:21:17 - [TEST_STEP][PASSED] - click(findTestObject("mobileSanity/HBI/Page_App Page 3/a_Submit Your Application")): Object: 'Object Repository/mobileSanity/HBI/Page_App Page 3/a_Submit Your Application' is clicked on

2020-05-21 08:21:18 - [MESSAGE][PASSED] - Object: 'Object Repository/mobileSanity/HBI/Page_App Page 3/a_Submit Your Application' is clicked on

2020-05-21 08:21:18 - [TEST_STEP][PASSED] - waitForElementPresent(findTestObject("mobileSanity/Common/app-confirmation"), 20): Object 'Object Repository/mobileSanity/Common/app-confirmation' is not present after 20 second(s)

2020-05-21 08:21:40 - [MESSAGE][INFO] - Unable to find the element located by 'By.xpath: //*[@id = 'app-confirmation']'. Please recheck the objects properties to make sure the desired element is located. 

2020-05-21 08:21:40 - [MESSAGE][WARNING] - Object 'Object Repository/mobileSanity/Common/app-confirmation' is not present after 20 second(s)

2020-05-21 08:21:40 - [TEST_STEP][PASSED] - callTestCase(findTestCase("AHI/_include/get_screenshot"), [:], STOP_ON_FAILURE): Call Test Case 'Test Cases/AHI/_include/get_screenshot' successfully

2020-05-21 08:21:40 - [TEST_CASE][PASSED] - Test Cases/AHI/_include/get_screenshot: Test Cases/AHI/_include/get_screenshot

2020-05-21 08:21:40 - [TEST_STEP][PASSED] - Thread.sleep(1000): null

2020-05-21 08:21:41 - [TEST_STEP][PASSED] - takeScreenshot(screenPath + i + ".png"): Taking screenshot successfully

2020-05-21 08:21:42 - [MESSAGE][PASSED] - Taking screenshot successfully
[[ATTACHMENT|D:\\Test\\AgileTest\\Reports\\PrivateLabel\\PremierSMI\\20200521_080044\\../Screenshots/iPhone 6/PremierSMI/Legion/20200521_081935/9.png]]

2020-05-21 08:21:42 - [TEST_STEP][PASSED] - (internal.GlobalVariable.i++): null

2020-05-21 08:21:42 - [MESSAGE][PASSED] - Call Test Case 'Test Cases/AHI/_include/get_screenshot' successfully

2020-05-21 08:21:42 - [MESSAGE][PASSED] - Call Test Case 'Test Cases/AHI/_include/goToEnd_hbi' successfully]]></system-out>
         <system-err><![CDATA[]]></system-err>
      </testcase>
      <system-out><![CDATA[2020-05-21 08:12:40 - [TEST_SUITE][PASSED] - PremierSMI: Test Cases/PL Site/PremierSMI/Legion]]></system-out>
      <system-err><![CDATA[]]></system-err>
   </testsuite>
</testsuites>
