<?xml version="1.0" encoding="UTF-8"?>
<testsuites name="HP" time="170" tests="7" failures="0" errors="1">
   <testsuite name="HP" tests="7" failures="0" errors="1" time="170" timestamp="2020-03-10 03:28:04" hostname="Administrator - 172.30.0.53" id="Test Suites/HP/HP">
      <properties>
         <property name="deviceName" value=""/>
         <property name="devicePlatform" value=""/>
         <property name="logFolder" value="D:\\Test\\AgileTest\\Reports\\HP\\HP\\20200310_030929"/>
         <property name="logFiles" value="D:\\Test\\AgileTest\\Reports\\HP\\HP\\20200310_030929\\execution0.log"/>
         <property name="attachments" value="D:\\Test\\AgileTest\\Reports\\HP\\HP\\20200310_030929\\../Screenshots/iPhone X/HP/ACA/20200310_032805/0.png, D:\\Test\\AgileTest\\Reports\\HP\\HP\\20200310_030929\\../Screenshots/iPhone X/HP/ACA/20200310_032805/1.png, D:\\Test\\AgileTest\\Reports\\HP\\HP\\20200310_030929\\../Screenshots/iPhone X/HP/ACA/20200310_032805/2.png, D:\\Test\\AgileTest\\Reports\\HP\\HP\\20200310_030929\\../Screenshots/iPhone X/HP/ACA/20200310_032805/3.png, D:\\Test\\AgileTest\\Reports\\HP\\HP\\20200310_030929\\../Screenshots/iPhone X/HP/ACA/20200310_032805/4.png, D:\\Test\\AgileTest\\Reports\\HP\\HP\\20200310_030929\\../Screenshots/iPhone X/HP/Dental/20200310_032843/0.png, D:\\Test\\AgileTest\\Reports\\HP\\HP\\20200310_030929\\../Screenshots/iPhone X/HP/Dental/20200310_032843/1.png, D:\\Test\\AgileTest\\Reports\\HP\\HP\\20200310_030929\\../Screenshots/iPhone X/HP/Dental/20200310_032843/2.png, D:\\Test\\AgileTest\\Reports\\HP\\HP\\20200310_030929\\../Screenshots/iPhone X/HP/Dental/20200310_032843/3.png, D:\\Test\\AgileTest\\Reports\\HP\\HP\\20200310_030929\\../Screenshots/iPhone X/HP/Medicaid Public/20200310_032917/0.png, D:\\Test\\AgileTest\\Reports\\HP\\HP\\20200310_030929\\../Screenshots/iPhone X/HP/Medicaid Public/20200310_032917/1.png, D:\\Test\\AgileTest\\Reports\\HP\\HP\\20200310_030929\\../Screenshots/iPhone X/HP/Medicaid Public/20200310_032917/2.png, D:\\Test\\AgileTest\\Reports\\HP\\HP\\20200310_030929\\../Screenshots/iPhone X/HP/Medicare/20200310_032936/0.png, D:\\Test\\AgileTest\\Reports\\HP\\HP\\20200310_030929\\../Screenshots/iPhone X/HP/Medicare/20200310_032936/1.png, D:\\Test\\AgileTest\\Reports\\HP\\HP\\20200310_030929\\../Screenshots/iPhone X/HP/Medicare/20200310_032936/2.png, D:\\Test\\AgileTest\\Reports\\HP\\HP\\20200310_030929\\../Screenshots/iPhone X/HP/Medigap/20200310_032951/0.png, D:\\Test\\AgileTest\\Reports\\HP\\HP\\20200310_030929\\../Screenshots/iPhone X/HP/Medigap/20200310_032951/1.png, D:\\Test\\AgileTest\\Reports\\HP\\HP\\20200310_030929\\../Screenshots/iPhone X/HP/Medigap/20200310_032951/2.png, D:\\Test\\AgileTest\\Reports\\HP\\HP\\20200310_030929\\../Screenshots/iPhone X/HP/Small Business/20200310_033009/0.png, D:\\Test\\AgileTest\\Reports\\HP\\HP\\20200310_030929\\../Screenshots/iPhone X/HP/Small Business/20200310_033009/1.png, D:\\Test\\AgileTest\\Reports\\HP\\HP\\20200310_030929\\../Screenshots/iPhone X/HP/Small Business/20200310_033009/2.png, D:\\Test\\AgileTest\\Reports\\HP\\HP\\20200310_030929\\../Screenshots/iPhone X/HP/STM/20200310_033024/0.png, D:\\Test\\AgileTest\\Reports\\HP\\HP\\20200310_030929\\../Screenshots/iPhone X/HP/STM/20200310_033024/1.png, D:\\Test\\AgileTest\\Reports\\HP\\HP\\20200310_030929\\../Screenshots/iPhone X/HP/Home/20200310_033044/0.png"/>
         <property name="hostName" value="Administrator - 172.30.0.53"/>
         <property name="os" value="Windows Server 2012 R2 64bit"/>
         <property name="katalonVersion" value="5.10.1.1"/>
         <property name="browser" value="Safari 11"/>
         <property name="hostAddress" value="172.30.0.53"/>
         <property name="sessionId" value="f57ce3c342465a62c6f71e6c3db71b08"/>
         <property name="seleniumVersion" value="3.7.1"/>
         <property name="proxyInformation" value="ProxyInformation{proxyOption=NO_PROXY, proxyServerType=HTTP, password=, proxyServerAddress=, proxyServerPort=0}"/>
         <property name="platform" value="Windows Server 2012 R2"/>
      </properties>
      <testcase name="Test Cases/HP/Health Plans/ACA" classname="Test Cases/HP/Health Plans/ACA" status="ERROR">
         <error type="ERROR" message="Test Cases/HP/Health Plans/ACA FAILED.
Reason:
com.thoughtworks.selenium.SeleniumException: Element //a[contains(text(),'Select')] not found
	at com.thoughtworks.selenium.webdriven.ElementFinder.findElement(ElementFinder.java:93)
	at com.thoughtworks.selenium.webdriven.commands.Click.handleSeleneseCommand(Click.java:39)
	at com.thoughtworks.selenium.webdriven.commands.Click.handleSeleneseCommand(Click.java:26)
	at com.thoughtworks.selenium.webdriven.SeleneseCommand.apply(SeleneseCommand.java:36)
	at com.thoughtworks.selenium.webdriven.Timer.run(Timer.java:41)
	at com.thoughtworks.selenium.webdriven.WebDriverCommandProcessor.execute(WebDriverCommandProcessor.java:150)
	at com.thoughtworks.selenium.webdriven.WebDriverCommandProcessor.doCommand(WebDriverCommandProcessor.java:76)
	at com.thoughtworks.selenium.DefaultSelenium.click(DefaultSelenium.java:198)
	at com.thoughtworks.selenium.Selenium$click$0.call(Unknown Source)
	at ACA.run(ACA:134)
	at com.kms.katalon.core.main.ScriptEngine.run(ScriptEngine.java:194)
	at com.kms.katalon.core.main.ScriptEngine.runScriptAsRawText(ScriptEngine.java:119)
	at com.kms.katalon.core.main.TestCaseExecutor.runScript(TestCaseExecutor.java:328)
	at com.kms.katalon.core.main.TestCaseExecutor.doExecute(TestCaseExecutor.java:319)
	at com.kms.katalon.core.main.TestCaseExecutor.processExecutionPhase(TestCaseExecutor.java:298)
	at com.kms.katalon.core.main.TestCaseExecutor.accessMainPhase(TestCaseExecutor.java:290)
	at com.kms.katalon.core.main.TestCaseExecutor.execute(TestCaseExecutor.java:224)
	at com.kms.katalon.core.main.TestSuiteExecutor.accessTestCaseMainPhase(TestSuiteExecutor.java:129)
	at com.kms.katalon.core.main.TestSuiteExecutor.accessTestSuiteMainPhase(TestSuiteExecutor.java:112)
	at com.kms.katalon.core.main.TestSuiteExecutor.execute(TestSuiteExecutor.java:81)
	at com.kms.katalon.core.main.TestCaseMain.startTestSuite(TestCaseMain.java:149)
	at com.kms.katalon.core.main.TestCaseMain$startTestSuite$0.call(Unknown Source)
	at TempTestSuite1583824169013.run(TempTestSuite1583824169013.groovy:36)
Caused by: org.openqa.selenium.NoSuchElementException: Cannot find an element with the xpath: //a[contains(text(),'Select')]
For documentation on this error, please visit: http://seleniumhq.org/exceptions/no_such_element.html
Build info: version: '3.7.1', revision: '8a0099a', time: '2017-11-06T21:07:36.161Z'
System info: host: 'WIN-U215233FMVE', ip: '172.30.0.53', os.name: 'Windows Server 2012 R2', os.arch: 'amd64', os.version: '6.3', java.version: '1.8.0_181'
Driver info: driver.version: unknown
	at com.thoughtworks.selenium.webdriven.ElementFinder.xpathWizardry(ElementFinder.java:143)
	at com.thoughtworks.selenium.webdriven.ElementFinder.findElementDirectlyIfNecessary(ElementFinder.java:117)
	at com.thoughtworks.selenium.webdriven.ElementFinder.findElement(ElementFinder.java:87)
	at com.thoughtworks.selenium.webdriven.commands.Click.handleSeleneseCommand(Click.java:39)
	at com.thoughtworks.selenium.webdriven.commands.Click.handleSeleneseCommand(Click.java:26)
	at com.thoughtworks.selenium.webdriven.SeleneseCommand.apply(SeleneseCommand.java:36)
	at com.thoughtworks.selenium.webdriven.Timer.run(Timer.java:41)
	at com.thoughtworks.selenium.webdriven.WebDriverCommandProcessor.execute(WebDriverCommandProcessor.java:150)
	at com.thoughtworks.selenium.webdriven.WebDriverCommandProcessor.doCommand(WebDriverCommandProcessor.java:76)
	at com.thoughtworks.selenium.DefaultSelenium.click(DefaultSelenium.java:198)
	at com.thoughtworks.selenium.Selenium$click$0.call(Unknown Source)
	at Script1575603847168.run(Script1575603847168.groovy:134)
	... 13 more
"/>
         <system-out><![CDATA[2020-03-10 03:28:04 - [TEST_CASE][ERROR] - Test Cases/HP/Health Plans/ACA: Test Cases/HP/Health Plans/ACA FAILED.
Reason:
com.thoughtworks.selenium.SeleniumException: Element //a[contains(text(),'Select')] not found
	at com.thoughtworks.selenium.webdriven.ElementFinder.findElement(ElementFinder.java:93)
	at com.thoughtworks.selenium.webdriven.commands.Click.handleSeleneseCommand(Click.java:39)
	at com.thoughtworks.selenium.webdriven.commands.Click.handleSeleneseCommand(Click.java:26)
	at com.thoughtworks.selenium.webdriven.SeleneseCommand.apply(SeleneseCommand.java:36)
	at com.thoughtworks.selenium.webdriven.Timer.run(Timer.java:41)
	at com.thoughtworks.selenium.webdriven.WebDriverCommandProcessor.execute(WebDriverCommandProcessor.java:150)
	at com.thoughtworks.selenium.webdriven.WebDriverCommandProcessor.doCommand(WebDriverCommandProcessor.java:76)
	at com.thoughtworks.selenium.DefaultSelenium.click(DefaultSelenium.java:198)
	at com.thoughtworks.selenium.Selenium$click$0.call(Unknown Source)
	at ACA.run(ACA:134)
	at com.kms.katalon.core.main.ScriptEngine.run(ScriptEngine.java:194)
	at com.kms.katalon.core.main.ScriptEngine.runScriptAsRawText(ScriptEngine.java:119)
	at com.kms.katalon.core.main.TestCaseExecutor.runScript(TestCaseExecutor.java:328)
	at com.kms.katalon.core.main.TestCaseExecutor.doExecute(TestCaseExecutor.java:319)
	at com.kms.katalon.core.main.TestCaseExecutor.processExecutionPhase(TestCaseExecutor.java:298)
	at com.kms.katalon.core.main.TestCaseExecutor.accessMainPhase(TestCaseExecutor.java:290)
	at com.kms.katalon.core.main.TestCaseExecutor.execute(TestCaseExecutor.java:224)
	at com.kms.katalon.core.main.TestSuiteExecutor.accessTestCaseMainPhase(TestSuiteExecutor.java:129)
	at com.kms.katalon.core.main.TestSuiteExecutor.accessTestSuiteMainPhase(TestSuiteExecutor.java:112)
	at com.kms.katalon.core.main.TestSuiteExecutor.execute(TestSuiteExecutor.java:81)
	at com.kms.katalon.core.main.TestCaseMain.startTestSuite(TestCaseMain.java:149)
	at com.kms.katalon.core.main.TestCaseMain$startTestSuite$0.call(Unknown Source)
	at TempTestSuite1583824169013.run(TempTestSuite1583824169013.groovy:36)
Caused by: org.openqa.selenium.NoSuchElementException: Cannot find an element with the xpath: //a[contains(text(),'Select')]
For documentation on this error, please visit: http://seleniumhq.org/exceptions/no_such_element.html
Build info: version: '3.7.1', revision: '8a0099a', time: '2017-11-06T21:07:36.161Z'
System info: host: 'WIN-U215233FMVE', ip: '172.30.0.53', os.name: 'Windows Server 2012 R2', os.arch: 'amd64', os.version: '6.3', java.version: '1.8.0_181'
Driver info: driver.version: unknown
	at com.thoughtworks.selenium.webdriven.ElementFinder.xpathWizardry(ElementFinder.java:143)
	at com.thoughtworks.selenium.webdriven.ElementFinder.findElementDirectlyIfNecessary(ElementFinder.java:117)
	at com.thoughtworks.selenium.webdriven.ElementFinder.findElement(ElementFinder.java:87)
	at com.thoughtworks.selenium.webdriven.commands.Click.handleSeleneseCommand(Click.java:39)
	at com.thoughtworks.selenium.webdriven.commands.Click.handleSeleneseCommand(Click.java:26)
	at com.thoughtworks.selenium.webdriven.SeleneseCommand.apply(SeleneseCommand.java:36)
	at com.thoughtworks.selenium.webdriven.Timer.run(Timer.java:41)
	at com.thoughtworks.selenium.webdriven.WebDriverCommandProcessor.execute(WebDriverCommandProcessor.java:150)
	at com.thoughtworks.selenium.webdriven.WebDriverCommandProcessor.doCommand(WebDriverCommandProcessor.java:76)
	at com.thoughtworks.selenium.DefaultSelenium.click(DefaultSelenium.java:198)
	at com.thoughtworks.selenium.Selenium$click$0.call(Unknown Source)
	at Script1575603847168.run(Script1575603847168.groovy:134)
	... 13 more


2020-03-10 03:28:05 - [TEST_STEP][PASSED] - now = new java.util.Date(): null

2020-03-10 03:28:05 - [TEST_STEP][PASSED] - mydate = now.format("yyyyMMdd_HHmmss"): null

2020-03-10 03:28:05 - [TEST_STEP][PASSED] - i = 0: null

2020-03-10 03:28:05 - [TEST_STEP][PASSED] - callTestCase(findTestCase("AHI/_include/get_screenPath"), ["productLine":"HP", "carrierName":"ACA"], CONTINUE_ON_FAILURE): Call Test Case 'Test Cases/AHI/_include/get_screenPath' successfully

2020-03-10 03:28:05 - [TEST_CASE][PASSED] - Test Cases/AHI/_include/get_screenPath: Test Cases/AHI/_include/get_screenPath

2020-03-10 03:28:05 - [TEST_STEP][PASSED] - m = getExecutionProperties(): null

2020-03-10 03:28:05 - [TEST_STEP][PASSED] - deviceName = get("mobileEmulation").get("deviceName"): null

2020-03-10 03:28:05 - [TEST_STEP][PASSED] - println(deviceName): null

2020-03-10 03:28:05 - [TEST_STEP][PASSED] - now = new java.util.Date(): null

2020-03-10 03:28:05 - [TEST_STEP][PASSED] - mydate = now.format("yyyyMMdd_HHmmss"): null

2020-03-10 03:28:05 - [TEST_STEP][PASSED] - screenPath = "../Screenshots/": null

2020-03-10 03:28:05 - [TEST_STEP][PASSED] - screenPath = screenPath + deviceName + "/" + productLine + "/" + carrierName + "/" + mydate + "/": null

2020-03-10 03:28:05 - [TEST_STEP][PASSED] - println(screenPath): null

2020-03-10 03:28:05 - [MESSAGE][PASSED] - Call Test Case 'Test Cases/AHI/_include/get_screenPath' successfully

2020-03-10 03:28:05 - [TEST_STEP][PASSED] - second = <not implemented yet for class: org.codehaus.groovy.ast.expr.EmptyExpression>: null

2020-03-10 03:28:05 - [TEST_STEP][PASSED] - openBrowser(env + "/individual-health-insurance"): Browser is opened with url: 'http://pengujian.healthpocket.com/individual-health-insurance'

2020-03-10 03:28:06 - [MESSAGE][INFO] - Starting 'Chrome' driver

2020-03-10 03:28:06 - [MESSAGE][INFO] - User set preference: ['mobileEmulation', '{deviceName=iPhone X}']

2020-03-10 03:28:06 - [MESSAGE][INFO] - User set preference: ['args', '[--incognito, --aggressive-cache-discard, --no-sandbox, --window-size=375,812, --ignore-certificate-errors]']

2020-03-10 03:28:06 - [MESSAGE][INFO] - Action delay is set to 0 seconds

2020-03-10 03:28:10 - [MESSAGE][PASSED] - Browser is opened with url: 'http://pengujian.healthpocket.com/individual-health-insurance'

2020-03-10 03:28:10 - [TEST_STEP][PASSED] - Thread.sleep(3000): null

2020-03-10 03:28:13 - [TEST_STEP][PASSED] - callTestCase(findTestCase("AHI/_include/get_screenshot"), [:], STOP_ON_FAILURE): Call Test Case 'Test Cases/AHI/_include/get_screenshot' successfully

2020-03-10 03:28:14 - [TEST_CASE][PASSED] - Test Cases/AHI/_include/get_screenshot: Test Cases/AHI/_include/get_screenshot

2020-03-10 03:28:14 - [TEST_STEP][PASSED] - Thread.sleep(1000): null

2020-03-10 03:28:15 - [TEST_STEP][PASSED] - takeScreenshot(screenPath + i + ".png"): Taking screenshot successfully

2020-03-10 03:28:16 - [MESSAGE][PASSED] - Taking screenshot successfully
[[ATTACHMENT|D:\\Test\\AgileTest\\Reports\\HP\\HP\\20200310_030929\\../Screenshots/iPhone X/HP/ACA/20200310_032805/0.png]]

2020-03-10 03:28:16 - [TEST_STEP][PASSED] - (internal.GlobalVariable.i++): null

2020-03-10 03:28:16 - [MESSAGE][PASSED] - Call Test Case 'Test Cases/AHI/_include/get_screenshot' successfully

2020-03-10 03:28:16 - [TEST_STEP][PASSED] - driver = getWebDriver(): null

2020-03-10 03:28:16 - [TEST_STEP][PASSED] - baseUrl = env: null

2020-03-10 03:28:16 - [TEST_STEP][PASSED] - selenium = new com.thoughtworks.selenium.webdriven.WebDriverBackedSelenium(driver, baseUrl): null

2020-03-10 03:28:17 - [TEST_STEP][PASSED] - for ([second = 0, second < 10, (second++)]): null

2020-03-10 03:28:17 - [TEST_STEP][PASSED] - try: null

2020-03-10 03:28:17 - [TEST_STEP][PASSED] - if (selenium.isElementPresent("//a[contains(text(),'No Thanks. I want to see ACA plans.')]")): null

2020-03-10 03:28:17 - [TEST_STEP][PASSED] - selenium.click("//a[contains(text(),'No Thanks. I want to see ACA plans.')]"): null

2020-03-10 03:28:17 - [TEST_STEP][PASSED] - break: null

2020-03-10 03:28:17 - [TEST_STEP][PASSED] - for ([second = 0, second < 10, (second++)]): null

2020-03-10 03:28:17 - [TEST_STEP][PASSED] - try: null

2020-03-10 03:28:17 - [TEST_STEP][PASSED] - if (selenium.isElementPresent("id=location")): null

2020-03-10 03:28:17 - [TEST_STEP][PASSED] - break: null

2020-03-10 03:28:17 - [TEST_STEP][PASSED] - callTestCase(findTestCase("AHI/_include/get_screenshot"), [:], STOP_ON_FAILURE): Call Test Case 'Test Cases/AHI/_include/get_screenshot' successfully

2020-03-10 03:28:17 - [TEST_CASE][PASSED] - Test Cases/AHI/_include/get_screenshot: Test Cases/AHI/_include/get_screenshot

2020-03-10 03:28:17 - [TEST_STEP][PASSED] - Thread.sleep(1000): null

2020-03-10 03:28:18 - [TEST_STEP][PASSED] - takeScreenshot(screenPath + i + ".png"): Taking screenshot successfully

2020-03-10 03:28:19 - [MESSAGE][PASSED] - Taking screenshot successfully
[[ATTACHMENT|D:\\Test\\AgileTest\\Reports\\HP\\HP\\20200310_030929\\../Screenshots/iPhone X/HP/ACA/20200310_032805/1.png]]

2020-03-10 03:28:19 - [TEST_STEP][PASSED] - (internal.GlobalVariable.i++): null

2020-03-10 03:28:19 - [MESSAGE][PASSED] - Call Test Case 'Test Cases/AHI/_include/get_screenshot' successfully

2020-03-10 03:28:19 - [TEST_STEP][PASSED] - selenium.type("id=location", "32209"): null

2020-03-10 03:28:19 - [TEST_STEP][PASSED] - selenium.click("id=findPlans"): null

2020-03-10 03:28:19 - [TEST_STEP][PASSED] - for ([second = 0, second < 10, (second++)]): null

2020-03-10 03:28:19 - [TEST_STEP][PASSED] - try: null

2020-03-10 03:28:19 - [TEST_STEP][PASSED] - if (selenium.isElementPresent("//a[contains(text(),'Select')]")): null

2020-03-10 03:28:19 - [TEST_STEP][PASSED] - Thread.sleep(1000): null

2020-03-10 03:28:20 - [TEST_STEP][PASSED] - try: null

2020-03-10 03:28:20 - [TEST_STEP][PASSED] - if (selenium.isElementPresent("//a[contains(text(),'Select')]")): null

2020-03-10 03:28:22 - [TEST_STEP][PASSED] - break: null

2020-03-10 03:28:22 - [TEST_STEP][PASSED] - callTestCase(findTestCase("AHI/_include/get_screenshot"), [:], STOP_ON_FAILURE): Call Test Case 'Test Cases/AHI/_include/get_screenshot' successfully

2020-03-10 03:28:22 - [TEST_CASE][PASSED] - Test Cases/AHI/_include/get_screenshot: Test Cases/AHI/_include/get_screenshot

2020-03-10 03:28:22 - [TEST_STEP][PASSED] - Thread.sleep(1000): null

2020-03-10 03:28:23 - [TEST_STEP][PASSED] - takeScreenshot(screenPath + i + ".png"): Taking screenshot successfully

2020-03-10 03:28:23 - [MESSAGE][PASSED] - Taking screenshot successfully
[[ATTACHMENT|D:\\Test\\AgileTest\\Reports\\HP\\HP\\20200310_030929\\../Screenshots/iPhone X/HP/ACA/20200310_032805/2.png]]

2020-03-10 03:28:23 - [TEST_STEP][PASSED] - (internal.GlobalVariable.i++): null

2020-03-10 03:28:23 - [MESSAGE][PASSED] - Call Test Case 'Test Cases/AHI/_include/get_screenshot' successfully

2020-03-10 03:28:23 - [TEST_STEP][PASSED] - selenium.click("//a[contains(text(),'Select')]"): null

2020-03-10 03:28:24 - [TEST_STEP][PASSED] - for ([second = 0, second < 10, (second++)]): null

2020-03-10 03:28:24 - [TEST_STEP][PASSED] - try: null

2020-03-10 03:28:24 - [TEST_STEP][PASSED] - if (selenium.isElementPresent("xpath=(//a[contains(text(),'Apply Now')])")): null

2020-03-10 03:28:24 - [TEST_STEP][PASSED] - Thread.sleep(1000): null

2020-03-10 03:28:25 - [TEST_STEP][PASSED] - try: null

2020-03-10 03:28:25 - [TEST_STEP][PASSED] - if (selenium.isElementPresent("xpath=(//a[contains(text(),'Apply Now')])")): null

2020-03-10 03:28:25 - [TEST_STEP][PASSED] - Thread.sleep(1000): null

2020-03-10 03:28:26 - [TEST_STEP][PASSED] - try: null

2020-03-10 03:28:26 - [TEST_STEP][PASSED] - if (selenium.isElementPresent("xpath=(//a[contains(text(),'Apply Now')])")): null

2020-03-10 03:28:26 - [TEST_STEP][PASSED] - break: null

2020-03-10 03:28:26 - [TEST_STEP][PASSED] - callTestCase(findTestCase("AHI/_include/get_screenshot"), [:], STOP_ON_FAILURE): Call Test Case 'Test Cases/AHI/_include/get_screenshot' successfully

2020-03-10 03:28:26 - [TEST_CASE][PASSED] - Test Cases/AHI/_include/get_screenshot: Test Cases/AHI/_include/get_screenshot

2020-03-10 03:28:26 - [TEST_STEP][PASSED] - Thread.sleep(1000): null

2020-03-10 03:28:27 - [TEST_STEP][PASSED] - takeScreenshot(screenPath + i + ".png"): Taking screenshot successfully

2020-03-10 03:28:28 - [MESSAGE][PASSED] - Taking screenshot successfully
[[ATTACHMENT|D:\\Test\\AgileTest\\Reports\\HP\\HP\\20200310_030929\\../Screenshots/iPhone X/HP/ACA/20200310_032805/3.png]]

2020-03-10 03:28:28 - [TEST_STEP][PASSED] - (internal.GlobalVariable.i++): null

2020-03-10 03:28:28 - [MESSAGE][PASSED] - Call Test Case 'Test Cases/AHI/_include/get_screenshot' successfully

2020-03-10 03:28:28 - [TEST_STEP][PASSED] - selenium.click("xpath=(//a[contains(text(),'Apply Now')])"): null

2020-03-10 03:28:30 - [TEST_STEP][PASSED] - for ([second = 0, second < 10, (second++)]): null

2020-03-10 03:28:30 - [TEST_STEP][PASSED] - try: null

2020-03-10 03:28:30 - [TEST_STEP][PASSED] - if (selenium.isElementPresent("//a[contains(text(),'Select')]")): null

2020-03-10 03:28:30 - [TEST_STEP][PASSED] - Thread.sleep(1000): null

2020-03-10 03:28:31 - [TEST_STEP][PASSED] - try: null

2020-03-10 03:28:31 - [TEST_STEP][PASSED] - if (selenium.isElementPresent("//a[contains(text(),'Select')]")): null

2020-03-10 03:28:31 - [TEST_STEP][PASSED] - Thread.sleep(1000): null

2020-03-10 03:28:32 - [TEST_STEP][PASSED] - try: null

2020-03-10 03:28:32 - [TEST_STEP][PASSED] - if (selenium.isElementPresent("//a[contains(text(),'Select')]")): null

2020-03-10 03:28:32 - [TEST_STEP][PASSED] - Thread.sleep(1000): null

2020-03-10 03:28:33 - [TEST_STEP][PASSED] - try: null

2020-03-10 03:28:33 - [TEST_STEP][PASSED] - if (selenium.isElementPresent("//a[contains(text(),'Select')]")): null

2020-03-10 03:28:33 - [TEST_STEP][PASSED] - Thread.sleep(1000): null

2020-03-10 03:28:34 - [TEST_STEP][PASSED] - try: null

2020-03-10 03:28:34 - [TEST_STEP][PASSED] - if (selenium.isElementPresent("//a[contains(text(),'Select')]")): null

2020-03-10 03:28:34 - [TEST_STEP][PASSED] - Thread.sleep(1000): null

2020-03-10 03:28:35 - [TEST_STEP][PASSED] - try: null

2020-03-10 03:28:35 - [TEST_STEP][PASSED] - if (selenium.isElementPresent("//a[contains(text(),'Select')]")): null

2020-03-10 03:28:35 - [TEST_STEP][PASSED] - Thread.sleep(1000): null

2020-03-10 03:28:36 - [TEST_STEP][PASSED] - try: null

2020-03-10 03:28:36 - [TEST_STEP][PASSED] - if (selenium.isElementPresent("//a[contains(text(),'Select')]")): null

2020-03-10 03:28:36 - [TEST_STEP][PASSED] - Thread.sleep(1000): null

2020-03-10 03:28:37 - [TEST_STEP][PASSED] - try: null

2020-03-10 03:28:37 - [TEST_STEP][PASSED] - if (selenium.isElementPresent("//a[contains(text(),'Select')]")): null

2020-03-10 03:28:37 - [TEST_STEP][PASSED] - Thread.sleep(1000): null

2020-03-10 03:28:38 - [TEST_STEP][PASSED] - try: null

2020-03-10 03:28:38 - [TEST_STEP][PASSED] - if (selenium.isElementPresent("//a[contains(text(),'Select')]")): null

2020-03-10 03:28:38 - [TEST_STEP][PASSED] - Thread.sleep(1000): null

2020-03-10 03:28:39 - [TEST_STEP][PASSED] - try: null

2020-03-10 03:28:39 - [TEST_STEP][PASSED] - if (selenium.isElementPresent("//a[contains(text(),'Select')]")): null

2020-03-10 03:28:40 - [TEST_STEP][PASSED] - Thread.sleep(1000): null

2020-03-10 03:28:41 - [TEST_STEP][PASSED] - callTestCase(findTestCase("AHI/_include/get_screenshot"), [:], STOP_ON_FAILURE): Call Test Case 'Test Cases/AHI/_include/get_screenshot' successfully

2020-03-10 03:28:41 - [TEST_CASE][PASSED] - Test Cases/AHI/_include/get_screenshot: Test Cases/AHI/_include/get_screenshot

2020-03-10 03:28:41 - [TEST_STEP][PASSED] - Thread.sleep(1000): null

2020-03-10 03:28:42 - [TEST_STEP][PASSED] - takeScreenshot(screenPath + i + ".png"): Taking screenshot successfully

2020-03-10 03:28:43 - [MESSAGE][PASSED] - Taking screenshot successfully
[[ATTACHMENT|D:\\Test\\AgileTest\\Reports\\HP\\HP\\20200310_030929\\../Screenshots/iPhone X/HP/ACA/20200310_032805/4.png]]

2020-03-10 03:28:43 - [TEST_STEP][PASSED] - (internal.GlobalVariable.i++): null

2020-03-10 03:28:43 - [MESSAGE][PASSED] - Call Test Case 'Test Cases/AHI/_include/get_screenshot' successfully

2020-03-10 03:28:43 - [TEST_STEP][ERROR] - selenium.click("//a[contains(text(),'Select')]"): selenium.click("//a[contains(text(),'Select')]") FAILED.
Reason:
com.thoughtworks.selenium.SeleniumException: Element //a[contains(text(),'Select')] not found
	at com.thoughtworks.selenium.webdriven.ElementFinder.findElement(ElementFinder.java:93)
	at com.thoughtworks.selenium.webdriven.commands.Click.handleSeleneseCommand(Click.java:39)
	at com.thoughtworks.selenium.webdriven.commands.Click.handleSeleneseCommand(Click.java:26)
	at com.thoughtworks.selenium.webdriven.SeleneseCommand.apply(SeleneseCommand.java:36)
	at com.thoughtworks.selenium.webdriven.Timer.run(Timer.java:41)
	at com.thoughtworks.selenium.webdriven.WebDriverCommandProcessor.execute(WebDriverCommandProcessor.java:150)
	at com.thoughtworks.selenium.webdriven.WebDriverCommandProcessor.doCommand(WebDriverCommandProcessor.java:76)
	at com.thoughtworks.selenium.DefaultSelenium.click(DefaultSelenium.java:198)
	at com.thoughtworks.selenium.Selenium$click$0.call(Unknown Source)
	at ACA.run(ACA:134)
	at com.kms.katalon.core.main.ScriptEngine.run(ScriptEngine.java:194)
	at com.kms.katalon.core.main.ScriptEngine.runScriptAsRawText(ScriptEngine.java:119)
	at com.kms.katalon.core.main.TestCaseExecutor.runScript(TestCaseExecutor.java:328)
	at com.kms.katalon.core.main.TestCaseExecutor.doExecute(TestCaseExecutor.java:319)
	at com.kms.katalon.core.main.TestCaseExecutor.processExecutionPhase(TestCaseExecutor.java:298)
	at com.kms.katalon.core.main.TestCaseExecutor.accessMainPhase(TestCaseExecutor.java:290)
	at com.kms.katalon.core.main.TestCaseExecutor.execute(TestCaseExecutor.java:224)
	at com.kms.katalon.core.main.TestSuiteExecutor.accessTestCaseMainPhase(TestSuiteExecutor.java:129)
	at com.kms.katalon.core.main.TestSuiteExecutor.accessTestSuiteMainPhase(TestSuiteExecutor.java:112)
	at com.kms.katalon.core.main.TestSuiteExecutor.execute(TestSuiteExecutor.java:81)
	at com.kms.katalon.core.main.TestCaseMain.startTestSuite(TestCaseMain.java:149)
	at com.kms.katalon.core.main.TestCaseMain$startTestSuite$0.call(Unknown Source)
	at TempTestSuite1583824169013.run(TempTestSuite1583824169013.groovy:36)
Caused by: org.openqa.selenium.NoSuchElementException: Cannot find an element with the xpath: //a[contains(text(),'Select')]
For documentation on this error, please visit: http://seleniumhq.org/exceptions/no_such_element.html
Build info: version: '3.7.1', revision: '8a0099a', time: '2017-11-06T21:07:36.161Z'
System info: host: 'WIN-U215233FMVE', ip: '172.30.0.53', os.name: 'Windows Server 2012 R2', os.arch: 'amd64', os.version: '6.3', java.version: '1.8.0_181'
Driver info: driver.version: unknown
	at com.thoughtworks.selenium.webdriven.ElementFinder.xpathWizardry(ElementFinder.java:143)
	at com.thoughtworks.selenium.webdriven.ElementFinder.findElementDirectlyIfNecessary(ElementFinder.java:117)
	at com.thoughtworks.selenium.webdriven.ElementFinder.findElement(ElementFinder.java:87)
	at com.thoughtworks.selenium.webdriven.commands.Click.handleSeleneseCommand(Click.java:39)
	at com.thoughtworks.selenium.webdriven.commands.Click.handleSeleneseCommand(Click.java:26)
	at com.thoughtworks.selenium.webdriven.SeleneseCommand.apply(SeleneseCommand.java:36)
	at com.thoughtworks.selenium.webdriven.Timer.run(Timer.java:41)
	at com.thoughtworks.selenium.webdriven.WebDriverCommandProcessor.execute(WebDriverCommandProcessor.java:150)
	at com.thoughtworks.selenium.webdriven.WebDriverCommandProcessor.doCommand(WebDriverCommandProcessor.java:76)
	at com.thoughtworks.selenium.DefaultSelenium.click(DefaultSelenium.java:198)
	at com.thoughtworks.selenium.Selenium$click$0.call(Unknown Source)
	at Script1575603847168.run(Script1575603847168.groovy:134)
	... 13 more


2020-03-10 03:28:43 - [MESSAGE][ERROR] - selenium.click("//a[contains(text(),'Select')]") FAILED.
Reason:
com.thoughtworks.selenium.SeleniumException: Element //a[contains(text(),'Select')] not found
	at com.thoughtworks.selenium.webdriven.ElementFinder.findElement(ElementFinder.java:93)
	at com.thoughtworks.selenium.webdriven.commands.Click.handleSeleneseCommand(Click.java:39)
	at com.thoughtworks.selenium.webdriven.commands.Click.handleSeleneseCommand(Click.java:26)
	at com.thoughtworks.selenium.webdriven.SeleneseCommand.apply(SeleneseCommand.java:36)
	at com.thoughtworks.selenium.webdriven.Timer.run(Timer.java:41)
	at com.thoughtworks.selenium.webdriven.WebDriverCommandProcessor.execute(WebDriverCommandProcessor.java:150)
	at com.thoughtworks.selenium.webdriven.WebDriverCommandProcessor.doCommand(WebDriverCommandProcessor.java:76)
	at com.thoughtworks.selenium.DefaultSelenium.click(DefaultSelenium.java:198)
	at com.thoughtworks.selenium.Selenium$click$0.call(Unknown Source)
	at ACA.run(ACA:134)
	at com.kms.katalon.core.main.ScriptEngine.run(ScriptEngine.java:194)
	at com.kms.katalon.core.main.ScriptEngine.runScriptAsRawText(ScriptEngine.java:119)
	at com.kms.katalon.core.main.TestCaseExecutor.runScript(TestCaseExecutor.java:328)
	at com.kms.katalon.core.main.TestCaseExecutor.doExecute(TestCaseExecutor.java:319)
	at com.kms.katalon.core.main.TestCaseExecutor.processExecutionPhase(TestCaseExecutor.java:298)
	at com.kms.katalon.core.main.TestCaseExecutor.accessMainPhase(TestCaseExecutor.java:290)
	at com.kms.katalon.core.main.TestCaseExecutor.execute(TestCaseExecutor.java:224)
	at com.kms.katalon.core.main.TestSuiteExecutor.accessTestCaseMainPhase(TestSuiteExecutor.java:129)
	at com.kms.katalon.core.main.TestSuiteExecutor.accessTestSuiteMainPhase(TestSuiteExecutor.java:112)
	at com.kms.katalon.core.main.TestSuiteExecutor.execute(TestSuiteExecutor.java:81)
	at com.kms.katalon.core.main.TestCaseMain.startTestSuite(TestCaseMain.java:149)
	at com.kms.katalon.core.main.TestCaseMain$startTestSuite$0.call(Unknown Source)
	at TempTestSuite1583824169013.run(TempTestSuite1583824169013.groovy:36)
Caused by: org.openqa.selenium.NoSuchElementException: Cannot find an element with the xpath: //a[contains(text(),'Select')]
For documentation on this error, please visit: http://seleniumhq.org/exceptions/no_such_element.html
Build info: version: '3.7.1', revision: '8a0099a', time: '2017-11-06T21:07:36.161Z'
System info: host: 'WIN-U215233FMVE', ip: '172.30.0.53', os.name: 'Windows Server 2012 R2', os.arch: 'amd64', os.version: '6.3', java.version: '1.8.0_181'
Driver info: driver.version: unknown
	at com.thoughtworks.selenium.webdriven.ElementFinder.xpathWizardry(ElementFinder.java:143)
	at com.thoughtworks.selenium.webdriven.ElementFinder.findElementDirectlyIfNecessary(ElementFinder.java:117)
	at com.thoughtworks.selenium.webdriven.ElementFinder.findElement(ElementFinder.java:87)
	at com.thoughtworks.selenium.webdriven.commands.Click.handleSeleneseCommand(Click.java:39)
	at com.thoughtworks.selenium.webdriven.commands.Click.handleSeleneseCommand(Click.java:26)
	at com.thoughtworks.selenium.webdriven.SeleneseCommand.apply(SeleneseCommand.java:36)
	at com.thoughtworks.selenium.webdriven.Timer.run(Timer.java:41)
	at com.thoughtworks.selenium.webdriven.WebDriverCommandProcessor.execute(WebDriverCommandProcessor.java:150)
	at com.thoughtworks.selenium.webdriven.WebDriverCommandProcessor.doCommand(WebDriverCommandProcessor.java:76)
	at com.thoughtworks.selenium.DefaultSelenium.click(DefaultSelenium.java:198)
	at com.thoughtworks.selenium.Selenium$click$0.call(Unknown Source)
	at Script1575603847168.run(Script1575603847168.groovy:134)
	... 13 more]]></system-out>
         <system-err><![CDATA[2020-03-10 03:28:04 - [TEST_CASE][ERROR] - Test Cases/HP/Health Plans/ACA: Test Cases/HP/Health Plans/ACA FAILED.
Reason:
com.thoughtworks.selenium.SeleniumException: Element //a[contains(text(),'Select')] not found
	at com.thoughtworks.selenium.webdriven.ElementFinder.findElement(ElementFinder.java:93)
	at com.thoughtworks.selenium.webdriven.commands.Click.handleSeleneseCommand(Click.java:39)
	at com.thoughtworks.selenium.webdriven.commands.Click.handleSeleneseCommand(Click.java:26)
	at com.thoughtworks.selenium.webdriven.SeleneseCommand.apply(SeleneseCommand.java:36)
	at com.thoughtworks.selenium.webdriven.Timer.run(Timer.java:41)
	at com.thoughtworks.selenium.webdriven.WebDriverCommandProcessor.execute(WebDriverCommandProcessor.java:150)
	at com.thoughtworks.selenium.webdriven.WebDriverCommandProcessor.doCommand(WebDriverCommandProcessor.java:76)
	at com.thoughtworks.selenium.DefaultSelenium.click(DefaultSelenium.java:198)
	at com.thoughtworks.selenium.Selenium$click$0.call(Unknown Source)
	at ACA.run(ACA:134)
	at com.kms.katalon.core.main.ScriptEngine.run(ScriptEngine.java:194)
	at com.kms.katalon.core.main.ScriptEngine.runScriptAsRawText(ScriptEngine.java:119)
	at com.kms.katalon.core.main.TestCaseExecutor.runScript(TestCaseExecutor.java:328)
	at com.kms.katalon.core.main.TestCaseExecutor.doExecute(TestCaseExecutor.java:319)
	at com.kms.katalon.core.main.TestCaseExecutor.processExecutionPhase(TestCaseExecutor.java:298)
	at com.kms.katalon.core.main.TestCaseExecutor.accessMainPhase(TestCaseExecutor.java:290)
	at com.kms.katalon.core.main.TestCaseExecutor.execute(TestCaseExecutor.java:224)
	at com.kms.katalon.core.main.TestSuiteExecutor.accessTestCaseMainPhase(TestSuiteExecutor.java:129)
	at com.kms.katalon.core.main.TestSuiteExecutor.accessTestSuiteMainPhase(TestSuiteExecutor.java:112)
	at com.kms.katalon.core.main.TestSuiteExecutor.execute(TestSuiteExecutor.java:81)
	at com.kms.katalon.core.main.TestCaseMain.startTestSuite(TestCaseMain.java:149)
	at com.kms.katalon.core.main.TestCaseMain$startTestSuite$0.call(Unknown Source)
	at TempTestSuite1583824169013.run(TempTestSuite1583824169013.groovy:36)
Caused by: org.openqa.selenium.NoSuchElementException: Cannot find an element with the xpath: //a[contains(text(),'Select')]
For documentation on this error, please visit: http://seleniumhq.org/exceptions/no_such_element.html
Build info: version: '3.7.1', revision: '8a0099a', time: '2017-11-06T21:07:36.161Z'
System info: host: 'WIN-U215233FMVE', ip: '172.30.0.53', os.name: 'Windows Server 2012 R2', os.arch: 'amd64', os.version: '6.3', java.version: '1.8.0_181'
Driver info: driver.version: unknown
	at com.thoughtworks.selenium.webdriven.ElementFinder.xpathWizardry(ElementFinder.java:143)
	at com.thoughtworks.selenium.webdriven.ElementFinder.findElementDirectlyIfNecessary(ElementFinder.java:117)
	at com.thoughtworks.selenium.webdriven.ElementFinder.findElement(ElementFinder.java:87)
	at com.thoughtworks.selenium.webdriven.commands.Click.handleSeleneseCommand(Click.java:39)
	at com.thoughtworks.selenium.webdriven.commands.Click.handleSeleneseCommand(Click.java:26)
	at com.thoughtworks.selenium.webdriven.SeleneseCommand.apply(SeleneseCommand.java:36)
	at com.thoughtworks.selenium.webdriven.Timer.run(Timer.java:41)
	at com.thoughtworks.selenium.webdriven.WebDriverCommandProcessor.execute(WebDriverCommandProcessor.java:150)
	at com.thoughtworks.selenium.webdriven.WebDriverCommandProcessor.doCommand(WebDriverCommandProcessor.java:76)
	at com.thoughtworks.selenium.DefaultSelenium.click(DefaultSelenium.java:198)
	at com.thoughtworks.selenium.Selenium$click$0.call(Unknown Source)
	at Script1575603847168.run(Script1575603847168.groovy:134)
	... 13 more]]></system-err>
      </testcase>
      <testcase name="Test Cases/HP/Health Plans/Dental" classname="Test Cases/HP/Health Plans/Dental" status="PASSED">
         <system-out><![CDATA[2020-03-10 03:28:43 - [TEST_CASE][PASSED] - Test Cases/HP/Health Plans/Dental: Test Cases/HP/Health Plans/Dental

2020-03-10 03:28:43 - [TEST_STEP][PASSED] - now = new java.util.Date(): null

2020-03-10 03:28:43 - [TEST_STEP][PASSED] - mydate = now.format("yyyyMMdd_HHmmss"): null

2020-03-10 03:28:43 - [TEST_STEP][PASSED] - i = 0: null

2020-03-10 03:28:43 - [TEST_STEP][PASSED] - callTestCase(findTestCase("AHI/_include/get_screenPath"), ["productLine":"HP", "carrierName":"Dental"], CONTINUE_ON_FAILURE): Call Test Case 'Test Cases/AHI/_include/get_screenPath' successfully

2020-03-10 03:28:43 - [TEST_CASE][PASSED] - Test Cases/AHI/_include/get_screenPath: Test Cases/AHI/_include/get_screenPath

2020-03-10 03:28:43 - [TEST_STEP][PASSED] - m = getExecutionProperties(): null

2020-03-10 03:28:43 - [TEST_STEP][PASSED] - deviceName = get("mobileEmulation").get("deviceName"): null

2020-03-10 03:28:43 - [TEST_STEP][PASSED] - println(deviceName): null

2020-03-10 03:28:43 - [TEST_STEP][PASSED] - now = new java.util.Date(): null

2020-03-10 03:28:43 - [TEST_STEP][PASSED] - mydate = now.format("yyyyMMdd_HHmmss"): null

2020-03-10 03:28:43 - [TEST_STEP][PASSED] - screenPath = "../Screenshots/": null

2020-03-10 03:28:43 - [TEST_STEP][PASSED] - screenPath = screenPath + deviceName + "/" + productLine + "/" + carrierName + "/" + mydate + "/": null

2020-03-10 03:28:43 - [TEST_STEP][PASSED] - println(screenPath): null

2020-03-10 03:28:43 - [MESSAGE][PASSED] - Call Test Case 'Test Cases/AHI/_include/get_screenPath' successfully

2020-03-10 03:28:43 - [TEST_STEP][PASSED] - second = <not implemented yet for class: org.codehaus.groovy.ast.expr.EmptyExpression>: null

2020-03-10 03:28:43 - [TEST_STEP][PASSED] - openBrowser(env + "/dental-insurance"): Browser is opened with url: 'http://pengujian.healthpocket.com/dental-insurance'

2020-03-10 03:28:43 - [MESSAGE][WARNING] - A browser is already opened. Closing browser and opening a new one

2020-03-10 03:28:45 - [MESSAGE][INFO] - Starting 'Chrome' driver

2020-03-10 03:28:45 - [MESSAGE][INFO] - User set preference: ['mobileEmulation', '{deviceName=iPhone X}']

2020-03-10 03:28:45 - [MESSAGE][INFO] - User set preference: ['args', '[--incognito, --aggressive-cache-discard, --no-sandbox, --window-size=375,812, --ignore-certificate-errors]']

2020-03-10 03:28:48 - [MESSAGE][PASSED] - Browser is opened with url: 'http://pengujian.healthpocket.com/dental-insurance'

2020-03-10 03:28:49 - [TEST_STEP][PASSED] - Thread.sleep(3000): null

2020-03-10 03:28:52 - [TEST_STEP][PASSED] - driver = getWebDriver(): null

2020-03-10 03:28:52 - [TEST_STEP][PASSED] - baseUrl = env: null

2020-03-10 03:28:52 - [TEST_STEP][PASSED] - selenium = new com.thoughtworks.selenium.webdriven.WebDriverBackedSelenium(driver, baseUrl): null

2020-03-10 03:28:52 - [TEST_STEP][PASSED] - selenium.refresh(): null

2020-03-10 03:28:53 - [TEST_STEP][PASSED] - selenium.waitForPageToLoad("30000"): null

2020-03-10 03:28:53 - [TEST_STEP][PASSED] - for ([second = 0, second < 10, (second++)]): null

2020-03-10 03:28:53 - [TEST_STEP][PASSED] - try: null

2020-03-10 03:28:53 - [TEST_STEP][PASSED] - if (selenium.isElementPresent("id=location")): null

2020-03-10 03:28:53 - [TEST_STEP][PASSED] - break: null

2020-03-10 03:28:53 - [TEST_STEP][PASSED] - callTestCase(findTestCase("AHI/_include/get_screenshot"), [:], STOP_ON_FAILURE): Call Test Case 'Test Cases/AHI/_include/get_screenshot' successfully

2020-03-10 03:28:53 - [TEST_CASE][PASSED] - Test Cases/AHI/_include/get_screenshot: Test Cases/AHI/_include/get_screenshot

2020-03-10 03:28:53 - [TEST_STEP][PASSED] - Thread.sleep(1000): null

2020-03-10 03:28:54 - [TEST_STEP][PASSED] - takeScreenshot(screenPath + i + ".png"): Taking screenshot successfully

2020-03-10 03:28:55 - [MESSAGE][PASSED] - Taking screenshot successfully
[[ATTACHMENT|D:\\Test\\AgileTest\\Reports\\HP\\HP\\20200310_030929\\../Screenshots/iPhone X/HP/Dental/20200310_032843/0.png]]

2020-03-10 03:28:55 - [TEST_STEP][PASSED] - (internal.GlobalVariable.i++): null

2020-03-10 03:28:55 - [MESSAGE][PASSED] - Call Test Case 'Test Cases/AHI/_include/get_screenshot' successfully

2020-03-10 03:28:55 - [TEST_STEP][PASSED] - selenium.type("id=location", "32209"): null

2020-03-10 03:28:56 - [TEST_STEP][PASSED] - selenium.click("id=findPlans"): null

2020-03-10 03:28:56 - [TEST_STEP][PASSED] - for ([second = 0, second < 10, (second++)]): null

2020-03-10 03:28:56 - [TEST_STEP][PASSED] - try: null

2020-03-10 03:28:56 - [TEST_STEP][PASSED] - if (selenium.isElementPresent("//a[contains(text(),'Select')]")): null

2020-03-10 03:28:56 - [TEST_STEP][PASSED] - Thread.sleep(1000): null

2020-03-10 03:28:57 - [TEST_STEP][PASSED] - try: null

2020-03-10 03:28:57 - [TEST_STEP][PASSED] - if (selenium.isElementPresent("//a[contains(text(),'Select')]")): null

2020-03-10 03:28:58 - [TEST_STEP][PASSED] - break: null

2020-03-10 03:28:58 - [TEST_STEP][PASSED] - callTestCase(findTestCase("AHI/_include/get_screenshot"), [:], STOP_ON_FAILURE): Call Test Case 'Test Cases/AHI/_include/get_screenshot' successfully

2020-03-10 03:28:58 - [TEST_CASE][PASSED] - Test Cases/AHI/_include/get_screenshot: Test Cases/AHI/_include/get_screenshot

2020-03-10 03:28:58 - [TEST_STEP][PASSED] - Thread.sleep(1000): null

2020-03-10 03:28:59 - [TEST_STEP][PASSED] - takeScreenshot(screenPath + i + ".png"): Taking screenshot successfully

2020-03-10 03:29:00 - [MESSAGE][PASSED] - Taking screenshot successfully
[[ATTACHMENT|D:\\Test\\AgileTest\\Reports\\HP\\HP\\20200310_030929\\../Screenshots/iPhone X/HP/Dental/20200310_032843/1.png]]

2020-03-10 03:29:00 - [TEST_STEP][PASSED] - (internal.GlobalVariable.i++): null

2020-03-10 03:29:00 - [MESSAGE][PASSED] - Call Test Case 'Test Cases/AHI/_include/get_screenshot' successfully

2020-03-10 03:29:00 - [TEST_STEP][PASSED] - selenium.click("//a[contains(text(),'Select')]"): null

2020-03-10 03:29:00 - [TEST_STEP][PASSED] - for ([second = 0, second < 20, (second++)]): null

2020-03-10 03:29:00 - [TEST_STEP][PASSED] - try: null

2020-03-10 03:29:00 - [TEST_STEP][PASSED] - if (selenium.isElementPresent("xpath=(//a[contains(text(),'Apply Now')])")): null

2020-03-10 03:29:00 - [TEST_STEP][PASSED] - Thread.sleep(1000): null

2020-03-10 03:29:01 - [TEST_STEP][PASSED] - try: null

2020-03-10 03:29:01 - [TEST_STEP][PASSED] - if (selenium.isElementPresent("xpath=(//a[contains(text(),'Apply Now')])")): null

2020-03-10 03:29:02 - [TEST_STEP][PASSED] - Thread.sleep(1000): null

2020-03-10 03:29:03 - [TEST_STEP][PASSED] - try: null

2020-03-10 03:29:03 - [TEST_STEP][PASSED] - if (selenium.isElementPresent("xpath=(//a[contains(text(),'Apply Now')])")): null

2020-03-10 03:29:03 - [TEST_STEP][PASSED] - Thread.sleep(1000): null

2020-03-10 03:29:04 - [TEST_STEP][PASSED] - try: null

2020-03-10 03:29:04 - [TEST_STEP][PASSED] - if (selenium.isElementPresent("xpath=(//a[contains(text(),'Apply Now')])")): null

2020-03-10 03:29:04 - [TEST_STEP][PASSED] - Thread.sleep(1000): null

2020-03-10 03:29:05 - [TEST_STEP][PASSED] - try: null

2020-03-10 03:29:05 - [TEST_STEP][PASSED] - if (selenium.isElementPresent("xpath=(//a[contains(text(),'Apply Now')])")): null

2020-03-10 03:29:05 - [TEST_STEP][PASSED] - Thread.sleep(1000): null

2020-03-10 03:29:06 - [TEST_STEP][PASSED] - try: null

2020-03-10 03:29:06 - [TEST_STEP][PASSED] - if (selenium.isElementPresent("xpath=(//a[contains(text(),'Apply Now')])")): null

2020-03-10 03:29:06 - [TEST_STEP][PASSED] - break: null

2020-03-10 03:29:06 - [TEST_STEP][PASSED] - callTestCase(findTestCase("AHI/_include/get_screenshot"), [:], STOP_ON_FAILURE): Call Test Case 'Test Cases/AHI/_include/get_screenshot' successfully

2020-03-10 03:29:06 - [TEST_CASE][PASSED] - Test Cases/AHI/_include/get_screenshot: Test Cases/AHI/_include/get_screenshot

2020-03-10 03:29:06 - [TEST_STEP][PASSED] - Thread.sleep(1000): null

2020-03-10 03:29:07 - [TEST_STEP][PASSED] - takeScreenshot(screenPath + i + ".png"): Taking screenshot successfully

2020-03-10 03:29:07 - [MESSAGE][PASSED] - Taking screenshot successfully
[[ATTACHMENT|D:\\Test\\AgileTest\\Reports\\HP\\HP\\20200310_030929\\../Screenshots/iPhone X/HP/Dental/20200310_032843/2.png]]

2020-03-10 03:29:07 - [TEST_STEP][PASSED] - (internal.GlobalVariable.i++): null

2020-03-10 03:29:07 - [MESSAGE][PASSED] - Call Test Case 'Test Cases/AHI/_include/get_screenshot' successfully

2020-03-10 03:29:07 - [TEST_STEP][PASSED] - url = selenium.getAttribute("xpath=(//a[contains(text(),'Apply Now')])@href"): null

2020-03-10 03:29:08 - [TEST_STEP][PASSED] - openBrowser(url): Browser is opened with url: 'http://praetemptatus.agilehealthinsurance.com/dental-insurance-quotes?utm_source=healthpocket&utm_medium=detail_page&utm_campaign=dental_detail_page_xsell'

2020-03-10 03:29:08 - [MESSAGE][WARNING] - A browser is already opened. Closing browser and opening a new one

2020-03-10 03:29:09 - [MESSAGE][INFO] - Starting 'Chrome' driver

2020-03-10 03:29:09 - [MESSAGE][INFO] - User set preference: ['mobileEmulation', '{deviceName=iPhone X}']

2020-03-10 03:29:09 - [MESSAGE][INFO] - User set preference: ['args', '[--incognito, --aggressive-cache-discard, --no-sandbox, --window-size=375,812, --ignore-certificate-errors]']

2020-03-10 03:29:12 - [MESSAGE][PASSED] - Browser is opened with url: 'http://praetemptatus.agilehealthinsurance.com/dental-insurance-quotes?utm_source=healthpocket&utm_medium=detail_page&utm_campaign=dental_detail_page_xsell'

2020-03-10 03:29:12 - [TEST_STEP][PASSED] - Thread.sleep(3000): null

2020-03-10 03:29:15 - [TEST_STEP][PASSED] - callTestCase(findTestCase("AHI/_include/get_screenshot"), [:], STOP_ON_FAILURE): Call Test Case 'Test Cases/AHI/_include/get_screenshot' successfully

2020-03-10 03:29:15 - [TEST_CASE][PASSED] - Test Cases/AHI/_include/get_screenshot: Test Cases/AHI/_include/get_screenshot

2020-03-10 03:29:15 - [TEST_STEP][PASSED] - Thread.sleep(1000): null

2020-03-10 03:29:16 - [TEST_STEP][PASSED] - takeScreenshot(screenPath + i + ".png"): Taking screenshot successfully

2020-03-10 03:29:17 - [MESSAGE][PASSED] - Taking screenshot successfully
[[ATTACHMENT|D:\\Test\\AgileTest\\Reports\\HP\\HP\\20200310_030929\\../Screenshots/iPhone X/HP/Dental/20200310_032843/3.png]]

2020-03-10 03:29:17 - [TEST_STEP][PASSED] - (internal.GlobalVariable.i++): null

2020-03-10 03:29:17 - [MESSAGE][PASSED] - Call Test Case 'Test Cases/AHI/_include/get_screenshot' successfully]]></system-out>
         <system-err><![CDATA[]]></system-err>
      </testcase>
      <testcase name="Test Cases/HP/Health Plans/Medicaid Public" classname="Test Cases/HP/Health Plans/Medicaid Public" status="PASSED">
         <system-out><![CDATA[2020-03-10 03:29:17 - [TEST_CASE][PASSED] - Test Cases/HP/Health Plans/Medicaid Public: Test Cases/HP/Health Plans/Medicaid Public

2020-03-10 03:29:17 - [TEST_STEP][PASSED] - now = new java.util.Date(): null

2020-03-10 03:29:17 - [TEST_STEP][PASSED] - mydate = now.format("yyyyMMdd_HHmmss"): null

2020-03-10 03:29:17 - [TEST_STEP][PASSED] - i = 0: null

2020-03-10 03:29:17 - [TEST_STEP][PASSED] - callTestCase(findTestCase("AHI/_include/get_screenPath"), ["productLine":"HP", "carrierName":"Medicaid Public"], CONTINUE_ON_FAILURE): Call Test Case 'Test Cases/AHI/_include/get_screenPath' successfully

2020-03-10 03:29:17 - [TEST_CASE][PASSED] - Test Cases/AHI/_include/get_screenPath: Test Cases/AHI/_include/get_screenPath

2020-03-10 03:29:17 - [TEST_STEP][PASSED] - m = getExecutionProperties(): null

2020-03-10 03:29:17 - [TEST_STEP][PASSED] - deviceName = get("mobileEmulation").get("deviceName"): null

2020-03-10 03:29:17 - [TEST_STEP][PASSED] - println(deviceName): null

2020-03-10 03:29:17 - [TEST_STEP][PASSED] - now = new java.util.Date(): null

2020-03-10 03:29:17 - [TEST_STEP][PASSED] - mydate = now.format("yyyyMMdd_HHmmss"): null

2020-03-10 03:29:17 - [TEST_STEP][PASSED] - screenPath = "../Screenshots/": null

2020-03-10 03:29:17 - [TEST_STEP][PASSED] - screenPath = screenPath + deviceName + "/" + productLine + "/" + carrierName + "/" + mydate + "/": null

2020-03-10 03:29:17 - [TEST_STEP][PASSED] - println(screenPath): null

2020-03-10 03:29:17 - [MESSAGE][PASSED] - Call Test Case 'Test Cases/AHI/_include/get_screenPath' successfully

2020-03-10 03:29:17 - [TEST_STEP][PASSED] - second = <not implemented yet for class: org.codehaus.groovy.ast.expr.EmptyExpression>: null

2020-03-10 03:29:17 - [TEST_STEP][PASSED] - openBrowser(env + "/medicaid-public-plans"): Browser is opened with url: 'http://pengujian.healthpocket.com/medicaid-public-plans'

2020-03-10 03:29:17 - [MESSAGE][WARNING] - A browser is already opened. Closing browser and opening a new one

2020-03-10 03:29:18 - [MESSAGE][INFO] - Starting 'Chrome' driver

2020-03-10 03:29:18 - [MESSAGE][INFO] - User set preference: ['mobileEmulation', '{deviceName=iPhone X}']

2020-03-10 03:29:18 - [MESSAGE][INFO] - User set preference: ['args', '[--incognito, --aggressive-cache-discard, --no-sandbox, --window-size=375,812, --ignore-certificate-errors]']

2020-03-10 03:29:22 - [MESSAGE][PASSED] - Browser is opened with url: 'http://pengujian.healthpocket.com/medicaid-public-plans'

2020-03-10 03:29:22 - [TEST_STEP][PASSED] - Thread.sleep(3000): null

2020-03-10 03:29:25 - [TEST_STEP][PASSED] - driver = getWebDriver(): null

2020-03-10 03:29:25 - [TEST_STEP][PASSED] - baseUrl = env: null

2020-03-10 03:29:25 - [TEST_STEP][PASSED] - selenium = new com.thoughtworks.selenium.webdriven.WebDriverBackedSelenium(driver, baseUrl): null

2020-03-10 03:29:25 - [TEST_STEP][PASSED] - for ([second = 0, second < 10, (second++)]): null

2020-03-10 03:29:25 - [TEST_STEP][PASSED] - try: null

2020-03-10 03:29:25 - [TEST_STEP][PASSED] - if (selenium.isElementPresent("id=location")): null

2020-03-10 03:29:25 - [TEST_STEP][PASSED] - break: null

2020-03-10 03:29:25 - [TEST_STEP][PASSED] - callTestCase(findTestCase("AHI/_include/get_screenshot"), [:], STOP_ON_FAILURE): Call Test Case 'Test Cases/AHI/_include/get_screenshot' successfully

2020-03-10 03:29:25 - [TEST_CASE][PASSED] - Test Cases/AHI/_include/get_screenshot: Test Cases/AHI/_include/get_screenshot

2020-03-10 03:29:25 - [TEST_STEP][PASSED] - Thread.sleep(1000): null

2020-03-10 03:29:26 - [TEST_STEP][PASSED] - takeScreenshot(screenPath + i + ".png"): Taking screenshot successfully

2020-03-10 03:29:27 - [MESSAGE][PASSED] - Taking screenshot successfully
[[ATTACHMENT|D:\\Test\\AgileTest\\Reports\\HP\\HP\\20200310_030929\\../Screenshots/iPhone X/HP/Medicaid Public/20200310_032917/0.png]]

2020-03-10 03:29:27 - [TEST_STEP][PASSED] - (internal.GlobalVariable.i++): null

2020-03-10 03:29:27 - [MESSAGE][PASSED] - Call Test Case 'Test Cases/AHI/_include/get_screenshot' successfully

2020-03-10 03:29:27 - [TEST_STEP][PASSED] - selenium.type("id=location", "32209"): null

2020-03-10 03:29:27 - [TEST_STEP][PASSED] - selenium.click("id=findPlans"): null

2020-03-10 03:29:28 - [TEST_STEP][PASSED] - for ([second = 0, second < 10, (second++)]): null

2020-03-10 03:29:28 - [TEST_STEP][PASSED] - try: null

2020-03-10 03:29:28 - [TEST_STEP][PASSED] - if (selenium.isElementPresent("//a[contains(text(),'Select')]")): null

2020-03-10 03:29:31 - [TEST_STEP][PASSED] - break: null

2020-03-10 03:29:31 - [TEST_STEP][PASSED] - callTestCase(findTestCase("AHI/_include/get_screenshot"), [:], STOP_ON_FAILURE): Call Test Case 'Test Cases/AHI/_include/get_screenshot' successfully

2020-03-10 03:29:31 - [TEST_CASE][PASSED] - Test Cases/AHI/_include/get_screenshot: Test Cases/AHI/_include/get_screenshot

2020-03-10 03:29:31 - [TEST_STEP][PASSED] - Thread.sleep(1000): null

2020-03-10 03:29:32 - [TEST_STEP][PASSED] - takeScreenshot(screenPath + i + ".png"): Taking screenshot successfully

2020-03-10 03:29:32 - [MESSAGE][PASSED] - Taking screenshot successfully
[[ATTACHMENT|D:\\Test\\AgileTest\\Reports\\HP\\HP\\20200310_030929\\../Screenshots/iPhone X/HP/Medicaid Public/20200310_032917/1.png]]

2020-03-10 03:29:32 - [TEST_STEP][PASSED] - (internal.GlobalVariable.i++): null

2020-03-10 03:29:32 - [MESSAGE][PASSED] - Call Test Case 'Test Cases/AHI/_include/get_screenshot' successfully

2020-03-10 03:29:32 - [TEST_STEP][PASSED] - selenium.click("//a[contains(text(),'Select')]"): null

2020-03-10 03:29:33 - [TEST_STEP][PASSED] - for ([second = 0, second < 60, (second++)]): null

2020-03-10 03:29:33 - [TEST_STEP][PASSED] - try: null

2020-03-10 03:29:33 - [TEST_STEP][PASSED] - if (selenium.isElementPresent("//div/h2[contains(text(),'Ways to Learn More')]")): null

2020-03-10 03:29:33 - [TEST_STEP][PASSED] - break: null

2020-03-10 03:29:33 - [TEST_STEP][PASSED] - callTestCase(findTestCase("AHI/_include/get_screenshot"), [:], STOP_ON_FAILURE): Call Test Case 'Test Cases/AHI/_include/get_screenshot' successfully

2020-03-10 03:29:34 - [TEST_CASE][PASSED] - Test Cases/AHI/_include/get_screenshot: Test Cases/AHI/_include/get_screenshot

2020-03-10 03:29:34 - [TEST_STEP][PASSED] - Thread.sleep(1000): null

2020-03-10 03:29:35 - [TEST_STEP][PASSED] - takeScreenshot(screenPath + i + ".png"): Taking screenshot successfully

2020-03-10 03:29:35 - [MESSAGE][PASSED] - Taking screenshot successfully
[[ATTACHMENT|D:\\Test\\AgileTest\\Reports\\HP\\HP\\20200310_030929\\../Screenshots/iPhone X/HP/Medicaid Public/20200310_032917/2.png]]

2020-03-10 03:29:35 - [TEST_STEP][PASSED] - (internal.GlobalVariable.i++): null

2020-03-10 03:29:35 - [MESSAGE][PASSED] - Call Test Case 'Test Cases/AHI/_include/get_screenshot' successfully]]></system-out>
         <system-err><![CDATA[]]></system-err>
      </testcase>
      <testcase name="Test Cases/HP/Health Plans/Medicare" classname="Test Cases/HP/Health Plans/Medicare" status="PASSED">
         <system-out><![CDATA[2020-03-10 03:29:35 - [TEST_CASE][PASSED] - Test Cases/HP/Health Plans/Medicare: Test Cases/HP/Health Plans/Medicare

2020-03-10 03:29:36 - [TEST_STEP][PASSED] - now = new java.util.Date(): null

2020-03-10 03:29:36 - [TEST_STEP][PASSED] - mydate = now.format("yyyyMMdd_HHmmss"): null

2020-03-10 03:29:36 - [TEST_STEP][PASSED] - callTestCase(findTestCase("AHI/_include/get_screenPath"), ["productLine":"HP", "carrierName":"Medicare"], CONTINUE_ON_FAILURE): Call Test Case 'Test Cases/AHI/_include/get_screenPath' successfully

2020-03-10 03:29:36 - [TEST_CASE][PASSED] - Test Cases/AHI/_include/get_screenPath: Test Cases/AHI/_include/get_screenPath

2020-03-10 03:29:36 - [TEST_STEP][PASSED] - m = getExecutionProperties(): null

2020-03-10 03:29:36 - [TEST_STEP][PASSED] - deviceName = get("mobileEmulation").get("deviceName"): null

2020-03-10 03:29:36 - [TEST_STEP][PASSED] - println(deviceName): null

2020-03-10 03:29:36 - [TEST_STEP][PASSED] - now = new java.util.Date(): null

2020-03-10 03:29:36 - [TEST_STEP][PASSED] - mydate = now.format("yyyyMMdd_HHmmss"): null

2020-03-10 03:29:36 - [TEST_STEP][PASSED] - screenPath = "../Screenshots/": null

2020-03-10 03:29:36 - [TEST_STEP][PASSED] - screenPath = screenPath + deviceName + "/" + productLine + "/" + carrierName + "/" + mydate + "/": null

2020-03-10 03:29:36 - [TEST_STEP][PASSED] - println(screenPath): null

2020-03-10 03:29:36 - [MESSAGE][PASSED] - Call Test Case 'Test Cases/AHI/_include/get_screenPath' successfully

2020-03-10 03:29:36 - [TEST_STEP][PASSED] - i = 0: null

2020-03-10 03:29:36 - [TEST_STEP][PASSED] - openBrowser(env + "/medicare"): Browser is opened with url: 'http://pengujian.healthpocket.com/medicare'

2020-03-10 03:29:36 - [MESSAGE][WARNING] - A browser is already opened. Closing browser and opening a new one

2020-03-10 03:29:38 - [MESSAGE][INFO] - Starting 'Chrome' driver

2020-03-10 03:29:38 - [MESSAGE][INFO] - User set preference: ['mobileEmulation', '{deviceName=iPhone X}']

2020-03-10 03:29:38 - [MESSAGE][INFO] - User set preference: ['args', '[--incognito, --aggressive-cache-discard, --no-sandbox, --window-size=375,812, --ignore-certificate-errors]']

2020-03-10 03:29:42 - [MESSAGE][PASSED] - Browser is opened with url: 'http://pengujian.healthpocket.com/medicare'

2020-03-10 03:29:42 - [TEST_STEP][PASSED] - driver = getWebDriver(): null

2020-03-10 03:29:42 - [TEST_STEP][PASSED] - baseUrl = env: null

2020-03-10 03:29:42 - [TEST_STEP][PASSED] - selenium = new com.thoughtworks.selenium.webdriven.WebDriverBackedSelenium(driver, baseUrl): null

2020-03-10 03:29:42 - [TEST_STEP][PASSED] - callTestCase(findTestCase("AHI/_include/get_screenshot"), [:], STOP_ON_FAILURE): Call Test Case 'Test Cases/AHI/_include/get_screenshot' successfully

2020-03-10 03:29:42 - [TEST_CASE][PASSED] - Test Cases/AHI/_include/get_screenshot: Test Cases/AHI/_include/get_screenshot

2020-03-10 03:29:42 - [TEST_STEP][PASSED] - Thread.sleep(1000): null

2020-03-10 03:29:43 - [TEST_STEP][PASSED] - takeScreenshot(screenPath + i + ".png"): Taking screenshot successfully

2020-03-10 03:29:44 - [MESSAGE][PASSED] - Taking screenshot successfully
[[ATTACHMENT|D:\\Test\\AgileTest\\Reports\\HP\\HP\\20200310_030929\\../Screenshots/iPhone X/HP/Medicare/20200310_032936/0.png]]

2020-03-10 03:29:44 - [TEST_STEP][PASSED] - (internal.GlobalVariable.i++): null

2020-03-10 03:29:44 - [MESSAGE][PASSED] - Call Test Case 'Test Cases/AHI/_include/get_screenshot' successfully

2020-03-10 03:29:44 - [TEST_STEP][PASSED] - selenium.click("id=location"): null

2020-03-10 03:29:44 - [TEST_STEP][PASSED] - selenium.type("id=location", "32209"): null

2020-03-10 03:29:44 - [TEST_STEP][PASSED] - selenium.click("id=findPlans"): null

2020-03-10 03:29:44 - [TEST_STEP][PASSED] - for ([second = 0, second < 60, (second++)]): null

2020-03-10 03:29:44 - [TEST_STEP][PASSED] - try: null

2020-03-10 03:29:44 - [TEST_STEP][PASSED] - if (selenium.isElementPresent("//a[contains(text(),'Select')]")): null

2020-03-10 03:29:44 - [TEST_STEP][PASSED] - Thread.sleep(1000): null

2020-03-10 03:29:45 - [TEST_STEP][PASSED] - try: null

2020-03-10 03:29:45 - [TEST_STEP][PASSED] - if (selenium.isElementPresent("//a[contains(text(),'Select')]")): null

2020-03-10 03:29:46 - [TEST_STEP][PASSED] - break: null

2020-03-10 03:29:46 - [TEST_STEP][PASSED] - callTestCase(findTestCase("AHI/_include/get_screenshot"), [:], STOP_ON_FAILURE): Call Test Case 'Test Cases/AHI/_include/get_screenshot' successfully

2020-03-10 03:29:46 - [TEST_CASE][PASSED] - Test Cases/AHI/_include/get_screenshot: Test Cases/AHI/_include/get_screenshot

2020-03-10 03:29:46 - [TEST_STEP][PASSED] - Thread.sleep(1000): null

2020-03-10 03:29:47 - [TEST_STEP][PASSED] - takeScreenshot(screenPath + i + ".png"): Taking screenshot successfully

2020-03-10 03:29:47 - [MESSAGE][PASSED] - Taking screenshot successfully
[[ATTACHMENT|D:\\Test\\AgileTest\\Reports\\HP\\HP\\20200310_030929\\../Screenshots/iPhone X/HP/Medicare/20200310_032936/1.png]]

2020-03-10 03:29:47 - [TEST_STEP][PASSED] - (internal.GlobalVariable.i++): null

2020-03-10 03:29:47 - [MESSAGE][PASSED] - Call Test Case 'Test Cases/AHI/_include/get_screenshot' successfully

2020-03-10 03:29:47 - [TEST_STEP][PASSED] - selenium.click("//a[contains(text(),'Select')]"): null

2020-03-10 03:29:47 - [TEST_STEP][PASSED] - for ([second = 0, second < 60, (second++)]): null

2020-03-10 03:29:47 - [TEST_STEP][PASSED] - try: null

2020-03-10 03:29:47 - [TEST_STEP][PASSED] - if (selenium.isElementPresent("//a/h2[contains(text(),'Benefits & Coverage')]")): null

2020-03-10 03:29:47 - [TEST_STEP][PASSED] - Thread.sleep(1000): null

2020-03-10 03:29:48 - [TEST_STEP][PASSED] - try: null

2020-03-10 03:29:48 - [TEST_STEP][PASSED] - if (selenium.isElementPresent("//a/h2[contains(text(),'Benefits & Coverage')]")): null

2020-03-10 03:29:49 - [TEST_STEP][PASSED] - Thread.sleep(1000): null

2020-03-10 03:29:50 - [TEST_STEP][PASSED] - try: null

2020-03-10 03:29:50 - [TEST_STEP][PASSED] - if (selenium.isElementPresent("//a/h2[contains(text(),'Benefits & Coverage')]")): null

2020-03-10 03:29:50 - [TEST_STEP][PASSED] - break: null

2020-03-10 03:29:50 - [TEST_STEP][PASSED] - callTestCase(findTestCase("AHI/_include/get_screenshot"), [:], STOP_ON_FAILURE): Call Test Case 'Test Cases/AHI/_include/get_screenshot' successfully

2020-03-10 03:29:50 - [TEST_CASE][PASSED] - Test Cases/AHI/_include/get_screenshot: Test Cases/AHI/_include/get_screenshot

2020-03-10 03:29:50 - [TEST_STEP][PASSED] - Thread.sleep(1000): null

2020-03-10 03:29:51 - [TEST_STEP][PASSED] - takeScreenshot(screenPath + i + ".png"): Taking screenshot successfully

2020-03-10 03:29:51 - [MESSAGE][PASSED] - Taking screenshot successfully
[[ATTACHMENT|D:\\Test\\AgileTest\\Reports\\HP\\HP\\20200310_030929\\../Screenshots/iPhone X/HP/Medicare/20200310_032936/2.png]]

2020-03-10 03:29:51 - [TEST_STEP][PASSED] - (internal.GlobalVariable.i++): null

2020-03-10 03:29:51 - [MESSAGE][PASSED] - Call Test Case 'Test Cases/AHI/_include/get_screenshot' successfully]]></system-out>
         <system-err><![CDATA[]]></system-err>
      </testcase>
      <testcase name="Test Cases/HP/Health Plans/Medigap" classname="Test Cases/HP/Health Plans/Medigap" status="PASSED">
         <system-out><![CDATA[2020-03-10 03:29:51 - [TEST_CASE][PASSED] - Test Cases/HP/Health Plans/Medigap: Test Cases/HP/Health Plans/Medigap

2020-03-10 03:29:51 - [TEST_STEP][PASSED] - now = new java.util.Date(): null

2020-03-10 03:29:51 - [TEST_STEP][PASSED] - mydate = now.format("yyyyMMdd_HHmmss"): null

2020-03-10 03:29:51 - [TEST_STEP][PASSED] - i = 0: null

2020-03-10 03:29:51 - [TEST_STEP][PASSED] - callTestCase(findTestCase("AHI/_include/get_screenPath"), ["productLine":"HP", "carrierName":"Medigap"], CONTINUE_ON_FAILURE): Call Test Case 'Test Cases/AHI/_include/get_screenPath' successfully

2020-03-10 03:29:51 - [TEST_CASE][PASSED] - Test Cases/AHI/_include/get_screenPath: Test Cases/AHI/_include/get_screenPath

2020-03-10 03:29:51 - [TEST_STEP][PASSED] - m = getExecutionProperties(): null

2020-03-10 03:29:51 - [TEST_STEP][PASSED] - deviceName = get("mobileEmulation").get("deviceName"): null

2020-03-10 03:29:51 - [TEST_STEP][PASSED] - println(deviceName): null

2020-03-10 03:29:51 - [TEST_STEP][PASSED] - now = new java.util.Date(): null

2020-03-10 03:29:51 - [TEST_STEP][PASSED] - mydate = now.format("yyyyMMdd_HHmmss"): null

2020-03-10 03:29:51 - [TEST_STEP][PASSED] - screenPath = "../Screenshots/": null

2020-03-10 03:29:51 - [TEST_STEP][PASSED] - screenPath = screenPath + deviceName + "/" + productLine + "/" + carrierName + "/" + mydate + "/": null

2020-03-10 03:29:51 - [TEST_STEP][PASSED] - println(screenPath): null

2020-03-10 03:29:51 - [MESSAGE][PASSED] - Call Test Case 'Test Cases/AHI/_include/get_screenPath' successfully

2020-03-10 03:29:51 - [TEST_STEP][PASSED] - second = <not implemented yet for class: org.codehaus.groovy.ast.expr.EmptyExpression>: null

2020-03-10 03:29:51 - [TEST_STEP][PASSED] - openBrowser(env + "/medicare-medigap"): Browser is opened with url: 'http://pengujian.healthpocket.com/medicare-medigap'

2020-03-10 03:29:51 - [MESSAGE][WARNING] - A browser is already opened. Closing browser and opening a new one

2020-03-10 03:29:53 - [MESSAGE][INFO] - Starting 'Chrome' driver

2020-03-10 03:29:53 - [MESSAGE][INFO] - User set preference: ['mobileEmulation', '{deviceName=iPhone X}']

2020-03-10 03:29:53 - [MESSAGE][INFO] - User set preference: ['args', '[--incognito, --aggressive-cache-discard, --no-sandbox, --window-size=375,812, --ignore-certificate-errors]']

2020-03-10 03:29:55 - [MESSAGE][PASSED] - Browser is opened with url: 'http://pengujian.healthpocket.com/medicare-medigap'

2020-03-10 03:29:55 - [TEST_STEP][PASSED] - Thread.sleep(3000): null

2020-03-10 03:29:58 - [TEST_STEP][PASSED] - driver = getWebDriver(): null

2020-03-10 03:29:58 - [TEST_STEP][PASSED] - baseUrl = env: null

2020-03-10 03:29:58 - [TEST_STEP][PASSED] - selenium = new com.thoughtworks.selenium.webdriven.WebDriverBackedSelenium(driver, baseUrl): null

2020-03-10 03:29:58 - [TEST_STEP][PASSED] - for ([second = 0, second < 10, (second++)]): null

2020-03-10 03:29:58 - [TEST_STEP][PASSED] - try: null

2020-03-10 03:29:58 - [TEST_STEP][PASSED] - if (selenium.isElementPresent("id=location")): null

2020-03-10 03:29:59 - [TEST_STEP][PASSED] - break: null

2020-03-10 03:29:59 - [TEST_STEP][PASSED] - callTestCase(findTestCase("AHI/_include/get_screenshot"), [:], STOP_ON_FAILURE): Call Test Case 'Test Cases/AHI/_include/get_screenshot' successfully

2020-03-10 03:29:59 - [TEST_CASE][PASSED] - Test Cases/AHI/_include/get_screenshot: Test Cases/AHI/_include/get_screenshot

2020-03-10 03:29:59 - [TEST_STEP][PASSED] - Thread.sleep(1000): null

2020-03-10 03:30:00 - [TEST_STEP][PASSED] - takeScreenshot(screenPath + i + ".png"): Taking screenshot successfully

2020-03-10 03:30:01 - [MESSAGE][PASSED] - Taking screenshot successfully
[[ATTACHMENT|D:\\Test\\AgileTest\\Reports\\HP\\HP\\20200310_030929\\../Screenshots/iPhone X/HP/Medigap/20200310_032951/0.png]]

2020-03-10 03:30:01 - [TEST_STEP][PASSED] - (internal.GlobalVariable.i++): null

2020-03-10 03:30:01 - [MESSAGE][PASSED] - Call Test Case 'Test Cases/AHI/_include/get_screenshot' successfully

2020-03-10 03:30:01 - [TEST_STEP][PASSED] - selenium.type("id=location", "32209"): null

2020-03-10 03:30:01 - [TEST_STEP][PASSED] - selenium.click("id=findPlans"): null

2020-03-10 03:30:01 - [TEST_STEP][PASSED] - for ([second = 0, second < 10, (second++)]): null

2020-03-10 03:30:01 - [TEST_STEP][PASSED] - try: null

2020-03-10 03:30:01 - [TEST_STEP][PASSED] - if (selenium.isElementPresent("//a[contains(text(),'Select')]")): null

2020-03-10 03:30:02 - [TEST_STEP][PASSED] - Thread.sleep(1000): null

2020-03-10 03:30:03 - [TEST_STEP][PASSED] - try: null

2020-03-10 03:30:03 - [TEST_STEP][PASSED] - if (selenium.isElementPresent("//a[contains(text(),'Select')]")): null

2020-03-10 03:30:04 - [TEST_STEP][PASSED] - break: null

2020-03-10 03:30:04 - [TEST_STEP][PASSED] - callTestCase(findTestCase("AHI/_include/get_screenshot"), [:], STOP_ON_FAILURE): Call Test Case 'Test Cases/AHI/_include/get_screenshot' successfully

2020-03-10 03:30:04 - [TEST_CASE][PASSED] - Test Cases/AHI/_include/get_screenshot: Test Cases/AHI/_include/get_screenshot

2020-03-10 03:30:04 - [TEST_STEP][PASSED] - Thread.sleep(1000): null

2020-03-10 03:30:05 - [TEST_STEP][PASSED] - takeScreenshot(screenPath + i + ".png"): Taking screenshot successfully

2020-03-10 03:30:05 - [MESSAGE][PASSED] - Taking screenshot successfully
[[ATTACHMENT|D:\\Test\\AgileTest\\Reports\\HP\\HP\\20200310_030929\\../Screenshots/iPhone X/HP/Medigap/20200310_032951/1.png]]

2020-03-10 03:30:05 - [TEST_STEP][PASSED] - (internal.GlobalVariable.i++): null

2020-03-10 03:30:05 - [MESSAGE][PASSED] - Call Test Case 'Test Cases/AHI/_include/get_screenshot' successfully

2020-03-10 03:30:05 - [TEST_STEP][PASSED] - selenium.click("//a[contains(text(),'Select')]"): null

2020-03-10 03:30:05 - [TEST_STEP][PASSED] - for ([second = 0, second < 60, (second++)]): null

2020-03-10 03:30:05 - [TEST_STEP][PASSED] - try: null

2020-03-10 03:30:05 - [TEST_STEP][PASSED] - if (selenium.isElementPresent("//a/h2[contains(text(),'Plan Benefits')]")): null

2020-03-10 03:30:05 - [TEST_STEP][PASSED] - Thread.sleep(1000): null

2020-03-10 03:30:06 - [TEST_STEP][PASSED] - try: null

2020-03-10 03:30:06 - [TEST_STEP][PASSED] - if (selenium.isElementPresent("//a/h2[contains(text(),'Plan Benefits')]")): null

2020-03-10 03:30:07 - [TEST_STEP][PASSED] - Thread.sleep(1000): null

2020-03-10 03:30:08 - [TEST_STEP][PASSED] - try: null

2020-03-10 03:30:08 - [TEST_STEP][PASSED] - if (selenium.isElementPresent("//a/h2[contains(text(),'Plan Benefits')]")): null

2020-03-10 03:30:08 - [TEST_STEP][PASSED] - break: null

2020-03-10 03:30:08 - [TEST_STEP][PASSED] - callTestCase(findTestCase("AHI/_include/get_screenshot"), [:], STOP_ON_FAILURE): Call Test Case 'Test Cases/AHI/_include/get_screenshot' successfully

2020-03-10 03:30:08 - [TEST_CASE][PASSED] - Test Cases/AHI/_include/get_screenshot: Test Cases/AHI/_include/get_screenshot

2020-03-10 03:30:08 - [TEST_STEP][PASSED] - Thread.sleep(1000): null

2020-03-10 03:30:09 - [TEST_STEP][PASSED] - takeScreenshot(screenPath + i + ".png"): Taking screenshot successfully

2020-03-10 03:30:09 - [MESSAGE][PASSED] - Taking screenshot successfully
[[ATTACHMENT|D:\\Test\\AgileTest\\Reports\\HP\\HP\\20200310_030929\\../Screenshots/iPhone X/HP/Medigap/20200310_032951/2.png]]

2020-03-10 03:30:09 - [TEST_STEP][PASSED] - (internal.GlobalVariable.i++): null

2020-03-10 03:30:09 - [MESSAGE][PASSED] - Call Test Case 'Test Cases/AHI/_include/get_screenshot' successfully]]></system-out>
         <system-err><![CDATA[]]></system-err>
      </testcase>
      <testcase name="Test Cases/HP/Health Plans/Small Business" classname="Test Cases/HP/Health Plans/Small Business" status="PASSED">
         <system-out><![CDATA[2020-03-10 03:30:09 - [TEST_CASE][PASSED] - Test Cases/HP/Health Plans/Small Business: Test Cases/HP/Health Plans/Small Business

2020-03-10 03:30:09 - [TEST_STEP][PASSED] - now = new java.util.Date(): null

2020-03-10 03:30:09 - [TEST_STEP][PASSED] - mydate = now.format("yyyyMMdd_HHmmss"): null

2020-03-10 03:30:09 - [TEST_STEP][PASSED] - i = 0: null

2020-03-10 03:30:09 - [TEST_STEP][PASSED] - callTestCase(findTestCase("AHI/_include/get_screenPath"), ["productLine":"HP", "carrierName":"Small Business"], CONTINUE_ON_FAILURE): Call Test Case 'Test Cases/AHI/_include/get_screenPath' successfully

2020-03-10 03:30:09 - [TEST_CASE][PASSED] - Test Cases/AHI/_include/get_screenPath: Test Cases/AHI/_include/get_screenPath

2020-03-10 03:30:09 - [TEST_STEP][PASSED] - m = getExecutionProperties(): null

2020-03-10 03:30:09 - [TEST_STEP][PASSED] - deviceName = get("mobileEmulation").get("deviceName"): null

2020-03-10 03:30:09 - [TEST_STEP][PASSED] - println(deviceName): null

2020-03-10 03:30:09 - [TEST_STEP][PASSED] - now = new java.util.Date(): null

2020-03-10 03:30:09 - [TEST_STEP][PASSED] - mydate = now.format("yyyyMMdd_HHmmss"): null

2020-03-10 03:30:09 - [TEST_STEP][PASSED] - screenPath = "../Screenshots/": null

2020-03-10 03:30:09 - [TEST_STEP][PASSED] - screenPath = screenPath + deviceName + "/" + productLine + "/" + carrierName + "/" + mydate + "/": null

2020-03-10 03:30:09 - [TEST_STEP][PASSED] - println(screenPath): null

2020-03-10 03:30:09 - [MESSAGE][PASSED] - Call Test Case 'Test Cases/AHI/_include/get_screenPath' successfully

2020-03-10 03:30:09 - [TEST_STEP][PASSED] - second = <not implemented yet for class: org.codehaus.groovy.ast.expr.EmptyExpression>: null

2020-03-10 03:30:09 - [TEST_STEP][PASSED] - openBrowser(env + "/small-business-health-insurance"): Browser is opened with url: 'http://pengujian.healthpocket.com/small-business-health-insurance'

2020-03-10 03:30:09 - [MESSAGE][WARNING] - A browser is already opened. Closing browser and opening a new one

2020-03-10 03:30:10 - [MESSAGE][INFO] - Starting 'Chrome' driver

2020-03-10 03:30:10 - [MESSAGE][INFO] - User set preference: ['mobileEmulation', '{deviceName=iPhone X}']

2020-03-10 03:30:10 - [MESSAGE][INFO] - User set preference: ['args', '[--incognito, --aggressive-cache-discard, --no-sandbox, --window-size=375,812, --ignore-certificate-errors]']

2020-03-10 03:30:13 - [MESSAGE][PASSED] - Browser is opened with url: 'http://pengujian.healthpocket.com/small-business-health-insurance'

2020-03-10 03:30:13 - [TEST_STEP][PASSED] - Thread.sleep(3000): null

2020-03-10 03:30:16 - [TEST_STEP][PASSED] - driver = getWebDriver(): null

2020-03-10 03:30:16 - [TEST_STEP][PASSED] - baseUrl = env: null

2020-03-10 03:30:16 - [TEST_STEP][PASSED] - selenium = new com.thoughtworks.selenium.webdriven.WebDriverBackedSelenium(driver, baseUrl): null

2020-03-10 03:30:16 - [TEST_STEP][PASSED] - for ([second = 0, second < 10, (second++)]): null

2020-03-10 03:30:16 - [TEST_STEP][PASSED] - try: null

2020-03-10 03:30:16 - [TEST_STEP][PASSED] - if (selenium.isElementPresent("id=location")): null

2020-03-10 03:30:16 - [TEST_STEP][PASSED] - break: null

2020-03-10 03:30:16 - [TEST_STEP][PASSED] - callTestCase(findTestCase("AHI/_include/get_screenshot"), [:], STOP_ON_FAILURE): Call Test Case 'Test Cases/AHI/_include/get_screenshot' successfully

2020-03-10 03:30:16 - [TEST_CASE][PASSED] - Test Cases/AHI/_include/get_screenshot: Test Cases/AHI/_include/get_screenshot

2020-03-10 03:30:16 - [TEST_STEP][PASSED] - Thread.sleep(1000): null

2020-03-10 03:30:17 - [TEST_STEP][PASSED] - takeScreenshot(screenPath + i + ".png"): Taking screenshot successfully

2020-03-10 03:30:18 - [MESSAGE][PASSED] - Taking screenshot successfully
[[ATTACHMENT|D:\\Test\\AgileTest\\Reports\\HP\\HP\\20200310_030929\\../Screenshots/iPhone X/HP/Small Business/20200310_033009/0.png]]

2020-03-10 03:30:18 - [TEST_STEP][PASSED] - (internal.GlobalVariable.i++): null

2020-03-10 03:30:18 - [MESSAGE][PASSED] - Call Test Case 'Test Cases/AHI/_include/get_screenshot' successfully

2020-03-10 03:30:18 - [TEST_STEP][PASSED] - selenium.type("id=location", "32209"): null

2020-03-10 03:30:18 - [TEST_STEP][PASSED] - selenium.click("id=findPlans"): null

2020-03-10 03:30:18 - [TEST_STEP][PASSED] - for ([second = 0, second < 10, (second++)]): null

2020-03-10 03:30:18 - [TEST_STEP][PASSED] - try: null

2020-03-10 03:30:18 - [TEST_STEP][PASSED] - if (selenium.isElementPresent("//a[contains(text(),'Select')]")): null

2020-03-10 03:30:19 - [TEST_STEP][PASSED] - Thread.sleep(1000): null

2020-03-10 03:30:20 - [TEST_STEP][PASSED] - try: null

2020-03-10 03:30:20 - [TEST_STEP][PASSED] - if (selenium.isElementPresent("//a[contains(text(),'Select')]")): null

2020-03-10 03:30:20 - [TEST_STEP][PASSED] - break: null

2020-03-10 03:30:20 - [TEST_STEP][PASSED] - callTestCase(findTestCase("AHI/_include/get_screenshot"), [:], STOP_ON_FAILURE): Call Test Case 'Test Cases/AHI/_include/get_screenshot' successfully

2020-03-10 03:30:20 - [TEST_CASE][PASSED] - Test Cases/AHI/_include/get_screenshot: Test Cases/AHI/_include/get_screenshot

2020-03-10 03:30:20 - [TEST_STEP][PASSED] - Thread.sleep(1000): null

2020-03-10 03:30:21 - [TEST_STEP][PASSED] - takeScreenshot(screenPath + i + ".png"): Taking screenshot successfully

2020-03-10 03:30:22 - [MESSAGE][PASSED] - Taking screenshot successfully
[[ATTACHMENT|D:\\Test\\AgileTest\\Reports\\HP\\HP\\20200310_030929\\../Screenshots/iPhone X/HP/Small Business/20200310_033009/1.png]]

2020-03-10 03:30:22 - [TEST_STEP][PASSED] - (internal.GlobalVariable.i++): null

2020-03-10 03:30:22 - [MESSAGE][PASSED] - Call Test Case 'Test Cases/AHI/_include/get_screenshot' successfully

2020-03-10 03:30:22 - [TEST_STEP][PASSED] - selenium.click("//a[contains(text(),'Select')]"): null

2020-03-10 03:30:22 - [TEST_STEP][PASSED] - for ([second = 0, second < 60, (second++)]): null

2020-03-10 03:30:22 - [TEST_STEP][PASSED] - try: null

2020-03-10 03:30:22 - [TEST_STEP][PASSED] - if (selenium.isElementPresent("//div/h2[contains(text(),'Ways to Enroll or Learn More')]")): null

2020-03-10 03:30:23 - [TEST_STEP][PASSED] - break: null

2020-03-10 03:30:23 - [TEST_STEP][PASSED] - callTestCase(findTestCase("AHI/_include/get_screenshot"), [:], STOP_ON_FAILURE): Call Test Case 'Test Cases/AHI/_include/get_screenshot' successfully

2020-03-10 03:30:23 - [TEST_CASE][PASSED] - Test Cases/AHI/_include/get_screenshot: Test Cases/AHI/_include/get_screenshot

2020-03-10 03:30:23 - [TEST_STEP][PASSED] - Thread.sleep(1000): null

2020-03-10 03:30:24 - [TEST_STEP][PASSED] - takeScreenshot(screenPath + i + ".png"): Taking screenshot successfully

2020-03-10 03:30:24 - [MESSAGE][PASSED] - Taking screenshot successfully
[[ATTACHMENT|D:\\Test\\AgileTest\\Reports\\HP\\HP\\20200310_030929\\../Screenshots/iPhone X/HP/Small Business/20200310_033009/2.png]]

2020-03-10 03:30:24 - [TEST_STEP][PASSED] - (internal.GlobalVariable.i++): null

2020-03-10 03:30:24 - [MESSAGE][PASSED] - Call Test Case 'Test Cases/AHI/_include/get_screenshot' successfully]]></system-out>
         <system-err><![CDATA[]]></system-err>
      </testcase>
      <testcase name="Test Cases/HP/Health Plans/STM" classname="Test Cases/HP/Health Plans/STM" status="PASSED">
         <system-out><![CDATA[2020-03-10 03:30:24 - [TEST_CASE][PASSED] - Test Cases/HP/Health Plans/STM: Test Cases/HP/Health Plans/STM

2020-03-10 03:30:24 - [TEST_STEP][PASSED] - now = new java.util.Date(): null

2020-03-10 03:30:24 - [TEST_STEP][PASSED] - mydate = now.format("yyyyMMdd_HHmmss"): null

2020-03-10 03:30:24 - [TEST_STEP][PASSED] - callTestCase(findTestCase("AHI/_include/get_screenPath"), ["productLine":"HP", "carrierName":"STM"], CONTINUE_ON_FAILURE): Call Test Case 'Test Cases/AHI/_include/get_screenPath' successfully

2020-03-10 03:30:24 - [TEST_CASE][PASSED] - Test Cases/AHI/_include/get_screenPath: Test Cases/AHI/_include/get_screenPath

2020-03-10 03:30:24 - [TEST_STEP][PASSED] - m = getExecutionProperties(): null

2020-03-10 03:30:24 - [TEST_STEP][PASSED] - deviceName = get("mobileEmulation").get("deviceName"): null

2020-03-10 03:30:24 - [TEST_STEP][PASSED] - println(deviceName): null

2020-03-10 03:30:24 - [TEST_STEP][PASSED] - now = new java.util.Date(): null

2020-03-10 03:30:24 - [TEST_STEP][PASSED] - mydate = now.format("yyyyMMdd_HHmmss"): null

2020-03-10 03:30:24 - [TEST_STEP][PASSED] - screenPath = "../Screenshots/": null

2020-03-10 03:30:24 - [TEST_STEP][PASSED] - screenPath = screenPath + deviceName + "/" + productLine + "/" + carrierName + "/" + mydate + "/": null

2020-03-10 03:30:24 - [TEST_STEP][PASSED] - println(screenPath): null

2020-03-10 03:30:24 - [MESSAGE][PASSED] - Call Test Case 'Test Cases/AHI/_include/get_screenPath' successfully

2020-03-10 03:30:24 - [TEST_STEP][PASSED] - i = 0: null

2020-03-10 03:30:24 - [TEST_STEP][PASSED] - openBrowser(env + "/short-term-health-insurance"): Browser is opened with url: 'http://pengujian.healthpocket.com/short-term-health-insurance'

2020-03-10 03:30:24 - [MESSAGE][WARNING] - A browser is already opened. Closing browser and opening a new one

2020-03-10 03:30:25 - [MESSAGE][INFO] - Starting 'Chrome' driver

2020-03-10 03:30:25 - [MESSAGE][INFO] - User set preference: ['mobileEmulation', '{deviceName=iPhone X}']

2020-03-10 03:30:25 - [MESSAGE][INFO] - User set preference: ['args', '[--incognito, --aggressive-cache-discard, --no-sandbox, --window-size=375,812, --ignore-certificate-errors]']

2020-03-10 03:30:30 - [MESSAGE][PASSED] - Browser is opened with url: 'http://pengujian.healthpocket.com/short-term-health-insurance'

2020-03-10 03:30:30 - [TEST_STEP][PASSED] - driver = getWebDriver(): null

2020-03-10 03:30:30 - [TEST_STEP][PASSED] - baseUrl = env: null

2020-03-10 03:30:30 - [TEST_STEP][PASSED] - selenium = new com.thoughtworks.selenium.webdriven.WebDriverBackedSelenium(driver, baseUrl): null

2020-03-10 03:30:30 - [TEST_STEP][PASSED] - selenium.click("id=location"): null

2020-03-10 03:30:30 - [TEST_STEP][PASSED] - selenium.type("id=location", "32209"): null

2020-03-10 03:30:30 - [TEST_STEP][PASSED] - callTestCase(findTestCase("AHI/_include/get_screenshot"), [:], STOP_ON_FAILURE): Call Test Case 'Test Cases/AHI/_include/get_screenshot' successfully

2020-03-10 03:30:30 - [TEST_CASE][PASSED] - Test Cases/AHI/_include/get_screenshot: Test Cases/AHI/_include/get_screenshot

2020-03-10 03:30:30 - [TEST_STEP][PASSED] - Thread.sleep(1000): null

2020-03-10 03:30:31 - [TEST_STEP][PASSED] - takeScreenshot(screenPath + i + ".png"): Taking screenshot successfully

2020-03-10 03:30:32 - [MESSAGE][PASSED] - Taking screenshot successfully
[[ATTACHMENT|D:\\Test\\AgileTest\\Reports\\HP\\HP\\20200310_030929\\../Screenshots/iPhone X/HP/STM/20200310_033024/0.png]]

2020-03-10 03:30:32 - [TEST_STEP][PASSED] - (internal.GlobalVariable.i++): null

2020-03-10 03:30:32 - [MESSAGE][PASSED] - Call Test Case 'Test Cases/AHI/_include/get_screenshot' successfully

2020-03-10 03:30:32 - [TEST_STEP][PASSED] - selenium.click("id=findPlans"): null

2020-03-10 03:30:32 - [TEST_STEP][PASSED] - for ([second = 0, second < 10, (second++)]): null

2020-03-10 03:30:32 - [TEST_STEP][PASSED] - try: null

2020-03-10 03:30:32 - [TEST_STEP][PASSED] - if (selenium.isElementPresent("//a[contains(text(),'Select')]")): null

2020-03-10 03:30:32 - [TEST_STEP][PASSED] - Thread.sleep(1000): null

2020-03-10 03:30:33 - [TEST_STEP][PASSED] - try: null

2020-03-10 03:30:33 - [TEST_STEP][PASSED] - if (selenium.isElementPresent("//a[contains(text(),'Select')]")): null

2020-03-10 03:30:33 - [TEST_STEP][PASSED] - Thread.sleep(1000): null

2020-03-10 03:30:34 - [TEST_STEP][PASSED] - try: null

2020-03-10 03:30:34 - [TEST_STEP][PASSED] - if (selenium.isElementPresent("//a[contains(text(),'Select')]")): null

2020-03-10 03:30:34 - [TEST_STEP][PASSED] - Thread.sleep(1000): null

2020-03-10 03:30:35 - [TEST_STEP][PASSED] - try: null

2020-03-10 03:30:35 - [TEST_STEP][PASSED] - if (selenium.isElementPresent("//a[contains(text(),'Select')]")): null

2020-03-10 03:30:35 - [TEST_STEP][PASSED] - Thread.sleep(1000): null

2020-03-10 03:30:36 - [TEST_STEP][PASSED] - try: null

2020-03-10 03:30:36 - [TEST_STEP][PASSED] - if (selenium.isElementPresent("//a[contains(text(),'Select')]")): null

2020-03-10 03:30:36 - [TEST_STEP][PASSED] - Thread.sleep(1000): null

2020-03-10 03:30:37 - [TEST_STEP][PASSED] - try: null

2020-03-10 03:30:37 - [TEST_STEP][PASSED] - if (selenium.isElementPresent("//a[contains(text(),'Select')]")): null

2020-03-10 03:30:37 - [TEST_STEP][PASSED] - Thread.sleep(1000): null

2020-03-10 03:30:38 - [TEST_STEP][PASSED] - try: null

2020-03-10 03:30:38 - [TEST_STEP][PASSED] - if (selenium.isElementPresent("//a[contains(text(),'Select')]")): null

2020-03-10 03:30:38 - [TEST_STEP][PASSED] - Thread.sleep(1000): null

2020-03-10 03:30:39 - [TEST_STEP][PASSED] - try: null

2020-03-10 03:30:39 - [TEST_STEP][PASSED] - if (selenium.isElementPresent("//a[contains(text(),'Select')]")): null

2020-03-10 03:30:39 - [TEST_STEP][PASSED] - Thread.sleep(1000): null

2020-03-10 03:30:40 - [TEST_STEP][PASSED] - try: null

2020-03-10 03:30:40 - [TEST_STEP][PASSED] - if (selenium.isElementPresent("//a[contains(text(),'Select')]")): null

2020-03-10 03:30:40 - [TEST_STEP][PASSED] - Thread.sleep(1000): null

2020-03-10 03:30:41 - [TEST_STEP][PASSED] - try: null

2020-03-10 03:30:41 - [TEST_STEP][PASSED] - if (selenium.isElementPresent("//a[contains(text(),'Select')]")): null

2020-03-10 03:30:41 - [TEST_STEP][PASSED] - Thread.sleep(1000): null

2020-03-10 03:30:42 - [TEST_STEP][PASSED] - callTestCase(findTestCase("AHI/_include/get_screenshot"), [:], STOP_ON_FAILURE): Call Test Case 'Test Cases/AHI/_include/get_screenshot' successfully

2020-03-10 03:30:42 - [TEST_CASE][PASSED] - Test Cases/AHI/_include/get_screenshot: Test Cases/AHI/_include/get_screenshot

2020-03-10 03:30:42 - [TEST_STEP][PASSED] - Thread.sleep(1000): null

2020-03-10 03:30:43 - [TEST_STEP][PASSED] - takeScreenshot(screenPath + i + ".png"): Taking screenshot successfully

2020-03-10 03:30:44 - [MESSAGE][PASSED] - Taking screenshot successfully
[[ATTACHMENT|D:\\Test\\AgileTest\\Reports\\HP\\HP\\20200310_030929\\../Screenshots/iPhone X/HP/STM/20200310_033024/1.png]]

2020-03-10 03:30:44 - [TEST_STEP][PASSED] - (internal.GlobalVariable.i++): null

2020-03-10 03:30:44 - [MESSAGE][PASSED] - Call Test Case 'Test Cases/AHI/_include/get_screenshot' successfully]]></system-out>
         <system-err><![CDATA[]]></system-err>
      </testcase>
      <testcase name="Test Cases/HP/Home/Home" classname="Test Cases/HP/Home/Home" status="PASSED">
         <system-out><![CDATA[2020-03-10 03:30:44 - [TEST_CASE][PASSED] - Test Cases/HP/Home/Home: Test Cases/HP/Home/Home

2020-03-10 03:30:44 - [TEST_STEP][PASSED] - now = new java.util.Date(): null

2020-03-10 03:30:44 - [TEST_STEP][PASSED] - mydate = now.format("yyyyMMdd_HHmmss"): null

2020-03-10 03:30:44 - [TEST_STEP][PASSED] - callTestCase(findTestCase("AHI/_include/get_screenPath"), ["productLine":"HP", "carrierName":"Home"], CONTINUE_ON_FAILURE): Call Test Case 'Test Cases/AHI/_include/get_screenPath' successfully

2020-03-10 03:30:44 - [TEST_CASE][PASSED] - Test Cases/AHI/_include/get_screenPath: Test Cases/AHI/_include/get_screenPath

2020-03-10 03:30:44 - [TEST_STEP][PASSED] - m = getExecutionProperties(): null

2020-03-10 03:30:44 - [TEST_STEP][PASSED] - deviceName = get("mobileEmulation").get("deviceName"): null

2020-03-10 03:30:44 - [TEST_STEP][PASSED] - println(deviceName): null

2020-03-10 03:30:44 - [TEST_STEP][PASSED] - now = new java.util.Date(): null

2020-03-10 03:30:44 - [TEST_STEP][PASSED] - mydate = now.format("yyyyMMdd_HHmmss"): null

2020-03-10 03:30:44 - [TEST_STEP][PASSED] - screenPath = "../Screenshots/": null

2020-03-10 03:30:44 - [TEST_STEP][PASSED] - screenPath = screenPath + deviceName + "/" + productLine + "/" + carrierName + "/" + mydate + "/": null

2020-03-10 03:30:44 - [TEST_STEP][PASSED] - println(screenPath): null

2020-03-10 03:30:44 - [MESSAGE][PASSED] - Call Test Case 'Test Cases/AHI/_include/get_screenPath' successfully

2020-03-10 03:30:44 - [TEST_STEP][PASSED] - i = 0: null

2020-03-10 03:30:44 - [TEST_STEP][PASSED] - openBrowser(env): Browser is opened with url: 'http://pengujian.healthpocket.com'

2020-03-10 03:30:44 - [MESSAGE][WARNING] - A browser is already opened. Closing browser and opening a new one

2020-03-10 03:30:45 - [MESSAGE][INFO] - Starting 'Chrome' driver

2020-03-10 03:30:45 - [MESSAGE][INFO] - User set preference: ['mobileEmulation', '{deviceName=iPhone X}']

2020-03-10 03:30:45 - [MESSAGE][INFO] - User set preference: ['args', '[--incognito, --aggressive-cache-discard, --no-sandbox, --window-size=375,812, --ignore-certificate-errors]']

2020-03-10 03:30:49 - [MESSAGE][PASSED] - Browser is opened with url: 'http://pengujian.healthpocket.com'

2020-03-10 03:30:49 - [TEST_STEP][PASSED] - Thread.sleep(3000): null

2020-03-10 03:30:52 - [TEST_STEP][PASSED] - callTestCase(findTestCase("AHI/_include/get_screenshot"), [:], STOP_ON_FAILURE): Call Test Case 'Test Cases/AHI/_include/get_screenshot' successfully

2020-03-10 03:30:52 - [TEST_CASE][PASSED] - Test Cases/AHI/_include/get_screenshot: Test Cases/AHI/_include/get_screenshot

2020-03-10 03:30:52 - [TEST_STEP][PASSED] - Thread.sleep(1000): null

2020-03-10 03:30:53 - [TEST_STEP][PASSED] - takeScreenshot(screenPath + i + ".png"): Taking screenshot successfully

2020-03-10 03:30:54 - [MESSAGE][PASSED] - Taking screenshot successfully
[[ATTACHMENT|D:\\Test\\AgileTest\\Reports\\HP\\HP\\20200310_030929\\../Screenshots/iPhone X/HP/Home/20200310_033044/0.png]]

2020-03-10 03:30:54 - [TEST_STEP][PASSED] - (internal.GlobalVariable.i++): null

2020-03-10 03:30:54 - [MESSAGE][PASSED] - Call Test Case 'Test Cases/AHI/_include/get_screenshot' successfully]]></system-out>
         <system-err><![CDATA[]]></system-err>
      </testcase>
      <system-out><![CDATA[2020-03-10 03:28:04 - [TEST_SUITE][ERROR] - HP: Test Cases/HP/Health Plans/ACA FAILED.
Reason:
com.thoughtworks.selenium.SeleniumException: Element //a[contains(text(),'Select')] not found
	at com.thoughtworks.selenium.webdriven.ElementFinder.findElement(ElementFinder.java:93)
	at com.thoughtworks.selenium.webdriven.commands.Click.handleSeleneseCommand(Click.java:39)
	at com.thoughtworks.selenium.webdriven.commands.Click.handleSeleneseCommand(Click.java:26)
	at com.thoughtworks.selenium.webdriven.SeleneseCommand.apply(SeleneseCommand.java:36)
	at com.thoughtworks.selenium.webdriven.Timer.run(Timer.java:41)
	at com.thoughtworks.selenium.webdriven.WebDriverCommandProcessor.execute(WebDriverCommandProcessor.java:150)
	at com.thoughtworks.selenium.webdriven.WebDriverCommandProcessor.doCommand(WebDriverCommandProcessor.java:76)
	at com.thoughtworks.selenium.DefaultSelenium.click(DefaultSelenium.java:198)
	at com.thoughtworks.selenium.Selenium$click$0.call(Unknown Source)
	at ACA.run(ACA:134)
	at com.kms.katalon.core.main.ScriptEngine.run(ScriptEngine.java:194)
	at com.kms.katalon.core.main.ScriptEngine.runScriptAsRawText(ScriptEngine.java:119)
	at com.kms.katalon.core.main.TestCaseExecutor.runScript(TestCaseExecutor.java:328)
	at com.kms.katalon.core.main.TestCaseExecutor.doExecute(TestCaseExecutor.java:319)
	at com.kms.katalon.core.main.TestCaseExecutor.processExecutionPhase(TestCaseExecutor.java:298)
	at com.kms.katalon.core.main.TestCaseExecutor.accessMainPhase(TestCaseExecutor.java:290)
	at com.kms.katalon.core.main.TestCaseExecutor.execute(TestCaseExecutor.java:224)
	at com.kms.katalon.core.main.TestSuiteExecutor.accessTestCaseMainPhase(TestSuiteExecutor.java:129)
	at com.kms.katalon.core.main.TestSuiteExecutor.accessTestSuiteMainPhase(TestSuiteExecutor.java:112)
	at com.kms.katalon.core.main.TestSuiteExecutor.execute(TestSuiteExecutor.java:81)
	at com.kms.katalon.core.main.TestCaseMain.startTestSuite(TestCaseMain.java:149)
	at com.kms.katalon.core.main.TestCaseMain$startTestSuite$0.call(Unknown Source)
	at TempTestSuite1583824169013.run(TempTestSuite1583824169013.groovy:36)
Caused by: org.openqa.selenium.NoSuchElementException: Cannot find an element with the xpath: //a[contains(text(),'Select')]
For documentation on this error, please visit: http://seleniumhq.org/exceptions/no_such_element.html
Build info: version: '3.7.1', revision: '8a0099a', time: '2017-11-06T21:07:36.161Z'
System info: host: 'WIN-U215233FMVE', ip: '172.30.0.53', os.name: 'Windows Server 2012 R2', os.arch: 'amd64', os.version: '6.3', java.version: '1.8.0_181'
Driver info: driver.version: unknown
	at com.thoughtworks.selenium.webdriven.ElementFinder.xpathWizardry(ElementFinder.java:143)
	at com.thoughtworks.selenium.webdriven.ElementFinder.findElementDirectlyIfNecessary(ElementFinder.java:117)
	at com.thoughtworks.selenium.webdriven.ElementFinder.findElement(ElementFinder.java:87)
	at com.thoughtworks.selenium.webdriven.commands.Click.handleSeleneseCommand(Click.java:39)
	at com.thoughtworks.selenium.webdriven.commands.Click.handleSeleneseCommand(Click.java:26)
	at com.thoughtworks.selenium.webdriven.SeleneseCommand.apply(SeleneseCommand.java:36)
	at com.thoughtworks.selenium.webdriven.Timer.run(Timer.java:41)
	at com.thoughtworks.selenium.webdriven.WebDriverCommandProcessor.execute(WebDriverCommandProcessor.java:150)
	at com.thoughtworks.selenium.webdriven.WebDriverCommandProcessor.doCommand(WebDriverCommandProcessor.java:76)
	at com.thoughtworks.selenium.DefaultSelenium.click(DefaultSelenium.java:198)
	at com.thoughtworks.selenium.Selenium$click$0.call(Unknown Source)
	at Script1575603847168.run(Script1575603847168.groovy:134)
	... 13 more]]></system-out>
      <system-err><![CDATA[2020-03-10 03:28:04 - [TEST_SUITE][ERROR] - HP: Test Cases/HP/Health Plans/ACA FAILED.
Reason:
com.thoughtworks.selenium.SeleniumException: Element //a[contains(text(),'Select')] not found
	at com.thoughtworks.selenium.webdriven.ElementFinder.findElement(ElementFinder.java:93)
	at com.thoughtworks.selenium.webdriven.commands.Click.handleSeleneseCommand(Click.java:39)
	at com.thoughtworks.selenium.webdriven.commands.Click.handleSeleneseCommand(Click.java:26)
	at com.thoughtworks.selenium.webdriven.SeleneseCommand.apply(SeleneseCommand.java:36)
	at com.thoughtworks.selenium.webdriven.Timer.run(Timer.java:41)
	at com.thoughtworks.selenium.webdriven.WebDriverCommandProcessor.execute(WebDriverCommandProcessor.java:150)
	at com.thoughtworks.selenium.webdriven.WebDriverCommandProcessor.doCommand(WebDriverCommandProcessor.java:76)
	at com.thoughtworks.selenium.DefaultSelenium.click(DefaultSelenium.java:198)
	at com.thoughtworks.selenium.Selenium$click$0.call(Unknown Source)
	at ACA.run(ACA:134)
	at com.kms.katalon.core.main.ScriptEngine.run(ScriptEngine.java:194)
	at com.kms.katalon.core.main.ScriptEngine.runScriptAsRawText(ScriptEngine.java:119)
	at com.kms.katalon.core.main.TestCaseExecutor.runScript(TestCaseExecutor.java:328)
	at com.kms.katalon.core.main.TestCaseExecutor.doExecute(TestCaseExecutor.java:319)
	at com.kms.katalon.core.main.TestCaseExecutor.processExecutionPhase(TestCaseExecutor.java:298)
	at com.kms.katalon.core.main.TestCaseExecutor.accessMainPhase(TestCaseExecutor.java:290)
	at com.kms.katalon.core.main.TestCaseExecutor.execute(TestCaseExecutor.java:224)
	at com.kms.katalon.core.main.TestSuiteExecutor.accessTestCaseMainPhase(TestSuiteExecutor.java:129)
	at com.kms.katalon.core.main.TestSuiteExecutor.accessTestSuiteMainPhase(TestSuiteExecutor.java:112)
	at com.kms.katalon.core.main.TestSuiteExecutor.execute(TestSuiteExecutor.java:81)
	at com.kms.katalon.core.main.TestCaseMain.startTestSuite(TestCaseMain.java:149)
	at com.kms.katalon.core.main.TestCaseMain$startTestSuite$0.call(Unknown Source)
	at TempTestSuite1583824169013.run(TempTestSuite1583824169013.groovy:36)
Caused by: org.openqa.selenium.NoSuchElementException: Cannot find an element with the xpath: //a[contains(text(),'Select')]
For documentation on this error, please visit: http://seleniumhq.org/exceptions/no_such_element.html
Build info: version: '3.7.1', revision: '8a0099a', time: '2017-11-06T21:07:36.161Z'
System info: host: 'WIN-U215233FMVE', ip: '172.30.0.53', os.name: 'Windows Server 2012 R2', os.arch: 'amd64', os.version: '6.3', java.version: '1.8.0_181'
Driver info: driver.version: unknown
	at com.thoughtworks.selenium.webdriven.ElementFinder.xpathWizardry(ElementFinder.java:143)
	at com.thoughtworks.selenium.webdriven.ElementFinder.findElementDirectlyIfNecessary(ElementFinder.java:117)
	at com.thoughtworks.selenium.webdriven.ElementFinder.findElement(ElementFinder.java:87)
	at com.thoughtworks.selenium.webdriven.commands.Click.handleSeleneseCommand(Click.java:39)
	at com.thoughtworks.selenium.webdriven.commands.Click.handleSeleneseCommand(Click.java:26)
	at com.thoughtworks.selenium.webdriven.SeleneseCommand.apply(SeleneseCommand.java:36)
	at com.thoughtworks.selenium.webdriven.Timer.run(Timer.java:41)
	at com.thoughtworks.selenium.webdriven.WebDriverCommandProcessor.execute(WebDriverCommandProcessor.java:150)
	at com.thoughtworks.selenium.webdriven.WebDriverCommandProcessor.doCommand(WebDriverCommandProcessor.java:76)
	at com.thoughtworks.selenium.DefaultSelenium.click(DefaultSelenium.java:198)
	at com.thoughtworks.selenium.Selenium$click$0.call(Unknown Source)
	at Script1575603847168.run(Script1575603847168.groovy:134)
	... 13 more]]></system-err>
   </testsuite>
</testsuites>
