<?xml version="1.0" encoding="UTF-8" standalone="yes"?>
<testsuites name="HP" time="233" tests="6" failures="1" errors="1">
    <testsuite name="HP" tests="6" failures="1" errors="1" time="233" timestamp="2020-03-05 15:01:41" hostname="sofee.yu - windows10.microdone.cn" id="Test Suites/HP/HP">
        <properties>
            <property name="deviceName" value=""/>
            <property name="devicePlatform" value=""/>
            <property name="logFolder" value="D:\\Test\\AgileTest\\AgileTest\\Reports\\HP\\HP\\20200305_150132"/>
            <property name="logFiles" value="D:\\Test\\AgileTest\\AgileTest\\Reports\\HP\\HP\\20200305_150132\\execution0.log"/>
            <property name="attachments" value="D:\\Test\\AgileTest\\AgileTest\\Reports\\HP\\HP\\20200305_150132\\../Screenshots/iPhone X/HP/ACA/20200305_150144/0.png, D:\\Test\\AgileTest\\AgileTest\\Reports\\HP\\HP\\20200305_150132\\../Screenshots/iPhone X/HP/ACA/20200305_150144/1.png, D:\\Test\\AgileTest\\AgileTest\\Reports\\HP\\HP\\20200305_150132\\../Screenshots/iPhone X/HP/ACA/20200305_150144/2.png, D:\\Test\\AgileTest\\AgileTest\\Reports\\HP\\HP\\20200305_150132\\../Screenshots/iPhone X/HP/ACA/20200305_150144/3.png, D:\\Test\\AgileTest\\AgileTest\\Reports\\HP\\HP\\20200305_150132\\../Screenshots/iPhone X/HP/ACA/20200305_150144/4.png, D:\\Test\\AgileTest\\AgileTest\\Reports\\HP\\HP\\20200305_150132\\../Screenshots/iPhone X/HP/Dental/20200305_150232/0.png, D:\\Test\\AgileTest\\AgileTest\\Reports\\HP\\HP\\20200305_150132\\../Screenshots/iPhone X/HP/Dental/20200305_150232/1.png, D:\\Test\\AgileTest\\AgileTest\\Reports\\HP\\HP\\20200305_150132\\../Screenshots/iPhone X/HP/Dental/20200305_150232/2.png, D:\\Test\\AgileTest\\AgileTest\\Reports\\HP\\HP\\20200305_150132\\../Screenshots/iPhone X/HP/Medicaid Public/20200305_150302/0.png, D:\\Test\\AgileTest\\AgileTest\\Reports\\HP\\HP\\20200305_150132\\../Screenshots/iPhone X/HP/Medicaid Public/20200305_150302/1.png, D:\\Test\\AgileTest\\AgileTest\\Reports\\HP\\HP\\20200305_150132\\../Screenshots/iPhone X/HP/Medicaid Public/20200305_150302/2.png, D:\\Test\\AgileTest\\AgileTest\\Reports\\HP\\HP\\20200305_150132\\../Screenshots/iPhone X/HP/Medicare/20200305_150328/0.png, D:\\Test\\AgileTest\\AgileTest\\Reports\\HP\\HP\\20200305_150132\\../Screenshots/iPhone X/HP/Medicare/20200305_150328/1.png, D:\\Test\\AgileTest\\AgileTest\\Reports\\HP\\HP\\20200305_150132\\../Screenshots/iPhone X/HP/Medicare/20200305_150328/2.png, D:\\Test\\AgileTest\\AgileTest\\Reports\\HP\\HP\\20200305_150132\\../Screenshots/iPhone X/HP/Medigap/20200305_150358/0.png, D:\\Test\\AgileTest\\AgileTest\\Reports\\HP\\HP\\20200305_150132\\../Screenshots/iPhone X/HP/Medigap/20200305_150358/1.png, D:\\Test\\AgileTest\\AgileTest\\Reports\\HP\\HP\\20200305_150132\\../Screenshots/iPhone X/HP/Medigap/20200305_150358/2.png, D:\\Test\\AgileTest\\AgileTest\\Reports\\HP\\HP\\20200305_150132\\../Screenshots/iPhone X/HP/Small Business/20200305_150427/0.png, D:\\Test\\AgileTest\\AgileTest\\Reports\\HP\\HP\\20200305_150132\\../Screenshots/iPhone X/HP/Small Business/20200305_150427/1.png, D:\\Test\\AgileTest\\AgileTest\\Reports\\HP\\HP\\20200305_150132\\../Screenshots/iPhone X/HP/Small Business/20200305_150427/2.png, D:\\Test\\AgileTest\\AgileTest\\Reports\\HP\\HP\\20200305_150132\\../Screenshots/iPhone X/HP/STM/20200305_150451/0.png, D:\\Test\\AgileTest\\AgileTest\\Reports\\HP\\HP\\20200305_150132\\../Screenshots/iPhone X/HP/STM/20200305_150451/1.png, D:\\Test\\AgileTest\\AgileTest\\Reports\\HP\\HP\\20200305_150132\\../Screenshots/iPhone X/HP/Home/20200305_150516/0.png, D:\\Test\\AgileTest\\AgileTest\\Reports\\HP\\HP\\20200305_150132\\1583391933403.png, D:\\Test\\AgileTest\\AgileTest\\Reports\\HP\\HP\\20200305_150132\\1583391934340.png"/>
            <property name="hostName" value="sofee.yu - windows10.microdone.cn"/>
            <property name="os" value="Windows 7 64bit"/>
            <property name="katalonVersion" value="6.2.2.4"/>
            <property name="browser" value="Safari 11"/>
            <property name="hostAddress" value="172.16.86.47"/>
            <property name="sessionId" value="e0695eb728b92e20fbea7af5aebf7c5a"/>
            <property name="seleniumVersion" value="3.141.59"/>
            <property name="proxyInformation" value="ProxyInformation{proxyOption=NO_PROXY, proxyServerType=HTTP, password=, proxyServerAddress=, proxyServerPort=0}"/>
            <property name="platform" value="Windows 7"/>
        </properties>
        <testcase name="Test Cases/HP/Health Plans/ACA" classname="Test Cases/HP/Health Plans/ACA" status="ERROR">
            <error type="ERROR" message="Test Cases/HP/Health Plans/ACA FAILED.&#xA;Reason:&#xA;com.thoughtworks.selenium.SeleniumException: Element //a[contains(text(),'Select')] not found&#xD;&#xA;&#x9;at com.thoughtworks.selenium.webdriven.ElementFinder.findElement(ElementFinder.java:93)&#xD;&#xA;&#x9;at com.thoughtworks.selenium.webdriven.commands.Click.handleSeleneseCommand(Click.java:39)&#xD;&#xA;&#x9;at com.thoughtworks.selenium.webdriven.commands.Click.handleSeleneseCommand(Click.java:26)&#xD;&#xA;&#x9;at com.thoughtworks.selenium.webdriven.SeleneseCommand.apply(SeleneseCommand.java:36)&#xD;&#xA;&#x9;at com.thoughtworks.selenium.webdriven.Timer.run(Timer.java:41)&#xD;&#xA;&#x9;at com.thoughtworks.selenium.webdriven.WebDriverCommandProcessor.execute(WebDriverCommandProcessor.java:150)&#xD;&#xA;&#x9;at com.thoughtworks.selenium.webdriven.WebDriverCommandProcessor.doCommand(WebDriverCommandProcessor.java:76)&#xD;&#xA;&#x9;at com.thoughtworks.selenium.DefaultSelenium.click(DefaultSelenium.java:198)&#xD;&#xA;&#x9;at com.thoughtworks.selenium.Selenium$click$0.call(Unknown Source)&#xD;&#xA;&#x9;at ACA.run(ACA:134)&#xD;&#xA;&#x9;at com.kms.katalon.core.main.ScriptEngine.run(ScriptEngine.java:194)&#xD;&#xA;&#x9;at com.kms.katalon.core.main.ScriptEngine.runScriptAsRawText(ScriptEngine.java:119)&#xD;&#xA;&#x9;at com.kms.katalon.core.main.TestCaseExecutor.runScript(TestCaseExecutor.java:337)&#xD;&#xA;&#x9;at com.kms.katalon.core.main.TestCaseExecutor.doExecute(TestCaseExecutor.java:328)&#xD;&#xA;&#x9;at com.kms.katalon.core.main.TestCaseExecutor.processExecutionPhase(TestCaseExecutor.java:307)&#xD;&#xA;&#x9;at com.kms.katalon.core.main.TestCaseExecutor.accessMainPhase(TestCaseExecutor.java:299)&#xD;&#xA;&#x9;at com.kms.katalon.core.main.TestCaseExecutor.execute(TestCaseExecutor.java:233)&#xD;&#xA;&#x9;at com.kms.katalon.core.main.TestSuiteExecutor.accessTestCaseMainPhase(TestSuiteExecutor.java:133)&#xD;&#xA;&#x9;at com.kms.katalon.core.main.TestSuiteExecutor.accessTestSuiteMainPhase(TestSuiteExecutor.java:116)&#xD;&#xA;&#x9;at com.kms.katalon.core.main.TestSuiteExecutor.execute(TestSuiteExecutor.java:83)&#xD;&#xA;&#x9;at com.kms.katalon.core.main.TestCaseMain.startTestSuite(TestCaseMain.java:157)&#xD;&#xA;&#x9;at com.kms.katalon.core.main.TestCaseMain$startTestSuite$0.call(Unknown Source)&#xD;&#xA;&#x9;at TempTestSuite1583391692231.run(TempTestSuite1583391692231.groovy:35)&#xD;&#xA;Caused by: org.openqa.selenium.NoSuchElementException: Cannot find an element with the xpath: //a[contains(text(),'Select')]&#xA;For documentation on this error, please visit: https://www.seleniumhq.org/exceptions/no_such_element.html&#xA;Build info: version: '3.141.59', revision: 'e82be7d358', time: '2018-11-14T08:25:53'&#xA;System info: host: 'SOFEE', ip: '172.16.86.47', os.name: 'Windows 7', os.arch: 'amd64', os.version: '6.1', java.version: '1.8.0_181'&#xA;Driver info: driver.version: unknown&#xD;&#xA;&#x9;at com.thoughtworks.selenium.webdriven.ElementFinder.xpathWizardry(ElementFinder.java:143)&#xD;&#xA;&#x9;at com.thoughtworks.selenium.webdriven.ElementFinder.findElementDirectlyIfNecessary(ElementFinder.java:117)&#xD;&#xA;&#x9;at com.thoughtworks.selenium.webdriven.ElementFinder.findElement(ElementFinder.java:87)&#xD;&#xA;&#x9;at com.thoughtworks.selenium.webdriven.commands.Click.handleSeleneseCommand(Click.java:39)&#xD;&#xA;&#x9;at com.thoughtworks.selenium.webdriven.commands.Click.handleSeleneseCommand(Click.java:26)&#xD;&#xA;&#x9;at com.thoughtworks.selenium.webdriven.SeleneseCommand.apply(SeleneseCommand.java:36)&#xD;&#xA;&#x9;at com.thoughtworks.selenium.webdriven.Timer.run(Timer.java:41)&#xD;&#xA;&#x9;at com.thoughtworks.selenium.webdriven.WebDriverCommandProcessor.execute(WebDriverCommandProcessor.java:150)&#xD;&#xA;&#x9;at com.thoughtworks.selenium.webdriven.WebDriverCommandProcessor.doCommand(WebDriverCommandProcessor.java:76)&#xD;&#xA;&#x9;at com.thoughtworks.selenium.DefaultSelenium.click(DefaultSelenium.java:198)&#xD;&#xA;&#x9;at com.thoughtworks.selenium.Selenium$click$0.call(Unknown Source)&#xD;&#xA;&#x9;at Script1575603847168.run(Script1575603847168.groovy:134)&#xD;&#xA;&#x9;... 13 more&#xD;&#xA;"/>
            <system-out>2020-03-05 15:01:41 - [TEST_CASE][ERROR] - Test Cases/HP/Health Plans/ACA: Test Cases/HP/Health Plans/ACA FAILED.
Reason:
com.thoughtworks.selenium.SeleniumException: Element //a[contains(text(),'Select')] not found&#xD;
	at com.thoughtworks.selenium.webdriven.ElementFinder.findElement(ElementFinder.java:93)&#xD;
	at com.thoughtworks.selenium.webdriven.commands.Click.handleSeleneseCommand(Click.java:39)&#xD;
	at com.thoughtworks.selenium.webdriven.commands.Click.handleSeleneseCommand(Click.java:26)&#xD;
	at com.thoughtworks.selenium.webdriven.SeleneseCommand.apply(SeleneseCommand.java:36)&#xD;
	at com.thoughtworks.selenium.webdriven.Timer.run(Timer.java:41)&#xD;
	at com.thoughtworks.selenium.webdriven.WebDriverCommandProcessor.execute(WebDriverCommandProcessor.java:150)&#xD;
	at com.thoughtworks.selenium.webdriven.WebDriverCommandProcessor.doCommand(WebDriverCommandProcessor.java:76)&#xD;
	at com.thoughtworks.selenium.DefaultSelenium.click(DefaultSelenium.java:198)&#xD;
	at com.thoughtworks.selenium.Selenium$click$0.call(Unknown Source)&#xD;
	at ACA.run(ACA:134)&#xD;
	at com.kms.katalon.core.main.ScriptEngine.run(ScriptEngine.java:194)&#xD;
	at com.kms.katalon.core.main.ScriptEngine.runScriptAsRawText(ScriptEngine.java:119)&#xD;
	at com.kms.katalon.core.main.TestCaseExecutor.runScript(TestCaseExecutor.java:337)&#xD;
	at com.kms.katalon.core.main.TestCaseExecutor.doExecute(TestCaseExecutor.java:328)&#xD;
	at com.kms.katalon.core.main.TestCaseExecutor.processExecutionPhase(TestCaseExecutor.java:307)&#xD;
	at com.kms.katalon.core.main.TestCaseExecutor.accessMainPhase(TestCaseExecutor.java:299)&#xD;
	at com.kms.katalon.core.main.TestCaseExecutor.execute(TestCaseExecutor.java:233)&#xD;
	at com.kms.katalon.core.main.TestSuiteExecutor.accessTestCaseMainPhase(TestSuiteExecutor.java:133)&#xD;
	at com.kms.katalon.core.main.TestSuiteExecutor.accessTestSuiteMainPhase(TestSuiteExecutor.java:116)&#xD;
	at com.kms.katalon.core.main.TestSuiteExecutor.execute(TestSuiteExecutor.java:83)&#xD;
	at com.kms.katalon.core.main.TestCaseMain.startTestSuite(TestCaseMain.java:157)&#xD;
	at com.kms.katalon.core.main.TestCaseMain$startTestSuite$0.call(Unknown Source)&#xD;
	at TempTestSuite1583391692231.run(TempTestSuite1583391692231.groovy:35)&#xD;
Caused by: org.openqa.selenium.NoSuchElementException: Cannot find an element with the xpath: //a[contains(text(),'Select')]
For documentation on this error, please visit: https://www.seleniumhq.org/exceptions/no_such_element.html
Build info: version: '3.141.59', revision: 'e82be7d358', time: '2018-11-14T08:25:53'
System info: host: 'SOFEE', ip: '172.16.86.47', os.name: 'Windows 7', os.arch: 'amd64', os.version: '6.1', java.version: '1.8.0_181'
Driver info: driver.version: unknown&#xD;
	at com.thoughtworks.selenium.webdriven.ElementFinder.xpathWizardry(ElementFinder.java:143)&#xD;
	at com.thoughtworks.selenium.webdriven.ElementFinder.findElementDirectlyIfNecessary(ElementFinder.java:117)&#xD;
	at com.thoughtworks.selenium.webdriven.ElementFinder.findElement(ElementFinder.java:87)&#xD;
	at com.thoughtworks.selenium.webdriven.commands.Click.handleSeleneseCommand(Click.java:39)&#xD;
	at com.thoughtworks.selenium.webdriven.commands.Click.handleSeleneseCommand(Click.java:26)&#xD;
	at com.thoughtworks.selenium.webdriven.SeleneseCommand.apply(SeleneseCommand.java:36)&#xD;
	at com.thoughtworks.selenium.webdriven.Timer.run(Timer.java:41)&#xD;
	at com.thoughtworks.selenium.webdriven.WebDriverCommandProcessor.execute(WebDriverCommandProcessor.java:150)&#xD;
	at com.thoughtworks.selenium.webdriven.WebDriverCommandProcessor.doCommand(WebDriverCommandProcessor.java:76)&#xD;
	at com.thoughtworks.selenium.DefaultSelenium.click(DefaultSelenium.java:198)&#xD;
	at com.thoughtworks.selenium.Selenium$click$0.call(Unknown Source)&#xD;
	at Script1575603847168.run(Script1575603847168.groovy:134)&#xD;
	... 13 more&#xD;
&#xD;
&#xD;
2020-03-05 15:01:42 - [TEST_STEP][PASSED] - now = new java.util.Date(): null&#xD;
&#xD;
2020-03-05 15:01:42 - [TEST_STEP][PASSED] - mydate = now.format("yyyyMMdd_HHmmss"): null&#xD;
&#xD;
2020-03-05 15:01:42 - [TEST_STEP][PASSED] - i = 0: null&#xD;
&#xD;
2020-03-05 15:01:43 - [TEST_STEP][PASSED] - callTestCase(findTestCase("AHI/_include/get_screenPath"), ["productLine":"HP", "carrierName":"ACA"], CONTINUE_ON_FAILURE): Call Test Case 'Test Cases/AHI/_include/get_screenPath' successfully&#xD;
&#xD;
2020-03-05 15:01:43 - [TEST_CASE][PASSED] - Test Cases/AHI/_include/get_screenPath: Test Cases/AHI/_include/get_screenPath&#xD;
&#xD;
2020-03-05 15:01:44 - [TEST_STEP][PASSED] - m = getExecutionProperties(): null&#xD;
&#xD;
2020-03-05 15:01:44 - [TEST_STEP][PASSED] - deviceName = get("mobileEmulation").get("deviceName"): null&#xD;
&#xD;
2020-03-05 15:01:44 - [TEST_STEP][PASSED] - println(deviceName): null&#xD;
&#xD;
2020-03-05 15:01:44 - [TEST_STEP][PASSED] - now = new java.util.Date(): null&#xD;
&#xD;
2020-03-05 15:01:44 - [TEST_STEP][PASSED] - mydate = now.format("yyyyMMdd_HHmmss"): null&#xD;
&#xD;
2020-03-05 15:01:44 - [TEST_STEP][PASSED] - screenPath = "../Screenshots/": null&#xD;
&#xD;
2020-03-05 15:01:44 - [TEST_STEP][PASSED] - screenPath = screenPath + deviceName + "/" + productLine + "/" + carrierName + "/" + mydate + "/": null&#xD;
&#xD;
2020-03-05 15:01:44 - [TEST_STEP][PASSED] - println(screenPath): null&#xD;
&#xD;
2020-03-05 15:01:44 - [MESSAGE][PASSED] - Call Test Case 'Test Cases/AHI/_include/get_screenPath' successfully&#xD;
&#xD;
2020-03-05 15:01:44 - [TEST_STEP][PASSED] - second = &lt;not implemented yet for class: org.codehaus.groovy.ast.expr.EmptyExpression&gt;: null&#xD;
&#xD;
2020-03-05 15:01:44 - [TEST_STEP][PASSED] - openBrowser(ENV + "/individual-health-insurance"): Browser is opened with url: 'https://bondsmith.healthpocket.com/individual-health-insurance'&#xD;
&#xD;
2020-03-05 15:01:44 - [MESSAGE][INFO] - Starting 'Chrome' driver&#xD;
&#xD;
2020-03-05 15:01:44 - [MESSAGE][INFO] - User set preference: ['mobileEmulation', '{deviceName=iPhone X}']&#xD;
&#xD;
2020-03-05 15:01:44 - [MESSAGE][INFO] - User set preference: ['args', '[--incognito, --aggressive-cache-discard, --no-sandbox, --window-size=375,812]']&#xD;
&#xD;
2020-03-05 15:01:44 - [MESSAGE][INFO] - Action delay is set to 0 seconds&#xD;
&#xD;
2020-03-05 15:01:59 - [MESSAGE][PASSED] - Browser is opened with url: 'https://bondsmith.healthpocket.com/individual-health-insurance'&#xD;
&#xD;
2020-03-05 15:01:59 - [TEST_STEP][PASSED] - Thread.sleep(3000): null&#xD;
&#xD;
2020-03-05 15:02:02 - [TEST_STEP][PASSED] - callTestCase(findTestCase("AHI/_include/get_screenshot"), [:], STOP_ON_FAILURE): Call Test Case 'Test Cases/AHI/_include/get_screenshot' successfully&#xD;
&#xD;
2020-03-05 15:02:03 - [TEST_CASE][PASSED] - Test Cases/AHI/_include/get_screenshot: Test Cases/AHI/_include/get_screenshot&#xD;
&#xD;
2020-03-05 15:02:03 - [TEST_STEP][PASSED] - takeScreenshot(screenPath + i + ".png"): Taking screenshot successfully&#xD;
&#xD;
2020-03-05 15:02:04 - [MESSAGE][PASSED] - Taking screenshot successfully&#xD;
[[ATTACHMENT|D:\\Test\\AgileTest\\AgileTest\\Reports\\HP\\HP\\20200305_150132\\../Screenshots/iPhone X/HP/ACA/20200305_150144/0.png]]&#xD;
&#xD;
2020-03-05 15:02:04 - [TEST_STEP][PASSED] - (internal.GlobalVariable.i++): null&#xD;
&#xD;
2020-03-05 15:02:04 - [MESSAGE][PASSED] - Call Test Case 'Test Cases/AHI/_include/get_screenshot' successfully&#xD;
&#xD;
2020-03-05 15:02:04 - [TEST_STEP][PASSED] - driver = getWebDriver(): null&#xD;
&#xD;
2020-03-05 15:02:04 - [TEST_STEP][PASSED] - baseUrl = ENV: null&#xD;
&#xD;
2020-03-05 15:02:04 - [TEST_STEP][PASSED] - selenium = new com.thoughtworks.selenium.webdriven.WebDriverBackedSelenium(driver, baseUrl): null&#xD;
&#xD;
2020-03-05 15:02:04 - [TEST_STEP][PASSED] - for ([second = 0, second &lt; 10, (second++)]): null&#xD;
&#xD;
2020-03-05 15:02:04 - [TEST_STEP][PASSED] - try: null&#xD;
&#xD;
2020-03-05 15:02:04 - [TEST_STEP][PASSED] - if (selenium.isElementPresent("//a[contains(text(),'No Thanks. I want to see ACA plans.')]")): null&#xD;
&#xD;
2020-03-05 15:02:04 - [TEST_STEP][PASSED] - selenium.click("//a[contains(text(),'No Thanks. I want to see ACA plans.')]"): null&#xD;
&#xD;
2020-03-05 15:02:04 - [TEST_STEP][PASSED] - break: null&#xD;
&#xD;
2020-03-05 15:02:04 - [TEST_STEP][PASSED] - for ([second = 0, second &lt; 10, (second++)]): null&#xD;
&#xD;
2020-03-05 15:02:04 - [TEST_STEP][PASSED] - try: null&#xD;
&#xD;
2020-03-05 15:02:04 - [TEST_STEP][PASSED] - if (selenium.isElementPresent("id=location")): null&#xD;
&#xD;
2020-03-05 15:02:04 - [TEST_STEP][PASSED] - break: null&#xD;
&#xD;
2020-03-05 15:02:04 - [TEST_STEP][PASSED] - callTestCase(findTestCase("AHI/_include/get_screenshot"), [:], STOP_ON_FAILURE): Call Test Case 'Test Cases/AHI/_include/get_screenshot' successfully&#xD;
&#xD;
2020-03-05 15:02:04 - [TEST_CASE][PASSED] - Test Cases/AHI/_include/get_screenshot: Test Cases/AHI/_include/get_screenshot&#xD;
&#xD;
2020-03-05 15:02:05 - [TEST_STEP][PASSED] - takeScreenshot(screenPath + i + ".png"): Taking screenshot successfully&#xD;
&#xD;
2020-03-05 15:02:06 - [MESSAGE][PASSED] - Taking screenshot successfully&#xD;
[[ATTACHMENT|D:\\Test\\AgileTest\\AgileTest\\Reports\\HP\\HP\\20200305_150132\\../Screenshots/iPhone X/HP/ACA/20200305_150144/1.png]]&#xD;
&#xD;
2020-03-05 15:02:06 - [TEST_STEP][PASSED] - (internal.GlobalVariable.i++): null&#xD;
&#xD;
2020-03-05 15:02:06 - [MESSAGE][PASSED] - Call Test Case 'Test Cases/AHI/_include/get_screenshot' successfully&#xD;
&#xD;
2020-03-05 15:02:06 - [TEST_STEP][PASSED] - selenium.type("id=location", "32209"): null&#xD;
&#xD;
2020-03-05 15:02:06 - [TEST_STEP][PASSED] - selenium.click("id=findPlans"): null&#xD;
&#xD;
2020-03-05 15:02:06 - [TEST_STEP][PASSED] - for ([second = 0, second &lt; 10, (second++)]): null&#xD;
&#xD;
2020-03-05 15:02:06 - [TEST_STEP][PASSED] - try: null&#xD;
&#xD;
2020-03-05 15:02:06 - [TEST_STEP][PASSED] - if (selenium.isElementPresent("//a[contains(text(),'Select')]")): null&#xD;
&#xD;
2020-03-05 15:02:06 - [TEST_STEP][PASSED] - Thread.sleep(1000): null&#xD;
&#xD;
2020-03-05 15:02:07 - [TEST_STEP][PASSED] - try: null&#xD;
&#xD;
2020-03-05 15:02:07 - [TEST_STEP][PASSED] - if (selenium.isElementPresent("//a[contains(text(),'Select')]")): null&#xD;
&#xD;
2020-03-05 15:02:10 - [TEST_STEP][PASSED] - break: null&#xD;
&#xD;
2020-03-05 15:02:10 - [TEST_STEP][PASSED] - callTestCase(findTestCase("AHI/_include/get_screenshot"), [:], STOP_ON_FAILURE): Call Test Case 'Test Cases/AHI/_include/get_screenshot' successfully&#xD;
&#xD;
2020-03-05 15:02:11 - [TEST_CASE][PASSED] - Test Cases/AHI/_include/get_screenshot: Test Cases/AHI/_include/get_screenshot&#xD;
&#xD;
2020-03-05 15:02:11 - [TEST_STEP][PASSED] - takeScreenshot(screenPath + i + ".png"): Taking screenshot successfully&#xD;
&#xD;
2020-03-05 15:02:11 - [MESSAGE][PASSED] - Taking screenshot successfully&#xD;
[[ATTACHMENT|D:\\Test\\AgileTest\\AgileTest\\Reports\\HP\\HP\\20200305_150132\\../Screenshots/iPhone X/HP/ACA/20200305_150144/2.png]]&#xD;
&#xD;
2020-03-05 15:02:11 - [TEST_STEP][PASSED] - (internal.GlobalVariable.i++): null&#xD;
&#xD;
2020-03-05 15:02:11 - [MESSAGE][PASSED] - Call Test Case 'Test Cases/AHI/_include/get_screenshot' successfully&#xD;
&#xD;
2020-03-05 15:02:11 - [TEST_STEP][PASSED] - selenium.click("//a[contains(text(),'Select')]"): null&#xD;
&#xD;
2020-03-05 15:02:12 - [TEST_STEP][PASSED] - for ([second = 0, second &lt; 10, (second++)]): null&#xD;
&#xD;
2020-03-05 15:02:12 - [TEST_STEP][PASSED] - try: null&#xD;
&#xD;
2020-03-05 15:02:12 - [TEST_STEP][PASSED] - if (selenium.isElementPresent("xpath=(//a[contains(text(),'Apply Now')])")): null&#xD;
&#xD;
2020-03-05 15:02:12 - [TEST_STEP][PASSED] - Thread.sleep(1000): null&#xD;
&#xD;
2020-03-05 15:02:13 - [TEST_STEP][PASSED] - try: null&#xD;
&#xD;
2020-03-05 15:02:13 - [TEST_STEP][PASSED] - if (selenium.isElementPresent("xpath=(//a[contains(text(),'Apply Now')])")): null&#xD;
&#xD;
2020-03-05 15:02:13 - [TEST_STEP][PASSED] - Thread.sleep(1000): null&#xD;
&#xD;
2020-03-05 15:02:14 - [TEST_STEP][PASSED] - try: null&#xD;
&#xD;
2020-03-05 15:02:14 - [TEST_STEP][PASSED] - if (selenium.isElementPresent("xpath=(//a[contains(text(),'Apply Now')])")): null&#xD;
&#xD;
2020-03-05 15:02:14 - [TEST_STEP][PASSED] - Thread.sleep(1000): null&#xD;
&#xD;
2020-03-05 15:02:15 - [TEST_STEP][PASSED] - try: null&#xD;
&#xD;
2020-03-05 15:02:15 - [TEST_STEP][PASSED] - if (selenium.isElementPresent("xpath=(//a[contains(text(),'Apply Now')])")): null&#xD;
&#xD;
2020-03-05 15:02:15 - [TEST_STEP][PASSED] - Thread.sleep(1000): null&#xD;
&#xD;
2020-03-05 15:02:16 - [TEST_STEP][PASSED] - try: null&#xD;
&#xD;
2020-03-05 15:02:16 - [TEST_STEP][PASSED] - if (selenium.isElementPresent("xpath=(//a[contains(text(),'Apply Now')])")): null&#xD;
&#xD;
2020-03-05 15:02:16 - [TEST_STEP][PASSED] - Thread.sleep(1000): null&#xD;
&#xD;
2020-03-05 15:02:17 - [TEST_STEP][PASSED] - try: null&#xD;
&#xD;
2020-03-05 15:02:17 - [TEST_STEP][PASSED] - if (selenium.isElementPresent("xpath=(//a[contains(text(),'Apply Now')])")): null&#xD;
&#xD;
2020-03-05 15:02:17 - [TEST_STEP][PASSED] - Thread.sleep(1000): null&#xD;
&#xD;
2020-03-05 15:02:18 - [TEST_STEP][PASSED] - try: null&#xD;
&#xD;
2020-03-05 15:02:18 - [TEST_STEP][PASSED] - if (selenium.isElementPresent("xpath=(//a[contains(text(),'Apply Now')])")): null&#xD;
&#xD;
2020-03-05 15:02:18 - [TEST_STEP][PASSED] - break: null&#xD;
&#xD;
2020-03-05 15:02:18 - [TEST_STEP][PASSED] - callTestCase(findTestCase("AHI/_include/get_screenshot"), [:], STOP_ON_FAILURE): Call Test Case 'Test Cases/AHI/_include/get_screenshot' successfully&#xD;
&#xD;
2020-03-05 15:02:18 - [TEST_CASE][PASSED] - Test Cases/AHI/_include/get_screenshot: Test Cases/AHI/_include/get_screenshot&#xD;
&#xD;
2020-03-05 15:02:18 - [TEST_STEP][PASSED] - takeScreenshot(screenPath + i + ".png"): Taking screenshot successfully&#xD;
&#xD;
2020-03-05 15:02:19 - [MESSAGE][PASSED] - Taking screenshot successfully&#xD;
[[ATTACHMENT|D:\\Test\\AgileTest\\AgileTest\\Reports\\HP\\HP\\20200305_150132\\../Screenshots/iPhone X/HP/ACA/20200305_150144/3.png]]&#xD;
&#xD;
2020-03-05 15:02:19 - [TEST_STEP][PASSED] - (internal.GlobalVariable.i++): null&#xD;
&#xD;
2020-03-05 15:02:19 - [MESSAGE][PASSED] - Call Test Case 'Test Cases/AHI/_include/get_screenshot' successfully&#xD;
&#xD;
2020-03-05 15:02:19 - [TEST_STEP][PASSED] - selenium.click("xpath=(//a[contains(text(),'Apply Now')])"): null&#xD;
&#xD;
2020-03-05 15:02:20 - [TEST_STEP][PASSED] - for ([second = 0, second &lt; 10, (second++)]): null&#xD;
&#xD;
2020-03-05 15:02:20 - [TEST_STEP][PASSED] - try: null&#xD;
&#xD;
2020-03-05 15:02:20 - [TEST_STEP][PASSED] - if (selenium.isElementPresent("//a[contains(text(),'Select')]")): null&#xD;
&#xD;
2020-03-05 15:02:21 - [TEST_STEP][PASSED] - Thread.sleep(1000): null&#xD;
&#xD;
2020-03-05 15:02:22 - [TEST_STEP][PASSED] - try: null&#xD;
&#xD;
2020-03-05 15:02:22 - [TEST_STEP][PASSED] - if (selenium.isElementPresent("//a[contains(text(),'Select')]")): null&#xD;
&#xD;
2020-03-05 15:02:22 - [TEST_STEP][PASSED] - Thread.sleep(1000): null&#xD;
&#xD;
2020-03-05 15:02:23 - [TEST_STEP][PASSED] - try: null&#xD;
&#xD;
2020-03-05 15:02:23 - [TEST_STEP][PASSED] - if (selenium.isElementPresent("//a[contains(text(),'Select')]")): null&#xD;
&#xD;
2020-03-05 15:02:23 - [TEST_STEP][PASSED] - Thread.sleep(1000): null&#xD;
&#xD;
2020-03-05 15:02:24 - [TEST_STEP][PASSED] - try: null&#xD;
&#xD;
2020-03-05 15:02:24 - [TEST_STEP][PASSED] - if (selenium.isElementPresent("//a[contains(text(),'Select')]")): null&#xD;
&#xD;
2020-03-05 15:02:24 - [TEST_STEP][PASSED] - Thread.sleep(1000): null&#xD;
&#xD;
2020-03-05 15:02:25 - [TEST_STEP][PASSED] - try: null&#xD;
&#xD;
2020-03-05 15:02:25 - [TEST_STEP][PASSED] - if (selenium.isElementPresent("//a[contains(text(),'Select')]")): null&#xD;
&#xD;
2020-03-05 15:02:25 - [TEST_STEP][PASSED] - Thread.sleep(1000): null&#xD;
&#xD;
2020-03-05 15:02:26 - [TEST_STEP][PASSED] - try: null&#xD;
&#xD;
2020-03-05 15:02:26 - [TEST_STEP][PASSED] - if (selenium.isElementPresent("//a[contains(text(),'Select')]")): null&#xD;
&#xD;
2020-03-05 15:02:26 - [TEST_STEP][PASSED] - Thread.sleep(1000): null&#xD;
&#xD;
2020-03-05 15:02:27 - [TEST_STEP][PASSED] - try: null&#xD;
&#xD;
2020-03-05 15:02:27 - [TEST_STEP][PASSED] - if (selenium.isElementPresent("//a[contains(text(),'Select')]")): null&#xD;
&#xD;
2020-03-05 15:02:27 - [TEST_STEP][PASSED] - Thread.sleep(1000): null&#xD;
&#xD;
2020-03-05 15:02:28 - [TEST_STEP][PASSED] - try: null&#xD;
&#xD;
2020-03-05 15:02:28 - [TEST_STEP][PASSED] - if (selenium.isElementPresent("//a[contains(text(),'Select')]")): null&#xD;
&#xD;
2020-03-05 15:02:28 - [TEST_STEP][PASSED] - Thread.sleep(1000): null&#xD;
&#xD;
2020-03-05 15:02:29 - [TEST_STEP][PASSED] - try: null&#xD;
&#xD;
2020-03-05 15:02:29 - [TEST_STEP][PASSED] - if (selenium.isElementPresent("//a[contains(text(),'Select')]")): null&#xD;
&#xD;
2020-03-05 15:02:29 - [TEST_STEP][PASSED] - Thread.sleep(1000): null&#xD;
&#xD;
2020-03-05 15:02:30 - [TEST_STEP][PASSED] - try: null&#xD;
&#xD;
2020-03-05 15:02:30 - [TEST_STEP][PASSED] - if (selenium.isElementPresent("//a[contains(text(),'Select')]")): null&#xD;
&#xD;
2020-03-05 15:02:30 - [TEST_STEP][PASSED] - Thread.sleep(1000): null&#xD;
&#xD;
2020-03-05 15:02:31 - [TEST_STEP][PASSED] - callTestCase(findTestCase("AHI/_include/get_screenshot"), [:], STOP_ON_FAILURE): Call Test Case 'Test Cases/AHI/_include/get_screenshot' successfully&#xD;
&#xD;
2020-03-05 15:02:31 - [TEST_CASE][PASSED] - Test Cases/AHI/_include/get_screenshot: Test Cases/AHI/_include/get_screenshot&#xD;
&#xD;
2020-03-05 15:02:31 - [TEST_STEP][PASSED] - takeScreenshot(screenPath + i + ".png"): Taking screenshot successfully&#xD;
&#xD;
2020-03-05 15:02:32 - [MESSAGE][PASSED] - Taking screenshot successfully&#xD;
[[ATTACHMENT|D:\\Test\\AgileTest\\AgileTest\\Reports\\HP\\HP\\20200305_150132\\../Screenshots/iPhone X/HP/ACA/20200305_150144/4.png]]&#xD;
&#xD;
2020-03-05 15:02:32 - [TEST_STEP][PASSED] - (internal.GlobalVariable.i++): null&#xD;
&#xD;
2020-03-05 15:02:32 - [MESSAGE][PASSED] - Call Test Case 'Test Cases/AHI/_include/get_screenshot' successfully&#xD;
&#xD;
2020-03-05 15:02:32 - [TEST_STEP][PASSED] - selenium.click("//a[contains(text(),'Select')]"): null</system-out>
            <system-err>2020-03-05 15:01:41 - [TEST_CASE][ERROR] - Test Cases/HP/Health Plans/ACA: Test Cases/HP/Health Plans/ACA FAILED.
Reason:
com.thoughtworks.selenium.SeleniumException: Element //a[contains(text(),'Select')] not found&#xD;
	at com.thoughtworks.selenium.webdriven.ElementFinder.findElement(ElementFinder.java:93)&#xD;
	at com.thoughtworks.selenium.webdriven.commands.Click.handleSeleneseCommand(Click.java:39)&#xD;
	at com.thoughtworks.selenium.webdriven.commands.Click.handleSeleneseCommand(Click.java:26)&#xD;
	at com.thoughtworks.selenium.webdriven.SeleneseCommand.apply(SeleneseCommand.java:36)&#xD;
	at com.thoughtworks.selenium.webdriven.Timer.run(Timer.java:41)&#xD;
	at com.thoughtworks.selenium.webdriven.WebDriverCommandProcessor.execute(WebDriverCommandProcessor.java:150)&#xD;
	at com.thoughtworks.selenium.webdriven.WebDriverCommandProcessor.doCommand(WebDriverCommandProcessor.java:76)&#xD;
	at com.thoughtworks.selenium.DefaultSelenium.click(DefaultSelenium.java:198)&#xD;
	at com.thoughtworks.selenium.Selenium$click$0.call(Unknown Source)&#xD;
	at ACA.run(ACA:134)&#xD;
	at com.kms.katalon.core.main.ScriptEngine.run(ScriptEngine.java:194)&#xD;
	at com.kms.katalon.core.main.ScriptEngine.runScriptAsRawText(ScriptEngine.java:119)&#xD;
	at com.kms.katalon.core.main.TestCaseExecutor.runScript(TestCaseExecutor.java:337)&#xD;
	at com.kms.katalon.core.main.TestCaseExecutor.doExecute(TestCaseExecutor.java:328)&#xD;
	at com.kms.katalon.core.main.TestCaseExecutor.processExecutionPhase(TestCaseExecutor.java:307)&#xD;
	at com.kms.katalon.core.main.TestCaseExecutor.accessMainPhase(TestCaseExecutor.java:299)&#xD;
	at com.kms.katalon.core.main.TestCaseExecutor.execute(TestCaseExecutor.java:233)&#xD;
	at com.kms.katalon.core.main.TestSuiteExecutor.accessTestCaseMainPhase(TestSuiteExecutor.java:133)&#xD;
	at com.kms.katalon.core.main.TestSuiteExecutor.accessTestSuiteMainPhase(TestSuiteExecutor.java:116)&#xD;
	at com.kms.katalon.core.main.TestSuiteExecutor.execute(TestSuiteExecutor.java:83)&#xD;
	at com.kms.katalon.core.main.TestCaseMain.startTestSuite(TestCaseMain.java:157)&#xD;
	at com.kms.katalon.core.main.TestCaseMain$startTestSuite$0.call(Unknown Source)&#xD;
	at TempTestSuite1583391692231.run(TempTestSuite1583391692231.groovy:35)&#xD;
Caused by: org.openqa.selenium.NoSuchElementException: Cannot find an element with the xpath: //a[contains(text(),'Select')]
For documentation on this error, please visit: https://www.seleniumhq.org/exceptions/no_such_element.html
Build info: version: '3.141.59', revision: 'e82be7d358', time: '2018-11-14T08:25:53'
System info: host: 'SOFEE', ip: '172.16.86.47', os.name: 'Windows 7', os.arch: 'amd64', os.version: '6.1', java.version: '1.8.0_181'
Driver info: driver.version: unknown&#xD;
	at com.thoughtworks.selenium.webdriven.ElementFinder.xpathWizardry(ElementFinder.java:143)&#xD;
	at com.thoughtworks.selenium.webdriven.ElementFinder.findElementDirectlyIfNecessary(ElementFinder.java:117)&#xD;
	at com.thoughtworks.selenium.webdriven.ElementFinder.findElement(ElementFinder.java:87)&#xD;
	at com.thoughtworks.selenium.webdriven.commands.Click.handleSeleneseCommand(Click.java:39)&#xD;
	at com.thoughtworks.selenium.webdriven.commands.Click.handleSeleneseCommand(Click.java:26)&#xD;
	at com.thoughtworks.selenium.webdriven.SeleneseCommand.apply(SeleneseCommand.java:36)&#xD;
	at com.thoughtworks.selenium.webdriven.Timer.run(Timer.java:41)&#xD;
	at com.thoughtworks.selenium.webdriven.WebDriverCommandProcessor.execute(WebDriverCommandProcessor.java:150)&#xD;
	at com.thoughtworks.selenium.webdriven.WebDriverCommandProcessor.doCommand(WebDriverCommandProcessor.java:76)&#xD;
	at com.thoughtworks.selenium.DefaultSelenium.click(DefaultSelenium.java:198)&#xD;
	at com.thoughtworks.selenium.Selenium$click$0.call(Unknown Source)&#xD;
	at Script1575603847168.run(Script1575603847168.groovy:134)&#xD;
	... 13 more</system-err>
        </testcase>
        <testcase name="Test Cases/HP/Health Plans/Dental" classname="Test Cases/HP/Health Plans/Dental" status="PASSED">
            <system-out>2020-03-05 15:02:32 - [TEST_CASE][PASSED] - Test Cases/HP/Health Plans/Dental: Test Cases/HP/Health Plans/Dental&#xD;
&#xD;
2020-03-05 15:02:32 - [TEST_STEP][PASSED] - now = new java.util.Date(): null&#xD;
&#xD;
2020-03-05 15:02:32 - [TEST_STEP][PASSED] - mydate = now.format("yyyyMMdd_HHmmss"): null&#xD;
&#xD;
2020-03-05 15:02:32 - [TEST_STEP][PASSED] - i = 0: null&#xD;
&#xD;
2020-03-05 15:02:32 - [TEST_STEP][PASSED] - callTestCase(findTestCase("AHI/_include/get_screenPath"), ["productLine":"HP", "carrierName":"Dental"], CONTINUE_ON_FAILURE): Call Test Case 'Test Cases/AHI/_include/get_screenPath' successfully&#xD;
&#xD;
2020-03-05 15:02:32 - [TEST_CASE][PASSED] - Test Cases/AHI/_include/get_screenPath: Test Cases/AHI/_include/get_screenPath&#xD;
&#xD;
2020-03-05 15:02:32 - [TEST_STEP][PASSED] - m = getExecutionProperties(): null&#xD;
&#xD;
2020-03-05 15:02:32 - [TEST_STEP][PASSED] - deviceName = get("mobileEmulation").get("deviceName"): null&#xD;
&#xD;
2020-03-05 15:02:32 - [TEST_STEP][PASSED] - println(deviceName): null&#xD;
&#xD;
2020-03-05 15:02:32 - [TEST_STEP][PASSED] - now = new java.util.Date(): null&#xD;
&#xD;
2020-03-05 15:02:32 - [TEST_STEP][PASSED] - mydate = now.format("yyyyMMdd_HHmmss"): null&#xD;
&#xD;
2020-03-05 15:02:32 - [TEST_STEP][PASSED] - screenPath = "../Screenshots/": null&#xD;
&#xD;
2020-03-05 15:02:32 - [TEST_STEP][PASSED] - screenPath = screenPath + deviceName + "/" + productLine + "/" + carrierName + "/" + mydate + "/": null&#xD;
&#xD;
2020-03-05 15:02:32 - [TEST_STEP][PASSED] - println(screenPath): null&#xD;
&#xD;
2020-03-05 15:02:32 - [MESSAGE][PASSED] - Call Test Case 'Test Cases/AHI/_include/get_screenPath' successfully&#xD;
&#xD;
2020-03-05 15:02:32 - [TEST_STEP][PASSED] - second = &lt;not implemented yet for class: org.codehaus.groovy.ast.expr.EmptyExpression&gt;: null&#xD;
&#xD;
2020-03-05 15:02:32 - [TEST_STEP][PASSED] - openBrowser(ENV + "/dental-insurance"): Browser is opened with url: 'https://bondsmith.healthpocket.com/dental-insurance'&#xD;
&#xD;
2020-03-05 15:02:32 - [MESSAGE][WARNING] - A browser is already opened. Closing browser and opening a new one&#xD;
&#xD;
2020-03-05 15:02:33 - [MESSAGE][INFO] - Starting 'Chrome' driver&#xD;
&#xD;
2020-03-05 15:02:33 - [MESSAGE][INFO] - User set preference: ['mobileEmulation', '{deviceName=iPhone X}']&#xD;
&#xD;
2020-03-05 15:02:33 - [MESSAGE][INFO] - User set preference: ['args', '[--incognito, --aggressive-cache-discard, --no-sandbox, --window-size=375,812]']&#xD;
&#xD;
2020-03-05 15:02:45 - [MESSAGE][PASSED] - Browser is opened with url: 'https://bondsmith.healthpocket.com/dental-insurance'&#xD;
&#xD;
2020-03-05 15:02:45 - [TEST_STEP][PASSED] - Thread.sleep(3000): null&#xD;
&#xD;
2020-03-05 15:02:48 - [TEST_STEP][PASSED] - driver = getWebDriver(): null&#xD;
&#xD;
2020-03-05 15:02:48 - [TEST_STEP][PASSED] - baseUrl = ENV: null&#xD;
&#xD;
2020-03-05 15:02:48 - [TEST_STEP][PASSED] - selenium = new com.thoughtworks.selenium.webdriven.WebDriverBackedSelenium(driver, baseUrl): null&#xD;
&#xD;
2020-03-05 15:02:48 - [TEST_STEP][PASSED] - selenium.refresh(): null&#xD;
&#xD;
2020-03-05 15:02:48 - [TEST_STEP][PASSED] - selenium.waitForPageToLoad("30000"): null&#xD;
&#xD;
2020-03-05 15:02:49 - [TEST_STEP][PASSED] - for ([second = 0, second &lt; 10, (second++)]): null&#xD;
&#xD;
2020-03-05 15:02:49 - [TEST_STEP][PASSED] - try: null&#xD;
&#xD;
2020-03-05 15:02:49 - [TEST_STEP][PASSED] - if (selenium.isElementPresent("id=location")): null&#xD;
&#xD;
2020-03-05 15:02:49 - [TEST_STEP][PASSED] - break: null&#xD;
&#xD;
2020-03-05 15:02:49 - [TEST_STEP][PASSED] - callTestCase(findTestCase("AHI/_include/get_screenshot"), [:], STOP_ON_FAILURE): Call Test Case 'Test Cases/AHI/_include/get_screenshot' successfully&#xD;
&#xD;
2020-03-05 15:02:50 - [TEST_CASE][PASSED] - Test Cases/AHI/_include/get_screenshot: Test Cases/AHI/_include/get_screenshot&#xD;
&#xD;
2020-03-05 15:02:50 - [TEST_STEP][PASSED] - takeScreenshot(screenPath + i + ".png"): Taking screenshot successfully&#xD;
&#xD;
2020-03-05 15:02:50 - [MESSAGE][PASSED] - Taking screenshot successfully&#xD;
[[ATTACHMENT|D:\\Test\\AgileTest\\AgileTest\\Reports\\HP\\HP\\20200305_150132\\../Screenshots/iPhone X/HP/Dental/20200305_150232/0.png]]&#xD;
&#xD;
2020-03-05 15:02:50 - [TEST_STEP][PASSED] - (internal.GlobalVariable.i++): null&#xD;
&#xD;
2020-03-05 15:02:50 - [MESSAGE][PASSED] - Call Test Case 'Test Cases/AHI/_include/get_screenshot' successfully&#xD;
&#xD;
2020-03-05 15:02:50 - [TEST_STEP][PASSED] - selenium.type("id=location", "32209"): null&#xD;
&#xD;
2020-03-05 15:02:51 - [TEST_STEP][PASSED] - selenium.click("id=findPlans"): null&#xD;
&#xD;
2020-03-05 15:02:51 - [TEST_STEP][PASSED] - for ([second = 0, second &lt; 10, (second++)]): null&#xD;
&#xD;
2020-03-05 15:02:51 - [TEST_STEP][PASSED] - try: null&#xD;
&#xD;
2020-03-05 15:02:51 - [TEST_STEP][PASSED] - if (selenium.isElementPresent("//a[contains(text(),'Select')]")): null&#xD;
&#xD;
2020-03-05 15:02:51 - [TEST_STEP][PASSED] - Thread.sleep(1000): null&#xD;
&#xD;
2020-03-05 15:02:52 - [TEST_STEP][PASSED] - try: null&#xD;
&#xD;
2020-03-05 15:02:52 - [TEST_STEP][PASSED] - if (selenium.isElementPresent("//a[contains(text(),'Select')]")): null&#xD;
&#xD;
2020-03-05 15:02:53 - [TEST_STEP][PASSED] - break: null&#xD;
&#xD;
2020-03-05 15:02:53 - [TEST_STEP][PASSED] - callTestCase(findTestCase("AHI/_include/get_screenshot"), [:], STOP_ON_FAILURE): Call Test Case 'Test Cases/AHI/_include/get_screenshot' successfully&#xD;
&#xD;
2020-03-05 15:02:53 - [TEST_CASE][PASSED] - Test Cases/AHI/_include/get_screenshot: Test Cases/AHI/_include/get_screenshot&#xD;
&#xD;
2020-03-05 15:02:53 - [TEST_STEP][PASSED] - takeScreenshot(screenPath + i + ".png"): Taking screenshot successfully&#xD;
&#xD;
2020-03-05 15:02:54 - [MESSAGE][PASSED] - Taking screenshot successfully&#xD;
[[ATTACHMENT|D:\\Test\\AgileTest\\AgileTest\\Reports\\HP\\HP\\20200305_150132\\../Screenshots/iPhone X/HP/Dental/20200305_150232/1.png]]&#xD;
&#xD;
2020-03-05 15:02:54 - [TEST_STEP][PASSED] - (internal.GlobalVariable.i++): null&#xD;
&#xD;
2020-03-05 15:02:54 - [MESSAGE][PASSED] - Call Test Case 'Test Cases/AHI/_include/get_screenshot' successfully&#xD;
&#xD;
2020-03-05 15:02:54 - [TEST_STEP][PASSED] - selenium.click("//a[contains(text(),'Select')]"): null&#xD;
&#xD;
2020-03-05 15:02:54 - [TEST_STEP][PASSED] - for ([second = 0, second &lt; 20, (second++)]): null&#xD;
&#xD;
2020-03-05 15:02:54 - [TEST_STEP][PASSED] - try: null&#xD;
&#xD;
2020-03-05 15:02:54 - [TEST_STEP][PASSED] - if (selenium.isElementPresent("xpath=(//a[contains(text(),'Apply Now')])")): null&#xD;
&#xD;
2020-03-05 15:02:55 - [TEST_STEP][PASSED] - Thread.sleep(1000): null&#xD;
&#xD;
2020-03-05 15:02:56 - [TEST_STEP][PASSED] - try: null&#xD;
&#xD;
2020-03-05 15:02:56 - [TEST_STEP][PASSED] - if (selenium.isElementPresent("xpath=(//a[contains(text(),'Apply Now')])")): null&#xD;
&#xD;
2020-03-05 15:02:56 - [TEST_STEP][PASSED] - Thread.sleep(1000): null&#xD;
&#xD;
2020-03-05 15:02:57 - [TEST_STEP][PASSED] - try: null&#xD;
&#xD;
2020-03-05 15:02:57 - [TEST_STEP][PASSED] - if (selenium.isElementPresent("xpath=(//a[contains(text(),'Apply Now')])")): null&#xD;
&#xD;
2020-03-05 15:02:57 - [TEST_STEP][PASSED] - Thread.sleep(1000): null&#xD;
&#xD;
2020-03-05 15:02:58 - [TEST_STEP][PASSED] - try: null&#xD;
&#xD;
2020-03-05 15:02:58 - [TEST_STEP][PASSED] - if (selenium.isElementPresent("xpath=(//a[contains(text(),'Apply Now')])")): null&#xD;
&#xD;
2020-03-05 15:02:58 - [TEST_STEP][PASSED] - Thread.sleep(1000): null&#xD;
&#xD;
2020-03-05 15:02:59 - [TEST_STEP][PASSED] - try: null&#xD;
&#xD;
2020-03-05 15:02:59 - [TEST_STEP][PASSED] - if (selenium.isElementPresent("xpath=(//a[contains(text(),'Apply Now')])")): null&#xD;
&#xD;
2020-03-05 15:02:59 - [TEST_STEP][PASSED] - Thread.sleep(1000): null&#xD;
&#xD;
2020-03-05 15:03:00 - [TEST_STEP][PASSED] - try: null&#xD;
&#xD;
2020-03-05 15:03:00 - [TEST_STEP][PASSED] - if (selenium.isElementPresent("xpath=(//a[contains(text(),'Apply Now')])")): null&#xD;
&#xD;
2020-03-05 15:03:00 - [TEST_STEP][PASSED] - Thread.sleep(1000): null&#xD;
&#xD;
2020-03-05 15:03:01 - [TEST_STEP][PASSED] - try: null&#xD;
&#xD;
2020-03-05 15:03:01 - [TEST_STEP][PASSED] - if (selenium.isElementPresent("xpath=(//a[contains(text(),'Apply Now')])")): null&#xD;
&#xD;
2020-03-05 15:03:01 - [TEST_STEP][PASSED] - break: null&#xD;
&#xD;
2020-03-05 15:03:01 - [TEST_STEP][PASSED] - callTestCase(findTestCase("AHI/_include/get_screenshot"), [:], STOP_ON_FAILURE): Call Test Case 'Test Cases/AHI/_include/get_screenshot' successfully&#xD;
&#xD;
2020-03-05 15:03:01 - [TEST_CASE][PASSED] - Test Cases/AHI/_include/get_screenshot: Test Cases/AHI/_include/get_screenshot&#xD;
&#xD;
2020-03-05 15:03:01 - [TEST_STEP][PASSED] - takeScreenshot(screenPath + i + ".png"): Taking screenshot successfully&#xD;
&#xD;
2020-03-05 15:03:02 - [MESSAGE][PASSED] - Taking screenshot successfully&#xD;
[[ATTACHMENT|D:\\Test\\AgileTest\\AgileTest\\Reports\\HP\\HP\\20200305_150132\\../Screenshots/iPhone X/HP/Dental/20200305_150232/2.png]]&#xD;
&#xD;
2020-03-05 15:03:02 - [TEST_STEP][PASSED] - (internal.GlobalVariable.i++): null&#xD;
&#xD;
2020-03-05 15:03:02 - [MESSAGE][PASSED] - Call Test Case 'Test Cases/AHI/_include/get_screenshot' successfully</system-out>
            <system-err></system-err>
        </testcase>
        <testcase name="Test Cases/HP/Health Plans/Medicaid Public" classname="Test Cases/HP/Health Plans/Medicaid Public" status="PASSED">
            <system-out>2020-03-05 15:03:02 - [TEST_CASE][PASSED] - Test Cases/HP/Health Plans/Medicaid Public: Test Cases/HP/Health Plans/Medicaid Public&#xD;
&#xD;
2020-03-05 15:03:02 - [TEST_STEP][PASSED] - now = new java.util.Date(): null&#xD;
&#xD;
2020-03-05 15:03:02 - [TEST_STEP][PASSED] - mydate = now.format("yyyyMMdd_HHmmss"): null&#xD;
&#xD;
2020-03-05 15:03:02 - [TEST_STEP][PASSED] - i = 0: null&#xD;
&#xD;
2020-03-05 15:03:02 - [TEST_STEP][PASSED] - callTestCase(findTestCase("AHI/_include/get_screenPath"), ["productLine":"HP", "carrierName":"Medicaid Public"], CONTINUE_ON_FAILURE): Call Test Case 'Test Cases/AHI/_include/get_screenPath' successfully&#xD;
&#xD;
2020-03-05 15:03:02 - [TEST_CASE][PASSED] - Test Cases/AHI/_include/get_screenPath: Test Cases/AHI/_include/get_screenPath&#xD;
&#xD;
2020-03-05 15:03:02 - [TEST_STEP][PASSED] - m = getExecutionProperties(): null&#xD;
&#xD;
2020-03-05 15:03:02 - [TEST_STEP][PASSED] - deviceName = get("mobileEmulation").get("deviceName"): null&#xD;
&#xD;
2020-03-05 15:03:02 - [TEST_STEP][PASSED] - println(deviceName): null&#xD;
&#xD;
2020-03-05 15:03:02 - [TEST_STEP][PASSED] - now = new java.util.Date(): null&#xD;
&#xD;
2020-03-05 15:03:02 - [TEST_STEP][PASSED] - mydate = now.format("yyyyMMdd_HHmmss"): null&#xD;
&#xD;
2020-03-05 15:03:02 - [TEST_STEP][PASSED] - screenPath = "../Screenshots/": null&#xD;
&#xD;
2020-03-05 15:03:02 - [TEST_STEP][PASSED] - screenPath = screenPath + deviceName + "/" + productLine + "/" + carrierName + "/" + mydate + "/": null&#xD;
&#xD;
2020-03-05 15:03:02 - [TEST_STEP][PASSED] - println(screenPath): null&#xD;
&#xD;
2020-03-05 15:03:02 - [MESSAGE][PASSED] - Call Test Case 'Test Cases/AHI/_include/get_screenPath' successfully&#xD;
&#xD;
2020-03-05 15:03:02 - [TEST_STEP][PASSED] - second = &lt;not implemented yet for class: org.codehaus.groovy.ast.expr.EmptyExpression&gt;: null&#xD;
&#xD;
2020-03-05 15:03:02 - [TEST_STEP][PASSED] - openBrowser(ENV + "/medicaid-public-plans"): Browser is opened with url: 'https://bondsmith.healthpocket.com/medicaid-public-plans'&#xD;
&#xD;
2020-03-05 15:03:02 - [MESSAGE][WARNING] - A browser is already opened. Closing browser and opening a new one&#xD;
&#xD;
2020-03-05 15:03:03 - [MESSAGE][INFO] - Starting 'Chrome' driver&#xD;
&#xD;
2020-03-05 15:03:03 - [MESSAGE][INFO] - User set preference: ['mobileEmulation', '{deviceName=iPhone X}']&#xD;
&#xD;
2020-03-05 15:03:03 - [MESSAGE][INFO] - User set preference: ['args', '[--incognito, --aggressive-cache-discard, --no-sandbox, --window-size=375,812]']&#xD;
&#xD;
2020-03-05 15:03:15 - [MESSAGE][PASSED] - Browser is opened with url: 'https://bondsmith.healthpocket.com/medicaid-public-plans'&#xD;
&#xD;
2020-03-05 15:03:15 - [TEST_STEP][PASSED] - Thread.sleep(3000): null&#xD;
&#xD;
2020-03-05 15:03:18 - [TEST_STEP][PASSED] - driver = getWebDriver(): null&#xD;
&#xD;
2020-03-05 15:03:18 - [TEST_STEP][PASSED] - baseUrl = ENV: null&#xD;
&#xD;
2020-03-05 15:03:18 - [TEST_STEP][PASSED] - selenium = new com.thoughtworks.selenium.webdriven.WebDriverBackedSelenium(driver, baseUrl): null&#xD;
&#xD;
2020-03-05 15:03:18 - [TEST_STEP][PASSED] - for ([second = 0, second &lt; 10, (second++)]): null&#xD;
&#xD;
2020-03-05 15:03:18 - [TEST_STEP][PASSED] - try: null&#xD;
&#xD;
2020-03-05 15:03:18 - [TEST_STEP][PASSED] - if (selenium.isElementPresent("id=location")): null&#xD;
&#xD;
2020-03-05 15:03:18 - [TEST_STEP][PASSED] - break: null&#xD;
&#xD;
2020-03-05 15:03:18 - [TEST_STEP][PASSED] - callTestCase(findTestCase("AHI/_include/get_screenshot"), [:], STOP_ON_FAILURE): Call Test Case 'Test Cases/AHI/_include/get_screenshot' successfully&#xD;
&#xD;
2020-03-05 15:03:18 - [TEST_CASE][PASSED] - Test Cases/AHI/_include/get_screenshot: Test Cases/AHI/_include/get_screenshot&#xD;
&#xD;
2020-03-05 15:03:18 - [TEST_STEP][PASSED] - takeScreenshot(screenPath + i + ".png"): Taking screenshot successfully&#xD;
&#xD;
2020-03-05 15:03:19 - [MESSAGE][PASSED] - Taking screenshot successfully&#xD;
[[ATTACHMENT|D:\\Test\\AgileTest\\AgileTest\\Reports\\HP\\HP\\20200305_150132\\../Screenshots/iPhone X/HP/Medicaid Public/20200305_150302/0.png]]&#xD;
&#xD;
2020-03-05 15:03:19 - [TEST_STEP][PASSED] - (internal.GlobalVariable.i++): null&#xD;
&#xD;
2020-03-05 15:03:19 - [MESSAGE][PASSED] - Call Test Case 'Test Cases/AHI/_include/get_screenshot' successfully&#xD;
&#xD;
2020-03-05 15:03:19 - [TEST_STEP][PASSED] - selenium.type("id=location", "32209"): null&#xD;
&#xD;
2020-03-05 15:03:19 - [TEST_STEP][PASSED] - selenium.click("id=findPlans"): null&#xD;
&#xD;
2020-03-05 15:03:19 - [TEST_STEP][PASSED] - for ([second = 0, second &lt; 10, (second++)]): null&#xD;
&#xD;
2020-03-05 15:03:19 - [TEST_STEP][PASSED] - try: null&#xD;
&#xD;
2020-03-05 15:03:19 - [TEST_STEP][PASSED] - if (selenium.isElementPresent("//a[contains(text(),'Select')]")): null&#xD;
&#xD;
2020-03-05 15:03:19 - [TEST_STEP][PASSED] - Thread.sleep(1000): null&#xD;
&#xD;
2020-03-05 15:03:20 - [TEST_STEP][PASSED] - try: null&#xD;
&#xD;
2020-03-05 15:03:20 - [TEST_STEP][PASSED] - if (selenium.isElementPresent("//a[contains(text(),'Select')]")): null&#xD;
&#xD;
2020-03-05 15:03:24 - [TEST_STEP][PASSED] - break: null&#xD;
&#xD;
2020-03-05 15:03:24 - [TEST_STEP][PASSED] - callTestCase(findTestCase("AHI/_include/get_screenshot"), [:], STOP_ON_FAILURE): Call Test Case 'Test Cases/AHI/_include/get_screenshot' successfully&#xD;
&#xD;
2020-03-05 15:03:24 - [TEST_CASE][PASSED] - Test Cases/AHI/_include/get_screenshot: Test Cases/AHI/_include/get_screenshot&#xD;
&#xD;
2020-03-05 15:03:24 - [TEST_STEP][PASSED] - takeScreenshot(screenPath + i + ".png"): Taking screenshot successfully&#xD;
&#xD;
2020-03-05 15:03:25 - [MESSAGE][PASSED] - Taking screenshot successfully&#xD;
[[ATTACHMENT|D:\\Test\\AgileTest\\AgileTest\\Reports\\HP\\HP\\20200305_150132\\../Screenshots/iPhone X/HP/Medicaid Public/20200305_150302/1.png]]&#xD;
&#xD;
2020-03-05 15:03:25 - [TEST_STEP][PASSED] - (internal.GlobalVariable.i++): null&#xD;
&#xD;
2020-03-05 15:03:25 - [MESSAGE][PASSED] - Call Test Case 'Test Cases/AHI/_include/get_screenshot' successfully&#xD;
&#xD;
2020-03-05 15:03:25 - [TEST_STEP][PASSED] - selenium.click("//a[contains(text(),'Select')]"): null&#xD;
&#xD;
2020-03-05 15:03:26 - [TEST_STEP][PASSED] - for ([second = 0, second &lt; 60, (second++)]): null&#xD;
&#xD;
2020-03-05 15:03:26 - [TEST_STEP][PASSED] - try: null&#xD;
&#xD;
2020-03-05 15:03:26 - [TEST_STEP][PASSED] - if (selenium.isElementPresent("//div/h2[contains(text(),'Ways to Learn More')]")): null&#xD;
&#xD;
2020-03-05 15:03:26 - [TEST_STEP][PASSED] - break: null&#xD;
&#xD;
2020-03-05 15:03:26 - [TEST_STEP][PASSED] - callTestCase(findTestCase("AHI/_include/get_screenshot"), [:], STOP_ON_FAILURE): Call Test Case 'Test Cases/AHI/_include/get_screenshot' successfully&#xD;
&#xD;
2020-03-05 15:03:26 - [TEST_CASE][PASSED] - Test Cases/AHI/_include/get_screenshot: Test Cases/AHI/_include/get_screenshot&#xD;
&#xD;
2020-03-05 15:03:26 - [TEST_STEP][PASSED] - takeScreenshot(screenPath + i + ".png"): Taking screenshot successfully&#xD;
&#xD;
2020-03-05 15:03:27 - [MESSAGE][PASSED] - Taking screenshot successfully&#xD;
[[ATTACHMENT|D:\\Test\\AgileTest\\AgileTest\\Reports\\HP\\HP\\20200305_150132\\../Screenshots/iPhone X/HP/Medicaid Public/20200305_150302/2.png]]&#xD;
&#xD;
2020-03-05 15:03:27 - [TEST_STEP][PASSED] - (internal.GlobalVariable.i++): null&#xD;
&#xD;
2020-03-05 15:03:27 - [MESSAGE][PASSED] - Call Test Case 'Test Cases/AHI/_include/get_screenshot' successfully</system-out>
            <system-err></system-err>
        </testcase>
        <testcase name="Test Cases/HP/Health Plans/Medicare" classname="Test Cases/HP/Health Plans/Medicare" status="PASSED">
            <system-out>2020-03-05 15:03:27 - [TEST_CASE][PASSED] - Test Cases/HP/Health Plans/Medicare: Test Cases/HP/Health Plans/Medicare&#xD;
&#xD;
2020-03-05 15:03:28 - [TEST_STEP][PASSED] - now = new java.util.Date(): null&#xD;
&#xD;
2020-03-05 15:03:28 - [TEST_STEP][PASSED] - mydate = now.format("yyyyMMdd_HHmmss"): null&#xD;
&#xD;
2020-03-05 15:03:28 - [TEST_STEP][PASSED] - callTestCase(findTestCase("AHI/_include/get_screenPath"), ["productLine":"HP", "carrierName":"Medicare"], CONTINUE_ON_FAILURE): Call Test Case 'Test Cases/AHI/_include/get_screenPath' successfully&#xD;
&#xD;
2020-03-05 15:03:28 - [TEST_CASE][PASSED] - Test Cases/AHI/_include/get_screenPath: Test Cases/AHI/_include/get_screenPath&#xD;
&#xD;
2020-03-05 15:03:28 - [TEST_STEP][PASSED] - m = getExecutionProperties(): null&#xD;
&#xD;
2020-03-05 15:03:28 - [TEST_STEP][PASSED] - deviceName = get("mobileEmulation").get("deviceName"): null&#xD;
&#xD;
2020-03-05 15:03:28 - [TEST_STEP][PASSED] - println(deviceName): null&#xD;
&#xD;
2020-03-05 15:03:28 - [TEST_STEP][PASSED] - now = new java.util.Date(): null&#xD;
&#xD;
2020-03-05 15:03:28 - [TEST_STEP][PASSED] - mydate = now.format("yyyyMMdd_HHmmss"): null&#xD;
&#xD;
2020-03-05 15:03:28 - [TEST_STEP][PASSED] - screenPath = "../Screenshots/": null&#xD;
&#xD;
2020-03-05 15:03:28 - [TEST_STEP][PASSED] - screenPath = screenPath + deviceName + "/" + productLine + "/" + carrierName + "/" + mydate + "/": null&#xD;
&#xD;
2020-03-05 15:03:28 - [TEST_STEP][PASSED] - println(screenPath): null&#xD;
&#xD;
2020-03-05 15:03:28 - [MESSAGE][PASSED] - Call Test Case 'Test Cases/AHI/_include/get_screenPath' successfully&#xD;
&#xD;
2020-03-05 15:03:28 - [TEST_STEP][PASSED] - i = 0: null&#xD;
&#xD;
2020-03-05 15:03:28 - [TEST_STEP][PASSED] - openBrowser(ENV + "/medicare"): Browser is opened with url: 'https://bondsmith.healthpocket.com/medicare'&#xD;
&#xD;
2020-03-05 15:03:28 - [MESSAGE][WARNING] - A browser is already opened. Closing browser and opening a new one&#xD;
&#xD;
2020-03-05 15:03:29 - [MESSAGE][INFO] - Starting 'Chrome' driver&#xD;
&#xD;
2020-03-05 15:03:29 - [MESSAGE][INFO] - User set preference: ['mobileEmulation', '{deviceName=iPhone X}']&#xD;
&#xD;
2020-03-05 15:03:29 - [MESSAGE][INFO] - User set preference: ['args', '[--incognito, --aggressive-cache-discard, --no-sandbox, --window-size=375,812]']&#xD;
&#xD;
2020-03-05 15:03:40 - [MESSAGE][PASSED] - Browser is opened with url: 'https://bondsmith.healthpocket.com/medicare'&#xD;
&#xD;
2020-03-05 15:03:40 - [TEST_STEP][PASSED] - driver = getWebDriver(): null&#xD;
&#xD;
2020-03-05 15:03:40 - [TEST_STEP][PASSED] - baseUrl = ENV: null&#xD;
&#xD;
2020-03-05 15:03:40 - [TEST_STEP][PASSED] - selenium = new com.thoughtworks.selenium.webdriven.WebDriverBackedSelenium(driver, baseUrl): null&#xD;
&#xD;
2020-03-05 15:03:40 - [TEST_STEP][PASSED] - callTestCase(findTestCase("AHI/_include/get_screenshot"), [:], STOP_ON_FAILURE): Call Test Case 'Test Cases/AHI/_include/get_screenshot' successfully&#xD;
&#xD;
2020-03-05 15:03:40 - [TEST_CASE][PASSED] - Test Cases/AHI/_include/get_screenshot: Test Cases/AHI/_include/get_screenshot&#xD;
&#xD;
2020-03-05 15:03:40 - [TEST_STEP][PASSED] - takeScreenshot(screenPath + i + ".png"): Taking screenshot successfully&#xD;
&#xD;
2020-03-05 15:03:41 - [MESSAGE][PASSED] - Taking screenshot successfully&#xD;
[[ATTACHMENT|D:\\Test\\AgileTest\\AgileTest\\Reports\\HP\\HP\\20200305_150132\\../Screenshots/iPhone X/HP/Medicare/20200305_150328/0.png]]&#xD;
&#xD;
2020-03-05 15:03:41 - [TEST_STEP][PASSED] - (internal.GlobalVariable.i++): null&#xD;
&#xD;
2020-03-05 15:03:41 - [MESSAGE][PASSED] - Call Test Case 'Test Cases/AHI/_include/get_screenshot' successfully&#xD;
&#xD;
2020-03-05 15:03:41 - [TEST_STEP][PASSED] - selenium.click("id=location"): null&#xD;
&#xD;
2020-03-05 15:03:41 - [TEST_STEP][PASSED] - selenium.type("id=location", "32209"): null&#xD;
&#xD;
2020-03-05 15:03:41 - [TEST_STEP][PASSED] - selenium.click("id=findPlans"): null&#xD;
&#xD;
2020-03-05 15:03:42 - [TEST_STEP][PASSED] - for ([second = 0, second &lt; 60, (second++)]): null&#xD;
&#xD;
2020-03-05 15:03:42 - [TEST_STEP][PASSED] - try: null&#xD;
&#xD;
2020-03-05 15:03:42 - [TEST_STEP][PASSED] - if (selenium.isElementPresent("//a[contains(text(),'Select')]")): null&#xD;
&#xD;
2020-03-05 15:03:42 - [TEST_STEP][PASSED] - Thread.sleep(1000): null&#xD;
&#xD;
2020-03-05 15:03:43 - [TEST_STEP][PASSED] - try: null&#xD;
&#xD;
2020-03-05 15:03:43 - [TEST_STEP][PASSED] - if (selenium.isElementPresent("//a[contains(text(),'Select')]")): null&#xD;
&#xD;
2020-03-05 15:03:46 - [TEST_STEP][PASSED] - break: null&#xD;
&#xD;
2020-03-05 15:03:46 - [TEST_STEP][PASSED] - callTestCase(findTestCase("AHI/_include/get_screenshot"), [:], STOP_ON_FAILURE): Call Test Case 'Test Cases/AHI/_include/get_screenshot' successfully&#xD;
&#xD;
2020-03-05 15:03:46 - [TEST_CASE][PASSED] - Test Cases/AHI/_include/get_screenshot: Test Cases/AHI/_include/get_screenshot&#xD;
&#xD;
2020-03-05 15:03:46 - [TEST_STEP][PASSED] - takeScreenshot(screenPath + i + ".png"): Taking screenshot successfully&#xD;
&#xD;
2020-03-05 15:03:47 - [MESSAGE][PASSED] - Taking screenshot successfully&#xD;
[[ATTACHMENT|D:\\Test\\AgileTest\\AgileTest\\Reports\\HP\\HP\\20200305_150132\\../Screenshots/iPhone X/HP/Medicare/20200305_150328/1.png]]&#xD;
&#xD;
2020-03-05 15:03:47 - [TEST_STEP][PASSED] - (internal.GlobalVariable.i++): null&#xD;
&#xD;
2020-03-05 15:03:47 - [MESSAGE][PASSED] - Call Test Case 'Test Cases/AHI/_include/get_screenshot' successfully&#xD;
&#xD;
2020-03-05 15:03:47 - [TEST_STEP][PASSED] - selenium.click("//a[contains(text(),'Select')]"): null&#xD;
&#xD;
2020-03-05 15:03:47 - [TEST_STEP][PASSED] - for ([second = 0, second &lt; 60, (second++)]): null&#xD;
&#xD;
2020-03-05 15:03:47 - [TEST_STEP][PASSED] - try: null&#xD;
&#xD;
2020-03-05 15:03:47 - [TEST_STEP][PASSED] - if (selenium.isElementPresent("//a/h2[contains(text(),'Benefits &amp; Coverage')]")): null&#xD;
&#xD;
2020-03-05 15:03:47 - [TEST_STEP][PASSED] - Thread.sleep(1000): null&#xD;
&#xD;
2020-03-05 15:03:48 - [TEST_STEP][PASSED] - try: null&#xD;
&#xD;
2020-03-05 15:03:48 - [TEST_STEP][PASSED] - if (selenium.isElementPresent("//a/h2[contains(text(),'Benefits &amp; Coverage')]")): null&#xD;
&#xD;
2020-03-05 15:03:48 - [TEST_STEP][PASSED] - Thread.sleep(1000): null&#xD;
&#xD;
2020-03-05 15:03:49 - [TEST_STEP][PASSED] - try: null&#xD;
&#xD;
2020-03-05 15:03:49 - [TEST_STEP][PASSED] - if (selenium.isElementPresent("//a/h2[contains(text(),'Benefits &amp; Coverage')]")): null&#xD;
&#xD;
2020-03-05 15:03:49 - [TEST_STEP][PASSED] - Thread.sleep(1000): null&#xD;
&#xD;
2020-03-05 15:03:50 - [TEST_STEP][PASSED] - try: null&#xD;
&#xD;
2020-03-05 15:03:50 - [TEST_STEP][PASSED] - if (selenium.isElementPresent("//a/h2[contains(text(),'Benefits &amp; Coverage')]")): null&#xD;
&#xD;
2020-03-05 15:03:50 - [TEST_STEP][PASSED] - Thread.sleep(1000): null&#xD;
&#xD;
2020-03-05 15:03:51 - [TEST_STEP][PASSED] - try: null&#xD;
&#xD;
2020-03-05 15:03:51 - [TEST_STEP][PASSED] - if (selenium.isElementPresent("//a/h2[contains(text(),'Benefits &amp; Coverage')]")): null&#xD;
&#xD;
2020-03-05 15:03:51 - [TEST_STEP][PASSED] - Thread.sleep(1000): null&#xD;
&#xD;
2020-03-05 15:03:52 - [TEST_STEP][PASSED] - try: null&#xD;
&#xD;
2020-03-05 15:03:52 - [TEST_STEP][PASSED] - if (selenium.isElementPresent("//a/h2[contains(text(),'Benefits &amp; Coverage')]")): null&#xD;
&#xD;
2020-03-05 15:03:52 - [TEST_STEP][PASSED] - Thread.sleep(1000): null&#xD;
&#xD;
2020-03-05 15:03:53 - [TEST_STEP][PASSED] - try: null&#xD;
&#xD;
2020-03-05 15:03:53 - [TEST_STEP][PASSED] - if (selenium.isElementPresent("//a/h2[contains(text(),'Benefits &amp; Coverage')]")): null&#xD;
&#xD;
2020-03-05 15:03:53 - [TEST_STEP][PASSED] - Thread.sleep(1000): null&#xD;
&#xD;
2020-03-05 15:03:54 - [TEST_STEP][PASSED] - try: null&#xD;
&#xD;
2020-03-05 15:03:54 - [TEST_STEP][PASSED] - if (selenium.isElementPresent("//a/h2[contains(text(),'Benefits &amp; Coverage')]")): null&#xD;
&#xD;
2020-03-05 15:03:54 - [TEST_STEP][PASSED] - Thread.sleep(1000): null&#xD;
&#xD;
2020-03-05 15:03:55 - [TEST_STEP][PASSED] - try: null&#xD;
&#xD;
2020-03-05 15:03:55 - [TEST_STEP][PASSED] - if (selenium.isElementPresent("//a/h2[contains(text(),'Benefits &amp; Coverage')]")): null&#xD;
&#xD;
2020-03-05 15:03:55 - [TEST_STEP][PASSED] - Thread.sleep(1000): null&#xD;
&#xD;
2020-03-05 15:03:56 - [TEST_STEP][PASSED] - try: null&#xD;
&#xD;
2020-03-05 15:03:56 - [TEST_STEP][PASSED] - if (selenium.isElementPresent("//a/h2[contains(text(),'Benefits &amp; Coverage')]")): null&#xD;
&#xD;
2020-03-05 15:03:56 - [TEST_STEP][PASSED] - break: null&#xD;
&#xD;
2020-03-05 15:03:56 - [TEST_STEP][PASSED] - callTestCase(findTestCase("AHI/_include/get_screenshot"), [:], STOP_ON_FAILURE): Call Test Case 'Test Cases/AHI/_include/get_screenshot' successfully&#xD;
&#xD;
2020-03-05 15:03:56 - [TEST_CASE][PASSED] - Test Cases/AHI/_include/get_screenshot: Test Cases/AHI/_include/get_screenshot&#xD;
&#xD;
2020-03-05 15:03:56 - [TEST_STEP][PASSED] - takeScreenshot(screenPath + i + ".png"): Taking screenshot successfully&#xD;
&#xD;
2020-03-05 15:03:57 - [MESSAGE][PASSED] - Taking screenshot successfully&#xD;
[[ATTACHMENT|D:\\Test\\AgileTest\\AgileTest\\Reports\\HP\\HP\\20200305_150132\\../Screenshots/iPhone X/HP/Medicare/20200305_150328/2.png]]&#xD;
&#xD;
2020-03-05 15:03:57 - [TEST_STEP][PASSED] - (internal.GlobalVariable.i++): null&#xD;
&#xD;
2020-03-05 15:03:57 - [MESSAGE][PASSED] - Call Test Case 'Test Cases/AHI/_include/get_screenshot' successfully</system-out>
            <system-err></system-err>
        </testcase>
        <testcase name="Test Cases/HP/Health Plans/Medigap" classname="Test Cases/HP/Health Plans/Medigap" status="PASSED">
            <system-out>2020-03-05 15:03:57 - [TEST_CASE][PASSED] - Test Cases/HP/Health Plans/Medigap: Test Cases/HP/Health Plans/Medigap&#xD;
&#xD;
2020-03-05 15:03:58 - [TEST_STEP][PASSED] - now = new java.util.Date(): null&#xD;
&#xD;
2020-03-05 15:03:58 - [TEST_STEP][PASSED] - mydate = now.format("yyyyMMdd_HHmmss"): null&#xD;
&#xD;
2020-03-05 15:03:58 - [TEST_STEP][PASSED] - i = 0: null&#xD;
&#xD;
2020-03-05 15:03:58 - [TEST_STEP][PASSED] - callTestCase(findTestCase("AHI/_include/get_screenPath"), ["productLine":"HP", "carrierName":"Medigap"], CONTINUE_ON_FAILURE): Call Test Case 'Test Cases/AHI/_include/get_screenPath' successfully&#xD;
&#xD;
2020-03-05 15:03:58 - [TEST_CASE][PASSED] - Test Cases/AHI/_include/get_screenPath: Test Cases/AHI/_include/get_screenPath&#xD;
&#xD;
2020-03-05 15:03:58 - [TEST_STEP][PASSED] - m = getExecutionProperties(): null&#xD;
&#xD;
2020-03-05 15:03:58 - [TEST_STEP][PASSED] - deviceName = get("mobileEmulation").get("deviceName"): null&#xD;
&#xD;
2020-03-05 15:03:58 - [TEST_STEP][PASSED] - println(deviceName): null&#xD;
&#xD;
2020-03-05 15:03:58 - [TEST_STEP][PASSED] - now = new java.util.Date(): null&#xD;
&#xD;
2020-03-05 15:03:58 - [TEST_STEP][PASSED] - mydate = now.format("yyyyMMdd_HHmmss"): null&#xD;
&#xD;
2020-03-05 15:03:58 - [TEST_STEP][PASSED] - screenPath = "../Screenshots/": null&#xD;
&#xD;
2020-03-05 15:03:58 - [TEST_STEP][PASSED] - screenPath = screenPath + deviceName + "/" + productLine + "/" + carrierName + "/" + mydate + "/": null&#xD;
&#xD;
2020-03-05 15:03:58 - [TEST_STEP][PASSED] - println(screenPath): null&#xD;
&#xD;
2020-03-05 15:03:58 - [MESSAGE][PASSED] - Call Test Case 'Test Cases/AHI/_include/get_screenPath' successfully&#xD;
&#xD;
2020-03-05 15:03:58 - [TEST_STEP][PASSED] - second = &lt;not implemented yet for class: org.codehaus.groovy.ast.expr.EmptyExpression&gt;: null&#xD;
&#xD;
2020-03-05 15:03:58 - [TEST_STEP][PASSED] - openBrowser(ENV + "/medicare-medigap"): Browser is opened with url: 'https://bondsmith.healthpocket.com/medicare-medigap'&#xD;
&#xD;
2020-03-05 15:03:58 - [MESSAGE][WARNING] - A browser is already opened. Closing browser and opening a new one&#xD;
&#xD;
2020-03-05 15:03:58 - [MESSAGE][INFO] - Starting 'Chrome' driver&#xD;
&#xD;
2020-03-05 15:03:58 - [MESSAGE][INFO] - User set preference: ['mobileEmulation', '{deviceName=iPhone X}']&#xD;
&#xD;
2020-03-05 15:03:58 - [MESSAGE][INFO] - User set preference: ['args', '[--incognito, --aggressive-cache-discard, --no-sandbox, --window-size=375,812]']&#xD;
&#xD;
2020-03-05 15:04:09 - [MESSAGE][PASSED] - Browser is opened with url: 'https://bondsmith.healthpocket.com/medicare-medigap'&#xD;
&#xD;
2020-03-05 15:04:09 - [TEST_STEP][PASSED] - Thread.sleep(3000): null&#xD;
&#xD;
2020-03-05 15:04:12 - [TEST_STEP][PASSED] - driver = getWebDriver(): null&#xD;
&#xD;
2020-03-05 15:04:12 - [TEST_STEP][PASSED] - baseUrl = ENV: null&#xD;
&#xD;
2020-03-05 15:04:12 - [TEST_STEP][PASSED] - selenium = new com.thoughtworks.selenium.webdriven.WebDriverBackedSelenium(driver, baseUrl): null&#xD;
&#xD;
2020-03-05 15:04:12 - [TEST_STEP][PASSED] - for ([second = 0, second &lt; 10, (second++)]): null&#xD;
&#xD;
2020-03-05 15:04:12 - [TEST_STEP][PASSED] - try: null&#xD;
&#xD;
2020-03-05 15:04:12 - [TEST_STEP][PASSED] - if (selenium.isElementPresent("id=location")): null&#xD;
&#xD;
2020-03-05 15:04:12 - [TEST_STEP][PASSED] - break: null&#xD;
&#xD;
2020-03-05 15:04:12 - [TEST_STEP][PASSED] - callTestCase(findTestCase("AHI/_include/get_screenshot"), [:], STOP_ON_FAILURE): Call Test Case 'Test Cases/AHI/_include/get_screenshot' successfully&#xD;
&#xD;
2020-03-05 15:04:12 - [TEST_CASE][PASSED] - Test Cases/AHI/_include/get_screenshot: Test Cases/AHI/_include/get_screenshot&#xD;
&#xD;
2020-03-05 15:04:12 - [TEST_STEP][PASSED] - takeScreenshot(screenPath + i + ".png"): Taking screenshot successfully&#xD;
&#xD;
2020-03-05 15:04:14 - [MESSAGE][PASSED] - Taking screenshot successfully&#xD;
[[ATTACHMENT|D:\\Test\\AgileTest\\AgileTest\\Reports\\HP\\HP\\20200305_150132\\../Screenshots/iPhone X/HP/Medigap/20200305_150358/0.png]]&#xD;
&#xD;
2020-03-05 15:04:14 - [TEST_STEP][PASSED] - (internal.GlobalVariable.i++): null&#xD;
&#xD;
2020-03-05 15:04:14 - [MESSAGE][PASSED] - Call Test Case 'Test Cases/AHI/_include/get_screenshot' successfully&#xD;
&#xD;
2020-03-05 15:04:14 - [TEST_STEP][PASSED] - selenium.type("id=location", "32209"): null&#xD;
&#xD;
2020-03-05 15:04:14 - [TEST_STEP][PASSED] - selenium.click("id=findPlans"): null&#xD;
&#xD;
2020-03-05 15:04:14 - [TEST_STEP][PASSED] - for ([second = 0, second &lt; 10, (second++)]): null&#xD;
&#xD;
2020-03-05 15:04:14 - [TEST_STEP][PASSED] - try: null&#xD;
&#xD;
2020-03-05 15:04:14 - [TEST_STEP][PASSED] - if (selenium.isElementPresent("//a[contains(text(),'Select')]")): null&#xD;
&#xD;
2020-03-05 15:04:14 - [TEST_STEP][PASSED] - Thread.sleep(1000): null&#xD;
&#xD;
2020-03-05 15:04:15 - [TEST_STEP][PASSED] - try: null&#xD;
&#xD;
2020-03-05 15:04:15 - [TEST_STEP][PASSED] - if (selenium.isElementPresent("//a[contains(text(),'Select')]")): null&#xD;
&#xD;
2020-03-05 15:04:18 - [TEST_STEP][PASSED] - break: null&#xD;
&#xD;
2020-03-05 15:04:18 - [TEST_STEP][PASSED] - callTestCase(findTestCase("AHI/_include/get_screenshot"), [:], STOP_ON_FAILURE): Call Test Case 'Test Cases/AHI/_include/get_screenshot' successfully&#xD;
&#xD;
2020-03-05 15:04:18 - [TEST_CASE][PASSED] - Test Cases/AHI/_include/get_screenshot: Test Cases/AHI/_include/get_screenshot&#xD;
&#xD;
2020-03-05 15:04:18 - [TEST_STEP][PASSED] - takeScreenshot(screenPath + i + ".png"): Taking screenshot successfully&#xD;
&#xD;
2020-03-05 15:04:19 - [MESSAGE][PASSED] - Taking screenshot successfully&#xD;
[[ATTACHMENT|D:\\Test\\AgileTest\\AgileTest\\Reports\\HP\\HP\\20200305_150132\\../Screenshots/iPhone X/HP/Medigap/20200305_150358/1.png]]&#xD;
&#xD;
2020-03-05 15:04:19 - [TEST_STEP][PASSED] - (internal.GlobalVariable.i++): null&#xD;
&#xD;
2020-03-05 15:04:19 - [MESSAGE][PASSED] - Call Test Case 'Test Cases/AHI/_include/get_screenshot' successfully&#xD;
&#xD;
2020-03-05 15:04:19 - [TEST_STEP][PASSED] - selenium.click("//a[contains(text(),'Select')]"): null&#xD;
&#xD;
2020-03-05 15:04:19 - [TEST_STEP][PASSED] - for ([second = 0, second &lt; 60, (second++)]): null&#xD;
&#xD;
2020-03-05 15:04:19 - [TEST_STEP][PASSED] - try: null&#xD;
&#xD;
2020-03-05 15:04:19 - [TEST_STEP][PASSED] - if (selenium.isElementPresent("//a/h2[contains(text(),'Plan Benefits')]")): null&#xD;
&#xD;
2020-03-05 15:04:19 - [TEST_STEP][PASSED] - Thread.sleep(1000): null&#xD;
&#xD;
2020-03-05 15:04:20 - [TEST_STEP][PASSED] - try: null&#xD;
&#xD;
2020-03-05 15:04:20 - [TEST_STEP][PASSED] - if (selenium.isElementPresent("//a/h2[contains(text(),'Plan Benefits')]")): null&#xD;
&#xD;
2020-03-05 15:04:20 - [TEST_STEP][PASSED] - Thread.sleep(1000): null&#xD;
&#xD;
2020-03-05 15:04:21 - [TEST_STEP][PASSED] - try: null&#xD;
&#xD;
2020-03-05 15:04:21 - [TEST_STEP][PASSED] - if (selenium.isElementPresent("//a/h2[contains(text(),'Plan Benefits')]")): null&#xD;
&#xD;
2020-03-05 15:04:21 - [TEST_STEP][PASSED] - Thread.sleep(1000): null&#xD;
&#xD;
2020-03-05 15:04:22 - [TEST_STEP][PASSED] - try: null&#xD;
&#xD;
2020-03-05 15:04:22 - [TEST_STEP][PASSED] - if (selenium.isElementPresent("//a/h2[contains(text(),'Plan Benefits')]")): null&#xD;
&#xD;
2020-03-05 15:04:22 - [TEST_STEP][PASSED] - Thread.sleep(1000): null&#xD;
&#xD;
2020-03-05 15:04:23 - [TEST_STEP][PASSED] - try: null&#xD;
&#xD;
2020-03-05 15:04:23 - [TEST_STEP][PASSED] - if (selenium.isElementPresent("//a/h2[contains(text(),'Plan Benefits')]")): null&#xD;
&#xD;
2020-03-05 15:04:23 - [TEST_STEP][PASSED] - Thread.sleep(1000): null&#xD;
&#xD;
2020-03-05 15:04:24 - [TEST_STEP][PASSED] - try: null&#xD;
&#xD;
2020-03-05 15:04:24 - [TEST_STEP][PASSED] - if (selenium.isElementPresent("//a/h2[contains(text(),'Plan Benefits')]")): null&#xD;
&#xD;
2020-03-05 15:04:24 - [TEST_STEP][PASSED] - Thread.sleep(1000): null&#xD;
&#xD;
2020-03-05 15:04:25 - [TEST_STEP][PASSED] - try: null&#xD;
&#xD;
2020-03-05 15:04:25 - [TEST_STEP][PASSED] - if (selenium.isElementPresent("//a/h2[contains(text(),'Plan Benefits')]")): null&#xD;
&#xD;
2020-03-05 15:04:25 - [TEST_STEP][PASSED] - break: null&#xD;
&#xD;
2020-03-05 15:04:25 - [TEST_STEP][PASSED] - callTestCase(findTestCase("AHI/_include/get_screenshot"), [:], STOP_ON_FAILURE): Call Test Case 'Test Cases/AHI/_include/get_screenshot' successfully&#xD;
&#xD;
2020-03-05 15:04:25 - [TEST_CASE][PASSED] - Test Cases/AHI/_include/get_screenshot: Test Cases/AHI/_include/get_screenshot&#xD;
&#xD;
2020-03-05 15:04:25 - [TEST_STEP][PASSED] - takeScreenshot(screenPath + i + ".png"): Taking screenshot successfully&#xD;
&#xD;
2020-03-05 15:04:26 - [MESSAGE][PASSED] - Taking screenshot successfully&#xD;
[[ATTACHMENT|D:\\Test\\AgileTest\\AgileTest\\Reports\\HP\\HP\\20200305_150132\\../Screenshots/iPhone X/HP/Medigap/20200305_150358/2.png]]&#xD;
&#xD;
2020-03-05 15:04:26 - [TEST_STEP][PASSED] - (internal.GlobalVariable.i++): null&#xD;
&#xD;
2020-03-05 15:04:26 - [MESSAGE][PASSED] - Call Test Case 'Test Cases/AHI/_include/get_screenshot' successfully</system-out>
            <system-err></system-err>
        </testcase>
        <testcase name="Test Cases/HP/Health Plans/Small Business" classname="Test Cases/HP/Health Plans/Small Business" status="PASSED">
            <system-out>2020-03-05 15:04:26 - [TEST_CASE][PASSED] - Test Cases/HP/Health Plans/Small Business: Test Cases/HP/Health Plans/Small Business&#xD;
&#xD;
2020-03-05 15:04:26 - [TEST_STEP][PASSED] - now = new java.util.Date(): null&#xD;
&#xD;
2020-03-05 15:04:26 - [TEST_STEP][PASSED] - mydate = now.format("yyyyMMdd_HHmmss"): null&#xD;
&#xD;
2020-03-05 15:04:26 - [TEST_STEP][PASSED] - i = 0: null&#xD;
&#xD;
2020-03-05 15:04:26 - [TEST_STEP][PASSED] - callTestCase(findTestCase("AHI/_include/get_screenPath"), ["productLine":"HP", "carrierName":"Small Business"], CONTINUE_ON_FAILURE): Call Test Case 'Test Cases/AHI/_include/get_screenPath' successfully&#xD;
&#xD;
2020-03-05 15:04:27 - [TEST_CASE][PASSED] - Test Cases/AHI/_include/get_screenPath: Test Cases/AHI/_include/get_screenPath&#xD;
&#xD;
2020-03-05 15:04:27 - [TEST_STEP][PASSED] - m = getExecutionProperties(): null&#xD;
&#xD;
2020-03-05 15:04:27 - [TEST_STEP][PASSED] - deviceName = get("mobileEmulation").get("deviceName"): null&#xD;
&#xD;
2020-03-05 15:04:27 - [TEST_STEP][PASSED] - println(deviceName): null&#xD;
&#xD;
2020-03-05 15:04:27 - [TEST_STEP][PASSED] - now = new java.util.Date(): null&#xD;
&#xD;
2020-03-05 15:04:27 - [TEST_STEP][PASSED] - mydate = now.format("yyyyMMdd_HHmmss"): null&#xD;
&#xD;
2020-03-05 15:04:27 - [TEST_STEP][PASSED] - screenPath = "../Screenshots/": null&#xD;
&#xD;
2020-03-05 15:04:27 - [TEST_STEP][PASSED] - screenPath = screenPath + deviceName + "/" + productLine + "/" + carrierName + "/" + mydate + "/": null&#xD;
&#xD;
2020-03-05 15:04:27 - [TEST_STEP][PASSED] - println(screenPath): null&#xD;
&#xD;
2020-03-05 15:04:27 - [MESSAGE][PASSED] - Call Test Case 'Test Cases/AHI/_include/get_screenPath' successfully&#xD;
&#xD;
2020-03-05 15:04:27 - [TEST_STEP][PASSED] - second = &lt;not implemented yet for class: org.codehaus.groovy.ast.expr.EmptyExpression&gt;: null&#xD;
&#xD;
2020-03-05 15:04:27 - [TEST_STEP][PASSED] - openBrowser(ENV + "/small-business-health-insurance"): Browser is opened with url: 'https://bondsmith.healthpocket.com/small-business-health-insurance'&#xD;
&#xD;
2020-03-05 15:04:27 - [MESSAGE][WARNING] - A browser is already opened. Closing browser and opening a new one&#xD;
&#xD;
2020-03-05 15:04:27 - [MESSAGE][INFO] - Starting 'Chrome' driver&#xD;
&#xD;
2020-03-05 15:04:27 - [MESSAGE][INFO] - User set preference: ['mobileEmulation', '{deviceName=iPhone X}']&#xD;
&#xD;
2020-03-05 15:04:27 - [MESSAGE][INFO] - User set preference: ['args', '[--incognito, --aggressive-cache-discard, --no-sandbox, --window-size=375,812]']&#xD;
&#xD;
2020-03-05 15:04:38 - [MESSAGE][PASSED] - Browser is opened with url: 'https://bondsmith.healthpocket.com/small-business-health-insurance'&#xD;
&#xD;
2020-03-05 15:04:38 - [TEST_STEP][PASSED] - Thread.sleep(3000): null&#xD;
&#xD;
2020-03-05 15:04:41 - [TEST_STEP][PASSED] - driver = getWebDriver(): null&#xD;
&#xD;
2020-03-05 15:04:41 - [TEST_STEP][PASSED] - baseUrl = ENV: null&#xD;
&#xD;
2020-03-05 15:04:41 - [TEST_STEP][PASSED] - selenium = new com.thoughtworks.selenium.webdriven.WebDriverBackedSelenium(driver, baseUrl): null&#xD;
&#xD;
2020-03-05 15:04:41 - [TEST_STEP][PASSED] - for ([second = 0, second &lt; 10, (second++)]): null&#xD;
&#xD;
2020-03-05 15:04:41 - [TEST_STEP][PASSED] - try: null&#xD;
&#xD;
2020-03-05 15:04:41 - [TEST_STEP][PASSED] - if (selenium.isElementPresent("id=location")): null&#xD;
&#xD;
2020-03-05 15:04:41 - [TEST_STEP][PASSED] - break: null&#xD;
&#xD;
2020-03-05 15:04:41 - [TEST_STEP][PASSED] - callTestCase(findTestCase("AHI/_include/get_screenshot"), [:], STOP_ON_FAILURE): Call Test Case 'Test Cases/AHI/_include/get_screenshot' successfully&#xD;
&#xD;
2020-03-05 15:04:41 - [TEST_CASE][PASSED] - Test Cases/AHI/_include/get_screenshot: Test Cases/AHI/_include/get_screenshot&#xD;
&#xD;
2020-03-05 15:04:41 - [TEST_STEP][PASSED] - takeScreenshot(screenPath + i + ".png"): Taking screenshot successfully&#xD;
&#xD;
2020-03-05 15:04:42 - [MESSAGE][PASSED] - Taking screenshot successfully&#xD;
[[ATTACHMENT|D:\\Test\\AgileTest\\AgileTest\\Reports\\HP\\HP\\20200305_150132\\../Screenshots/iPhone X/HP/Small Business/20200305_150427/0.png]]&#xD;
&#xD;
2020-03-05 15:04:42 - [TEST_STEP][PASSED] - (internal.GlobalVariable.i++): null&#xD;
&#xD;
2020-03-05 15:04:42 - [MESSAGE][PASSED] - Call Test Case 'Test Cases/AHI/_include/get_screenshot' successfully&#xD;
&#xD;
2020-03-05 15:04:42 - [TEST_STEP][PASSED] - selenium.type("id=location", "32209"): null&#xD;
&#xD;
2020-03-05 15:04:42 - [TEST_STEP][PASSED] - selenium.click("id=findPlans"): null&#xD;
&#xD;
2020-03-05 15:04:42 - [TEST_STEP][PASSED] - for ([second = 0, second &lt; 10, (second++)]): null&#xD;
&#xD;
2020-03-05 15:04:42 - [TEST_STEP][PASSED] - try: null&#xD;
&#xD;
2020-03-05 15:04:42 - [TEST_STEP][PASSED] - if (selenium.isElementPresent("//a[contains(text(),'Select')]")): null&#xD;
&#xD;
2020-03-05 15:04:42 - [TEST_STEP][PASSED] - Thread.sleep(1000): null&#xD;
&#xD;
2020-03-05 15:04:43 - [TEST_STEP][PASSED] - try: null&#xD;
&#xD;
2020-03-05 15:04:43 - [TEST_STEP][PASSED] - if (selenium.isElementPresent("//a[contains(text(),'Select')]")): null&#xD;
&#xD;
2020-03-05 15:04:47 - [TEST_STEP][PASSED] - break: null&#xD;
&#xD;
2020-03-05 15:04:47 - [TEST_STEP][PASSED] - callTestCase(findTestCase("AHI/_include/get_screenshot"), [:], STOP_ON_FAILURE): Call Test Case 'Test Cases/AHI/_include/get_screenshot' successfully&#xD;
&#xD;
2020-03-05 15:04:47 - [TEST_CASE][PASSED] - Test Cases/AHI/_include/get_screenshot: Test Cases/AHI/_include/get_screenshot&#xD;
&#xD;
2020-03-05 15:04:47 - [TEST_STEP][PASSED] - takeScreenshot(screenPath + i + ".png"): Taking screenshot successfully&#xD;
&#xD;
2020-03-05 15:04:48 - [MESSAGE][PASSED] - Taking screenshot successfully&#xD;
[[ATTACHMENT|D:\\Test\\AgileTest\\AgileTest\\Reports\\HP\\HP\\20200305_150132\\../Screenshots/iPhone X/HP/Small Business/20200305_150427/1.png]]&#xD;
&#xD;
2020-03-05 15:04:48 - [TEST_STEP][PASSED] - (internal.GlobalVariable.i++): null&#xD;
&#xD;
2020-03-05 15:04:48 - [MESSAGE][PASSED] - Call Test Case 'Test Cases/AHI/_include/get_screenshot' successfully&#xD;
&#xD;
2020-03-05 15:04:48 - [TEST_STEP][PASSED] - selenium.click("//a[contains(text(),'Select')]"): null&#xD;
&#xD;
2020-03-05 15:04:50 - [TEST_STEP][PASSED] - for ([second = 0, second &lt; 60, (second++)]): null&#xD;
&#xD;
2020-03-05 15:04:50 - [TEST_STEP][PASSED] - try: null&#xD;
&#xD;
2020-03-05 15:04:50 - [TEST_STEP][PASSED] - if (selenium.isElementPresent("//div/h2[contains(text(),'Ways to Enroll or Learn More')]")): null&#xD;
&#xD;
2020-03-05 15:04:50 - [TEST_STEP][PASSED] - break: null&#xD;
&#xD;
2020-03-05 15:04:50 - [TEST_STEP][PASSED] - callTestCase(findTestCase("AHI/_include/get_screenshot"), [:], STOP_ON_FAILURE): Call Test Case 'Test Cases/AHI/_include/get_screenshot' successfully&#xD;
&#xD;
2020-03-05 15:04:50 - [TEST_CASE][PASSED] - Test Cases/AHI/_include/get_screenshot: Test Cases/AHI/_include/get_screenshot&#xD;
&#xD;
2020-03-05 15:04:50 - [TEST_STEP][PASSED] - takeScreenshot(screenPath + i + ".png"): Taking screenshot successfully&#xD;
&#xD;
2020-03-05 15:04:50 - [MESSAGE][PASSED] - Taking screenshot successfully&#xD;
[[ATTACHMENT|D:\\Test\\AgileTest\\AgileTest\\Reports\\HP\\HP\\20200305_150132\\../Screenshots/iPhone X/HP/Small Business/20200305_150427/2.png]]&#xD;
&#xD;
2020-03-05 15:04:50 - [TEST_STEP][PASSED] - (internal.GlobalVariable.i++): null&#xD;
&#xD;
2020-03-05 15:04:50 - [MESSAGE][PASSED] - Call Test Case 'Test Cases/AHI/_include/get_screenshot' successfully</system-out>
            <system-err></system-err>
        </testcase>
        <testcase name="Test Cases/HP/Health Plans/STM" classname="Test Cases/HP/Health Plans/STM" status="PASSED">
            <system-out>2020-03-05 15:04:50 - [TEST_CASE][PASSED] - Test Cases/HP/Health Plans/STM: Test Cases/HP/Health Plans/STM&#xD;
&#xD;
2020-03-05 15:04:51 - [TEST_STEP][PASSED] - now = new java.util.Date(): null&#xD;
&#xD;
2020-03-05 15:04:51 - [TEST_STEP][PASSED] - mydate = now.format("yyyyMMdd_HHmmss"): null&#xD;
&#xD;
2020-03-05 15:04:51 - [TEST_STEP][PASSED] - callTestCase(findTestCase("AHI/_include/get_screenPath"), ["productLine":"HP", "carrierName":"STM"], CONTINUE_ON_FAILURE): Call Test Case 'Test Cases/AHI/_include/get_screenPath' successfully&#xD;
&#xD;
2020-03-05 15:04:51 - [TEST_CASE][PASSED] - Test Cases/AHI/_include/get_screenPath: Test Cases/AHI/_include/get_screenPath&#xD;
&#xD;
2020-03-05 15:04:51 - [TEST_STEP][PASSED] - m = getExecutionProperties(): null&#xD;
&#xD;
2020-03-05 15:04:51 - [TEST_STEP][PASSED] - deviceName = get("mobileEmulation").get("deviceName"): null&#xD;
&#xD;
2020-03-05 15:04:51 - [TEST_STEP][PASSED] - println(deviceName): null&#xD;
&#xD;
2020-03-05 15:04:51 - [TEST_STEP][PASSED] - now = new java.util.Date(): null&#xD;
&#xD;
2020-03-05 15:04:51 - [TEST_STEP][PASSED] - mydate = now.format("yyyyMMdd_HHmmss"): null&#xD;
&#xD;
2020-03-05 15:04:51 - [TEST_STEP][PASSED] - screenPath = "../Screenshots/": null&#xD;
&#xD;
2020-03-05 15:04:51 - [TEST_STEP][PASSED] - screenPath = screenPath + deviceName + "/" + productLine + "/" + carrierName + "/" + mydate + "/": null&#xD;
&#xD;
2020-03-05 15:04:51 - [TEST_STEP][PASSED] - println(screenPath): null&#xD;
&#xD;
2020-03-05 15:04:51 - [MESSAGE][PASSED] - Call Test Case 'Test Cases/AHI/_include/get_screenPath' successfully&#xD;
&#xD;
2020-03-05 15:04:51 - [TEST_STEP][PASSED] - i = 0: null&#xD;
&#xD;
2020-03-05 15:04:51 - [TEST_STEP][PASSED] - openBrowser(ENV + "/short-term-health-insurance"): Browser is opened with url: 'https://bondsmith.healthpocket.com/short-term-health-insurance'&#xD;
&#xD;
2020-03-05 15:04:51 - [MESSAGE][WARNING] - A browser is already opened. Closing browser and opening a new one&#xD;
&#xD;
2020-03-05 15:04:52 - [MESSAGE][INFO] - Starting 'Chrome' driver&#xD;
&#xD;
2020-03-05 15:04:52 - [MESSAGE][INFO] - User set preference: ['mobileEmulation', '{deviceName=iPhone X}']&#xD;
&#xD;
2020-03-05 15:04:52 - [MESSAGE][INFO] - User set preference: ['args', '[--incognito, --aggressive-cache-discard, --no-sandbox, --window-size=375,812]']&#xD;
&#xD;
2020-03-05 15:05:02 - [MESSAGE][PASSED] - Browser is opened with url: 'https://bondsmith.healthpocket.com/short-term-health-insurance'&#xD;
&#xD;
2020-03-05 15:05:02 - [TEST_STEP][PASSED] - driver = getWebDriver(): null&#xD;
&#xD;
2020-03-05 15:05:02 - [TEST_STEP][PASSED] - baseUrl = ENV: null&#xD;
&#xD;
2020-03-05 15:05:02 - [TEST_STEP][PASSED] - selenium = new com.thoughtworks.selenium.webdriven.WebDriverBackedSelenium(driver, baseUrl): null&#xD;
&#xD;
2020-03-05 15:05:02 - [TEST_STEP][PASSED] - selenium.click("id=location"): null&#xD;
&#xD;
2020-03-05 15:05:02 - [TEST_STEP][PASSED] - selenium.type("id=location", "32209"): null&#xD;
&#xD;
2020-03-05 15:05:02 - [TEST_STEP][PASSED] - callTestCase(findTestCase("AHI/_include/get_screenshot"), [:], STOP_ON_FAILURE): Call Test Case 'Test Cases/AHI/_include/get_screenshot' successfully&#xD;
&#xD;
2020-03-05 15:05:02 - [TEST_CASE][PASSED] - Test Cases/AHI/_include/get_screenshot: Test Cases/AHI/_include/get_screenshot&#xD;
&#xD;
2020-03-05 15:05:02 - [TEST_STEP][PASSED] - takeScreenshot(screenPath + i + ".png"): Taking screenshot successfully&#xD;
&#xD;
2020-03-05 15:05:03 - [MESSAGE][PASSED] - Taking screenshot successfully&#xD;
[[ATTACHMENT|D:\\Test\\AgileTest\\AgileTest\\Reports\\HP\\HP\\20200305_150132\\../Screenshots/iPhone X/HP/STM/20200305_150451/0.png]]&#xD;
&#xD;
2020-03-05 15:05:03 - [TEST_STEP][PASSED] - (internal.GlobalVariable.i++): null&#xD;
&#xD;
2020-03-05 15:05:03 - [MESSAGE][PASSED] - Call Test Case 'Test Cases/AHI/_include/get_screenshot' successfully&#xD;
&#xD;
2020-03-05 15:05:03 - [TEST_STEP][PASSED] - selenium.click("id=findPlans"): null&#xD;
&#xD;
2020-03-05 15:05:03 - [TEST_STEP][PASSED] - for ([second = 0, second &lt; 10, (second++)]): null&#xD;
&#xD;
2020-03-05 15:05:03 - [TEST_STEP][PASSED] - try: null&#xD;
&#xD;
2020-03-05 15:05:03 - [TEST_STEP][PASSED] - if (selenium.isElementPresent("//a[contains(text(),'Select')]")): null&#xD;
&#xD;
2020-03-05 15:05:03 - [TEST_STEP][PASSED] - Thread.sleep(1000): null&#xD;
&#xD;
2020-03-05 15:05:04 - [TEST_STEP][PASSED] - try: null&#xD;
&#xD;
2020-03-05 15:05:04 - [TEST_STEP][PASSED] - if (selenium.isElementPresent("//a[contains(text(),'Select')]")): null&#xD;
&#xD;
2020-03-05 15:05:06 - [TEST_STEP][PASSED] - Thread.sleep(1000): null&#xD;
&#xD;
2020-03-05 15:05:07 - [TEST_STEP][PASSED] - try: null&#xD;
&#xD;
2020-03-05 15:05:07 - [TEST_STEP][PASSED] - if (selenium.isElementPresent("//a[contains(text(),'Select')]")): null&#xD;
&#xD;
2020-03-05 15:05:07 - [TEST_STEP][PASSED] - Thread.sleep(1000): null&#xD;
&#xD;
2020-03-05 15:05:08 - [TEST_STEP][PASSED] - try: null&#xD;
&#xD;
2020-03-05 15:05:08 - [TEST_STEP][PASSED] - if (selenium.isElementPresent("//a[contains(text(),'Select')]")): null&#xD;
&#xD;
2020-03-05 15:05:08 - [TEST_STEP][PASSED] - Thread.sleep(1000): null&#xD;
&#xD;
2020-03-05 15:05:09 - [TEST_STEP][PASSED] - try: null&#xD;
&#xD;
2020-03-05 15:05:09 - [TEST_STEP][PASSED] - if (selenium.isElementPresent("//a[contains(text(),'Select')]")): null&#xD;
&#xD;
2020-03-05 15:05:09 - [TEST_STEP][PASSED] - Thread.sleep(1000): null&#xD;
&#xD;
2020-03-05 15:05:10 - [TEST_STEP][PASSED] - try: null&#xD;
&#xD;
2020-03-05 15:05:10 - [TEST_STEP][PASSED] - if (selenium.isElementPresent("//a[contains(text(),'Select')]")): null&#xD;
&#xD;
2020-03-05 15:05:10 - [TEST_STEP][PASSED] - Thread.sleep(1000): null&#xD;
&#xD;
2020-03-05 15:05:11 - [TEST_STEP][PASSED] - try: null&#xD;
&#xD;
2020-03-05 15:05:11 - [TEST_STEP][PASSED] - if (selenium.isElementPresent("//a[contains(text(),'Select')]")): null&#xD;
&#xD;
2020-03-05 15:05:11 - [TEST_STEP][PASSED] - Thread.sleep(1000): null&#xD;
&#xD;
2020-03-05 15:05:12 - [TEST_STEP][PASSED] - try: null&#xD;
&#xD;
2020-03-05 15:05:12 - [TEST_STEP][PASSED] - if (selenium.isElementPresent("//a[contains(text(),'Select')]")): null&#xD;
&#xD;
2020-03-05 15:05:12 - [TEST_STEP][PASSED] - Thread.sleep(1000): null&#xD;
&#xD;
2020-03-05 15:05:13 - [TEST_STEP][PASSED] - try: null&#xD;
&#xD;
2020-03-05 15:05:13 - [TEST_STEP][PASSED] - if (selenium.isElementPresent("//a[contains(text(),'Select')]")): null&#xD;
&#xD;
2020-03-05 15:05:13 - [TEST_STEP][PASSED] - Thread.sleep(1000): null&#xD;
&#xD;
2020-03-05 15:05:14 - [TEST_STEP][PASSED] - try: null&#xD;
&#xD;
2020-03-05 15:05:14 - [TEST_STEP][PASSED] - if (selenium.isElementPresent("//a[contains(text(),'Select')]")): null&#xD;
&#xD;
2020-03-05 15:05:14 - [TEST_STEP][PASSED] - Thread.sleep(1000): null&#xD;
&#xD;
2020-03-05 15:05:15 - [TEST_STEP][PASSED] - callTestCase(findTestCase("AHI/_include/get_screenshot"), [:], STOP_ON_FAILURE): Call Test Case 'Test Cases/AHI/_include/get_screenshot' successfully&#xD;
&#xD;
2020-03-05 15:05:15 - [TEST_CASE][PASSED] - Test Cases/AHI/_include/get_screenshot: Test Cases/AHI/_include/get_screenshot&#xD;
&#xD;
2020-03-05 15:05:15 - [TEST_STEP][PASSED] - takeScreenshot(screenPath + i + ".png"): Taking screenshot successfully&#xD;
&#xD;
2020-03-05 15:05:16 - [MESSAGE][PASSED] - Taking screenshot successfully&#xD;
[[ATTACHMENT|D:\\Test\\AgileTest\\AgileTest\\Reports\\HP\\HP\\20200305_150132\\../Screenshots/iPhone X/HP/STM/20200305_150451/1.png]]&#xD;
&#xD;
2020-03-05 15:05:16 - [TEST_STEP][PASSED] - (internal.GlobalVariable.i++): null&#xD;
&#xD;
2020-03-05 15:05:16 - [MESSAGE][PASSED] - Call Test Case 'Test Cases/AHI/_include/get_screenshot' successfully</system-out>
            <system-err></system-err>
        </testcase>
        <testcase name="Test Cases/HP/Home/Home" classname="Test Cases/HP/Home/Home" status="FAILED">
            <failure type="FAILED" message="Test Cases/HP/Home/Home FAILED.&#xA;Reason:&#xA;com.kms.katalon.core.exception.StepFailedException: Unable to accept alert&#xD;&#xA;&#x9;at com.kms.katalon.core.webui.keyword.internal.WebUIKeywordMain.stepFailed(WebUIKeywordMain.groovy:64)&#xD;&#xA;&#x9;at com.kms.katalon.core.webui.keyword.internal.WebUIKeywordMain.runKeyword(WebUIKeywordMain.groovy:26)&#xD;&#xA;&#x9;at com.kms.katalon.core.webui.keyword.builtin.AcceptAlertKeyword.acceptAlert(AcceptAlertKeyword.groovy:71)&#xD;&#xA;&#x9;at com.kms.katalon.core.webui.keyword.builtin.AcceptAlertKeyword.execute(AcceptAlertKeyword.groovy:66)&#xD;&#xA;&#x9;at com.kms.katalon.core.keyword.internal.KeywordExecutor.executeKeywordForPlatform(KeywordExecutor.groovy:56)&#xD;&#xA;&#x9;at com.kms.katalon.core.webui.keyword.WebUiBuiltInKeywords.acceptAlert(WebUiBuiltInKeywords.groovy:1492)&#xD;&#xA;&#x9;at com.kms.katalon.core.webui.keyword.WebUiBuiltInKeywords$acceptAlert$1.call(Unknown Source)&#xD;&#xA;&#x9;at Home.run(Home:30)&#xD;&#xA;&#x9;at com.kms.katalon.core.main.ScriptEngine.run(ScriptEngine.java:194)&#xD;&#xA;&#x9;at com.kms.katalon.core.main.ScriptEngine.runScriptAsRawText(ScriptEngine.java:119)&#xD;&#xA;&#x9;at com.kms.katalon.core.main.TestCaseExecutor.runScript(TestCaseExecutor.java:337)&#xD;&#xA;&#x9;at com.kms.katalon.core.main.TestCaseExecutor.doExecute(TestCaseExecutor.java:328)&#xD;&#xA;&#x9;at com.kms.katalon.core.main.TestCaseExecutor.processExecutionPhase(TestCaseExecutor.java:307)&#xD;&#xA;&#x9;at com.kms.katalon.core.main.TestCaseExecutor.accessMainPhase(TestCaseExecutor.java:299)&#xD;&#xA;&#x9;at com.kms.katalon.core.main.TestCaseExecutor.execute(TestCaseExecutor.java:233)&#xD;&#xA;&#x9;at com.kms.katalon.core.main.TestSuiteExecutor.accessTestCaseMainPhase(TestSuiteExecutor.java:133)&#xD;&#xA;&#x9;at com.kms.katalon.core.main.TestSuiteExecutor.accessTestSuiteMainPhase(TestSuiteExecutor.java:116)&#xD;&#xA;&#x9;at com.kms.katalon.core.main.TestSuiteExecutor.execute(TestSuiteExecutor.java:83)&#xD;&#xA;&#x9;at com.kms.katalon.core.main.TestCaseMain.startTestSuite(TestCaseMain.java:157)&#xD;&#xA;&#x9;at com.kms.katalon.core.main.TestCaseMain$startTestSuite$0.call(Unknown Source)&#xD;&#xA;&#x9;at TempTestSuite1583391692231.run(TempTestSuite1583391692231.groovy:35)&#xD;&#xA;Caused by: com.kms.katalon.core.exception.StepFailedException: No alert found&#xD;&#xA;&#x9;at com.kms.katalon.core.webui.keyword.internal.WebUIKeywordMain.stepFailed(WebUIKeywordMain.groovy:64)&#xD;&#xA;&#x9;at com.kms.katalon.core.webui.keyword.builtin.AcceptAlertKeyword$_acceptAlert_closure1.doCall(AcceptAlertKeyword.groovy:78)&#xD;&#xA;&#x9;at com.kms.katalon.core.webui.keyword.builtin.AcceptAlertKeyword$_acceptAlert_closure1.call(AcceptAlertKeyword.groovy)&#xD;&#xA;&#x9;at com.kms.katalon.core.webui.keyword.internal.WebUIKeywordMain.runKeyword(WebUIKeywordMain.groovy:20)&#xD;&#xA;&#x9;... 19 more&#xD;&#xA;"/>
            <system-out>2020-03-05 15:05:16 - [TEST_CASE][FAILED] - Test Cases/HP/Home/Home: Test Cases/HP/Home/Home FAILED.
Reason:
com.kms.katalon.core.exception.StepFailedException: Unable to accept alert&#xD;
	at com.kms.katalon.core.webui.keyword.internal.WebUIKeywordMain.stepFailed(WebUIKeywordMain.groovy:64)&#xD;
	at com.kms.katalon.core.webui.keyword.internal.WebUIKeywordMain.runKeyword(WebUIKeywordMain.groovy:26)&#xD;
	at com.kms.katalon.core.webui.keyword.builtin.AcceptAlertKeyword.acceptAlert(AcceptAlertKeyword.groovy:71)&#xD;
	at com.kms.katalon.core.webui.keyword.builtin.AcceptAlertKeyword.execute(AcceptAlertKeyword.groovy:66)&#xD;
	at com.kms.katalon.core.keyword.internal.KeywordExecutor.executeKeywordForPlatform(KeywordExecutor.groovy:56)&#xD;
	at com.kms.katalon.core.webui.keyword.WebUiBuiltInKeywords.acceptAlert(WebUiBuiltInKeywords.groovy:1492)&#xD;
	at com.kms.katalon.core.webui.keyword.WebUiBuiltInKeywords$acceptAlert$1.call(Unknown Source)&#xD;
	at Home.run(Home:30)&#xD;
	at com.kms.katalon.core.main.ScriptEngine.run(ScriptEngine.java:194)&#xD;
	at com.kms.katalon.core.main.ScriptEngine.runScriptAsRawText(ScriptEngine.java:119)&#xD;
	at com.kms.katalon.core.main.TestCaseExecutor.runScript(TestCaseExecutor.java:337)&#xD;
	at com.kms.katalon.core.main.TestCaseExecutor.doExecute(TestCaseExecutor.java:328)&#xD;
	at com.kms.katalon.core.main.TestCaseExecutor.processExecutionPhase(TestCaseExecutor.java:307)&#xD;
	at com.kms.katalon.core.main.TestCaseExecutor.accessMainPhase(TestCaseExecutor.java:299)&#xD;
	at com.kms.katalon.core.main.TestCaseExecutor.execute(TestCaseExecutor.java:233)&#xD;
	at com.kms.katalon.core.main.TestSuiteExecutor.accessTestCaseMainPhase(TestSuiteExecutor.java:133)&#xD;
	at com.kms.katalon.core.main.TestSuiteExecutor.accessTestSuiteMainPhase(TestSuiteExecutor.java:116)&#xD;
	at com.kms.katalon.core.main.TestSuiteExecutor.execute(TestSuiteExecutor.java:83)&#xD;
	at com.kms.katalon.core.main.TestCaseMain.startTestSuite(TestCaseMain.java:157)&#xD;
	at com.kms.katalon.core.main.TestCaseMain$startTestSuite$0.call(Unknown Source)&#xD;
	at TempTestSuite1583391692231.run(TempTestSuite1583391692231.groovy:35)&#xD;
Caused by: com.kms.katalon.core.exception.StepFailedException: No alert found&#xD;
	at com.kms.katalon.core.webui.keyword.internal.WebUIKeywordMain.stepFailed(WebUIKeywordMain.groovy:64)&#xD;
	at com.kms.katalon.core.webui.keyword.builtin.AcceptAlertKeyword$_acceptAlert_closure1.doCall(AcceptAlertKeyword.groovy:78)&#xD;
	at com.kms.katalon.core.webui.keyword.builtin.AcceptAlertKeyword$_acceptAlert_closure1.call(AcceptAlertKeyword.groovy)&#xD;
	at com.kms.katalon.core.webui.keyword.internal.WebUIKeywordMain.runKeyword(WebUIKeywordMain.groovy:20)&#xD;
	... 19 more&#xD;
&#xD;
&#xD;
2020-03-05 15:05:16 - [TEST_STEP][PASSED] - now = new java.util.Date(): null&#xD;
&#xD;
2020-03-05 15:05:16 - [TEST_STEP][PASSED] - mydate = now.format("yyyyMMdd_HHmmss"): null&#xD;
&#xD;
2020-03-05 15:05:16 - [TEST_STEP][PASSED] - callTestCase(findTestCase("AHI/_include/get_screenPath"), ["productLine":"HP", "carrierName":"Home"], CONTINUE_ON_FAILURE): Call Test Case 'Test Cases/AHI/_include/get_screenPath' successfully&#xD;
&#xD;
2020-03-05 15:05:16 - [TEST_CASE][PASSED] - Test Cases/AHI/_include/get_screenPath: Test Cases/AHI/_include/get_screenPath&#xD;
&#xD;
2020-03-05 15:05:16 - [TEST_STEP][PASSED] - m = getExecutionProperties(): null&#xD;
&#xD;
2020-03-05 15:05:16 - [TEST_STEP][PASSED] - deviceName = get("mobileEmulation").get("deviceName"): null&#xD;
&#xD;
2020-03-05 15:05:16 - [TEST_STEP][PASSED] - println(deviceName): null&#xD;
&#xD;
2020-03-05 15:05:16 - [TEST_STEP][PASSED] - now = new java.util.Date(): null&#xD;
&#xD;
2020-03-05 15:05:16 - [TEST_STEP][PASSED] - mydate = now.format("yyyyMMdd_HHmmss"): null&#xD;
&#xD;
2020-03-05 15:05:16 - [TEST_STEP][PASSED] - screenPath = "../Screenshots/": null&#xD;
&#xD;
2020-03-05 15:05:16 - [TEST_STEP][PASSED] - screenPath = screenPath + deviceName + "/" + productLine + "/" + carrierName + "/" + mydate + "/": null&#xD;
&#xD;
2020-03-05 15:05:16 - [TEST_STEP][PASSED] - println(screenPath): null&#xD;
&#xD;
2020-03-05 15:05:16 - [MESSAGE][PASSED] - Call Test Case 'Test Cases/AHI/_include/get_screenPath' successfully&#xD;
&#xD;
2020-03-05 15:05:16 - [TEST_STEP][PASSED] - i = 0: null&#xD;
&#xD;
2020-03-05 15:05:16 - [TEST_STEP][PASSED] - openBrowser(ENV): Browser is opened with url: 'https://bondsmith.healthpocket.com'&#xD;
&#xD;
2020-03-05 15:05:16 - [MESSAGE][WARNING] - A browser is already opened. Closing browser and opening a new one&#xD;
&#xD;
2020-03-05 15:05:17 - [MESSAGE][INFO] - Starting 'Chrome' driver&#xD;
&#xD;
2020-03-05 15:05:17 - [MESSAGE][INFO] - User set preference: ['mobileEmulation', '{deviceName=iPhone X}']&#xD;
&#xD;
2020-03-05 15:05:17 - [MESSAGE][INFO] - User set preference: ['args', '[--incognito, --aggressive-cache-discard, --no-sandbox, --window-size=375,812]']&#xD;
&#xD;
2020-03-05 15:05:29 - [MESSAGE][PASSED] - Browser is opened with url: 'https://bondsmith.healthpocket.com'&#xD;
&#xD;
2020-03-05 15:05:29 - [TEST_STEP][PASSED] - Thread.sleep(3000): null&#xD;
&#xD;
2020-03-05 15:05:32 - [TEST_STEP][PASSED] - callTestCase(findTestCase("AHI/_include/get_screenshot"), [:], STOP_ON_FAILURE): Call Test Case 'Test Cases/AHI/_include/get_screenshot' successfully&#xD;
&#xD;
2020-03-05 15:05:32 - [TEST_CASE][PASSED] - Test Cases/AHI/_include/get_screenshot: Test Cases/AHI/_include/get_screenshot&#xD;
&#xD;
2020-03-05 15:05:32 - [TEST_STEP][PASSED] - takeScreenshot(screenPath + i + ".png"): Taking screenshot successfully&#xD;
&#xD;
2020-03-05 15:05:33 - [MESSAGE][PASSED] - Taking screenshot successfully&#xD;
[[ATTACHMENT|D:\\Test\\AgileTest\\AgileTest\\Reports\\HP\\HP\\20200305_150132\\../Screenshots/iPhone X/HP/Home/20200305_150516/0.png]]&#xD;
&#xD;
2020-03-05 15:05:33 - [TEST_STEP][PASSED] - (internal.GlobalVariable.i++): null&#xD;
&#xD;
2020-03-05 15:05:33 - [MESSAGE][PASSED] - Call Test Case 'Test Cases/AHI/_include/get_screenshot' successfully&#xD;
&#xD;
2020-03-05 15:05:33 - [TEST_STEP][FAILED] - acceptAlert(): Unable to accept alert (Root cause: com.kms.katalon.core.exception.StepFailedException: Unable to accept alert&#xD;
	at com.kms.katalon.core.webui.keyword.internal.WebUIKeywordMain.stepFailed(WebUIKeywordMain.groovy:64)&#xD;
	at com.kms.katalon.core.webui.keyword.internal.WebUIKeywordMain.runKeyword(WebUIKeywordMain.groovy:26)&#xD;
	at com.kms.katalon.core.webui.keyword.builtin.AcceptAlertKeyword.acceptAlert(AcceptAlertKeyword.groovy:71)&#xD;
	at com.kms.katalon.core.webui.keyword.builtin.AcceptAlertKeyword.execute(AcceptAlertKeyword.groovy:66)&#xD;
	at com.kms.katalon.core.keyword.internal.KeywordExecutor.executeKeywordForPlatform(KeywordExecutor.groovy:56)&#xD;
	at com.kms.katalon.core.webui.keyword.WebUiBuiltInKeywords.acceptAlert(WebUiBuiltInKeywords.groovy:1492)&#xD;
	at com.kms.katalon.core.webui.keyword.WebUiBuiltInKeywords$acceptAlert$1.call(Unknown Source)&#xD;
	at Home.run(Home:30)&#xD;
	at com.kms.katalon.core.main.ScriptEngine.run(ScriptEngine.java:194)&#xD;
	at com.kms.katalon.core.main.ScriptEngine.runScriptAsRawText(ScriptEngine.java:119)&#xD;
	at com.kms.katalon.core.main.TestCaseExecutor.runScript(TestCaseExecutor.java:337)&#xD;
	at com.kms.katalon.core.main.TestCaseExecutor.doExecute(TestCaseExecutor.java:328)&#xD;
	at com.kms.katalon.core.main.TestCaseExecutor.processExecutionPhase(TestCaseExecutor.java:307)&#xD;
	at com.kms.katalon.core.main.TestCaseExecutor.accessMainPhase(TestCaseExecutor.java:299)&#xD;
	at com.kms.katalon.core.main.TestCaseExecutor.execute(TestCaseExecutor.java:233)&#xD;
	at com.kms.katalon.core.main.TestSuiteExecutor.accessTestCaseMainPhase(TestSuiteExecutor.java:133)&#xD;
	at com.kms.katalon.core.main.TestSuiteExecutor.accessTestSuiteMainPhase(TestSuiteExecutor.java:116)&#xD;
	at com.kms.katalon.core.main.TestSuiteExecutor.execute(TestSuiteExecutor.java:83)&#xD;
	at com.kms.katalon.core.main.TestCaseMain.startTestSuite(TestCaseMain.java:157)&#xD;
	at com.kms.katalon.core.main.TestCaseMain$startTestSuite$0.call(Unknown Source)&#xD;
	at TempTestSuite1583391692231.run(TempTestSuite1583391692231.groovy:35)&#xD;
Caused by: com.kms.katalon.core.exception.StepFailedException: No alert found&#xD;
	at com.kms.katalon.core.webui.keyword.internal.WebUIKeywordMain.stepFailed(WebUIKeywordMain.groovy:64)&#xD;
	at com.kms.katalon.core.webui.keyword.builtin.AcceptAlertKeyword$_acceptAlert_closure1.doCall(AcceptAlertKeyword.groovy:78)&#xD;
	at com.kms.katalon.core.webui.keyword.builtin.AcceptAlertKeyword$_acceptAlert_closure1.call(AcceptAlertKeyword.groovy)&#xD;
	at com.kms.katalon.core.webui.keyword.internal.WebUIKeywordMain.runKeyword(WebUIKeywordMain.groovy:20)&#xD;
	... 19 more&#xD;
)&#xD;
&#xD;
2020-03-05 15:05:34 - [MESSAGE][FAILED] - No alert found (Root cause: com.kms.katalon.core.exception.StepFailedException: No alert found&#xD;
	at com.kms.katalon.core.webui.keyword.internal.WebUIKeywordMain.stepFailed(WebUIKeywordMain.groovy:64)&#xD;
	at com.kms.katalon.core.webui.keyword.builtin.AcceptAlertKeyword$_acceptAlert_closure1.doCall(AcceptAlertKeyword.groovy:78)&#xD;
	at com.kms.katalon.core.webui.keyword.builtin.AcceptAlertKeyword$_acceptAlert_closure1.call(AcceptAlertKeyword.groovy)&#xD;
	at com.kms.katalon.core.webui.keyword.internal.WebUIKeywordMain.runKeyword(WebUIKeywordMain.groovy:20)&#xD;
	at com.kms.katalon.core.webui.keyword.builtin.AcceptAlertKeyword.acceptAlert(AcceptAlertKeyword.groovy:71)&#xD;
	at com.kms.katalon.core.webui.keyword.builtin.AcceptAlertKeyword.execute(AcceptAlertKeyword.groovy:66)&#xD;
	at com.kms.katalon.core.keyword.internal.KeywordExecutor.executeKeywordForPlatform(KeywordExecutor.groovy:56)&#xD;
	at com.kms.katalon.core.webui.keyword.WebUiBuiltInKeywords.acceptAlert(WebUiBuiltInKeywords.groovy:1492)&#xD;
	at com.kms.katalon.core.webui.keyword.WebUiBuiltInKeywords$acceptAlert$1.call(Unknown Source)&#xD;
	at Home.run(Home:30)&#xD;
	at com.kms.katalon.core.main.ScriptEngine.run(ScriptEngine.java:194)&#xD;
	at com.kms.katalon.core.main.ScriptEngine.runScriptAsRawText(ScriptEngine.java:119)&#xD;
	at com.kms.katalon.core.main.TestCaseExecutor.runScript(TestCaseExecutor.java:337)&#xD;
	at com.kms.katalon.core.main.TestCaseExecutor.doExecute(TestCaseExecutor.java:328)&#xD;
	at com.kms.katalon.core.main.TestCaseExecutor.processExecutionPhase(TestCaseExecutor.java:307)&#xD;
	at com.kms.katalon.core.main.TestCaseExecutor.accessMainPhase(TestCaseExecutor.java:299)&#xD;
	at com.kms.katalon.core.main.TestCaseExecutor.execute(TestCaseExecutor.java:233)&#xD;
	at com.kms.katalon.core.main.TestSuiteExecutor.accessTestCaseMainPhase(TestSuiteExecutor.java:133)&#xD;
	at com.kms.katalon.core.main.TestSuiteExecutor.accessTestSuiteMainPhase(TestSuiteExecutor.java:116)&#xD;
	at com.kms.katalon.core.main.TestSuiteExecutor.execute(TestSuiteExecutor.java:83)&#xD;
	at com.kms.katalon.core.main.TestCaseMain.startTestSuite(TestCaseMain.java:157)&#xD;
	at com.kms.katalon.core.main.TestCaseMain$startTestSuite$0.call(Unknown Source)&#xD;
	at TempTestSuite1583391692231.run(TempTestSuite1583391692231.groovy:35)&#xD;
)&#xD;
[[ATTACHMENT|D:\\Test\\AgileTest\\AgileTest\\Reports\\HP\\HP\\20200305_150132\\1583391933403.png]]&#xD;
&#xD;
2020-03-05 15:05:35 - [MESSAGE][FAILED] - Unable to accept alert (Root cause: com.kms.katalon.core.exception.StepFailedException: Unable to accept alert&#xD;
	at com.kms.katalon.core.webui.keyword.internal.WebUIKeywordMain.stepFailed(WebUIKeywordMain.groovy:64)&#xD;
	at com.kms.katalon.core.webui.keyword.internal.WebUIKeywordMain.runKeyword(WebUIKeywordMain.groovy:26)&#xD;
	at com.kms.katalon.core.webui.keyword.builtin.AcceptAlertKeyword.acceptAlert(AcceptAlertKeyword.groovy:71)&#xD;
	at com.kms.katalon.core.webui.keyword.builtin.AcceptAlertKeyword.execute(AcceptAlertKeyword.groovy:66)&#xD;
	at com.kms.katalon.core.keyword.internal.KeywordExecutor.executeKeywordForPlatform(KeywordExecutor.groovy:56)&#xD;
	at com.kms.katalon.core.webui.keyword.WebUiBuiltInKeywords.acceptAlert(WebUiBuiltInKeywords.groovy:1492)&#xD;
	at com.kms.katalon.core.webui.keyword.WebUiBuiltInKeywords$acceptAlert$1.call(Unknown Source)&#xD;
	at Home.run(Home:30)&#xD;
	at com.kms.katalon.core.main.ScriptEngine.run(ScriptEngine.java:194)&#xD;
	at com.kms.katalon.core.main.ScriptEngine.runScriptAsRawText(ScriptEngine.java:119)&#xD;
	at com.kms.katalon.core.main.TestCaseExecutor.runScript(TestCaseExecutor.java:337)&#xD;
	at com.kms.katalon.core.main.TestCaseExecutor.doExecute(TestCaseExecutor.java:328)&#xD;
	at com.kms.katalon.core.main.TestCaseExecutor.processExecutionPhase(TestCaseExecutor.java:307)&#xD;
	at com.kms.katalon.core.main.TestCaseExecutor.accessMainPhase(TestCaseExecutor.java:299)&#xD;
	at com.kms.katalon.core.main.TestCaseExecutor.execute(TestCaseExecutor.java:233)&#xD;
	at com.kms.katalon.core.main.TestSuiteExecutor.accessTestCaseMainPhase(TestSuiteExecutor.java:133)&#xD;
	at com.kms.katalon.core.main.TestSuiteExecutor.accessTestSuiteMainPhase(TestSuiteExecutor.java:116)&#xD;
	at com.kms.katalon.core.main.TestSuiteExecutor.execute(TestSuiteExecutor.java:83)&#xD;
	at com.kms.katalon.core.main.TestCaseMain.startTestSuite(TestCaseMain.java:157)&#xD;
	at com.kms.katalon.core.main.TestCaseMain$startTestSuite$0.call(Unknown Source)&#xD;
	at TempTestSuite1583391692231.run(TempTestSuite1583391692231.groovy:35)&#xD;
Caused by: com.kms.katalon.core.exception.StepFailedException: No alert found&#xD;
	at com.kms.katalon.core.webui.keyword.internal.WebUIKeywordMain.stepFailed(WebUIKeywordMain.groovy:64)&#xD;
	at com.kms.katalon.core.webui.keyword.builtin.AcceptAlertKeyword$_acceptAlert_closure1.doCall(AcceptAlertKeyword.groovy:78)&#xD;
	at com.kms.katalon.core.webui.keyword.builtin.AcceptAlertKeyword$_acceptAlert_closure1.call(AcceptAlertKeyword.groovy)&#xD;
	at com.kms.katalon.core.webui.keyword.internal.WebUIKeywordMain.runKeyword(WebUIKeywordMain.groovy:20)&#xD;
	... 19 more&#xD;
)&#xD;
[[ATTACHMENT|D:\\Test\\AgileTest\\AgileTest\\Reports\\HP\\HP\\20200305_150132\\1583391934340.png]]</system-out>
            <system-err>2020-03-05 15:05:16 - [TEST_CASE][FAILED] - Test Cases/HP/Home/Home: Test Cases/HP/Home/Home FAILED.
Reason:
com.kms.katalon.core.exception.StepFailedException: Unable to accept alert&#xD;
	at com.kms.katalon.core.webui.keyword.internal.WebUIKeywordMain.stepFailed(WebUIKeywordMain.groovy:64)&#xD;
	at com.kms.katalon.core.webui.keyword.internal.WebUIKeywordMain.runKeyword(WebUIKeywordMain.groovy:26)&#xD;
	at com.kms.katalon.core.webui.keyword.builtin.AcceptAlertKeyword.acceptAlert(AcceptAlertKeyword.groovy:71)&#xD;
	at com.kms.katalon.core.webui.keyword.builtin.AcceptAlertKeyword.execute(AcceptAlertKeyword.groovy:66)&#xD;
	at com.kms.katalon.core.keyword.internal.KeywordExecutor.executeKeywordForPlatform(KeywordExecutor.groovy:56)&#xD;
	at com.kms.katalon.core.webui.keyword.WebUiBuiltInKeywords.acceptAlert(WebUiBuiltInKeywords.groovy:1492)&#xD;
	at com.kms.katalon.core.webui.keyword.WebUiBuiltInKeywords$acceptAlert$1.call(Unknown Source)&#xD;
	at Home.run(Home:30)&#xD;
	at com.kms.katalon.core.main.ScriptEngine.run(ScriptEngine.java:194)&#xD;
	at com.kms.katalon.core.main.ScriptEngine.runScriptAsRawText(ScriptEngine.java:119)&#xD;
	at com.kms.katalon.core.main.TestCaseExecutor.runScript(TestCaseExecutor.java:337)&#xD;
	at com.kms.katalon.core.main.TestCaseExecutor.doExecute(TestCaseExecutor.java:328)&#xD;
	at com.kms.katalon.core.main.TestCaseExecutor.processExecutionPhase(TestCaseExecutor.java:307)&#xD;
	at com.kms.katalon.core.main.TestCaseExecutor.accessMainPhase(TestCaseExecutor.java:299)&#xD;
	at com.kms.katalon.core.main.TestCaseExecutor.execute(TestCaseExecutor.java:233)&#xD;
	at com.kms.katalon.core.main.TestSuiteExecutor.accessTestCaseMainPhase(TestSuiteExecutor.java:133)&#xD;
	at com.kms.katalon.core.main.TestSuiteExecutor.accessTestSuiteMainPhase(TestSuiteExecutor.java:116)&#xD;
	at com.kms.katalon.core.main.TestSuiteExecutor.execute(TestSuiteExecutor.java:83)&#xD;
	at com.kms.katalon.core.main.TestCaseMain.startTestSuite(TestCaseMain.java:157)&#xD;
	at com.kms.katalon.core.main.TestCaseMain$startTestSuite$0.call(Unknown Source)&#xD;
	at TempTestSuite1583391692231.run(TempTestSuite1583391692231.groovy:35)&#xD;
Caused by: com.kms.katalon.core.exception.StepFailedException: No alert found&#xD;
	at com.kms.katalon.core.webui.keyword.internal.WebUIKeywordMain.stepFailed(WebUIKeywordMain.groovy:64)&#xD;
	at com.kms.katalon.core.webui.keyword.builtin.AcceptAlertKeyword$_acceptAlert_closure1.doCall(AcceptAlertKeyword.groovy:78)&#xD;
	at com.kms.katalon.core.webui.keyword.builtin.AcceptAlertKeyword$_acceptAlert_closure1.call(AcceptAlertKeyword.groovy)&#xD;
	at com.kms.katalon.core.webui.keyword.internal.WebUIKeywordMain.runKeyword(WebUIKeywordMain.groovy:20)&#xD;
	... 19 more</system-err>
        </testcase>
        <system-out>2020-03-05 15:01:41 - [TEST_SUITE][INCOMPLETE] - HP: null</system-out>
        <system-err>2020-03-05 15:01:41 - [TEST_SUITE][INCOMPLETE] - HP: null</system-err>
    </testsuite>
</testsuites>
