<?xml version="1.0" encoding="UTF-8" standalone="yes"?>
<testsuites name="asegumed" time="102" tests="1" failures="0" errors="0">
    <testsuite name="asegumed" tests="1" failures="0" errors="0" time="102" timestamp="2020-03-04 17:52:36" hostname="sofee.yu - windows10.microdone.cn" id="Test Suites/AseguMed/asegumed">
        <properties>
            <property name="deviceName" value=""/>
            <property name="devicePlatform" value=""/>
            <property name="logFolder" value="D:\\Test\\AgileTest\\AgileTest\\Reports\\AseguMed\\asegumed\\20200304_175226"/>
            <property name="logFiles" value="D:\\Test\\AgileTest\\AgileTest\\Reports\\AseguMed\\asegumed\\20200304_175226\\execution0.log"/>
            <property name="attachments" value="D:\\Test\\AgileTest\\AgileTest\\Reports\\AseguMed\\asegumed\\20200304_175226\\../Screenshots/iPhone X/AseguMed/Legion/20200304_175238/0.png, D:\\Test\\AgileTest\\AgileTest\\Reports\\AseguMed\\asegumed\\20200304_175226\\../Screenshots/iPhone X/AseguMed/Legion/20200304_175238/1.png, D:\\Test\\AgileTest\\AgileTest\\Reports\\AseguMed\\asegumed\\20200304_175226\\../Screenshots/iPhone X/AseguMed/Legion/20200304_175238/2.png, D:\\Test\\AgileTest\\AgileTest\\Reports\\AseguMed\\asegumed\\20200304_175226\\../Screenshots/iPhone X/AseguMed/Legion/20200304_175238/3.png, D:\\Test\\AgileTest\\AgileTest\\Reports\\AseguMed\\asegumed\\20200304_175226\\../Screenshots/iPhone X/AseguMed/Legion/20200304_175238/4.png, D:\\Test\\AgileTest\\AgileTest\\Reports\\AseguMed\\asegumed\\20200304_175226\\../Screenshots/iPhone X/AseguMed/Legion/20200304_175238/5.png, D:\\Test\\AgileTest\\AgileTest\\Reports\\AseguMed\\asegumed\\20200304_175226\\../Screenshots/iPhone X/AseguMed/Legion/20200304_175238/6.png, D:\\Test\\AgileTest\\AgileTest\\Reports\\AseguMed\\asegumed\\20200304_175226\\../Screenshots/iPhone X/AseguMed/Legion/20200304_175238/7.png, D:\\Test\\AgileTest\\AgileTest\\Reports\\AseguMed\\asegumed\\20200304_175226\\../Screenshots/iPhone X/AseguMed/Legion/20200304_175238/8.png"/>
            <property name="hostName" value="sofee.yu - windows10.microdone.cn"/>
            <property name="os" value="Windows 7 64bit"/>
            <property name="katalonVersion" value="6.2.2.4"/>
            <property name="browser" value="Safari 11"/>
            <property name="hostAddress" value="172.16.86.47"/>
            <property name="sessionId" value="308c170278ef67ee167e61a67ae1e2e3"/>
            <property name="seleniumVersion" value="3.141.59"/>
            <property name="proxyInformation" value="ProxyInformation{proxyOption=NO_PROXY, proxyServerType=HTTP, password=, proxyServerAddress=, proxyServerPort=0}"/>
            <property name="platform" value="Windows 7"/>
        </properties>
        <testcase name="Test Cases/AseguMed/Legion" classname="Test Cases/AseguMed/Legion" status="PASSED">
            <system-out>2020-03-04 17:52:37 - [TEST_CASE][PASSED] - Test Cases/AseguMed/Legion: Test Cases/AseguMed/Legion&#xD;
&#xD;
2020-03-04 17:52:38 - [TEST_STEP][PASSED] - callTestCase(findTestCase("AHI/_include/get_screenPath"), ["productLine":"AseguMed", "carrierName":"Legion"], STOP_ON_FAILURE): Call Test Case 'Test Cases/AHI/_include/get_screenPath' successfully&#xD;
&#xD;
2020-03-04 17:52:38 - [TEST_CASE][PASSED] - Test Cases/AHI/_include/get_screenPath: Test Cases/AHI/_include/get_screenPath&#xD;
&#xD;
2020-03-04 17:52:38 - [TEST_STEP][PASSED] - m = getExecutionProperties(): null&#xD;
&#xD;
2020-03-04 17:52:38 - [TEST_STEP][PASSED] - deviceName = get("mobileEmulation").get("deviceName"): null&#xD;
&#xD;
2020-03-04 17:52:38 - [TEST_STEP][PASSED] - println(deviceName): null&#xD;
&#xD;
2020-03-04 17:52:38 - [TEST_STEP][PASSED] - now = new java.util.Date(): null&#xD;
&#xD;
2020-03-04 17:52:38 - [TEST_STEP][PASSED] - mydate = now.format("yyyyMMdd_HHmmss"): null&#xD;
&#xD;
2020-03-04 17:52:38 - [TEST_STEP][PASSED] - screenPath = "../Screenshots/": null&#xD;
&#xD;
2020-03-04 17:52:39 - [TEST_STEP][PASSED] - screenPath = screenPath + deviceName + "/" + productLine + "/" + carrierName + "/" + mydate + "/": null&#xD;
&#xD;
2020-03-04 17:52:39 - [TEST_STEP][PASSED] - println(screenPath): null&#xD;
&#xD;
2020-03-04 17:52:39 - [MESSAGE][PASSED] - Call Test Case 'Test Cases/AHI/_include/get_screenPath' successfully&#xD;
&#xD;
2020-03-04 17:52:39 - [TEST_STEP][PASSED] - i = 0: null&#xD;
&#xD;
2020-03-04 17:52:39 - [TEST_STEP][PASSED] - openBrowser("https://pruebas.asegumed.com/"): Browser is opened with url: 'https://pruebas.asegumed.com/'&#xD;
&#xD;
2020-03-04 17:52:40 - [MESSAGE][INFO] - Starting 'Chrome' driver&#xD;
&#xD;
2020-03-04 17:52:40 - [MESSAGE][INFO] - User set preference: ['mobileEmulation', '{deviceName=iPhone X}']&#xD;
&#xD;
2020-03-04 17:52:40 - [MESSAGE][INFO] - User set preference: ['args', '[--incognito, --aggressive-cache-discard, --no-sandbox, --window-size=375,812]']&#xD;
&#xD;
2020-03-04 17:52:40 - [MESSAGE][INFO] - Action delay is set to 0 seconds&#xD;
&#xD;
2020-03-04 17:52:52 - [MESSAGE][PASSED] - Browser is opened with url: 'https://pruebas.asegumed.com/'&#xD;
&#xD;
2020-03-04 17:52:52 - [TEST_STEP][PASSED] - callTestCase(findTestCase("AHI/_include/get_screenshot"), [:], STOP_ON_FAILURE): Call Test Case 'Test Cases/AHI/_include/get_screenshot' successfully&#xD;
&#xD;
2020-03-04 17:52:52 - [TEST_CASE][PASSED] - Test Cases/AHI/_include/get_screenshot: Test Cases/AHI/_include/get_screenshot&#xD;
&#xD;
2020-03-04 17:52:53 - [TEST_STEP][PASSED] - takeScreenshot(screenPath + i + ".png"): Taking screenshot successfully&#xD;
&#xD;
2020-03-04 17:52:54 - [MESSAGE][PASSED] - Taking screenshot successfully&#xD;
[[ATTACHMENT|D:\\Test\\AgileTest\\AgileTest\\Reports\\AseguMed\\asegumed\\20200304_175226\\../Screenshots/iPhone X/AseguMed/Legion/20200304_175238/0.png]]&#xD;
&#xD;
2020-03-04 17:52:54 - [TEST_STEP][PASSED] - (internal.GlobalVariable.i++): null&#xD;
&#xD;
2020-03-04 17:52:54 - [MESSAGE][PASSED] - Call Test Case 'Test Cases/AHI/_include/get_screenshot' successfully&#xD;
&#xD;
2020-03-04 17:52:54 - [TEST_STEP][PASSED] - click(findTestObject("AseguMed/homepage/cta-button")): Object: 'Object Repository/AseguMed/homepage/cta-button' is clicked on&#xD;
&#xD;
2020-03-04 17:52:59 - [MESSAGE][PASSED] - Object: 'Object Repository/AseguMed/homepage/cta-button' is clicked on&#xD;
&#xD;
2020-03-04 17:52:59 - [TEST_STEP][PASSED] - waitForPageLoad(10): Wait for page load successfully&#xD;
&#xD;
2020-03-04 17:52:59 - [MESSAGE][PASSED] - Wait for page load successfully&#xD;
&#xD;
2020-03-04 17:52:59 - [TEST_STEP][PASSED] - callTestCase(findTestCase("AHI/_include/get_screenshot"), [:], STOP_ON_FAILURE): Call Test Case 'Test Cases/AHI/_include/get_screenshot' successfully&#xD;
&#xD;
2020-03-04 17:52:59 - [TEST_CASE][PASSED] - Test Cases/AHI/_include/get_screenshot: Test Cases/AHI/_include/get_screenshot&#xD;
&#xD;
2020-03-04 17:52:59 - [TEST_STEP][PASSED] - takeScreenshot(screenPath + i + ".png"): Taking screenshot successfully&#xD;
&#xD;
2020-03-04 17:53:00 - [MESSAGE][PASSED] - Taking screenshot successfully&#xD;
[[ATTACHMENT|D:\\Test\\AgileTest\\AgileTest\\Reports\\AseguMed\\asegumed\\20200304_175226\\../Screenshots/iPhone X/AseguMed/Legion/20200304_175238/1.png]]&#xD;
&#xD;
2020-03-04 17:53:00 - [TEST_STEP][PASSED] - (internal.GlobalVariable.i++): null&#xD;
&#xD;
2020-03-04 17:53:00 - [MESSAGE][PASSED] - Call Test Case 'Test Cases/AHI/_include/get_screenshot' successfully&#xD;
&#xD;
2020-03-04 17:53:00 - [TEST_STEP][PASSED] - sendKeys(findTestObject("AseguMed/census_page/input_zip"), "35215"): Keys '35215' sent to object: 'Object Repository/AseguMed/census_page/input_zip'&#xD;
&#xD;
2020-03-04 17:53:00 - [MESSAGE][PASSED] - Keys '35215' sent to object: 'Object Repository/AseguMed/census_page/input_zip'&#xD;
&#xD;
2020-03-04 17:53:00 - [TEST_STEP][PASSED] - sendKeys(findTestObject("AseguMed/census_page/input_dob"), "12121988"): Keys '12121988' sent to object: 'Object Repository/AseguMed/census_page/input_dob'&#xD;
&#xD;
2020-03-04 17:53:01 - [MESSAGE][PASSED] - Keys '12121988' sent to object: 'Object Repository/AseguMed/census_page/input_dob'&#xD;
&#xD;
2020-03-04 17:53:01 - [TEST_STEP][PASSED] - click(findTestObject("AseguMed/census_page/label_gender_male")): Object: 'Object Repository/AseguMed/census_page/label_gender_male' is clicked on&#xD;
&#xD;
2020-03-04 17:53:01 - [MESSAGE][PASSED] - Object: 'Object Repository/AseguMed/census_page/label_gender_male' is clicked on&#xD;
&#xD;
2020-03-04 17:53:01 - [TEST_STEP][PASSED] - click(findTestObject("AseguMed/census_page/census_submit_button")): Object: 'Object Repository/AseguMed/census_page/census_submit_button' is clicked on&#xD;
&#xD;
2020-03-04 17:53:01 - [MESSAGE][PASSED] - Object: 'Object Repository/AseguMed/census_page/census_submit_button' is clicked on&#xD;
&#xD;
2020-03-04 17:53:01 - [TEST_STEP][PASSED] - waitForPageLoad(10): Wait for page load successfully&#xD;
&#xD;
2020-03-04 17:53:01 - [MESSAGE][PASSED] - Wait for page load successfully&#xD;
&#xD;
2020-03-04 17:53:01 - [TEST_STEP][PASSED] - Thread.sleep(2000): null&#xD;
&#xD;
2020-03-04 17:53:03 - [TEST_STEP][PASSED] - callTestCase(findTestCase("AHI/_include/get_screenshot"), [:], STOP_ON_FAILURE): Call Test Case 'Test Cases/AHI/_include/get_screenshot' successfully&#xD;
&#xD;
2020-03-04 17:53:03 - [TEST_CASE][PASSED] - Test Cases/AHI/_include/get_screenshot: Test Cases/AHI/_include/get_screenshot&#xD;
&#xD;
2020-03-04 17:53:03 - [TEST_STEP][PASSED] - takeScreenshot(screenPath + i + ".png"): Taking screenshot successfully&#xD;
&#xD;
2020-03-04 17:53:08 - [MESSAGE][PASSED] - Taking screenshot successfully&#xD;
[[ATTACHMENT|D:\\Test\\AgileTest\\AgileTest\\Reports\\AseguMed\\asegumed\\20200304_175226\\../Screenshots/iPhone X/AseguMed/Legion/20200304_175238/2.png]]&#xD;
&#xD;
2020-03-04 17:53:08 - [TEST_STEP][PASSED] - (internal.GlobalVariable.i++): null&#xD;
&#xD;
2020-03-04 17:53:08 - [MESSAGE][PASSED] - Call Test Case 'Test Cases/AHI/_include/get_screenshot' successfully&#xD;
&#xD;
2020-03-04 17:53:08 - [TEST_STEP][PASSED] - click(findTestObject("AseguMed/quote_page/detail_link_plan_2")): Object: 'Object Repository/AseguMed/quote_page/detail_link_plan_2' is clicked on&#xD;
&#xD;
2020-03-04 17:53:12 - [MESSAGE][PASSED] - Object: 'Object Repository/AseguMed/quote_page/detail_link_plan_2' is clicked on&#xD;
&#xD;
2020-03-04 17:53:12 - [TEST_STEP][PASSED] - waitForPageLoad(10): Wait for page load successfully&#xD;
&#xD;
2020-03-04 17:53:12 - [MESSAGE][PASSED] - Wait for page load successfully&#xD;
&#xD;
2020-03-04 17:53:12 - [TEST_STEP][PASSED] - callTestCase(findTestCase("AHI/_include/get_screenshot"), [:], STOP_ON_FAILURE): Call Test Case 'Test Cases/AHI/_include/get_screenshot' successfully&#xD;
&#xD;
2020-03-04 17:53:12 - [TEST_CASE][PASSED] - Test Cases/AHI/_include/get_screenshot: Test Cases/AHI/_include/get_screenshot&#xD;
&#xD;
2020-03-04 17:53:12 - [TEST_STEP][PASSED] - takeScreenshot(screenPath + i + ".png"): Taking screenshot successfully&#xD;
&#xD;
2020-03-04 17:53:13 - [MESSAGE][PASSED] - Taking screenshot successfully&#xD;
[[ATTACHMENT|D:\\Test\\AgileTest\\AgileTest\\Reports\\AseguMed\\asegumed\\20200304_175226\\../Screenshots/iPhone X/AseguMed/Legion/20200304_175238/3.png]]&#xD;
&#xD;
2020-03-04 17:53:13 - [TEST_STEP][PASSED] - (internal.GlobalVariable.i++): null&#xD;
&#xD;
2020-03-04 17:53:13 - [MESSAGE][PASSED] - Call Test Case 'Test Cases/AHI/_include/get_screenshot' successfully&#xD;
&#xD;
2020-03-04 17:53:13 - [TEST_STEP][PASSED] - click(findTestObject("AseguMed/detail_page/detail_apply_button")): Object: 'Object Repository/AseguMed/detail_page/detail_apply_button' is clicked on&#xD;
&#xD;
2020-03-04 17:53:17 - [MESSAGE][PASSED] - Object: 'Object Repository/AseguMed/detail_page/detail_apply_button' is clicked on&#xD;
&#xD;
2020-03-04 17:53:17 - [TEST_STEP][PASSED] - waitForPageLoad(10): Wait for page load successfully&#xD;
&#xD;
2020-03-04 17:53:17 - [MESSAGE][PASSED] - Wait for page load successfully&#xD;
&#xD;
2020-03-04 17:53:17 - [TEST_STEP][PASSED] - callTestCase(findTestCase("AHI/_include/get_screenshot"), [:], STOP_ON_FAILURE): Call Test Case 'Test Cases/AHI/_include/get_screenshot' successfully&#xD;
&#xD;
2020-03-04 17:53:17 - [TEST_CASE][PASSED] - Test Cases/AHI/_include/get_screenshot: Test Cases/AHI/_include/get_screenshot&#xD;
&#xD;
2020-03-04 17:53:17 - [TEST_STEP][PASSED] - takeScreenshot(screenPath + i + ".png"): Taking screenshot successfully&#xD;
&#xD;
2020-03-04 17:53:18 - [MESSAGE][PASSED] - Taking screenshot successfully&#xD;
[[ATTACHMENT|D:\\Test\\AgileTest\\AgileTest\\Reports\\AseguMed\\asegumed\\20200304_175226\\../Screenshots/iPhone X/AseguMed/Legion/20200304_175238/4.png]]&#xD;
&#xD;
2020-03-04 17:53:18 - [TEST_STEP][PASSED] - (internal.GlobalVariable.i++): null&#xD;
&#xD;
2020-03-04 17:53:18 - [MESSAGE][PASSED] - Call Test Case 'Test Cases/AHI/_include/get_screenshot' successfully&#xD;
&#xD;
2020-03-04 17:53:18 - [TEST_STEP][PASSED] - click(findTestObject("AseguMed/apply_page/apply_button")): Object: 'Object Repository/AseguMed/apply_page/apply_button' is clicked on&#xD;
&#xD;
2020-03-04 17:53:21 - [MESSAGE][PASSED] - Object: 'Object Repository/AseguMed/apply_page/apply_button' is clicked on&#xD;
&#xD;
2020-03-04 17:53:21 - [TEST_STEP][PASSED] - waitForPageLoad(10): Wait for page load successfully&#xD;
&#xD;
2020-03-04 17:53:21 - [MESSAGE][PASSED] - Wait for page load successfully&#xD;
&#xD;
2020-03-04 17:53:21 - [TEST_STEP][PASSED] - Thread.sleep(2000): null&#xD;
&#xD;
2020-03-04 17:53:23 - [TEST_STEP][PASSED] - callTestCase(findTestCase("AHI/_include/get_screenshot"), [:], STOP_ON_FAILURE): Call Test Case 'Test Cases/AHI/_include/get_screenshot' successfully&#xD;
&#xD;
2020-03-04 17:53:23 - [TEST_CASE][PASSED] - Test Cases/AHI/_include/get_screenshot: Test Cases/AHI/_include/get_screenshot&#xD;
&#xD;
2020-03-04 17:53:23 - [TEST_STEP][PASSED] - takeScreenshot(screenPath + i + ".png"): Taking screenshot successfully&#xD;
&#xD;
2020-03-04 17:53:24 - [MESSAGE][PASSED] - Taking screenshot successfully&#xD;
[[ATTACHMENT|D:\\Test\\AgileTest\\AgileTest\\Reports\\AseguMed\\asegumed\\20200304_175226\\../Screenshots/iPhone X/AseguMed/Legion/20200304_175238/5.png]]&#xD;
&#xD;
2020-03-04 17:53:24 - [TEST_STEP][PASSED] - (internal.GlobalVariable.i++): null&#xD;
&#xD;
2020-03-04 17:53:24 - [MESSAGE][PASSED] - Call Test Case 'Test Cases/AHI/_include/get_screenshot' successfully&#xD;
&#xD;
2020-03-04 17:53:24 - [TEST_STEP][PASSED] - callTestCase(findTestCase("AseguMed/_include/name"), [:], STOP_ON_FAILURE): Call Test Case 'Test Cases/AseguMed/_include/name' successfully&#xD;
&#xD;
2020-03-04 17:53:24 - [TEST_CASE][PASSED] - Test Cases/AseguMed/_include/name: Test Cases/AseguMed/_include/name&#xD;
&#xD;
2020-03-04 17:53:24 - [TEST_STEP][PASSED] - driver = getWebDriver(): null&#xD;
&#xD;
2020-03-04 17:53:24 - [TEST_STEP][PASSED] - selenium = new com.thoughtworks.selenium.webdriven.WebDriverBackedSelenium(driver, internal.GlobalVariable.ENV): null&#xD;
&#xD;
2020-03-04 17:53:25 - [TEST_STEP][PASSED] - FirstName = "Test-123": null&#xD;
&#xD;
2020-03-04 17:53:25 - [TEST_STEP][PASSED] - LastName = selenium.getEval("{var x="áéíóúñüABCDEFGHIJKLMNOPQRSTUVWXYZabcdefghijklmnopqrstuvwxyz"; var tmp="ZZ11-"; for (i=0;i&lt;8;i++) tmp+=x.charAt(Math.ceil(51*Math.random()));tmp;}"): null&#xD;
&#xD;
2020-03-04 17:53:25 - [TEST_STEP][PASSED] - Address = selenium.getEval("{var x="áéíóúñüABCDEFGHIJKLMNOPQRSTUVWXYZabcdefghijklmnopqrstuvwxyz"; var tmp=""; for (i=0;i&lt;8;i++) tmp+=x.charAt(Math.ceil(51*Math.random()));tmp;}"): null&#xD;
&#xD;
2020-03-04 17:53:25 - [TEST_STEP][PASSED] - City = selenium.getEval("{var x="áéíóúñüABCDEFGHIJKLMNOPQRSTUVWXYZabcdefghijklmnopqrstuvwxyz"; var tmp=""; for (i=0;i&lt;8;i++) tmp+=x.charAt(Math.ceil(51*Math.random()));tmp;}"): null&#xD;
&#xD;
2020-03-04 17:53:25 - [TEST_STEP][PASSED] - tel1 = selenium.getEval("{var x="123456789"; var tmp=""; for (i=0;i&lt;3;i++) tmp+=x.charAt(Math.ceil(8*Math.random()));tmp;}"): null&#xD;
&#xD;
2020-03-04 17:53:25 - [TEST_STEP][PASSED] - tel2 = selenium.getEval("{var x="123456789"; var tmp=""; for (i=0;i&lt;3;i++) tmp+=x.charAt(Math.ceil(8*Math.random()));tmp;}"): null&#xD;
&#xD;
2020-03-04 17:53:25 - [TEST_STEP][PASSED] - tel3 = selenium.getEval("{var x="123456789"; var tmp=""; for (i=0;i&lt;4;i++) tmp+=x.charAt(Math.ceil(8*Math.random()));tmp;}"): null&#xD;
&#xD;
2020-03-04 17:53:25 - [TEST_STEP][PASSED] - Tel = selenium.getExpression(tel1 + "-" + tel2 + "-" + tel3): null&#xD;
&#xD;
2020-03-04 17:53:25 - [TEST_STEP][PASSED] - AutoEmail = selenium.getEval("{var x="ÁÉÍÓÚÑÜáéíóúñüABCDEFGHIJKLMNOPQRSTUVWXYZabcdefghijklmnopqrstuvwxyz"; var tmp="test."; for (i=0;i&lt;8;i++) tmp+=x.charAt(Math.ceil(51*Math.random()));tmp+="@suryani.cn";}"): null&#xD;
&#xD;
2020-03-04 17:53:25 - [TEST_STEP][PASSED] - FirstName = FirstName: null&#xD;
&#xD;
2020-03-04 17:53:25 - [TEST_STEP][PASSED] - LastName = LastName: null&#xD;
&#xD;
2020-03-04 17:53:25 - [TEST_STEP][PASSED] - Address = Address: null&#xD;
&#xD;
2020-03-04 17:53:25 - [TEST_STEP][PASSED] - City = City: null&#xD;
&#xD;
2020-03-04 17:53:25 - [TEST_STEP][PASSED] - Tel = Tel: null&#xD;
&#xD;
2020-03-04 17:53:25 - [TEST_STEP][PASSED] - AutoEmail = AutoEmail: null&#xD;
&#xD;
2020-03-04 17:53:25 - [TEST_STEP][PASSED] - println(FirstName): null&#xD;
&#xD;
2020-03-04 17:53:25 - [TEST_STEP][PASSED] - println(LastName): null&#xD;
&#xD;
2020-03-04 17:53:25 - [TEST_STEP][PASSED] - println(Address): null&#xD;
&#xD;
2020-03-04 17:53:25 - [TEST_STEP][PASSED] - println(City): null&#xD;
&#xD;
2020-03-04 17:53:25 - [TEST_STEP][PASSED] - println(Tel): null&#xD;
&#xD;
2020-03-04 17:53:25 - [TEST_STEP][PASSED] - println(AutoEmail): null&#xD;
&#xD;
2020-03-04 17:53:25 - [MESSAGE][PASSED] - Call Test Case 'Test Cases/AseguMed/_include/name' successfully&#xD;
&#xD;
2020-03-04 17:53:25 - [TEST_STEP][PASSED] - setText(findTestObject("AseguMed/app page 1/input_firstname"), FirstName): Text 'Test-123' is set on object 'Object Repository/AseguMed/app page 1/input_firstname'&#xD;
&#xD;
2020-03-04 17:53:25 - [MESSAGE][PASSED] - Text 'Test-123' is set on object 'Object Repository/AseguMed/app page 1/input_firstname'&#xD;
&#xD;
2020-03-04 17:53:25 - [TEST_STEP][PASSED] - setText(findTestObject("AseguMed/app page 1/input_lastname"), LastName): Text 'ZZ11-kYsóRHñB' is set on object 'Object Repository/AseguMed/app page 1/input_lastname'&#xD;
&#xD;
2020-03-04 17:53:26 - [MESSAGE][PASSED] - Text 'ZZ11-kYsóRHñB' is set on object 'Object Repository/AseguMed/app page 1/input_lastname'&#xD;
&#xD;
2020-03-04 17:53:26 - [TEST_STEP][PASSED] - setText(findTestObject("AseguMed/app page 1/input_address"), Address): Text 'büíLpfkc' is set on object 'Object Repository/AseguMed/app page 1/input_address'&#xD;
&#xD;
2020-03-04 17:53:26 - [MESSAGE][PASSED] - Text 'büíLpfkc' is set on object 'Object Repository/AseguMed/app page 1/input_address'&#xD;
&#xD;
2020-03-04 17:53:26 - [TEST_STEP][PASSED] - setText(findTestObject("AseguMed/app page 1/input_city"), City): Text 'KSlHlgík' is set on object 'Object Repository/AseguMed/app page 1/input_city'&#xD;
&#xD;
2020-03-04 17:53:26 - [MESSAGE][PASSED] - Text 'KSlHlgík' is set on object 'Object Repository/AseguMed/app page 1/input_city'&#xD;
&#xD;
2020-03-04 17:53:26 - [TEST_STEP][PASSED] - setText(findTestObject("AseguMed/app page 1/input_email"), AutoEmail): Text 'test.ÜZüQÍIAK@suryani.cn' is set on object 'Object Repository/AseguMed/app page 1/input_email'&#xD;
&#xD;
2020-03-04 17:53:26 - [MESSAGE][PASSED] - Text 'test.ÜZüQÍIAK@suryani.cn' is set on object 'Object Repository/AseguMed/app page 1/input_email'&#xD;
&#xD;
2020-03-04 17:53:26 - [TEST_STEP][PASSED] - setText(findTestObject("AseguMed/app page 1/input_primaryPhone"), Tel): Text '575-635-6698' is set on object 'Object Repository/AseguMed/app page 1/input_primaryPhone'&#xD;
&#xD;
2020-03-04 17:53:27 - [MESSAGE][PASSED] - Text '575-635-6698' is set on object 'Object Repository/AseguMed/app page 1/input_primaryPhone'&#xD;
&#xD;
2020-03-04 17:53:27 - [TEST_STEP][PASSED] - click(findTestObject("AseguMed/app page 1/continue_to_page_2_button")): Object: 'Object Repository/AseguMed/app page 1/continue_to_page_2_button' is clicked on&#xD;
&#xD;
2020-03-04 17:53:27 - [MESSAGE][PASSED] - Object: 'Object Repository/AseguMed/app page 1/continue_to_page_2_button' is clicked on&#xD;
&#xD;
2020-03-04 17:53:27 - [TEST_STEP][PASSED] - waitForPageLoad(10): Wait for page load successfully&#xD;
&#xD;
2020-03-04 17:53:27 - [MESSAGE][PASSED] - Wait for page load successfully&#xD;
&#xD;
2020-03-04 17:53:27 - [TEST_STEP][PASSED] - Thread.sleep(2000): null&#xD;
&#xD;
2020-03-04 17:53:29 - [TEST_STEP][PASSED] - callTestCase(findTestCase("AHI/_include/get_screenshot"), [:], STOP_ON_FAILURE): Call Test Case 'Test Cases/AHI/_include/get_screenshot' successfully&#xD;
&#xD;
2020-03-04 17:53:29 - [TEST_CASE][PASSED] - Test Cases/AHI/_include/get_screenshot: Test Cases/AHI/_include/get_screenshot&#xD;
&#xD;
2020-03-04 17:53:29 - [TEST_STEP][PASSED] - takeScreenshot(screenPath + i + ".png"): Taking screenshot successfully&#xD;
&#xD;
2020-03-04 17:53:30 - [MESSAGE][PASSED] - Taking screenshot successfully&#xD;
[[ATTACHMENT|D:\\Test\\AgileTest\\AgileTest\\Reports\\AseguMed\\asegumed\\20200304_175226\\../Screenshots/iPhone X/AseguMed/Legion/20200304_175238/6.png]]&#xD;
&#xD;
2020-03-04 17:53:30 - [TEST_STEP][PASSED] - (internal.GlobalVariable.i++): null&#xD;
&#xD;
2020-03-04 17:53:30 - [MESSAGE][PASSED] - Call Test Case 'Test Cases/AHI/_include/get_screenshot' successfully&#xD;
&#xD;
2020-03-04 17:53:30 - [TEST_STEP][PASSED] - setText(findTestObject("AseguMed/app page 2/input_credit-card-number"), "4111111111111111"): Text '4111111111111111' is set on object 'Object Repository/AseguMed/app page 2/input_credit-card-number'&#xD;
&#xD;
2020-03-04 17:53:30 - [MESSAGE][PASSED] - Text '4111111111111111' is set on object 'Object Repository/AseguMed/app page 2/input_credit-card-number'&#xD;
&#xD;
2020-03-04 17:53:30 - [TEST_STEP][PASSED] - setText(findTestObject("AseguMed/app page 2/input_credit-card-first"), FirstName): Text 'Test-123' is set on object 'Object Repository/AseguMed/app page 2/input_credit-card-first'&#xD;
&#xD;
2020-03-04 17:53:30 - [MESSAGE][PASSED] - Text 'Test-123' is set on object 'Object Repository/AseguMed/app page 2/input_credit-card-first'&#xD;
&#xD;
2020-03-04 17:53:30 - [TEST_STEP][PASSED] - setText(findTestObject("AseguMed/app page 2/input_credit-card-last"), LastName): Text 'ZZ11-kYsóRHñB' is set on object 'Object Repository/AseguMed/app page 2/input_credit-card-last'&#xD;
&#xD;
2020-03-04 17:53:30 - [MESSAGE][PASSED] - Text 'ZZ11-kYsóRHñB' is set on object 'Object Repository/AseguMed/app page 2/input_credit-card-last'&#xD;
&#xD;
2020-03-04 17:53:30 - [TEST_STEP][PASSED] - selectOptionByValue(findTestObject("AseguMed/app page 2/select_expiration-month"), "12", true): All options with value '12' are selected in object 'Object Repository/AseguMed/app page 2/select_expiration-month'  using regular expression&#xD;
&#xD;
2020-03-04 17:53:31 - [MESSAGE][PASSED] - All options with value '12' are selected in object 'Object Repository/AseguMed/app page 2/select_expiration-month'  using regular expression&#xD;
&#xD;
2020-03-04 17:53:31 - [TEST_STEP][PASSED] - selectOptionByValue(findTestObject("AseguMed/app page 2/select_expiration-year"), "2026", true): All options with value '2026' are selected in object 'Object Repository/AseguMed/app page 2/select_expiration-year'  using regular expression&#xD;
&#xD;
2020-03-04 17:53:31 - [MESSAGE][PASSED] - All options with value '2026' are selected in object 'Object Repository/AseguMed/app page 2/select_expiration-year'  using regular expression&#xD;
&#xD;
2020-03-04 17:53:31 - [TEST_STEP][PASSED] - setText(findTestObject("AseguMed/app page 2/input_credit-card-cvv"), "123"): Text '123' is set on object 'Object Repository/AseguMed/app page 2/input_credit-card-cvv'&#xD;
&#xD;
2020-03-04 17:53:31 - [MESSAGE][PASSED] - Text '123' is set on object 'Object Repository/AseguMed/app page 2/input_credit-card-cvv'&#xD;
&#xD;
2020-03-04 17:53:31 - [TEST_STEP][PASSED] - click(findTestObject("AseguMed/app page 2/input_js-same-billing")): Object: 'Object Repository/AseguMed/app page 2/input_js-same-billing' is clicked on&#xD;
&#xD;
2020-03-04 17:53:31 - [MESSAGE][PASSED] - Object: 'Object Repository/AseguMed/app page 2/input_js-same-billing' is clicked on&#xD;
&#xD;
2020-03-04 17:53:31 - [TEST_STEP][PASSED] - click(findTestObject("AseguMed/app page 2/input_credit-payment-authorization")): Object: 'Object Repository/AseguMed/app page 2/input_credit-payment-authorization' is clicked on&#xD;
&#xD;
2020-03-04 17:53:32 - [MESSAGE][PASSED] - Object: 'Object Repository/AseguMed/app page 2/input_credit-payment-authorization' is clicked on&#xD;
&#xD;
2020-03-04 17:53:32 - [TEST_STEP][PASSED] - click(findTestObject("AseguMed/app page 2/continue_to_page_3_button")): Object: 'Object Repository/AseguMed/app page 2/continue_to_page_3_button' is clicked on&#xD;
&#xD;
2020-03-04 17:53:32 - [MESSAGE][PASSED] - Object: 'Object Repository/AseguMed/app page 2/continue_to_page_3_button' is clicked on&#xD;
&#xD;
2020-03-04 17:53:32 - [TEST_STEP][PASSED] - waitForPageLoad(10): Wait for page load successfully&#xD;
&#xD;
2020-03-04 17:53:32 - [MESSAGE][PASSED] - Wait for page load successfully&#xD;
&#xD;
2020-03-04 17:53:32 - [TEST_STEP][PASSED] - Thread.sleep(2000): null&#xD;
&#xD;
2020-03-04 17:53:34 - [TEST_STEP][PASSED] - waitForElementPresent(findTestObject("AseguMed/app page 3/input_consent-checkbox-0"), 20): Object 'Object Repository/AseguMed/app page 3/input_consent-checkbox-0' is present&#xD;
&#xD;
2020-03-04 17:53:47 - [MESSAGE][PASSED] - Object 'Object Repository/AseguMed/app page 3/input_consent-checkbox-0' is present&#xD;
&#xD;
2020-03-04 17:53:47 - [TEST_STEP][PASSED] - callTestCase(findTestCase("AHI/_include/get_screenshot"), [:], STOP_ON_FAILURE): Call Test Case 'Test Cases/AHI/_include/get_screenshot' successfully&#xD;
&#xD;
2020-03-04 17:53:47 - [TEST_CASE][PASSED] - Test Cases/AHI/_include/get_screenshot: Test Cases/AHI/_include/get_screenshot&#xD;
&#xD;
2020-03-04 17:53:47 - [TEST_STEP][PASSED] - takeScreenshot(screenPath + i + ".png"): Taking screenshot successfully&#xD;
&#xD;
2020-03-04 17:53:47 - [MESSAGE][PASSED] - Taking screenshot successfully&#xD;
[[ATTACHMENT|D:\\Test\\AgileTest\\AgileTest\\Reports\\AseguMed\\asegumed\\20200304_175226\\../Screenshots/iPhone X/AseguMed/Legion/20200304_175238/7.png]]&#xD;
&#xD;
2020-03-04 17:53:47 - [TEST_STEP][PASSED] - (internal.GlobalVariable.i++): null&#xD;
&#xD;
2020-03-04 17:53:47 - [MESSAGE][PASSED] - Call Test Case 'Test Cases/AHI/_include/get_screenshot' successfully&#xD;
&#xD;
2020-03-04 17:53:47 - [TEST_STEP][PASSED] - click(findTestObject("AseguMed/app page 3/input_consent-checkbox-0")): Object: 'Object Repository/AseguMed/app page 3/input_consent-checkbox-0' is clicked on&#xD;
&#xD;
2020-03-04 17:53:48 - [MESSAGE][PASSED] - Object: 'Object Repository/AseguMed/app page 3/input_consent-checkbox-0' is clicked on&#xD;
&#xD;
2020-03-04 17:53:48 - [TEST_STEP][PASSED] - click(findTestObject("AseguMed/app page 3/link_js-signature-autoFill")): Object: 'Object Repository/AseguMed/app page 3/link_js-signature-autoFill' is clicked on&#xD;
&#xD;
2020-03-04 17:53:48 - [MESSAGE][PASSED] - Object: 'Object Repository/AseguMed/app page 3/link_js-signature-autoFill' is clicked on&#xD;
&#xD;
2020-03-04 17:53:48 - [TEST_STEP][PASSED] - click(findTestObject("AseguMed/app page 3/continue_to_page_4_button")): Object: 'Object Repository/AseguMed/app page 3/continue_to_page_4_button' is clicked on&#xD;
&#xD;
2020-03-04 17:53:48 - [MESSAGE][PASSED] - Object: 'Object Repository/AseguMed/app page 3/continue_to_page_4_button' is clicked on&#xD;
&#xD;
2020-03-04 17:53:48 - [TEST_STEP][PASSED] - waitForPageLoad(10): Wait for page load successfully&#xD;
&#xD;
2020-03-04 17:53:48 - [MESSAGE][PASSED] - Wait for page load successfully&#xD;
&#xD;
2020-03-04 17:53:48 - [TEST_STEP][PASSED] - Thread.sleep(30000): null&#xD;
&#xD;
2020-03-04 17:54:18 - [TEST_STEP][PASSED] - callTestCase(findTestCase("AHI/_include/get_screenshot"), [:], STOP_ON_FAILURE): Call Test Case 'Test Cases/AHI/_include/get_screenshot' successfully&#xD;
&#xD;
2020-03-04 17:54:18 - [TEST_CASE][PASSED] - Test Cases/AHI/_include/get_screenshot: Test Cases/AHI/_include/get_screenshot&#xD;
&#xD;
2020-03-04 17:54:18 - [TEST_STEP][PASSED] - takeScreenshot(screenPath + i + ".png"): Taking screenshot successfully&#xD;
&#xD;
2020-03-04 17:54:19 - [MESSAGE][PASSED] - Taking screenshot successfully&#xD;
[[ATTACHMENT|D:\\Test\\AgileTest\\AgileTest\\Reports\\AseguMed\\asegumed\\20200304_175226\\../Screenshots/iPhone X/AseguMed/Legion/20200304_175238/8.png]]&#xD;
&#xD;
2020-03-04 17:54:19 - [TEST_STEP][PASSED] - (internal.GlobalVariable.i++): null&#xD;
&#xD;
2020-03-04 17:54:19 - [MESSAGE][PASSED] - Call Test Case 'Test Cases/AHI/_include/get_screenshot' successfully</system-out>
            <system-err></system-err>
        </testcase>
        <system-out>2020-03-04 17:52:36 - [TEST_SUITE][INCOMPLETE] - asegumed: null</system-out>
        <system-err>2020-03-04 17:52:36 - [TEST_SUITE][INCOMPLETE] - asegumed: null</system-err>
    </testsuite>
</testsuites>
