<?xml version="1.0" encoding="UTF-8"?>
<testsuites name="ahi" time="2645" tests="7" failures="0" errors="2">
   <testsuite name="ahi" tests="7" failures="0" errors="2" time="2645" timestamp="2020-05-26 09:02:23" hostname="Administrator - 172.30.0.53" id="Test Suites/AHI/ahi">
      <properties>
         <property name="deviceName" value=""/>
         <property name="devicePlatform" value=""/>
         <property name="logFolder" value="D:\\Test\\AgileTest\\Reports\\AHI\\ahi\\20200526_080237"/>
         <property name="logFiles" value="D:\\Test\\AgileTest\\Reports\\AHI\\ahi\\20200526_080237\\execution0.log"/>
         <property name="attachments" value="D:\\Test\\AgileTest\\Reports\\AHI\\ahi\\20200526_080237\\../Screenshots/iPhone 6/AHI/ACA Health Insurance/20200526_090249/0.png, D:\\Test\\AgileTest\\Reports\\AHI\\ahi\\20200526_080237\\../Screenshots/iPhone 6/AHI/Cancer Insurance/20200526_090608/0.png, D:\\Test\\AgileTest\\Reports\\AHI\\ahi\\20200526_080237\\../Screenshots/iPhone 6/AHI/Cancer Insurance/20200526_090608/1.png, D:\\Test\\AgileTest\\Reports\\AHI\\ahi\\20200526_080237\\../Screenshots/iPhone 6/AHI/Cancer Insurance/20200526_090608/2.png, D:\\Test\\AgileTest\\Reports\\AHI\\ahi\\20200526_080237\\../Screenshots/iPhone 6/AHI/Cancer Insurance/20200526_090608/3.png, D:\\Test\\AgileTest\\Reports\\AHI\\ahi\\20200526_080237\\../Screenshots/iPhone 6/AHI/Cancer Insurance/20200526_090608/4.png, D:\\Test\\AgileTest\\Reports\\AHI\\ahi\\20200526_080237\\../Screenshots/iPhone 6/AHI/Cancer Insurance/20200526_090608/5.png, D:\\Test\\AgileTest\\Reports\\AHI\\ahi\\20200526_080237\\../Screenshots/iPhone 6/AHI/Cancer Insurance/20200526_090608/6.png, D:\\Test\\AgileTest\\Reports\\AHI\\ahi\\20200526_080237\\../Screenshots/iPhone 6/AHI/Cancer Insurance/20200526_090608/7.png, D:\\Test\\AgileTest\\Reports\\AHI\\ahi\\20200526_080237\\../Screenshots/iPhone 6/AHI/Cancer Insurance/20200526_090608/8.png, D:\\Test\\AgileTest\\Reports\\AHI\\ahi\\20200526_080237\\../Screenshots/iPhone 6/AHI/Cancer Insurance/20200526_090608/9.png, D:\\Test\\AgileTest\\Reports\\AHI\\ahi\\20200526_080237\\../Screenshots/iPhone 6/AHI/Dental - National General/20200526_091418/0.png, D:\\Test\\AgileTest\\Reports\\AHI\\ahi\\20200526_080237\\../Screenshots/iPhone 6/AHI/Dental - National General/20200526_091418/1.png, D:\\Test\\AgileTest\\Reports\\AHI\\ahi\\20200526_080237\\../Screenshots/iPhone 6/AHI/Dental - National General/20200526_091418/2.png, D:\\Test\\AgileTest\\Reports\\AHI\\ahi\\20200526_080237\\../Screenshots/iPhone 6/AHI/Dental - National General/20200526_091418/3.png, D:\\Test\\AgileTest\\Reports\\AHI\\ahi\\20200526_080237\\../Screenshots/iPhone 6/AHI/Dental - National General/20200526_091418/4.png, D:\\Test\\AgileTest\\Reports\\AHI\\ahi\\20200526_080237\\../Screenshots/iPhone 6/AHI/Dental - National General/20200526_091418/5.png, D:\\Test\\AgileTest\\Reports\\AHI\\ahi\\20200526_080237\\../Screenshots/iPhone 6/AHI/Dental - National General/20200526_091418/6.png, D:\\Test\\AgileTest\\Reports\\AHI\\ahi\\20200526_080237\\../Screenshots/iPhone 6/AHI/Dental - National General/20200526_091418/7.png, D:\\Test\\AgileTest\\Reports\\AHI\\ahi\\20200526_080237\\../Screenshots/iPhone 6/AHI/Dental - National General/20200526_091418/8.png, D:\\Test\\AgileTest\\Reports\\AHI\\ahi\\20200526_080237\\../Screenshots/iPhone 6/AHI/Dental - USA Access/20200526_092158/0.png, D:\\Test\\AgileTest\\Reports\\AHI\\ahi\\20200526_080237\\../Screenshots/iPhone 6/AHI/Dental - USA Access/20200526_092158/1.png, D:\\Test\\AgileTest\\Reports\\AHI\\ahi\\20200526_080237\\../Screenshots/iPhone 6/AHI/Dental - USA Access/20200526_092158/2.png, D:\\Test\\AgileTest\\Reports\\AHI\\ahi\\20200526_080237\\../Screenshots/iPhone 6/AHI/Dental - USA Access/20200526_092158/3.png, D:\\Test\\AgileTest\\Reports\\AHI\\ahi\\20200526_080237\\../Screenshots/iPhone 6/AHI/Dental - USA Access/20200526_092158/4.png, D:\\Test\\AgileTest\\Reports\\AHI\\ahi\\20200526_080237\\../Screenshots/iPhone 6/AHI/Dental - USA Access/20200526_092158/5.png, D:\\Test\\AgileTest\\Reports\\AHI\\ahi\\20200526_080237\\../Screenshots/iPhone 6/AHI/Dental - USA Access/20200526_092158/6.png, D:\\Test\\AgileTest\\Reports\\AHI\\ahi\\20200526_080237\\../Screenshots/iPhone 6/AHI/Dental - USA Access/20200526_092158/7.png, D:\\Test\\AgileTest\\Reports\\AHI\\ahi\\20200526_080237\\../Screenshots/iPhone 6/AHI/Dental - USA Access/20200526_092158/8.png, D:\\Test\\AgileTest\\Reports\\AHI\\ahi\\20200526_080237\\../Screenshots/iPhone 6/AHI/HBI/20200526_092920/0.png, D:\\Test\\AgileTest\\Reports\\AHI\\ahi\\20200526_080237\\../Screenshots/iPhone 6/AHI/HBI/20200526_092920/1.png, D:\\Test\\AgileTest\\Reports\\AHI\\ahi\\20200526_080237\\../Screenshots/iPhone 6/AHI/HBI/20200526_092920/2.png, D:\\Test\\AgileTest\\Reports\\AHI\\ahi\\20200526_080237\\../Screenshots/iPhone 6/AHI/Medicare/20200526_093123/0.png, D:\\Test\\AgileTest\\Reports\\AHI\\ahi\\20200526_080237\\../Screenshots/iPhone 6/AHI/Medicare/20200526_093123/1.png, D:\\Test\\AgileTest\\Reports\\AHI\\ahi\\20200526_080237\\../Screenshots/iPhone 6/AHI/Pet Insurance/20200526_093304/0.png, D:\\Test\\AgileTest\\Reports\\AHI\\ahi\\20200526_080237\\../Screenshots/iPhone 6/AHI/Pet Insurance/20200526_093304/1.png, D:\\Test\\AgileTest\\Reports\\AHI\\ahi\\20200526_080237\\../Screenshots/iPhone 6/AHI/Pet Insurance/20200526_093304/2.png, D:\\Test\\AgileTest\\Reports\\AHI\\ahi\\20200526_080237\\../Screenshots/iPhone 6/AHI/Pet Insurance/20200526_093304/3.png, D:\\Test\\AgileTest\\Reports\\AHI\\ahi\\20200526_080237\\../Screenshots/iPhone 6/AHI/Pet Insurance/20200526_093304/4.png, D:\\Test\\AgileTest\\Reports\\AHI\\ahi\\20200526_080237\\../Screenshots/iPhone 6/AHI/Pet Insurance/20200526_093304/5.png, D:\\Test\\AgileTest\\Reports\\AHI\\ahi\\20200526_080237\\../Screenshots/iPhone 6/AHI/Pet Insurance/20200526_093304/6.png, D:\\Test\\AgileTest\\Reports\\AHI\\ahi\\20200526_080237\\../Screenshots/iPhone 6/AHI/STM/20200526_093747/0.png, D:\\Test\\AgileTest\\Reports\\AHI\\ahi\\20200526_080237\\../Screenshots/iPhone 6/AHI/STM/20200526_093747/1.png, D:\\Test\\AgileTest\\Reports\\AHI\\ahi\\20200526_080237\\../Screenshots/iPhone 6/AHI/STM/20200526_093747/2.png, D:\\Test\\AgileTest\\Reports\\AHI\\ahi\\20200526_080237\\../Screenshots/iPhone 6/AHI/Teladoc/20200526_094028/0.png, D:\\Test\\AgileTest\\Reports\\AHI\\ahi\\20200526_080237\\../Screenshots/iPhone 6/AHI/Teladoc/20200526_094028/1.png, D:\\Test\\AgileTest\\Reports\\AHI\\ahi\\20200526_080237\\../Screenshots/iPhone 6/AHI/Teladoc/20200526_094028/2.png, D:\\Test\\AgileTest\\Reports\\AHI\\ahi\\20200526_080237\\../Screenshots/iPhone 6/AHI/Teladoc/20200526_094028/3.png, D:\\Test\\AgileTest\\Reports\\AHI\\ahi\\20200526_080237\\../Screenshots/iPhone 6/AHI/Teladoc/20200526_094028/4.png, D:\\Test\\AgileTest\\Reports\\AHI\\ahi\\20200526_080237\\../Screenshots/iPhone 6/AHI/Teladoc/20200526_094028/5.png, D:\\Test\\AgileTest\\Reports\\AHI\\ahi\\20200526_080237\\../Screenshots/iPhone 6/AHI/Teladoc/20200526_094028/6.png"/>
         <property name="hostName" value="Administrator - 172.30.0.53"/>
         <property name="os" value="Windows Server 2012 R2 64bit"/>
         <property name="katalonVersion" value="5.10.1.1"/>
         <property name="browser" value="Safari 11"/>
         <property name="hostAddress" value="172.30.0.53"/>
         <property name="sessionId" value="df7045205635b0adc40cb4f68d072e6e"/>
         <property name="seleniumVersion" value="3.7.1"/>
         <property name="proxyInformation" value="ProxyInformation{proxyOption=NO_PROXY, proxyServerType=HTTP, password=, proxyServerAddress=, proxyServerPort=0}"/>
         <property name="platform" value="Windows Server 2012 R2"/>
      </properties>
      <testcase name="Test Cases/AHI/NEW/ACA Health Insurance" classname="Test Cases/AHI/NEW/ACA Health Insurance" status="ERROR">
         <error type="ERROR" message="Test Cases/AHI/NEW/ACA Health Insurance FAILED.
Reason:
com.thoughtworks.selenium.SeleniumException: Timed out waiting for action to finish
	at com.thoughtworks.selenium.webdriven.Timer.run(Timer.java:46)
	at com.thoughtworks.selenium.webdriven.WebDriverCommandProcessor.execute(WebDriverCommandProcessor.java:150)
	at com.thoughtworks.selenium.webdriven.WebDriverCommandProcessor.doCommand(WebDriverCommandProcessor.java:76)
	at com.thoughtworks.selenium.DefaultSelenium.click(DefaultSelenium.java:198)
	at com.thoughtworks.selenium.Selenium$click.call(Unknown Source)
	at ACA Health Insurance.run(ACA Health Insurance:39)
	at com.kms.katalon.core.main.ScriptEngine.run(ScriptEngine.java:194)
	at com.kms.katalon.core.main.ScriptEngine.runScriptAsRawText(ScriptEngine.java:119)
	at com.kms.katalon.core.main.TestCaseExecutor.runScript(TestCaseExecutor.java:328)
	at com.kms.katalon.core.main.TestCaseExecutor.doExecute(TestCaseExecutor.java:319)
	at com.kms.katalon.core.main.TestCaseExecutor.processExecutionPhase(TestCaseExecutor.java:298)
	at com.kms.katalon.core.main.TestCaseExecutor.accessMainPhase(TestCaseExecutor.java:290)
	at com.kms.katalon.core.main.TestCaseExecutor.execute(TestCaseExecutor.java:224)
	at com.kms.katalon.core.main.TestSuiteExecutor.accessTestCaseMainPhase(TestSuiteExecutor.java:129)
	at com.kms.katalon.core.main.TestSuiteExecutor.accessTestSuiteMainPhase(TestSuiteExecutor.java:112)
	at com.kms.katalon.core.main.TestSuiteExecutor.execute(TestSuiteExecutor.java:81)
	at com.kms.katalon.core.main.TestCaseMain.startTestSuite(TestCaseMain.java:149)
	at com.kms.katalon.core.main.TestCaseMain$startTestSuite$0.call(Unknown Source)
	at TempTestSuite1590494557927.run(TempTestSuite1590494557927.groovy:36)
"/>
         <system-out><![CDATA[2020-05-26 09:02:26 - [TEST_CASE][ERROR] - Test Cases/AHI/NEW/ACA Health Insurance: Test Cases/AHI/NEW/ACA Health Insurance FAILED.
Reason:
com.thoughtworks.selenium.SeleniumException: Timed out waiting for action to finish
	at com.thoughtworks.selenium.webdriven.Timer.run(Timer.java:46)
	at com.thoughtworks.selenium.webdriven.WebDriverCommandProcessor.execute(WebDriverCommandProcessor.java:150)
	at com.thoughtworks.selenium.webdriven.WebDriverCommandProcessor.doCommand(WebDriverCommandProcessor.java:76)
	at com.thoughtworks.selenium.DefaultSelenium.click(DefaultSelenium.java:198)
	at com.thoughtworks.selenium.Selenium$click.call(Unknown Source)
	at ACA Health Insurance.run(ACA Health Insurance:39)
	at com.kms.katalon.core.main.ScriptEngine.run(ScriptEngine.java:194)
	at com.kms.katalon.core.main.ScriptEngine.runScriptAsRawText(ScriptEngine.java:119)
	at com.kms.katalon.core.main.TestCaseExecutor.runScript(TestCaseExecutor.java:328)
	at com.kms.katalon.core.main.TestCaseExecutor.doExecute(TestCaseExecutor.java:319)
	at com.kms.katalon.core.main.TestCaseExecutor.processExecutionPhase(TestCaseExecutor.java:298)
	at com.kms.katalon.core.main.TestCaseExecutor.accessMainPhase(TestCaseExecutor.java:290)
	at com.kms.katalon.core.main.TestCaseExecutor.execute(TestCaseExecutor.java:224)
	at com.kms.katalon.core.main.TestSuiteExecutor.accessTestCaseMainPhase(TestSuiteExecutor.java:129)
	at com.kms.katalon.core.main.TestSuiteExecutor.accessTestSuiteMainPhase(TestSuiteExecutor.java:112)
	at com.kms.katalon.core.main.TestSuiteExecutor.execute(TestSuiteExecutor.java:81)
	at com.kms.katalon.core.main.TestCaseMain.startTestSuite(TestCaseMain.java:149)
	at com.kms.katalon.core.main.TestCaseMain$startTestSuite$0.call(Unknown Source)
	at TempTestSuite1590494557927.run(TempTestSuite1590494557927.groovy:36)


2020-05-26 09:02:34 - [TEST_STEP][PASSED] - callTestCase(findTestCase("AHI/_include/get_screenPath"), ["productLine":"AHI", "carrierName":"ACA Health Insurance"], CONTINUE_ON_FAILURE): Call Test Case 'Test Cases/AHI/_include/get_screenPath' successfully

2020-05-26 09:02:44 - [TEST_CASE][PASSED] - Test Cases/AHI/_include/get_screenPath: Test Cases/AHI/_include/get_screenPath

2020-05-26 09:02:48 - [TEST_STEP][PASSED] - m = getExecutionProperties(): null

2020-05-26 09:02:48 - [TEST_STEP][PASSED] - deviceName = get("mobileEmulation").get("deviceName"): null

2020-05-26 09:02:48 - [TEST_STEP][PASSED] - println(deviceName): null

2020-05-26 09:02:48 - [TEST_STEP][PASSED] - now = new java.util.Date(): null

2020-05-26 09:02:49 - [TEST_STEP][PASSED] - mydate = now.format("yyyyMMdd_HHmmss"): null

2020-05-26 09:02:49 - [TEST_STEP][PASSED] - screenPath = "../Screenshots/": null

2020-05-26 09:02:49 - [TEST_STEP][PASSED] - screenPath = screenPath + deviceName + "/" + productLine + "/" + carrierName + "/" + mydate + "/": null

2020-05-26 09:02:49 - [TEST_STEP][PASSED] - println(screenPath): null

2020-05-26 09:02:49 - [MESSAGE][PASSED] - Call Test Case 'Test Cases/AHI/_include/get_screenPath' successfully

2020-05-26 09:02:49 - [TEST_STEP][PASSED] - i = 0: null

2020-05-26 09:02:49 - [TEST_STEP][PASSED] - callTestCase(findTestCase("AHI/_include/openWebSite"), [:], CONTINUE_ON_FAILURE): Call Test Case 'Test Cases/AHI/_include/openWebSite' successfully

2020-05-26 09:02:49 - [TEST_CASE][PASSED] - Test Cases/AHI/_include/openWebSite: Test Cases/AHI/_include/openWebSite

2020-05-26 09:02:50 - [TEST_STEP][PASSED] - openBrowser(env): Browser is opened with url: 'https://praetemptatus.agilehealthinsurance.com'

2020-05-26 09:03:01 - [MESSAGE][INFO] - Starting 'Chrome' driver

2020-05-26 09:03:02 - [MESSAGE][INFO] - User set preference: ['mobileEmulation', '{deviceName=iPhone 6}']

2020-05-26 09:03:02 - [MESSAGE][INFO] - User set preference: ['args', '[--incognito, --aggressive-cache-discard, --window-size=375,677, --no-sandbox, --ignore-certificate-errors]']

2020-05-26 09:03:02 - [MESSAGE][INFO] - Action delay is set to 0 seconds

2020-05-26 09:04:35 - [MESSAGE][PASSED] - Browser is opened with url: 'https://praetemptatus.agilehealthinsurance.com'

2020-05-26 09:04:35 - [TEST_STEP][PASSED] - waitForPageLoad(20): Wait for page load successfully

2020-05-26 09:05:06 - [MESSAGE][PASSED] - Wait for page load successfully

2020-05-26 09:05:06 - [TEST_STEP][PASSED] - callTestCase(findTestCase("AHI/_include/get_screenshot"), [:], STOP_ON_FAILURE): Call Test Case 'Test Cases/AHI/_include/get_screenshot' successfully

2020-05-26 09:05:06 - [TEST_CASE][PASSED] - Test Cases/AHI/_include/get_screenshot: Test Cases/AHI/_include/get_screenshot

2020-05-26 09:05:10 - [TEST_STEP][PASSED] - Thread.sleep(1000): null

2020-05-26 09:05:12 - [TEST_STEP][PASSED] - takeScreenshot(screenPath + i + ".png"): Taking screenshot successfully

2020-05-26 09:05:19 - [MESSAGE][PASSED] - Taking screenshot successfully
[[ATTACHMENT|D:\\Test\\AgileTest\\Reports\\AHI\\ahi\\20200526_080237\\../Screenshots/iPhone 6/AHI/ACA Health Insurance/20200526_090249/0.png]]

2020-05-26 09:05:19 - [TEST_STEP][PASSED] - (internal.GlobalVariable.i++): null

2020-05-26 09:05:19 - [MESSAGE][PASSED] - Call Test Case 'Test Cases/AHI/_include/get_screenshot' successfully

2020-05-26 09:05:19 - [MESSAGE][PASSED] - Call Test Case 'Test Cases/AHI/_include/openWebSite' successfully

2020-05-26 09:05:19 - [TEST_STEP][PASSED] - driver = getWebDriver(): null

2020-05-26 09:05:19 - [TEST_STEP][PASSED] - baseUrl = ENV: null

2020-05-26 09:05:19 - [TEST_STEP][PASSED] - selenium = new com.thoughtworks.selenium.webdriven.WebDriverBackedSelenium(driver, baseUrl): null

2020-05-26 09:05:20 - [TEST_STEP][PASSED] - selenium.click("//*[@class='filter-option-inner-inner']"): null

2020-05-26 09:05:23 - [TEST_STEP][PASSED] - selenium.click("id=bs-select-1-0"): null

2020-05-26 09:05:26 - [TEST_STEP][ERROR] - selenium.click("id=primaryCTA"): selenium.click("id=primaryCTA") FAILED.
Reason:
com.thoughtworks.selenium.SeleniumException: Timed out waiting for action to finish
	at com.thoughtworks.selenium.webdriven.Timer.run(Timer.java:46)
	at com.thoughtworks.selenium.webdriven.WebDriverCommandProcessor.execute(WebDriverCommandProcessor.java:150)
	at com.thoughtworks.selenium.webdriven.WebDriverCommandProcessor.doCommand(WebDriverCommandProcessor.java:76)
	at com.thoughtworks.selenium.DefaultSelenium.click(DefaultSelenium.java:198)
	at com.thoughtworks.selenium.Selenium$click.call(Unknown Source)
	at ACA Health Insurance.run(ACA Health Insurance:39)
	at com.kms.katalon.core.main.ScriptEngine.run(ScriptEngine.java:194)
	at com.kms.katalon.core.main.ScriptEngine.runScriptAsRawText(ScriptEngine.java:119)
	at com.kms.katalon.core.main.TestCaseExecutor.runScript(TestCaseExecutor.java:328)
	at com.kms.katalon.core.main.TestCaseExecutor.doExecute(TestCaseExecutor.java:319)
	at com.kms.katalon.core.main.TestCaseExecutor.processExecutionPhase(TestCaseExecutor.java:298)
	at com.kms.katalon.core.main.TestCaseExecutor.accessMainPhase(TestCaseExecutor.java:290)
	at com.kms.katalon.core.main.TestCaseExecutor.execute(TestCaseExecutor.java:224)
	at com.kms.katalon.core.main.TestSuiteExecutor.accessTestCaseMainPhase(TestSuiteExecutor.java:129)
	at com.kms.katalon.core.main.TestSuiteExecutor.accessTestSuiteMainPhase(TestSuiteExecutor.java:112)
	at com.kms.katalon.core.main.TestSuiteExecutor.execute(TestSuiteExecutor.java:81)
	at com.kms.katalon.core.main.TestCaseMain.startTestSuite(TestCaseMain.java:149)
	at com.kms.katalon.core.main.TestCaseMain$startTestSuite$0.call(Unknown Source)
	at TempTestSuite1590494557927.run(TempTestSuite1590494557927.groovy:36)


2020-05-26 09:06:05 - [MESSAGE][ERROR] - selenium.click("id=primaryCTA") FAILED.
Reason:
com.thoughtworks.selenium.SeleniumException: Timed out waiting for action to finish
	at com.thoughtworks.selenium.webdriven.Timer.run(Timer.java:46)
	at com.thoughtworks.selenium.webdriven.WebDriverCommandProcessor.execute(WebDriverCommandProcessor.java:150)
	at com.thoughtworks.selenium.webdriven.WebDriverCommandProcessor.doCommand(WebDriverCommandProcessor.java:76)
	at com.thoughtworks.selenium.DefaultSelenium.click(DefaultSelenium.java:198)
	at com.thoughtworks.selenium.Selenium$click.call(Unknown Source)
	at ACA Health Insurance.run(ACA Health Insurance:39)
	at com.kms.katalon.core.main.ScriptEngine.run(ScriptEngine.java:194)
	at com.kms.katalon.core.main.ScriptEngine.runScriptAsRawText(ScriptEngine.java:119)
	at com.kms.katalon.core.main.TestCaseExecutor.runScript(TestCaseExecutor.java:328)
	at com.kms.katalon.core.main.TestCaseExecutor.doExecute(TestCaseExecutor.java:319)
	at com.kms.katalon.core.main.TestCaseExecutor.processExecutionPhase(TestCaseExecutor.java:298)
	at com.kms.katalon.core.main.TestCaseExecutor.accessMainPhase(TestCaseExecutor.java:290)
	at com.kms.katalon.core.main.TestCaseExecutor.execute(TestCaseExecutor.java:224)
	at com.kms.katalon.core.main.TestSuiteExecutor.accessTestCaseMainPhase(TestSuiteExecutor.java:129)
	at com.kms.katalon.core.main.TestSuiteExecutor.accessTestSuiteMainPhase(TestSuiteExecutor.java:112)
	at com.kms.katalon.core.main.TestSuiteExecutor.execute(TestSuiteExecutor.java:81)
	at com.kms.katalon.core.main.TestCaseMain.startTestSuite(TestCaseMain.java:149)
	at com.kms.katalon.core.main.TestCaseMain$startTestSuite$0.call(Unknown Source)
	at TempTestSuite1590494557927.run(TempTestSuite1590494557927.groovy:36)]]></system-out>
         <system-err><![CDATA[2020-05-26 09:02:26 - [TEST_CASE][ERROR] - Test Cases/AHI/NEW/ACA Health Insurance: Test Cases/AHI/NEW/ACA Health Insurance FAILED.
Reason:
com.thoughtworks.selenium.SeleniumException: Timed out waiting for action to finish
	at com.thoughtworks.selenium.webdriven.Timer.run(Timer.java:46)
	at com.thoughtworks.selenium.webdriven.WebDriverCommandProcessor.execute(WebDriverCommandProcessor.java:150)
	at com.thoughtworks.selenium.webdriven.WebDriverCommandProcessor.doCommand(WebDriverCommandProcessor.java:76)
	at com.thoughtworks.selenium.DefaultSelenium.click(DefaultSelenium.java:198)
	at com.thoughtworks.selenium.Selenium$click.call(Unknown Source)
	at ACA Health Insurance.run(ACA Health Insurance:39)
	at com.kms.katalon.core.main.ScriptEngine.run(ScriptEngine.java:194)
	at com.kms.katalon.core.main.ScriptEngine.runScriptAsRawText(ScriptEngine.java:119)
	at com.kms.katalon.core.main.TestCaseExecutor.runScript(TestCaseExecutor.java:328)
	at com.kms.katalon.core.main.TestCaseExecutor.doExecute(TestCaseExecutor.java:319)
	at com.kms.katalon.core.main.TestCaseExecutor.processExecutionPhase(TestCaseExecutor.java:298)
	at com.kms.katalon.core.main.TestCaseExecutor.accessMainPhase(TestCaseExecutor.java:290)
	at com.kms.katalon.core.main.TestCaseExecutor.execute(TestCaseExecutor.java:224)
	at com.kms.katalon.core.main.TestSuiteExecutor.accessTestCaseMainPhase(TestSuiteExecutor.java:129)
	at com.kms.katalon.core.main.TestSuiteExecutor.accessTestSuiteMainPhase(TestSuiteExecutor.java:112)
	at com.kms.katalon.core.main.TestSuiteExecutor.execute(TestSuiteExecutor.java:81)
	at com.kms.katalon.core.main.TestCaseMain.startTestSuite(TestCaseMain.java:149)
	at com.kms.katalon.core.main.TestCaseMain$startTestSuite$0.call(Unknown Source)
	at TempTestSuite1590494557927.run(TempTestSuite1590494557927.groovy:36)]]></system-err>
      </testcase>
      <testcase name="Test Cases/AHI/NEW/Cancer Insurance" classname="Test Cases/AHI/NEW/Cancer Insurance" status="PASSED">
         <system-out><![CDATA[2020-05-26 09:06:05 - [TEST_CASE][PASSED] - Test Cases/AHI/NEW/Cancer Insurance: Test Cases/AHI/NEW/Cancer Insurance

2020-05-26 09:06:08 - [TEST_STEP][PASSED] - callTestCase(findTestCase("AHI/_include/get_screenPath"), ["productLine":"AHI", "carrierName":"Cancer Insurance"], CONTINUE_ON_FAILURE): Call Test Case 'Test Cases/AHI/_include/get_screenPath' successfully

2020-05-26 09:06:08 - [TEST_CASE][PASSED] - Test Cases/AHI/_include/get_screenPath: Test Cases/AHI/_include/get_screenPath

2020-05-26 09:06:08 - [TEST_STEP][PASSED] - m = getExecutionProperties(): null

2020-05-26 09:06:08 - [TEST_STEP][PASSED] - deviceName = get("mobileEmulation").get("deviceName"): null

2020-05-26 09:06:08 - [TEST_STEP][PASSED] - println(deviceName): null

2020-05-26 09:06:08 - [TEST_STEP][PASSED] - now = new java.util.Date(): null

2020-05-26 09:06:08 - [TEST_STEP][PASSED] - mydate = now.format("yyyyMMdd_HHmmss"): null

2020-05-26 09:06:08 - [TEST_STEP][PASSED] - screenPath = "../Screenshots/": null

2020-05-26 09:06:08 - [TEST_STEP][PASSED] - screenPath = screenPath + deviceName + "/" + productLine + "/" + carrierName + "/" + mydate + "/": null

2020-05-26 09:06:08 - [TEST_STEP][PASSED] - println(screenPath): null

2020-05-26 09:06:08 - [MESSAGE][PASSED] - Call Test Case 'Test Cases/AHI/_include/get_screenPath' successfully

2020-05-26 09:06:08 - [TEST_STEP][PASSED] - i = 0: null

2020-05-26 09:06:08 - [TEST_STEP][PASSED] - callTestCase(findTestCase("AHI/_include/openWebSite"), [:], CONTINUE_ON_FAILURE): Call Test Case 'Test Cases/AHI/_include/openWebSite' successfully

2020-05-26 09:06:08 - [TEST_CASE][PASSED] - Test Cases/AHI/_include/openWebSite: Test Cases/AHI/_include/openWebSite

2020-05-26 09:06:08 - [TEST_STEP][PASSED] - openBrowser(env): Browser is opened with url: 'https://praetemptatus.agilehealthinsurance.com'

2020-05-26 09:06:08 - [MESSAGE][WARNING] - A browser is already opened. Closing browser and opening a new one

2020-05-26 09:06:15 - [MESSAGE][INFO] - Starting 'Chrome' driver

2020-05-26 09:06:15 - [MESSAGE][INFO] - User set preference: ['mobileEmulation', '{deviceName=iPhone 6}']

2020-05-26 09:06:15 - [MESSAGE][INFO] - User set preference: ['args', '[--incognito, --aggressive-cache-discard, --window-size=375,677, --no-sandbox, --ignore-certificate-errors]']

2020-05-26 09:07:00 - [MESSAGE][PASSED] - Browser is opened with url: 'https://praetemptatus.agilehealthinsurance.com'

2020-05-26 09:07:00 - [TEST_STEP][PASSED] - waitForPageLoad(20): Wait for page load successfully

2020-05-26 09:07:01 - [MESSAGE][PASSED] - Wait for page load successfully

2020-05-26 09:07:01 - [TEST_STEP][PASSED] - callTestCase(findTestCase("AHI/_include/get_screenshot"), [:], STOP_ON_FAILURE): Call Test Case 'Test Cases/AHI/_include/get_screenshot' successfully

2020-05-26 09:07:01 - [TEST_CASE][PASSED] - Test Cases/AHI/_include/get_screenshot: Test Cases/AHI/_include/get_screenshot

2020-05-26 09:07:01 - [TEST_STEP][PASSED] - Thread.sleep(1000): null

2020-05-26 09:07:02 - [TEST_STEP][PASSED] - takeScreenshot(screenPath + i + ".png"): Taking screenshot successfully

2020-05-26 09:07:19 - [MESSAGE][PASSED] - Taking screenshot successfully
[[ATTACHMENT|D:\\Test\\AgileTest\\Reports\\AHI\\ahi\\20200526_080237\\../Screenshots/iPhone 6/AHI/Cancer Insurance/20200526_090608/0.png]]

2020-05-26 09:07:19 - [TEST_STEP][PASSED] - (internal.GlobalVariable.i++): null

2020-05-26 09:07:19 - [MESSAGE][PASSED] - Call Test Case 'Test Cases/AHI/_include/get_screenshot' successfully

2020-05-26 09:07:19 - [MESSAGE][PASSED] - Call Test Case 'Test Cases/AHI/_include/openWebSite' successfully

2020-05-26 09:07:19 - [TEST_STEP][PASSED] - driver = getWebDriver(): null

2020-05-26 09:07:19 - [TEST_STEP][PASSED] - baseUrl = ENV: null

2020-05-26 09:07:19 - [TEST_STEP][PASSED] - selenium = new com.thoughtworks.selenium.webdriven.WebDriverBackedSelenium(driver, baseUrl): null

2020-05-26 09:07:20 - [TEST_STEP][PASSED] - selenium.click("//*[@class='filter-option-inner-inner']"): null

2020-05-26 09:07:21 - [TEST_STEP][PASSED] - selenium.click("id=bs-select-1-1"): null

2020-05-26 09:07:24 - [TEST_STEP][PASSED] - selenium.click("id=primaryCTA"): null

2020-05-26 09:07:43 - [TEST_STEP][PASSED] - for ([second = 0, second < 20, (second++)]): null

2020-05-26 09:07:43 - [TEST_STEP][PASSED] - try: null

2020-05-26 09:07:43 - [TEST_STEP][PASSED] - if (selenium.isElementPresent("id=zip-input")): null

2020-05-26 09:07:52 - [TEST_STEP][PASSED] - break: null

2020-05-26 09:07:52 - [TEST_STEP][PASSED] - callTestCase(findTestCase("AHI/_include/get_screenshot"), [:], STOP_ON_FAILURE): Call Test Case 'Test Cases/AHI/_include/get_screenshot' successfully

2020-05-26 09:07:52 - [TEST_CASE][PASSED] - Test Cases/AHI/_include/get_screenshot: Test Cases/AHI/_include/get_screenshot

2020-05-26 09:07:52 - [TEST_STEP][PASSED] - Thread.sleep(1000): null

2020-05-26 09:07:53 - [TEST_STEP][PASSED] - takeScreenshot(screenPath + i + ".png"): Taking screenshot successfully

2020-05-26 09:07:56 - [MESSAGE][PASSED] - Taking screenshot successfully
[[ATTACHMENT|D:\\Test\\AgileTest\\Reports\\AHI\\ahi\\20200526_080237\\../Screenshots/iPhone 6/AHI/Cancer Insurance/20200526_090608/1.png]]

2020-05-26 09:07:56 - [TEST_STEP][PASSED] - (internal.GlobalVariable.i++): null

2020-05-26 09:07:56 - [MESSAGE][PASSED] - Call Test Case 'Test Cases/AHI/_include/get_screenshot' successfully

2020-05-26 09:07:56 - [TEST_STEP][PASSED] - sendKeys(findTestObject("mobileSanity/Cancer Insurance/zip"), "35216"): Keys '35216' sent to object: 'Object Repository/mobileSanity/Cancer Insurance/zip'

2020-05-26 09:08:04 - [MESSAGE][PASSED] - Keys '35216' sent to object: 'Object Repository/mobileSanity/Cancer Insurance/zip'

2020-05-26 09:08:04 - [TEST_STEP][PASSED] - sendKeys(findTestObject("mobileSanity/Cancer Insurance/dob-0"), "01/01/1990"): Keys '01/01/1990' sent to object: 'Object Repository/mobileSanity/Cancer Insurance/dob-0'

2020-05-26 09:08:14 - [MESSAGE][PASSED] - Keys '01/01/1990' sent to object: 'Object Repository/mobileSanity/Cancer Insurance/dob-0'

2020-05-26 09:08:14 - [TEST_STEP][PASSED] - Thread.sleep(2000): null

2020-05-26 09:08:16 - [TEST_STEP][PASSED] - selenium.click("//label[@for='gender-m-0']"): null

2020-05-26 09:08:27 - [TEST_STEP][PASSED] - Thread.sleep(3000): null

2020-05-26 09:08:30 - [TEST_STEP][PASSED] - selenium.click("id=js-see-plans"): null

2020-05-26 09:08:44 - [TEST_STEP][PASSED] - for ([second = 0, second < 20, (second++)]): null

2020-05-26 09:08:44 - [TEST_STEP][PASSED] - try: null

2020-05-26 09:08:44 - [TEST_STEP][PASSED] - if (selenium.isElementPresent("xpath=//h1[contains(text(),'3 Cancer Insurance Policies Found')]")): null

2020-05-26 09:08:47 - [TEST_STEP][PASSED] - Thread.sleep(1000): null

2020-05-26 09:08:48 - [TEST_STEP][PASSED] - try: null

2020-05-26 09:08:48 - [TEST_STEP][PASSED] - if (selenium.isElementPresent("xpath=//h1[contains(text(),'3 Cancer Insurance Policies Found')]")): null

2020-05-26 09:08:55 - [TEST_STEP][PASSED] - Thread.sleep(1000): null

2020-05-26 09:08:56 - [TEST_STEP][PASSED] - try: null

2020-05-26 09:08:56 - [TEST_STEP][PASSED] - if (selenium.isElementPresent("xpath=//h1[contains(text(),'3 Cancer Insurance Policies Found')]")): null

2020-05-26 09:08:56 - [TEST_STEP][PASSED] - Thread.sleep(1000): null

2020-05-26 09:08:57 - [TEST_STEP][PASSED] - try: null

2020-05-26 09:08:57 - [TEST_STEP][PASSED] - if (selenium.isElementPresent("xpath=//h1[contains(text(),'3 Cancer Insurance Policies Found')]")): null

2020-05-26 09:09:01 - [TEST_STEP][PASSED] - Thread.sleep(1000): null

2020-05-26 09:09:02 - [TEST_STEP][PASSED] - try: null

2020-05-26 09:09:02 - [TEST_STEP][PASSED] - if (selenium.isElementPresent("xpath=//h1[contains(text(),'3 Cancer Insurance Policies Found')]")): null

2020-05-26 09:09:02 - [TEST_STEP][PASSED] - Thread.sleep(1000): null

2020-05-26 09:09:04 - [TEST_STEP][PASSED] - try: null

2020-05-26 09:09:04 - [TEST_STEP][PASSED] - if (selenium.isElementPresent("xpath=//h1[contains(text(),'3 Cancer Insurance Policies Found')]")): null

2020-05-26 09:09:04 - [TEST_STEP][PASSED] - Thread.sleep(1000): null

2020-05-26 09:09:05 - [TEST_STEP][PASSED] - try: null

2020-05-26 09:09:05 - [TEST_STEP][PASSED] - if (selenium.isElementPresent("xpath=//h1[contains(text(),'3 Cancer Insurance Policies Found')]")): null

2020-05-26 09:09:05 - [TEST_STEP][PASSED] - Thread.sleep(1000): null

2020-05-26 09:09:06 - [TEST_STEP][PASSED] - try: null

2020-05-26 09:09:06 - [TEST_STEP][PASSED] - if (selenium.isElementPresent("xpath=//h1[contains(text(),'3 Cancer Insurance Policies Found')]")): null

2020-05-26 09:09:08 - [TEST_STEP][PASSED] - Thread.sleep(1000): null

2020-05-26 09:09:10 - [TEST_STEP][PASSED] - try: null

2020-05-26 09:09:10 - [TEST_STEP][PASSED] - if (selenium.isElementPresent("xpath=//h1[contains(text(),'3 Cancer Insurance Policies Found')]")): null

2020-05-26 09:09:15 - [TEST_STEP][PASSED] - Thread.sleep(1000): null

2020-05-26 09:09:17 - [TEST_STEP][PASSED] - try: null

2020-05-26 09:09:17 - [TEST_STEP][PASSED] - if (selenium.isElementPresent("xpath=//h1[contains(text(),'3 Cancer Insurance Policies Found')]")): null

2020-05-26 09:09:19 - [TEST_STEP][PASSED] - Thread.sleep(1000): null

2020-05-26 09:09:20 - [TEST_STEP][PASSED] - try: null

2020-05-26 09:09:20 - [TEST_STEP][PASSED] - if (selenium.isElementPresent("xpath=//h1[contains(text(),'3 Cancer Insurance Policies Found')]")): null

2020-05-26 09:09:21 - [TEST_STEP][PASSED] - Thread.sleep(1000): null

2020-05-26 09:09:22 - [TEST_STEP][PASSED] - try: null

2020-05-26 09:09:22 - [TEST_STEP][PASSED] - if (selenium.isElementPresent("xpath=//h1[contains(text(),'3 Cancer Insurance Policies Found')]")): null

2020-05-26 09:09:24 - [TEST_STEP][PASSED] - Thread.sleep(1000): null

2020-05-26 09:09:25 - [TEST_STEP][PASSED] - try: null

2020-05-26 09:09:25 - [TEST_STEP][PASSED] - if (selenium.isElementPresent("xpath=//h1[contains(text(),'3 Cancer Insurance Policies Found')]")): null

2020-05-26 09:09:25 - [TEST_STEP][PASSED] - Thread.sleep(1000): null

2020-05-26 09:09:26 - [TEST_STEP][PASSED] - try: null

2020-05-26 09:09:26 - [TEST_STEP][PASSED] - if (selenium.isElementPresent("xpath=//h1[contains(text(),'3 Cancer Insurance Policies Found')]")): null

2020-05-26 09:09:27 - [TEST_STEP][PASSED] - Thread.sleep(1000): null

2020-05-26 09:09:28 - [TEST_STEP][PASSED] - try: null

2020-05-26 09:09:28 - [TEST_STEP][PASSED] - if (selenium.isElementPresent("xpath=//h1[contains(text(),'3 Cancer Insurance Policies Found')]")): null

2020-05-26 09:09:30 - [TEST_STEP][PASSED] - Thread.sleep(1000): null

2020-05-26 09:09:31 - [TEST_STEP][PASSED] - try: null

2020-05-26 09:09:31 - [TEST_STEP][PASSED] - if (selenium.isElementPresent("xpath=//h1[contains(text(),'3 Cancer Insurance Policies Found')]")): null

2020-05-26 09:09:33 - [TEST_STEP][PASSED] - Thread.sleep(1000): null

2020-05-26 09:09:34 - [TEST_STEP][PASSED] - try: null

2020-05-26 09:09:34 - [TEST_STEP][PASSED] - if (selenium.isElementPresent("xpath=//h1[contains(text(),'3 Cancer Insurance Policies Found')]")): null

2020-05-26 09:09:35 - [TEST_STEP][PASSED] - Thread.sleep(1000): null

2020-05-26 09:09:36 - [TEST_STEP][PASSED] - try: null

2020-05-26 09:09:36 - [TEST_STEP][PASSED] - if (selenium.isElementPresent("xpath=//h1[contains(text(),'3 Cancer Insurance Policies Found')]")): null

2020-05-26 09:09:37 - [TEST_STEP][PASSED] - Thread.sleep(1000): null

2020-05-26 09:09:38 - [TEST_STEP][PASSED] - try: null

2020-05-26 09:09:38 - [TEST_STEP][PASSED] - if (selenium.isElementPresent("xpath=//h1[contains(text(),'3 Cancer Insurance Policies Found')]")): null

2020-05-26 09:09:38 - [TEST_STEP][PASSED] - Thread.sleep(1000): null

2020-05-26 09:09:40 - [TEST_STEP][PASSED] - try: null

2020-05-26 09:09:40 - [TEST_STEP][PASSED] - if (selenium.isElementPresent("xpath=//h1[contains(text(),'3 Cancer Insurance Policies Found')]")): null

2020-05-26 09:09:40 - [TEST_STEP][PASSED] - Thread.sleep(1000): null

2020-05-26 09:09:42 - [TEST_STEP][PASSED] - callTestCase(findTestCase("AHI/_include/get_screenshot"), [:], STOP_ON_FAILURE): Call Test Case 'Test Cases/AHI/_include/get_screenshot' successfully

2020-05-26 09:09:42 - [TEST_CASE][PASSED] - Test Cases/AHI/_include/get_screenshot: Test Cases/AHI/_include/get_screenshot

2020-05-26 09:09:42 - [TEST_STEP][PASSED] - Thread.sleep(1000): null

2020-05-26 09:09:43 - [TEST_STEP][PASSED] - takeScreenshot(screenPath + i + ".png"): Taking screenshot successfully

2020-05-26 09:09:44 - [MESSAGE][PASSED] - Taking screenshot successfully
[[ATTACHMENT|D:\\Test\\AgileTest\\Reports\\AHI\\ahi\\20200526_080237\\../Screenshots/iPhone 6/AHI/Cancer Insurance/20200526_090608/2.png]]

2020-05-26 09:09:44 - [TEST_STEP][PASSED] - (internal.GlobalVariable.i++): null

2020-05-26 09:09:44 - [MESSAGE][PASSED] - Call Test Case 'Test Cases/AHI/_include/get_screenshot' successfully

2020-05-26 09:09:44 - [TEST_STEP][PASSED] - selenium.click("xpath=(//a[contains(text(),'Option 1')])[1]"): null

2020-05-26 09:09:51 - [TEST_STEP][PASSED] - for ([second = 0, second < 20, (second++)]): null

2020-05-26 09:09:51 - [TEST_STEP][PASSED] - try: null

2020-05-26 09:09:51 - [TEST_STEP][PASSED] - if (selenium.isElementPresent("id=plan-details-primary-apply")): null

2020-05-26 09:10:00 - [TEST_STEP][PASSED] - break: null

2020-05-26 09:10:00 - [TEST_STEP][PASSED] - callTestCase(findTestCase("AHI/_include/get_screenshot"), [:], STOP_ON_FAILURE): Call Test Case 'Test Cases/AHI/_include/get_screenshot' successfully

2020-05-26 09:10:00 - [TEST_CASE][PASSED] - Test Cases/AHI/_include/get_screenshot: Test Cases/AHI/_include/get_screenshot

2020-05-26 09:10:00 - [TEST_STEP][PASSED] - Thread.sleep(1000): null

2020-05-26 09:10:02 - [TEST_STEP][PASSED] - takeScreenshot(screenPath + i + ".png"): Taking screenshot successfully

2020-05-26 09:10:03 - [MESSAGE][PASSED] - Taking screenshot successfully
[[ATTACHMENT|D:\\Test\\AgileTest\\Reports\\AHI\\ahi\\20200526_080237\\../Screenshots/iPhone 6/AHI/Cancer Insurance/20200526_090608/3.png]]

2020-05-26 09:10:03 - [TEST_STEP][PASSED] - (internal.GlobalVariable.i++): null

2020-05-26 09:10:03 - [MESSAGE][PASSED] - Call Test Case 'Test Cases/AHI/_include/get_screenshot' successfully

2020-05-26 09:10:03 - [TEST_STEP][PASSED] - selenium.click("id=plan-details-primary-apply"): null

2020-05-26 09:10:05 - [TEST_STEP][PASSED] - for ([second = 0, second < 20, (second++)]): null

2020-05-26 09:10:05 - [TEST_STEP][PASSED] - try: null

2020-05-26 09:10:05 - [TEST_STEP][PASSED] - if (selenium.isElementPresent("id=applyButton")): null

2020-05-26 09:10:11 - [TEST_STEP][PASSED] - break: null

2020-05-26 09:10:11 - [TEST_STEP][PASSED] - callTestCase(findTestCase("AHI/_include/get_screenshot"), [:], STOP_ON_FAILURE): Call Test Case 'Test Cases/AHI/_include/get_screenshot' successfully

2020-05-26 09:10:11 - [TEST_CASE][PASSED] - Test Cases/AHI/_include/get_screenshot: Test Cases/AHI/_include/get_screenshot

2020-05-26 09:10:11 - [TEST_STEP][PASSED] - Thread.sleep(1000): null

2020-05-26 09:10:12 - [TEST_STEP][PASSED] - takeScreenshot(screenPath + i + ".png"): Taking screenshot successfully

2020-05-26 09:10:16 - [MESSAGE][PASSED] - Taking screenshot successfully
[[ATTACHMENT|D:\\Test\\AgileTest\\Reports\\AHI\\ahi\\20200526_080237\\../Screenshots/iPhone 6/AHI/Cancer Insurance/20200526_090608/4.png]]

2020-05-26 09:10:16 - [TEST_STEP][PASSED] - (internal.GlobalVariable.i++): null

2020-05-26 09:10:16 - [MESSAGE][PASSED] - Call Test Case 'Test Cases/AHI/_include/get_screenshot' successfully

2020-05-26 09:10:16 - [TEST_STEP][PASSED] - selenium.click("id=applyButton"): null

2020-05-26 09:10:27 - [TEST_STEP][PASSED] - for ([second = 0, second < 20, (second++)]): null

2020-05-26 09:10:27 - [TEST_STEP][PASSED] - try: null

2020-05-26 09:10:27 - [TEST_STEP][PASSED] - if (selenium.isElementPresent("id=member-P-1-firstName")): null

2020-05-26 09:10:30 - [TEST_STEP][PASSED] - break: null

2020-05-26 09:10:31 - [TEST_STEP][PASSED] - callTestCase(findTestCase("AHI/_include/get_screenshot"), [:], STOP_ON_FAILURE): Call Test Case 'Test Cases/AHI/_include/get_screenshot' successfully

2020-05-26 09:10:31 - [TEST_CASE][PASSED] - Test Cases/AHI/_include/get_screenshot: Test Cases/AHI/_include/get_screenshot

2020-05-26 09:10:31 - [TEST_STEP][PASSED] - Thread.sleep(1000): null

2020-05-26 09:10:32 - [TEST_STEP][PASSED] - takeScreenshot(screenPath + i + ".png"): Taking screenshot successfully

2020-05-26 09:10:34 - [MESSAGE][PASSED] - Taking screenshot successfully
[[ATTACHMENT|D:\\Test\\AgileTest\\Reports\\AHI\\ahi\\20200526_080237\\../Screenshots/iPhone 6/AHI/Cancer Insurance/20200526_090608/5.png]]

2020-05-26 09:10:34 - [TEST_STEP][PASSED] - (internal.GlobalVariable.i++): null

2020-05-26 09:10:34 - [MESSAGE][PASSED] - Call Test Case 'Test Cases/AHI/_include/get_screenshot' successfully

2020-05-26 09:10:34 - [TEST_STEP][PASSED] - callTestCase(findTestCase("AHI/_include/name"), [:], STOP_ON_FAILURE): Call Test Case 'Test Cases/AHI/_include/name' successfully

2020-05-26 09:10:34 - [TEST_CASE][PASSED] - Test Cases/AHI/_include/name: Test Cases/AHI/_include/name

2020-05-26 09:10:38 - [TEST_STEP][PASSED] - driver = getWebDriver(): null

2020-05-26 09:10:38 - [TEST_STEP][PASSED] - selenium = new com.thoughtworks.selenium.webdriven.WebDriverBackedSelenium(driver, internal.GlobalVariable.ENV): null

2020-05-26 09:10:40 - [TEST_STEP][PASSED] - FirstName = "Test-123": null

2020-05-26 09:10:40 - [TEST_STEP][PASSED] - LastName = selenium.getEval("{var x="ABCDEFGHIJKLMNOPQRSTUVWXYZabcdefghijklmnopqrstuvwxyz"; var tmp="ZZ11-"; for (i=0;i<8;i++) tmp+=x.charAt(Math.ceil(51*Math.random()));tmp;}"): null

2020-05-26 09:10:41 - [TEST_STEP][PASSED] - Address = selenium.getEval("{var x="ABCDEFGHIJKLMNOPQRSTUVWXYZabcdefghijklmnopqrstuvwxyz"; var tmp=""; for (i=0;i<8;i++) tmp+=x.charAt(Math.ceil(51*Math.random()));tmp;}"): null

2020-05-26 09:10:42 - [TEST_STEP][PASSED] - City = selenium.getEval("{var x="ABCDEFGHIJKLMNOPQRSTUVWXYZabcdefghijklmnopqrstuvwxyz"; var tmp=""; for (i=0;i<8;i++) tmp+=x.charAt(Math.ceil(51*Math.random()));tmp;}"): null

2020-05-26 09:10:47 - [TEST_STEP][PASSED] - tel1 = selenium.getEval("{var x="123456789"; var tmp=""; for (i=0;i<3;i++) tmp+=x.charAt(Math.ceil(8*Math.random()));tmp;}"): null

2020-05-26 09:10:51 - [TEST_STEP][PASSED] - tel2 = selenium.getEval("{var x="123456789"; var tmp=""; for (i=0;i<3;i++) tmp+=x.charAt(Math.ceil(8*Math.random()));tmp;}"): null

2020-05-26 09:10:51 - [TEST_STEP][PASSED] - tel3 = selenium.getEval("{var x="123456789"; var tmp=""; for (i=0;i<4;i++) tmp+=x.charAt(Math.ceil(8*Math.random()));tmp;}"): null

2020-05-26 09:10:51 - [TEST_STEP][PASSED] - Tel = selenium.getExpression(tel1 + "-" + tel2 + "-" + tel3): null

2020-05-26 09:10:51 - [TEST_STEP][PASSED] - AutoEmail = selenium.getEval("{var x="ABCDEFGHIJKLMNOPQRSTUVWXYZabcdefghijklmnopqrstuvwxyz"; var tmp="test."; for (i=0;i<8;i++) tmp+=x.charAt(Math.ceil(51*Math.random()));tmp+="@suryani.cn";}"): null

2020-05-26 09:10:51 - [TEST_STEP][PASSED] - FirstName = FirstName: null

2020-05-26 09:10:51 - [TEST_STEP][PASSED] - LastName = LastName: null

2020-05-26 09:10:51 - [TEST_STEP][PASSED] - Address = Address: null

2020-05-26 09:10:51 - [TEST_STEP][PASSED] - City = City: null

2020-05-26 09:10:51 - [TEST_STEP][PASSED] - Tel = Tel: null

2020-05-26 09:10:51 - [TEST_STEP][PASSED] - AutoEmail = AutoEmail: null

2020-05-26 09:10:51 - [TEST_STEP][PASSED] - println(FirstName): null

2020-05-26 09:10:51 - [TEST_STEP][PASSED] - println(LastName): null

2020-05-26 09:10:51 - [TEST_STEP][PASSED] - println(Address): null

2020-05-26 09:10:51 - [TEST_STEP][PASSED] - println(City): null

2020-05-26 09:10:51 - [TEST_STEP][PASSED] - println(Tel): null

2020-05-26 09:10:51 - [TEST_STEP][PASSED] - println(AutoEmail): null

2020-05-26 09:10:51 - [MESSAGE][PASSED] - Call Test Case 'Test Cases/AHI/_include/name' successfully

2020-05-26 09:10:51 - [TEST_STEP][PASSED] - selenium.type("id=member-P-1-firstName", FirstName): null

2020-05-26 09:10:56 - [TEST_STEP][PASSED] - selenium.type("id=member-P-1-lastName", LastName): null

2020-05-26 09:10:58 - [TEST_STEP][PASSED] - selenium.type("id=address", Address): null

2020-05-26 09:11:02 - [TEST_STEP][PASSED] - selenium.type("id=city", City): null

2020-05-26 09:11:03 - [TEST_STEP][PASSED] - selenium.type("id=email", AutoEmail): null

2020-05-26 09:11:05 - [TEST_STEP][PASSED] - selenium.type("id=primaryPhone", Tel): null

2020-05-26 09:11:12 - [TEST_STEP][PASSED] - selenium.click("id=js-app-continue-link"): null

2020-05-26 09:11:21 - [TEST_STEP][PASSED] - for ([second = 0, second < 20, (second++)]): null

2020-05-26 09:11:21 - [TEST_STEP][PASSED] - try: null

2020-05-26 09:11:21 - [TEST_STEP][PASSED] - if (selenium.isElementPresent("xpath=(//*[@class='js-question js-app-page-medical-question-wrapper'])[1]/div/button[1]")): null

2020-05-26 09:11:23 - [TEST_STEP][PASSED] - break: null

2020-05-26 09:11:23 - [TEST_STEP][PASSED] - callTestCase(findTestCase("AHI/_include/get_screenshot"), [:], STOP_ON_FAILURE): Call Test Case 'Test Cases/AHI/_include/get_screenshot' successfully

2020-05-26 09:11:23 - [TEST_CASE][PASSED] - Test Cases/AHI/_include/get_screenshot: Test Cases/AHI/_include/get_screenshot

2020-05-26 09:11:24 - [TEST_STEP][PASSED] - Thread.sleep(1000): null

2020-05-26 09:11:25 - [TEST_STEP][PASSED] - takeScreenshot(screenPath + i + ".png"): Taking screenshot successfully

2020-05-26 09:11:26 - [MESSAGE][PASSED] - Taking screenshot successfully
[[ATTACHMENT|D:\\Test\\AgileTest\\Reports\\AHI\\ahi\\20200526_080237\\../Screenshots/iPhone 6/AHI/Cancer Insurance/20200526_090608/6.png]]

2020-05-26 09:11:26 - [TEST_STEP][PASSED] - (internal.GlobalVariable.i++): null

2020-05-26 09:11:26 - [MESSAGE][PASSED] - Call Test Case 'Test Cases/AHI/_include/get_screenshot' successfully

2020-05-26 09:11:26 - [TEST_STEP][PASSED] - for ([i = 1, i < 12, (i++)]): null

2020-05-26 09:11:26 - [TEST_STEP][PASSED] - selenium.click("xpath=(//*[@class='js-question js-app-page-medical-question-wrapper'])[" + i + "]/div/button[1]"): null

2020-05-26 09:11:27 - [TEST_STEP][PASSED] - selenium.click("xpath=(//*[@class='js-question js-app-page-medical-question-wrapper'])[" + i + "]/div/button[1]"): null

2020-05-26 09:11:33 - [TEST_STEP][PASSED] - selenium.click("xpath=(//*[@class='js-question js-app-page-medical-question-wrapper'])[" + i + "]/div/button[1]"): null

2020-05-26 09:11:38 - [TEST_STEP][PASSED] - selenium.click("xpath=(//*[@class='js-question js-app-page-medical-question-wrapper'])[" + i + "]/div/button[1]"): null

2020-05-26 09:11:46 - [TEST_STEP][PASSED] - selenium.click("xpath=(//*[@class='js-question js-app-page-medical-question-wrapper'])[" + i + "]/div/button[1]"): null

2020-05-26 09:11:53 - [TEST_STEP][PASSED] - selenium.click("xpath=(//*[@class='js-question js-app-page-medical-question-wrapper'])[" + i + "]/div/button[1]"): null

2020-05-26 09:11:54 - [TEST_STEP][PASSED] - selenium.click("xpath=(//*[@class='js-question js-app-page-medical-question-wrapper'])[" + i + "]/div/button[1]"): null

2020-05-26 09:11:57 - [TEST_STEP][PASSED] - selenium.click("xpath=(//*[@class='js-question js-app-page-medical-question-wrapper'])[" + i + "]/div/button[1]"): null

2020-05-26 09:12:05 - [TEST_STEP][PASSED] - selenium.click("xpath=(//*[@class='js-question js-app-page-medical-question-wrapper'])[" + i + "]/div/button[1]"): null

2020-05-26 09:12:12 - [TEST_STEP][PASSED] - selenium.click("xpath=(//*[@class='js-question js-app-page-medical-question-wrapper'])[" + i + "]/div/button[1]"): null

2020-05-26 09:12:20 - [TEST_STEP][PASSED] - selenium.click("xpath=(//*[@class='js-question js-app-page-medical-question-wrapper'])[" + i + "]/div/button[1]"): null

2020-05-26 09:12:30 - [TEST_STEP][PASSED] - selenium.click("id=js-app-continue-link"): null

2020-05-26 09:12:32 - [TEST_STEP][PASSED] - for ([second = 0, second < 20, (second++)]): null

2020-05-26 09:12:32 - [TEST_STEP][PASSED] - try: null

2020-05-26 09:12:32 - [TEST_STEP][PASSED] - if (selenium.isElementPresent("id=credit-card-number")): null

2020-05-26 09:12:36 - [TEST_STEP][PASSED] - break: null

2020-05-26 09:12:36 - [TEST_STEP][PASSED] - callTestCase(findTestCase("AHI/_include/get_screenshot"), [:], STOP_ON_FAILURE): Call Test Case 'Test Cases/AHI/_include/get_screenshot' successfully

2020-05-26 09:12:36 - [TEST_CASE][PASSED] - Test Cases/AHI/_include/get_screenshot: Test Cases/AHI/_include/get_screenshot

2020-05-26 09:12:37 - [TEST_STEP][PASSED] - Thread.sleep(1000): null

2020-05-26 09:12:38 - [TEST_STEP][PASSED] - takeScreenshot(screenPath + i + ".png"): Taking screenshot successfully

2020-05-26 09:12:41 - [MESSAGE][PASSED] - Taking screenshot successfully
[[ATTACHMENT|D:\\Test\\AgileTest\\Reports\\AHI\\ahi\\20200526_080237\\../Screenshots/iPhone 6/AHI/Cancer Insurance/20200526_090608/7.png]]

2020-05-26 09:12:41 - [TEST_STEP][PASSED] - (internal.GlobalVariable.i++): null

2020-05-26 09:12:41 - [MESSAGE][PASSED] - Call Test Case 'Test Cases/AHI/_include/get_screenshot' successfully

2020-05-26 09:12:41 - [TEST_STEP][PASSED] - selenium.type("id=credit-card-number", "4111123123123123"): null

2020-05-26 09:12:45 - [TEST_STEP][PASSED] - selenium.type("id=credit-card-first", "test"): null

2020-05-26 09:12:46 - [TEST_STEP][PASSED] - selenium.type("id=credit-card-last", "test"): null

2020-05-26 09:12:49 - [TEST_STEP][PASSED] - selenium.select("id=expiration-month", "12"): null

2020-05-26 09:12:58 - [TEST_STEP][PASSED] - selenium.select("id=expiration-year", "2026"): null

2020-05-26 09:13:04 - [TEST_STEP][PASSED] - selenium.type("id=credit-card-cvv", "123"): null

2020-05-26 09:13:06 - [TEST_STEP][PASSED] - selenium.type("id=credit-card-number", "4111123123123123"): null

2020-05-26 09:13:13 - [TEST_STEP][PASSED] - selenium.click("id=js-same-billing"): null

2020-05-26 09:13:17 - [TEST_STEP][PASSED] - selenium.click("id=credit-payment-authorization"): null

2020-05-26 09:13:17 - [TEST_STEP][PASSED] - selenium.click("id=js-app-continue-link"): null

2020-05-26 09:13:20 - [TEST_STEP][PASSED] - for ([second = 0, second < 20, (second++)]): null

2020-05-26 09:13:20 - [TEST_STEP][PASSED] - try: null

2020-05-26 09:13:20 - [TEST_STEP][PASSED] - if (selenium.isElementPresent("id=consent-checkbox-0")): null

2020-05-26 09:13:26 - [TEST_STEP][PASSED] - Thread.sleep(1000): null

2020-05-26 09:13:27 - [TEST_STEP][PASSED] - try: null

2020-05-26 09:13:27 - [TEST_STEP][PASSED] - if (selenium.isElementPresent("id=consent-checkbox-0")): null

2020-05-26 09:13:29 - [TEST_STEP][PASSED] - break: null

2020-05-26 09:13:29 - [TEST_STEP][PASSED] - callTestCase(findTestCase("AHI/_include/get_screenshot"), [:], STOP_ON_FAILURE): Call Test Case 'Test Cases/AHI/_include/get_screenshot' successfully

2020-05-26 09:13:29 - [TEST_CASE][PASSED] - Test Cases/AHI/_include/get_screenshot: Test Cases/AHI/_include/get_screenshot

2020-05-26 09:13:29 - [TEST_STEP][PASSED] - Thread.sleep(1000): null

2020-05-26 09:13:31 - [TEST_STEP][PASSED] - takeScreenshot(screenPath + i + ".png"): Taking screenshot successfully

2020-05-26 09:13:36 - [MESSAGE][PASSED] - Taking screenshot successfully
[[ATTACHMENT|D:\\Test\\AgileTest\\Reports\\AHI\\ahi\\20200526_080237\\../Screenshots/iPhone 6/AHI/Cancer Insurance/20200526_090608/8.png]]

2020-05-26 09:13:36 - [TEST_STEP][PASSED] - (internal.GlobalVariable.i++): null

2020-05-26 09:13:36 - [MESSAGE][PASSED] - Call Test Case 'Test Cases/AHI/_include/get_screenshot' successfully

2020-05-26 09:13:36 - [TEST_STEP][PASSED] - selenium.click("id=consent-checkbox-0"): null

2020-05-26 09:13:37 - [TEST_STEP][PASSED] - selenium.click("id=js-signature-tab"): null

2020-05-26 09:13:39 - [TEST_STEP][PASSED] - selenium.click("id=js-app-continue-link"): null

2020-05-26 09:13:42 - [TEST_STEP][PASSED] - for ([second = 0, second < 30, (second++)]): null

2020-05-26 09:13:42 - [TEST_STEP][PASSED] - try: null

2020-05-26 09:13:42 - [TEST_STEP][PASSED] - if (selenium.isElementPresent("xpath=//h2[contains(text(),'Thank You')]")): null

2020-05-26 09:13:42 - [TEST_STEP][PASSED] - Thread.sleep(1000): null

2020-05-26 09:13:43 - [TEST_STEP][PASSED] - try: null

2020-05-26 09:13:43 - [TEST_STEP][PASSED] - if (selenium.isElementPresent("xpath=//h2[contains(text(),'Thank You')]")): null

2020-05-26 09:13:43 - [TEST_STEP][PASSED] - Thread.sleep(1000): null

2020-05-26 09:13:45 - [TEST_STEP][PASSED] - try: null

2020-05-26 09:13:45 - [TEST_STEP][PASSED] - if (selenium.isElementPresent("xpath=//h2[contains(text(),'Thank You')]")): null

2020-05-26 09:13:49 - [TEST_STEP][PASSED] - Thread.sleep(1000): null

2020-05-26 09:13:52 - [TEST_STEP][PASSED] - try: null

2020-05-26 09:13:52 - [TEST_STEP][PASSED] - if (selenium.isElementPresent("xpath=//h2[contains(text(),'Thank You')]")): null

2020-05-26 09:13:59 - [TEST_STEP][PASSED] - Thread.sleep(1000): null

2020-05-26 09:14:00 - [TEST_STEP][PASSED] - try: null

2020-05-26 09:14:00 - [TEST_STEP][PASSED] - if (selenium.isElementPresent("xpath=//h2[contains(text(),'Thank You')]")): null

2020-05-26 09:14:04 - [TEST_STEP][PASSED] - Thread.sleep(1000): null

2020-05-26 09:14:05 - [TEST_STEP][PASSED] - try: null

2020-05-26 09:14:05 - [TEST_STEP][PASSED] - if (selenium.isElementPresent("xpath=//h2[contains(text(),'Thank You')]")): null

2020-05-26 09:14:10 - [TEST_STEP][PASSED] - break: null

2020-05-26 09:14:10 - [TEST_STEP][PASSED] - callTestCase(findTestCase("AHI/_include/get_screenshot"), [:], STOP_ON_FAILURE): Call Test Case 'Test Cases/AHI/_include/get_screenshot' successfully

2020-05-26 09:14:10 - [TEST_CASE][PASSED] - Test Cases/AHI/_include/get_screenshot: Test Cases/AHI/_include/get_screenshot

2020-05-26 09:14:10 - [TEST_STEP][PASSED] - Thread.sleep(1000): null

2020-05-26 09:14:11 - [TEST_STEP][PASSED] - takeScreenshot(screenPath + i + ".png"): Taking screenshot successfully

2020-05-26 09:14:13 - [MESSAGE][PASSED] - Taking screenshot successfully
[[ATTACHMENT|D:\\Test\\AgileTest\\Reports\\AHI\\ahi\\20200526_080237\\../Screenshots/iPhone 6/AHI/Cancer Insurance/20200526_090608/9.png]]

2020-05-26 09:14:13 - [TEST_STEP][PASSED] - (internal.GlobalVariable.i++): null

2020-05-26 09:14:13 - [MESSAGE][PASSED] - Call Test Case 'Test Cases/AHI/_include/get_screenshot' successfully]]></system-out>
         <system-err><![CDATA[]]></system-err>
      </testcase>
      <testcase name="Test Cases/AHI/NEW/Dental/National General" classname="Test Cases/AHI/NEW/Dental/National General" status="PASSED">
         <system-out><![CDATA[2020-05-26 09:14:13 - [TEST_CASE][PASSED] - Test Cases/AHI/NEW/Dental/National General: Test Cases/AHI/NEW/Dental/National General

2020-05-26 09:14:18 - [TEST_STEP][PASSED] - callTestCase(findTestCase("AHI/_include/get_screenPath"), ["productLine":"AHI", "carrierName":"Dental - National General"], CONTINUE_ON_FAILURE): Call Test Case 'Test Cases/AHI/_include/get_screenPath' successfully

2020-05-26 09:14:18 - [TEST_CASE][PASSED] - Test Cases/AHI/_include/get_screenPath: Test Cases/AHI/_include/get_screenPath

2020-05-26 09:14:18 - [TEST_STEP][PASSED] - m = getExecutionProperties(): null

2020-05-26 09:14:18 - [TEST_STEP][PASSED] - deviceName = get("mobileEmulation").get("deviceName"): null

2020-05-26 09:14:18 - [TEST_STEP][PASSED] - println(deviceName): null

2020-05-26 09:14:18 - [TEST_STEP][PASSED] - now = new java.util.Date(): null

2020-05-26 09:14:18 - [TEST_STEP][PASSED] - mydate = now.format("yyyyMMdd_HHmmss"): null

2020-05-26 09:14:18 - [TEST_STEP][PASSED] - screenPath = "../Screenshots/": null

2020-05-26 09:14:18 - [TEST_STEP][PASSED] - screenPath = screenPath + deviceName + "/" + productLine + "/" + carrierName + "/" + mydate + "/": null

2020-05-26 09:14:18 - [TEST_STEP][PASSED] - println(screenPath): null

2020-05-26 09:14:18 - [MESSAGE][PASSED] - Call Test Case 'Test Cases/AHI/_include/get_screenPath' successfully

2020-05-26 09:14:18 - [TEST_STEP][PASSED] - i = 0: null

2020-05-26 09:14:18 - [TEST_STEP][PASSED] - callTestCase(findTestCase("AHI/_include/openWebSite"), [:], STOP_ON_FAILURE): Call Test Case 'Test Cases/AHI/_include/openWebSite' successfully

2020-05-26 09:14:18 - [TEST_CASE][PASSED] - Test Cases/AHI/_include/openWebSite: Test Cases/AHI/_include/openWebSite

2020-05-26 09:14:18 - [TEST_STEP][PASSED] - openBrowser(env): Browser is opened with url: 'https://praetemptatus.agilehealthinsurance.com'

2020-05-26 09:14:19 - [MESSAGE][WARNING] - A browser is already opened. Closing browser and opening a new one

2020-05-26 09:14:27 - [MESSAGE][INFO] - Starting 'Chrome' driver

2020-05-26 09:14:27 - [MESSAGE][INFO] - User set preference: ['mobileEmulation', '{deviceName=iPhone 6}']

2020-05-26 09:14:27 - [MESSAGE][INFO] - User set preference: ['args', '[--incognito, --aggressive-cache-discard, --window-size=375,677, --no-sandbox, --ignore-certificate-errors]']

2020-05-26 09:15:12 - [MESSAGE][PASSED] - Browser is opened with url: 'https://praetemptatus.agilehealthinsurance.com'

2020-05-26 09:15:12 - [TEST_STEP][PASSED] - waitForPageLoad(20): Wait for page load successfully

2020-05-26 09:15:14 - [MESSAGE][PASSED] - Wait for page load successfully

2020-05-26 09:15:14 - [TEST_STEP][PASSED] - callTestCase(findTestCase("AHI/_include/get_screenshot"), [:], STOP_ON_FAILURE): Call Test Case 'Test Cases/AHI/_include/get_screenshot' successfully

2020-05-26 09:15:15 - [TEST_CASE][PASSED] - Test Cases/AHI/_include/get_screenshot: Test Cases/AHI/_include/get_screenshot

2020-05-26 09:15:16 - [TEST_STEP][PASSED] - Thread.sleep(1000): null

2020-05-26 09:15:17 - [TEST_STEP][PASSED] - takeScreenshot(screenPath + i + ".png"): Taking screenshot successfully

2020-05-26 09:15:30 - [MESSAGE][PASSED] - Taking screenshot successfully
[[ATTACHMENT|D:\\Test\\AgileTest\\Reports\\AHI\\ahi\\20200526_080237\\../Screenshots/iPhone 6/AHI/Dental - National General/20200526_091418/0.png]]

2020-05-26 09:15:30 - [TEST_STEP][PASSED] - (internal.GlobalVariable.i++): null

2020-05-26 09:15:30 - [MESSAGE][PASSED] - Call Test Case 'Test Cases/AHI/_include/get_screenshot' successfully

2020-05-26 09:15:30 - [MESSAGE][PASSED] - Call Test Case 'Test Cases/AHI/_include/openWebSite' successfully

2020-05-26 09:15:30 - [TEST_STEP][PASSED] - driver = getWebDriver(): null

2020-05-26 09:15:30 - [TEST_STEP][PASSED] - baseUrl = ENV: null

2020-05-26 09:15:30 - [TEST_STEP][PASSED] - selenium = new com.thoughtworks.selenium.webdriven.WebDriverBackedSelenium(driver, baseUrl): null

2020-05-26 09:15:33 - [TEST_STEP][PASSED] - selenium.click("//*[@class='filter-option-inner-inner']"): null

2020-05-26 09:15:41 - [TEST_STEP][PASSED] - selenium.click("id=bs-select-1-2"): null

2020-05-26 09:15:44 - [TEST_STEP][PASSED] - selenium.click("id=primaryCTA"): null

2020-05-26 09:15:55 - [TEST_STEP][PASSED] - for ([second = 0, second < 20, (second++)]): null

2020-05-26 09:15:55 - [TEST_STEP][PASSED] - try: null

2020-05-26 09:15:55 - [TEST_STEP][PASSED] - if (selenium.isElementPresent("id=zip-input")): null

2020-05-26 09:16:09 - [TEST_STEP][PASSED] - break: null

2020-05-26 09:16:09 - [TEST_STEP][PASSED] - callTestCase(findTestCase("AHI/_include/get_screenshot"), [:], STOP_ON_FAILURE): Call Test Case 'Test Cases/AHI/_include/get_screenshot' successfully

2020-05-26 09:16:09 - [TEST_CASE][PASSED] - Test Cases/AHI/_include/get_screenshot: Test Cases/AHI/_include/get_screenshot

2020-05-26 09:16:09 - [TEST_STEP][PASSED] - Thread.sleep(1000): null

2020-05-26 09:16:10 - [TEST_STEP][PASSED] - takeScreenshot(screenPath + i + ".png"): Taking screenshot successfully

2020-05-26 09:16:13 - [MESSAGE][PASSED] - Taking screenshot successfully
[[ATTACHMENT|D:\\Test\\AgileTest\\Reports\\AHI\\ahi\\20200526_080237\\../Screenshots/iPhone 6/AHI/Dental - National General/20200526_091418/1.png]]

2020-05-26 09:16:13 - [TEST_STEP][PASSED] - (internal.GlobalVariable.i++): null

2020-05-26 09:16:13 - [MESSAGE][PASSED] - Call Test Case 'Test Cases/AHI/_include/get_screenshot' successfully

2020-05-26 09:16:13 - [TEST_STEP][PASSED] - setText(findTestObject("mobileSanity/Dental/census/input_Location_zip-input"), "35215"): Text '35215' is set on object 'Object Repository/mobileSanity/Dental/census/input_Location_zip-input'

2020-05-26 09:16:28 - [MESSAGE][PASSED] - Text '35215' is set on object 'Object Repository/mobileSanity/Dental/census/input_Location_zip-input'

2020-05-26 09:16:28 - [TEST_STEP][PASSED] - setText(findTestObject("mobileSanity/Dental/census/input_Date of Birth_dob-0"), "12121980"): Text '12121980' is set on object 'Object Repository/mobileSanity/Dental/census/input_Date of Birth_dob-0'

2020-05-26 09:16:33 - [MESSAGE][PASSED] - Text '12121980' is set on object 'Object Repository/mobileSanity/Dental/census/input_Date of Birth_dob-0'

2020-05-26 09:16:33 - [TEST_STEP][PASSED] - click(findTestObject("mobileSanity/Dental/census/label_Male")): Object: 'Object Repository/mobileSanity/Dental/census/label_Male' is clicked on

2020-05-26 09:16:36 - [MESSAGE][PASSED] - Object: 'Object Repository/mobileSanity/Dental/census/label_Male' is clicked on

2020-05-26 09:16:36 - [TEST_STEP][PASSED] - selenium.click("id=js-see-plans"): null

2020-05-26 09:16:43 - [TEST_STEP][PASSED] - for ([second = 0, second < 20, (second++)]): null

2020-05-26 09:16:43 - [TEST_STEP][PASSED] - try: null

2020-05-26 09:16:43 - [TEST_STEP][PASSED] - if (selenium.isElementPresent("id=js-quote-header")): null

2020-05-26 09:16:49 - [TEST_STEP][PASSED] - break: null

2020-05-26 09:16:49 - [TEST_STEP][PASSED] - callTestCase(findTestCase("AHI/_include/get_screenshot"), [:], STOP_ON_FAILURE): Call Test Case 'Test Cases/AHI/_include/get_screenshot' successfully

2020-05-26 09:16:49 - [TEST_CASE][PASSED] - Test Cases/AHI/_include/get_screenshot: Test Cases/AHI/_include/get_screenshot

2020-05-26 09:16:49 - [TEST_STEP][PASSED] - Thread.sleep(1000): null

2020-05-26 09:16:50 - [TEST_STEP][PASSED] - takeScreenshot(screenPath + i + ".png"): Taking screenshot successfully

2020-05-26 09:16:57 - [MESSAGE][PASSED] - Taking screenshot successfully
[[ATTACHMENT|D:\\Test\\AgileTest\\Reports\\AHI\\ahi\\20200526_080237\\../Screenshots/iPhone 6/AHI/Dental - National General/20200526_091418/2.png]]

2020-05-26 09:16:57 - [TEST_STEP][PASSED] - (internal.GlobalVariable.i++): null

2020-05-26 09:16:57 - [MESSAGE][PASSED] - Call Test Case 'Test Cases/AHI/_include/get_screenshot' successfully

2020-05-26 09:16:57 - [TEST_STEP][PASSED] - click(findTestObject("mobileSanity/Dental/filter/btn_filter")): Object: 'Object Repository/mobileSanity/Dental/filter/btn_filter' is clicked on

2020-05-26 09:17:03 - [MESSAGE][PASSED] - Object: 'Object Repository/mobileSanity/Dental/filter/btn_filter' is clicked on

2020-05-26 09:17:03 - [TEST_STEP][PASSED] - waitForElementVisible(findTestObject("mobileSanity/Dental/filter/btn_company"), 10): Object 'Object Repository/mobileSanity/Dental/filter/btn_company' is visible

2020-05-26 09:17:03 - [MESSAGE][PASSED] - Object 'Object Repository/mobileSanity/Dental/filter/btn_company' is visible

2020-05-26 09:17:03 - [TEST_STEP][PASSED] - click(findTestObject("mobileSanity/Dental/filter/btn_company")): Object: 'Object Repository/mobileSanity/Dental/filter/btn_company' is clicked on

2020-05-26 09:17:04 - [MESSAGE][PASSED] - Object: 'Object Repository/mobileSanity/Dental/filter/btn_company' is clicked on

2020-05-26 09:17:04 - [TEST_STEP][PASSED] - Thread.sleep(2000): null

2020-05-26 09:17:06 - [TEST_STEP][PASSED] - click(findTestObject("mobileSanity/Dental/filter/btn_ng")): Object: 'Object Repository/mobileSanity/Dental/filter/btn_ng' is clicked on

2020-05-26 09:17:10 - [MESSAGE][PASSED] - Object: 'Object Repository/mobileSanity/Dental/filter/btn_ng' is clicked on

2020-05-26 09:17:10 - [TEST_STEP][PASSED] - waitForJQueryLoad(20, STOP_ON_FAILURE): jQuery is ready.

2020-05-26 09:17:16 - [MESSAGE][PASSED] - jQuery is ready.

2020-05-26 09:17:16 - [TEST_STEP][PASSED] - callTestCase(findTestCase("AHI/_include/get_screenshot"), [:], STOP_ON_FAILURE): Call Test Case 'Test Cases/AHI/_include/get_screenshot' successfully

2020-05-26 09:17:16 - [TEST_CASE][PASSED] - Test Cases/AHI/_include/get_screenshot: Test Cases/AHI/_include/get_screenshot

2020-05-26 09:17:16 - [TEST_STEP][PASSED] - Thread.sleep(1000): null

2020-05-26 09:17:17 - [TEST_STEP][PASSED] - takeScreenshot(screenPath + i + ".png"): Taking screenshot successfully

2020-05-26 09:17:19 - [MESSAGE][PASSED] - Taking screenshot successfully
[[ATTACHMENT|D:\\Test\\AgileTest\\Reports\\AHI\\ahi\\20200526_080237\\../Screenshots/iPhone 6/AHI/Dental - National General/20200526_091418/3.png]]

2020-05-26 09:17:19 - [TEST_STEP][PASSED] - (internal.GlobalVariable.i++): null

2020-05-26 09:17:19 - [MESSAGE][PASSED] - Call Test Case 'Test Cases/AHI/_include/get_screenshot' successfully

2020-05-26 09:17:19 - [TEST_STEP][PASSED] - click(findTestObject("mobileSanity/Dental/filter/btn_filter")): Object: 'Object Repository/mobileSanity/Dental/filter/btn_filter' is clicked on

2020-05-26 09:17:21 - [MESSAGE][PASSED] - Object: 'Object Repository/mobileSanity/Dental/filter/btn_filter' is clicked on

2020-05-26 09:17:21 - [TEST_STEP][PASSED] - Thread.sleep(2000): null

2020-05-26 09:17:23 - [TEST_STEP][PASSED] - scrollToPosition(0, 600): Browser is scrolled to position x = 0, y = 600

2020-05-26 09:17:24 - [MESSAGE][PASSED] - Browser is scrolled to position x = 0, y = 600

2020-05-26 09:17:24 - [TEST_STEP][PASSED] - Thread.sleep(2000): null

2020-05-26 09:17:26 - [TEST_STEP][PASSED] - click(findTestObject("mobileSanity/Dental/quote/a_Select This Plan")): Object: 'Object Repository/mobileSanity/Dental/quote/a_Select This Plan' is clicked on

2020-05-26 09:17:33 - [MESSAGE][PASSED] - Object: 'Object Repository/mobileSanity/Dental/quote/a_Select This Plan' is clicked on

2020-05-26 09:17:33 - [TEST_STEP][PASSED] - waitForPageLoad(10): Wait for page load successfully

2020-05-26 09:17:40 - [MESSAGE][PASSED] - Wait for page load successfully

2020-05-26 09:17:40 - [TEST_STEP][PASSED] - callTestCase(findTestCase("AHI/_include/get_screenshot"), [:], STOP_ON_FAILURE): Call Test Case 'Test Cases/AHI/_include/get_screenshot' successfully

2020-05-26 09:17:41 - [TEST_CASE][PASSED] - Test Cases/AHI/_include/get_screenshot: Test Cases/AHI/_include/get_screenshot

2020-05-26 09:17:41 - [TEST_STEP][PASSED] - Thread.sleep(1000): null

2020-05-26 09:17:42 - [TEST_STEP][PASSED] - takeScreenshot(screenPath + i + ".png"): Taking screenshot successfully

2020-05-26 09:17:44 - [MESSAGE][PASSED] - Taking screenshot successfully
[[ATTACHMENT|D:\\Test\\AgileTest\\Reports\\AHI\\ahi\\20200526_080237\\../Screenshots/iPhone 6/AHI/Dental - National General/20200526_091418/4.png]]

2020-05-26 09:17:44 - [TEST_STEP][PASSED] - (internal.GlobalVariable.i++): null

2020-05-26 09:17:44 - [MESSAGE][PASSED] - Call Test Case 'Test Cases/AHI/_include/get_screenshot' successfully

2020-05-26 09:17:44 - [TEST_STEP][PASSED] - Thread.sleep(3000): null

2020-05-26 09:17:47 - [TEST_STEP][PASSED] - click(findTestObject("mobileSanity/Dental/apply/span_Start Secure Application")): Object: 'Object Repository/mobileSanity/Dental/apply/span_Start Secure Application' is clicked on

2020-05-26 09:17:56 - [MESSAGE][PASSED] - Object: 'Object Repository/mobileSanity/Dental/apply/span_Start Secure Application' is clicked on

2020-05-26 09:17:56 - [TEST_STEP][PASSED] - for ([second = 0, second < 20, (second++)]): null

2020-05-26 09:17:56 - [TEST_STEP][PASSED] - try: null

2020-05-26 09:17:56 - [TEST_STEP][PASSED] - if (selenium.isElementPresent("id=member-P-1-firstName")): null

2020-05-26 09:17:59 - [TEST_STEP][PASSED] - break: null

2020-05-26 09:17:59 - [TEST_STEP][PASSED] - callTestCase(findTestCase("AHI/_include/get_screenshot"), [:], STOP_ON_FAILURE): Call Test Case 'Test Cases/AHI/_include/get_screenshot' successfully

2020-05-26 09:17:59 - [TEST_CASE][PASSED] - Test Cases/AHI/_include/get_screenshot: Test Cases/AHI/_include/get_screenshot

2020-05-26 09:17:59 - [TEST_STEP][PASSED] - Thread.sleep(1000): null

2020-05-26 09:18:00 - [TEST_STEP][PASSED] - takeScreenshot(screenPath + i + ".png"): Taking screenshot successfully

2020-05-26 09:18:04 - [MESSAGE][PASSED] - Taking screenshot successfully
[[ATTACHMENT|D:\\Test\\AgileTest\\Reports\\AHI\\ahi\\20200526_080237\\../Screenshots/iPhone 6/AHI/Dental - National General/20200526_091418/5.png]]

2020-05-26 09:18:04 - [TEST_STEP][PASSED] - (internal.GlobalVariable.i++): null

2020-05-26 09:18:04 - [MESSAGE][PASSED] - Call Test Case 'Test Cases/AHI/_include/get_screenshot' successfully

2020-05-26 09:18:04 - [TEST_STEP][PASSED] - callTestCase(findTestCase("AHI/_include/name"), [:], CONTINUE_ON_FAILURE): Call Test Case 'Test Cases/AHI/_include/name' successfully

2020-05-26 09:18:04 - [TEST_CASE][PASSED] - Test Cases/AHI/_include/name: Test Cases/AHI/_include/name

2020-05-26 09:18:04 - [TEST_STEP][PASSED] - driver = getWebDriver(): null

2020-05-26 09:18:04 - [TEST_STEP][PASSED] - selenium = new com.thoughtworks.selenium.webdriven.WebDriverBackedSelenium(driver, internal.GlobalVariable.ENV): null

2020-05-26 09:18:04 - [TEST_STEP][PASSED] - FirstName = "Test-123": null

2020-05-26 09:18:04 - [TEST_STEP][PASSED] - LastName = selenium.getEval("{var x="ABCDEFGHIJKLMNOPQRSTUVWXYZabcdefghijklmnopqrstuvwxyz"; var tmp="ZZ11-"; for (i=0;i<8;i++) tmp+=x.charAt(Math.ceil(51*Math.random()));tmp;}"): null

2020-05-26 09:18:05 - [TEST_STEP][PASSED] - Address = selenium.getEval("{var x="ABCDEFGHIJKLMNOPQRSTUVWXYZabcdefghijklmnopqrstuvwxyz"; var tmp=""; for (i=0;i<8;i++) tmp+=x.charAt(Math.ceil(51*Math.random()));tmp;}"): null

2020-05-26 09:18:05 - [TEST_STEP][PASSED] - City = selenium.getEval("{var x="ABCDEFGHIJKLMNOPQRSTUVWXYZabcdefghijklmnopqrstuvwxyz"; var tmp=""; for (i=0;i<8;i++) tmp+=x.charAt(Math.ceil(51*Math.random()));tmp;}"): null

2020-05-26 09:18:05 - [TEST_STEP][PASSED] - tel1 = selenium.getEval("{var x="123456789"; var tmp=""; for (i=0;i<3;i++) tmp+=x.charAt(Math.ceil(8*Math.random()));tmp;}"): null

2020-05-26 09:18:05 - [TEST_STEP][PASSED] - tel2 = selenium.getEval("{var x="123456789"; var tmp=""; for (i=0;i<3;i++) tmp+=x.charAt(Math.ceil(8*Math.random()));tmp;}"): null

2020-05-26 09:18:05 - [TEST_STEP][PASSED] - tel3 = selenium.getEval("{var x="123456789"; var tmp=""; for (i=0;i<4;i++) tmp+=x.charAt(Math.ceil(8*Math.random()));tmp;}"): null

2020-05-26 09:18:05 - [TEST_STEP][PASSED] - Tel = selenium.getExpression(tel1 + "-" + tel2 + "-" + tel3): null

2020-05-26 09:18:05 - [TEST_STEP][PASSED] - AutoEmail = selenium.getEval("{var x="ABCDEFGHIJKLMNOPQRSTUVWXYZabcdefghijklmnopqrstuvwxyz"; var tmp="test."; for (i=0;i<8;i++) tmp+=x.charAt(Math.ceil(51*Math.random()));tmp+="@suryani.cn";}"): null

2020-05-26 09:18:05 - [TEST_STEP][PASSED] - FirstName = FirstName: null

2020-05-26 09:18:05 - [TEST_STEP][PASSED] - LastName = LastName: null

2020-05-26 09:18:05 - [TEST_STEP][PASSED] - Address = Address: null

2020-05-26 09:18:05 - [TEST_STEP][PASSED] - City = City: null

2020-05-26 09:18:05 - [TEST_STEP][PASSED] - Tel = Tel: null

2020-05-26 09:18:05 - [TEST_STEP][PASSED] - AutoEmail = AutoEmail: null

2020-05-26 09:18:05 - [TEST_STEP][PASSED] - println(FirstName): null

2020-05-26 09:18:05 - [TEST_STEP][PASSED] - println(LastName): null

2020-05-26 09:18:05 - [TEST_STEP][PASSED] - println(Address): null

2020-05-26 09:18:05 - [TEST_STEP][PASSED] - println(City): null

2020-05-26 09:18:05 - [TEST_STEP][PASSED] - println(Tel): null

2020-05-26 09:18:05 - [TEST_STEP][PASSED] - println(AutoEmail): null

2020-05-26 09:18:05 - [MESSAGE][PASSED] - Call Test Case 'Test Cases/AHI/_include/name' successfully

2020-05-26 09:18:05 - [TEST_STEP][PASSED] - Thread.sleep(3000): null

2020-05-26 09:18:08 - [TEST_STEP][PASSED] - setText(findTestObject("mobileSanity/Dental/app_page1/input__member-P-1-firstName"), FirstName): Text 'Test-123' is set on object 'Object Repository/mobileSanity/Dental/app_page1/input__member-P-1-firstName'

2020-05-26 09:18:12 - [MESSAGE][PASSED] - Text 'Test-123' is set on object 'Object Repository/mobileSanity/Dental/app_page1/input__member-P-1-firstName'

2020-05-26 09:18:12 - [TEST_STEP][PASSED] - setText(findTestObject("mobileSanity/Dental/app_page1/input__member-P-1-lastName"), LastName): Text 'ZZ11-rWungCUP' is set on object 'Object Repository/mobileSanity/Dental/app_page1/input__member-P-1-lastName'

2020-05-26 09:18:12 - [MESSAGE][PASSED] - Text 'ZZ11-rWungCUP' is set on object 'Object Repository/mobileSanity/Dental/app_page1/input__member-P-1-lastName'

2020-05-26 09:18:12 - [TEST_STEP][PASSED] - setText(findTestObject("mobileSanity/Dental/app_page1/input__address"), Address): Text 'LqTYHcut' is set on object 'Object Repository/mobileSanity/Dental/app_page1/input__address'

2020-05-26 09:18:13 - [MESSAGE][PASSED] - Text 'LqTYHcut' is set on object 'Object Repository/mobileSanity/Dental/app_page1/input__address'

2020-05-26 09:18:13 - [TEST_STEP][PASSED] - setText(findTestObject("mobileSanity/Dental/app_page1/input__city"), City): Text 'sfIrLPss' is set on object 'Object Repository/mobileSanity/Dental/app_page1/input__city'

2020-05-26 09:18:28 - [MESSAGE][PASSED] - Text 'sfIrLPss' is set on object 'Object Repository/mobileSanity/Dental/app_page1/input__city'

2020-05-26 09:18:28 - [TEST_STEP][PASSED] - setText(findTestObject("mobileSanity/Dental/app_page1/input__email"), AutoEmail): Text 'test.igPhOovJ@suryani.cn' is set on object 'Object Repository/mobileSanity/Dental/app_page1/input__email'

2020-05-26 09:18:32 - [MESSAGE][PASSED] - Text 'test.igPhOovJ@suryani.cn' is set on object 'Object Repository/mobileSanity/Dental/app_page1/input__email'

2020-05-26 09:18:32 - [TEST_STEP][PASSED] - setText(findTestObject("mobileSanity/Dental/app_page1/input_phone"), Tel): Text '564-823-9464' is set on object 'Object Repository/mobileSanity/Dental/app_page1/input_phone'

2020-05-26 09:18:34 - [MESSAGE][PASSED] - Text '564-823-9464' is set on object 'Object Repository/mobileSanity/Dental/app_page1/input_phone'

2020-05-26 09:18:34 - [TEST_STEP][PASSED] - click(findTestObject("mobileSanity/Dental/app_page1/a_Continue to Step 2 - Payment")): Object: 'Object Repository/mobileSanity/Dental/app_page1/a_Continue to Step 2 - Payment' is clicked on

2020-05-26 09:18:35 - [MESSAGE][PASSED] - Object: 'Object Repository/mobileSanity/Dental/app_page1/a_Continue to Step 2 - Payment' is clicked on

2020-05-26 09:18:35 - [TEST_STEP][PASSED] - for ([second = 0, second < 20, (second++)]): null

2020-05-26 09:18:35 - [TEST_STEP][PASSED] - try: null

2020-05-26 09:18:35 - [TEST_STEP][PASSED] - if (selenium.isElementPresent("id=credit-card-number")): null

2020-05-26 09:18:38 - [TEST_STEP][PASSED] - Thread.sleep(1000): null

2020-05-26 09:18:39 - [TEST_STEP][PASSED] - try: null

2020-05-26 09:18:39 - [TEST_STEP][PASSED] - if (selenium.isElementPresent("id=credit-card-number")): null

2020-05-26 09:18:40 - [TEST_STEP][PASSED] - break: null

2020-05-26 09:18:40 - [TEST_STEP][PASSED] - callTestCase(findTestCase("AHI/_include/get_screenshot"), [:], STOP_ON_FAILURE): Call Test Case 'Test Cases/AHI/_include/get_screenshot' successfully

2020-05-26 09:18:40 - [TEST_CASE][PASSED] - Test Cases/AHI/_include/get_screenshot: Test Cases/AHI/_include/get_screenshot

2020-05-26 09:18:41 - [TEST_STEP][PASSED] - Thread.sleep(1000): null

2020-05-26 09:18:42 - [TEST_STEP][PASSED] - takeScreenshot(screenPath + i + ".png"): Taking screenshot successfully

2020-05-26 09:18:45 - [MESSAGE][PASSED] - Taking screenshot successfully
[[ATTACHMENT|D:\\Test\\AgileTest\\Reports\\AHI\\ahi\\20200526_080237\\../Screenshots/iPhone 6/AHI/Dental - National General/20200526_091418/6.png]]

2020-05-26 09:18:45 - [TEST_STEP][PASSED] - (internal.GlobalVariable.i++): null

2020-05-26 09:18:45 - [MESSAGE][PASSED] - Call Test Case 'Test Cases/AHI/_include/get_screenshot' successfully

2020-05-26 09:18:45 - [TEST_STEP][PASSED] - setText(findTestObject("mobileSanity/Dental/app_page2/input__credit-card-first"), FirstName): Text 'Test-123' is set on object 'Object Repository/mobileSanity/Dental/app_page2/input__credit-card-first'

2020-05-26 09:18:51 - [MESSAGE][PASSED] - Text 'Test-123' is set on object 'Object Repository/mobileSanity/Dental/app_page2/input__credit-card-first'

2020-05-26 09:18:51 - [TEST_STEP][PASSED] - setText(findTestObject("mobileSanity/Dental/app_page2/input__credit-card-last"), LastName): Text 'ZZ11-rWungCUP' is set on object 'Object Repository/mobileSanity/Dental/app_page2/input__credit-card-last'

2020-05-26 09:18:52 - [MESSAGE][PASSED] - Text 'ZZ11-rWungCUP' is set on object 'Object Repository/mobileSanity/Dental/app_page2/input__credit-card-last'

2020-05-26 09:18:52 - [TEST_STEP][PASSED] - selectOptionByValue(findTestObject("mobileSanity/Dental/app_page2/select_MM010203040506070809101"), "12", true): All options with value '12' are selected in object 'Object Repository/mobileSanity/Dental/app_page2/select_MM010203040506070809101'  using regular expression

2020-05-26 09:19:08 - [MESSAGE][PASSED] - All options with value '12' are selected in object 'Object Repository/mobileSanity/Dental/app_page2/select_MM010203040506070809101'  using regular expression

2020-05-26 09:19:08 - [TEST_STEP][PASSED] - selectOptionByValue(findTestObject("mobileSanity/Dental/app_page2/select_YYYY2019202020212022202"), "2026", true): All options with value '2026' are selected in object 'Object Repository/mobileSanity/Dental/app_page2/select_YYYY2019202020212022202'  using regular expression

2020-05-26 09:19:13 - [MESSAGE][PASSED] - All options with value '2026' are selected in object 'Object Repository/mobileSanity/Dental/app_page2/select_YYYY2019202020212022202'  using regular expression

2020-05-26 09:19:13 - [TEST_STEP][PASSED] - setText(findTestObject("mobileSanity/Dental/app_page2/input__credit-card-number"), "4111111111111111"): Text '4111111111111111' is set on object 'Object Repository/mobileSanity/Dental/app_page2/input__credit-card-number'

2020-05-26 09:19:15 - [MESSAGE][PASSED] - Text '4111111111111111' is set on object 'Object Repository/mobileSanity/Dental/app_page2/input__credit-card-number'

2020-05-26 09:19:15 - [TEST_STEP][PASSED] - setText(findTestObject("mobileSanity/Dental/app_page2/input__cvv"), "123"): Text '123' is set on object 'Object Repository/mobileSanity/Dental/app_page2/input__cvv'

2020-05-26 09:19:19 - [MESSAGE][PASSED] - Text '123' is set on object 'Object Repository/mobileSanity/Dental/app_page2/input__cvv'

2020-05-26 09:19:19 - [TEST_STEP][PASSED] - click(findTestObject("mobileSanity/Dental/app_page2/label_My billing address is th")): Object: 'Object Repository/mobileSanity/Dental/app_page2/label_My billing address is th' is clicked on

2020-05-26 09:19:24 - [MESSAGE][PASSED] - Object: 'Object Repository/mobileSanity/Dental/app_page2/label_My billing address is th' is clicked on

2020-05-26 09:19:24 - [TEST_STEP][PASSED] - click(findTestObject("mobileSanity/Dental/app_page2/label_I Accept Authorization f")): Object: 'Object Repository/mobileSanity/Dental/app_page2/label_I Accept Authorization f' is clicked on

2020-05-26 09:19:28 - [MESSAGE][PASSED] - Object: 'Object Repository/mobileSanity/Dental/app_page2/label_I Accept Authorization f' is clicked on

2020-05-26 09:19:28 - [TEST_STEP][PASSED] - click(findTestObject("mobileSanity/Dental/app_page2/a_Continue to Step 3 - Review")): Object: 'Object Repository/mobileSanity/Dental/app_page2/a_Continue to Step 3 - Review' is clicked on

2020-05-26 09:19:32 - [MESSAGE][PASSED] - Object: 'Object Repository/mobileSanity/Dental/app_page2/a_Continue to Step 3 - Review' is clicked on

2020-05-26 09:19:32 - [TEST_STEP][PASSED] - for ([second = 0, second < 20, (second++)]): null

2020-05-26 09:19:32 - [TEST_STEP][PASSED] - try: null

2020-05-26 09:19:32 - [TEST_STEP][PASSED] - if (selenium.isElementPresent("id=consent-checkbox-0")): null

2020-05-26 09:19:40 - [TEST_STEP][PASSED] - Thread.sleep(1000): null

2020-05-26 09:19:41 - [TEST_STEP][PASSED] - try: null

2020-05-26 09:19:41 - [TEST_STEP][PASSED] - if (selenium.isElementPresent("id=consent-checkbox-0")): null

2020-05-26 09:19:46 - [TEST_STEP][PASSED] - break: null

2020-05-26 09:19:46 - [TEST_STEP][PASSED] - waitForElementClickable(findTestObject("mobileSanity/Dental/app_page3/label"), 20): Object 'Object Repository/mobileSanity/Dental/app_page3/label' is clickable

2020-05-26 09:19:49 - [MESSAGE][PASSED] - Object 'Object Repository/mobileSanity/Dental/app_page3/label' is clickable

2020-05-26 09:19:49 - [TEST_STEP][PASSED] - callTestCase(findTestCase("AHI/_include/get_screenshot"), [:], STOP_ON_FAILURE): Call Test Case 'Test Cases/AHI/_include/get_screenshot' successfully

2020-05-26 09:19:49 - [TEST_CASE][PASSED] - Test Cases/AHI/_include/get_screenshot: Test Cases/AHI/_include/get_screenshot

2020-05-26 09:19:49 - [TEST_STEP][PASSED] - Thread.sleep(1000): null

2020-05-26 09:19:51 - [TEST_STEP][PASSED] - takeScreenshot(screenPath + i + ".png"): Taking screenshot successfully

2020-05-26 09:19:54 - [MESSAGE][PASSED] - Taking screenshot successfully
[[ATTACHMENT|D:\\Test\\AgileTest\\Reports\\AHI\\ahi\\20200526_080237\\../Screenshots/iPhone 6/AHI/Dental - National General/20200526_091418/7.png]]

2020-05-26 09:19:54 - [TEST_STEP][PASSED] - (internal.GlobalVariable.i++): null

2020-05-26 09:19:54 - [MESSAGE][PASSED] - Call Test Case 'Test Cases/AHI/_include/get_screenshot' successfully

2020-05-26 09:19:54 - [TEST_STEP][PASSED] - click(findTestObject("mobileSanity/Dental/app_page3/label")): Object: 'Object Repository/mobileSanity/Dental/app_page3/label' is clicked on

2020-05-26 09:19:55 - [MESSAGE][PASSED] - Object: 'Object Repository/mobileSanity/Dental/app_page3/label' is clicked on

2020-05-26 09:19:55 - [TEST_STEP][PASSED] - click(findTestObject("mobileSanity/Dental/app_page3/p_CLICK TO SIGN")): Object: 'Object Repository/mobileSanity/Dental/app_page3/p_CLICK TO SIGN' is clicked on

2020-05-26 09:20:00 - [MESSAGE][PASSED] - Object: 'Object Repository/mobileSanity/Dental/app_page3/p_CLICK TO SIGN' is clicked on

2020-05-26 09:20:00 - [TEST_STEP][PASSED] - click(findTestObject("mobileSanity/Dental/app_page3/a_Submit Your Application")): Object: 'Object Repository/mobileSanity/Dental/app_page3/a_Submit Your Application' is clicked on

2020-05-26 09:20:07 - [MESSAGE][PASSED] - Object: 'Object Repository/mobileSanity/Dental/app_page3/a_Submit Your Application' is clicked on

2020-05-26 09:20:07 - [TEST_STEP][PASSED] - for ([second = 0, second < 30, (second++)]): null

2020-05-26 09:20:07 - [TEST_STEP][PASSED] - try: null

2020-05-26 09:20:07 - [TEST_STEP][PASSED] - if (selenium.isElementPresent("id=app-confirmation")): null

2020-05-26 09:20:09 - [TEST_STEP][PASSED] - Thread.sleep(1000): null

2020-05-26 09:20:10 - [TEST_STEP][PASSED] - try: null

2020-05-26 09:20:10 - [TEST_STEP][PASSED] - if (selenium.isElementPresent("id=app-confirmation")): null

2020-05-26 09:20:14 - [TEST_STEP][PASSED] - Thread.sleep(1000): null

2020-05-26 09:20:15 - [TEST_STEP][PASSED] - try: null

2020-05-26 09:20:15 - [TEST_STEP][PASSED] - if (selenium.isElementPresent("id=app-confirmation")): null

2020-05-26 09:20:15 - [TEST_STEP][PASSED] - Thread.sleep(1000): null

2020-05-26 09:20:16 - [TEST_STEP][PASSED] - try: null

2020-05-26 09:20:16 - [TEST_STEP][PASSED] - if (selenium.isElementPresent("id=app-confirmation")): null

2020-05-26 09:20:16 - [TEST_STEP][PASSED] - Thread.sleep(1000): null

2020-05-26 09:20:17 - [TEST_STEP][PASSED] - try: null

2020-05-26 09:20:17 - [TEST_STEP][PASSED] - if (selenium.isElementPresent("id=app-confirmation")): null

2020-05-26 09:20:19 - [TEST_STEP][PASSED] - Thread.sleep(1000): null

2020-05-26 09:20:21 - [TEST_STEP][PASSED] - try: null

2020-05-26 09:20:21 - [TEST_STEP][PASSED] - if (selenium.isElementPresent("id=app-confirmation")): null

2020-05-26 09:20:25 - [TEST_STEP][PASSED] - Thread.sleep(1000): null

2020-05-26 09:20:26 - [TEST_STEP][PASSED] - try: null

2020-05-26 09:20:26 - [TEST_STEP][PASSED] - if (selenium.isElementPresent("id=app-confirmation")): null

2020-05-26 09:20:29 - [TEST_STEP][PASSED] - Thread.sleep(1000): null

2020-05-26 09:20:30 - [TEST_STEP][PASSED] - try: null

2020-05-26 09:20:30 - [TEST_STEP][PASSED] - if (selenium.isElementPresent("id=app-confirmation")): null

2020-05-26 09:20:31 - [TEST_STEP][PASSED] - Thread.sleep(1000): null

2020-05-26 09:20:33 - [TEST_STEP][PASSED] - try: null

2020-05-26 09:20:33 - [TEST_STEP][PASSED] - if (selenium.isElementPresent("id=app-confirmation")): null

2020-05-26 09:20:36 - [TEST_STEP][PASSED] - Thread.sleep(1000): null

2020-05-26 09:20:37 - [TEST_STEP][PASSED] - try: null

2020-05-26 09:20:37 - [TEST_STEP][PASSED] - if (selenium.isElementPresent("id=app-confirmation")): null

2020-05-26 09:20:42 - [TEST_STEP][PASSED] - Thread.sleep(1000): null

2020-05-26 09:20:44 - [TEST_STEP][PASSED] - try: null

2020-05-26 09:20:44 - [TEST_STEP][PASSED] - if (selenium.isElementPresent("id=app-confirmation")): null

2020-05-26 09:20:44 - [TEST_STEP][PASSED] - Thread.sleep(1000): null

2020-05-26 09:20:45 - [TEST_STEP][PASSED] - try: null

2020-05-26 09:20:45 - [TEST_STEP][PASSED] - if (selenium.isElementPresent("id=app-confirmation")): null

2020-05-26 09:20:45 - [TEST_STEP][PASSED] - Thread.sleep(1000): null

2020-05-26 09:20:46 - [TEST_STEP][PASSED] - try: null

2020-05-26 09:20:46 - [TEST_STEP][PASSED] - if (selenium.isElementPresent("id=app-confirmation")): null

2020-05-26 09:20:46 - [TEST_STEP][PASSED] - Thread.sleep(1000): null

2020-05-26 09:20:48 - [TEST_STEP][PASSED] - try: null

2020-05-26 09:20:48 - [TEST_STEP][PASSED] - if (selenium.isElementPresent("id=app-confirmation")): null

2020-05-26 09:20:49 - [TEST_STEP][PASSED] - Thread.sleep(1000): null

2020-05-26 09:20:50 - [TEST_STEP][PASSED] - try: null

2020-05-26 09:20:50 - [TEST_STEP][PASSED] - if (selenium.isElementPresent("id=app-confirmation")): null

2020-05-26 09:20:51 - [TEST_STEP][PASSED] - Thread.sleep(1000): null

2020-05-26 09:20:52 - [TEST_STEP][PASSED] - try: null

2020-05-26 09:20:52 - [TEST_STEP][PASSED] - if (selenium.isElementPresent("id=app-confirmation")): null

2020-05-26 09:20:55 - [TEST_STEP][PASSED] - Thread.sleep(1000): null

2020-05-26 09:20:56 - [TEST_STEP][PASSED] - try: null

2020-05-26 09:20:56 - [TEST_STEP][PASSED] - if (selenium.isElementPresent("id=app-confirmation")): null

2020-05-26 09:20:56 - [TEST_STEP][PASSED] - Thread.sleep(1000): null

2020-05-26 09:20:57 - [TEST_STEP][PASSED] - try: null

2020-05-26 09:20:57 - [TEST_STEP][PASSED] - if (selenium.isElementPresent("id=app-confirmation")): null

2020-05-26 09:20:57 - [TEST_STEP][PASSED] - Thread.sleep(1000): null

2020-05-26 09:20:58 - [TEST_STEP][PASSED] - try: null

2020-05-26 09:20:58 - [TEST_STEP][PASSED] - if (selenium.isElementPresent("id=app-confirmation")): null

2020-05-26 09:20:59 - [TEST_STEP][PASSED] - Thread.sleep(1000): null

2020-05-26 09:21:01 - [TEST_STEP][PASSED] - try: null

2020-05-26 09:21:01 - [TEST_STEP][PASSED] - if (selenium.isElementPresent("id=app-confirmation")): null

2020-05-26 09:21:03 - [TEST_STEP][PASSED] - Thread.sleep(1000): null

2020-05-26 09:21:05 - [TEST_STEP][PASSED] - try: null

2020-05-26 09:21:05 - [TEST_STEP][PASSED] - if (selenium.isElementPresent("id=app-confirmation")): null

2020-05-26 09:21:06 - [TEST_STEP][PASSED] - Thread.sleep(1000): null

2020-05-26 09:21:07 - [TEST_STEP][PASSED] - try: null

2020-05-26 09:21:07 - [TEST_STEP][PASSED] - if (selenium.isElementPresent("id=app-confirmation")): null

2020-05-26 09:21:09 - [TEST_STEP][PASSED] - Thread.sleep(1000): null

2020-05-26 09:21:10 - [TEST_STEP][PASSED] - try: null

2020-05-26 09:21:10 - [TEST_STEP][PASSED] - if (selenium.isElementPresent("id=app-confirmation")): null

2020-05-26 09:21:13 - [TEST_STEP][PASSED] - Thread.sleep(1000): null

2020-05-26 09:21:14 - [TEST_STEP][PASSED] - try: null

2020-05-26 09:21:14 - [TEST_STEP][PASSED] - if (selenium.isElementPresent("id=app-confirmation")): null

2020-05-26 09:21:15 - [TEST_STEP][PASSED] - Thread.sleep(1000): null

2020-05-26 09:21:16 - [TEST_STEP][PASSED] - try: null

2020-05-26 09:21:16 - [TEST_STEP][PASSED] - if (selenium.isElementPresent("id=app-confirmation")): null

2020-05-26 09:21:19 - [TEST_STEP][PASSED] - Thread.sleep(1000): null

2020-05-26 09:21:20 - [TEST_STEP][PASSED] - try: null

2020-05-26 09:21:20 - [TEST_STEP][PASSED] - if (selenium.isElementPresent("id=app-confirmation")): null

2020-05-26 09:21:26 - [TEST_STEP][PASSED] - Thread.sleep(1000): null

2020-05-26 09:21:27 - [TEST_STEP][PASSED] - try: null

2020-05-26 09:21:27 - [TEST_STEP][PASSED] - if (selenium.isElementPresent("id=app-confirmation")): null

2020-05-26 09:21:32 - [TEST_STEP][PASSED] - Thread.sleep(1000): null

2020-05-26 09:21:34 - [TEST_STEP][PASSED] - try: null

2020-05-26 09:21:34 - [TEST_STEP][PASSED] - if (selenium.isElementPresent("id=app-confirmation")): null

2020-05-26 09:21:36 - [TEST_STEP][PASSED] - Thread.sleep(1000): null

2020-05-26 09:21:37 - [TEST_STEP][PASSED] - try: null

2020-05-26 09:21:37 - [TEST_STEP][PASSED] - if (selenium.isElementPresent("id=app-confirmation")): null

2020-05-26 09:21:41 - [TEST_STEP][PASSED] - Thread.sleep(1000): null

2020-05-26 09:21:42 - [TEST_STEP][PASSED] - try: null

2020-05-26 09:21:42 - [TEST_STEP][PASSED] - if (selenium.isElementPresent("id=app-confirmation")): null

2020-05-26 09:21:43 - [TEST_STEP][PASSED] - Thread.sleep(1000): null

2020-05-26 09:21:44 - [TEST_STEP][PASSED] - callTestCase(findTestCase("AHI/_include/get_screenshot"), [:], STOP_ON_FAILURE): Call Test Case 'Test Cases/AHI/_include/get_screenshot' successfully

2020-05-26 09:21:44 - [TEST_CASE][PASSED] - Test Cases/AHI/_include/get_screenshot: Test Cases/AHI/_include/get_screenshot

2020-05-26 09:21:45 - [TEST_STEP][PASSED] - Thread.sleep(1000): null

2020-05-26 09:21:46 - [TEST_STEP][PASSED] - takeScreenshot(screenPath + i + ".png"): Taking screenshot successfully

2020-05-26 09:21:49 - [MESSAGE][PASSED] - Taking screenshot successfully
[[ATTACHMENT|D:\\Test\\AgileTest\\Reports\\AHI\\ahi\\20200526_080237\\../Screenshots/iPhone 6/AHI/Dental - National General/20200526_091418/8.png]]

2020-05-26 09:21:49 - [TEST_STEP][PASSED] - (internal.GlobalVariable.i++): null

2020-05-26 09:21:49 - [MESSAGE][PASSED] - Call Test Case 'Test Cases/AHI/_include/get_screenshot' successfully]]></system-out>
         <system-err><![CDATA[]]></system-err>
      </testcase>
      <testcase name="Test Cases/AHI/NEW/Dental/USA Access" classname="Test Cases/AHI/NEW/Dental/USA Access" status="PASSED">
         <system-out><![CDATA[2020-05-26 09:21:50 - [TEST_CASE][PASSED] - Test Cases/AHI/NEW/Dental/USA Access: Test Cases/AHI/NEW/Dental/USA Access

2020-05-26 09:21:58 - [TEST_STEP][PASSED] - callTestCase(findTestCase("AHI/_include/get_screenPath"), ["productLine":"AHI", "carrierName":"Dental - USA Access"], CONTINUE_ON_FAILURE): Call Test Case 'Test Cases/AHI/_include/get_screenPath' successfully

2020-05-26 09:21:58 - [TEST_CASE][PASSED] - Test Cases/AHI/_include/get_screenPath: Test Cases/AHI/_include/get_screenPath

2020-05-26 09:21:58 - [TEST_STEP][PASSED] - m = getExecutionProperties(): null

2020-05-26 09:21:58 - [TEST_STEP][PASSED] - deviceName = get("mobileEmulation").get("deviceName"): null

2020-05-26 09:21:58 - [TEST_STEP][PASSED] - println(deviceName): null

2020-05-26 09:21:58 - [TEST_STEP][PASSED] - now = new java.util.Date(): null

2020-05-26 09:21:58 - [TEST_STEP][PASSED] - mydate = now.format("yyyyMMdd_HHmmss"): null

2020-05-26 09:21:59 - [TEST_STEP][PASSED] - screenPath = "../Screenshots/": null

2020-05-26 09:21:59 - [TEST_STEP][PASSED] - screenPath = screenPath + deviceName + "/" + productLine + "/" + carrierName + "/" + mydate + "/": null

2020-05-26 09:21:59 - [TEST_STEP][PASSED] - println(screenPath): null

2020-05-26 09:21:59 - [MESSAGE][PASSED] - Call Test Case 'Test Cases/AHI/_include/get_screenPath' successfully

2020-05-26 09:21:59 - [TEST_STEP][PASSED] - i = 0: null

2020-05-26 09:21:59 - [TEST_STEP][PASSED] - callTestCase(findTestCase("AHI/_include/openWebSite"), [:], STOP_ON_FAILURE): Call Test Case 'Test Cases/AHI/_include/openWebSite' successfully

2020-05-26 09:21:59 - [TEST_CASE][PASSED] - Test Cases/AHI/_include/openWebSite: Test Cases/AHI/_include/openWebSite

2020-05-26 09:22:00 - [TEST_STEP][PASSED] - openBrowser(env): Browser is opened with url: 'https://praetemptatus.agilehealthinsurance.com'

2020-05-26 09:22:00 - [MESSAGE][WARNING] - A browser is already opened. Closing browser and opening a new one

2020-05-26 09:22:05 - [MESSAGE][WARNING] - Browser is not reachable. Browser may have been closed already.

2020-05-26 09:22:05 - [MESSAGE][INFO] - Starting 'Chrome' driver

2020-05-26 09:22:05 - [MESSAGE][INFO] - User set preference: ['mobileEmulation', '{deviceName=iPhone 6}']

2020-05-26 09:22:05 - [MESSAGE][INFO] - User set preference: ['args', '[--incognito, --aggressive-cache-discard, --window-size=375,677, --no-sandbox, --ignore-certificate-errors]']

2020-05-26 09:22:57 - [MESSAGE][PASSED] - Browser is opened with url: 'https://praetemptatus.agilehealthinsurance.com'

2020-05-26 09:22:57 - [TEST_STEP][PASSED] - waitForPageLoad(20): Wait for page load successfully

2020-05-26 09:22:58 - [MESSAGE][PASSED] - Wait for page load successfully

2020-05-26 09:22:58 - [TEST_STEP][PASSED] - callTestCase(findTestCase("AHI/_include/get_screenshot"), [:], STOP_ON_FAILURE): Call Test Case 'Test Cases/AHI/_include/get_screenshot' successfully

2020-05-26 09:22:58 - [TEST_CASE][PASSED] - Test Cases/AHI/_include/get_screenshot: Test Cases/AHI/_include/get_screenshot

2020-05-26 09:22:59 - [TEST_STEP][PASSED] - Thread.sleep(1000): null

2020-05-26 09:23:00 - [TEST_STEP][PASSED] - takeScreenshot(screenPath + i + ".png"): Taking screenshot successfully

2020-05-26 09:23:10 - [MESSAGE][PASSED] - Taking screenshot successfully
[[ATTACHMENT|D:\\Test\\AgileTest\\Reports\\AHI\\ahi\\20200526_080237\\../Screenshots/iPhone 6/AHI/Dental - USA Access/20200526_092158/0.png]]

2020-05-26 09:23:10 - [TEST_STEP][PASSED] - (internal.GlobalVariable.i++): null

2020-05-26 09:23:10 - [MESSAGE][PASSED] - Call Test Case 'Test Cases/AHI/_include/get_screenshot' successfully

2020-05-26 09:23:10 - [MESSAGE][PASSED] - Call Test Case 'Test Cases/AHI/_include/openWebSite' successfully

2020-05-26 09:23:10 - [TEST_STEP][PASSED] - driver = getWebDriver(): null

2020-05-26 09:23:10 - [TEST_STEP][PASSED] - baseUrl = ENV: null

2020-05-26 09:23:10 - [TEST_STEP][PASSED] - selenium = new com.thoughtworks.selenium.webdriven.WebDriverBackedSelenium(driver, baseUrl): null

2020-05-26 09:23:18 - [TEST_STEP][PASSED] - selenium.click("//*[@class='filter-option-inner-inner']"): null

2020-05-26 09:23:25 - [TEST_STEP][PASSED] - selenium.click("id=bs-select-1-2"): null

2020-05-26 09:23:32 - [TEST_STEP][PASSED] - selenium.click("id=primaryCTA"): null

2020-05-26 09:23:46 - [TEST_STEP][PASSED] - for ([second = 0, second < 20, (second++)]): null

2020-05-26 09:23:46 - [TEST_STEP][PASSED] - try: null

2020-05-26 09:23:46 - [TEST_STEP][PASSED] - if (selenium.isElementPresent("id=zip-input")): null

2020-05-26 09:23:52 - [TEST_STEP][PASSED] - break: null

2020-05-26 09:23:52 - [TEST_STEP][PASSED] - callTestCase(findTestCase("AHI/_include/get_screenshot"), [:], STOP_ON_FAILURE): Call Test Case 'Test Cases/AHI/_include/get_screenshot' successfully

2020-05-26 09:23:53 - [TEST_CASE][PASSED] - Test Cases/AHI/_include/get_screenshot: Test Cases/AHI/_include/get_screenshot

2020-05-26 09:23:53 - [TEST_STEP][PASSED] - Thread.sleep(1000): null

2020-05-26 09:23:54 - [TEST_STEP][PASSED] - takeScreenshot(screenPath + i + ".png"): Taking screenshot successfully

2020-05-26 09:23:58 - [MESSAGE][PASSED] - Taking screenshot successfully
[[ATTACHMENT|D:\\Test\\AgileTest\\Reports\\AHI\\ahi\\20200526_080237\\../Screenshots/iPhone 6/AHI/Dental - USA Access/20200526_092158/1.png]]

2020-05-26 09:23:58 - [TEST_STEP][PASSED] - (internal.GlobalVariable.i++): null

2020-05-26 09:23:58 - [MESSAGE][PASSED] - Call Test Case 'Test Cases/AHI/_include/get_screenshot' successfully

2020-05-26 09:23:58 - [TEST_STEP][PASSED] - setText(findTestObject("mobileSanity/Dental/census/input_Location_zip-input"), "35215"): Text '35215' is set on object 'Object Repository/mobileSanity/Dental/census/input_Location_zip-input'

2020-05-26 09:24:11 - [MESSAGE][PASSED] - Text '35215' is set on object 'Object Repository/mobileSanity/Dental/census/input_Location_zip-input'

2020-05-26 09:24:11 - [TEST_STEP][PASSED] - setText(findTestObject("mobileSanity/Dental/census/input_Date of Birth_dob-0"), "12121980"): Text '12121980' is set on object 'Object Repository/mobileSanity/Dental/census/input_Date of Birth_dob-0'

2020-05-26 09:24:12 - [MESSAGE][PASSED] - Text '12121980' is set on object 'Object Repository/mobileSanity/Dental/census/input_Date of Birth_dob-0'

2020-05-26 09:24:12 - [TEST_STEP][PASSED] - click(findTestObject("mobileSanity/Dental/census/label_Male")): Object: 'Object Repository/mobileSanity/Dental/census/label_Male' is clicked on

2020-05-26 09:24:12 - [MESSAGE][PASSED] - Object: 'Object Repository/mobileSanity/Dental/census/label_Male' is clicked on

2020-05-26 09:24:12 - [TEST_STEP][PASSED] - selenium.click("id=js-see-plans"): null

2020-05-26 09:24:18 - [TEST_STEP][PASSED] - for ([second = 0, second < 20, (second++)]): null

2020-05-26 09:24:18 - [TEST_STEP][PASSED] - try: null

2020-05-26 09:24:18 - [TEST_STEP][PASSED] - if (selenium.isElementPresent("id=js-quote-header")): null

2020-05-26 09:24:27 - [TEST_STEP][PASSED] - break: null

2020-05-26 09:24:27 - [TEST_STEP][PASSED] - callTestCase(findTestCase("AHI/_include/get_screenshot"), [:], STOP_ON_FAILURE): Call Test Case 'Test Cases/AHI/_include/get_screenshot' successfully

2020-05-26 09:24:28 - [TEST_CASE][PASSED] - Test Cases/AHI/_include/get_screenshot: Test Cases/AHI/_include/get_screenshot

2020-05-26 09:24:32 - [TEST_STEP][PASSED] - Thread.sleep(1000): null

2020-05-26 09:24:33 - [TEST_STEP][PASSED] - takeScreenshot(screenPath + i + ".png"): Taking screenshot successfully

2020-05-26 09:24:37 - [MESSAGE][PASSED] - Taking screenshot successfully
[[ATTACHMENT|D:\\Test\\AgileTest\\Reports\\AHI\\ahi\\20200526_080237\\../Screenshots/iPhone 6/AHI/Dental - USA Access/20200526_092158/2.png]]

2020-05-26 09:24:37 - [TEST_STEP][PASSED] - (internal.GlobalVariable.i++): null

2020-05-26 09:24:37 - [MESSAGE][PASSED] - Call Test Case 'Test Cases/AHI/_include/get_screenshot' successfully

2020-05-26 09:24:37 - [TEST_STEP][PASSED] - click(findTestObject("mobileSanity/Dental/filter/btn_filter")): Object: 'Object Repository/mobileSanity/Dental/filter/btn_filter' is clicked on

2020-05-26 09:24:44 - [MESSAGE][PASSED] - Object: 'Object Repository/mobileSanity/Dental/filter/btn_filter' is clicked on

2020-05-26 09:24:44 - [TEST_STEP][PASSED] - waitForElementVisible(findTestObject("mobileSanity/Dental/filter/btn_company"), 10): Object 'Object Repository/mobileSanity/Dental/filter/btn_company' is visible

2020-05-26 09:24:44 - [MESSAGE][PASSED] - Object 'Object Repository/mobileSanity/Dental/filter/btn_company' is visible

2020-05-26 09:24:44 - [TEST_STEP][PASSED] - click(findTestObject("mobileSanity/Dental/filter/btn_company")): Object: 'Object Repository/mobileSanity/Dental/filter/btn_company' is clicked on

2020-05-26 09:24:47 - [MESSAGE][PASSED] - Object: 'Object Repository/mobileSanity/Dental/filter/btn_company' is clicked on

2020-05-26 09:24:47 - [TEST_STEP][PASSED] - Thread.sleep(2000): null

2020-05-26 09:24:50 - [TEST_STEP][PASSED] - click(findTestObject("mobileSanity/Dental/filter/btn_usa")): Object: 'Object Repository/mobileSanity/Dental/filter/btn_usa' is clicked on

2020-05-26 09:24:52 - [MESSAGE][PASSED] - Object: 'Object Repository/mobileSanity/Dental/filter/btn_usa' is clicked on

2020-05-26 09:24:52 - [TEST_STEP][PASSED] - waitForJQueryLoad(20, STOP_ON_FAILURE): jQuery is ready.

2020-05-26 09:24:53 - [MESSAGE][PASSED] - jQuery is ready.

2020-05-26 09:24:53 - [TEST_STEP][PASSED] - callTestCase(findTestCase("AHI/_include/get_screenshot"), [:], STOP_ON_FAILURE): Call Test Case 'Test Cases/AHI/_include/get_screenshot' successfully

2020-05-26 09:24:53 - [TEST_CASE][PASSED] - Test Cases/AHI/_include/get_screenshot: Test Cases/AHI/_include/get_screenshot

2020-05-26 09:24:53 - [TEST_STEP][PASSED] - Thread.sleep(1000): null

2020-05-26 09:24:54 - [TEST_STEP][PASSED] - takeScreenshot(screenPath + i + ".png"): Taking screenshot successfully

2020-05-26 09:24:55 - [MESSAGE][PASSED] - Taking screenshot successfully
[[ATTACHMENT|D:\\Test\\AgileTest\\Reports\\AHI\\ahi\\20200526_080237\\../Screenshots/iPhone 6/AHI/Dental - USA Access/20200526_092158/3.png]]

2020-05-26 09:24:55 - [TEST_STEP][PASSED] - (internal.GlobalVariable.i++): null

2020-05-26 09:24:55 - [MESSAGE][PASSED] - Call Test Case 'Test Cases/AHI/_include/get_screenshot' successfully

2020-05-26 09:24:55 - [TEST_STEP][PASSED] - click(findTestObject("mobileSanity/Dental/filter/btn_filter")): Object: 'Object Repository/mobileSanity/Dental/filter/btn_filter' is clicked on

2020-05-26 09:24:55 - [MESSAGE][PASSED] - Object: 'Object Repository/mobileSanity/Dental/filter/btn_filter' is clicked on

2020-05-26 09:24:55 - [TEST_STEP][PASSED] - click(findTestObject("mobileSanity/Dental/quote/a_Select This Plan")): Object: 'Object Repository/mobileSanity/Dental/quote/a_Select This Plan' is clicked on

2020-05-26 09:24:58 - [MESSAGE][PASSED] - Object: 'Object Repository/mobileSanity/Dental/quote/a_Select This Plan' is clicked on

2020-05-26 09:24:58 - [TEST_STEP][PASSED] - waitForPageLoad(10): Wait for page load successfully

2020-05-26 09:25:02 - [MESSAGE][PASSED] - Wait for page load successfully

2020-05-26 09:25:02 - [TEST_STEP][PASSED] - callTestCase(findTestCase("AHI/_include/get_screenshot"), [:], STOP_ON_FAILURE): Call Test Case 'Test Cases/AHI/_include/get_screenshot' successfully

2020-05-26 09:25:02 - [TEST_CASE][PASSED] - Test Cases/AHI/_include/get_screenshot: Test Cases/AHI/_include/get_screenshot

2020-05-26 09:25:03 - [TEST_STEP][PASSED] - Thread.sleep(1000): null

2020-05-26 09:25:04 - [TEST_STEP][PASSED] - takeScreenshot(screenPath + i + ".png"): Taking screenshot successfully

2020-05-26 09:25:05 - [MESSAGE][PASSED] - Taking screenshot successfully
[[ATTACHMENT|D:\\Test\\AgileTest\\Reports\\AHI\\ahi\\20200526_080237\\../Screenshots/iPhone 6/AHI/Dental - USA Access/20200526_092158/4.png]]

2020-05-26 09:25:05 - [TEST_STEP][PASSED] - (internal.GlobalVariable.i++): null

2020-05-26 09:25:05 - [MESSAGE][PASSED] - Call Test Case 'Test Cases/AHI/_include/get_screenshot' successfully

2020-05-26 09:25:05 - [TEST_STEP][PASSED] - Thread.sleep(3000): null

2020-05-26 09:25:09 - [TEST_STEP][PASSED] - click(findTestObject("mobileSanity/Dental/apply/span_Start Secure Application")): Object: 'Object Repository/mobileSanity/Dental/apply/span_Start Secure Application' is clicked on

2020-05-26 09:25:14 - [MESSAGE][PASSED] - Object: 'Object Repository/mobileSanity/Dental/apply/span_Start Secure Application' is clicked on

2020-05-26 09:25:14 - [TEST_STEP][PASSED] - for ([second = 0, second < 20, (second++)]): null

2020-05-26 09:25:15 - [TEST_STEP][PASSED] - try: null

2020-05-26 09:25:15 - [TEST_STEP][PASSED] - if (selenium.isElementPresent("id=member-P-1-firstName")): null

2020-05-26 09:25:22 - [TEST_STEP][PASSED] - break: null

2020-05-26 09:25:22 - [TEST_STEP][PASSED] - callTestCase(findTestCase("AHI/_include/get_screenshot"), [:], STOP_ON_FAILURE): Call Test Case 'Test Cases/AHI/_include/get_screenshot' successfully

2020-05-26 09:25:23 - [TEST_CASE][PASSED] - Test Cases/AHI/_include/get_screenshot: Test Cases/AHI/_include/get_screenshot

2020-05-26 09:25:23 - [TEST_STEP][PASSED] - Thread.sleep(1000): null

2020-05-26 09:25:24 - [TEST_STEP][PASSED] - takeScreenshot(screenPath + i + ".png"): Taking screenshot successfully

2020-05-26 09:25:30 - [MESSAGE][PASSED] - Taking screenshot successfully
[[ATTACHMENT|D:\\Test\\AgileTest\\Reports\\AHI\\ahi\\20200526_080237\\../Screenshots/iPhone 6/AHI/Dental - USA Access/20200526_092158/5.png]]

2020-05-26 09:25:30 - [TEST_STEP][PASSED] - (internal.GlobalVariable.i++): null

2020-05-26 09:25:30 - [MESSAGE][PASSED] - Call Test Case 'Test Cases/AHI/_include/get_screenshot' successfully

2020-05-26 09:25:30 - [TEST_STEP][PASSED] - callTestCase(findTestCase("AHI/_include/name"), [:], CONTINUE_ON_FAILURE): Call Test Case 'Test Cases/AHI/_include/name' successfully

2020-05-26 09:25:30 - [TEST_CASE][PASSED] - Test Cases/AHI/_include/name: Test Cases/AHI/_include/name

2020-05-26 09:25:30 - [TEST_STEP][PASSED] - driver = getWebDriver(): null

2020-05-26 09:25:30 - [TEST_STEP][PASSED] - selenium = new com.thoughtworks.selenium.webdriven.WebDriverBackedSelenium(driver, internal.GlobalVariable.ENV): null

2020-05-26 09:25:42 - [TEST_STEP][PASSED] - FirstName = "Test-123": null

2020-05-26 09:25:42 - [TEST_STEP][PASSED] - LastName = selenium.getEval("{var x="ABCDEFGHIJKLMNOPQRSTUVWXYZabcdefghijklmnopqrstuvwxyz"; var tmp="ZZ11-"; for (i=0;i<8;i++) tmp+=x.charAt(Math.ceil(51*Math.random()));tmp;}"): null

2020-05-26 09:25:45 - [TEST_STEP][PASSED] - Address = selenium.getEval("{var x="ABCDEFGHIJKLMNOPQRSTUVWXYZabcdefghijklmnopqrstuvwxyz"; var tmp=""; for (i=0;i<8;i++) tmp+=x.charAt(Math.ceil(51*Math.random()));tmp;}"): null

2020-05-26 09:25:46 - [TEST_STEP][PASSED] - City = selenium.getEval("{var x="ABCDEFGHIJKLMNOPQRSTUVWXYZabcdefghijklmnopqrstuvwxyz"; var tmp=""; for (i=0;i<8;i++) tmp+=x.charAt(Math.ceil(51*Math.random()));tmp;}"): null

2020-05-26 09:25:46 - [TEST_STEP][PASSED] - tel1 = selenium.getEval("{var x="123456789"; var tmp=""; for (i=0;i<3;i++) tmp+=x.charAt(Math.ceil(8*Math.random()));tmp;}"): null

2020-05-26 09:25:47 - [TEST_STEP][PASSED] - tel2 = selenium.getEval("{var x="123456789"; var tmp=""; for (i=0;i<3;i++) tmp+=x.charAt(Math.ceil(8*Math.random()));tmp;}"): null

2020-05-26 09:25:47 - [TEST_STEP][PASSED] - tel3 = selenium.getEval("{var x="123456789"; var tmp=""; for (i=0;i<4;i++) tmp+=x.charAt(Math.ceil(8*Math.random()));tmp;}"): null

2020-05-26 09:25:48 - [TEST_STEP][PASSED] - Tel = selenium.getExpression(tel1 + "-" + tel2 + "-" + tel3): null

2020-05-26 09:25:48 - [TEST_STEP][PASSED] - AutoEmail = selenium.getEval("{var x="ABCDEFGHIJKLMNOPQRSTUVWXYZabcdefghijklmnopqrstuvwxyz"; var tmp="test."; for (i=0;i<8;i++) tmp+=x.charAt(Math.ceil(51*Math.random()));tmp+="@suryani.cn";}"): null

2020-05-26 09:25:49 - [TEST_STEP][PASSED] - FirstName = FirstName: null

2020-05-26 09:25:49 - [TEST_STEP][PASSED] - LastName = LastName: null

2020-05-26 09:25:49 - [TEST_STEP][PASSED] - Address = Address: null

2020-05-26 09:25:49 - [TEST_STEP][PASSED] - City = City: null

2020-05-26 09:25:49 - [TEST_STEP][PASSED] - Tel = Tel: null

2020-05-26 09:25:49 - [TEST_STEP][PASSED] - AutoEmail = AutoEmail: null

2020-05-26 09:25:49 - [TEST_STEP][PASSED] - println(FirstName): null

2020-05-26 09:25:49 - [TEST_STEP][PASSED] - println(LastName): null

2020-05-26 09:25:49 - [TEST_STEP][PASSED] - println(Address): null

2020-05-26 09:25:49 - [TEST_STEP][PASSED] - println(City): null

2020-05-26 09:25:49 - [TEST_STEP][PASSED] - println(Tel): null

2020-05-26 09:25:49 - [TEST_STEP][PASSED] - println(AutoEmail): null

2020-05-26 09:25:49 - [MESSAGE][PASSED] - Call Test Case 'Test Cases/AHI/_include/name' successfully

2020-05-26 09:25:49 - [TEST_STEP][PASSED] - Thread.sleep(3000): null

2020-05-26 09:25:52 - [TEST_STEP][PASSED] - setText(findTestObject("mobileSanity/Dental/app_page1/input__member-P-1-firstName"), FirstName): Text 'Test-123' is set on object 'Object Repository/mobileSanity/Dental/app_page1/input__member-P-1-firstName'

2020-05-26 09:25:53 - [MESSAGE][PASSED] - Text 'Test-123' is set on object 'Object Repository/mobileSanity/Dental/app_page1/input__member-P-1-firstName'

2020-05-26 09:25:53 - [TEST_STEP][PASSED] - setText(findTestObject("mobileSanity/Dental/app_page1/input__member-P-1-lastName"), LastName): Text 'ZZ11-goQnIOfk' is set on object 'Object Repository/mobileSanity/Dental/app_page1/input__member-P-1-lastName'

2020-05-26 09:26:09 - [MESSAGE][PASSED] - Text 'ZZ11-goQnIOfk' is set on object 'Object Repository/mobileSanity/Dental/app_page1/input__member-P-1-lastName'

2020-05-26 09:26:09 - [TEST_STEP][PASSED] - setText(findTestObject("mobileSanity/Dental/app_page1/input__address"), Address): Text 'QUSSXHCP' is set on object 'Object Repository/mobileSanity/Dental/app_page1/input__address'

2020-05-26 09:26:09 - [MESSAGE][PASSED] - Text 'QUSSXHCP' is set on object 'Object Repository/mobileSanity/Dental/app_page1/input__address'

2020-05-26 09:26:09 - [TEST_STEP][PASSED] - setText(findTestObject("mobileSanity/Dental/app_page1/input__city"), City): Text 'VoEZKnLJ' is set on object 'Object Repository/mobileSanity/Dental/app_page1/input__city'

2020-05-26 09:26:10 - [MESSAGE][PASSED] - Text 'VoEZKnLJ' is set on object 'Object Repository/mobileSanity/Dental/app_page1/input__city'

2020-05-26 09:26:10 - [TEST_STEP][PASSED] - setText(findTestObject("mobileSanity/Dental/app_page1/input__email"), AutoEmail): Text 'test.GfYJlUyT@suryani.cn' is set on object 'Object Repository/mobileSanity/Dental/app_page1/input__email'

2020-05-26 09:26:12 - [MESSAGE][PASSED] - Text 'test.GfYJlUyT@suryani.cn' is set on object 'Object Repository/mobileSanity/Dental/app_page1/input__email'

2020-05-26 09:26:12 - [TEST_STEP][PASSED] - setText(findTestObject("mobileSanity/Dental/app_page1/input_phone"), Tel): Text '793-556-7636' is set on object 'Object Repository/mobileSanity/Dental/app_page1/input_phone'

2020-05-26 09:26:13 - [MESSAGE][PASSED] - Text '793-556-7636' is set on object 'Object Repository/mobileSanity/Dental/app_page1/input_phone'

2020-05-26 09:26:13 - [TEST_STEP][PASSED] - click(findTestObject("mobileSanity/Dental/app_page1/a_Continue to Step 2 - Payment")): Object: 'Object Repository/mobileSanity/Dental/app_page1/a_Continue to Step 2 - Payment' is clicked on

2020-05-26 09:26:28 - [MESSAGE][PASSED] - Object: 'Object Repository/mobileSanity/Dental/app_page1/a_Continue to Step 2 - Payment' is clicked on

2020-05-26 09:26:29 - [TEST_STEP][PASSED] - for ([second = 0, second < 20, (second++)]): null

2020-05-26 09:26:29 - [TEST_STEP][PASSED] - try: null

2020-05-26 09:26:29 - [TEST_STEP][PASSED] - if (selenium.isElementPresent("id=credit-card-number")): null

2020-05-26 09:26:32 - [TEST_STEP][PASSED] - break: null

2020-05-26 09:26:32 - [TEST_STEP][PASSED] - Thread.sleep(2000): null

2020-05-26 09:26:35 - [TEST_STEP][PASSED] - click(findTestObject("mobileSanity/Dental/app_page2/membership/label_ihaveread")): Object: 'Object Repository/mobileSanity/Dental/app_page2/membership/label_ihaveread' is clicked on

2020-05-26 09:26:37 - [MESSAGE][PASSED] - Object: 'Object Repository/mobileSanity/Dental/app_page2/membership/label_ihaveread' is clicked on

2020-05-26 09:26:37 - [TEST_STEP][PASSED] - click(findTestObject("mobileSanity/Dental/app_page2/membership/a_ok")): Object: 'Object Repository/mobileSanity/Dental/app_page2/membership/a_ok' is clicked on

2020-05-26 09:26:38 - [MESSAGE][PASSED] - Object: 'Object Repository/mobileSanity/Dental/app_page2/membership/a_ok' is clicked on

2020-05-26 09:26:38 - [TEST_STEP][PASSED] - Thread.sleep(3000): null

2020-05-26 09:26:41 - [TEST_STEP][PASSED] - callTestCase(findTestCase("AHI/_include/get_screenshot"), [:], STOP_ON_FAILURE): Call Test Case 'Test Cases/AHI/_include/get_screenshot' successfully

2020-05-26 09:26:41 - [TEST_CASE][PASSED] - Test Cases/AHI/_include/get_screenshot: Test Cases/AHI/_include/get_screenshot

2020-05-26 09:26:42 - [TEST_STEP][PASSED] - Thread.sleep(1000): null

2020-05-26 09:26:43 - [TEST_STEP][PASSED] - takeScreenshot(screenPath + i + ".png"): Taking screenshot successfully

2020-05-26 09:26:48 - [MESSAGE][PASSED] - Taking screenshot successfully
[[ATTACHMENT|D:\\Test\\AgileTest\\Reports\\AHI\\ahi\\20200526_080237\\../Screenshots/iPhone 6/AHI/Dental - USA Access/20200526_092158/6.png]]

2020-05-26 09:26:48 - [TEST_STEP][PASSED] - (internal.GlobalVariable.i++): null

2020-05-26 09:26:48 - [MESSAGE][PASSED] - Call Test Case 'Test Cases/AHI/_include/get_screenshot' successfully

2020-05-26 09:26:48 - [TEST_STEP][PASSED] - setText(findTestObject("mobileSanity/Dental/app_page2/input__credit-card-first"), FirstName): Text 'Test-123' is set on object 'Object Repository/mobileSanity/Dental/app_page2/input__credit-card-first'

2020-05-26 09:26:52 - [MESSAGE][PASSED] - Text 'Test-123' is set on object 'Object Repository/mobileSanity/Dental/app_page2/input__credit-card-first'

2020-05-26 09:26:52 - [TEST_STEP][PASSED] - setText(findTestObject("mobileSanity/Dental/app_page2/input__credit-card-last"), LastName): Text 'ZZ11-goQnIOfk' is set on object 'Object Repository/mobileSanity/Dental/app_page2/input__credit-card-last'

2020-05-26 09:26:54 - [MESSAGE][PASSED] - Text 'ZZ11-goQnIOfk' is set on object 'Object Repository/mobileSanity/Dental/app_page2/input__credit-card-last'

2020-05-26 09:26:54 - [TEST_STEP][PASSED] - selectOptionByValue(findTestObject("mobileSanity/Dental/app_page2/select_MM010203040506070809101"), "12", true): All options with value '12' are selected in object 'Object Repository/mobileSanity/Dental/app_page2/select_MM010203040506070809101'  using regular expression

2020-05-26 09:27:00 - [MESSAGE][PASSED] - All options with value '12' are selected in object 'Object Repository/mobileSanity/Dental/app_page2/select_MM010203040506070809101'  using regular expression

2020-05-26 09:27:00 - [TEST_STEP][PASSED] - selectOptionByValue(findTestObject("mobileSanity/Dental/app_page2/select_YYYY2019202020212022202"), "2026", true): All options with value '2026' are selected in object 'Object Repository/mobileSanity/Dental/app_page2/select_YYYY2019202020212022202'  using regular expression

2020-05-26 09:27:07 - [MESSAGE][PASSED] - All options with value '2026' are selected in object 'Object Repository/mobileSanity/Dental/app_page2/select_YYYY2019202020212022202'  using regular expression

2020-05-26 09:27:07 - [TEST_STEP][PASSED] - setText(findTestObject("mobileSanity/Dental/app_page2/input__credit-card-number"), "4111111111111111"): Text '4111111111111111' is set on object 'Object Repository/mobileSanity/Dental/app_page2/input__credit-card-number'

2020-05-26 09:27:11 - [MESSAGE][PASSED] - Text '4111111111111111' is set on object 'Object Repository/mobileSanity/Dental/app_page2/input__credit-card-number'

2020-05-26 09:27:11 - [TEST_STEP][PASSED] - setText(findTestObject("mobileSanity/Dental/app_page2/input__cvv"), "123"): Text '123' is set on object 'Object Repository/mobileSanity/Dental/app_page2/input__cvv'

2020-05-26 09:27:15 - [MESSAGE][PASSED] - Text '123' is set on object 'Object Repository/mobileSanity/Dental/app_page2/input__cvv'

2020-05-26 09:27:15 - [TEST_STEP][PASSED] - click(findTestObject("mobileSanity/Dental/app_page2/label_My billing address is th")): Object: 'Object Repository/mobileSanity/Dental/app_page2/label_My billing address is th' is clicked on

2020-05-26 09:27:15 - [MESSAGE][PASSED] - Object: 'Object Repository/mobileSanity/Dental/app_page2/label_My billing address is th' is clicked on

2020-05-26 09:27:15 - [TEST_STEP][PASSED] - click(findTestObject("mobileSanity/Dental/app_page2/label_I Accept Authorization f")): Object: 'Object Repository/mobileSanity/Dental/app_page2/label_I Accept Authorization f' is clicked on

2020-05-26 09:27:18 - [MESSAGE][PASSED] - Object: 'Object Repository/mobileSanity/Dental/app_page2/label_I Accept Authorization f' is clicked on

2020-05-26 09:27:18 - [TEST_STEP][PASSED] - click(findTestObject("mobileSanity/Dental/app_page2/a_Continue to Step 3 - Review")): Object: 'Object Repository/mobileSanity/Dental/app_page2/a_Continue to Step 3 - Review' is clicked on

2020-05-26 09:27:35 - [MESSAGE][PASSED] - Object: 'Object Repository/mobileSanity/Dental/app_page2/a_Continue to Step 3 - Review' is clicked on

2020-05-26 09:27:35 - [TEST_STEP][PASSED] - for ([second = 0, second < 20, (second++)]): null

2020-05-26 09:27:35 - [TEST_STEP][PASSED] - try: null

2020-05-26 09:27:35 - [TEST_STEP][PASSED] - if (selenium.isElementPresent("id=consent-checkbox-0")): null

2020-05-26 09:27:35 - [TEST_STEP][PASSED] - Thread.sleep(1000): null

2020-05-26 09:27:36 - [TEST_STEP][PASSED] - try: null

2020-05-26 09:27:37 - [TEST_STEP][PASSED] - if (selenium.isElementPresent("id=consent-checkbox-0")): null

2020-05-26 09:27:37 - [TEST_STEP][PASSED] - break: null

2020-05-26 09:27:37 - [TEST_STEP][PASSED] - waitForElementClickable(findTestObject("mobileSanity/Dental/app_page3/label"), 20): Object 'Object Repository/mobileSanity/Dental/app_page3/label' is clickable

2020-05-26 09:27:37 - [MESSAGE][PASSED] - Object 'Object Repository/mobileSanity/Dental/app_page3/label' is clickable

2020-05-26 09:27:37 - [TEST_STEP][PASSED] - callTestCase(findTestCase("AHI/_include/get_screenshot"), [:], STOP_ON_FAILURE): Call Test Case 'Test Cases/AHI/_include/get_screenshot' successfully

2020-05-26 09:27:38 - [TEST_CASE][PASSED] - Test Cases/AHI/_include/get_screenshot: Test Cases/AHI/_include/get_screenshot

2020-05-26 09:27:38 - [TEST_STEP][PASSED] - Thread.sleep(1000): null

2020-05-26 09:27:39 - [TEST_STEP][PASSED] - takeScreenshot(screenPath + i + ".png"): Taking screenshot successfully

2020-05-26 09:27:42 - [MESSAGE][PASSED] - Taking screenshot successfully
[[ATTACHMENT|D:\\Test\\AgileTest\\Reports\\AHI\\ahi\\20200526_080237\\../Screenshots/iPhone 6/AHI/Dental - USA Access/20200526_092158/7.png]]

2020-05-26 09:27:42 - [TEST_STEP][PASSED] - (internal.GlobalVariable.i++): null

2020-05-26 09:27:42 - [MESSAGE][PASSED] - Call Test Case 'Test Cases/AHI/_include/get_screenshot' successfully

2020-05-26 09:27:42 - [TEST_STEP][PASSED] - click(findTestObject("mobileSanity/Dental/app_page3/label")): Object: 'Object Repository/mobileSanity/Dental/app_page3/label' is clicked on

2020-05-26 09:27:45 - [MESSAGE][PASSED] - Object: 'Object Repository/mobileSanity/Dental/app_page3/label' is clicked on

2020-05-26 09:27:45 - [TEST_STEP][PASSED] - click(findTestObject("mobileSanity/Dental/app_page3/p_CLICK TO SIGN")): Object: 'Object Repository/mobileSanity/Dental/app_page3/p_CLICK TO SIGN' is clicked on

2020-05-26 09:27:51 - [MESSAGE][PASSED] - Object: 'Object Repository/mobileSanity/Dental/app_page3/p_CLICK TO SIGN' is clicked on

2020-05-26 09:27:51 - [TEST_STEP][PASSED] - click(findTestObject("mobileSanity/Dental/app_page3/a_Submit Your Application")): Object: 'Object Repository/mobileSanity/Dental/app_page3/a_Submit Your Application' is clicked on

2020-05-26 09:27:53 - [MESSAGE][PASSED] - Object: 'Object Repository/mobileSanity/Dental/app_page3/a_Submit Your Application' is clicked on

2020-05-26 09:27:53 - [TEST_STEP][PASSED] - for ([second = 0, second < 30, (second++)]): null

2020-05-26 09:27:53 - [TEST_STEP][PASSED] - try: null

2020-05-26 09:27:53 - [TEST_STEP][PASSED] - if (selenium.isElementPresent("id=app-confirmation")): null

2020-05-26 09:27:55 - [TEST_STEP][PASSED] - Thread.sleep(1000): null

2020-05-26 09:27:56 - [TEST_STEP][PASSED] - try: null

2020-05-26 09:27:56 - [TEST_STEP][PASSED] - if (selenium.isElementPresent("id=app-confirmation")): null

2020-05-26 09:27:56 - [TEST_STEP][PASSED] - Thread.sleep(1000): null

2020-05-26 09:27:57 - [TEST_STEP][PASSED] - try: null

2020-05-26 09:27:57 - [TEST_STEP][PASSED] - if (selenium.isElementPresent("id=app-confirmation")): null

2020-05-26 09:27:57 - [TEST_STEP][PASSED] - Thread.sleep(1000): null

2020-05-26 09:27:58 - [TEST_STEP][PASSED] - try: null

2020-05-26 09:27:58 - [TEST_STEP][PASSED] - if (selenium.isElementPresent("id=app-confirmation")): null

2020-05-26 09:28:04 - [TEST_STEP][PASSED] - Thread.sleep(1000): null

2020-05-26 09:28:08 - [TEST_STEP][PASSED] - try: null

2020-05-26 09:28:08 - [TEST_STEP][PASSED] - if (selenium.isElementPresent("id=app-confirmation")): null

2020-05-26 09:28:09 - [TEST_STEP][PASSED] - Thread.sleep(1000): null

2020-05-26 09:28:10 - [TEST_STEP][PASSED] - try: null

2020-05-26 09:28:10 - [TEST_STEP][PASSED] - if (selenium.isElementPresent("id=app-confirmation")): null

2020-05-26 09:28:12 - [TEST_STEP][PASSED] - Thread.sleep(1000): null

2020-05-26 09:28:14 - [TEST_STEP][PASSED] - try: null

2020-05-26 09:28:14 - [TEST_STEP][PASSED] - if (selenium.isElementPresent("id=app-confirmation")): null

2020-05-26 09:28:15 - [TEST_STEP][PASSED] - Thread.sleep(1000): null

2020-05-26 09:28:16 - [TEST_STEP][PASSED] - try: null

2020-05-26 09:28:16 - [TEST_STEP][PASSED] - if (selenium.isElementPresent("id=app-confirmation")): null

2020-05-26 09:28:17 - [TEST_STEP][PASSED] - Thread.sleep(1000): null

2020-05-26 09:28:18 - [TEST_STEP][PASSED] - try: null

2020-05-26 09:28:18 - [TEST_STEP][PASSED] - if (selenium.isElementPresent("id=app-confirmation")): null

2020-05-26 09:28:18 - [TEST_STEP][PASSED] - Thread.sleep(1000): null

2020-05-26 09:28:19 - [TEST_STEP][PASSED] - try: null

2020-05-26 09:28:19 - [TEST_STEP][PASSED] - if (selenium.isElementPresent("id=app-confirmation")): null

2020-05-26 09:28:19 - [TEST_STEP][PASSED] - Thread.sleep(1000): null

2020-05-26 09:28:21 - [TEST_STEP][PASSED] - try: null

2020-05-26 09:28:21 - [TEST_STEP][PASSED] - if (selenium.isElementPresent("id=app-confirmation")): null

2020-05-26 09:28:21 - [TEST_STEP][PASSED] - Thread.sleep(1000): null

2020-05-26 09:28:23 - [TEST_STEP][PASSED] - try: null

2020-05-26 09:28:23 - [TEST_STEP][PASSED] - if (selenium.isElementPresent("id=app-confirmation")): null

2020-05-26 09:28:26 - [TEST_STEP][PASSED] - Thread.sleep(1000): null

2020-05-26 09:28:27 - [TEST_STEP][PASSED] - try: null

2020-05-26 09:28:27 - [TEST_STEP][PASSED] - if (selenium.isElementPresent("id=app-confirmation")): null

2020-05-26 09:28:31 - [TEST_STEP][PASSED] - Thread.sleep(1000): null

2020-05-26 09:28:33 - [TEST_STEP][PASSED] - try: null

2020-05-26 09:28:33 - [TEST_STEP][PASSED] - if (selenium.isElementPresent("id=app-confirmation")): null

2020-05-26 09:28:33 - [TEST_STEP][PASSED] - Thread.sleep(1000): null

2020-05-26 09:28:34 - [TEST_STEP][PASSED] - try: null

2020-05-26 09:28:34 - [TEST_STEP][PASSED] - if (selenium.isElementPresent("id=app-confirmation")): null

2020-05-26 09:28:34 - [TEST_STEP][PASSED] - Thread.sleep(1000): null

2020-05-26 09:28:35 - [TEST_STEP][PASSED] - try: null

2020-05-26 09:28:35 - [TEST_STEP][PASSED] - if (selenium.isElementPresent("id=app-confirmation")): null

2020-05-26 09:28:36 - [TEST_STEP][PASSED] - Thread.sleep(1000): null

2020-05-26 09:28:37 - [TEST_STEP][PASSED] - try: null

2020-05-26 09:28:37 - [TEST_STEP][PASSED] - if (selenium.isElementPresent("id=app-confirmation")): null

2020-05-26 09:28:39 - [TEST_STEP][PASSED] - Thread.sleep(1000): null

2020-05-26 09:28:40 - [TEST_STEP][PASSED] - try: null

2020-05-26 09:28:40 - [TEST_STEP][PASSED] - if (selenium.isElementPresent("id=app-confirmation")): null

2020-05-26 09:28:40 - [TEST_STEP][PASSED] - Thread.sleep(1000): null

2020-05-26 09:28:41 - [TEST_STEP][PASSED] - try: null

2020-05-26 09:28:41 - [TEST_STEP][PASSED] - if (selenium.isElementPresent("id=app-confirmation")): null

2020-05-26 09:28:43 - [TEST_STEP][PASSED] - Thread.sleep(1000): null

2020-05-26 09:28:45 - [TEST_STEP][PASSED] - try: null

2020-05-26 09:28:45 - [TEST_STEP][PASSED] - if (selenium.isElementPresent("id=app-confirmation")): null

2020-05-26 09:28:47 - [TEST_STEP][PASSED] - Thread.sleep(1000): null

2020-05-26 09:28:48 - [TEST_STEP][PASSED] - try: null

2020-05-26 09:28:48 - [TEST_STEP][PASSED] - if (selenium.isElementPresent("id=app-confirmation")): null

2020-05-26 09:28:49 - [TEST_STEP][PASSED] - Thread.sleep(1000): null

2020-05-26 09:28:51 - [TEST_STEP][PASSED] - try: null

2020-05-26 09:28:51 - [TEST_STEP][PASSED] - if (selenium.isElementPresent("id=app-confirmation")): null

2020-05-26 09:28:52 - [TEST_STEP][PASSED] - Thread.sleep(1000): null

2020-05-26 09:28:53 - [TEST_STEP][PASSED] - try: null

2020-05-26 09:28:53 - [TEST_STEP][PASSED] - if (selenium.isElementPresent("id=app-confirmation")): null

2020-05-26 09:28:53 - [TEST_STEP][PASSED] - Thread.sleep(1000): null

2020-05-26 09:28:54 - [TEST_STEP][PASSED] - try: null

2020-05-26 09:28:54 - [TEST_STEP][PASSED] - if (selenium.isElementPresent("id=app-confirmation")): null

2020-05-26 09:28:55 - [TEST_STEP][PASSED] - Thread.sleep(1000): null

2020-05-26 09:28:56 - [TEST_STEP][PASSED] - try: null

2020-05-26 09:28:56 - [TEST_STEP][PASSED] - if (selenium.isElementPresent("id=app-confirmation")): null

2020-05-26 09:28:56 - [TEST_STEP][PASSED] - Thread.sleep(1000): null

2020-05-26 09:28:57 - [TEST_STEP][PASSED] - try: null

2020-05-26 09:28:57 - [TEST_STEP][PASSED] - if (selenium.isElementPresent("id=app-confirmation")): null

2020-05-26 09:28:57 - [TEST_STEP][PASSED] - Thread.sleep(1000): null

2020-05-26 09:28:59 - [TEST_STEP][PASSED] - try: null

2020-05-26 09:28:59 - [TEST_STEP][PASSED] - if (selenium.isElementPresent("id=app-confirmation")): null

2020-05-26 09:29:01 - [TEST_STEP][PASSED] - Thread.sleep(1000): null

2020-05-26 09:29:02 - [TEST_STEP][PASSED] - try: null

2020-05-26 09:29:02 - [TEST_STEP][PASSED] - if (selenium.isElementPresent("id=app-confirmation")): null

2020-05-26 09:29:02 - [TEST_STEP][PASSED] - Thread.sleep(1000): null

2020-05-26 09:29:05 - [TEST_STEP][PASSED] - try: null

2020-05-26 09:29:05 - [TEST_STEP][PASSED] - if (selenium.isElementPresent("id=app-confirmation")): null

2020-05-26 09:29:07 - [TEST_STEP][PASSED] - Thread.sleep(1000): null

2020-05-26 09:29:09 - [TEST_STEP][PASSED] - try: null

2020-05-26 09:29:09 - [TEST_STEP][PASSED] - if (selenium.isElementPresent("id=app-confirmation")): null

2020-05-26 09:29:12 - [TEST_STEP][PASSED] - Thread.sleep(1000): null

2020-05-26 09:29:13 - [TEST_STEP][PASSED] - callTestCase(findTestCase("AHI/_include/get_screenshot"), [:], STOP_ON_FAILURE): Call Test Case 'Test Cases/AHI/_include/get_screenshot' successfully

2020-05-26 09:29:13 - [TEST_CASE][PASSED] - Test Cases/AHI/_include/get_screenshot: Test Cases/AHI/_include/get_screenshot

2020-05-26 09:29:13 - [TEST_STEP][PASSED] - Thread.sleep(1000): null

2020-05-26 09:29:16 - [TEST_STEP][PASSED] - takeScreenshot(screenPath + i + ".png"): Taking screenshot successfully

2020-05-26 09:29:17 - [MESSAGE][PASSED] - Taking screenshot successfully
[[ATTACHMENT|D:\\Test\\AgileTest\\Reports\\AHI\\ahi\\20200526_080237\\../Screenshots/iPhone 6/AHI/Dental - USA Access/20200526_092158/8.png]]

2020-05-26 09:29:17 - [TEST_STEP][PASSED] - (internal.GlobalVariable.i++): null

2020-05-26 09:29:17 - [MESSAGE][PASSED] - Call Test Case 'Test Cases/AHI/_include/get_screenshot' successfully]]></system-out>
         <system-err><![CDATA[]]></system-err>
      </testcase>
      <testcase name="Test Cases/AHI/NEW/HBI" classname="Test Cases/AHI/NEW/HBI" status="PASSED">
         <system-out><![CDATA[2020-05-26 09:29:17 - [TEST_CASE][PASSED] - Test Cases/AHI/NEW/HBI: Test Cases/AHI/NEW/HBI

2020-05-26 09:29:20 - [TEST_STEP][PASSED] - callTestCase(findTestCase("AHI/_include/get_screenPath"), ["productLine":"AHI", "carrierName":"HBI"], CONTINUE_ON_FAILURE): Call Test Case 'Test Cases/AHI/_include/get_screenPath' successfully

2020-05-26 09:29:20 - [TEST_CASE][PASSED] - Test Cases/AHI/_include/get_screenPath: Test Cases/AHI/_include/get_screenPath

2020-05-26 09:29:20 - [TEST_STEP][PASSED] - m = getExecutionProperties(): null

2020-05-26 09:29:20 - [TEST_STEP][PASSED] - deviceName = get("mobileEmulation").get("deviceName"): null

2020-05-26 09:29:20 - [TEST_STEP][PASSED] - println(deviceName): null

2020-05-26 09:29:20 - [TEST_STEP][PASSED] - now = new java.util.Date(): null

2020-05-26 09:29:20 - [TEST_STEP][PASSED] - mydate = now.format("yyyyMMdd_HHmmss"): null

2020-05-26 09:29:20 - [TEST_STEP][PASSED] - screenPath = "../Screenshots/": null

2020-05-26 09:29:20 - [TEST_STEP][PASSED] - screenPath = screenPath + deviceName + "/" + productLine + "/" + carrierName + "/" + mydate + "/": null

2020-05-26 09:29:20 - [TEST_STEP][PASSED] - println(screenPath): null

2020-05-26 09:29:20 - [MESSAGE][PASSED] - Call Test Case 'Test Cases/AHI/_include/get_screenPath' successfully

2020-05-26 09:29:20 - [TEST_STEP][PASSED] - i = 0: null

2020-05-26 09:29:20 - [TEST_STEP][PASSED] - callTestCase(findTestCase("AHI/_include/openWebSite"), [:], CONTINUE_ON_FAILURE): Call Test Case 'Test Cases/AHI/_include/openWebSite' successfully

2020-05-26 09:29:21 - [TEST_CASE][PASSED] - Test Cases/AHI/_include/openWebSite: Test Cases/AHI/_include/openWebSite

2020-05-26 09:29:21 - [TEST_STEP][PASSED] - openBrowser(env): Browser is opened with url: 'https://praetemptatus.agilehealthinsurance.com'

2020-05-26 09:29:21 - [MESSAGE][WARNING] - A browser is already opened. Closing browser and opening a new one

2020-05-26 09:29:23 - [MESSAGE][INFO] - Starting 'Chrome' driver

2020-05-26 09:29:23 - [MESSAGE][INFO] - User set preference: ['mobileEmulation', '{deviceName=iPhone 6}']

2020-05-26 09:29:23 - [MESSAGE][INFO] - User set preference: ['args', '[--incognito, --aggressive-cache-discard, --window-size=375,677, --no-sandbox, --ignore-certificate-errors]']

2020-05-26 09:30:06 - [MESSAGE][PASSED] - Browser is opened with url: 'https://praetemptatus.agilehealthinsurance.com'

2020-05-26 09:30:06 - [TEST_STEP][PASSED] - waitForPageLoad(20): Wait for page load successfully

2020-05-26 09:30:06 - [MESSAGE][PASSED] - Wait for page load successfully

2020-05-26 09:30:06 - [TEST_STEP][PASSED] - callTestCase(findTestCase("AHI/_include/get_screenshot"), [:], STOP_ON_FAILURE): Call Test Case 'Test Cases/AHI/_include/get_screenshot' successfully

2020-05-26 09:30:06 - [TEST_CASE][PASSED] - Test Cases/AHI/_include/get_screenshot: Test Cases/AHI/_include/get_screenshot

2020-05-26 09:30:06 - [TEST_STEP][PASSED] - Thread.sleep(1000): null

2020-05-26 09:30:07 - [TEST_STEP][PASSED] - takeScreenshot(screenPath + i + ".png"): Taking screenshot successfully

2020-05-26 09:30:22 - [MESSAGE][PASSED] - Taking screenshot successfully
[[ATTACHMENT|D:\\Test\\AgileTest\\Reports\\AHI\\ahi\\20200526_080237\\../Screenshots/iPhone 6/AHI/HBI/20200526_092920/0.png]]

2020-05-26 09:30:22 - [TEST_STEP][PASSED] - (internal.GlobalVariable.i++): null

2020-05-26 09:30:22 - [MESSAGE][PASSED] - Call Test Case 'Test Cases/AHI/_include/get_screenshot' successfully

2020-05-26 09:30:22 - [MESSAGE][PASSED] - Call Test Case 'Test Cases/AHI/_include/openWebSite' successfully

2020-05-26 09:30:22 - [TEST_STEP][PASSED] - driver = getWebDriver(): null

2020-05-26 09:30:22 - [TEST_STEP][PASSED] - baseUrl = ENV: null

2020-05-26 09:30:22 - [TEST_STEP][PASSED] - selenium = new com.thoughtworks.selenium.webdriven.WebDriverBackedSelenium(driver, baseUrl): null

2020-05-26 09:30:22 - [TEST_STEP][PASSED] - selenium.click("//*[@class='filter-option-inner-inner']"): null

2020-05-26 09:30:22 - [TEST_STEP][PASSED] - selenium.click("id=bs-select-1-3"): null

2020-05-26 09:30:23 - [TEST_STEP][PASSED] - selenium.click("id=primaryCTA"): null

2020-05-26 09:30:33 - [TEST_STEP][PASSED] - for ([second = 0, second < 10, (second++)]): null

2020-05-26 09:30:33 - [TEST_STEP][PASSED] - try: null

2020-05-26 09:30:33 - [TEST_STEP][PASSED] - if (selenium.isElementPresent("id=js-traffic-to-aiq")): null

2020-05-26 09:30:37 - [TEST_STEP][PASSED] - break: null

2020-05-26 09:30:37 - [TEST_STEP][PASSED] - callTestCase(findTestCase("AHI/_include/get_screenshot"), [:], STOP_ON_FAILURE): Call Test Case 'Test Cases/AHI/_include/get_screenshot' successfully

2020-05-26 09:30:38 - [TEST_CASE][PASSED] - Test Cases/AHI/_include/get_screenshot: Test Cases/AHI/_include/get_screenshot

2020-05-26 09:30:38 - [TEST_STEP][PASSED] - Thread.sleep(1000): null

2020-05-26 09:30:39 - [TEST_STEP][PASSED] - takeScreenshot(screenPath + i + ".png"): Taking screenshot successfully

2020-05-26 09:30:40 - [MESSAGE][PASSED] - Taking screenshot successfully
[[ATTACHMENT|D:\\Test\\AgileTest\\Reports\\AHI\\ahi\\20200526_080237\\../Screenshots/iPhone 6/AHI/HBI/20200526_092920/1.png]]

2020-05-26 09:30:40 - [TEST_STEP][PASSED] - (internal.GlobalVariable.i++): null

2020-05-26 09:30:40 - [MESSAGE][PASSED] - Call Test Case 'Test Cases/AHI/_include/get_screenshot' successfully

2020-05-26 09:30:40 - [TEST_STEP][PASSED] - url = selenium.getAttribute("xpath=(//a[@id='js-traffic-to-aiq'])@href"): null

2020-05-26 09:30:44 - [TEST_STEP][PASSED] - navigateToUrl(url): Navigate to 'https://healthinsurance.net/health?utm_source=hiiq&utm_medium=cpm&utm_campaign=agile' successfully

2020-05-26 09:31:18 - [MESSAGE][PASSED] - Navigate to 'https://healthinsurance.net/health?utm_source=hiiq&utm_medium=cpm&utm_campaign=agile' successfully

2020-05-26 09:31:18 - [TEST_STEP][PASSED] - waitForPageLoad(10): Wait for page load successfully

2020-05-26 09:31:19 - [MESSAGE][PASSED] - Wait for page load successfully

2020-05-26 09:31:19 - [TEST_STEP][PASSED] - callTestCase(findTestCase("AHI/_include/get_screenshot"), [:], STOP_ON_FAILURE): Call Test Case 'Test Cases/AHI/_include/get_screenshot' successfully

2020-05-26 09:31:19 - [TEST_CASE][PASSED] - Test Cases/AHI/_include/get_screenshot: Test Cases/AHI/_include/get_screenshot

2020-05-26 09:31:19 - [TEST_STEP][PASSED] - Thread.sleep(1000): null

2020-05-26 09:31:20 - [TEST_STEP][PASSED] - takeScreenshot(screenPath + i + ".png"): Taking screenshot successfully

2020-05-26 09:31:22 - [MESSAGE][PASSED] - Taking screenshot successfully
[[ATTACHMENT|D:\\Test\\AgileTest\\Reports\\AHI\\ahi\\20200526_080237\\../Screenshots/iPhone 6/AHI/HBI/20200526_092920/2.png]]

2020-05-26 09:31:22 - [TEST_STEP][PASSED] - (internal.GlobalVariable.i++): null

2020-05-26 09:31:22 - [MESSAGE][PASSED] - Call Test Case 'Test Cases/AHI/_include/get_screenshot' successfully]]></system-out>
         <system-err><![CDATA[]]></system-err>
      </testcase>
      <testcase name="Test Cases/AHI/NEW/Medicare" classname="Test Cases/AHI/NEW/Medicare" status="PASSED">
         <system-out><![CDATA[2020-05-26 09:31:22 - [TEST_CASE][PASSED] - Test Cases/AHI/NEW/Medicare: Test Cases/AHI/NEW/Medicare

2020-05-26 09:31:23 - [TEST_STEP][PASSED] - callTestCase(findTestCase("AHI/_include/get_screenPath"), ["productLine":"AHI", "carrierName":"Medicare"], CONTINUE_ON_FAILURE): Call Test Case 'Test Cases/AHI/_include/get_screenPath' successfully

2020-05-26 09:31:23 - [TEST_CASE][PASSED] - Test Cases/AHI/_include/get_screenPath: Test Cases/AHI/_include/get_screenPath

2020-05-26 09:31:23 - [TEST_STEP][PASSED] - m = getExecutionProperties(): null

2020-05-26 09:31:23 - [TEST_STEP][PASSED] - deviceName = get("mobileEmulation").get("deviceName"): null

2020-05-26 09:31:23 - [TEST_STEP][PASSED] - println(deviceName): null

2020-05-26 09:31:23 - [TEST_STEP][PASSED] - now = new java.util.Date(): null

2020-05-26 09:31:23 - [TEST_STEP][PASSED] - mydate = now.format("yyyyMMdd_HHmmss"): null

2020-05-26 09:31:23 - [TEST_STEP][PASSED] - screenPath = "../Screenshots/": null

2020-05-26 09:31:23 - [TEST_STEP][PASSED] - screenPath = screenPath + deviceName + "/" + productLine + "/" + carrierName + "/" + mydate + "/": null

2020-05-26 09:31:23 - [TEST_STEP][PASSED] - println(screenPath): null

2020-05-26 09:31:23 - [MESSAGE][PASSED] - Call Test Case 'Test Cases/AHI/_include/get_screenPath' successfully

2020-05-26 09:31:23 - [TEST_STEP][PASSED] - i = 0: null

2020-05-26 09:31:23 - [TEST_STEP][PASSED] - callTestCase(findTestCase("AHI/_include/openWebSite"), [:], CONTINUE_ON_FAILURE): Call Test Case 'Test Cases/AHI/_include/openWebSite' successfully

2020-05-26 09:31:23 - [TEST_CASE][PASSED] - Test Cases/AHI/_include/openWebSite: Test Cases/AHI/_include/openWebSite

2020-05-26 09:31:23 - [TEST_STEP][PASSED] - openBrowser(env): Browser is opened with url: 'https://praetemptatus.agilehealthinsurance.com'

2020-05-26 09:31:23 - [MESSAGE][WARNING] - A browser is already opened. Closing browser and opening a new one

2020-05-26 09:31:29 - [MESSAGE][INFO] - Starting 'Chrome' driver

2020-05-26 09:31:29 - [MESSAGE][INFO] - User set preference: ['mobileEmulation', '{deviceName=iPhone 6}']

2020-05-26 09:31:29 - [MESSAGE][INFO] - User set preference: ['args', '[--incognito, --aggressive-cache-discard, --window-size=375,677, --no-sandbox, --ignore-certificate-errors]']

2020-05-26 09:32:09 - [MESSAGE][PASSED] - Browser is opened with url: 'https://praetemptatus.agilehealthinsurance.com'

2020-05-26 09:32:09 - [TEST_STEP][PASSED] - waitForPageLoad(20): Wait for page load successfully

2020-05-26 09:32:09 - [MESSAGE][PASSED] - Wait for page load successfully

2020-05-26 09:32:09 - [TEST_STEP][PASSED] - callTestCase(findTestCase("AHI/_include/get_screenshot"), [:], STOP_ON_FAILURE): Call Test Case 'Test Cases/AHI/_include/get_screenshot' successfully

2020-05-26 09:32:10 - [TEST_CASE][PASSED] - Test Cases/AHI/_include/get_screenshot: Test Cases/AHI/_include/get_screenshot

2020-05-26 09:32:10 - [TEST_STEP][PASSED] - Thread.sleep(1000): null

2020-05-26 09:32:11 - [TEST_STEP][PASSED] - takeScreenshot(screenPath + i + ".png"): Taking screenshot successfully

2020-05-26 09:32:21 - [MESSAGE][PASSED] - Taking screenshot successfully
[[ATTACHMENT|D:\\Test\\AgileTest\\Reports\\AHI\\ahi\\20200526_080237\\../Screenshots/iPhone 6/AHI/Medicare/20200526_093123/0.png]]

2020-05-26 09:32:21 - [TEST_STEP][PASSED] - (internal.GlobalVariable.i++): null

2020-05-26 09:32:21 - [MESSAGE][PASSED] - Call Test Case 'Test Cases/AHI/_include/get_screenshot' successfully

2020-05-26 09:32:21 - [MESSAGE][PASSED] - Call Test Case 'Test Cases/AHI/_include/openWebSite' successfully

2020-05-26 09:32:21 - [TEST_STEP][PASSED] - driver = getWebDriver(): null

2020-05-26 09:32:21 - [TEST_STEP][PASSED] - baseUrl = ENV: null

2020-05-26 09:32:21 - [TEST_STEP][PASSED] - selenium = new com.thoughtworks.selenium.webdriven.WebDriverBackedSelenium(driver, baseUrl): null

2020-05-26 09:32:25 - [TEST_STEP][PASSED] - selenium.click("//*[@class='filter-option-inner-inner']"): null

2020-05-26 09:32:26 - [TEST_STEP][PASSED] - selenium.click("id=bs-select-1-4"): null

2020-05-26 09:32:32 - [TEST_STEP][PASSED] - selenium.click("id=primaryCTA"): null

2020-05-26 09:32:37 - [TEST_STEP][PASSED] - for ([second = 0, second < 10, (second++)]): null

2020-05-26 09:32:37 - [TEST_STEP][PASSED] - try: null

2020-05-26 09:32:37 - [TEST_STEP][PASSED] - if (selenium.isElementPresent("//h1[contains(text(),'Compare Medicare health plans')]")): null

2020-05-26 09:32:37 - [TEST_STEP][PASSED] - Thread.sleep(1000): null

2020-05-26 09:32:38 - [TEST_STEP][PASSED] - try: null

2020-05-26 09:32:38 - [TEST_STEP][PASSED] - if (selenium.isElementPresent("//h1[contains(text(),'Compare Medicare health plans')]")): null

2020-05-26 09:32:39 - [TEST_STEP][PASSED] - Thread.sleep(1000): null

2020-05-26 09:32:40 - [TEST_STEP][PASSED] - try: null

2020-05-26 09:32:40 - [TEST_STEP][PASSED] - if (selenium.isElementPresent("//h1[contains(text(),'Compare Medicare health plans')]")): null

2020-05-26 09:32:40 - [TEST_STEP][PASSED] - Thread.sleep(1000): null

2020-05-26 09:32:41 - [TEST_STEP][PASSED] - try: null

2020-05-26 09:32:41 - [TEST_STEP][PASSED] - if (selenium.isElementPresent("//h1[contains(text(),'Compare Medicare health plans')]")): null

2020-05-26 09:32:53 - [TEST_STEP][PASSED] - break: null

2020-05-26 09:32:53 - [TEST_STEP][PASSED] - callTestCase(findTestCase("AHI/_include/get_screenshot"), [:], STOP_ON_FAILURE): Call Test Case 'Test Cases/AHI/_include/get_screenshot' successfully

2020-05-26 09:32:53 - [TEST_CASE][PASSED] - Test Cases/AHI/_include/get_screenshot: Test Cases/AHI/_include/get_screenshot

2020-05-26 09:32:54 - [TEST_STEP][PASSED] - Thread.sleep(1000): null

2020-05-26 09:32:55 - [TEST_STEP][PASSED] - takeScreenshot(screenPath + i + ".png"): Taking screenshot successfully

2020-05-26 09:32:59 - [MESSAGE][PASSED] - Taking screenshot successfully
[[ATTACHMENT|D:\\Test\\AgileTest\\Reports\\AHI\\ahi\\20200526_080237\\../Screenshots/iPhone 6/AHI/Medicare/20200526_093123/1.png]]

2020-05-26 09:32:59 - [TEST_STEP][PASSED] - (internal.GlobalVariable.i++): null

2020-05-26 09:32:59 - [MESSAGE][PASSED] - Call Test Case 'Test Cases/AHI/_include/get_screenshot' successfully]]></system-out>
         <system-err><![CDATA[]]></system-err>
      </testcase>
      <testcase name="Test Cases/AHI/NEW/Pet Insurance" classname="Test Cases/AHI/NEW/Pet Insurance" status="ERROR">
         <error type="ERROR" message="Test Cases/AHI/NEW/Pet Insurance FAILED.
Reason:
com.thoughtworks.selenium.SeleniumException: Element id=applyCta not found
	at com.thoughtworks.selenium.webdriven.ElementFinder.findElement(ElementFinder.java:93)
	at com.thoughtworks.selenium.webdriven.commands.Click.handleSeleneseCommand(Click.java:39)
	at com.thoughtworks.selenium.webdriven.commands.Click.handleSeleneseCommand(Click.java:26)
	at com.thoughtworks.selenium.webdriven.SeleneseCommand.apply(SeleneseCommand.java:36)
	at com.thoughtworks.selenium.webdriven.Timer.run(Timer.java:41)
	at com.thoughtworks.selenium.webdriven.WebDriverCommandProcessor.execute(WebDriverCommandProcessor.java:150)
	at com.thoughtworks.selenium.webdriven.WebDriverCommandProcessor.doCommand(WebDriverCommandProcessor.java:76)
	at com.thoughtworks.selenium.DefaultSelenium.click(DefaultSelenium.java:198)
	at com.thoughtworks.selenium.Selenium$click.call(Unknown Source)
	at Pet Insurance.run(Pet Insurance:146)
	at com.kms.katalon.core.main.ScriptEngine.run(ScriptEngine.java:194)
	at com.kms.katalon.core.main.ScriptEngine.runScriptAsRawText(ScriptEngine.java:119)
	at com.kms.katalon.core.main.TestCaseExecutor.runScript(TestCaseExecutor.java:328)
	at com.kms.katalon.core.main.TestCaseExecutor.doExecute(TestCaseExecutor.java:319)
	at com.kms.katalon.core.main.TestCaseExecutor.processExecutionPhase(TestCaseExecutor.java:298)
	at com.kms.katalon.core.main.TestCaseExecutor.accessMainPhase(TestCaseExecutor.java:290)
	at com.kms.katalon.core.main.TestCaseExecutor.execute(TestCaseExecutor.java:224)
	at com.kms.katalon.core.main.TestSuiteExecutor.accessTestCaseMainPhase(TestSuiteExecutor.java:129)
	at com.kms.katalon.core.main.TestSuiteExecutor.accessTestSuiteMainPhase(TestSuiteExecutor.java:112)
	at com.kms.katalon.core.main.TestSuiteExecutor.execute(TestSuiteExecutor.java:81)
	at com.kms.katalon.core.main.TestCaseMain.startTestSuite(TestCaseMain.java:149)
	at com.kms.katalon.core.main.TestCaseMain$startTestSuite$0.call(Unknown Source)
	at TempTestSuite1590494557927.run(TempTestSuite1590494557927.groovy:36)
Caused by: org.openqa.selenium.WebDriverException: unknown error: Element id=applyCta not found
  (Session info: chrome=81.0.4044.138)
  (Driver info: chromedriver=2.43.600210 (68dcf5eebde37173d4027fa8635e332711d2874a),platform=Windows NT 6.3.9600 x86_64) (WARNING: The server did not provide any stacktrace information)
Command duration or timeout: 0 milliseconds
Build info: version: '3.7.1', revision: '8a0099a', time: '2017-11-06T21:07:36.161Z'
System info: host: 'WIN-U215233FMVE', ip: '172.30.0.53', os.name: 'Windows Server 2012 R2', os.arch: 'amd64', os.version: '6.3', java.version: '1.8.0_181'
Driver info: com.kms.katalon.selenium.driver.CChromeDriver
Capabilities {acceptInsecureCerts: false, acceptSslCerts: false, applicationCacheEnabled: false, browserConnectionEnabled: false, browserName: chrome, chrome: {chromedriverVersion: 2.43.600210 (68dcf5eebde371..., userDataDir: C:\Users\ADMINI~1\AppData\L...}, cssSelectorsEnabled: true, databaseEnabled: false, goog:chromeOptions: {debuggerAddress: localhost:55627}, handlesAlerts: true, hasTouchScreen: true, javascriptEnabled: true, locationContextEnabled: true, mobileEmulationEnabled: true, nativeEvents: true, networkConnectionEnabled: false, pageLoadStrategy: normal, platform: XP, platformName: XP, rotatable: false, setWindowRect: true, takesHeapSnapshot: true, takesScreenshot: true, unexpectedAlertBehaviour: , unhandledPromptBehavior: , version: 81.0.4044.138, webStorageEnabled: true}
Session ID: ddadc4787cc10fe3a5094e9b90defe51
	at org.openqa.selenium.remote.ErrorHandler.createThrowable(ErrorHandler.java:214)
	at org.openqa.selenium.remote.ErrorHandler.throwIfResponseFailed(ErrorHandler.java:166)
	at org.openqa.selenium.remote.http.JsonHttpResponseCodec.reconstructValue(JsonHttpResponseCodec.java:40)
	at org.openqa.selenium.remote.http.AbstractHttpResponseCodec.decode(AbstractHttpResponseCodec.java:80)
	at org.openqa.selenium.remote.http.AbstractHttpResponseCodec.decode(AbstractHttpResponseCodec.java:44)
	at org.openqa.selenium.remote.HttpCommandExecutor.execute(HttpCommandExecutor.java:164)
	at org.openqa.selenium.remote.service.DriverCommandExecutor.execute(DriverCommandExecutor.java:83)
	at org.openqa.selenium.remote.RemoteWebDriver.execute(RemoteWebDriver.java:600)
	at com.kms.katalon.selenium.driver.CChromeDriver.execute(CChromeDriver.java:20)
	at org.openqa.selenium.remote.RemoteWebDriver.executeScript(RemoteWebDriver.java:536)
	at com.thoughtworks.selenium.webdriven.ElementFinder.findElement(ElementFinder.java:91)
	at com.thoughtworks.selenium.webdriven.commands.Click.handleSeleneseCommand(Click.java:39)
	at com.thoughtworks.selenium.webdriven.commands.Click.handleSeleneseCommand(Click.java:26)
	at com.thoughtworks.selenium.webdriven.SeleneseCommand.apply(SeleneseCommand.java:36)
	at com.thoughtworks.selenium.webdriven.Timer.run(Timer.java:41)
	at com.thoughtworks.selenium.webdriven.WebDriverCommandProcessor.execute(WebDriverCommandProcessor.java:150)
	at com.thoughtworks.selenium.webdriven.WebDriverCommandProcessor.doCommand(WebDriverCommandProcessor.java:76)
	at com.thoughtworks.selenium.DefaultSelenium.click(DefaultSelenium.java:198)
	at com.thoughtworks.selenium.Selenium$click.call(Unknown Source)
	at Script1583465326383.run(Script1583465326383.groovy:146)
	... 13 more
"/>
         <system-out><![CDATA[2020-05-26 09:33:00 - [TEST_CASE][ERROR] - Test Cases/AHI/NEW/Pet Insurance: Test Cases/AHI/NEW/Pet Insurance FAILED.
Reason:
com.thoughtworks.selenium.SeleniumException: Element id=applyCta not found
	at com.thoughtworks.selenium.webdriven.ElementFinder.findElement(ElementFinder.java:93)
	at com.thoughtworks.selenium.webdriven.commands.Click.handleSeleneseCommand(Click.java:39)
	at com.thoughtworks.selenium.webdriven.commands.Click.handleSeleneseCommand(Click.java:26)
	at com.thoughtworks.selenium.webdriven.SeleneseCommand.apply(SeleneseCommand.java:36)
	at com.thoughtworks.selenium.webdriven.Timer.run(Timer.java:41)
	at com.thoughtworks.selenium.webdriven.WebDriverCommandProcessor.execute(WebDriverCommandProcessor.java:150)
	at com.thoughtworks.selenium.webdriven.WebDriverCommandProcessor.doCommand(WebDriverCommandProcessor.java:76)
	at com.thoughtworks.selenium.DefaultSelenium.click(DefaultSelenium.java:198)
	at com.thoughtworks.selenium.Selenium$click.call(Unknown Source)
	at Pet Insurance.run(Pet Insurance:146)
	at com.kms.katalon.core.main.ScriptEngine.run(ScriptEngine.java:194)
	at com.kms.katalon.core.main.ScriptEngine.runScriptAsRawText(ScriptEngine.java:119)
	at com.kms.katalon.core.main.TestCaseExecutor.runScript(TestCaseExecutor.java:328)
	at com.kms.katalon.core.main.TestCaseExecutor.doExecute(TestCaseExecutor.java:319)
	at com.kms.katalon.core.main.TestCaseExecutor.processExecutionPhase(TestCaseExecutor.java:298)
	at com.kms.katalon.core.main.TestCaseExecutor.accessMainPhase(TestCaseExecutor.java:290)
	at com.kms.katalon.core.main.TestCaseExecutor.execute(TestCaseExecutor.java:224)
	at com.kms.katalon.core.main.TestSuiteExecutor.accessTestCaseMainPhase(TestSuiteExecutor.java:129)
	at com.kms.katalon.core.main.TestSuiteExecutor.accessTestSuiteMainPhase(TestSuiteExecutor.java:112)
	at com.kms.katalon.core.main.TestSuiteExecutor.execute(TestSuiteExecutor.java:81)
	at com.kms.katalon.core.main.TestCaseMain.startTestSuite(TestCaseMain.java:149)
	at com.kms.katalon.core.main.TestCaseMain$startTestSuite$0.call(Unknown Source)
	at TempTestSuite1590494557927.run(TempTestSuite1590494557927.groovy:36)
Caused by: org.openqa.selenium.WebDriverException: unknown error: Element id=applyCta not found
  (Session info: chrome=81.0.4044.138)
  (Driver info: chromedriver=2.43.600210 (68dcf5eebde37173d4027fa8635e332711d2874a),platform=Windows NT 6.3.9600 x86_64) (WARNING: The server did not provide any stacktrace information)
Command duration or timeout: 0 milliseconds
Build info: version: '3.7.1', revision: '8a0099a', time: '2017-11-06T21:07:36.161Z'
System info: host: 'WIN-U215233FMVE', ip: '172.30.0.53', os.name: 'Windows Server 2012 R2', os.arch: 'amd64', os.version: '6.3', java.version: '1.8.0_181'
Driver info: com.kms.katalon.selenium.driver.CChromeDriver
Capabilities {acceptInsecureCerts: false, acceptSslCerts: false, applicationCacheEnabled: false, browserConnectionEnabled: false, browserName: chrome, chrome: {chromedriverVersion: 2.43.600210 (68dcf5eebde371..., userDataDir: C:\Users\ADMINI~1\AppData\L...}, cssSelectorsEnabled: true, databaseEnabled: false, goog:chromeOptions: {debuggerAddress: localhost:55627}, handlesAlerts: true, hasTouchScreen: true, javascriptEnabled: true, locationContextEnabled: true, mobileEmulationEnabled: true, nativeEvents: true, networkConnectionEnabled: false, pageLoadStrategy: normal, platform: XP, platformName: XP, rotatable: false, setWindowRect: true, takesHeapSnapshot: true, takesScreenshot: true, unexpectedAlertBehaviour: , unhandledPromptBehavior: , version: 81.0.4044.138, webStorageEnabled: true}
Session ID: ddadc4787cc10fe3a5094e9b90defe51
	at org.openqa.selenium.remote.ErrorHandler.createThrowable(ErrorHandler.java:214)
	at org.openqa.selenium.remote.ErrorHandler.throwIfResponseFailed(ErrorHandler.java:166)
	at org.openqa.selenium.remote.http.JsonHttpResponseCodec.reconstructValue(JsonHttpResponseCodec.java:40)
	at org.openqa.selenium.remote.http.AbstractHttpResponseCodec.decode(AbstractHttpResponseCodec.java:80)
	at org.openqa.selenium.remote.http.AbstractHttpResponseCodec.decode(AbstractHttpResponseCodec.java:44)
	at org.openqa.selenium.remote.HttpCommandExecutor.execute(HttpCommandExecutor.java:164)
	at org.openqa.selenium.remote.service.DriverCommandExecutor.execute(DriverCommandExecutor.java:83)
	at org.openqa.selenium.remote.RemoteWebDriver.execute(RemoteWebDriver.java:600)
	at com.kms.katalon.selenium.driver.CChromeDriver.execute(CChromeDriver.java:20)
	at org.openqa.selenium.remote.RemoteWebDriver.executeScript(RemoteWebDriver.java:536)
	at com.thoughtworks.selenium.webdriven.ElementFinder.findElement(ElementFinder.java:91)
	at com.thoughtworks.selenium.webdriven.commands.Click.handleSeleneseCommand(Click.java:39)
	at com.thoughtworks.selenium.webdriven.commands.Click.handleSeleneseCommand(Click.java:26)
	at com.thoughtworks.selenium.webdriven.SeleneseCommand.apply(SeleneseCommand.java:36)
	at com.thoughtworks.selenium.webdriven.Timer.run(Timer.java:41)
	at com.thoughtworks.selenium.webdriven.WebDriverCommandProcessor.execute(WebDriverCommandProcessor.java:150)
	at com.thoughtworks.selenium.webdriven.WebDriverCommandProcessor.doCommand(WebDriverCommandProcessor.java:76)
	at com.thoughtworks.selenium.DefaultSelenium.click(DefaultSelenium.java:198)
	at com.thoughtworks.selenium.Selenium$click.call(Unknown Source)
	at Script1583465326383.run(Script1583465326383.groovy:146)
	... 13 more


2020-05-26 09:33:04 - [TEST_STEP][PASSED] - callTestCase(findTestCase("AHI/_include/get_screenPath"), ["productLine":"AHI", "carrierName":"Pet Insurance"], CONTINUE_ON_FAILURE): Call Test Case 'Test Cases/AHI/_include/get_screenPath' successfully

2020-05-26 09:33:04 - [TEST_CASE][PASSED] - Test Cases/AHI/_include/get_screenPath: Test Cases/AHI/_include/get_screenPath

2020-05-26 09:33:04 - [TEST_STEP][PASSED] - m = getExecutionProperties(): null

2020-05-26 09:33:04 - [TEST_STEP][PASSED] - deviceName = get("mobileEmulation").get("deviceName"): null

2020-05-26 09:33:04 - [TEST_STEP][PASSED] - println(deviceName): null

2020-05-26 09:33:04 - [TEST_STEP][PASSED] - now = new java.util.Date(): null

2020-05-26 09:33:04 - [TEST_STEP][PASSED] - mydate = now.format("yyyyMMdd_HHmmss"): null

2020-05-26 09:33:04 - [TEST_STEP][PASSED] - screenPath = "../Screenshots/": null

2020-05-26 09:33:04 - [TEST_STEP][PASSED] - screenPath = screenPath + deviceName + "/" + productLine + "/" + carrierName + "/" + mydate + "/": null

2020-05-26 09:33:04 - [TEST_STEP][PASSED] - println(screenPath): null

2020-05-26 09:33:04 - [MESSAGE][PASSED] - Call Test Case 'Test Cases/AHI/_include/get_screenPath' successfully

2020-05-26 09:33:04 - [TEST_STEP][PASSED] - i = 0: null

2020-05-26 09:33:04 - [TEST_STEP][PASSED] - callTestCase(findTestCase("AHI/_include/openWebSite"), [:], CONTINUE_ON_FAILURE): Call Test Case 'Test Cases/AHI/_include/openWebSite' successfully

2020-05-26 09:33:04 - [TEST_CASE][PASSED] - Test Cases/AHI/_include/openWebSite: Test Cases/AHI/_include/openWebSite

2020-05-26 09:33:05 - [TEST_STEP][PASSED] - openBrowser(env): Browser is opened with url: 'https://praetemptatus.agilehealthinsurance.com'

2020-05-26 09:33:05 - [MESSAGE][WARNING] - A browser is already opened. Closing browser and opening a new one

2020-05-26 09:33:06 - [MESSAGE][INFO] - Starting 'Chrome' driver

2020-05-26 09:33:06 - [MESSAGE][INFO] - User set preference: ['mobileEmulation', '{deviceName=iPhone 6}']

2020-05-26 09:33:06 - [MESSAGE][INFO] - User set preference: ['args', '[--incognito, --aggressive-cache-discard, --window-size=375,677, --no-sandbox, --ignore-certificate-errors]']

2020-05-26 09:33:46 - [MESSAGE][PASSED] - Browser is opened with url: 'https://praetemptatus.agilehealthinsurance.com'

2020-05-26 09:33:46 - [TEST_STEP][PASSED] - waitForPageLoad(20): Wait for page load successfully

2020-05-26 09:34:10 - [MESSAGE][PASSED] - Wait for page load successfully

2020-05-26 09:34:10 - [TEST_STEP][PASSED] - callTestCase(findTestCase("AHI/_include/get_screenshot"), [:], STOP_ON_FAILURE): Call Test Case 'Test Cases/AHI/_include/get_screenshot' successfully

2020-05-26 09:34:10 - [TEST_CASE][PASSED] - Test Cases/AHI/_include/get_screenshot: Test Cases/AHI/_include/get_screenshot

2020-05-26 09:34:10 - [TEST_STEP][PASSED] - Thread.sleep(1000): null

2020-05-26 09:34:13 - [TEST_STEP][PASSED] - takeScreenshot(screenPath + i + ".png"): Taking screenshot successfully

2020-05-26 09:34:18 - [MESSAGE][PASSED] - Taking screenshot successfully
[[ATTACHMENT|D:\\Test\\AgileTest\\Reports\\AHI\\ahi\\20200526_080237\\../Screenshots/iPhone 6/AHI/Pet Insurance/20200526_093304/0.png]]

2020-05-26 09:34:18 - [TEST_STEP][PASSED] - (internal.GlobalVariable.i++): null

2020-05-26 09:34:18 - [MESSAGE][PASSED] - Call Test Case 'Test Cases/AHI/_include/get_screenshot' successfully

2020-05-26 09:34:18 - [MESSAGE][PASSED] - Call Test Case 'Test Cases/AHI/_include/openWebSite' successfully

2020-05-26 09:34:18 - [TEST_STEP][PASSED] - driver = getWebDriver(): null

2020-05-26 09:34:18 - [TEST_STEP][PASSED] - baseUrl = ENV: null

2020-05-26 09:34:18 - [TEST_STEP][PASSED] - selenium = new com.thoughtworks.selenium.webdriven.WebDriverBackedSelenium(driver, baseUrl): null

2020-05-26 09:34:28 - [TEST_STEP][PASSED] - selenium.click("//*[@class='filter-option-inner-inner']"): null

2020-05-26 09:34:29 - [TEST_STEP][PASSED] - selenium.click("id=bs-select-1-5"): null

2020-05-26 09:34:30 - [TEST_STEP][PASSED] - selenium.click("id=primaryCTA"): null

2020-05-26 09:34:45 - [TEST_STEP][PASSED] - for ([second = 0, second < 20, (second++)]): null

2020-05-26 09:34:45 - [TEST_STEP][PASSED] - try: null

2020-05-26 09:34:45 - [TEST_STEP][PASSED] - if (selenium.isElementPresent("id=zip-input")): null

2020-05-26 09:34:54 - [TEST_STEP][PASSED] - break: null

2020-05-26 09:34:54 - [TEST_STEP][PASSED] - callTestCase(findTestCase("AHI/_include/get_screenshot"), [:], STOP_ON_FAILURE): Call Test Case 'Test Cases/AHI/_include/get_screenshot' successfully

2020-05-26 09:34:54 - [TEST_CASE][PASSED] - Test Cases/AHI/_include/get_screenshot: Test Cases/AHI/_include/get_screenshot

2020-05-26 09:34:54 - [TEST_STEP][PASSED] - Thread.sleep(1000): null

2020-05-26 09:34:55 - [TEST_STEP][PASSED] - takeScreenshot(screenPath + i + ".png"): Taking screenshot successfully

2020-05-26 09:35:11 - [MESSAGE][PASSED] - Taking screenshot successfully
[[ATTACHMENT|D:\\Test\\AgileTest\\Reports\\AHI\\ahi\\20200526_080237\\../Screenshots/iPhone 6/AHI/Pet Insurance/20200526_093304/1.png]]

2020-05-26 09:35:11 - [TEST_STEP][PASSED] - (internal.GlobalVariable.i++): null

2020-05-26 09:35:11 - [MESSAGE][PASSED] - Call Test Case 'Test Cases/AHI/_include/get_screenshot' successfully

2020-05-26 09:35:11 - [TEST_STEP][PASSED] - sendKeys(findTestObject("mobileSanity/Cancer Insurance/zip"), "35216"): Keys '35216' sent to object: 'Object Repository/mobileSanity/Cancer Insurance/zip'

2020-05-26 09:35:11 - [MESSAGE][PASSED] - Keys '35216' sent to object: 'Object Repository/mobileSanity/Cancer Insurance/zip'

2020-05-26 09:35:11 - [TEST_STEP][PASSED] - Thread.sleep(3000): null

2020-05-26 09:35:14 - [TEST_STEP][PASSED] - selenium.click("id=js-see-plans"): null

2020-05-26 09:35:22 - [TEST_STEP][PASSED] - for ([second = 0, second < 20, (second++)]): null

2020-05-26 09:35:22 - [TEST_STEP][PASSED] - try: null

2020-05-26 09:35:22 - [TEST_STEP][PASSED] - if (selenium.isElementPresent("id=name-input")): null

2020-05-26 09:35:23 - [TEST_STEP][PASSED] - break: null

2020-05-26 09:35:23 - [TEST_STEP][PASSED] - callTestCase(findTestCase("AHI/_include/get_screenshot"), [:], STOP_ON_FAILURE): Call Test Case 'Test Cases/AHI/_include/get_screenshot' successfully

2020-05-26 09:35:23 - [TEST_CASE][PASSED] - Test Cases/AHI/_include/get_screenshot: Test Cases/AHI/_include/get_screenshot

2020-05-26 09:35:23 - [TEST_STEP][PASSED] - Thread.sleep(1000): null

2020-05-26 09:35:26 - [TEST_STEP][PASSED] - takeScreenshot(screenPath + i + ".png"): Taking screenshot successfully

2020-05-26 09:35:31 - [MESSAGE][PASSED] - Taking screenshot successfully
[[ATTACHMENT|D:\\Test\\AgileTest\\Reports\\AHI\\ahi\\20200526_080237\\../Screenshots/iPhone 6/AHI/Pet Insurance/20200526_093304/2.png]]

2020-05-26 09:35:31 - [TEST_STEP][PASSED] - (internal.GlobalVariable.i++): null

2020-05-26 09:35:31 - [MESSAGE][PASSED] - Call Test Case 'Test Cases/AHI/_include/get_screenshot' successfully

2020-05-26 09:35:31 - [TEST_STEP][PASSED] - setText(findTestObject("mobileSanity/Pet Insurance/name-input"), "Test cat"): Text 'Test cat' is set on object 'Object Repository/mobileSanity/Pet Insurance/name-input'

2020-05-26 09:35:42 - [MESSAGE][PASSED] - Text 'Test cat' is set on object 'Object Repository/mobileSanity/Pet Insurance/name-input'

2020-05-26 09:35:42 - [TEST_STEP][PASSED] - selenium.click("id=js-continue"): null

2020-05-26 09:35:48 - [TEST_STEP][PASSED] - for ([second = 0, second < 20, (second++)]): null

2020-05-26 09:35:48 - [TEST_STEP][PASSED] - try: null

2020-05-26 09:35:48 - [TEST_STEP][PASSED] - if (selenium.isElementPresent("xpath=//label[@for='p-cat']")): null

2020-05-26 09:35:48 - [TEST_STEP][PASSED] - break: null

2020-05-26 09:35:48 - [TEST_STEP][PASSED] - callTestCase(findTestCase("AHI/_include/get_screenshot"), [:], STOP_ON_FAILURE): Call Test Case 'Test Cases/AHI/_include/get_screenshot' successfully

2020-05-26 09:35:48 - [TEST_CASE][PASSED] - Test Cases/AHI/_include/get_screenshot: Test Cases/AHI/_include/get_screenshot

2020-05-26 09:35:48 - [TEST_STEP][PASSED] - Thread.sleep(1000): null

2020-05-26 09:35:49 - [TEST_STEP][PASSED] - takeScreenshot(screenPath + i + ".png"): Taking screenshot successfully

2020-05-26 09:35:55 - [MESSAGE][PASSED] - Taking screenshot successfully
[[ATTACHMENT|D:\\Test\\AgileTest\\Reports\\AHI\\ahi\\20200526_080237\\../Screenshots/iPhone 6/AHI/Pet Insurance/20200526_093304/3.png]]

2020-05-26 09:35:55 - [TEST_STEP][PASSED] - (internal.GlobalVariable.i++): null

2020-05-26 09:35:55 - [MESSAGE][PASSED] - Call Test Case 'Test Cases/AHI/_include/get_screenshot' successfully

2020-05-26 09:35:55 - [TEST_STEP][PASSED] - selenium.click("//label[@for='p-cat']"): null

2020-05-26 09:35:57 - [TEST_STEP][PASSED] - for ([second = 0, second < 20, (second++)]): null

2020-05-26 09:35:57 - [TEST_STEP][PASSED] - try: null

2020-05-26 09:35:57 - [TEST_STEP][PASSED] - if (selenium.isElementPresent("id=dob-mm-input")): null

2020-05-26 09:35:57 - [TEST_STEP][PASSED] - break: null

2020-05-26 09:35:57 - [TEST_STEP][PASSED] - callTestCase(findTestCase("AHI/_include/get_screenshot"), [:], STOP_ON_FAILURE): Call Test Case 'Test Cases/AHI/_include/get_screenshot' successfully

2020-05-26 09:35:58 - [TEST_CASE][PASSED] - Test Cases/AHI/_include/get_screenshot: Test Cases/AHI/_include/get_screenshot

2020-05-26 09:35:58 - [TEST_STEP][PASSED] - Thread.sleep(1000): null

2020-05-26 09:35:59 - [TEST_STEP][PASSED] - takeScreenshot(screenPath + i + ".png"): Taking screenshot successfully

2020-05-26 09:35:59 - [MESSAGE][PASSED] - Taking screenshot successfully
[[ATTACHMENT|D:\\Test\\AgileTest\\Reports\\AHI\\ahi\\20200526_080237\\../Screenshots/iPhone 6/AHI/Pet Insurance/20200526_093304/4.png]]

2020-05-26 09:35:59 - [TEST_STEP][PASSED] - (internal.GlobalVariable.i++): null

2020-05-26 09:35:59 - [MESSAGE][PASSED] - Call Test Case 'Test Cases/AHI/_include/get_screenshot' successfully

2020-05-26 09:35:59 - [TEST_STEP][PASSED] - setText(findTestObject("mobileSanity/Pet Insurance/dob-mm-input"), "01"): Text '01' is set on object 'Object Repository/mobileSanity/Pet Insurance/dob-mm-input'

2020-05-26 09:36:00 - [MESSAGE][PASSED] - Text '01' is set on object 'Object Repository/mobileSanity/Pet Insurance/dob-mm-input'

2020-05-26 09:36:00 - [TEST_STEP][PASSED] - setText(findTestObject("mobileSanity/Pet Insurance/dob-dd-input"), "01"): Text '01' is set on object 'Object Repository/mobileSanity/Pet Insurance/dob-dd-input'

2020-05-26 09:36:00 - [MESSAGE][PASSED] - Text '01' is set on object 'Object Repository/mobileSanity/Pet Insurance/dob-dd-input'

2020-05-26 09:36:00 - [TEST_STEP][PASSED] - setText(findTestObject("mobileSanity/Pet Insurance/dob-yyyy-input"), "2016"): Text '2016' is set on object 'Object Repository/mobileSanity/Pet Insurance/dob-yyyy-input'

2020-05-26 09:36:04 - [MESSAGE][PASSED] - Text '2016' is set on object 'Object Repository/mobileSanity/Pet Insurance/dob-yyyy-input'

2020-05-26 09:36:04 - [TEST_STEP][PASSED] - for ([second = 0, second < 20, (second++)]): null

2020-05-26 09:36:04 - [TEST_STEP][PASSED] - try: null

2020-05-26 09:36:04 - [TEST_STEP][PASSED] - if (selenium.isElementPresent("xpath=//label[@for='p-no']")): null

2020-05-26 09:36:04 - [TEST_STEP][PASSED] - break: null

2020-05-26 09:36:05 - [TEST_STEP][PASSED] - callTestCase(findTestCase("AHI/_include/get_screenshot"), [:], STOP_ON_FAILURE): Call Test Case 'Test Cases/AHI/_include/get_screenshot' successfully

2020-05-26 09:36:06 - [TEST_CASE][PASSED] - Test Cases/AHI/_include/get_screenshot: Test Cases/AHI/_include/get_screenshot

2020-05-26 09:36:06 - [TEST_STEP][PASSED] - Thread.sleep(1000): null

2020-05-26 09:36:09 - [TEST_STEP][PASSED] - takeScreenshot(screenPath + i + ".png"): Taking screenshot successfully

2020-05-26 09:36:13 - [MESSAGE][PASSED] - Taking screenshot successfully
[[ATTACHMENT|D:\\Test\\AgileTest\\Reports\\AHI\\ahi\\20200526_080237\\../Screenshots/iPhone 6/AHI/Pet Insurance/20200526_093304/5.png]]

2020-05-26 09:36:13 - [TEST_STEP][PASSED] - (internal.GlobalVariable.i++): null

2020-05-26 09:36:13 - [MESSAGE][PASSED] - Call Test Case 'Test Cases/AHI/_include/get_screenshot' successfully

2020-05-26 09:36:13 - [TEST_STEP][PASSED] - selenium.click("//label[@for='p-no']"): null

2020-05-26 09:36:24 - [TEST_STEP][PASSED] - for ([second = 0, second < 20, (second++)]): null

2020-05-26 09:36:24 - [TEST_STEP][PASSED] - try: null

2020-05-26 09:36:24 - [TEST_STEP][PASSED] - if (selenium.isElementPresent("id=applyCta")): null

2020-05-26 09:36:28 - [TEST_STEP][PASSED] - Thread.sleep(1000): null

2020-05-26 09:36:29 - [TEST_STEP][PASSED] - try: null

2020-05-26 09:36:29 - [TEST_STEP][PASSED] - if (selenium.isElementPresent("id=applyCta")): null

2020-05-26 09:36:30 - [TEST_STEP][PASSED] - Thread.sleep(1000): null

2020-05-26 09:36:31 - [TEST_STEP][PASSED] - try: null

2020-05-26 09:36:31 - [TEST_STEP][PASSED] - if (selenium.isElementPresent("id=applyCta")): null

2020-05-26 09:36:31 - [TEST_STEP][PASSED] - Thread.sleep(1000): null

2020-05-26 09:36:32 - [TEST_STEP][PASSED] - try: null

2020-05-26 09:36:32 - [TEST_STEP][PASSED] - if (selenium.isElementPresent("id=applyCta")): null

2020-05-26 09:36:33 - [TEST_STEP][PASSED] - Thread.sleep(1000): null

2020-05-26 09:36:34 - [TEST_STEP][PASSED] - try: null

2020-05-26 09:36:34 - [TEST_STEP][PASSED] - if (selenium.isElementPresent("id=applyCta")): null

2020-05-26 09:36:42 - [TEST_STEP][PASSED] - Thread.sleep(1000): null

2020-05-26 09:36:46 - [TEST_STEP][PASSED] - try: null

2020-05-26 09:36:46 - [TEST_STEP][PASSED] - if (selenium.isElementPresent("id=applyCta")): null

2020-05-26 09:36:48 - [TEST_STEP][PASSED] - Thread.sleep(1000): null

2020-05-26 09:36:49 - [TEST_STEP][PASSED] - try: null

2020-05-26 09:36:49 - [TEST_STEP][PASSED] - if (selenium.isElementPresent("id=applyCta")): null

2020-05-26 09:36:50 - [TEST_STEP][PASSED] - Thread.sleep(1000): null

2020-05-26 09:36:53 - [TEST_STEP][PASSED] - try: null

2020-05-26 09:36:53 - [TEST_STEP][PASSED] - if (selenium.isElementPresent("id=applyCta")): null

2020-05-26 09:36:54 - [TEST_STEP][PASSED] - Thread.sleep(1000): null

2020-05-26 09:36:55 - [TEST_STEP][PASSED] - try: null

2020-05-26 09:36:55 - [TEST_STEP][PASSED] - if (selenium.isElementPresent("id=applyCta")): null

2020-05-26 09:36:57 - [TEST_STEP][PASSED] - Thread.sleep(1000): null

2020-05-26 09:36:58 - [TEST_STEP][PASSED] - try: null

2020-05-26 09:36:58 - [TEST_STEP][PASSED] - if (selenium.isElementPresent("id=applyCta")): null

2020-05-26 09:36:58 - [TEST_STEP][PASSED] - Thread.sleep(1000): null

2020-05-26 09:36:59 - [TEST_STEP][PASSED] - try: null

2020-05-26 09:36:59 - [TEST_STEP][PASSED] - if (selenium.isElementPresent("id=applyCta")): null

2020-05-26 09:36:59 - [TEST_STEP][PASSED] - Thread.sleep(1000): null

2020-05-26 09:37:00 - [TEST_STEP][PASSED] - try: null

2020-05-26 09:37:00 - [TEST_STEP][PASSED] - if (selenium.isElementPresent("id=applyCta")): null

2020-05-26 09:37:01 - [TEST_STEP][PASSED] - Thread.sleep(1000): null

2020-05-26 09:37:02 - [TEST_STEP][PASSED] - try: null

2020-05-26 09:37:02 - [TEST_STEP][PASSED] - if (selenium.isElementPresent("id=applyCta")): null

2020-05-26 09:37:03 - [TEST_STEP][PASSED] - Thread.sleep(1000): null

2020-05-26 09:37:04 - [TEST_STEP][PASSED] - try: null

2020-05-26 09:37:04 - [TEST_STEP][PASSED] - if (selenium.isElementPresent("id=applyCta")): null

2020-05-26 09:37:06 - [TEST_STEP][PASSED] - Thread.sleep(1000): null

2020-05-26 09:37:08 - [TEST_STEP][PASSED] - try: null

2020-05-26 09:37:08 - [TEST_STEP][PASSED] - if (selenium.isElementPresent("id=applyCta")): null

2020-05-26 09:37:08 - [TEST_STEP][PASSED] - Thread.sleep(1000): null

2020-05-26 09:37:09 - [TEST_STEP][PASSED] - try: null

2020-05-26 09:37:10 - [TEST_STEP][PASSED] - if (selenium.isElementPresent("id=applyCta")): null

2020-05-26 09:37:15 - [TEST_STEP][PASSED] - Thread.sleep(1000): null

2020-05-26 09:37:17 - [TEST_STEP][PASSED] - try: null

2020-05-26 09:37:17 - [TEST_STEP][PASSED] - if (selenium.isElementPresent("id=applyCta")): null

2020-05-26 09:37:20 - [TEST_STEP][PASSED] - Thread.sleep(1000): null

2020-05-26 09:37:21 - [TEST_STEP][PASSED] - try: null

2020-05-26 09:37:21 - [TEST_STEP][PASSED] - if (selenium.isElementPresent("id=applyCta")): null

2020-05-26 09:37:21 - [TEST_STEP][PASSED] - Thread.sleep(1000): null

2020-05-26 09:37:22 - [TEST_STEP][PASSED] - try: null

2020-05-26 09:37:22 - [TEST_STEP][PASSED] - if (selenium.isElementPresent("id=applyCta")): null

2020-05-26 09:37:22 - [TEST_STEP][PASSED] - Thread.sleep(1000): null

2020-05-26 09:37:23 - [TEST_STEP][PASSED] - try: null

2020-05-26 09:37:23 - [TEST_STEP][PASSED] - if (selenium.isElementPresent("id=applyCta")): null

2020-05-26 09:37:23 - [TEST_STEP][PASSED] - Thread.sleep(1000): null

2020-05-26 09:37:25 - [TEST_STEP][PASSED] - callTestCase(findTestCase("AHI/_include/get_screenshot"), [:], STOP_ON_FAILURE): Call Test Case 'Test Cases/AHI/_include/get_screenshot' successfully

2020-05-26 09:37:25 - [TEST_CASE][PASSED] - Test Cases/AHI/_include/get_screenshot: Test Cases/AHI/_include/get_screenshot

2020-05-26 09:37:25 - [TEST_STEP][PASSED] - Thread.sleep(1000): null

2020-05-26 09:37:26 - [TEST_STEP][PASSED] - takeScreenshot(screenPath + i + ".png"): Taking screenshot successfully

2020-05-26 09:37:26 - [MESSAGE][PASSED] - Taking screenshot successfully
[[ATTACHMENT|D:\\Test\\AgileTest\\Reports\\AHI\\ahi\\20200526_080237\\../Screenshots/iPhone 6/AHI/Pet Insurance/20200526_093304/6.png]]

2020-05-26 09:37:26 - [TEST_STEP][PASSED] - (internal.GlobalVariable.i++): null

2020-05-26 09:37:26 - [MESSAGE][PASSED] - Call Test Case 'Test Cases/AHI/_include/get_screenshot' successfully

2020-05-26 09:37:26 - [TEST_STEP][ERROR] - selenium.click("id=applyCta"): selenium.click("id=applyCta") FAILED.
Reason:
com.thoughtworks.selenium.SeleniumException: Element id=applyCta not found
	at com.thoughtworks.selenium.webdriven.ElementFinder.findElement(ElementFinder.java:93)
	at com.thoughtworks.selenium.webdriven.commands.Click.handleSeleneseCommand(Click.java:39)
	at com.thoughtworks.selenium.webdriven.commands.Click.handleSeleneseCommand(Click.java:26)
	at com.thoughtworks.selenium.webdriven.SeleneseCommand.apply(SeleneseCommand.java:36)
	at com.thoughtworks.selenium.webdriven.Timer.run(Timer.java:41)
	at com.thoughtworks.selenium.webdriven.WebDriverCommandProcessor.execute(WebDriverCommandProcessor.java:150)
	at com.thoughtworks.selenium.webdriven.WebDriverCommandProcessor.doCommand(WebDriverCommandProcessor.java:76)
	at com.thoughtworks.selenium.DefaultSelenium.click(DefaultSelenium.java:198)
	at com.thoughtworks.selenium.Selenium$click.call(Unknown Source)
	at Pet Insurance.run(Pet Insurance:146)
	at com.kms.katalon.core.main.ScriptEngine.run(ScriptEngine.java:194)
	at com.kms.katalon.core.main.ScriptEngine.runScriptAsRawText(ScriptEngine.java:119)
	at com.kms.katalon.core.main.TestCaseExecutor.runScript(TestCaseExecutor.java:328)
	at com.kms.katalon.core.main.TestCaseExecutor.doExecute(TestCaseExecutor.java:319)
	at com.kms.katalon.core.main.TestCaseExecutor.processExecutionPhase(TestCaseExecutor.java:298)
	at com.kms.katalon.core.main.TestCaseExecutor.accessMainPhase(TestCaseExecutor.java:290)
	at com.kms.katalon.core.main.TestCaseExecutor.execute(TestCaseExecutor.java:224)
	at com.kms.katalon.core.main.TestSuiteExecutor.accessTestCaseMainPhase(TestSuiteExecutor.java:129)
	at com.kms.katalon.core.main.TestSuiteExecutor.accessTestSuiteMainPhase(TestSuiteExecutor.java:112)
	at com.kms.katalon.core.main.TestSuiteExecutor.execute(TestSuiteExecutor.java:81)
	at com.kms.katalon.core.main.TestCaseMain.startTestSuite(TestCaseMain.java:149)
	at com.kms.katalon.core.main.TestCaseMain$startTestSuite$0.call(Unknown Source)
	at TempTestSuite1590494557927.run(TempTestSuite1590494557927.groovy:36)
Caused by: org.openqa.selenium.WebDriverException: unknown error: Element id=applyCta not found
  (Session info: chrome=81.0.4044.138)
  (Driver info: chromedriver=2.43.600210 (68dcf5eebde37173d4027fa8635e332711d2874a),platform=Windows NT 6.3.9600 x86_64) (WARNING: The server did not provide any stacktrace information)
Command duration or timeout: 0 milliseconds
Build info: version: '3.7.1', revision: '8a0099a', time: '2017-11-06T21:07:36.161Z'
System info: host: 'WIN-U215233FMVE', ip: '172.30.0.53', os.name: 'Windows Server 2012 R2', os.arch: 'amd64', os.version: '6.3', java.version: '1.8.0_181'
Driver info: com.kms.katalon.selenium.driver.CChromeDriver
Capabilities {acceptInsecureCerts: false, acceptSslCerts: false, applicationCacheEnabled: false, browserConnectionEnabled: false, browserName: chrome, chrome: {chromedriverVersion: 2.43.600210 (68dcf5eebde371..., userDataDir: C:\Users\ADMINI~1\AppData\L...}, cssSelectorsEnabled: true, databaseEnabled: false, goog:chromeOptions: {debuggerAddress: localhost:55627}, handlesAlerts: true, hasTouchScreen: true, javascriptEnabled: true, locationContextEnabled: true, mobileEmulationEnabled: true, nativeEvents: true, networkConnectionEnabled: false, pageLoadStrategy: normal, platform: XP, platformName: XP, rotatable: false, setWindowRect: true, takesHeapSnapshot: true, takesScreenshot: true, unexpectedAlertBehaviour: , unhandledPromptBehavior: , version: 81.0.4044.138, webStorageEnabled: true}
Session ID: ddadc4787cc10fe3a5094e9b90defe51
	at org.openqa.selenium.remote.ErrorHandler.createThrowable(ErrorHandler.java:214)
	at org.openqa.selenium.remote.ErrorHandler.throwIfResponseFailed(ErrorHandler.java:166)
	at org.openqa.selenium.remote.http.JsonHttpResponseCodec.reconstructValue(JsonHttpResponseCodec.java:40)
	at org.openqa.selenium.remote.http.AbstractHttpResponseCodec.decode(AbstractHttpResponseCodec.java:80)
	at org.openqa.selenium.remote.http.AbstractHttpResponseCodec.decode(AbstractHttpResponseCodec.java:44)
	at org.openqa.selenium.remote.HttpCommandExecutor.execute(HttpCommandExecutor.java:164)
	at org.openqa.selenium.remote.service.DriverCommandExecutor.execute(DriverCommandExecutor.java:83)
	at org.openqa.selenium.remote.RemoteWebDriver.execute(RemoteWebDriver.java:600)
	at com.kms.katalon.selenium.driver.CChromeDriver.execute(CChromeDriver.java:20)
	at org.openqa.selenium.remote.RemoteWebDriver.executeScript(RemoteWebDriver.java:536)
	at com.thoughtworks.selenium.webdriven.ElementFinder.findElement(ElementFinder.java:91)
	at com.thoughtworks.selenium.webdriven.commands.Click.handleSeleneseCommand(Click.java:39)
	at com.thoughtworks.selenium.webdriven.commands.Click.handleSeleneseCommand(Click.java:26)
	at com.thoughtworks.selenium.webdriven.SeleneseCommand.apply(SeleneseCommand.java:36)
	at com.thoughtworks.selenium.webdriven.Timer.run(Timer.java:41)
	at com.thoughtworks.selenium.webdriven.WebDriverCommandProcessor.execute(WebDriverCommandProcessor.java:150)
	at com.thoughtworks.selenium.webdriven.WebDriverCommandProcessor.doCommand(WebDriverCommandProcessor.java:76)
	at com.thoughtworks.selenium.DefaultSelenium.click(DefaultSelenium.java:198)
	at com.thoughtworks.selenium.Selenium$click.call(Unknown Source)
	at Script1583465326383.run(Script1583465326383.groovy:146)
	... 13 more


2020-05-26 09:37:28 - [MESSAGE][ERROR] - selenium.click("id=applyCta") FAILED.
Reason:
com.thoughtworks.selenium.SeleniumException: Element id=applyCta not found
	at com.thoughtworks.selenium.webdriven.ElementFinder.findElement(ElementFinder.java:93)
	at com.thoughtworks.selenium.webdriven.commands.Click.handleSeleneseCommand(Click.java:39)
	at com.thoughtworks.selenium.webdriven.commands.Click.handleSeleneseCommand(Click.java:26)
	at com.thoughtworks.selenium.webdriven.SeleneseCommand.apply(SeleneseCommand.java:36)
	at com.thoughtworks.selenium.webdriven.Timer.run(Timer.java:41)
	at com.thoughtworks.selenium.webdriven.WebDriverCommandProcessor.execute(WebDriverCommandProcessor.java:150)
	at com.thoughtworks.selenium.webdriven.WebDriverCommandProcessor.doCommand(WebDriverCommandProcessor.java:76)
	at com.thoughtworks.selenium.DefaultSelenium.click(DefaultSelenium.java:198)
	at com.thoughtworks.selenium.Selenium$click.call(Unknown Source)
	at Pet Insurance.run(Pet Insurance:146)
	at com.kms.katalon.core.main.ScriptEngine.run(ScriptEngine.java:194)
	at com.kms.katalon.core.main.ScriptEngine.runScriptAsRawText(ScriptEngine.java:119)
	at com.kms.katalon.core.main.TestCaseExecutor.runScript(TestCaseExecutor.java:328)
	at com.kms.katalon.core.main.TestCaseExecutor.doExecute(TestCaseExecutor.java:319)
	at com.kms.katalon.core.main.TestCaseExecutor.processExecutionPhase(TestCaseExecutor.java:298)
	at com.kms.katalon.core.main.TestCaseExecutor.accessMainPhase(TestCaseExecutor.java:290)
	at com.kms.katalon.core.main.TestCaseExecutor.execute(TestCaseExecutor.java:224)
	at com.kms.katalon.core.main.TestSuiteExecutor.accessTestCaseMainPhase(TestSuiteExecutor.java:129)
	at com.kms.katalon.core.main.TestSuiteExecutor.accessTestSuiteMainPhase(TestSuiteExecutor.java:112)
	at com.kms.katalon.core.main.TestSuiteExecutor.execute(TestSuiteExecutor.java:81)
	at com.kms.katalon.core.main.TestCaseMain.startTestSuite(TestCaseMain.java:149)
	at com.kms.katalon.core.main.TestCaseMain$startTestSuite$0.call(Unknown Source)
	at TempTestSuite1590494557927.run(TempTestSuite1590494557927.groovy:36)
Caused by: org.openqa.selenium.WebDriverException: unknown error: Element id=applyCta not found
  (Session info: chrome=81.0.4044.138)
  (Driver info: chromedriver=2.43.600210 (68dcf5eebde37173d4027fa8635e332711d2874a),platform=Windows NT 6.3.9600 x86_64) (WARNING: The server did not provide any stacktrace information)
Command duration or timeout: 0 milliseconds
Build info: version: '3.7.1', revision: '8a0099a', time: '2017-11-06T21:07:36.161Z'
System info: host: 'WIN-U215233FMVE', ip: '172.30.0.53', os.name: 'Windows Server 2012 R2', os.arch: 'amd64', os.version: '6.3', java.version: '1.8.0_181'
Driver info: com.kms.katalon.selenium.driver.CChromeDriver
Capabilities {acceptInsecureCerts: false, acceptSslCerts: false, applicationCacheEnabled: false, browserConnectionEnabled: false, browserName: chrome, chrome: {chromedriverVersion: 2.43.600210 (68dcf5eebde371..., userDataDir: C:\Users\ADMINI~1\AppData\L...}, cssSelectorsEnabled: true, databaseEnabled: false, goog:chromeOptions: {debuggerAddress: localhost:55627}, handlesAlerts: true, hasTouchScreen: true, javascriptEnabled: true, locationContextEnabled: true, mobileEmulationEnabled: true, nativeEvents: true, networkConnectionEnabled: false, pageLoadStrategy: normal, platform: XP, platformName: XP, rotatable: false, setWindowRect: true, takesHeapSnapshot: true, takesScreenshot: true, unexpectedAlertBehaviour: , unhandledPromptBehavior: , version: 81.0.4044.138, webStorageEnabled: true}
Session ID: ddadc4787cc10fe3a5094e9b90defe51
	at org.openqa.selenium.remote.ErrorHandler.createThrowable(ErrorHandler.java:214)
	at org.openqa.selenium.remote.ErrorHandler.throwIfResponseFailed(ErrorHandler.java:166)
	at org.openqa.selenium.remote.http.JsonHttpResponseCodec.reconstructValue(JsonHttpResponseCodec.java:40)
	at org.openqa.selenium.remote.http.AbstractHttpResponseCodec.decode(AbstractHttpResponseCodec.java:80)
	at org.openqa.selenium.remote.http.AbstractHttpResponseCodec.decode(AbstractHttpResponseCodec.java:44)
	at org.openqa.selenium.remote.HttpCommandExecutor.execute(HttpCommandExecutor.java:164)
	at org.openqa.selenium.remote.service.DriverCommandExecutor.execute(DriverCommandExecutor.java:83)
	at org.openqa.selenium.remote.RemoteWebDriver.execute(RemoteWebDriver.java:600)
	at com.kms.katalon.selenium.driver.CChromeDriver.execute(CChromeDriver.java:20)
	at org.openqa.selenium.remote.RemoteWebDriver.executeScript(RemoteWebDriver.java:536)
	at com.thoughtworks.selenium.webdriven.ElementFinder.findElement(ElementFinder.java:91)
	at com.thoughtworks.selenium.webdriven.commands.Click.handleSeleneseCommand(Click.java:39)
	at com.thoughtworks.selenium.webdriven.commands.Click.handleSeleneseCommand(Click.java:26)
	at com.thoughtworks.selenium.webdriven.SeleneseCommand.apply(SeleneseCommand.java:36)
	at com.thoughtworks.selenium.webdriven.Timer.run(Timer.java:41)
	at com.thoughtworks.selenium.webdriven.WebDriverCommandProcessor.execute(WebDriverCommandProcessor.java:150)
	at com.thoughtworks.selenium.webdriven.WebDriverCommandProcessor.doCommand(WebDriverCommandProcessor.java:76)
	at com.thoughtworks.selenium.DefaultSelenium.click(DefaultSelenium.java:198)
	at com.thoughtworks.selenium.Selenium$click.call(Unknown Source)
	at Script1583465326383.run(Script1583465326383.groovy:146)
	... 13 more]]></system-out>
         <system-err><![CDATA[2020-05-26 09:33:00 - [TEST_CASE][ERROR] - Test Cases/AHI/NEW/Pet Insurance: Test Cases/AHI/NEW/Pet Insurance FAILED.
Reason:
com.thoughtworks.selenium.SeleniumException: Element id=applyCta not found
	at com.thoughtworks.selenium.webdriven.ElementFinder.findElement(ElementFinder.java:93)
	at com.thoughtworks.selenium.webdriven.commands.Click.handleSeleneseCommand(Click.java:39)
	at com.thoughtworks.selenium.webdriven.commands.Click.handleSeleneseCommand(Click.java:26)
	at com.thoughtworks.selenium.webdriven.SeleneseCommand.apply(SeleneseCommand.java:36)
	at com.thoughtworks.selenium.webdriven.Timer.run(Timer.java:41)
	at com.thoughtworks.selenium.webdriven.WebDriverCommandProcessor.execute(WebDriverCommandProcessor.java:150)
	at com.thoughtworks.selenium.webdriven.WebDriverCommandProcessor.doCommand(WebDriverCommandProcessor.java:76)
	at com.thoughtworks.selenium.DefaultSelenium.click(DefaultSelenium.java:198)
	at com.thoughtworks.selenium.Selenium$click.call(Unknown Source)
	at Pet Insurance.run(Pet Insurance:146)
	at com.kms.katalon.core.main.ScriptEngine.run(ScriptEngine.java:194)
	at com.kms.katalon.core.main.ScriptEngine.runScriptAsRawText(ScriptEngine.java:119)
	at com.kms.katalon.core.main.TestCaseExecutor.runScript(TestCaseExecutor.java:328)
	at com.kms.katalon.core.main.TestCaseExecutor.doExecute(TestCaseExecutor.java:319)
	at com.kms.katalon.core.main.TestCaseExecutor.processExecutionPhase(TestCaseExecutor.java:298)
	at com.kms.katalon.core.main.TestCaseExecutor.accessMainPhase(TestCaseExecutor.java:290)
	at com.kms.katalon.core.main.TestCaseExecutor.execute(TestCaseExecutor.java:224)
	at com.kms.katalon.core.main.TestSuiteExecutor.accessTestCaseMainPhase(TestSuiteExecutor.java:129)
	at com.kms.katalon.core.main.TestSuiteExecutor.accessTestSuiteMainPhase(TestSuiteExecutor.java:112)
	at com.kms.katalon.core.main.TestSuiteExecutor.execute(TestSuiteExecutor.java:81)
	at com.kms.katalon.core.main.TestCaseMain.startTestSuite(TestCaseMain.java:149)
	at com.kms.katalon.core.main.TestCaseMain$startTestSuite$0.call(Unknown Source)
	at TempTestSuite1590494557927.run(TempTestSuite1590494557927.groovy:36)
Caused by: org.openqa.selenium.WebDriverException: unknown error: Element id=applyCta not found
  (Session info: chrome=81.0.4044.138)
  (Driver info: chromedriver=2.43.600210 (68dcf5eebde37173d4027fa8635e332711d2874a),platform=Windows NT 6.3.9600 x86_64) (WARNING: The server did not provide any stacktrace information)
Command duration or timeout: 0 milliseconds
Build info: version: '3.7.1', revision: '8a0099a', time: '2017-11-06T21:07:36.161Z'
System info: host: 'WIN-U215233FMVE', ip: '172.30.0.53', os.name: 'Windows Server 2012 R2', os.arch: 'amd64', os.version: '6.3', java.version: '1.8.0_181'
Driver info: com.kms.katalon.selenium.driver.CChromeDriver
Capabilities {acceptInsecureCerts: false, acceptSslCerts: false, applicationCacheEnabled: false, browserConnectionEnabled: false, browserName: chrome, chrome: {chromedriverVersion: 2.43.600210 (68dcf5eebde371..., userDataDir: C:\Users\ADMINI~1\AppData\L...}, cssSelectorsEnabled: true, databaseEnabled: false, goog:chromeOptions: {debuggerAddress: localhost:55627}, handlesAlerts: true, hasTouchScreen: true, javascriptEnabled: true, locationContextEnabled: true, mobileEmulationEnabled: true, nativeEvents: true, networkConnectionEnabled: false, pageLoadStrategy: normal, platform: XP, platformName: XP, rotatable: false, setWindowRect: true, takesHeapSnapshot: true, takesScreenshot: true, unexpectedAlertBehaviour: , unhandledPromptBehavior: , version: 81.0.4044.138, webStorageEnabled: true}
Session ID: ddadc4787cc10fe3a5094e9b90defe51
	at org.openqa.selenium.remote.ErrorHandler.createThrowable(ErrorHandler.java:214)
	at org.openqa.selenium.remote.ErrorHandler.throwIfResponseFailed(ErrorHandler.java:166)
	at org.openqa.selenium.remote.http.JsonHttpResponseCodec.reconstructValue(JsonHttpResponseCodec.java:40)
	at org.openqa.selenium.remote.http.AbstractHttpResponseCodec.decode(AbstractHttpResponseCodec.java:80)
	at org.openqa.selenium.remote.http.AbstractHttpResponseCodec.decode(AbstractHttpResponseCodec.java:44)
	at org.openqa.selenium.remote.HttpCommandExecutor.execute(HttpCommandExecutor.java:164)
	at org.openqa.selenium.remote.service.DriverCommandExecutor.execute(DriverCommandExecutor.java:83)
	at org.openqa.selenium.remote.RemoteWebDriver.execute(RemoteWebDriver.java:600)
	at com.kms.katalon.selenium.driver.CChromeDriver.execute(CChromeDriver.java:20)
	at org.openqa.selenium.remote.RemoteWebDriver.executeScript(RemoteWebDriver.java:536)
	at com.thoughtworks.selenium.webdriven.ElementFinder.findElement(ElementFinder.java:91)
	at com.thoughtworks.selenium.webdriven.commands.Click.handleSeleneseCommand(Click.java:39)
	at com.thoughtworks.selenium.webdriven.commands.Click.handleSeleneseCommand(Click.java:26)
	at com.thoughtworks.selenium.webdriven.SeleneseCommand.apply(SeleneseCommand.java:36)
	at com.thoughtworks.selenium.webdriven.Timer.run(Timer.java:41)
	at com.thoughtworks.selenium.webdriven.WebDriverCommandProcessor.execute(WebDriverCommandProcessor.java:150)
	at com.thoughtworks.selenium.webdriven.WebDriverCommandProcessor.doCommand(WebDriverCommandProcessor.java:76)
	at com.thoughtworks.selenium.DefaultSelenium.click(DefaultSelenium.java:198)
	at com.thoughtworks.selenium.Selenium$click.call(Unknown Source)
	at Script1583465326383.run(Script1583465326383.groovy:146)
	... 13 more]]></system-err>
      </testcase>
      <testcase name="Test Cases/AHI/NEW/STM" classname="Test Cases/AHI/NEW/STM" status="PASSED">
         <system-out><![CDATA[2020-05-26 09:37:29 - [TEST_CASE][PASSED] - Test Cases/AHI/NEW/STM: Test Cases/AHI/NEW/STM

2020-05-26 09:37:47 - [TEST_STEP][PASSED] - callTestCase(findTestCase("AHI/_include/get_screenPath"), ["productLine":"AHI", "carrierName":"STM"], CONTINUE_ON_FAILURE): Call Test Case 'Test Cases/AHI/_include/get_screenPath' successfully

2020-05-26 09:37:47 - [TEST_CASE][PASSED] - Test Cases/AHI/_include/get_screenPath: Test Cases/AHI/_include/get_screenPath

2020-05-26 09:37:47 - [TEST_STEP][PASSED] - m = getExecutionProperties(): null

2020-05-26 09:37:47 - [TEST_STEP][PASSED] - deviceName = get("mobileEmulation").get("deviceName"): null

2020-05-26 09:37:47 - [TEST_STEP][PASSED] - println(deviceName): null

2020-05-26 09:37:47 - [TEST_STEP][PASSED] - now = new java.util.Date(): null

2020-05-26 09:37:47 - [TEST_STEP][PASSED] - mydate = now.format("yyyyMMdd_HHmmss"): null

2020-05-26 09:37:47 - [TEST_STEP][PASSED] - screenPath = "../Screenshots/": null

2020-05-26 09:37:47 - [TEST_STEP][PASSED] - screenPath = screenPath + deviceName + "/" + productLine + "/" + carrierName + "/" + mydate + "/": null

2020-05-26 09:37:47 - [TEST_STEP][PASSED] - println(screenPath): null

2020-05-26 09:37:47 - [MESSAGE][PASSED] - Call Test Case 'Test Cases/AHI/_include/get_screenPath' successfully

2020-05-26 09:37:47 - [TEST_STEP][PASSED] - i = 0: null

2020-05-26 09:37:47 - [TEST_STEP][PASSED] - callTestCase(findTestCase("AHI/_include/openWebSite"), [:], CONTINUE_ON_FAILURE): Call Test Case 'Test Cases/AHI/_include/openWebSite' successfully

2020-05-26 09:37:47 - [TEST_CASE][PASSED] - Test Cases/AHI/_include/openWebSite: Test Cases/AHI/_include/openWebSite

2020-05-26 09:37:47 - [TEST_STEP][PASSED] - openBrowser(env): Browser is opened with url: 'https://praetemptatus.agilehealthinsurance.com'

2020-05-26 09:37:47 - [MESSAGE][WARNING] - A browser is already opened. Closing browser and opening a new one

2020-05-26 09:37:48 - [MESSAGE][INFO] - Starting 'Chrome' driver

2020-05-26 09:37:48 - [MESSAGE][INFO] - User set preference: ['mobileEmulation', '{deviceName=iPhone 6}']

2020-05-26 09:37:48 - [MESSAGE][INFO] - User set preference: ['args', '[--incognito, --aggressive-cache-discard, --window-size=375,677, --no-sandbox, --ignore-certificate-errors]']

2020-05-26 09:38:30 - [MESSAGE][PASSED] - Browser is opened with url: 'https://praetemptatus.agilehealthinsurance.com'

2020-05-26 09:38:30 - [TEST_STEP][PASSED] - waitForPageLoad(20): Wait for page load successfully

2020-05-26 09:38:45 - [MESSAGE][PASSED] - Wait for page load successfully

2020-05-26 09:38:45 - [TEST_STEP][PASSED] - callTestCase(findTestCase("AHI/_include/get_screenshot"), [:], STOP_ON_FAILURE): Call Test Case 'Test Cases/AHI/_include/get_screenshot' successfully

2020-05-26 09:38:45 - [TEST_CASE][PASSED] - Test Cases/AHI/_include/get_screenshot: Test Cases/AHI/_include/get_screenshot

2020-05-26 09:38:46 - [TEST_STEP][PASSED] - Thread.sleep(1000): null

2020-05-26 09:38:47 - [TEST_STEP][PASSED] - takeScreenshot(screenPath + i + ".png"): Taking screenshot successfully

2020-05-26 09:38:52 - [MESSAGE][PASSED] - Taking screenshot successfully
[[ATTACHMENT|D:\\Test\\AgileTest\\Reports\\AHI\\ahi\\20200526_080237\\../Screenshots/iPhone 6/AHI/STM/20200526_093747/0.png]]

2020-05-26 09:38:52 - [TEST_STEP][PASSED] - (internal.GlobalVariable.i++): null

2020-05-26 09:38:52 - [MESSAGE][PASSED] - Call Test Case 'Test Cases/AHI/_include/get_screenshot' successfully

2020-05-26 09:38:52 - [MESSAGE][PASSED] - Call Test Case 'Test Cases/AHI/_include/openWebSite' successfully

2020-05-26 09:38:52 - [TEST_STEP][PASSED] - driver = getWebDriver(): null

2020-05-26 09:38:52 - [TEST_STEP][PASSED] - baseUrl = ENV: null

2020-05-26 09:38:52 - [TEST_STEP][PASSED] - selenium = new com.thoughtworks.selenium.webdriven.WebDriverBackedSelenium(driver, baseUrl): null

2020-05-26 09:39:08 - [TEST_STEP][PASSED] - selenium.click("//*[@class='filter-option-inner-inner']"): null

2020-05-26 09:39:08 - [TEST_STEP][PASSED] - selenium.click("id=bs-select-1-6"): null

2020-05-26 09:39:10 - [TEST_STEP][PASSED] - selenium.click("id=primaryCTA"): null

2020-05-26 09:39:18 - [TEST_STEP][PASSED] - for ([second = 0, second < 10, (second++)]): null

2020-05-26 09:39:18 - [TEST_STEP][PASSED] - try: null

2020-05-26 09:39:18 - [TEST_STEP][PASSED] - if (selenium.isElementPresent("id=js-traffic-to-aiq")): null

2020-05-26 09:39:33 - [TEST_STEP][PASSED] - break: null

2020-05-26 09:39:33 - [TEST_STEP][PASSED] - callTestCase(findTestCase("AHI/_include/get_screenshot"), [:], STOP_ON_FAILURE): Call Test Case 'Test Cases/AHI/_include/get_screenshot' successfully

2020-05-26 09:39:33 - [TEST_CASE][PASSED] - Test Cases/AHI/_include/get_screenshot: Test Cases/AHI/_include/get_screenshot

2020-05-26 09:39:33 - [TEST_STEP][PASSED] - Thread.sleep(1000): null

2020-05-26 09:39:35 - [TEST_STEP][PASSED] - takeScreenshot(screenPath + i + ".png"): Taking screenshot successfully

2020-05-26 09:39:39 - [MESSAGE][PASSED] - Taking screenshot successfully
[[ATTACHMENT|D:\\Test\\AgileTest\\Reports\\AHI\\ahi\\20200526_080237\\../Screenshots/iPhone 6/AHI/STM/20200526_093747/1.png]]

2020-05-26 09:39:39 - [TEST_STEP][PASSED] - (internal.GlobalVariable.i++): null

2020-05-26 09:39:39 - [MESSAGE][PASSED] - Call Test Case 'Test Cases/AHI/_include/get_screenshot' successfully

2020-05-26 09:39:39 - [TEST_STEP][PASSED] - url = selenium.getAttribute("xpath=(//a[@id='js-traffic-to-aiq'])@href"): null

2020-05-26 09:39:40 - [TEST_STEP][PASSED] - navigateToUrl(url): Navigate to 'https://healthinsurance.net/health?utm_source=hiiq&utm_medium=cpm&utm_campaign=agile' successfully

2020-05-26 09:40:10 - [MESSAGE][PASSED] - Navigate to 'https://healthinsurance.net/health?utm_source=hiiq&utm_medium=cpm&utm_campaign=agile' successfully

2020-05-26 09:40:10 - [TEST_STEP][PASSED] - waitForPageLoad(10): Wait for page load successfully

2020-05-26 09:40:10 - [MESSAGE][PASSED] - Wait for page load successfully

2020-05-26 09:40:10 - [TEST_STEP][PASSED] - callTestCase(findTestCase("AHI/_include/get_screenshot"), [:], STOP_ON_FAILURE): Call Test Case 'Test Cases/AHI/_include/get_screenshot' successfully

2020-05-26 09:40:10 - [TEST_CASE][PASSED] - Test Cases/AHI/_include/get_screenshot: Test Cases/AHI/_include/get_screenshot

2020-05-26 09:40:10 - [TEST_STEP][PASSED] - Thread.sleep(1000): null

2020-05-26 09:40:11 - [TEST_STEP][PASSED] - takeScreenshot(screenPath + i + ".png"): Taking screenshot successfully

2020-05-26 09:40:12 - [MESSAGE][PASSED] - Taking screenshot successfully
[[ATTACHMENT|D:\\Test\\AgileTest\\Reports\\AHI\\ahi\\20200526_080237\\../Screenshots/iPhone 6/AHI/STM/20200526_093747/2.png]]

2020-05-26 09:40:12 - [TEST_STEP][PASSED] - (internal.GlobalVariable.i++): null

2020-05-26 09:40:12 - [MESSAGE][PASSED] - Call Test Case 'Test Cases/AHI/_include/get_screenshot' successfully]]></system-out>
         <system-err><![CDATA[]]></system-err>
      </testcase>
      <testcase name="Test Cases/AHI/NEW/Teladoc" classname="Test Cases/AHI/NEW/Teladoc" status="PASSED">
         <system-out><![CDATA[2020-05-26 09:40:12 - [TEST_CASE][PASSED] - Test Cases/AHI/NEW/Teladoc: Test Cases/AHI/NEW/Teladoc

2020-05-26 09:40:28 - [TEST_STEP][PASSED] - callTestCase(findTestCase("AHI/_include/get_screenPath"), ["productLine":"AHI", "carrierName":"Teladoc"], CONTINUE_ON_FAILURE): Call Test Case 'Test Cases/AHI/_include/get_screenPath' successfully

2020-05-26 09:40:28 - [TEST_CASE][PASSED] - Test Cases/AHI/_include/get_screenPath: Test Cases/AHI/_include/get_screenPath

2020-05-26 09:40:28 - [TEST_STEP][PASSED] - m = getExecutionProperties(): null

2020-05-26 09:40:28 - [TEST_STEP][PASSED] - deviceName = get("mobileEmulation").get("deviceName"): null

2020-05-26 09:40:28 - [TEST_STEP][PASSED] - println(deviceName): null

2020-05-26 09:40:28 - [TEST_STEP][PASSED] - now = new java.util.Date(): null

2020-05-26 09:40:28 - [TEST_STEP][PASSED] - mydate = now.format("yyyyMMdd_HHmmss"): null

2020-05-26 09:40:28 - [TEST_STEP][PASSED] - screenPath = "../Screenshots/": null

2020-05-26 09:40:28 - [TEST_STEP][PASSED] - screenPath = screenPath + deviceName + "/" + productLine + "/" + carrierName + "/" + mydate + "/": null

2020-05-26 09:40:28 - [TEST_STEP][PASSED] - println(screenPath): null

2020-05-26 09:40:28 - [MESSAGE][PASSED] - Call Test Case 'Test Cases/AHI/_include/get_screenPath' successfully

2020-05-26 09:40:28 - [TEST_STEP][PASSED] - i = 0: null

2020-05-26 09:40:28 - [TEST_STEP][PASSED] - callTestCase(findTestCase("AHI/_include/openWebSite"), [:], STOP_ON_FAILURE): Call Test Case 'Test Cases/AHI/_include/openWebSite' successfully

2020-05-26 09:40:28 - [TEST_CASE][PASSED] - Test Cases/AHI/_include/openWebSite: Test Cases/AHI/_include/openWebSite

2020-05-26 09:40:28 - [TEST_STEP][PASSED] - openBrowser(env): Browser is opened with url: 'https://praetemptatus.agilehealthinsurance.com'

2020-05-26 09:40:28 - [MESSAGE][WARNING] - A browser is already opened. Closing browser and opening a new one

2020-05-26 09:40:31 - [MESSAGE][INFO] - Starting 'Chrome' driver

2020-05-26 09:40:31 - [MESSAGE][INFO] - User set preference: ['mobileEmulation', '{deviceName=iPhone 6}']

2020-05-26 09:40:31 - [MESSAGE][INFO] - User set preference: ['args', '[--incognito, --aggressive-cache-discard, --window-size=375,677, --no-sandbox, --ignore-certificate-errors]']

2020-05-26 09:41:09 - [MESSAGE][PASSED] - Browser is opened with url: 'https://praetemptatus.agilehealthinsurance.com'

2020-05-26 09:41:09 - [TEST_STEP][PASSED] - waitForPageLoad(20): Wait for page load successfully

2020-05-26 09:41:10 - [MESSAGE][PASSED] - Wait for page load successfully

2020-05-26 09:41:10 - [TEST_STEP][PASSED] - callTestCase(findTestCase("AHI/_include/get_screenshot"), [:], STOP_ON_FAILURE): Call Test Case 'Test Cases/AHI/_include/get_screenshot' successfully

2020-05-26 09:41:10 - [TEST_CASE][PASSED] - Test Cases/AHI/_include/get_screenshot: Test Cases/AHI/_include/get_screenshot

2020-05-26 09:41:10 - [TEST_STEP][PASSED] - Thread.sleep(1000): null

2020-05-26 09:41:12 - [TEST_STEP][PASSED] - takeScreenshot(screenPath + i + ".png"): Taking screenshot successfully

2020-05-26 09:41:30 - [MESSAGE][PASSED] - Taking screenshot successfully
[[ATTACHMENT|D:\\Test\\AgileTest\\Reports\\AHI\\ahi\\20200526_080237\\../Screenshots/iPhone 6/AHI/Teladoc/20200526_094028/0.png]]

2020-05-26 09:41:30 - [TEST_STEP][PASSED] - (internal.GlobalVariable.i++): null

2020-05-26 09:41:30 - [MESSAGE][PASSED] - Call Test Case 'Test Cases/AHI/_include/get_screenshot' successfully

2020-05-26 09:41:30 - [MESSAGE][PASSED] - Call Test Case 'Test Cases/AHI/_include/openWebSite' successfully

2020-05-26 09:41:30 - [TEST_STEP][PASSED] - driver = getWebDriver(): null

2020-05-26 09:41:30 - [TEST_STEP][PASSED] - baseUrl = ENV: null

2020-05-26 09:41:30 - [TEST_STEP][PASSED] - selenium = new com.thoughtworks.selenium.webdriven.WebDriverBackedSelenium(driver, baseUrl): null

2020-05-26 09:41:36 - [TEST_STEP][PASSED] - selenium.click("//*[@class='filter-option-inner-inner']"): null

2020-05-26 09:41:37 - [TEST_STEP][PASSED] - selenium.click("id=bs-select-1-7"): null

2020-05-26 09:41:37 - [TEST_STEP][PASSED] - selenium.click("id=primaryCTA"): null

2020-05-26 09:42:04 - [TEST_STEP][PASSED] - waitForElementVisible(findTestObject("mobileSanity/Teladoc/front_door_h1"), 20): Object 'Object Repository/mobileSanity/Teladoc/front_door_h1' is visible

2020-05-26 09:42:07 - [MESSAGE][PASSED] - Object 'Object Repository/mobileSanity/Teladoc/front_door_h1' is visible

2020-05-26 09:42:07 - [TEST_STEP][PASSED] - callTestCase(findTestCase("AHI/_include/get_screenshot"), [:], STOP_ON_FAILURE): Call Test Case 'Test Cases/AHI/_include/get_screenshot' successfully

2020-05-26 09:42:07 - [TEST_CASE][PASSED] - Test Cases/AHI/_include/get_screenshot: Test Cases/AHI/_include/get_screenshot

2020-05-26 09:42:07 - [TEST_STEP][PASSED] - Thread.sleep(1000): null

2020-05-26 09:42:08 - [TEST_STEP][PASSED] - takeScreenshot(screenPath + i + ".png"): Taking screenshot successfully

2020-05-26 09:42:13 - [MESSAGE][PASSED] - Taking screenshot successfully
[[ATTACHMENT|D:\\Test\\AgileTest\\Reports\\AHI\\ahi\\20200526_080237\\../Screenshots/iPhone 6/AHI/Teladoc/20200526_094028/1.png]]

2020-05-26 09:42:13 - [TEST_STEP][PASSED] - (internal.GlobalVariable.i++): null

2020-05-26 09:42:13 - [MESSAGE][PASSED] - Call Test Case 'Test Cases/AHI/_include/get_screenshot' successfully

2020-05-26 09:42:13 - [TEST_STEP][PASSED] - waitForElementVisible(findTestObject("mobileSanity/Teladoc/census/input_Location_zip-input"), 20): Object 'Object Repository/mobileSanity/Teladoc/census/input_Location_zip-input' is visible

2020-05-26 09:42:19 - [MESSAGE][PASSED] - Object 'Object Repository/mobileSanity/Teladoc/census/input_Location_zip-input' is visible

2020-05-26 09:42:19 - [TEST_STEP][PASSED] - sendKeys(findTestObject("mobileSanity/Teladoc/census/input_Location_zip-input"), "35215"): Keys '35215' sent to object: 'Object Repository/mobileSanity/Teladoc/census/input_Location_zip-input'

2020-05-26 09:42:25 - [MESSAGE][PASSED] - Keys '35215' sent to object: 'Object Repository/mobileSanity/Teladoc/census/input_Location_zip-input'

2020-05-26 09:42:25 - [TEST_STEP][PASSED] - Thread.sleep(500): null

2020-05-26 09:42:26 - [TEST_STEP][PASSED] - setText(findTestObject("mobileSanity/Teladoc/census/input_Date of Birth_dob-0"), "12121980"): Text '12121980' is set on object 'Object Repository/mobileSanity/Teladoc/census/input_Date of Birth_dob-0'

2020-05-26 09:42:27 - [MESSAGE][PASSED] - Text '12121980' is set on object 'Object Repository/mobileSanity/Teladoc/census/input_Date of Birth_dob-0'

2020-05-26 09:42:27 - [TEST_STEP][PASSED] - click(findTestObject("mobileSanity/Teladoc/census/label_Male")): Object: 'Object Repository/mobileSanity/Teladoc/census/label_Male' is clicked on

2020-05-26 09:42:28 - [MESSAGE][PASSED] - Object: 'Object Repository/mobileSanity/Teladoc/census/label_Male' is clicked on

2020-05-26 09:42:28 - [TEST_STEP][PASSED] - Thread.sleep(3000): null

2020-05-26 09:42:31 - [TEST_STEP][PASSED] - click(findTestObject("mobileSanity/Teladoc/census/get_a_quote")): Object: 'Object Repository/mobileSanity/Teladoc/census/get_a_quote' is clicked on

2020-05-26 09:42:33 - [MESSAGE][PASSED] - Object: 'Object Repository/mobileSanity/Teladoc/census/get_a_quote' is clicked on

2020-05-26 09:42:33 - [TEST_STEP][PASSED] - waitForElementVisible(findTestObject("mobileSanity/Teladoc/apply_button"), 20): Object 'Object Repository/mobileSanity/Teladoc/apply_button' is visible

2020-05-26 09:42:39 - [MESSAGE][PASSED] - Object 'Object Repository/mobileSanity/Teladoc/apply_button' is visible

2020-05-26 09:42:39 - [TEST_STEP][PASSED] - callTestCase(findTestCase("AHI/_include/get_screenshot"), [:], STOP_ON_FAILURE): Call Test Case 'Test Cases/AHI/_include/get_screenshot' successfully

2020-05-26 09:42:40 - [TEST_CASE][PASSED] - Test Cases/AHI/_include/get_screenshot: Test Cases/AHI/_include/get_screenshot

2020-05-26 09:42:40 - [TEST_STEP][PASSED] - Thread.sleep(1000): null

2020-05-26 09:42:41 - [TEST_STEP][PASSED] - takeScreenshot(screenPath + i + ".png"): Taking screenshot successfully

2020-05-26 09:42:46 - [MESSAGE][PASSED] - Taking screenshot successfully
[[ATTACHMENT|D:\\Test\\AgileTest\\Reports\\AHI\\ahi\\20200526_080237\\../Screenshots/iPhone 6/AHI/Teladoc/20200526_094028/2.png]]

2020-05-26 09:42:46 - [TEST_STEP][PASSED] - (internal.GlobalVariable.i++): null

2020-05-26 09:42:46 - [MESSAGE][PASSED] - Call Test Case 'Test Cases/AHI/_include/get_screenshot' successfully

2020-05-26 09:42:46 - [TEST_STEP][PASSED] - click(findTestObject("mobileSanity/Teladoc/apply_button")): Object: 'Object Repository/mobileSanity/Teladoc/apply_button' is clicked on

2020-05-26 09:42:50 - [MESSAGE][PASSED] - Object: 'Object Repository/mobileSanity/Teladoc/apply_button' is clicked on

2020-05-26 09:42:50 - [TEST_STEP][PASSED] - waitForPageLoad(20): Wait for page load successfully

2020-05-26 09:43:00 - [MESSAGE][PASSED] - Wait for page load successfully

2020-05-26 09:43:00 - [TEST_STEP][PASSED] - waitForElementPresent(findTestObject("mobileSanity/Teladoc/Page_App Page 1/input__member-P-1-firstName"), 20): Object 'Object Repository/mobileSanity/Teladoc/Page_App Page 1/input__member-P-1-firstName' is present

2020-05-26 09:43:03 - [MESSAGE][PASSED] - Object 'Object Repository/mobileSanity/Teladoc/Page_App Page 1/input__member-P-1-firstName' is present

2020-05-26 09:43:03 - [TEST_STEP][PASSED] - callTestCase(findTestCase("AHI/_include/get_screenshot"), [:], STOP_ON_FAILURE): Call Test Case 'Test Cases/AHI/_include/get_screenshot' successfully

2020-05-26 09:43:03 - [TEST_CASE][PASSED] - Test Cases/AHI/_include/get_screenshot: Test Cases/AHI/_include/get_screenshot

2020-05-26 09:43:03 - [TEST_STEP][PASSED] - Thread.sleep(1000): null

2020-05-26 09:43:04 - [TEST_STEP][PASSED] - takeScreenshot(screenPath + i + ".png"): Taking screenshot successfully

2020-05-26 09:43:05 - [MESSAGE][PASSED] - Taking screenshot successfully
[[ATTACHMENT|D:\\Test\\AgileTest\\Reports\\AHI\\ahi\\20200526_080237\\../Screenshots/iPhone 6/AHI/Teladoc/20200526_094028/3.png]]

2020-05-26 09:43:05 - [TEST_STEP][PASSED] - (internal.GlobalVariable.i++): null

2020-05-26 09:43:05 - [MESSAGE][PASSED] - Call Test Case 'Test Cases/AHI/_include/get_screenshot' successfully

2020-05-26 09:43:05 - [TEST_STEP][PASSED] - callTestCase(findTestCase("AHI/_include/name"), [:], STOP_ON_FAILURE): Call Test Case 'Test Cases/AHI/_include/name' successfully

2020-05-26 09:43:06 - [TEST_CASE][PASSED] - Test Cases/AHI/_include/name: Test Cases/AHI/_include/name

2020-05-26 09:43:06 - [TEST_STEP][PASSED] - driver = getWebDriver(): null

2020-05-26 09:43:06 - [TEST_STEP][PASSED] - selenium = new com.thoughtworks.selenium.webdriven.WebDriverBackedSelenium(driver, internal.GlobalVariable.ENV): null

2020-05-26 09:43:07 - [TEST_STEP][PASSED] - FirstName = "Test-123": null

2020-05-26 09:43:07 - [TEST_STEP][PASSED] - LastName = selenium.getEval("{var x="ABCDEFGHIJKLMNOPQRSTUVWXYZabcdefghijklmnopqrstuvwxyz"; var tmp="ZZ11-"; for (i=0;i<8;i++) tmp+=x.charAt(Math.ceil(51*Math.random()));tmp;}"): null

2020-05-26 09:43:07 - [TEST_STEP][PASSED] - Address = selenium.getEval("{var x="ABCDEFGHIJKLMNOPQRSTUVWXYZabcdefghijklmnopqrstuvwxyz"; var tmp=""; for (i=0;i<8;i++) tmp+=x.charAt(Math.ceil(51*Math.random()));tmp;}"): null

2020-05-26 09:43:07 - [TEST_STEP][PASSED] - City = selenium.getEval("{var x="ABCDEFGHIJKLMNOPQRSTUVWXYZabcdefghijklmnopqrstuvwxyz"; var tmp=""; for (i=0;i<8;i++) tmp+=x.charAt(Math.ceil(51*Math.random()));tmp;}"): null

2020-05-26 09:43:07 - [TEST_STEP][PASSED] - tel1 = selenium.getEval("{var x="123456789"; var tmp=""; for (i=0;i<3;i++) tmp+=x.charAt(Math.ceil(8*Math.random()));tmp;}"): null

2020-05-26 09:43:07 - [TEST_STEP][PASSED] - tel2 = selenium.getEval("{var x="123456789"; var tmp=""; for (i=0;i<3;i++) tmp+=x.charAt(Math.ceil(8*Math.random()));tmp;}"): null

2020-05-26 09:43:07 - [TEST_STEP][PASSED] - tel3 = selenium.getEval("{var x="123456789"; var tmp=""; for (i=0;i<4;i++) tmp+=x.charAt(Math.ceil(8*Math.random()));tmp;}"): null

2020-05-26 09:43:07 - [TEST_STEP][PASSED] - Tel = selenium.getExpression(tel1 + "-" + tel2 + "-" + tel3): null

2020-05-26 09:43:07 - [TEST_STEP][PASSED] - AutoEmail = selenium.getEval("{var x="ABCDEFGHIJKLMNOPQRSTUVWXYZabcdefghijklmnopqrstuvwxyz"; var tmp="test."; for (i=0;i<8;i++) tmp+=x.charAt(Math.ceil(51*Math.random()));tmp+="@suryani.cn";}"): null

2020-05-26 09:43:07 - [TEST_STEP][PASSED] - FirstName = FirstName: null

2020-05-26 09:43:07 - [TEST_STEP][PASSED] - LastName = LastName: null

2020-05-26 09:43:07 - [TEST_STEP][PASSED] - Address = Address: null

2020-05-26 09:43:07 - [TEST_STEP][PASSED] - City = City: null

2020-05-26 09:43:07 - [TEST_STEP][PASSED] - Tel = Tel: null

2020-05-26 09:43:07 - [TEST_STEP][PASSED] - AutoEmail = AutoEmail: null

2020-05-26 09:43:07 - [TEST_STEP][PASSED] - println(FirstName): null

2020-05-26 09:43:07 - [TEST_STEP][PASSED] - println(LastName): null

2020-05-26 09:43:07 - [TEST_STEP][PASSED] - println(Address): null

2020-05-26 09:43:07 - [TEST_STEP][PASSED] - println(City): null

2020-05-26 09:43:07 - [TEST_STEP][PASSED] - println(Tel): null

2020-05-26 09:43:07 - [TEST_STEP][PASSED] - println(AutoEmail): null

2020-05-26 09:43:07 - [MESSAGE][PASSED] - Call Test Case 'Test Cases/AHI/_include/name' successfully

2020-05-26 09:43:07 - [TEST_STEP][PASSED] - setText(findTestObject("mobileSanity/Teladoc/Page_App Page 1/input__member-P-1-firstName"), FirstName): Text 'Test-123' is set on object 'Object Repository/mobileSanity/Teladoc/Page_App Page 1/input__member-P-1-firstName'

2020-05-26 09:43:09 - [MESSAGE][PASSED] - Text 'Test-123' is set on object 'Object Repository/mobileSanity/Teladoc/Page_App Page 1/input__member-P-1-firstName'

2020-05-26 09:43:09 - [TEST_STEP][PASSED] - setText(findTestObject("mobileSanity/Teladoc/Page_App Page 1/input__member-P-1-lastName"), LastName): Text 'ZZ11-OSZCWTnz' is set on object 'Object Repository/mobileSanity/Teladoc/Page_App Page 1/input__member-P-1-lastName'

2020-05-26 09:43:25 - [MESSAGE][PASSED] - Text 'ZZ11-OSZCWTnz' is set on object 'Object Repository/mobileSanity/Teladoc/Page_App Page 1/input__member-P-1-lastName'

2020-05-26 09:43:25 - [TEST_STEP][PASSED] - selectOptionByValue(findTestObject("mobileSanity/Teladoc/Page_App Page 1/select_01020304050607"), "05", true): All options with value '05' are selected in object 'Object Repository/mobileSanity/Teladoc/Page_App Page 1/select_01020304050607'  using regular expression

2020-05-26 09:43:32 - [MESSAGE][PASSED] - All options with value '05' are selected in object 'Object Repository/mobileSanity/Teladoc/Page_App Page 1/select_01020304050607'  using regular expression

2020-05-26 09:43:32 - [TEST_STEP][PASSED] - selectOptionByValue(findTestObject("mobileSanity/Teladoc/Page_App Page 1/select_00102030405060708091011"), "06", true): All options with value '06' are selected in object 'Object Repository/mobileSanity/Teladoc/Page_App Page 1/select_00102030405060708091011'  using regular expression

2020-05-26 09:43:40 - [MESSAGE][PASSED] - All options with value '06' are selected in object 'Object Repository/mobileSanity/Teladoc/Page_App Page 1/select_00102030405060708091011'  using regular expression

2020-05-26 09:43:40 - [TEST_STEP][PASSED] - setText(findTestObject("mobileSanity/Teladoc/Page_App Page 1/input_lbs"), "180"): Text '180' is set on object 'Object Repository/mobileSanity/Teladoc/Page_App Page 1/input_lbs'

2020-05-26 09:43:47 - [MESSAGE][PASSED] - Text '180' is set on object 'Object Repository/mobileSanity/Teladoc/Page_App Page 1/input_lbs'

2020-05-26 09:43:47 - [TEST_STEP][PASSED] - setText(findTestObject("mobileSanity/Teladoc/Page_App Page 1/input__address"), Address): Text 'SRbmInOL' is set on object 'Object Repository/mobileSanity/Teladoc/Page_App Page 1/input__address'

2020-05-26 09:43:50 - [MESSAGE][PASSED] - Text 'SRbmInOL' is set on object 'Object Repository/mobileSanity/Teladoc/Page_App Page 1/input__address'

2020-05-26 09:43:50 - [TEST_STEP][PASSED] - setText(findTestObject("mobileSanity/Teladoc/Page_App Page 1/input__city"), City): Text 'DwVfejYH' is set on object 'Object Repository/mobileSanity/Teladoc/Page_App Page 1/input__city'

2020-05-26 09:43:51 - [MESSAGE][PASSED] - Text 'DwVfejYH' is set on object 'Object Repository/mobileSanity/Teladoc/Page_App Page 1/input__city'

2020-05-26 09:43:51 - [TEST_STEP][PASSED] - setText(findTestObject("mobileSanity/Teladoc/Page_App Page 1/input__email"), AutoEmail): Text 'test.EJfjDNmw@suryani.cn' is set on object 'Object Repository/mobileSanity/Teladoc/Page_App Page 1/input__email'

2020-05-26 09:43:57 - [MESSAGE][PASSED] - Text 'test.EJfjDNmw@suryani.cn' is set on object 'Object Repository/mobileSanity/Teladoc/Page_App Page 1/input__email'

2020-05-26 09:43:57 - [TEST_STEP][PASSED] - setText(findTestObject("mobileSanity/Teladoc/Page_App Page 1/input_phone number"), Tel): Text '784-964-2939' is set on object 'Object Repository/mobileSanity/Teladoc/Page_App Page 1/input_phone number'

2020-05-26 09:43:59 - [MESSAGE][PASSED] - Text '784-964-2939' is set on object 'Object Repository/mobileSanity/Teladoc/Page_App Page 1/input_phone number'

2020-05-26 09:43:59 - [TEST_STEP][PASSED] - Thread.sleep(5000): null

2020-05-26 09:44:04 - [TEST_STEP][PASSED] - click(findTestObject("mobileSanity/Teladoc/Page_App Page 1/a_Continue to Step 2 - Payment")): Object: 'Object Repository/mobileSanity/Teladoc/Page_App Page 1/a_Continue to Step 2 - Payment' is clicked on

2020-05-26 09:44:06 - [MESSAGE][PASSED] - Object: 'Object Repository/mobileSanity/Teladoc/Page_App Page 1/a_Continue to Step 2 - Payment' is clicked on

2020-05-26 09:44:06 - [TEST_STEP][PASSED] - waitForPageLoad(20): Wait for page load successfully

2020-05-26 09:44:07 - [MESSAGE][PASSED] - Wait for page load successfully

2020-05-26 09:44:07 - [TEST_STEP][PASSED] - waitForElementVisible(findTestObject("mobileSanity/Teladoc/Page_App Page 2/input__credit-card-first"), 20): Object 'Object Repository/mobileSanity/Teladoc/Page_App Page 2/input__credit-card-first' is visible

2020-05-26 09:44:08 - [MESSAGE][PASSED] - Object 'Object Repository/mobileSanity/Teladoc/Page_App Page 2/input__credit-card-first' is visible

2020-05-26 09:44:08 - [TEST_STEP][PASSED] - callTestCase(findTestCase("AHI/_include/get_screenshot"), [:], STOP_ON_FAILURE): Call Test Case 'Test Cases/AHI/_include/get_screenshot' successfully

2020-05-26 09:44:08 - [TEST_CASE][PASSED] - Test Cases/AHI/_include/get_screenshot: Test Cases/AHI/_include/get_screenshot

2020-05-26 09:44:08 - [TEST_STEP][PASSED] - Thread.sleep(1000): null

2020-05-26 09:44:09 - [TEST_STEP][PASSED] - takeScreenshot(screenPath + i + ".png"): Taking screenshot successfully

2020-05-26 09:44:12 - [MESSAGE][PASSED] - Taking screenshot successfully
[[ATTACHMENT|D:\\Test\\AgileTest\\Reports\\AHI\\ahi\\20200526_080237\\../Screenshots/iPhone 6/AHI/Teladoc/20200526_094028/4.png]]

2020-05-26 09:44:12 - [TEST_STEP][PASSED] - (internal.GlobalVariable.i++): null

2020-05-26 09:44:12 - [MESSAGE][PASSED] - Call Test Case 'Test Cases/AHI/_include/get_screenshot' successfully

2020-05-26 09:44:12 - [TEST_STEP][PASSED] - setText(findTestObject("mobileSanity/Teladoc/Page_App Page 2/input__credit-card-first"), FirstName): Text 'Test-123' is set on object 'Object Repository/mobileSanity/Teladoc/Page_App Page 2/input__credit-card-first'

2020-05-26 09:44:13 - [MESSAGE][PASSED] - Text 'Test-123' is set on object 'Object Repository/mobileSanity/Teladoc/Page_App Page 2/input__credit-card-first'

2020-05-26 09:44:13 - [TEST_STEP][PASSED] - setText(findTestObject("mobileSanity/Teladoc/Page_App Page 2/input__credit-card-last"), LastName): Text 'ZZ11-OSZCWTnz' is set on object 'Object Repository/mobileSanity/Teladoc/Page_App Page 2/input__credit-card-last'

2020-05-26 09:44:24 - [MESSAGE][PASSED] - Text 'ZZ11-OSZCWTnz' is set on object 'Object Repository/mobileSanity/Teladoc/Page_App Page 2/input__credit-card-last'

2020-05-26 09:44:24 - [TEST_STEP][PASSED] - selectOptionByValue(findTestObject("mobileSanity/Teladoc/Page_App Page 2/select_MM010203040506070809101"), "12", true): All options with value '12' are selected in object 'Object Repository/mobileSanity/Teladoc/Page_App Page 2/select_MM010203040506070809101'  using regular expression

2020-05-26 09:44:28 - [MESSAGE][PASSED] - All options with value '12' are selected in object 'Object Repository/mobileSanity/Teladoc/Page_App Page 2/select_MM010203040506070809101'  using regular expression

2020-05-26 09:44:28 - [TEST_STEP][PASSED] - selectOptionByValue(findTestObject("mobileSanity/Teladoc/Page_App Page 2/select_YYYY2019202020212022202"), "2026", true): All options with value '2026' are selected in object 'Object Repository/mobileSanity/Teladoc/Page_App Page 2/select_YYYY2019202020212022202'  using regular expression

2020-05-26 09:44:43 - [MESSAGE][PASSED] - All options with value '2026' are selected in object 'Object Repository/mobileSanity/Teladoc/Page_App Page 2/select_YYYY2019202020212022202'  using regular expression

2020-05-26 09:44:43 - [TEST_STEP][PASSED] - setText(findTestObject("mobileSanity/Teladoc/Page_App Page 2/input__credit-card-number"), "4111111111111111"): Text '4111111111111111' is set on object 'Object Repository/mobileSanity/Teladoc/Page_App Page 2/input__credit-card-number'

2020-05-26 09:44:45 - [MESSAGE][PASSED] - Text '4111111111111111' is set on object 'Object Repository/mobileSanity/Teladoc/Page_App Page 2/input__credit-card-number'

2020-05-26 09:44:45 - [TEST_STEP][PASSED] - setText(findTestObject("mobileSanity/Teladoc/Page_App Page 2/input__credit-card-cvv"), "122"): Text '122' is set on object 'Object Repository/mobileSanity/Teladoc/Page_App Page 2/input__credit-card-cvv'

2020-05-26 09:44:47 - [MESSAGE][PASSED] - Text '122' is set on object 'Object Repository/mobileSanity/Teladoc/Page_App Page 2/input__credit-card-cvv'

2020-05-26 09:44:47 - [TEST_STEP][PASSED] - click(findTestObject("mobileSanity/Teladoc/Page_App Page 2/label_My billing address is th")): Object: 'Object Repository/mobileSanity/Teladoc/Page_App Page 2/label_My billing address is th' is clicked on

2020-05-26 09:44:47 - [MESSAGE][PASSED] - Object: 'Object Repository/mobileSanity/Teladoc/Page_App Page 2/label_My billing address is th' is clicked on

2020-05-26 09:44:47 - [TEST_STEP][PASSED] - click(findTestObject("mobileSanity/Teladoc/Page_App Page 2/label_I Accept Authorization f")): Object: 'Object Repository/mobileSanity/Teladoc/Page_App Page 2/label_I Accept Authorization f' is clicked on

2020-05-26 09:44:47 - [MESSAGE][PASSED] - Object: 'Object Repository/mobileSanity/Teladoc/Page_App Page 2/label_I Accept Authorization f' is clicked on

2020-05-26 09:44:47 - [TEST_STEP][PASSED] - click(findTestObject("mobileSanity/Teladoc/Page_App Page 2/a_Continue to Step 3 - Review")): Object: 'Object Repository/mobileSanity/Teladoc/Page_App Page 2/a_Continue to Step 3 - Review' is clicked on

2020-05-26 09:44:47 - [MESSAGE][PASSED] - Object: 'Object Repository/mobileSanity/Teladoc/Page_App Page 2/a_Continue to Step 3 - Review' is clicked on

2020-05-26 09:44:47 - [TEST_STEP][PASSED] - waitForPageLoad(20): Wait for page load successfully

2020-05-26 09:44:47 - [MESSAGE][PASSED] - Wait for page load successfully

2020-05-26 09:44:47 - [TEST_STEP][PASSED] - waitForElementPresent(findTestObject("mobileSanity/Teladoc/Page_App Page 3/label"), 20): Object 'Object Repository/mobileSanity/Teladoc/Page_App Page 3/label' is present

2020-05-26 09:45:04 - [MESSAGE][PASSED] - Object 'Object Repository/mobileSanity/Teladoc/Page_App Page 3/label' is present

2020-05-26 09:45:04 - [TEST_STEP][PASSED] - Thread.sleep(5000): null

2020-05-26 09:45:09 - [TEST_STEP][PASSED] - callTestCase(findTestCase("AHI/_include/get_screenshot"), [:], STOP_ON_FAILURE): Call Test Case 'Test Cases/AHI/_include/get_screenshot' successfully

2020-05-26 09:45:09 - [TEST_CASE][PASSED] - Test Cases/AHI/_include/get_screenshot: Test Cases/AHI/_include/get_screenshot

2020-05-26 09:45:10 - [TEST_STEP][PASSED] - Thread.sleep(1000): null

2020-05-26 09:45:11 - [TEST_STEP][PASSED] - takeScreenshot(screenPath + i + ".png"): Taking screenshot successfully

2020-05-26 09:45:14 - [MESSAGE][PASSED] - Taking screenshot successfully
[[ATTACHMENT|D:\\Test\\AgileTest\\Reports\\AHI\\ahi\\20200526_080237\\../Screenshots/iPhone 6/AHI/Teladoc/20200526_094028/5.png]]

2020-05-26 09:45:14 - [TEST_STEP][PASSED] - (internal.GlobalVariable.i++): null

2020-05-26 09:45:14 - [MESSAGE][PASSED] - Call Test Case 'Test Cases/AHI/_include/get_screenshot' successfully

2020-05-26 09:45:14 - [TEST_STEP][PASSED] - scrollToElement(findTestObject("mobileSanity/Teladoc/Page_App Page 3/label"), 10): Scroll to object 'Object Repository/mobileSanity/Teladoc/Page_App Page 3/label' successfully

2020-05-26 09:45:18 - [MESSAGE][PASSED] - Scroll to object 'Object Repository/mobileSanity/Teladoc/Page_App Page 3/label' successfully

2020-05-26 09:45:18 - [TEST_STEP][PASSED] - waitForElementClickable(findTestObject("mobileSanity/Teladoc/Page_App Page 3/label"), 10): Object 'Object Repository/mobileSanity/Teladoc/Page_App Page 3/label' is clickable

2020-05-26 09:45:21 - [MESSAGE][PASSED] - Object 'Object Repository/mobileSanity/Teladoc/Page_App Page 3/label' is clickable

2020-05-26 09:45:21 - [TEST_STEP][PASSED] - click(findTestObject("mobileSanity/Teladoc/Page_App Page 3/label")): Object: 'Object Repository/mobileSanity/Teladoc/Page_App Page 3/label' is clicked on

2020-05-26 09:45:22 - [MESSAGE][PASSED] - Object: 'Object Repository/mobileSanity/Teladoc/Page_App Page 3/label' is clicked on

2020-05-26 09:45:22 - [TEST_STEP][PASSED] - click(findTestObject("mobileSanity/Teladoc/Page_App Page 3/p_")): Object: 'Object Repository/mobileSanity/Teladoc/Page_App Page 3/p_' is clicked on

2020-05-26 09:45:29 - [MESSAGE][PASSED] - Object: 'Object Repository/mobileSanity/Teladoc/Page_App Page 3/p_' is clicked on

2020-05-26 09:45:29 - [TEST_STEP][PASSED] - click(findTestObject("mobileSanity/Teladoc/Page_App Page 3/a_Submit Your Application")): Object: 'Object Repository/mobileSanity/Teladoc/Page_App Page 3/a_Submit Your Application' is clicked on

2020-05-26 09:45:31 - [MESSAGE][PASSED] - Object: 'Object Repository/mobileSanity/Teladoc/Page_App Page 3/a_Submit Your Application' is clicked on

2020-05-26 09:45:31 - [TEST_STEP][PASSED] - waitForElementPresent(findTestObject("mobileSanity/Common/app-confirmation"), 30): Object 'Object Repository/mobileSanity/Common/app-confirmation' is not present after 30 second(s)

2020-05-26 09:46:19 - [MESSAGE][INFO] - Unable to find the element located by 'By.xpath: //*[@id = 'app-confirmation']'. Please recheck the objects properties to make sure the desired element is located. 

2020-05-26 09:46:19 - [MESSAGE][WARNING] - Object 'Object Repository/mobileSanity/Common/app-confirmation' is not present after 30 second(s)

2020-05-26 09:46:19 - [TEST_STEP][PASSED] - callTestCase(findTestCase("AHI/_include/get_screenshot"), [:], STOP_ON_FAILURE): Call Test Case 'Test Cases/AHI/_include/get_screenshot' successfully

2020-05-26 09:46:19 - [TEST_CASE][PASSED] - Test Cases/AHI/_include/get_screenshot: Test Cases/AHI/_include/get_screenshot

2020-05-26 09:46:19 - [TEST_STEP][PASSED] - Thread.sleep(1000): null

2020-05-26 09:46:20 - [TEST_STEP][PASSED] - takeScreenshot(screenPath + i + ".png"): Taking screenshot successfully

2020-05-26 09:46:26 - [MESSAGE][PASSED] - Taking screenshot successfully
[[ATTACHMENT|D:\\Test\\AgileTest\\Reports\\AHI\\ahi\\20200526_080237\\../Screenshots/iPhone 6/AHI/Teladoc/20200526_094028/6.png]]

2020-05-26 09:46:26 - [TEST_STEP][PASSED] - (internal.GlobalVariable.i++): null

2020-05-26 09:46:26 - [MESSAGE][PASSED] - Call Test Case 'Test Cases/AHI/_include/get_screenshot' successfully]]></system-out>
         <system-err><![CDATA[]]></system-err>
      </testcase>
      <system-out><![CDATA[2020-05-26 09:02:23 - [TEST_SUITE][ERROR] - ahi: Test Cases/AHI/NEW/ACA Health Insurance FAILED.
Reason:
com.thoughtworks.selenium.SeleniumException: Timed out waiting for action to finish
	at com.thoughtworks.selenium.webdriven.Timer.run(Timer.java:46)
	at com.thoughtworks.selenium.webdriven.WebDriverCommandProcessor.execute(WebDriverCommandProcessor.java:150)
	at com.thoughtworks.selenium.webdriven.WebDriverCommandProcessor.doCommand(WebDriverCommandProcessor.java:76)
	at com.thoughtworks.selenium.DefaultSelenium.click(DefaultSelenium.java:198)
	at com.thoughtworks.selenium.Selenium$click.call(Unknown Source)
	at ACA Health Insurance.run(ACA Health Insurance:39)
	at com.kms.katalon.core.main.ScriptEngine.run(ScriptEngine.java:194)
	at com.kms.katalon.core.main.ScriptEngine.runScriptAsRawText(ScriptEngine.java:119)
	at com.kms.katalon.core.main.TestCaseExecutor.runScript(TestCaseExecutor.java:328)
	at com.kms.katalon.core.main.TestCaseExecutor.doExecute(TestCaseExecutor.java:319)
	at com.kms.katalon.core.main.TestCaseExecutor.processExecutionPhase(TestCaseExecutor.java:298)
	at com.kms.katalon.core.main.TestCaseExecutor.accessMainPhase(TestCaseExecutor.java:290)
	at com.kms.katalon.core.main.TestCaseExecutor.execute(TestCaseExecutor.java:224)
	at com.kms.katalon.core.main.TestSuiteExecutor.accessTestCaseMainPhase(TestSuiteExecutor.java:129)
	at com.kms.katalon.core.main.TestSuiteExecutor.accessTestSuiteMainPhase(TestSuiteExecutor.java:112)
	at com.kms.katalon.core.main.TestSuiteExecutor.execute(TestSuiteExecutor.java:81)
	at com.kms.katalon.core.main.TestCaseMain.startTestSuite(TestCaseMain.java:149)
	at com.kms.katalon.core.main.TestCaseMain$startTestSuite$0.call(Unknown Source)
	at TempTestSuite1590494557927.run(TempTestSuite1590494557927.groovy:36)]]></system-out>
      <system-err><![CDATA[2020-05-26 09:02:23 - [TEST_SUITE][ERROR] - ahi: Test Cases/AHI/NEW/ACA Health Insurance FAILED.
Reason:
com.thoughtworks.selenium.SeleniumException: Timed out waiting for action to finish
	at com.thoughtworks.selenium.webdriven.Timer.run(Timer.java:46)
	at com.thoughtworks.selenium.webdriven.WebDriverCommandProcessor.execute(WebDriverCommandProcessor.java:150)
	at com.thoughtworks.selenium.webdriven.WebDriverCommandProcessor.doCommand(WebDriverCommandProcessor.java:76)
	at com.thoughtworks.selenium.DefaultSelenium.click(DefaultSelenium.java:198)
	at com.thoughtworks.selenium.Selenium$click.call(Unknown Source)
	at ACA Health Insurance.run(ACA Health Insurance:39)
	at com.kms.katalon.core.main.ScriptEngine.run(ScriptEngine.java:194)
	at com.kms.katalon.core.main.ScriptEngine.runScriptAsRawText(ScriptEngine.java:119)
	at com.kms.katalon.core.main.TestCaseExecutor.runScript(TestCaseExecutor.java:328)
	at com.kms.katalon.core.main.TestCaseExecutor.doExecute(TestCaseExecutor.java:319)
	at com.kms.katalon.core.main.TestCaseExecutor.processExecutionPhase(TestCaseExecutor.java:298)
	at com.kms.katalon.core.main.TestCaseExecutor.accessMainPhase(TestCaseExecutor.java:290)
	at com.kms.katalon.core.main.TestCaseExecutor.execute(TestCaseExecutor.java:224)
	at com.kms.katalon.core.main.TestSuiteExecutor.accessTestCaseMainPhase(TestSuiteExecutor.java:129)
	at com.kms.katalon.core.main.TestSuiteExecutor.accessTestSuiteMainPhase(TestSuiteExecutor.java:112)
	at com.kms.katalon.core.main.TestSuiteExecutor.execute(TestSuiteExecutor.java:81)
	at com.kms.katalon.core.main.TestCaseMain.startTestSuite(TestCaseMain.java:149)
	at com.kms.katalon.core.main.TestCaseMain$startTestSuite$0.call(Unknown Source)
	at TempTestSuite1590494557927.run(TempTestSuite1590494557927.groovy:36)]]></system-err>
   </testsuite>
</testsuites>
