<?xml version="1.0" encoding="UTF-8" standalone="yes"?>
<testsuites name="HP" time="390" tests="2" failures="1" errors="1">
    <testsuite name="HP" tests="2" failures="1" errors="1" time="390" timestamp="2020-03-05 11:14:53" hostname="sofee.yu - windows10.microdone.cn" id="Test Suites/HP/HP">
        <properties>
            <property name="deviceName" value=""/>
            <property name="devicePlatform" value=""/>
            <property name="logFolder" value="D:\\Test\\AgileTest\\AgileTest\\Reports\\HP\\HP\\20200305_111443"/>
            <property name="logFiles" value="D:\\Test\\AgileTest\\AgileTest\\Reports\\HP\\HP\\20200305_111443\\execution0.log"/>
            <property name="attachments" value="D:\\Test\\AgileTest\\AgileTest\\Reports\\HP\\HP\\20200305_111443\\../Screenshots/iPhone X/HP/ACA/20200305_111456/0.png, D:\\Test\\AgileTest\\AgileTest\\Reports\\HP\\HP\\20200305_111443\\../Screenshots/iPhone X/HP/ACA/20200305_111456/1.png, D:\\Test\\AgileTest\\AgileTest\\Reports\\HP\\HP\\20200305_111443\\../Screenshots/iPhone X/HP/ACA/20200305_111456/2.png, D:\\Test\\AgileTest\\AgileTest\\Reports\\HP\\HP\\20200305_111443\\../Screenshots/iPhone X/HP/ACA/20200305_111456/3.png, D:\\Test\\AgileTest\\AgileTest\\Reports\\HP\\HP\\20200305_111443\\../Screenshots/iPhone X/HP/ACA/20200305_111456/4.png, D:\\Test\\AgileTest\\AgileTest\\Reports\\HP\\HP\\20200305_111443\\../Screenshots/iPhone X/HP/ACA/20200305_111456/5.png, D:\\Test\\AgileTest\\AgileTest\\Reports\\HP\\HP\\20200305_111443\\../Screenshots/iPhone X/HP/ACA/20200305_111456/6.png, D:\\Test\\AgileTest\\AgileTest\\Reports\\HP\\HP\\20200305_111443\\../Screenshots/iPhone X/HP/home/20200305_111732/0.png, D:\\Test\\AgileTest\\AgileTest\\Reports\\HP\\HP\\20200305_111443\\../Screenshots/iPhone X/HP/home/20200305_111732/1.png, D:\\Test\\AgileTest\\AgileTest\\Reports\\HP\\HP\\20200305_111443\\1583378282615.png, D:\\Test\\AgileTest\\AgileTest\\Reports\\HP\\HP\\20200305_111443\\1583378283507.png, D:\\Test\\AgileTest\\AgileTest\\Reports\\HP\\HP\\20200305_111443\\../Screenshots/iPhone X/HP/Medicare/20200305_111804/0.png, D:\\Test\\AgileTest\\AgileTest\\Reports\\HP\\HP\\20200305_111443\\../Screenshots/iPhone X/HP/Medicare/20200305_111804/1.png, D:\\Test\\AgileTest\\AgileTest\\Reports\\HP\\HP\\20200305_111443\\../Screenshots/iPhone X/HP/Medicare/20200305_111804/2.png, D:\\Test\\AgileTest\\AgileTest\\Reports\\HP\\HP\\20200305_111443\\../Screenshots/iPhone X/HP/Medicare/20200305_111804/3.png, D:\\Test\\AgileTest\\AgileTest\\Reports\\HP\\HP\\20200305_111443\\../Screenshots/iPhone X/HP/Medicare/20200305_111804/4.png, D:\\Test\\AgileTest\\AgileTest\\Reports\\HP\\HP\\20200305_111443\\../Screenshots/iPhone X/HP/Medicare/20200305_111804/5.png, D:\\Test\\AgileTest\\AgileTest\\Reports\\HP\\HP\\20200305_111443\\../Screenshots/iPhone X/HP/STM/20200305_111933/0.png, D:\\Test\\AgileTest\\AgileTest\\Reports\\HP\\HP\\20200305_111443\\../Screenshots/iPhone X/HP/STM/20200305_111933/1.png, D:\\Test\\AgileTest\\AgileTest\\Reports\\HP\\HP\\20200305_111443\\../Screenshots/iPhone X/HP/STM/20200305_111933/2.png, D:\\Test\\AgileTest\\AgileTest\\Reports\\HP\\HP\\20200305_111443\\../Screenshots/iPhone X/HP/STM/20200305_111933/3.png, D:\\Test\\AgileTest\\AgileTest\\Reports\\HP\\HP\\20200305_111443\\../Screenshots/iPhone X/HP/STM/20200305_111933/4.png, D:\\Test\\AgileTest\\AgileTest\\Reports\\HP\\HP\\20200305_111443\\../Screenshots/iPhone X/HP/STM/20200305_111933/5.png, D:\\Test\\AgileTest\\AgileTest\\Reports\\HP\\HP\\20200305_111443\\../Screenshots/iPhone X/HP/STM/20200305_111933/6.png"/>
            <property name="hostName" value="sofee.yu - windows10.microdone.cn"/>
            <property name="os" value="Windows 7 64bit"/>
            <property name="katalonVersion" value="6.2.2.4"/>
            <property name="browser" value="Safari 11"/>
            <property name="hostAddress" value="172.16.86.47"/>
            <property name="sessionId" value="7412f89eb38782b595298127f43a519f"/>
            <property name="seleniumVersion" value="3.141.59"/>
            <property name="proxyInformation" value="ProxyInformation{proxyOption=NO_PROXY, proxyServerType=HTTP, password=, proxyServerAddress=, proxyServerPort=0}"/>
            <property name="platform" value="Windows 7"/>
        </properties>
        <testcase name="Test Cases/HP/ACA/ACA" classname="Test Cases/HP/ACA/ACA" status="ERROR">
            <error type="ERROR" message="Test Cases/HP/ACA/ACA FAILED.&#xA;Reason:&#xA;com.thoughtworks.selenium.SeleniumException: Element //a[contains(text(),'Select')] not found&#xD;&#xA;&#x9;at com.thoughtworks.selenium.webdriven.ElementFinder.findElement(ElementFinder.java:93)&#xD;&#xA;&#x9;at com.thoughtworks.selenium.webdriven.commands.Click.handleSeleneseCommand(Click.java:39)&#xD;&#xA;&#x9;at com.thoughtworks.selenium.webdriven.commands.Click.handleSeleneseCommand(Click.java:26)&#xD;&#xA;&#x9;at com.thoughtworks.selenium.webdriven.SeleneseCommand.apply(SeleneseCommand.java:36)&#xD;&#xA;&#x9;at com.thoughtworks.selenium.webdriven.Timer.run(Timer.java:41)&#xD;&#xA;&#x9;at com.thoughtworks.selenium.webdriven.WebDriverCommandProcessor.execute(WebDriverCommandProcessor.java:150)&#xD;&#xA;&#x9;at com.thoughtworks.selenium.webdriven.WebDriverCommandProcessor.doCommand(WebDriverCommandProcessor.java:76)&#xD;&#xA;&#x9;at com.thoughtworks.selenium.DefaultSelenium.click(DefaultSelenium.java:198)&#xD;&#xA;&#x9;at com.thoughtworks.selenium.Selenium$click$3.call(Unknown Source)&#xD;&#xA;&#x9;at ACA.run(ACA:137)&#xD;&#xA;&#x9;at com.kms.katalon.core.main.ScriptEngine.run(ScriptEngine.java:194)&#xD;&#xA;&#x9;at com.kms.katalon.core.main.ScriptEngine.runScriptAsRawText(ScriptEngine.java:119)&#xD;&#xA;&#x9;at com.kms.katalon.core.main.TestCaseExecutor.runScript(TestCaseExecutor.java:337)&#xD;&#xA;&#x9;at com.kms.katalon.core.main.TestCaseExecutor.doExecute(TestCaseExecutor.java:328)&#xD;&#xA;&#x9;at com.kms.katalon.core.main.TestCaseExecutor.processExecutionPhase(TestCaseExecutor.java:307)&#xD;&#xA;&#x9;at com.kms.katalon.core.main.TestCaseExecutor.accessMainPhase(TestCaseExecutor.java:299)&#xD;&#xA;&#x9;at com.kms.katalon.core.main.TestCaseExecutor.execute(TestCaseExecutor.java:233)&#xD;&#xA;&#x9;at com.kms.katalon.core.main.TestSuiteExecutor.accessTestCaseMainPhase(TestSuiteExecutor.java:133)&#xD;&#xA;&#x9;at com.kms.katalon.core.main.TestSuiteExecutor.accessTestSuiteMainPhase(TestSuiteExecutor.java:116)&#xD;&#xA;&#x9;at com.kms.katalon.core.main.TestSuiteExecutor.execute(TestSuiteExecutor.java:83)&#xD;&#xA;&#x9;at com.kms.katalon.core.main.TestCaseMain.startTestSuite(TestCaseMain.java:157)&#xD;&#xA;&#x9;at com.kms.katalon.core.main.TestCaseMain$startTestSuite$0.call(Unknown Source)&#xD;&#xA;&#x9;at TempTestSuite1583378083788.run(TempTestSuite1583378083788.groovy:35)&#xD;&#xA;Caused by: org.openqa.selenium.NoSuchElementException: Cannot find an element with the xpath: //a[contains(text(),'Select')]&#xA;For documentation on this error, please visit: https://www.seleniumhq.org/exceptions/no_such_element.html&#xA;Build info: version: '3.141.59', revision: 'e82be7d358', time: '2018-11-14T08:25:53'&#xA;System info: host: 'SOFEE', ip: '172.16.86.47', os.name: 'Windows 7', os.arch: 'amd64', os.version: '6.1', java.version: '1.8.0_181'&#xA;Driver info: driver.version: unknown&#xD;&#xA;&#x9;at com.thoughtworks.selenium.webdriven.ElementFinder.xpathWizardry(ElementFinder.java:143)&#xD;&#xA;&#x9;at com.thoughtworks.selenium.webdriven.ElementFinder.findElementDirectlyIfNecessary(ElementFinder.java:117)&#xD;&#xA;&#x9;at com.thoughtworks.selenium.webdriven.ElementFinder.findElement(ElementFinder.java:87)&#xD;&#xA;&#x9;at com.thoughtworks.selenium.webdriven.commands.Click.handleSeleneseCommand(Click.java:39)&#xD;&#xA;&#x9;at com.thoughtworks.selenium.webdriven.commands.Click.handleSeleneseCommand(Click.java:26)&#xD;&#xA;&#x9;at com.thoughtworks.selenium.webdriven.SeleneseCommand.apply(SeleneseCommand.java:36)&#xD;&#xA;&#x9;at com.thoughtworks.selenium.webdriven.Timer.run(Timer.java:41)&#xD;&#xA;&#x9;at com.thoughtworks.selenium.webdriven.WebDriverCommandProcessor.execute(WebDriverCommandProcessor.java:150)&#xD;&#xA;&#x9;at com.thoughtworks.selenium.webdriven.WebDriverCommandProcessor.doCommand(WebDriverCommandProcessor.java:76)&#xD;&#xA;&#x9;at com.thoughtworks.selenium.DefaultSelenium.click(DefaultSelenium.java:198)&#xD;&#xA;&#x9;at com.thoughtworks.selenium.Selenium$click$3.call(Unknown Source)&#xD;&#xA;&#x9;at Script1575603847168.run(Script1575603847168.groovy:137)&#xD;&#xA;&#x9;... 13 more&#xD;&#xA;"/>
            <system-out>2020-03-05 11:14:54 - [TEST_CASE][ERROR] - Test Cases/HP/ACA/ACA: Test Cases/HP/ACA/ACA FAILED.
Reason:
com.thoughtworks.selenium.SeleniumException: Element //a[contains(text(),'Select')] not found&#xD;
	at com.thoughtworks.selenium.webdriven.ElementFinder.findElement(ElementFinder.java:93)&#xD;
	at com.thoughtworks.selenium.webdriven.commands.Click.handleSeleneseCommand(Click.java:39)&#xD;
	at com.thoughtworks.selenium.webdriven.commands.Click.handleSeleneseCommand(Click.java:26)&#xD;
	at com.thoughtworks.selenium.webdriven.SeleneseCommand.apply(SeleneseCommand.java:36)&#xD;
	at com.thoughtworks.selenium.webdriven.Timer.run(Timer.java:41)&#xD;
	at com.thoughtworks.selenium.webdriven.WebDriverCommandProcessor.execute(WebDriverCommandProcessor.java:150)&#xD;
	at com.thoughtworks.selenium.webdriven.WebDriverCommandProcessor.doCommand(WebDriverCommandProcessor.java:76)&#xD;
	at com.thoughtworks.selenium.DefaultSelenium.click(DefaultSelenium.java:198)&#xD;
	at com.thoughtworks.selenium.Selenium$click$3.call(Unknown Source)&#xD;
	at ACA.run(ACA:137)&#xD;
	at com.kms.katalon.core.main.ScriptEngine.run(ScriptEngine.java:194)&#xD;
	at com.kms.katalon.core.main.ScriptEngine.runScriptAsRawText(ScriptEngine.java:119)&#xD;
	at com.kms.katalon.core.main.TestCaseExecutor.runScript(TestCaseExecutor.java:337)&#xD;
	at com.kms.katalon.core.main.TestCaseExecutor.doExecute(TestCaseExecutor.java:328)&#xD;
	at com.kms.katalon.core.main.TestCaseExecutor.processExecutionPhase(TestCaseExecutor.java:307)&#xD;
	at com.kms.katalon.core.main.TestCaseExecutor.accessMainPhase(TestCaseExecutor.java:299)&#xD;
	at com.kms.katalon.core.main.TestCaseExecutor.execute(TestCaseExecutor.java:233)&#xD;
	at com.kms.katalon.core.main.TestSuiteExecutor.accessTestCaseMainPhase(TestSuiteExecutor.java:133)&#xD;
	at com.kms.katalon.core.main.TestSuiteExecutor.accessTestSuiteMainPhase(TestSuiteExecutor.java:116)&#xD;
	at com.kms.katalon.core.main.TestSuiteExecutor.execute(TestSuiteExecutor.java:83)&#xD;
	at com.kms.katalon.core.main.TestCaseMain.startTestSuite(TestCaseMain.java:157)&#xD;
	at com.kms.katalon.core.main.TestCaseMain$startTestSuite$0.call(Unknown Source)&#xD;
	at TempTestSuite1583378083788.run(TempTestSuite1583378083788.groovy:35)&#xD;
Caused by: org.openqa.selenium.NoSuchElementException: Cannot find an element with the xpath: //a[contains(text(),'Select')]
For documentation on this error, please visit: https://www.seleniumhq.org/exceptions/no_such_element.html
Build info: version: '3.141.59', revision: 'e82be7d358', time: '2018-11-14T08:25:53'
System info: host: 'SOFEE', ip: '172.16.86.47', os.name: 'Windows 7', os.arch: 'amd64', os.version: '6.1', java.version: '1.8.0_181'
Driver info: driver.version: unknown&#xD;
	at com.thoughtworks.selenium.webdriven.ElementFinder.xpathWizardry(ElementFinder.java:143)&#xD;
	at com.thoughtworks.selenium.webdriven.ElementFinder.findElementDirectlyIfNecessary(ElementFinder.java:117)&#xD;
	at com.thoughtworks.selenium.webdriven.ElementFinder.findElement(ElementFinder.java:87)&#xD;
	at com.thoughtworks.selenium.webdriven.commands.Click.handleSeleneseCommand(Click.java:39)&#xD;
	at com.thoughtworks.selenium.webdriven.commands.Click.handleSeleneseCommand(Click.java:26)&#xD;
	at com.thoughtworks.selenium.webdriven.SeleneseCommand.apply(SeleneseCommand.java:36)&#xD;
	at com.thoughtworks.selenium.webdriven.Timer.run(Timer.java:41)&#xD;
	at com.thoughtworks.selenium.webdriven.WebDriverCommandProcessor.execute(WebDriverCommandProcessor.java:150)&#xD;
	at com.thoughtworks.selenium.webdriven.WebDriverCommandProcessor.doCommand(WebDriverCommandProcessor.java:76)&#xD;
	at com.thoughtworks.selenium.DefaultSelenium.click(DefaultSelenium.java:198)&#xD;
	at com.thoughtworks.selenium.Selenium$click$3.call(Unknown Source)&#xD;
	at Script1575603847168.run(Script1575603847168.groovy:137)&#xD;
	... 13 more&#xD;
&#xD;
&#xD;
2020-03-05 11:14:55 - [TEST_STEP][PASSED] - now = new java.util.Date(): null&#xD;
&#xD;
2020-03-05 11:14:55 - [TEST_STEP][PASSED] - mydate = now.format("yyyyMMdd_HHmmss"): null&#xD;
&#xD;
2020-03-05 11:14:55 - [TEST_STEP][PASSED] - i = 0: null&#xD;
&#xD;
2020-03-05 11:14:56 - [TEST_STEP][PASSED] - callTestCase(findTestCase("AHI/_include/get_screenPath"), ["productLine":"HP", "carrierName":"ACA"], CONTINUE_ON_FAILURE): Call Test Case 'Test Cases/AHI/_include/get_screenPath' successfully&#xD;
&#xD;
2020-03-05 11:14:56 - [TEST_CASE][PASSED] - Test Cases/AHI/_include/get_screenPath: Test Cases/AHI/_include/get_screenPath&#xD;
&#xD;
2020-03-05 11:14:56 - [TEST_STEP][PASSED] - m = getExecutionProperties(): null&#xD;
&#xD;
2020-03-05 11:14:56 - [TEST_STEP][PASSED] - deviceName = get("mobileEmulation").get("deviceName"): null&#xD;
&#xD;
2020-03-05 11:14:56 - [TEST_STEP][PASSED] - println(deviceName): null&#xD;
&#xD;
2020-03-05 11:14:56 - [TEST_STEP][PASSED] - now = new java.util.Date(): null&#xD;
&#xD;
2020-03-05 11:14:56 - [TEST_STEP][PASSED] - mydate = now.format("yyyyMMdd_HHmmss"): null&#xD;
&#xD;
2020-03-05 11:14:56 - [TEST_STEP][PASSED] - screenPath = "../Screenshots/": null&#xD;
&#xD;
2020-03-05 11:14:56 - [TEST_STEP][PASSED] - screenPath = screenPath + deviceName + "/" + productLine + "/" + carrierName + "/" + mydate + "/": null&#xD;
&#xD;
2020-03-05 11:14:56 - [TEST_STEP][PASSED] - println(screenPath): null&#xD;
&#xD;
2020-03-05 11:14:56 - [MESSAGE][PASSED] - Call Test Case 'Test Cases/AHI/_include/get_screenPath' successfully&#xD;
&#xD;
2020-03-05 11:14:56 - [TEST_STEP][PASSED] - second = &lt;not implemented yet for class: org.codehaus.groovy.ast.expr.EmptyExpression&gt;: null&#xD;
&#xD;
2020-03-05 11:14:56 - [TEST_STEP][PASSED] - callTestCase(findTestCase("AHI/_include/openWebSite"), ["env":ENV], STOP_ON_FAILURE): Call Test Case 'Test Cases/AHI/_include/openWebSite' successfully&#xD;
&#xD;
2020-03-05 11:14:56 - [TEST_CASE][PASSED] - Test Cases/AHI/_include/openWebSite: Test Cases/AHI/_include/openWebSite&#xD;
&#xD;
2020-03-05 11:14:57 - [TEST_STEP][PASSED] - openBrowser(env): Browser is opened with url: 'https://bondsmith.healthpocket.com'&#xD;
&#xD;
2020-03-05 11:14:57 - [MESSAGE][INFO] - Starting 'Chrome' driver&#xD;
&#xD;
2020-03-05 11:14:57 - [MESSAGE][INFO] - User set preference: ['mobileEmulation', '{deviceName=iPhone X}']&#xD;
&#xD;
2020-03-05 11:14:57 - [MESSAGE][INFO] - User set preference: ['args', '[--incognito, --aggressive-cache-discard, --no-sandbox, --window-size=375,812]']&#xD;
&#xD;
2020-03-05 11:14:57 - [MESSAGE][INFO] - Action delay is set to 0 seconds&#xD;
&#xD;
2020-03-05 11:15:26 - [MESSAGE][PASSED] - Browser is opened with url: 'https://bondsmith.healthpocket.com'&#xD;
&#xD;
2020-03-05 11:15:26 - [TEST_STEP][PASSED] - waitForPageLoad(20): Wait for page load successfully&#xD;
&#xD;
2020-03-05 11:15:26 - [MESSAGE][PASSED] - Wait for page load successfully&#xD;
&#xD;
2020-03-05 11:15:26 - [TEST_STEP][PASSED] - callTestCase(findTestCase("AHI/_include/get_screenshot"), [:], STOP_ON_FAILURE): Call Test Case 'Test Cases/AHI/_include/get_screenshot' successfully&#xD;
&#xD;
2020-03-05 11:15:26 - [TEST_CASE][PASSED] - Test Cases/AHI/_include/get_screenshot: Test Cases/AHI/_include/get_screenshot&#xD;
&#xD;
2020-03-05 11:15:27 - [TEST_STEP][PASSED] - takeScreenshot(screenPath + i + ".png"): Taking screenshot successfully&#xD;
&#xD;
2020-03-05 11:15:28 - [MESSAGE][PASSED] - Taking screenshot successfully&#xD;
[[ATTACHMENT|D:\\Test\\AgileTest\\AgileTest\\Reports\\HP\\HP\\20200305_111443\\../Screenshots/iPhone X/HP/ACA/20200305_111456/0.png]]&#xD;
&#xD;
2020-03-05 11:15:28 - [TEST_STEP][PASSED] - (internal.GlobalVariable.i++): null&#xD;
&#xD;
2020-03-05 11:15:28 - [MESSAGE][PASSED] - Call Test Case 'Test Cases/AHI/_include/get_screenshot' successfully&#xD;
&#xD;
2020-03-05 11:15:28 - [MESSAGE][PASSED] - Call Test Case 'Test Cases/AHI/_include/openWebSite' successfully&#xD;
&#xD;
2020-03-05 11:15:28 - [TEST_STEP][PASSED] - driver = getWebDriver(): null&#xD;
&#xD;
2020-03-05 11:15:28 - [TEST_STEP][PASSED] - baseUrl = "https://www.healthpocket.com/individual-health-insurance/": null&#xD;
&#xD;
2020-03-05 11:15:28 - [TEST_STEP][PASSED] - selenium = new com.thoughtworks.selenium.webdriven.WebDriverBackedSelenium(driver, baseUrl): null&#xD;
&#xD;
2020-03-05 11:15:29 - [TEST_STEP][PASSED] - selenium.refresh(): null&#xD;
&#xD;
2020-03-05 11:15:32 - [TEST_STEP][PASSED] - selenium.waitForPageToLoad("30000"): null&#xD;
&#xD;
2020-03-05 11:15:33 - [TEST_STEP][PASSED] - for ([second = 0, second &lt; 60, (second++)]): null&#xD;
&#xD;
2020-03-05 11:15:33 - [TEST_STEP][PASSED] - try: null&#xD;
&#xD;
2020-03-05 11:15:33 - [TEST_STEP][PASSED] - if (selenium.isElementPresent("//a[contains(text(),'No Thanks. I want to see ACA plans.')]")): null&#xD;
&#xD;
2020-03-05 11:15:33 - [TEST_STEP][PASSED] - break: null&#xD;
&#xD;
2020-03-05 11:15:33 - [TEST_STEP][PASSED] - for ([second = 0, second &lt; 60, (second++)]): null&#xD;
&#xD;
2020-03-05 11:15:33 - [TEST_STEP][PASSED] - try: null&#xD;
&#xD;
2020-03-05 11:15:33 - [TEST_STEP][PASSED] - if (selenium.isElementPresent("id=location")): null&#xD;
&#xD;
2020-03-05 11:15:33 - [TEST_STEP][PASSED] - break: null&#xD;
&#xD;
2020-03-05 11:15:33 - [TEST_STEP][PASSED] - callTestCase(findTestCase("AHI/_include/get_screenshot"), [:], STOP_ON_FAILURE): Call Test Case 'Test Cases/AHI/_include/get_screenshot' successfully&#xD;
&#xD;
2020-03-05 11:15:33 - [TEST_CASE][PASSED] - Test Cases/AHI/_include/get_screenshot: Test Cases/AHI/_include/get_screenshot&#xD;
&#xD;
2020-03-05 11:15:33 - [TEST_STEP][PASSED] - takeScreenshot(screenPath + i + ".png"): Taking screenshot successfully&#xD;
&#xD;
2020-03-05 11:15:34 - [MESSAGE][PASSED] - Taking screenshot successfully&#xD;
[[ATTACHMENT|D:\\Test\\AgileTest\\AgileTest\\Reports\\HP\\HP\\20200305_111443\\../Screenshots/iPhone X/HP/ACA/20200305_111456/1.png]]&#xD;
&#xD;
2020-03-05 11:15:34 - [TEST_STEP][PASSED] - (internal.GlobalVariable.i++): null&#xD;
&#xD;
2020-03-05 11:15:34 - [MESSAGE][PASSED] - Call Test Case 'Test Cases/AHI/_include/get_screenshot' successfully&#xD;
&#xD;
2020-03-05 11:15:34 - [TEST_STEP][PASSED] - selenium.type("id=location", "32209"): null&#xD;
&#xD;
2020-03-05 11:15:35 - [TEST_STEP][PASSED] - callTestCase(findTestCase("AHI/_include/get_screenshot"), [:], STOP_ON_FAILURE): Call Test Case 'Test Cases/AHI/_include/get_screenshot' successfully&#xD;
&#xD;
2020-03-05 11:15:35 - [TEST_CASE][PASSED] - Test Cases/AHI/_include/get_screenshot: Test Cases/AHI/_include/get_screenshot&#xD;
&#xD;
2020-03-05 11:15:35 - [TEST_STEP][PASSED] - takeScreenshot(screenPath + i + ".png"): Taking screenshot successfully&#xD;
&#xD;
2020-03-05 11:15:36 - [MESSAGE][PASSED] - Taking screenshot successfully&#xD;
[[ATTACHMENT|D:\\Test\\AgileTest\\AgileTest\\Reports\\HP\\HP\\20200305_111443\\../Screenshots/iPhone X/HP/ACA/20200305_111456/2.png]]&#xD;
&#xD;
2020-03-05 11:15:36 - [TEST_STEP][PASSED] - (internal.GlobalVariable.i++): null&#xD;
&#xD;
2020-03-05 11:15:36 - [MESSAGE][PASSED] - Call Test Case 'Test Cases/AHI/_include/get_screenshot' successfully&#xD;
&#xD;
2020-03-05 11:15:36 - [TEST_STEP][PASSED] - selenium.click("id=findPlans"): null&#xD;
&#xD;
2020-03-05 11:15:36 - [TEST_STEP][PASSED] - callTestCase(findTestCase("AHI/_include/get_screenshot"), [:], STOP_ON_FAILURE): Call Test Case 'Test Cases/AHI/_include/get_screenshot' successfully&#xD;
&#xD;
2020-03-05 11:15:37 - [TEST_CASE][PASSED] - Test Cases/AHI/_include/get_screenshot: Test Cases/AHI/_include/get_screenshot&#xD;
&#xD;
2020-03-05 11:15:37 - [TEST_STEP][PASSED] - takeScreenshot(screenPath + i + ".png"): Taking screenshot successfully&#xD;
&#xD;
2020-03-05 11:15:38 - [MESSAGE][PASSED] - Taking screenshot successfully&#xD;
[[ATTACHMENT|D:\\Test\\AgileTest\\AgileTest\\Reports\\HP\\HP\\20200305_111443\\../Screenshots/iPhone X/HP/ACA/20200305_111456/3.png]]&#xD;
&#xD;
2020-03-05 11:15:38 - [TEST_STEP][PASSED] - (internal.GlobalVariable.i++): null&#xD;
&#xD;
2020-03-05 11:15:38 - [MESSAGE][PASSED] - Call Test Case 'Test Cases/AHI/_include/get_screenshot' successfully&#xD;
&#xD;
2020-03-05 11:15:38 - [TEST_STEP][PASSED] - for ([second = 0, second &lt; 60, (second++)]): null&#xD;
&#xD;
2020-03-05 11:15:38 - [TEST_STEP][PASSED] - try: null&#xD;
&#xD;
2020-03-05 11:15:38 - [TEST_STEP][PASSED] - if (selenium.isElementPresent("//a[contains(text(),'Select')]")): null&#xD;
&#xD;
2020-03-05 11:15:38 - [TEST_STEP][PASSED] - Thread.sleep(1000): null&#xD;
&#xD;
2020-03-05 11:15:39 - [TEST_STEP][PASSED] - try: null&#xD;
&#xD;
2020-03-05 11:15:39 - [TEST_STEP][PASSED] - if (selenium.isElementPresent("//a[contains(text(),'Select')]")): null&#xD;
&#xD;
2020-03-05 11:15:39 - [TEST_STEP][PASSED] - Thread.sleep(1000): null&#xD;
&#xD;
2020-03-05 11:15:40 - [TEST_STEP][PASSED] - try: null&#xD;
&#xD;
2020-03-05 11:15:40 - [TEST_STEP][PASSED] - if (selenium.isElementPresent("//a[contains(text(),'Select')]")): null&#xD;
&#xD;
2020-03-05 11:15:51 - [TEST_STEP][PASSED] - break: null&#xD;
&#xD;
2020-03-05 11:15:51 - [TEST_STEP][PASSED] - callTestCase(findTestCase("AHI/_include/get_screenshot"), [:], STOP_ON_FAILURE): Call Test Case 'Test Cases/AHI/_include/get_screenshot' successfully&#xD;
&#xD;
2020-03-05 11:15:52 - [TEST_CASE][PASSED] - Test Cases/AHI/_include/get_screenshot: Test Cases/AHI/_include/get_screenshot&#xD;
&#xD;
2020-03-05 11:15:52 - [TEST_STEP][PASSED] - takeScreenshot(screenPath + i + ".png"): Taking screenshot successfully&#xD;
&#xD;
2020-03-05 11:15:52 - [MESSAGE][PASSED] - Taking screenshot successfully&#xD;
[[ATTACHMENT|D:\\Test\\AgileTest\\AgileTest\\Reports\\HP\\HP\\20200305_111443\\../Screenshots/iPhone X/HP/ACA/20200305_111456/4.png]]&#xD;
&#xD;
2020-03-05 11:15:52 - [TEST_STEP][PASSED] - (internal.GlobalVariable.i++): null&#xD;
&#xD;
2020-03-05 11:15:52 - [MESSAGE][PASSED] - Call Test Case 'Test Cases/AHI/_include/get_screenshot' successfully&#xD;
&#xD;
2020-03-05 11:15:52 - [TEST_STEP][PASSED] - selenium.click("//a[contains(text(),'Select')]"): null&#xD;
&#xD;
2020-03-05 11:15:53 - [TEST_STEP][PASSED] - for ([second = 0, second &lt; 60, (second++)]): null&#xD;
&#xD;
2020-03-05 11:15:53 - [TEST_STEP][PASSED] - try: null&#xD;
&#xD;
2020-03-05 11:15:53 - [TEST_STEP][PASSED] - if (selenium.isElementPresent("xpath=(//a[contains(text(),'Apply Now')])")): null&#xD;
&#xD;
2020-03-05 11:15:53 - [TEST_STEP][PASSED] - Thread.sleep(1000): null&#xD;
&#xD;
2020-03-05 11:15:54 - [TEST_STEP][PASSED] - try: null&#xD;
&#xD;
2020-03-05 11:15:54 - [TEST_STEP][PASSED] - if (selenium.isElementPresent("xpath=(//a[contains(text(),'Apply Now')])")): null&#xD;
&#xD;
2020-03-05 11:15:54 - [TEST_STEP][PASSED] - Thread.sleep(1000): null&#xD;
&#xD;
2020-03-05 11:15:55 - [TEST_STEP][PASSED] - try: null&#xD;
&#xD;
2020-03-05 11:15:55 - [TEST_STEP][PASSED] - if (selenium.isElementPresent("xpath=(//a[contains(text(),'Apply Now')])")): null&#xD;
&#xD;
2020-03-05 11:15:55 - [TEST_STEP][PASSED] - Thread.sleep(1000): null&#xD;
&#xD;
2020-03-05 11:15:56 - [TEST_STEP][PASSED] - try: null&#xD;
&#xD;
2020-03-05 11:15:56 - [TEST_STEP][PASSED] - if (selenium.isElementPresent("xpath=(//a[contains(text(),'Apply Now')])")): null&#xD;
&#xD;
2020-03-05 11:15:56 - [TEST_STEP][PASSED] - Thread.sleep(1000): null&#xD;
&#xD;
2020-03-05 11:15:57 - [TEST_STEP][PASSED] - try: null&#xD;
&#xD;
2020-03-05 11:15:57 - [TEST_STEP][PASSED] - if (selenium.isElementPresent("xpath=(//a[contains(text(),'Apply Now')])")): null&#xD;
&#xD;
2020-03-05 11:15:57 - [TEST_STEP][PASSED] - Thread.sleep(1000): null&#xD;
&#xD;
2020-03-05 11:15:58 - [TEST_STEP][PASSED] - try: null&#xD;
&#xD;
2020-03-05 11:15:58 - [TEST_STEP][PASSED] - if (selenium.isElementPresent("xpath=(//a[contains(text(),'Apply Now')])")): null&#xD;
&#xD;
2020-03-05 11:15:58 - [TEST_STEP][PASSED] - Thread.sleep(1000): null&#xD;
&#xD;
2020-03-05 11:15:59 - [TEST_STEP][PASSED] - try: null&#xD;
&#xD;
2020-03-05 11:15:59 - [TEST_STEP][PASSED] - if (selenium.isElementPresent("xpath=(//a[contains(text(),'Apply Now')])")): null&#xD;
&#xD;
2020-03-05 11:15:59 - [TEST_STEP][PASSED] - Thread.sleep(1000): null&#xD;
&#xD;
2020-03-05 11:16:00 - [TEST_STEP][PASSED] - try: null&#xD;
&#xD;
2020-03-05 11:16:00 - [TEST_STEP][PASSED] - if (selenium.isElementPresent("xpath=(//a[contains(text(),'Apply Now')])")): null&#xD;
&#xD;
2020-03-05 11:16:00 - [TEST_STEP][PASSED] - Thread.sleep(1000): null&#xD;
&#xD;
2020-03-05 11:16:01 - [TEST_STEP][PASSED] - try: null&#xD;
&#xD;
2020-03-05 11:16:01 - [TEST_STEP][PASSED] - if (selenium.isElementPresent("xpath=(//a[contains(text(),'Apply Now')])")): null&#xD;
&#xD;
2020-03-05 11:16:01 - [TEST_STEP][PASSED] - Thread.sleep(1000): null&#xD;
&#xD;
2020-03-05 11:16:02 - [TEST_STEP][PASSED] - try: null&#xD;
&#xD;
2020-03-05 11:16:02 - [TEST_STEP][PASSED] - if (selenium.isElementPresent("xpath=(//a[contains(text(),'Apply Now')])")): null&#xD;
&#xD;
2020-03-05 11:16:02 - [TEST_STEP][PASSED] - Thread.sleep(1000): null&#xD;
&#xD;
2020-03-05 11:16:03 - [TEST_STEP][PASSED] - try: null&#xD;
&#xD;
2020-03-05 11:16:03 - [TEST_STEP][PASSED] - if (selenium.isElementPresent("xpath=(//a[contains(text(),'Apply Now')])")): null&#xD;
&#xD;
2020-03-05 11:16:03 - [TEST_STEP][PASSED] - Thread.sleep(1000): null&#xD;
&#xD;
2020-03-05 11:16:04 - [TEST_STEP][PASSED] - try: null&#xD;
&#xD;
2020-03-05 11:16:04 - [TEST_STEP][PASSED] - if (selenium.isElementPresent("xpath=(//a[contains(text(),'Apply Now')])")): null&#xD;
&#xD;
2020-03-05 11:16:04 - [TEST_STEP][PASSED] - Thread.sleep(1000): null&#xD;
&#xD;
2020-03-05 11:16:05 - [TEST_STEP][PASSED] - try: null&#xD;
&#xD;
2020-03-05 11:16:05 - [TEST_STEP][PASSED] - if (selenium.isElementPresent("xpath=(//a[contains(text(),'Apply Now')])")): null&#xD;
&#xD;
2020-03-05 11:16:05 - [TEST_STEP][PASSED] - break: null&#xD;
&#xD;
2020-03-05 11:16:05 - [TEST_STEP][PASSED] - callTestCase(findTestCase("AHI/_include/get_screenshot"), [:], STOP_ON_FAILURE): Call Test Case 'Test Cases/AHI/_include/get_screenshot' successfully&#xD;
&#xD;
2020-03-05 11:16:06 - [TEST_CASE][PASSED] - Test Cases/AHI/_include/get_screenshot: Test Cases/AHI/_include/get_screenshot&#xD;
&#xD;
2020-03-05 11:16:06 - [TEST_STEP][PASSED] - takeScreenshot(screenPath + i + ".png"): Taking screenshot successfully&#xD;
&#xD;
2020-03-05 11:16:06 - [MESSAGE][PASSED] - Taking screenshot successfully&#xD;
[[ATTACHMENT|D:\\Test\\AgileTest\\AgileTest\\Reports\\HP\\HP\\20200305_111443\\../Screenshots/iPhone X/HP/ACA/20200305_111456/5.png]]&#xD;
&#xD;
2020-03-05 11:16:06 - [TEST_STEP][PASSED] - (internal.GlobalVariable.i++): null&#xD;
&#xD;
2020-03-05 11:16:06 - [MESSAGE][PASSED] - Call Test Case 'Test Cases/AHI/_include/get_screenshot' successfully&#xD;
&#xD;
2020-03-05 11:16:06 - [TEST_STEP][PASSED] - selenium.click("xpath=(//a[contains(text(),'Apply Now')])"): null&#xD;
&#xD;
2020-03-05 11:16:29 - [TEST_STEP][PASSED] - for ([second = 0, second &lt; 60, (second++)]): null&#xD;
&#xD;
2020-03-05 11:16:29 - [TEST_STEP][PASSED] - try: null&#xD;
&#xD;
2020-03-05 11:16:29 - [TEST_STEP][PASSED] - if (selenium.isElementPresent("//a[contains(text(),'Select')]")): null&#xD;
&#xD;
2020-03-05 11:16:29 - [TEST_STEP][PASSED] - Thread.sleep(1000): null&#xD;
&#xD;
2020-03-05 11:16:30 - [TEST_STEP][PASSED] - try: null&#xD;
&#xD;
2020-03-05 11:16:30 - [TEST_STEP][PASSED] - if (selenium.isElementPresent("//a[contains(text(),'Select')]")): null&#xD;
&#xD;
2020-03-05 11:16:30 - [TEST_STEP][PASSED] - Thread.sleep(1000): null&#xD;
&#xD;
2020-03-05 11:16:31 - [TEST_STEP][PASSED] - try: null&#xD;
&#xD;
2020-03-05 11:16:31 - [TEST_STEP][PASSED] - if (selenium.isElementPresent("//a[contains(text(),'Select')]")): null&#xD;
&#xD;
2020-03-05 11:16:31 - [TEST_STEP][PASSED] - Thread.sleep(1000): null&#xD;
&#xD;
2020-03-05 11:16:32 - [TEST_STEP][PASSED] - try: null&#xD;
&#xD;
2020-03-05 11:16:32 - [TEST_STEP][PASSED] - if (selenium.isElementPresent("//a[contains(text(),'Select')]")): null&#xD;
&#xD;
2020-03-05 11:16:32 - [TEST_STEP][PASSED] - Thread.sleep(1000): null&#xD;
&#xD;
2020-03-05 11:16:33 - [TEST_STEP][PASSED] - try: null&#xD;
&#xD;
2020-03-05 11:16:33 - [TEST_STEP][PASSED] - if (selenium.isElementPresent("//a[contains(text(),'Select')]")): null&#xD;
&#xD;
2020-03-05 11:16:33 - [TEST_STEP][PASSED] - Thread.sleep(1000): null&#xD;
&#xD;
2020-03-05 11:16:34 - [TEST_STEP][PASSED] - try: null&#xD;
&#xD;
2020-03-05 11:16:34 - [TEST_STEP][PASSED] - if (selenium.isElementPresent("//a[contains(text(),'Select')]")): null&#xD;
&#xD;
2020-03-05 11:16:34 - [TEST_STEP][PASSED] - Thread.sleep(1000): null&#xD;
&#xD;
2020-03-05 11:16:35 - [TEST_STEP][PASSED] - try: null&#xD;
&#xD;
2020-03-05 11:16:35 - [TEST_STEP][PASSED] - if (selenium.isElementPresent("//a[contains(text(),'Select')]")): null&#xD;
&#xD;
2020-03-05 11:16:35 - [TEST_STEP][PASSED] - Thread.sleep(1000): null&#xD;
&#xD;
2020-03-05 11:16:36 - [TEST_STEP][PASSED] - try: null&#xD;
&#xD;
2020-03-05 11:16:36 - [TEST_STEP][PASSED] - if (selenium.isElementPresent("//a[contains(text(),'Select')]")): null&#xD;
&#xD;
2020-03-05 11:16:36 - [TEST_STEP][PASSED] - Thread.sleep(1000): null&#xD;
&#xD;
2020-03-05 11:16:37 - [TEST_STEP][PASSED] - try: null&#xD;
&#xD;
2020-03-05 11:16:37 - [TEST_STEP][PASSED] - if (selenium.isElementPresent("//a[contains(text(),'Select')]")): null&#xD;
&#xD;
2020-03-05 11:16:37 - [TEST_STEP][PASSED] - Thread.sleep(1000): null&#xD;
&#xD;
2020-03-05 11:16:38 - [TEST_STEP][PASSED] - try: null&#xD;
&#xD;
2020-03-05 11:16:38 - [TEST_STEP][PASSED] - if (selenium.isElementPresent("//a[contains(text(),'Select')]")): null&#xD;
&#xD;
2020-03-05 11:16:38 - [TEST_STEP][PASSED] - Thread.sleep(1000): null&#xD;
&#xD;
2020-03-05 11:16:39 - [TEST_STEP][PASSED] - try: null&#xD;
&#xD;
2020-03-05 11:16:39 - [TEST_STEP][PASSED] - if (selenium.isElementPresent("//a[contains(text(),'Select')]")): null&#xD;
&#xD;
2020-03-05 11:16:39 - [TEST_STEP][PASSED] - Thread.sleep(1000): null&#xD;
&#xD;
2020-03-05 11:16:40 - [TEST_STEP][PASSED] - try: null&#xD;
&#xD;
2020-03-05 11:16:40 - [TEST_STEP][PASSED] - if (selenium.isElementPresent("//a[contains(text(),'Select')]")): null&#xD;
&#xD;
2020-03-05 11:16:40 - [TEST_STEP][PASSED] - Thread.sleep(1000): null&#xD;
&#xD;
2020-03-05 11:16:41 - [TEST_STEP][PASSED] - try: null&#xD;
&#xD;
2020-03-05 11:16:41 - [TEST_STEP][PASSED] - if (selenium.isElementPresent("//a[contains(text(),'Select')]")): null&#xD;
&#xD;
2020-03-05 11:16:41 - [TEST_STEP][PASSED] - Thread.sleep(1000): null&#xD;
&#xD;
2020-03-05 11:16:42 - [TEST_STEP][PASSED] - try: null&#xD;
&#xD;
2020-03-05 11:16:42 - [TEST_STEP][PASSED] - if (selenium.isElementPresent("//a[contains(text(),'Select')]")): null&#xD;
&#xD;
2020-03-05 11:16:42 - [TEST_STEP][PASSED] - Thread.sleep(1000): null&#xD;
&#xD;
2020-03-05 11:16:43 - [TEST_STEP][PASSED] - try: null&#xD;
&#xD;
2020-03-05 11:16:43 - [TEST_STEP][PASSED] - if (selenium.isElementPresent("//a[contains(text(),'Select')]")): null&#xD;
&#xD;
2020-03-05 11:16:43 - [TEST_STEP][PASSED] - Thread.sleep(1000): null&#xD;
&#xD;
2020-03-05 11:16:44 - [TEST_STEP][PASSED] - try: null&#xD;
&#xD;
2020-03-05 11:16:44 - [TEST_STEP][PASSED] - if (selenium.isElementPresent("//a[contains(text(),'Select')]")): null&#xD;
&#xD;
2020-03-05 11:16:44 - [TEST_STEP][PASSED] - Thread.sleep(1000): null&#xD;
&#xD;
2020-03-05 11:16:45 - [TEST_STEP][PASSED] - try: null&#xD;
&#xD;
2020-03-05 11:16:45 - [TEST_STEP][PASSED] - if (selenium.isElementPresent("//a[contains(text(),'Select')]")): null&#xD;
&#xD;
2020-03-05 11:16:45 - [TEST_STEP][PASSED] - Thread.sleep(1000): null&#xD;
&#xD;
2020-03-05 11:16:46 - [TEST_STEP][PASSED] - try: null&#xD;
&#xD;
2020-03-05 11:16:46 - [TEST_STEP][PASSED] - if (selenium.isElementPresent("//a[contains(text(),'Select')]")): null&#xD;
&#xD;
2020-03-05 11:16:46 - [TEST_STEP][PASSED] - Thread.sleep(1000): null&#xD;
&#xD;
2020-03-05 11:16:47 - [TEST_STEP][PASSED] - try: null&#xD;
&#xD;
2020-03-05 11:16:47 - [TEST_STEP][PASSED] - if (selenium.isElementPresent("//a[contains(text(),'Select')]")): null&#xD;
&#xD;
2020-03-05 11:16:47 - [TEST_STEP][PASSED] - Thread.sleep(1000): null&#xD;
&#xD;
2020-03-05 11:16:48 - [TEST_STEP][PASSED] - try: null&#xD;
&#xD;
2020-03-05 11:16:48 - [TEST_STEP][PASSED] - if (selenium.isElementPresent("//a[contains(text(),'Select')]")): null&#xD;
&#xD;
2020-03-05 11:16:48 - [TEST_STEP][PASSED] - Thread.sleep(1000): null&#xD;
&#xD;
2020-03-05 11:16:49 - [TEST_STEP][PASSED] - try: null&#xD;
&#xD;
2020-03-05 11:16:49 - [TEST_STEP][PASSED] - if (selenium.isElementPresent("//a[contains(text(),'Select')]")): null&#xD;
&#xD;
2020-03-05 11:16:49 - [TEST_STEP][PASSED] - Thread.sleep(1000): null&#xD;
&#xD;
2020-03-05 11:16:50 - [TEST_STEP][PASSED] - try: null&#xD;
&#xD;
2020-03-05 11:16:50 - [TEST_STEP][PASSED] - if (selenium.isElementPresent("//a[contains(text(),'Select')]")): null&#xD;
&#xD;
2020-03-05 11:16:50 - [TEST_STEP][PASSED] - Thread.sleep(1000): null&#xD;
&#xD;
2020-03-05 11:16:51 - [TEST_STEP][PASSED] - try: null&#xD;
&#xD;
2020-03-05 11:16:51 - [TEST_STEP][PASSED] - if (selenium.isElementPresent("//a[contains(text(),'Select')]")): null&#xD;
&#xD;
2020-03-05 11:16:51 - [TEST_STEP][PASSED] - Thread.sleep(1000): null&#xD;
&#xD;
2020-03-05 11:16:52 - [TEST_STEP][PASSED] - try: null&#xD;
&#xD;
2020-03-05 11:16:52 - [TEST_STEP][PASSED] - if (selenium.isElementPresent("//a[contains(text(),'Select')]")): null&#xD;
&#xD;
2020-03-05 11:16:52 - [TEST_STEP][PASSED] - Thread.sleep(1000): null&#xD;
&#xD;
2020-03-05 11:16:53 - [TEST_STEP][PASSED] - try: null&#xD;
&#xD;
2020-03-05 11:16:53 - [TEST_STEP][PASSED] - if (selenium.isElementPresent("//a[contains(text(),'Select')]")): null&#xD;
&#xD;
2020-03-05 11:16:53 - [TEST_STEP][PASSED] - Thread.sleep(1000): null&#xD;
&#xD;
2020-03-05 11:16:54 - [TEST_STEP][PASSED] - try: null&#xD;
&#xD;
2020-03-05 11:16:54 - [TEST_STEP][PASSED] - if (selenium.isElementPresent("//a[contains(text(),'Select')]")): null&#xD;
&#xD;
2020-03-05 11:16:54 - [TEST_STEP][PASSED] - Thread.sleep(1000): null&#xD;
&#xD;
2020-03-05 11:16:55 - [TEST_STEP][PASSED] - try: null&#xD;
&#xD;
2020-03-05 11:16:55 - [TEST_STEP][PASSED] - if (selenium.isElementPresent("//a[contains(text(),'Select')]")): null&#xD;
&#xD;
2020-03-05 11:16:55 - [TEST_STEP][PASSED] - Thread.sleep(1000): null&#xD;
&#xD;
2020-03-05 11:16:56 - [TEST_STEP][PASSED] - try: null&#xD;
&#xD;
2020-03-05 11:16:56 - [TEST_STEP][PASSED] - if (selenium.isElementPresent("//a[contains(text(),'Select')]")): null&#xD;
&#xD;
2020-03-05 11:16:57 - [TEST_STEP][PASSED] - Thread.sleep(1000): null&#xD;
&#xD;
2020-03-05 11:16:58 - [TEST_STEP][PASSED] - try: null&#xD;
&#xD;
2020-03-05 11:16:58 - [TEST_STEP][PASSED] - if (selenium.isElementPresent("//a[contains(text(),'Select')]")): null&#xD;
&#xD;
2020-03-05 11:16:58 - [TEST_STEP][PASSED] - Thread.sleep(1000): null&#xD;
&#xD;
2020-03-05 11:16:59 - [TEST_STEP][PASSED] - try: null&#xD;
&#xD;
2020-03-05 11:16:59 - [TEST_STEP][PASSED] - if (selenium.isElementPresent("//a[contains(text(),'Select')]")): null&#xD;
&#xD;
2020-03-05 11:16:59 - [TEST_STEP][PASSED] - Thread.sleep(1000): null&#xD;
&#xD;
2020-03-05 11:17:00 - [TEST_STEP][PASSED] - try: null&#xD;
&#xD;
2020-03-05 11:17:00 - [TEST_STEP][PASSED] - if (selenium.isElementPresent("//a[contains(text(),'Select')]")): null&#xD;
&#xD;
2020-03-05 11:17:00 - [TEST_STEP][PASSED] - Thread.sleep(1000): null&#xD;
&#xD;
2020-03-05 11:17:01 - [TEST_STEP][PASSED] - try: null&#xD;
&#xD;
2020-03-05 11:17:01 - [TEST_STEP][PASSED] - if (selenium.isElementPresent("//a[contains(text(),'Select')]")): null&#xD;
&#xD;
2020-03-05 11:17:01 - [TEST_STEP][PASSED] - Thread.sleep(1000): null&#xD;
&#xD;
2020-03-05 11:17:02 - [TEST_STEP][PASSED] - try: null&#xD;
&#xD;
2020-03-05 11:17:02 - [TEST_STEP][PASSED] - if (selenium.isElementPresent("//a[contains(text(),'Select')]")): null&#xD;
&#xD;
2020-03-05 11:17:02 - [TEST_STEP][PASSED] - Thread.sleep(1000): null&#xD;
&#xD;
2020-03-05 11:17:03 - [TEST_STEP][PASSED] - try: null&#xD;
&#xD;
2020-03-05 11:17:03 - [TEST_STEP][PASSED] - if (selenium.isElementPresent("//a[contains(text(),'Select')]")): null&#xD;
&#xD;
2020-03-05 11:17:03 - [TEST_STEP][PASSED] - Thread.sleep(1000): null&#xD;
&#xD;
2020-03-05 11:17:04 - [TEST_STEP][PASSED] - try: null&#xD;
&#xD;
2020-03-05 11:17:04 - [TEST_STEP][PASSED] - if (selenium.isElementPresent("//a[contains(text(),'Select')]")): null&#xD;
&#xD;
2020-03-05 11:17:04 - [TEST_STEP][PASSED] - Thread.sleep(1000): null&#xD;
&#xD;
2020-03-05 11:17:05 - [TEST_STEP][PASSED] - try: null&#xD;
&#xD;
2020-03-05 11:17:05 - [TEST_STEP][PASSED] - if (selenium.isElementPresent("//a[contains(text(),'Select')]")): null&#xD;
&#xD;
2020-03-05 11:17:05 - [TEST_STEP][PASSED] - Thread.sleep(1000): null&#xD;
&#xD;
2020-03-05 11:17:06 - [TEST_STEP][PASSED] - try: null&#xD;
&#xD;
2020-03-05 11:17:06 - [TEST_STEP][PASSED] - if (selenium.isElementPresent("//a[contains(text(),'Select')]")): null&#xD;
&#xD;
2020-03-05 11:17:06 - [TEST_STEP][PASSED] - Thread.sleep(1000): null&#xD;
&#xD;
2020-03-05 11:17:07 - [TEST_STEP][PASSED] - try: null&#xD;
&#xD;
2020-03-05 11:17:07 - [TEST_STEP][PASSED] - if (selenium.isElementPresent("//a[contains(text(),'Select')]")): null&#xD;
&#xD;
2020-03-05 11:17:07 - [TEST_STEP][PASSED] - Thread.sleep(1000): null&#xD;
&#xD;
2020-03-05 11:17:08 - [TEST_STEP][PASSED] - try: null&#xD;
&#xD;
2020-03-05 11:17:08 - [TEST_STEP][PASSED] - if (selenium.isElementPresent("//a[contains(text(),'Select')]")): null&#xD;
&#xD;
2020-03-05 11:17:08 - [TEST_STEP][PASSED] - Thread.sleep(1000): null&#xD;
&#xD;
2020-03-05 11:17:09 - [TEST_STEP][PASSED] - try: null&#xD;
&#xD;
2020-03-05 11:17:09 - [TEST_STEP][PASSED] - if (selenium.isElementPresent("//a[contains(text(),'Select')]")): null&#xD;
&#xD;
2020-03-05 11:17:09 - [TEST_STEP][PASSED] - Thread.sleep(1000): null&#xD;
&#xD;
2020-03-05 11:17:10 - [TEST_STEP][PASSED] - try: null&#xD;
&#xD;
2020-03-05 11:17:10 - [TEST_STEP][PASSED] - if (selenium.isElementPresent("//a[contains(text(),'Select')]")): null&#xD;
&#xD;
2020-03-05 11:17:10 - [TEST_STEP][PASSED] - Thread.sleep(1000): null&#xD;
&#xD;
2020-03-05 11:17:11 - [TEST_STEP][PASSED] - try: null&#xD;
&#xD;
2020-03-05 11:17:11 - [TEST_STEP][PASSED] - if (selenium.isElementPresent("//a[contains(text(),'Select')]")): null&#xD;
&#xD;
2020-03-05 11:17:11 - [TEST_STEP][PASSED] - Thread.sleep(1000): null&#xD;
&#xD;
2020-03-05 11:17:12 - [TEST_STEP][PASSED] - try: null&#xD;
&#xD;
2020-03-05 11:17:12 - [TEST_STEP][PASSED] - if (selenium.isElementPresent("//a[contains(text(),'Select')]")): null&#xD;
&#xD;
2020-03-05 11:17:12 - [TEST_STEP][PASSED] - Thread.sleep(1000): null&#xD;
&#xD;
2020-03-05 11:17:13 - [TEST_STEP][PASSED] - try: null&#xD;
&#xD;
2020-03-05 11:17:13 - [TEST_STEP][PASSED] - if (selenium.isElementPresent("//a[contains(text(),'Select')]")): null&#xD;
&#xD;
2020-03-05 11:17:13 - [TEST_STEP][PASSED] - Thread.sleep(1000): null&#xD;
&#xD;
2020-03-05 11:17:14 - [TEST_STEP][PASSED] - try: null&#xD;
&#xD;
2020-03-05 11:17:14 - [TEST_STEP][PASSED] - if (selenium.isElementPresent("//a[contains(text(),'Select')]")): null&#xD;
&#xD;
2020-03-05 11:17:14 - [TEST_STEP][PASSED] - Thread.sleep(1000): null&#xD;
&#xD;
2020-03-05 11:17:15 - [TEST_STEP][PASSED] - try: null&#xD;
&#xD;
2020-03-05 11:17:15 - [TEST_STEP][PASSED] - if (selenium.isElementPresent("//a[contains(text(),'Select')]")): null&#xD;
&#xD;
2020-03-05 11:17:15 - [TEST_STEP][PASSED] - Thread.sleep(1000): null&#xD;
&#xD;
2020-03-05 11:17:16 - [TEST_STEP][PASSED] - try: null&#xD;
&#xD;
2020-03-05 11:17:16 - [TEST_STEP][PASSED] - if (selenium.isElementPresent("//a[contains(text(),'Select')]")): null&#xD;
&#xD;
2020-03-05 11:17:16 - [TEST_STEP][PASSED] - Thread.sleep(1000): null&#xD;
&#xD;
2020-03-05 11:17:17 - [TEST_STEP][PASSED] - try: null&#xD;
&#xD;
2020-03-05 11:17:17 - [TEST_STEP][PASSED] - if (selenium.isElementPresent("//a[contains(text(),'Select')]")): null&#xD;
&#xD;
2020-03-05 11:17:17 - [TEST_STEP][PASSED] - Thread.sleep(1000): null&#xD;
&#xD;
2020-03-05 11:17:18 - [TEST_STEP][PASSED] - try: null&#xD;
&#xD;
2020-03-05 11:17:18 - [TEST_STEP][PASSED] - if (selenium.isElementPresent("//a[contains(text(),'Select')]")): null&#xD;
&#xD;
2020-03-05 11:17:18 - [TEST_STEP][PASSED] - Thread.sleep(1000): null&#xD;
&#xD;
2020-03-05 11:17:19 - [TEST_STEP][PASSED] - try: null&#xD;
&#xD;
2020-03-05 11:17:19 - [TEST_STEP][PASSED] - if (selenium.isElementPresent("//a[contains(text(),'Select')]")): null&#xD;
&#xD;
2020-03-05 11:17:19 - [TEST_STEP][PASSED] - Thread.sleep(1000): null&#xD;
&#xD;
2020-03-05 11:17:20 - [TEST_STEP][PASSED] - try: null&#xD;
&#xD;
2020-03-05 11:17:20 - [TEST_STEP][PASSED] - if (selenium.isElementPresent("//a[contains(text(),'Select')]")): null&#xD;
&#xD;
2020-03-05 11:17:20 - [TEST_STEP][PASSED] - Thread.sleep(1000): null&#xD;
&#xD;
2020-03-05 11:17:21 - [TEST_STEP][PASSED] - try: null&#xD;
&#xD;
2020-03-05 11:17:21 - [TEST_STEP][PASSED] - if (selenium.isElementPresent("//a[contains(text(),'Select')]")): null&#xD;
&#xD;
2020-03-05 11:17:21 - [TEST_STEP][PASSED] - Thread.sleep(1000): null&#xD;
&#xD;
2020-03-05 11:17:22 - [TEST_STEP][PASSED] - try: null&#xD;
&#xD;
2020-03-05 11:17:22 - [TEST_STEP][PASSED] - if (selenium.isElementPresent("//a[contains(text(),'Select')]")): null&#xD;
&#xD;
2020-03-05 11:17:22 - [TEST_STEP][PASSED] - Thread.sleep(1000): null&#xD;
&#xD;
2020-03-05 11:17:23 - [TEST_STEP][PASSED] - try: null&#xD;
&#xD;
2020-03-05 11:17:23 - [TEST_STEP][PASSED] - if (selenium.isElementPresent("//a[contains(text(),'Select')]")): null&#xD;
&#xD;
2020-03-05 11:17:23 - [TEST_STEP][PASSED] - Thread.sleep(1000): null&#xD;
&#xD;
2020-03-05 11:17:24 - [TEST_STEP][PASSED] - try: null&#xD;
&#xD;
2020-03-05 11:17:24 - [TEST_STEP][PASSED] - if (selenium.isElementPresent("//a[contains(text(),'Select')]")): null&#xD;
&#xD;
2020-03-05 11:17:24 - [TEST_STEP][PASSED] - Thread.sleep(1000): null&#xD;
&#xD;
2020-03-05 11:17:25 - [TEST_STEP][PASSED] - try: null&#xD;
&#xD;
2020-03-05 11:17:25 - [TEST_STEP][PASSED] - if (selenium.isElementPresent("//a[contains(text(),'Select')]")): null&#xD;
&#xD;
2020-03-05 11:17:25 - [TEST_STEP][PASSED] - Thread.sleep(1000): null&#xD;
&#xD;
2020-03-05 11:17:26 - [TEST_STEP][PASSED] - try: null&#xD;
&#xD;
2020-03-05 11:17:26 - [TEST_STEP][PASSED] - if (selenium.isElementPresent("//a[contains(text(),'Select')]")): null&#xD;
&#xD;
2020-03-05 11:17:26 - [TEST_STEP][PASSED] - Thread.sleep(1000): null&#xD;
&#xD;
2020-03-05 11:17:27 - [TEST_STEP][PASSED] - try: null&#xD;
&#xD;
2020-03-05 11:17:27 - [TEST_STEP][PASSED] - if (selenium.isElementPresent("//a[contains(text(),'Select')]")): null&#xD;
&#xD;
2020-03-05 11:17:27 - [TEST_STEP][PASSED] - Thread.sleep(1000): null&#xD;
&#xD;
2020-03-05 11:17:28 - [TEST_STEP][PASSED] - try: null&#xD;
&#xD;
2020-03-05 11:17:28 - [TEST_STEP][PASSED] - if (selenium.isElementPresent("//a[contains(text(),'Select')]")): null&#xD;
&#xD;
2020-03-05 11:17:28 - [TEST_STEP][PASSED] - Thread.sleep(1000): null&#xD;
&#xD;
2020-03-05 11:17:29 - [TEST_STEP][PASSED] - try: null&#xD;
&#xD;
2020-03-05 11:17:29 - [TEST_STEP][PASSED] - if (selenium.isElementPresent("//a[contains(text(),'Select')]")): null&#xD;
&#xD;
2020-03-05 11:17:29 - [TEST_STEP][PASSED] - Thread.sleep(1000): null&#xD;
&#xD;
2020-03-05 11:17:30 - [TEST_STEP][PASSED] - callTestCase(findTestCase("AHI/_include/get_screenshot"), [:], STOP_ON_FAILURE): Call Test Case 'Test Cases/AHI/_include/get_screenshot' successfully&#xD;
&#xD;
2020-03-05 11:17:30 - [TEST_CASE][PASSED] - Test Cases/AHI/_include/get_screenshot: Test Cases/AHI/_include/get_screenshot&#xD;
&#xD;
2020-03-05 11:17:30 - [TEST_STEP][PASSED] - takeScreenshot(screenPath + i + ".png"): Taking screenshot successfully&#xD;
&#xD;
2020-03-05 11:17:31 - [MESSAGE][PASSED] - Taking screenshot successfully&#xD;
[[ATTACHMENT|D:\\Test\\AgileTest\\AgileTest\\Reports\\HP\\HP\\20200305_111443\\../Screenshots/iPhone X/HP/ACA/20200305_111456/6.png]]&#xD;
&#xD;
2020-03-05 11:17:31 - [TEST_STEP][PASSED] - (internal.GlobalVariable.i++): null&#xD;
&#xD;
2020-03-05 11:17:31 - [MESSAGE][PASSED] - Call Test Case 'Test Cases/AHI/_include/get_screenshot' successfully&#xD;
&#xD;
2020-03-05 11:17:31 - [TEST_STEP][PASSED] - selenium.click("//a[contains(text(),'Select')]"): null</system-out>
            <system-err>2020-03-05 11:14:54 - [TEST_CASE][ERROR] - Test Cases/HP/ACA/ACA: Test Cases/HP/ACA/ACA FAILED.
Reason:
com.thoughtworks.selenium.SeleniumException: Element //a[contains(text(),'Select')] not found&#xD;
	at com.thoughtworks.selenium.webdriven.ElementFinder.findElement(ElementFinder.java:93)&#xD;
	at com.thoughtworks.selenium.webdriven.commands.Click.handleSeleneseCommand(Click.java:39)&#xD;
	at com.thoughtworks.selenium.webdriven.commands.Click.handleSeleneseCommand(Click.java:26)&#xD;
	at com.thoughtworks.selenium.webdriven.SeleneseCommand.apply(SeleneseCommand.java:36)&#xD;
	at com.thoughtworks.selenium.webdriven.Timer.run(Timer.java:41)&#xD;
	at com.thoughtworks.selenium.webdriven.WebDriverCommandProcessor.execute(WebDriverCommandProcessor.java:150)&#xD;
	at com.thoughtworks.selenium.webdriven.WebDriverCommandProcessor.doCommand(WebDriverCommandProcessor.java:76)&#xD;
	at com.thoughtworks.selenium.DefaultSelenium.click(DefaultSelenium.java:198)&#xD;
	at com.thoughtworks.selenium.Selenium$click$3.call(Unknown Source)&#xD;
	at ACA.run(ACA:137)&#xD;
	at com.kms.katalon.core.main.ScriptEngine.run(ScriptEngine.java:194)&#xD;
	at com.kms.katalon.core.main.ScriptEngine.runScriptAsRawText(ScriptEngine.java:119)&#xD;
	at com.kms.katalon.core.main.TestCaseExecutor.runScript(TestCaseExecutor.java:337)&#xD;
	at com.kms.katalon.core.main.TestCaseExecutor.doExecute(TestCaseExecutor.java:328)&#xD;
	at com.kms.katalon.core.main.TestCaseExecutor.processExecutionPhase(TestCaseExecutor.java:307)&#xD;
	at com.kms.katalon.core.main.TestCaseExecutor.accessMainPhase(TestCaseExecutor.java:299)&#xD;
	at com.kms.katalon.core.main.TestCaseExecutor.execute(TestCaseExecutor.java:233)&#xD;
	at com.kms.katalon.core.main.TestSuiteExecutor.accessTestCaseMainPhase(TestSuiteExecutor.java:133)&#xD;
	at com.kms.katalon.core.main.TestSuiteExecutor.accessTestSuiteMainPhase(TestSuiteExecutor.java:116)&#xD;
	at com.kms.katalon.core.main.TestSuiteExecutor.execute(TestSuiteExecutor.java:83)&#xD;
	at com.kms.katalon.core.main.TestCaseMain.startTestSuite(TestCaseMain.java:157)&#xD;
	at com.kms.katalon.core.main.TestCaseMain$startTestSuite$0.call(Unknown Source)&#xD;
	at TempTestSuite1583378083788.run(TempTestSuite1583378083788.groovy:35)&#xD;
Caused by: org.openqa.selenium.NoSuchElementException: Cannot find an element with the xpath: //a[contains(text(),'Select')]
For documentation on this error, please visit: https://www.seleniumhq.org/exceptions/no_such_element.html
Build info: version: '3.141.59', revision: 'e82be7d358', time: '2018-11-14T08:25:53'
System info: host: 'SOFEE', ip: '172.16.86.47', os.name: 'Windows 7', os.arch: 'amd64', os.version: '6.1', java.version: '1.8.0_181'
Driver info: driver.version: unknown&#xD;
	at com.thoughtworks.selenium.webdriven.ElementFinder.xpathWizardry(ElementFinder.java:143)&#xD;
	at com.thoughtworks.selenium.webdriven.ElementFinder.findElementDirectlyIfNecessary(ElementFinder.java:117)&#xD;
	at com.thoughtworks.selenium.webdriven.ElementFinder.findElement(ElementFinder.java:87)&#xD;
	at com.thoughtworks.selenium.webdriven.commands.Click.handleSeleneseCommand(Click.java:39)&#xD;
	at com.thoughtworks.selenium.webdriven.commands.Click.handleSeleneseCommand(Click.java:26)&#xD;
	at com.thoughtworks.selenium.webdriven.SeleneseCommand.apply(SeleneseCommand.java:36)&#xD;
	at com.thoughtworks.selenium.webdriven.Timer.run(Timer.java:41)&#xD;
	at com.thoughtworks.selenium.webdriven.WebDriverCommandProcessor.execute(WebDriverCommandProcessor.java:150)&#xD;
	at com.thoughtworks.selenium.webdriven.WebDriverCommandProcessor.doCommand(WebDriverCommandProcessor.java:76)&#xD;
	at com.thoughtworks.selenium.DefaultSelenium.click(DefaultSelenium.java:198)&#xD;
	at com.thoughtworks.selenium.Selenium$click$3.call(Unknown Source)&#xD;
	at Script1575603847168.run(Script1575603847168.groovy:137)&#xD;
	... 13 more</system-err>
        </testcase>
        <testcase name="Test Cases/HP/Home/Home" classname="Test Cases/HP/Home/Home" status="FAILED">
            <failure type="FAILED" message="Test Cases/HP/Home/Home FAILED.&#xA;Reason:&#xA;com.kms.katalon.core.exception.StepFailedException: Unable to accept alert&#xD;&#xA;&#x9;at com.kms.katalon.core.webui.keyword.internal.WebUIKeywordMain.stepFailed(WebUIKeywordMain.groovy:64)&#xD;&#xA;&#x9;at com.kms.katalon.core.webui.keyword.internal.WebUIKeywordMain.runKeyword(WebUIKeywordMain.groovy:26)&#xD;&#xA;&#x9;at com.kms.katalon.core.webui.keyword.builtin.AcceptAlertKeyword.acceptAlert(AcceptAlertKeyword.groovy:71)&#xD;&#xA;&#x9;at com.kms.katalon.core.webui.keyword.builtin.AcceptAlertKeyword.execute(AcceptAlertKeyword.groovy:66)&#xD;&#xA;&#x9;at com.kms.katalon.core.keyword.internal.KeywordExecutor.executeKeywordForPlatform(KeywordExecutor.groovy:56)&#xD;&#xA;&#x9;at com.kms.katalon.core.webui.keyword.WebUiBuiltInKeywords.acceptAlert(WebUiBuiltInKeywords.groovy:1492)&#xD;&#xA;&#x9;at com.kms.katalon.core.webui.keyword.WebUiBuiltInKeywords$acceptAlert$2.call(Unknown Source)&#xD;&#xA;&#x9;at Home.run(Home:28)&#xD;&#xA;&#x9;at com.kms.katalon.core.main.ScriptEngine.run(ScriptEngine.java:194)&#xD;&#xA;&#x9;at com.kms.katalon.core.main.ScriptEngine.runScriptAsRawText(ScriptEngine.java:119)&#xD;&#xA;&#x9;at com.kms.katalon.core.main.TestCaseExecutor.runScript(TestCaseExecutor.java:337)&#xD;&#xA;&#x9;at com.kms.katalon.core.main.TestCaseExecutor.doExecute(TestCaseExecutor.java:328)&#xD;&#xA;&#x9;at com.kms.katalon.core.main.TestCaseExecutor.processExecutionPhase(TestCaseExecutor.java:307)&#xD;&#xA;&#x9;at com.kms.katalon.core.main.TestCaseExecutor.accessMainPhase(TestCaseExecutor.java:299)&#xD;&#xA;&#x9;at com.kms.katalon.core.main.TestCaseExecutor.execute(TestCaseExecutor.java:233)&#xD;&#xA;&#x9;at com.kms.katalon.core.main.TestSuiteExecutor.accessTestCaseMainPhase(TestSuiteExecutor.java:133)&#xD;&#xA;&#x9;at com.kms.katalon.core.main.TestSuiteExecutor.accessTestSuiteMainPhase(TestSuiteExecutor.java:116)&#xD;&#xA;&#x9;at com.kms.katalon.core.main.TestSuiteExecutor.execute(TestSuiteExecutor.java:83)&#xD;&#xA;&#x9;at com.kms.katalon.core.main.TestCaseMain.startTestSuite(TestCaseMain.java:157)&#xD;&#xA;&#x9;at com.kms.katalon.core.main.TestCaseMain$startTestSuite$0.call(Unknown Source)&#xD;&#xA;&#x9;at TempTestSuite1583378083788.run(TempTestSuite1583378083788.groovy:35)&#xD;&#xA;Caused by: com.kms.katalon.core.exception.StepFailedException: No alert found&#xD;&#xA;&#x9;at com.kms.katalon.core.webui.keyword.internal.WebUIKeywordMain.stepFailed(WebUIKeywordMain.groovy:64)&#xD;&#xA;&#x9;at com.kms.katalon.core.webui.keyword.builtin.AcceptAlertKeyword$_acceptAlert_closure1.doCall(AcceptAlertKeyword.groovy:78)&#xD;&#xA;&#x9;at com.kms.katalon.core.webui.keyword.builtin.AcceptAlertKeyword$_acceptAlert_closure1.call(AcceptAlertKeyword.groovy)&#xD;&#xA;&#x9;at com.kms.katalon.core.webui.keyword.internal.WebUIKeywordMain.runKeyword(WebUIKeywordMain.groovy:20)&#xD;&#xA;&#x9;... 19 more&#xD;&#xA;"/>
            <system-out>2020-03-05 11:17:31 - [TEST_CASE][FAILED] - Test Cases/HP/Home/Home: Test Cases/HP/Home/Home FAILED.
Reason:
com.kms.katalon.core.exception.StepFailedException: Unable to accept alert&#xD;
	at com.kms.katalon.core.webui.keyword.internal.WebUIKeywordMain.stepFailed(WebUIKeywordMain.groovy:64)&#xD;
	at com.kms.katalon.core.webui.keyword.internal.WebUIKeywordMain.runKeyword(WebUIKeywordMain.groovy:26)&#xD;
	at com.kms.katalon.core.webui.keyword.builtin.AcceptAlertKeyword.acceptAlert(AcceptAlertKeyword.groovy:71)&#xD;
	at com.kms.katalon.core.webui.keyword.builtin.AcceptAlertKeyword.execute(AcceptAlertKeyword.groovy:66)&#xD;
	at com.kms.katalon.core.keyword.internal.KeywordExecutor.executeKeywordForPlatform(KeywordExecutor.groovy:56)&#xD;
	at com.kms.katalon.core.webui.keyword.WebUiBuiltInKeywords.acceptAlert(WebUiBuiltInKeywords.groovy:1492)&#xD;
	at com.kms.katalon.core.webui.keyword.WebUiBuiltInKeywords$acceptAlert$2.call(Unknown Source)&#xD;
	at Home.run(Home:28)&#xD;
	at com.kms.katalon.core.main.ScriptEngine.run(ScriptEngine.java:194)&#xD;
	at com.kms.katalon.core.main.ScriptEngine.runScriptAsRawText(ScriptEngine.java:119)&#xD;
	at com.kms.katalon.core.main.TestCaseExecutor.runScript(TestCaseExecutor.java:337)&#xD;
	at com.kms.katalon.core.main.TestCaseExecutor.doExecute(TestCaseExecutor.java:328)&#xD;
	at com.kms.katalon.core.main.TestCaseExecutor.processExecutionPhase(TestCaseExecutor.java:307)&#xD;
	at com.kms.katalon.core.main.TestCaseExecutor.accessMainPhase(TestCaseExecutor.java:299)&#xD;
	at com.kms.katalon.core.main.TestCaseExecutor.execute(TestCaseExecutor.java:233)&#xD;
	at com.kms.katalon.core.main.TestSuiteExecutor.accessTestCaseMainPhase(TestSuiteExecutor.java:133)&#xD;
	at com.kms.katalon.core.main.TestSuiteExecutor.accessTestSuiteMainPhase(TestSuiteExecutor.java:116)&#xD;
	at com.kms.katalon.core.main.TestSuiteExecutor.execute(TestSuiteExecutor.java:83)&#xD;
	at com.kms.katalon.core.main.TestCaseMain.startTestSuite(TestCaseMain.java:157)&#xD;
	at com.kms.katalon.core.main.TestCaseMain$startTestSuite$0.call(Unknown Source)&#xD;
	at TempTestSuite1583378083788.run(TempTestSuite1583378083788.groovy:35)&#xD;
Caused by: com.kms.katalon.core.exception.StepFailedException: No alert found&#xD;
	at com.kms.katalon.core.webui.keyword.internal.WebUIKeywordMain.stepFailed(WebUIKeywordMain.groovy:64)&#xD;
	at com.kms.katalon.core.webui.keyword.builtin.AcceptAlertKeyword$_acceptAlert_closure1.doCall(AcceptAlertKeyword.groovy:78)&#xD;
	at com.kms.katalon.core.webui.keyword.builtin.AcceptAlertKeyword$_acceptAlert_closure1.call(AcceptAlertKeyword.groovy)&#xD;
	at com.kms.katalon.core.webui.keyword.internal.WebUIKeywordMain.runKeyword(WebUIKeywordMain.groovy:20)&#xD;
	... 19 more&#xD;
&#xD;
&#xD;
2020-03-05 11:17:32 - [TEST_STEP][PASSED] - now = new java.util.Date(): null&#xD;
&#xD;
2020-03-05 11:17:32 - [TEST_STEP][PASSED] - mydate = now.format("yyyyMMdd_HHmmss"): null&#xD;
&#xD;
2020-03-05 11:17:32 - [TEST_STEP][PASSED] - callTestCase(findTestCase("AHI/_include/get_screenPath"), ["productLine":"HP", "carrierName":"home"], CONTINUE_ON_FAILURE): Call Test Case 'Test Cases/AHI/_include/get_screenPath' successfully&#xD;
&#xD;
2020-03-05 11:17:32 - [TEST_CASE][PASSED] - Test Cases/AHI/_include/get_screenPath: Test Cases/AHI/_include/get_screenPath&#xD;
&#xD;
2020-03-05 11:17:32 - [TEST_STEP][PASSED] - m = getExecutionProperties(): null&#xD;
&#xD;
2020-03-05 11:17:32 - [TEST_STEP][PASSED] - deviceName = get("mobileEmulation").get("deviceName"): null&#xD;
&#xD;
2020-03-05 11:17:32 - [TEST_STEP][PASSED] - println(deviceName): null&#xD;
&#xD;
2020-03-05 11:17:32 - [TEST_STEP][PASSED] - now = new java.util.Date(): null&#xD;
&#xD;
2020-03-05 11:17:32 - [TEST_STEP][PASSED] - mydate = now.format("yyyyMMdd_HHmmss"): null&#xD;
&#xD;
2020-03-05 11:17:32 - [TEST_STEP][PASSED] - screenPath = "../Screenshots/": null&#xD;
&#xD;
2020-03-05 11:17:32 - [TEST_STEP][PASSED] - screenPath = screenPath + deviceName + "/" + productLine + "/" + carrierName + "/" + mydate + "/": null&#xD;
&#xD;
2020-03-05 11:17:32 - [TEST_STEP][PASSED] - println(screenPath): null&#xD;
&#xD;
2020-03-05 11:17:32 - [MESSAGE][PASSED] - Call Test Case 'Test Cases/AHI/_include/get_screenPath' successfully&#xD;
&#xD;
2020-03-05 11:17:32 - [TEST_STEP][PASSED] - i = 0: null&#xD;
&#xD;
2020-03-05 11:17:32 - [TEST_STEP][PASSED] - callTestCase(findTestCase("AHI/_include/openWebSite"), ["env":ENV], STOP_ON_FAILURE): Call Test Case 'Test Cases/AHI/_include/openWebSite' successfully&#xD;
&#xD;
2020-03-05 11:17:32 - [TEST_CASE][PASSED] - Test Cases/AHI/_include/openWebSite: Test Cases/AHI/_include/openWebSite&#xD;
&#xD;
2020-03-05 11:17:32 - [TEST_STEP][PASSED] - openBrowser(env): Browser is opened with url: 'https://bondsmith.healthpocket.com'&#xD;
&#xD;
2020-03-05 11:17:32 - [MESSAGE][WARNING] - A browser is already opened. Closing browser and opening a new one&#xD;
&#xD;
2020-03-05 11:17:33 - [MESSAGE][INFO] - Starting 'Chrome' driver&#xD;
&#xD;
2020-03-05 11:17:33 - [MESSAGE][INFO] - User set preference: ['mobileEmulation', '{deviceName=iPhone X}']&#xD;
&#xD;
2020-03-05 11:17:33 - [MESSAGE][INFO] - User set preference: ['args', '[--incognito, --aggressive-cache-discard, --no-sandbox, --window-size=375,812]']&#xD;
&#xD;
2020-03-05 11:18:00 - [MESSAGE][PASSED] - Browser is opened with url: 'https://bondsmith.healthpocket.com'&#xD;
&#xD;
2020-03-05 11:18:00 - [TEST_STEP][PASSED] - waitForPageLoad(20): Wait for page load successfully&#xD;
&#xD;
2020-03-05 11:18:00 - [MESSAGE][PASSED] - Wait for page load successfully&#xD;
&#xD;
2020-03-05 11:18:00 - [TEST_STEP][PASSED] - callTestCase(findTestCase("AHI/_include/get_screenshot"), [:], STOP_ON_FAILURE): Call Test Case 'Test Cases/AHI/_include/get_screenshot' successfully&#xD;
&#xD;
2020-03-05 11:18:00 - [TEST_CASE][PASSED] - Test Cases/AHI/_include/get_screenshot: Test Cases/AHI/_include/get_screenshot&#xD;
&#xD;
2020-03-05 11:18:00 - [TEST_STEP][PASSED] - takeScreenshot(screenPath + i + ".png"): Taking screenshot successfully&#xD;
&#xD;
2020-03-05 11:18:01 - [MESSAGE][PASSED] - Taking screenshot successfully&#xD;
[[ATTACHMENT|D:\\Test\\AgileTest\\AgileTest\\Reports\\HP\\HP\\20200305_111443\\../Screenshots/iPhone X/HP/home/20200305_111732/0.png]]&#xD;
&#xD;
2020-03-05 11:18:01 - [TEST_STEP][PASSED] - (internal.GlobalVariable.i++): null&#xD;
&#xD;
2020-03-05 11:18:01 - [MESSAGE][PASSED] - Call Test Case 'Test Cases/AHI/_include/get_screenshot' successfully&#xD;
&#xD;
2020-03-05 11:18:01 - [MESSAGE][PASSED] - Call Test Case 'Test Cases/AHI/_include/openWebSite' successfully&#xD;
&#xD;
2020-03-05 11:18:01 - [TEST_STEP][PASSED] - callTestCase(findTestCase("AHI/_include/get_screenshot"), [:], STOP_ON_FAILURE): Call Test Case 'Test Cases/AHI/_include/get_screenshot' successfully&#xD;
&#xD;
2020-03-05 11:18:01 - [TEST_CASE][PASSED] - Test Cases/AHI/_include/get_screenshot: Test Cases/AHI/_include/get_screenshot&#xD;
&#xD;
2020-03-05 11:18:01 - [TEST_STEP][PASSED] - takeScreenshot(screenPath + i + ".png"): Taking screenshot successfully&#xD;
&#xD;
2020-03-05 11:18:02 - [MESSAGE][PASSED] - Taking screenshot successfully&#xD;
[[ATTACHMENT|D:\\Test\\AgileTest\\AgileTest\\Reports\\HP\\HP\\20200305_111443\\../Screenshots/iPhone X/HP/home/20200305_111732/1.png]]&#xD;
&#xD;
2020-03-05 11:18:02 - [TEST_STEP][PASSED] - (internal.GlobalVariable.i++): null&#xD;
&#xD;
2020-03-05 11:18:02 - [MESSAGE][PASSED] - Call Test Case 'Test Cases/AHI/_include/get_screenshot' successfully&#xD;
&#xD;
2020-03-05 11:18:02 - [TEST_STEP][FAILED] - acceptAlert(): Unable to accept alert (Root cause: com.kms.katalon.core.exception.StepFailedException: Unable to accept alert&#xD;
	at com.kms.katalon.core.webui.keyword.internal.WebUIKeywordMain.stepFailed(WebUIKeywordMain.groovy:64)&#xD;
	at com.kms.katalon.core.webui.keyword.internal.WebUIKeywordMain.runKeyword(WebUIKeywordMain.groovy:26)&#xD;
	at com.kms.katalon.core.webui.keyword.builtin.AcceptAlertKeyword.acceptAlert(AcceptAlertKeyword.groovy:71)&#xD;
	at com.kms.katalon.core.webui.keyword.builtin.AcceptAlertKeyword.execute(AcceptAlertKeyword.groovy:66)&#xD;
	at com.kms.katalon.core.keyword.internal.KeywordExecutor.executeKeywordForPlatform(KeywordExecutor.groovy:56)&#xD;
	at com.kms.katalon.core.webui.keyword.WebUiBuiltInKeywords.acceptAlert(WebUiBuiltInKeywords.groovy:1492)&#xD;
	at com.kms.katalon.core.webui.keyword.WebUiBuiltInKeywords$acceptAlert$2.call(Unknown Source)&#xD;
	at Home.run(Home:28)&#xD;
	at com.kms.katalon.core.main.ScriptEngine.run(ScriptEngine.java:194)&#xD;
	at com.kms.katalon.core.main.ScriptEngine.runScriptAsRawText(ScriptEngine.java:119)&#xD;
	at com.kms.katalon.core.main.TestCaseExecutor.runScript(TestCaseExecutor.java:337)&#xD;
	at com.kms.katalon.core.main.TestCaseExecutor.doExecute(TestCaseExecutor.java:328)&#xD;
	at com.kms.katalon.core.main.TestCaseExecutor.processExecutionPhase(TestCaseExecutor.java:307)&#xD;
	at com.kms.katalon.core.main.TestCaseExecutor.accessMainPhase(TestCaseExecutor.java:299)&#xD;
	at com.kms.katalon.core.main.TestCaseExecutor.execute(TestCaseExecutor.java:233)&#xD;
	at com.kms.katalon.core.main.TestSuiteExecutor.accessTestCaseMainPhase(TestSuiteExecutor.java:133)&#xD;
	at com.kms.katalon.core.main.TestSuiteExecutor.accessTestSuiteMainPhase(TestSuiteExecutor.java:116)&#xD;
	at com.kms.katalon.core.main.TestSuiteExecutor.execute(TestSuiteExecutor.java:83)&#xD;
	at com.kms.katalon.core.main.TestCaseMain.startTestSuite(TestCaseMain.java:157)&#xD;
	at com.kms.katalon.core.main.TestCaseMain$startTestSuite$0.call(Unknown Source)&#xD;
	at TempTestSuite1583378083788.run(TempTestSuite1583378083788.groovy:35)&#xD;
Caused by: com.kms.katalon.core.exception.StepFailedException: No alert found&#xD;
	at com.kms.katalon.core.webui.keyword.internal.WebUIKeywordMain.stepFailed(WebUIKeywordMain.groovy:64)&#xD;
	at com.kms.katalon.core.webui.keyword.builtin.AcceptAlertKeyword$_acceptAlert_closure1.doCall(AcceptAlertKeyword.groovy:78)&#xD;
	at com.kms.katalon.core.webui.keyword.builtin.AcceptAlertKeyword$_acceptAlert_closure1.call(AcceptAlertKeyword.groovy)&#xD;
	at com.kms.katalon.core.webui.keyword.internal.WebUIKeywordMain.runKeyword(WebUIKeywordMain.groovy:20)&#xD;
	... 19 more&#xD;
)&#xD;
&#xD;
2020-03-05 11:18:03 - [MESSAGE][FAILED] - No alert found (Root cause: com.kms.katalon.core.exception.StepFailedException: No alert found&#xD;
	at com.kms.katalon.core.webui.keyword.internal.WebUIKeywordMain.stepFailed(WebUIKeywordMain.groovy:64)&#xD;
	at com.kms.katalon.core.webui.keyword.builtin.AcceptAlertKeyword$_acceptAlert_closure1.doCall(AcceptAlertKeyword.groovy:78)&#xD;
	at com.kms.katalon.core.webui.keyword.builtin.AcceptAlertKeyword$_acceptAlert_closure1.call(AcceptAlertKeyword.groovy)&#xD;
	at com.kms.katalon.core.webui.keyword.internal.WebUIKeywordMain.runKeyword(WebUIKeywordMain.groovy:20)&#xD;
	at com.kms.katalon.core.webui.keyword.builtin.AcceptAlertKeyword.acceptAlert(AcceptAlertKeyword.groovy:71)&#xD;
	at com.kms.katalon.core.webui.keyword.builtin.AcceptAlertKeyword.execute(AcceptAlertKeyword.groovy:66)&#xD;
	at com.kms.katalon.core.keyword.internal.KeywordExecutor.executeKeywordForPlatform(KeywordExecutor.groovy:56)&#xD;
	at com.kms.katalon.core.webui.keyword.WebUiBuiltInKeywords.acceptAlert(WebUiBuiltInKeywords.groovy:1492)&#xD;
	at com.kms.katalon.core.webui.keyword.WebUiBuiltInKeywords$acceptAlert$2.call(Unknown Source)&#xD;
	at Home.run(Home:28)&#xD;
	at com.kms.katalon.core.main.ScriptEngine.run(ScriptEngine.java:194)&#xD;
	at com.kms.katalon.core.main.ScriptEngine.runScriptAsRawText(ScriptEngine.java:119)&#xD;
	at com.kms.katalon.core.main.TestCaseExecutor.runScript(TestCaseExecutor.java:337)&#xD;
	at com.kms.katalon.core.main.TestCaseExecutor.doExecute(TestCaseExecutor.java:328)&#xD;
	at com.kms.katalon.core.main.TestCaseExecutor.processExecutionPhase(TestCaseExecutor.java:307)&#xD;
	at com.kms.katalon.core.main.TestCaseExecutor.accessMainPhase(TestCaseExecutor.java:299)&#xD;
	at com.kms.katalon.core.main.TestCaseExecutor.execute(TestCaseExecutor.java:233)&#xD;
	at com.kms.katalon.core.main.TestSuiteExecutor.accessTestCaseMainPhase(TestSuiteExecutor.java:133)&#xD;
	at com.kms.katalon.core.main.TestSuiteExecutor.accessTestSuiteMainPhase(TestSuiteExecutor.java:116)&#xD;
	at com.kms.katalon.core.main.TestSuiteExecutor.execute(TestSuiteExecutor.java:83)&#xD;
	at com.kms.katalon.core.main.TestCaseMain.startTestSuite(TestCaseMain.java:157)&#xD;
	at com.kms.katalon.core.main.TestCaseMain$startTestSuite$0.call(Unknown Source)&#xD;
	at TempTestSuite1583378083788.run(TempTestSuite1583378083788.groovy:35)&#xD;
)&#xD;
[[ATTACHMENT|D:\\Test\\AgileTest\\AgileTest\\Reports\\HP\\HP\\20200305_111443\\1583378282615.png]]&#xD;
&#xD;
2020-03-05 11:18:04 - [MESSAGE][FAILED] - Unable to accept alert (Root cause: com.kms.katalon.core.exception.StepFailedException: Unable to accept alert&#xD;
	at com.kms.katalon.core.webui.keyword.internal.WebUIKeywordMain.stepFailed(WebUIKeywordMain.groovy:64)&#xD;
	at com.kms.katalon.core.webui.keyword.internal.WebUIKeywordMain.runKeyword(WebUIKeywordMain.groovy:26)&#xD;
	at com.kms.katalon.core.webui.keyword.builtin.AcceptAlertKeyword.acceptAlert(AcceptAlertKeyword.groovy:71)&#xD;
	at com.kms.katalon.core.webui.keyword.builtin.AcceptAlertKeyword.execute(AcceptAlertKeyword.groovy:66)&#xD;
	at com.kms.katalon.core.keyword.internal.KeywordExecutor.executeKeywordForPlatform(KeywordExecutor.groovy:56)&#xD;
	at com.kms.katalon.core.webui.keyword.WebUiBuiltInKeywords.acceptAlert(WebUiBuiltInKeywords.groovy:1492)&#xD;
	at com.kms.katalon.core.webui.keyword.WebUiBuiltInKeywords$acceptAlert$2.call(Unknown Source)&#xD;
	at Home.run(Home:28)&#xD;
	at com.kms.katalon.core.main.ScriptEngine.run(ScriptEngine.java:194)&#xD;
	at com.kms.katalon.core.main.ScriptEngine.runScriptAsRawText(ScriptEngine.java:119)&#xD;
	at com.kms.katalon.core.main.TestCaseExecutor.runScript(TestCaseExecutor.java:337)&#xD;
	at com.kms.katalon.core.main.TestCaseExecutor.doExecute(TestCaseExecutor.java:328)&#xD;
	at com.kms.katalon.core.main.TestCaseExecutor.processExecutionPhase(TestCaseExecutor.java:307)&#xD;
	at com.kms.katalon.core.main.TestCaseExecutor.accessMainPhase(TestCaseExecutor.java:299)&#xD;
	at com.kms.katalon.core.main.TestCaseExecutor.execute(TestCaseExecutor.java:233)&#xD;
	at com.kms.katalon.core.main.TestSuiteExecutor.accessTestCaseMainPhase(TestSuiteExecutor.java:133)&#xD;
	at com.kms.katalon.core.main.TestSuiteExecutor.accessTestSuiteMainPhase(TestSuiteExecutor.java:116)&#xD;
	at com.kms.katalon.core.main.TestSuiteExecutor.execute(TestSuiteExecutor.java:83)&#xD;
	at com.kms.katalon.core.main.TestCaseMain.startTestSuite(TestCaseMain.java:157)&#xD;
	at com.kms.katalon.core.main.TestCaseMain$startTestSuite$0.call(Unknown Source)&#xD;
	at TempTestSuite1583378083788.run(TempTestSuite1583378083788.groovy:35)&#xD;
Caused by: com.kms.katalon.core.exception.StepFailedException: No alert found&#xD;
	at com.kms.katalon.core.webui.keyword.internal.WebUIKeywordMain.stepFailed(WebUIKeywordMain.groovy:64)&#xD;
	at com.kms.katalon.core.webui.keyword.builtin.AcceptAlertKeyword$_acceptAlert_closure1.doCall(AcceptAlertKeyword.groovy:78)&#xD;
	at com.kms.katalon.core.webui.keyword.builtin.AcceptAlertKeyword$_acceptAlert_closure1.call(AcceptAlertKeyword.groovy)&#xD;
	at com.kms.katalon.core.webui.keyword.internal.WebUIKeywordMain.runKeyword(WebUIKeywordMain.groovy:20)&#xD;
	... 19 more&#xD;
)&#xD;
[[ATTACHMENT|D:\\Test\\AgileTest\\AgileTest\\Reports\\HP\\HP\\20200305_111443\\1583378283507.png]]</system-out>
            <system-err>2020-03-05 11:17:31 - [TEST_CASE][FAILED] - Test Cases/HP/Home/Home: Test Cases/HP/Home/Home FAILED.
Reason:
com.kms.katalon.core.exception.StepFailedException: Unable to accept alert&#xD;
	at com.kms.katalon.core.webui.keyword.internal.WebUIKeywordMain.stepFailed(WebUIKeywordMain.groovy:64)&#xD;
	at com.kms.katalon.core.webui.keyword.internal.WebUIKeywordMain.runKeyword(WebUIKeywordMain.groovy:26)&#xD;
	at com.kms.katalon.core.webui.keyword.builtin.AcceptAlertKeyword.acceptAlert(AcceptAlertKeyword.groovy:71)&#xD;
	at com.kms.katalon.core.webui.keyword.builtin.AcceptAlertKeyword.execute(AcceptAlertKeyword.groovy:66)&#xD;
	at com.kms.katalon.core.keyword.internal.KeywordExecutor.executeKeywordForPlatform(KeywordExecutor.groovy:56)&#xD;
	at com.kms.katalon.core.webui.keyword.WebUiBuiltInKeywords.acceptAlert(WebUiBuiltInKeywords.groovy:1492)&#xD;
	at com.kms.katalon.core.webui.keyword.WebUiBuiltInKeywords$acceptAlert$2.call(Unknown Source)&#xD;
	at Home.run(Home:28)&#xD;
	at com.kms.katalon.core.main.ScriptEngine.run(ScriptEngine.java:194)&#xD;
	at com.kms.katalon.core.main.ScriptEngine.runScriptAsRawText(ScriptEngine.java:119)&#xD;
	at com.kms.katalon.core.main.TestCaseExecutor.runScript(TestCaseExecutor.java:337)&#xD;
	at com.kms.katalon.core.main.TestCaseExecutor.doExecute(TestCaseExecutor.java:328)&#xD;
	at com.kms.katalon.core.main.TestCaseExecutor.processExecutionPhase(TestCaseExecutor.java:307)&#xD;
	at com.kms.katalon.core.main.TestCaseExecutor.accessMainPhase(TestCaseExecutor.java:299)&#xD;
	at com.kms.katalon.core.main.TestCaseExecutor.execute(TestCaseExecutor.java:233)&#xD;
	at com.kms.katalon.core.main.TestSuiteExecutor.accessTestCaseMainPhase(TestSuiteExecutor.java:133)&#xD;
	at com.kms.katalon.core.main.TestSuiteExecutor.accessTestSuiteMainPhase(TestSuiteExecutor.java:116)&#xD;
	at com.kms.katalon.core.main.TestSuiteExecutor.execute(TestSuiteExecutor.java:83)&#xD;
	at com.kms.katalon.core.main.TestCaseMain.startTestSuite(TestCaseMain.java:157)&#xD;
	at com.kms.katalon.core.main.TestCaseMain$startTestSuite$0.call(Unknown Source)&#xD;
	at TempTestSuite1583378083788.run(TempTestSuite1583378083788.groovy:35)&#xD;
Caused by: com.kms.katalon.core.exception.StepFailedException: No alert found&#xD;
	at com.kms.katalon.core.webui.keyword.internal.WebUIKeywordMain.stepFailed(WebUIKeywordMain.groovy:64)&#xD;
	at com.kms.katalon.core.webui.keyword.builtin.AcceptAlertKeyword$_acceptAlert_closure1.doCall(AcceptAlertKeyword.groovy:78)&#xD;
	at com.kms.katalon.core.webui.keyword.builtin.AcceptAlertKeyword$_acceptAlert_closure1.call(AcceptAlertKeyword.groovy)&#xD;
	at com.kms.katalon.core.webui.keyword.internal.WebUIKeywordMain.runKeyword(WebUIKeywordMain.groovy:20)&#xD;
	... 19 more</system-err>
        </testcase>
        <testcase name="Test Cases/HP/Medicare/Medicare" classname="Test Cases/HP/Medicare/Medicare" status="PASSED">
            <system-out>2020-03-05 11:18:04 - [TEST_CASE][PASSED] - Test Cases/HP/Medicare/Medicare: Test Cases/HP/Medicare/Medicare&#xD;
&#xD;
2020-03-05 11:18:04 - [TEST_STEP][PASSED] - now = new java.util.Date(): null&#xD;
&#xD;
2020-03-05 11:18:04 - [TEST_STEP][PASSED] - mydate = now.format("yyyyMMdd_HHmmss"): null&#xD;
&#xD;
2020-03-05 11:18:04 - [TEST_STEP][PASSED] - callTestCase(findTestCase("AHI/_include/get_screenPath"), ["productLine":"HP", "carrierName":"Medicare"], CONTINUE_ON_FAILURE): Call Test Case 'Test Cases/AHI/_include/get_screenPath' successfully&#xD;
&#xD;
2020-03-05 11:18:04 - [TEST_CASE][PASSED] - Test Cases/AHI/_include/get_screenPath: Test Cases/AHI/_include/get_screenPath&#xD;
&#xD;
2020-03-05 11:18:04 - [TEST_STEP][PASSED] - m = getExecutionProperties(): null&#xD;
&#xD;
2020-03-05 11:18:04 - [TEST_STEP][PASSED] - deviceName = get("mobileEmulation").get("deviceName"): null&#xD;
&#xD;
2020-03-05 11:18:04 - [TEST_STEP][PASSED] - println(deviceName): null&#xD;
&#xD;
2020-03-05 11:18:04 - [TEST_STEP][PASSED] - now = new java.util.Date(): null&#xD;
&#xD;
2020-03-05 11:18:04 - [TEST_STEP][PASSED] - mydate = now.format("yyyyMMdd_HHmmss"): null&#xD;
&#xD;
2020-03-05 11:18:04 - [TEST_STEP][PASSED] - screenPath = "../Screenshots/": null&#xD;
&#xD;
2020-03-05 11:18:04 - [TEST_STEP][PASSED] - screenPath = screenPath + deviceName + "/" + productLine + "/" + carrierName + "/" + mydate + "/": null&#xD;
&#xD;
2020-03-05 11:18:04 - [TEST_STEP][PASSED] - println(screenPath): null&#xD;
&#xD;
2020-03-05 11:18:04 - [MESSAGE][PASSED] - Call Test Case 'Test Cases/AHI/_include/get_screenPath' successfully&#xD;
&#xD;
2020-03-05 11:18:04 - [TEST_STEP][PASSED] - i = 0: null&#xD;
&#xD;
2020-03-05 11:18:04 - [TEST_STEP][PASSED] - callTestCase(findTestCase("AHI/_include/openWebSite"), ["env":ENV], STOP_ON_FAILURE): Call Test Case 'Test Cases/AHI/_include/openWebSite' successfully&#xD;
&#xD;
2020-03-05 11:18:04 - [TEST_CASE][PASSED] - Test Cases/AHI/_include/openWebSite: Test Cases/AHI/_include/openWebSite&#xD;
&#xD;
2020-03-05 11:18:04 - [TEST_STEP][PASSED] - openBrowser(env): Browser is opened with url: 'https://bondsmith.healthpocket.com'&#xD;
&#xD;
2020-03-05 11:18:04 - [MESSAGE][WARNING] - A browser is already opened. Closing browser and opening a new one&#xD;
&#xD;
2020-03-05 11:18:05 - [MESSAGE][INFO] - Starting 'Chrome' driver&#xD;
&#xD;
2020-03-05 11:18:05 - [MESSAGE][INFO] - User set preference: ['mobileEmulation', '{deviceName=iPhone X}']&#xD;
&#xD;
2020-03-05 11:18:05 - [MESSAGE][INFO] - User set preference: ['args', '[--incognito, --aggressive-cache-discard, --no-sandbox, --window-size=375,812]']&#xD;
&#xD;
2020-03-05 11:18:45 - [MESSAGE][PASSED] - Browser is opened with url: 'https://bondsmith.healthpocket.com'&#xD;
&#xD;
2020-03-05 11:18:45 - [TEST_STEP][PASSED] - waitForPageLoad(20): Wait for page load successfully&#xD;
&#xD;
2020-03-05 11:18:45 - [MESSAGE][PASSED] - Wait for page load successfully&#xD;
&#xD;
2020-03-05 11:18:45 - [TEST_STEP][PASSED] - callTestCase(findTestCase("AHI/_include/get_screenshot"), [:], STOP_ON_FAILURE): Call Test Case 'Test Cases/AHI/_include/get_screenshot' successfully&#xD;
&#xD;
2020-03-05 11:18:45 - [TEST_CASE][PASSED] - Test Cases/AHI/_include/get_screenshot: Test Cases/AHI/_include/get_screenshot&#xD;
&#xD;
2020-03-05 11:18:45 - [TEST_STEP][PASSED] - takeScreenshot(screenPath + i + ".png"): Taking screenshot successfully&#xD;
&#xD;
2020-03-05 11:18:46 - [MESSAGE][PASSED] - Taking screenshot successfully&#xD;
[[ATTACHMENT|D:\\Test\\AgileTest\\AgileTest\\Reports\\HP\\HP\\20200305_111443\\../Screenshots/iPhone X/HP/Medicare/20200305_111804/0.png]]&#xD;
&#xD;
2020-03-05 11:18:46 - [TEST_STEP][PASSED] - (internal.GlobalVariable.i++): null&#xD;
&#xD;
2020-03-05 11:18:46 - [MESSAGE][PASSED] - Call Test Case 'Test Cases/AHI/_include/get_screenshot' successfully&#xD;
&#xD;
2020-03-05 11:18:46 - [MESSAGE][PASSED] - Call Test Case 'Test Cases/AHI/_include/openWebSite' successfully&#xD;
&#xD;
2020-03-05 11:18:46 - [TEST_STEP][PASSED] - driver = getWebDriver(): null&#xD;
&#xD;
2020-03-05 11:18:46 - [TEST_STEP][PASSED] - baseUrl = ENV: null&#xD;
&#xD;
2020-03-05 11:18:46 - [TEST_STEP][PASSED] - selenium = new com.thoughtworks.selenium.webdriven.WebDriverBackedSelenium(driver, baseUrl): null&#xD;
&#xD;
2020-03-05 11:18:46 - [TEST_STEP][PASSED] - callTestCase(findTestCase("AHI/_include/get_screenshot"), [:], STOP_ON_FAILURE): Call Test Case 'Test Cases/AHI/_include/get_screenshot' successfully&#xD;
&#xD;
2020-03-05 11:18:46 - [TEST_CASE][PASSED] - Test Cases/AHI/_include/get_screenshot: Test Cases/AHI/_include/get_screenshot&#xD;
&#xD;
2020-03-05 11:18:46 - [TEST_STEP][PASSED] - takeScreenshot(screenPath + i + ".png"): Taking screenshot successfully&#xD;
&#xD;
2020-03-05 11:18:47 - [MESSAGE][PASSED] - Taking screenshot successfully&#xD;
[[ATTACHMENT|D:\\Test\\AgileTest\\AgileTest\\Reports\\HP\\HP\\20200305_111443\\../Screenshots/iPhone X/HP/Medicare/20200305_111804/1.png]]&#xD;
&#xD;
2020-03-05 11:18:47 - [TEST_STEP][PASSED] - (internal.GlobalVariable.i++): null&#xD;
&#xD;
2020-03-05 11:18:47 - [MESSAGE][PASSED] - Call Test Case 'Test Cases/AHI/_include/get_screenshot' successfully&#xD;
&#xD;
2020-03-05 11:18:47 - [TEST_STEP][PASSED] - selenium.click("id=location"): null&#xD;
&#xD;
2020-03-05 11:18:48 - [TEST_STEP][PASSED] - callTestCase(findTestCase("AHI/_include/get_screenshot"), [:], STOP_ON_FAILURE): Call Test Case 'Test Cases/AHI/_include/get_screenshot' successfully&#xD;
&#xD;
2020-03-05 11:18:48 - [TEST_CASE][PASSED] - Test Cases/AHI/_include/get_screenshot: Test Cases/AHI/_include/get_screenshot&#xD;
&#xD;
2020-03-05 11:18:48 - [TEST_STEP][PASSED] - takeScreenshot(screenPath + i + ".png"): Taking screenshot successfully&#xD;
&#xD;
2020-03-05 11:18:49 - [MESSAGE][PASSED] - Taking screenshot successfully&#xD;
[[ATTACHMENT|D:\\Test\\AgileTest\\AgileTest\\Reports\\HP\\HP\\20200305_111443\\../Screenshots/iPhone X/HP/Medicare/20200305_111804/2.png]]&#xD;
&#xD;
2020-03-05 11:18:49 - [TEST_STEP][PASSED] - (internal.GlobalVariable.i++): null&#xD;
&#xD;
2020-03-05 11:18:49 - [MESSAGE][PASSED] - Call Test Case 'Test Cases/AHI/_include/get_screenshot' successfully&#xD;
&#xD;
2020-03-05 11:18:49 - [TEST_STEP][PASSED] - selenium.type("id=location", "32209"): null&#xD;
&#xD;
2020-03-05 11:18:49 - [TEST_STEP][PASSED] - callTestCase(findTestCase("AHI/_include/get_screenshot"), [:], STOP_ON_FAILURE): Call Test Case 'Test Cases/AHI/_include/get_screenshot' successfully&#xD;
&#xD;
2020-03-05 11:18:49 - [TEST_CASE][PASSED] - Test Cases/AHI/_include/get_screenshot: Test Cases/AHI/_include/get_screenshot&#xD;
&#xD;
2020-03-05 11:18:49 - [TEST_STEP][PASSED] - takeScreenshot(screenPath + i + ".png"): Taking screenshot successfully&#xD;
&#xD;
2020-03-05 11:18:50 - [MESSAGE][PASSED] - Taking screenshot successfully&#xD;
[[ATTACHMENT|D:\\Test\\AgileTest\\AgileTest\\Reports\\HP\\HP\\20200305_111443\\../Screenshots/iPhone X/HP/Medicare/20200305_111804/3.png]]&#xD;
&#xD;
2020-03-05 11:18:50 - [TEST_STEP][PASSED] - (internal.GlobalVariable.i++): null&#xD;
&#xD;
2020-03-05 11:18:50 - [MESSAGE][PASSED] - Call Test Case 'Test Cases/AHI/_include/get_screenshot' successfully&#xD;
&#xD;
2020-03-05 11:18:50 - [TEST_STEP][PASSED] - selenium.click("id=findPlans"): null&#xD;
&#xD;
2020-03-05 11:18:50 - [TEST_STEP][PASSED] - for ([second = 0, second &lt; 60, (second++)]): null&#xD;
&#xD;
2020-03-05 11:18:50 - [TEST_STEP][PASSED] - try: null&#xD;
&#xD;
2020-03-05 11:18:50 - [TEST_STEP][PASSED] - if (selenium.isElementPresent("//a[contains(text(),'Select')]")): null&#xD;
&#xD;
2020-03-05 11:18:50 - [TEST_STEP][PASSED] - Thread.sleep(1000): null&#xD;
&#xD;
2020-03-05 11:18:51 - [TEST_STEP][PASSED] - try: null&#xD;
&#xD;
2020-03-05 11:18:51 - [TEST_STEP][PASSED] - if (selenium.isElementPresent("//a[contains(text(),'Select')]")): null&#xD;
&#xD;
2020-03-05 11:18:51 - [TEST_STEP][PASSED] - Thread.sleep(1000): null&#xD;
&#xD;
2020-03-05 11:18:52 - [TEST_STEP][PASSED] - try: null&#xD;
&#xD;
2020-03-05 11:18:52 - [TEST_STEP][PASSED] - if (selenium.isElementPresent("//a[contains(text(),'Select')]")): null&#xD;
&#xD;
2020-03-05 11:18:52 - [TEST_STEP][PASSED] - Thread.sleep(1000): null&#xD;
&#xD;
2020-03-05 11:18:53 - [TEST_STEP][PASSED] - try: null&#xD;
&#xD;
2020-03-05 11:18:53 - [TEST_STEP][PASSED] - if (selenium.isElementPresent("//a[contains(text(),'Select')]")): null&#xD;
&#xD;
2020-03-05 11:18:53 - [TEST_STEP][PASSED] - Thread.sleep(1000): null&#xD;
&#xD;
2020-03-05 11:18:54 - [TEST_STEP][PASSED] - try: null&#xD;
&#xD;
2020-03-05 11:18:54 - [TEST_STEP][PASSED] - if (selenium.isElementPresent("//a[contains(text(),'Select')]")): null&#xD;
&#xD;
2020-03-05 11:18:54 - [TEST_STEP][PASSED] - Thread.sleep(1000): null&#xD;
&#xD;
2020-03-05 11:18:55 - [TEST_STEP][PASSED] - try: null&#xD;
&#xD;
2020-03-05 11:18:55 - [TEST_STEP][PASSED] - if (selenium.isElementPresent("//a[contains(text(),'Select')]")): null&#xD;
&#xD;
2020-03-05 11:18:55 - [TEST_STEP][PASSED] - Thread.sleep(1000): null&#xD;
&#xD;
2020-03-05 11:18:56 - [TEST_STEP][PASSED] - try: null&#xD;
&#xD;
2020-03-05 11:18:56 - [TEST_STEP][PASSED] - if (selenium.isElementPresent("//a[contains(text(),'Select')]")): null&#xD;
&#xD;
2020-03-05 11:18:56 - [TEST_STEP][PASSED] - Thread.sleep(1000): null&#xD;
&#xD;
2020-03-05 11:18:57 - [TEST_STEP][PASSED] - try: null&#xD;
&#xD;
2020-03-05 11:18:57 - [TEST_STEP][PASSED] - if (selenium.isElementPresent("//a[contains(text(),'Select')]")): null&#xD;
&#xD;
2020-03-05 11:18:57 - [TEST_STEP][PASSED] - Thread.sleep(1000): null&#xD;
&#xD;
2020-03-05 11:18:58 - [TEST_STEP][PASSED] - try: null&#xD;
&#xD;
2020-03-05 11:18:58 - [TEST_STEP][PASSED] - if (selenium.isElementPresent("//a[contains(text(),'Select')]")): null&#xD;
&#xD;
2020-03-05 11:18:58 - [TEST_STEP][PASSED] - Thread.sleep(1000): null&#xD;
&#xD;
2020-03-05 11:18:59 - [TEST_STEP][PASSED] - try: null&#xD;
&#xD;
2020-03-05 11:18:59 - [TEST_STEP][PASSED] - if (selenium.isElementPresent("//a[contains(text(),'Select')]")): null&#xD;
&#xD;
2020-03-05 11:18:59 - [TEST_STEP][PASSED] - Thread.sleep(1000): null&#xD;
&#xD;
2020-03-05 11:19:00 - [TEST_STEP][PASSED] - try: null&#xD;
&#xD;
2020-03-05 11:19:00 - [TEST_STEP][PASSED] - if (selenium.isElementPresent("//a[contains(text(),'Select')]")): null&#xD;
&#xD;
2020-03-05 11:19:14 - [TEST_STEP][PASSED] - break: null&#xD;
&#xD;
2020-03-05 11:19:14 - [TEST_STEP][PASSED] - callTestCase(findTestCase("AHI/_include/get_screenshot"), [:], STOP_ON_FAILURE): Call Test Case 'Test Cases/AHI/_include/get_screenshot' successfully&#xD;
&#xD;
2020-03-05 11:19:14 - [TEST_CASE][PASSED] - Test Cases/AHI/_include/get_screenshot: Test Cases/AHI/_include/get_screenshot&#xD;
&#xD;
2020-03-05 11:19:14 - [TEST_STEP][PASSED] - takeScreenshot(screenPath + i + ".png"): Taking screenshot successfully&#xD;
&#xD;
2020-03-05 11:19:15 - [MESSAGE][PASSED] - Taking screenshot successfully&#xD;
[[ATTACHMENT|D:\\Test\\AgileTest\\AgileTest\\Reports\\HP\\HP\\20200305_111443\\../Screenshots/iPhone X/HP/Medicare/20200305_111804/4.png]]&#xD;
&#xD;
2020-03-05 11:19:15 - [TEST_STEP][PASSED] - (internal.GlobalVariable.i++): null&#xD;
&#xD;
2020-03-05 11:19:15 - [MESSAGE][PASSED] - Call Test Case 'Test Cases/AHI/_include/get_screenshot' successfully&#xD;
&#xD;
2020-03-05 11:19:15 - [TEST_STEP][PASSED] - selenium.click("//a[contains(text(),'Select')]"): null&#xD;
&#xD;
2020-03-05 11:19:15 - [TEST_STEP][PASSED] - for ([second = 0, second &lt; 60, (second++)]): null&#xD;
&#xD;
2020-03-05 11:19:15 - [TEST_STEP][PASSED] - try: null&#xD;
&#xD;
2020-03-05 11:19:15 - [TEST_STEP][PASSED] - if (selenium.isElementPresent("//a/h2[contains(text(),'Benefits &amp; Coverage')]")): null&#xD;
&#xD;
2020-03-05 11:19:15 - [TEST_STEP][PASSED] - Thread.sleep(1000): null&#xD;
&#xD;
2020-03-05 11:19:16 - [TEST_STEP][PASSED] - try: null&#xD;
&#xD;
2020-03-05 11:19:16 - [TEST_STEP][PASSED] - if (selenium.isElementPresent("//a/h2[contains(text(),'Benefits &amp; Coverage')]")): null&#xD;
&#xD;
2020-03-05 11:19:16 - [TEST_STEP][PASSED] - Thread.sleep(1000): null&#xD;
&#xD;
2020-03-05 11:19:17 - [TEST_STEP][PASSED] - try: null&#xD;
&#xD;
2020-03-05 11:19:17 - [TEST_STEP][PASSED] - if (selenium.isElementPresent("//a/h2[contains(text(),'Benefits &amp; Coverage')]")): null&#xD;
&#xD;
2020-03-05 11:19:17 - [TEST_STEP][PASSED] - Thread.sleep(1000): null&#xD;
&#xD;
2020-03-05 11:19:18 - [TEST_STEP][PASSED] - try: null&#xD;
&#xD;
2020-03-05 11:19:18 - [TEST_STEP][PASSED] - if (selenium.isElementPresent("//a/h2[contains(text(),'Benefits &amp; Coverage')]")): null&#xD;
&#xD;
2020-03-05 11:19:18 - [TEST_STEP][PASSED] - Thread.sleep(1000): null&#xD;
&#xD;
2020-03-05 11:19:19 - [TEST_STEP][PASSED] - try: null&#xD;
&#xD;
2020-03-05 11:19:19 - [TEST_STEP][PASSED] - if (selenium.isElementPresent("//a/h2[contains(text(),'Benefits &amp; Coverage')]")): null&#xD;
&#xD;
2020-03-05 11:19:19 - [TEST_STEP][PASSED] - Thread.sleep(1000): null&#xD;
&#xD;
2020-03-05 11:19:20 - [TEST_STEP][PASSED] - try: null&#xD;
&#xD;
2020-03-05 11:19:20 - [TEST_STEP][PASSED] - if (selenium.isElementPresent("//a/h2[contains(text(),'Benefits &amp; Coverage')]")): null&#xD;
&#xD;
2020-03-05 11:19:21 - [TEST_STEP][PASSED] - Thread.sleep(1000): null&#xD;
&#xD;
2020-03-05 11:19:22 - [TEST_STEP][PASSED] - try: null&#xD;
&#xD;
2020-03-05 11:19:22 - [TEST_STEP][PASSED] - if (selenium.isElementPresent("//a/h2[contains(text(),'Benefits &amp; Coverage')]")): null&#xD;
&#xD;
2020-03-05 11:19:22 - [TEST_STEP][PASSED] - Thread.sleep(1000): null&#xD;
&#xD;
2020-03-05 11:19:23 - [TEST_STEP][PASSED] - try: null&#xD;
&#xD;
2020-03-05 11:19:23 - [TEST_STEP][PASSED] - if (selenium.isElementPresent("//a/h2[contains(text(),'Benefits &amp; Coverage')]")): null&#xD;
&#xD;
2020-03-05 11:19:23 - [TEST_STEP][PASSED] - Thread.sleep(1000): null&#xD;
&#xD;
2020-03-05 11:19:24 - [TEST_STEP][PASSED] - try: null&#xD;
&#xD;
2020-03-05 11:19:24 - [TEST_STEP][PASSED] - if (selenium.isElementPresent("//a/h2[contains(text(),'Benefits &amp; Coverage')]")): null&#xD;
&#xD;
2020-03-05 11:19:24 - [TEST_STEP][PASSED] - Thread.sleep(1000): null&#xD;
&#xD;
2020-03-05 11:19:25 - [TEST_STEP][PASSED] - try: null&#xD;
&#xD;
2020-03-05 11:19:25 - [TEST_STEP][PASSED] - if (selenium.isElementPresent("//a/h2[contains(text(),'Benefits &amp; Coverage')]")): null&#xD;
&#xD;
2020-03-05 11:19:25 - [TEST_STEP][PASSED] - Thread.sleep(1000): null&#xD;
&#xD;
2020-03-05 11:19:26 - [TEST_STEP][PASSED] - try: null&#xD;
&#xD;
2020-03-05 11:19:26 - [TEST_STEP][PASSED] - if (selenium.isElementPresent("//a/h2[contains(text(),'Benefits &amp; Coverage')]")): null&#xD;
&#xD;
2020-03-05 11:19:26 - [TEST_STEP][PASSED] - Thread.sleep(1000): null&#xD;
&#xD;
2020-03-05 11:19:27 - [TEST_STEP][PASSED] - try: null&#xD;
&#xD;
2020-03-05 11:19:27 - [TEST_STEP][PASSED] - if (selenium.isElementPresent("//a/h2[contains(text(),'Benefits &amp; Coverage')]")): null&#xD;
&#xD;
2020-03-05 11:19:27 - [TEST_STEP][PASSED] - Thread.sleep(1000): null&#xD;
&#xD;
2020-03-05 11:19:28 - [TEST_STEP][PASSED] - try: null&#xD;
&#xD;
2020-03-05 11:19:28 - [TEST_STEP][PASSED] - if (selenium.isElementPresent("//a/h2[contains(text(),'Benefits &amp; Coverage')]")): null&#xD;
&#xD;
2020-03-05 11:19:28 - [TEST_STEP][PASSED] - Thread.sleep(1000): null&#xD;
&#xD;
2020-03-05 11:19:29 - [TEST_STEP][PASSED] - try: null&#xD;
&#xD;
2020-03-05 11:19:29 - [TEST_STEP][PASSED] - if (selenium.isElementPresent("//a/h2[contains(text(),'Benefits &amp; Coverage')]")): null&#xD;
&#xD;
2020-03-05 11:19:29 - [TEST_STEP][PASSED] - Thread.sleep(1000): null&#xD;
&#xD;
2020-03-05 11:19:30 - [TEST_STEP][PASSED] - try: null&#xD;
&#xD;
2020-03-05 11:19:30 - [TEST_STEP][PASSED] - if (selenium.isElementPresent("//a/h2[contains(text(),'Benefits &amp; Coverage')]")): null&#xD;
&#xD;
2020-03-05 11:19:30 - [TEST_STEP][PASSED] - Thread.sleep(1000): null&#xD;
&#xD;
2020-03-05 11:19:31 - [TEST_STEP][PASSED] - try: null&#xD;
&#xD;
2020-03-05 11:19:31 - [TEST_STEP][PASSED] - if (selenium.isElementPresent("//a/h2[contains(text(),'Benefits &amp; Coverage')]")): null&#xD;
&#xD;
2020-03-05 11:19:31 - [TEST_STEP][PASSED] - break: null&#xD;
&#xD;
2020-03-05 11:19:31 - [TEST_STEP][PASSED] - callTestCase(findTestCase("AHI/_include/get_screenshot"), [:], STOP_ON_FAILURE): Call Test Case 'Test Cases/AHI/_include/get_screenshot' successfully&#xD;
&#xD;
2020-03-05 11:19:31 - [TEST_CASE][PASSED] - Test Cases/AHI/_include/get_screenshot: Test Cases/AHI/_include/get_screenshot&#xD;
&#xD;
2020-03-05 11:19:31 - [TEST_STEP][PASSED] - takeScreenshot(screenPath + i + ".png"): Taking screenshot successfully&#xD;
&#xD;
2020-03-05 11:19:32 - [MESSAGE][PASSED] - Taking screenshot successfully&#xD;
[[ATTACHMENT|D:\\Test\\AgileTest\\AgileTest\\Reports\\HP\\HP\\20200305_111443\\../Screenshots/iPhone X/HP/Medicare/20200305_111804/5.png]]&#xD;
&#xD;
2020-03-05 11:19:32 - [TEST_STEP][PASSED] - (internal.GlobalVariable.i++): null&#xD;
&#xD;
2020-03-05 11:19:32 - [MESSAGE][PASSED] - Call Test Case 'Test Cases/AHI/_include/get_screenshot' successfully</system-out>
            <system-err></system-err>
        </testcase>
        <testcase name="Test Cases/HP/Short Term/STM" classname="Test Cases/HP/Short Term/STM" status="PASSED">
            <system-out>2020-03-05 11:19:32 - [TEST_CASE][PASSED] - Test Cases/HP/Short Term/STM: Test Cases/HP/Short Term/STM&#xD;
&#xD;
2020-03-05 11:19:33 - [TEST_STEP][PASSED] - now = new java.util.Date(): null&#xD;
&#xD;
2020-03-05 11:19:33 - [TEST_STEP][PASSED] - mydate = now.format("yyyyMMdd_HHmmss"): null&#xD;
&#xD;
2020-03-05 11:19:33 - [TEST_STEP][PASSED] - callTestCase(findTestCase("AHI/_include/get_screenPath"), ["productLine":"HP", "carrierName":"STM"], CONTINUE_ON_FAILURE): Call Test Case 'Test Cases/AHI/_include/get_screenPath' successfully&#xD;
&#xD;
2020-03-05 11:19:33 - [TEST_CASE][PASSED] - Test Cases/AHI/_include/get_screenPath: Test Cases/AHI/_include/get_screenPath&#xD;
&#xD;
2020-03-05 11:19:33 - [TEST_STEP][PASSED] - m = getExecutionProperties(): null&#xD;
&#xD;
2020-03-05 11:19:33 - [TEST_STEP][PASSED] - deviceName = get("mobileEmulation").get("deviceName"): null&#xD;
&#xD;
2020-03-05 11:19:33 - [TEST_STEP][PASSED] - println(deviceName): null&#xD;
&#xD;
2020-03-05 11:19:33 - [TEST_STEP][PASSED] - now = new java.util.Date(): null&#xD;
&#xD;
2020-03-05 11:19:33 - [TEST_STEP][PASSED] - mydate = now.format("yyyyMMdd_HHmmss"): null&#xD;
&#xD;
2020-03-05 11:19:33 - [TEST_STEP][PASSED] - screenPath = "../Screenshots/": null&#xD;
&#xD;
2020-03-05 11:19:33 - [TEST_STEP][PASSED] - screenPath = screenPath + deviceName + "/" + productLine + "/" + carrierName + "/" + mydate + "/": null&#xD;
&#xD;
2020-03-05 11:19:33 - [TEST_STEP][PASSED] - println(screenPath): null&#xD;
&#xD;
2020-03-05 11:19:33 - [MESSAGE][PASSED] - Call Test Case 'Test Cases/AHI/_include/get_screenPath' successfully&#xD;
&#xD;
2020-03-05 11:19:33 - [TEST_STEP][PASSED] - i = 0: null&#xD;
&#xD;
2020-03-05 11:19:33 - [TEST_STEP][PASSED] - callTestCase(findTestCase("AHI/_include/openWebSite"), ["env":ENV], STOP_ON_FAILURE): Call Test Case 'Test Cases/AHI/_include/openWebSite' successfully&#xD;
&#xD;
2020-03-05 11:19:33 - [TEST_CASE][PASSED] - Test Cases/AHI/_include/openWebSite: Test Cases/AHI/_include/openWebSite&#xD;
&#xD;
2020-03-05 11:19:33 - [TEST_STEP][PASSED] - openBrowser(env): Browser is opened with url: 'https://bondsmith.healthpocket.com'&#xD;
&#xD;
2020-03-05 11:19:33 - [MESSAGE][WARNING] - A browser is already opened. Closing browser and opening a new one&#xD;
&#xD;
2020-03-05 11:19:34 - [MESSAGE][INFO] - Starting 'Chrome' driver&#xD;
&#xD;
2020-03-05 11:19:34 - [MESSAGE][INFO] - User set preference: ['mobileEmulation', '{deviceName=iPhone X}']&#xD;
&#xD;
2020-03-05 11:19:34 - [MESSAGE][INFO] - User set preference: ['args', '[--incognito, --aggressive-cache-discard, --no-sandbox, --window-size=375,812]']&#xD;
&#xD;
2020-03-05 11:19:48 - [MESSAGE][PASSED] - Browser is opened with url: 'https://bondsmith.healthpocket.com'&#xD;
&#xD;
2020-03-05 11:19:48 - [TEST_STEP][PASSED] - waitForPageLoad(20): Wait for page load successfully&#xD;
&#xD;
2020-03-05 11:19:48 - [MESSAGE][PASSED] - Wait for page load successfully&#xD;
&#xD;
2020-03-05 11:19:48 - [TEST_STEP][PASSED] - callTestCase(findTestCase("AHI/_include/get_screenshot"), [:], STOP_ON_FAILURE): Call Test Case 'Test Cases/AHI/_include/get_screenshot' successfully&#xD;
&#xD;
2020-03-05 11:19:48 - [TEST_CASE][PASSED] - Test Cases/AHI/_include/get_screenshot: Test Cases/AHI/_include/get_screenshot&#xD;
&#xD;
2020-03-05 11:19:48 - [TEST_STEP][PASSED] - takeScreenshot(screenPath + i + ".png"): Taking screenshot successfully&#xD;
&#xD;
2020-03-05 11:19:49 - [MESSAGE][PASSED] - Taking screenshot successfully&#xD;
[[ATTACHMENT|D:\\Test\\AgileTest\\AgileTest\\Reports\\HP\\HP\\20200305_111443\\../Screenshots/iPhone X/HP/STM/20200305_111933/0.png]]&#xD;
&#xD;
2020-03-05 11:19:49 - [TEST_STEP][PASSED] - (internal.GlobalVariable.i++): null&#xD;
&#xD;
2020-03-05 11:19:49 - [MESSAGE][PASSED] - Call Test Case 'Test Cases/AHI/_include/get_screenshot' successfully&#xD;
&#xD;
2020-03-05 11:19:49 - [MESSAGE][PASSED] - Call Test Case 'Test Cases/AHI/_include/openWebSite' successfully&#xD;
&#xD;
2020-03-05 11:19:49 - [TEST_STEP][PASSED] - driver = getWebDriver(): null&#xD;
&#xD;
2020-03-05 11:19:49 - [TEST_STEP][PASSED] - baseUrl = ENV: null&#xD;
&#xD;
2020-03-05 11:19:49 - [TEST_STEP][PASSED] - selenium = new com.thoughtworks.selenium.webdriven.WebDriverBackedSelenium(driver, baseUrl): null&#xD;
&#xD;
2020-03-05 11:19:49 - [TEST_STEP][PASSED] - selenium.click("id=location"): null&#xD;
&#xD;
2020-03-05 11:19:49 - [TEST_STEP][PASSED] - callTestCase(findTestCase("AHI/_include/get_screenshot"), [:], STOP_ON_FAILURE): Call Test Case 'Test Cases/AHI/_include/get_screenshot' successfully&#xD;
&#xD;
2020-03-05 11:19:50 - [TEST_CASE][PASSED] - Test Cases/AHI/_include/get_screenshot: Test Cases/AHI/_include/get_screenshot&#xD;
&#xD;
2020-03-05 11:19:50 - [TEST_STEP][PASSED] - takeScreenshot(screenPath + i + ".png"): Taking screenshot successfully&#xD;
&#xD;
2020-03-05 11:19:51 - [MESSAGE][PASSED] - Taking screenshot successfully&#xD;
[[ATTACHMENT|D:\\Test\\AgileTest\\AgileTest\\Reports\\HP\\HP\\20200305_111443\\../Screenshots/iPhone X/HP/STM/20200305_111933/1.png]]&#xD;
&#xD;
2020-03-05 11:19:51 - [TEST_STEP][PASSED] - (internal.GlobalVariable.i++): null&#xD;
&#xD;
2020-03-05 11:19:51 - [MESSAGE][PASSED] - Call Test Case 'Test Cases/AHI/_include/get_screenshot' successfully&#xD;
&#xD;
2020-03-05 11:19:51 - [TEST_STEP][PASSED] - selenium.type("id=location", "32209"): null&#xD;
&#xD;
2020-03-05 11:19:51 - [TEST_STEP][PASSED] - callTestCase(findTestCase("AHI/_include/get_screenshot"), [:], STOP_ON_FAILURE): Call Test Case 'Test Cases/AHI/_include/get_screenshot' successfully&#xD;
&#xD;
2020-03-05 11:19:51 - [TEST_CASE][PASSED] - Test Cases/AHI/_include/get_screenshot: Test Cases/AHI/_include/get_screenshot&#xD;
&#xD;
2020-03-05 11:19:51 - [TEST_STEP][PASSED] - takeScreenshot(screenPath + i + ".png"): Taking screenshot successfully&#xD;
&#xD;
2020-03-05 11:19:52 - [MESSAGE][PASSED] - Taking screenshot successfully&#xD;
[[ATTACHMENT|D:\\Test\\AgileTest\\AgileTest\\Reports\\HP\\HP\\20200305_111443\\../Screenshots/iPhone X/HP/STM/20200305_111933/2.png]]&#xD;
&#xD;
2020-03-05 11:19:52 - [TEST_STEP][PASSED] - (internal.GlobalVariable.i++): null&#xD;
&#xD;
2020-03-05 11:19:52 - [MESSAGE][PASSED] - Call Test Case 'Test Cases/AHI/_include/get_screenshot' successfully&#xD;
&#xD;
2020-03-05 11:19:52 - [TEST_STEP][PASSED] - selenium.click("id=findPlans"): null&#xD;
&#xD;
2020-03-05 11:19:52 - [TEST_STEP][PASSED] - callTestCase(findTestCase("AHI/_include/get_screenshot"), [:], STOP_ON_FAILURE): Call Test Case 'Test Cases/AHI/_include/get_screenshot' successfully&#xD;
&#xD;
2020-03-05 11:19:52 - [TEST_CASE][PASSED] - Test Cases/AHI/_include/get_screenshot: Test Cases/AHI/_include/get_screenshot&#xD;
&#xD;
2020-03-05 11:19:52 - [TEST_STEP][PASSED] - takeScreenshot(screenPath + i + ".png"): Taking screenshot successfully&#xD;
&#xD;
2020-03-05 11:19:53 - [MESSAGE][PASSED] - Taking screenshot successfully&#xD;
[[ATTACHMENT|D:\\Test\\AgileTest\\AgileTest\\Reports\\HP\\HP\\20200305_111443\\../Screenshots/iPhone X/HP/STM/20200305_111933/3.png]]&#xD;
&#xD;
2020-03-05 11:19:53 - [TEST_STEP][PASSED] - (internal.GlobalVariable.i++): null&#xD;
&#xD;
2020-03-05 11:19:53 - [MESSAGE][PASSED] - Call Test Case 'Test Cases/AHI/_include/get_screenshot' successfully&#xD;
&#xD;
2020-03-05 11:19:53 - [TEST_STEP][PASSED] - for ([second = 0, second &lt; 60, (second++)]): null&#xD;
&#xD;
2020-03-05 11:19:53 - [TEST_STEP][PASSED] - try: null&#xD;
&#xD;
2020-03-05 11:19:53 - [TEST_STEP][PASSED] - if (selenium.isElementPresent("//a[contains(text(),'Select')]")): null&#xD;
&#xD;
2020-03-05 11:19:53 - [TEST_STEP][PASSED] - Thread.sleep(1000): null&#xD;
&#xD;
2020-03-05 11:19:54 - [TEST_STEP][PASSED] - try: null&#xD;
&#xD;
2020-03-05 11:19:54 - [TEST_STEP][PASSED] - if (selenium.isElementPresent("//a[contains(text(),'Select')]")): null&#xD;
&#xD;
2020-03-05 11:19:59 - [TEST_STEP][PASSED] - break: null&#xD;
&#xD;
2020-03-05 11:19:59 - [TEST_STEP][PASSED] - callTestCase(findTestCase("AHI/_include/get_screenshot"), [:], STOP_ON_FAILURE): Call Test Case 'Test Cases/AHI/_include/get_screenshot' successfully&#xD;
&#xD;
2020-03-05 11:19:59 - [TEST_CASE][PASSED] - Test Cases/AHI/_include/get_screenshot: Test Cases/AHI/_include/get_screenshot&#xD;
&#xD;
2020-03-05 11:19:59 - [TEST_STEP][PASSED] - takeScreenshot(screenPath + i + ".png"): Taking screenshot successfully&#xD;
&#xD;
2020-03-05 11:20:00 - [MESSAGE][PASSED] - Taking screenshot successfully&#xD;
[[ATTACHMENT|D:\\Test\\AgileTest\\AgileTest\\Reports\\HP\\HP\\20200305_111443\\../Screenshots/iPhone X/HP/STM/20200305_111933/4.png]]&#xD;
&#xD;
2020-03-05 11:20:00 - [TEST_STEP][PASSED] - (internal.GlobalVariable.i++): null&#xD;
&#xD;
2020-03-05 11:20:00 - [MESSAGE][PASSED] - Call Test Case 'Test Cases/AHI/_include/get_screenshot' successfully&#xD;
&#xD;
2020-03-05 11:20:00 - [TEST_STEP][PASSED] - selenium.click("//a[contains(text(),'Select')]"): null&#xD;
&#xD;
2020-03-05 11:20:00 - [TEST_STEP][PASSED] - for ([second = 0, second &lt; 60, (second++)]): null&#xD;
&#xD;
2020-03-05 11:20:00 - [TEST_STEP][PASSED] - try: null&#xD;
&#xD;
2020-03-05 11:20:00 - [TEST_STEP][PASSED] - if (selenium.isElementPresent("xpath=(//a[contains(text(),'Apply Now')])")): null&#xD;
&#xD;
2020-03-05 11:20:00 - [TEST_STEP][PASSED] - Thread.sleep(1000): null&#xD;
&#xD;
2020-03-05 11:20:01 - [TEST_STEP][PASSED] - try: null&#xD;
&#xD;
2020-03-05 11:20:01 - [TEST_STEP][PASSED] - if (selenium.isElementPresent("xpath=(//a[contains(text(),'Apply Now')])")): null&#xD;
&#xD;
2020-03-05 11:20:01 - [TEST_STEP][PASSED] - Thread.sleep(1000): null&#xD;
&#xD;
2020-03-05 11:20:02 - [TEST_STEP][PASSED] - try: null&#xD;
&#xD;
2020-03-05 11:20:02 - [TEST_STEP][PASSED] - if (selenium.isElementPresent("xpath=(//a[contains(text(),'Apply Now')])")): null&#xD;
&#xD;
2020-03-05 11:20:02 - [TEST_STEP][PASSED] - Thread.sleep(1000): null&#xD;
&#xD;
2020-03-05 11:20:03 - [TEST_STEP][PASSED] - try: null&#xD;
&#xD;
2020-03-05 11:20:03 - [TEST_STEP][PASSED] - if (selenium.isElementPresent("xpath=(//a[contains(text(),'Apply Now')])")): null&#xD;
&#xD;
2020-03-05 11:20:03 - [TEST_STEP][PASSED] - Thread.sleep(1000): null&#xD;
&#xD;
2020-03-05 11:20:04 - [TEST_STEP][PASSED] - try: null&#xD;
&#xD;
2020-03-05 11:20:04 - [TEST_STEP][PASSED] - if (selenium.isElementPresent("xpath=(//a[contains(text(),'Apply Now')])")): null&#xD;
&#xD;
2020-03-05 11:20:04 - [TEST_STEP][PASSED] - Thread.sleep(1000): null&#xD;
&#xD;
2020-03-05 11:20:05 - [TEST_STEP][PASSED] - try: null&#xD;
&#xD;
2020-03-05 11:20:05 - [TEST_STEP][PASSED] - if (selenium.isElementPresent("xpath=(//a[contains(text(),'Apply Now')])")): null&#xD;
&#xD;
2020-03-05 11:20:06 - [TEST_STEP][PASSED] - Thread.sleep(1000): null&#xD;
&#xD;
2020-03-05 11:20:07 - [TEST_STEP][PASSED] - try: null&#xD;
&#xD;
2020-03-05 11:20:07 - [TEST_STEP][PASSED] - if (selenium.isElementPresent("xpath=(//a[contains(text(),'Apply Now')])")): null&#xD;
&#xD;
2020-03-05 11:20:07 - [TEST_STEP][PASSED] - Thread.sleep(1000): null&#xD;
&#xD;
2020-03-05 11:20:08 - [TEST_STEP][PASSED] - try: null&#xD;
&#xD;
2020-03-05 11:20:08 - [TEST_STEP][PASSED] - if (selenium.isElementPresent("xpath=(//a[contains(text(),'Apply Now')])")): null&#xD;
&#xD;
2020-03-05 11:20:08 - [TEST_STEP][PASSED] - Thread.sleep(1000): null&#xD;
&#xD;
2020-03-05 11:20:09 - [TEST_STEP][PASSED] - try: null&#xD;
&#xD;
2020-03-05 11:20:09 - [TEST_STEP][PASSED] - if (selenium.isElementPresent("xpath=(//a[contains(text(),'Apply Now')])")): null&#xD;
&#xD;
2020-03-05 11:20:09 - [TEST_STEP][PASSED] - break: null&#xD;
&#xD;
2020-03-05 11:20:09 - [TEST_STEP][PASSED] - callTestCase(findTestCase("AHI/_include/get_screenshot"), [:], STOP_ON_FAILURE): Call Test Case 'Test Cases/AHI/_include/get_screenshot' successfully&#xD;
&#xD;
2020-03-05 11:20:09 - [TEST_CASE][PASSED] - Test Cases/AHI/_include/get_screenshot: Test Cases/AHI/_include/get_screenshot&#xD;
&#xD;
2020-03-05 11:20:09 - [TEST_STEP][PASSED] - takeScreenshot(screenPath + i + ".png"): Taking screenshot successfully&#xD;
&#xD;
2020-03-05 11:20:10 - [MESSAGE][PASSED] - Taking screenshot successfully&#xD;
[[ATTACHMENT|D:\\Test\\AgileTest\\AgileTest\\Reports\\HP\\HP\\20200305_111443\\../Screenshots/iPhone X/HP/STM/20200305_111933/5.png]]&#xD;
&#xD;
2020-03-05 11:20:10 - [TEST_STEP][PASSED] - (internal.GlobalVariable.i++): null&#xD;
&#xD;
2020-03-05 11:20:10 - [MESSAGE][PASSED] - Call Test Case 'Test Cases/AHI/_include/get_screenshot' successfully&#xD;
&#xD;
2020-03-05 11:20:10 - [TEST_STEP][PASSED] - selenium.click("xpath=(//a[contains(text(),'Apply Now')])"): null&#xD;
&#xD;
2020-03-05 11:20:22 - [TEST_STEP][PASSED] - for ([second = 0, second &lt; 60, (second++)]): null&#xD;
&#xD;
2020-03-05 11:20:22 - [TEST_STEP][PASSED] - try: null&#xD;
&#xD;
2020-03-05 11:20:22 - [TEST_STEP][PASSED] - if (selenium.isElementPresent("xpath=(//a[contains(text(),'Short Term Health Insurance')])[3]")): null&#xD;
&#xD;
2020-03-05 11:20:22 - [TEST_STEP][PASSED] - Thread.sleep(1000): null&#xD;
&#xD;
2020-03-05 11:20:23 - [TEST_STEP][PASSED] - try: null&#xD;
&#xD;
2020-03-05 11:20:23 - [TEST_STEP][PASSED] - if (selenium.isElementPresent("xpath=(//a[contains(text(),'Short Term Health Insurance')])[3]")): null&#xD;
&#xD;
2020-03-05 11:20:23 - [TEST_STEP][PASSED] - Thread.sleep(1000): null&#xD;
&#xD;
2020-03-05 11:20:24 - [TEST_STEP][PASSED] - try: null&#xD;
&#xD;
2020-03-05 11:20:24 - [TEST_STEP][PASSED] - if (selenium.isElementPresent("xpath=(//a[contains(text(),'Short Term Health Insurance')])[3]")): null&#xD;
&#xD;
2020-03-05 11:20:24 - [TEST_STEP][PASSED] - Thread.sleep(1000): null&#xD;
&#xD;
2020-03-05 11:20:25 - [TEST_STEP][PASSED] - try: null&#xD;
&#xD;
2020-03-05 11:20:25 - [TEST_STEP][PASSED] - if (selenium.isElementPresent("xpath=(//a[contains(text(),'Short Term Health Insurance')])[3]")): null&#xD;
&#xD;
2020-03-05 11:20:25 - [TEST_STEP][PASSED] - Thread.sleep(1000): null&#xD;
&#xD;
2020-03-05 11:20:26 - [TEST_STEP][PASSED] - try: null&#xD;
&#xD;
2020-03-05 11:20:26 - [TEST_STEP][PASSED] - if (selenium.isElementPresent("xpath=(//a[contains(text(),'Short Term Health Insurance')])[3]")): null&#xD;
&#xD;
2020-03-05 11:20:26 - [TEST_STEP][PASSED] - Thread.sleep(1000): null&#xD;
&#xD;
2020-03-05 11:20:27 - [TEST_STEP][PASSED] - try: null&#xD;
&#xD;
2020-03-05 11:20:27 - [TEST_STEP][PASSED] - if (selenium.isElementPresent("xpath=(//a[contains(text(),'Short Term Health Insurance')])[3]")): null&#xD;
&#xD;
2020-03-05 11:20:27 - [TEST_STEP][PASSED] - Thread.sleep(1000): null&#xD;
&#xD;
2020-03-05 11:20:28 - [TEST_STEP][PASSED] - try: null&#xD;
&#xD;
2020-03-05 11:20:28 - [TEST_STEP][PASSED] - if (selenium.isElementPresent("xpath=(//a[contains(text(),'Short Term Health Insurance')])[3]")): null&#xD;
&#xD;
2020-03-05 11:20:28 - [TEST_STEP][PASSED] - Thread.sleep(1000): null&#xD;
&#xD;
2020-03-05 11:20:29 - [TEST_STEP][PASSED] - try: null&#xD;
&#xD;
2020-03-05 11:20:29 - [TEST_STEP][PASSED] - if (selenium.isElementPresent("xpath=(//a[contains(text(),'Short Term Health Insurance')])[3]")): null&#xD;
&#xD;
2020-03-05 11:20:29 - [TEST_STEP][PASSED] - Thread.sleep(1000): null&#xD;
&#xD;
2020-03-05 11:20:30 - [TEST_STEP][PASSED] - try: null&#xD;
&#xD;
2020-03-05 11:20:30 - [TEST_STEP][PASSED] - if (selenium.isElementPresent("xpath=(//a[contains(text(),'Short Term Health Insurance')])[3]")): null&#xD;
&#xD;
2020-03-05 11:20:30 - [TEST_STEP][PASSED] - Thread.sleep(1000): null&#xD;
&#xD;
2020-03-05 11:20:31 - [TEST_STEP][PASSED] - try: null&#xD;
&#xD;
2020-03-05 11:20:31 - [TEST_STEP][PASSED] - if (selenium.isElementPresent("xpath=(//a[contains(text(),'Short Term Health Insurance')])[3]")): null&#xD;
&#xD;
2020-03-05 11:20:31 - [TEST_STEP][PASSED] - Thread.sleep(1000): null&#xD;
&#xD;
2020-03-05 11:20:32 - [TEST_STEP][PASSED] - try: null&#xD;
&#xD;
2020-03-05 11:20:32 - [TEST_STEP][PASSED] - if (selenium.isElementPresent("xpath=(//a[contains(text(),'Short Term Health Insurance')])[3]")): null&#xD;
&#xD;
2020-03-05 11:20:32 - [TEST_STEP][PASSED] - Thread.sleep(1000): null&#xD;
&#xD;
2020-03-05 11:20:33 - [TEST_STEP][PASSED] - try: null&#xD;
&#xD;
2020-03-05 11:20:33 - [TEST_STEP][PASSED] - if (selenium.isElementPresent("xpath=(//a[contains(text(),'Short Term Health Insurance')])[3]")): null&#xD;
&#xD;
2020-03-05 11:20:33 - [TEST_STEP][PASSED] - Thread.sleep(1000): null&#xD;
&#xD;
2020-03-05 11:20:34 - [TEST_STEP][PASSED] - try: null&#xD;
&#xD;
2020-03-05 11:20:34 - [TEST_STEP][PASSED] - if (selenium.isElementPresent("xpath=(//a[contains(text(),'Short Term Health Insurance')])[3]")): null&#xD;
&#xD;
2020-03-05 11:20:34 - [TEST_STEP][PASSED] - Thread.sleep(1000): null&#xD;
&#xD;
2020-03-05 11:20:35 - [TEST_STEP][PASSED] - try: null&#xD;
&#xD;
2020-03-05 11:20:35 - [TEST_STEP][PASSED] - if (selenium.isElementPresent("xpath=(//a[contains(text(),'Short Term Health Insurance')])[3]")): null&#xD;
&#xD;
2020-03-05 11:20:35 - [TEST_STEP][PASSED] - Thread.sleep(1000): null&#xD;
&#xD;
2020-03-05 11:20:36 - [TEST_STEP][PASSED] - try: null&#xD;
&#xD;
2020-03-05 11:20:36 - [TEST_STEP][PASSED] - if (selenium.isElementPresent("xpath=(//a[contains(text(),'Short Term Health Insurance')])[3]")): null&#xD;
&#xD;
2020-03-05 11:20:36 - [TEST_STEP][PASSED] - Thread.sleep(1000): null&#xD;
&#xD;
2020-03-05 11:20:37 - [TEST_STEP][PASSED] - try: null&#xD;
&#xD;
2020-03-05 11:20:37 - [TEST_STEP][PASSED] - if (selenium.isElementPresent("xpath=(//a[contains(text(),'Short Term Health Insurance')])[3]")): null&#xD;
&#xD;
2020-03-05 11:20:37 - [TEST_STEP][PASSED] - Thread.sleep(1000): null&#xD;
&#xD;
2020-03-05 11:20:38 - [TEST_STEP][PASSED] - try: null&#xD;
&#xD;
2020-03-05 11:20:38 - [TEST_STEP][PASSED] - if (selenium.isElementPresent("xpath=(//a[contains(text(),'Short Term Health Insurance')])[3]")): null&#xD;
&#xD;
2020-03-05 11:20:38 - [TEST_STEP][PASSED] - Thread.sleep(1000): null&#xD;
&#xD;
2020-03-05 11:20:39 - [TEST_STEP][PASSED] - try: null&#xD;
&#xD;
2020-03-05 11:20:39 - [TEST_STEP][PASSED] - if (selenium.isElementPresent("xpath=(//a[contains(text(),'Short Term Health Insurance')])[3]")): null&#xD;
&#xD;
2020-03-05 11:20:39 - [TEST_STEP][PASSED] - Thread.sleep(1000): null&#xD;
&#xD;
2020-03-05 11:20:40 - [TEST_STEP][PASSED] - try: null&#xD;
&#xD;
2020-03-05 11:20:40 - [TEST_STEP][PASSED] - if (selenium.isElementPresent("xpath=(//a[contains(text(),'Short Term Health Insurance')])[3]")): null&#xD;
&#xD;
2020-03-05 11:20:40 - [TEST_STEP][PASSED] - Thread.sleep(1000): null&#xD;
&#xD;
2020-03-05 11:20:41 - [TEST_STEP][PASSED] - try: null&#xD;
&#xD;
2020-03-05 11:20:41 - [TEST_STEP][PASSED] - if (selenium.isElementPresent("xpath=(//a[contains(text(),'Short Term Health Insurance')])[3]")): null&#xD;
&#xD;
2020-03-05 11:20:41 - [TEST_STEP][PASSED] - Thread.sleep(1000): null&#xD;
&#xD;
2020-03-05 11:20:42 - [TEST_STEP][PASSED] - try: null&#xD;
&#xD;
2020-03-05 11:20:42 - [TEST_STEP][PASSED] - if (selenium.isElementPresent("xpath=(//a[contains(text(),'Short Term Health Insurance')])[3]")): null&#xD;
&#xD;
2020-03-05 11:20:42 - [TEST_STEP][PASSED] - Thread.sleep(1000): null&#xD;
&#xD;
2020-03-05 11:20:43 - [TEST_STEP][PASSED] - try: null&#xD;
&#xD;
2020-03-05 11:20:43 - [TEST_STEP][PASSED] - if (selenium.isElementPresent("xpath=(//a[contains(text(),'Short Term Health Insurance')])[3]")): null&#xD;
&#xD;
2020-03-05 11:20:43 - [TEST_STEP][PASSED] - Thread.sleep(1000): null&#xD;
&#xD;
2020-03-05 11:20:44 - [TEST_STEP][PASSED] - try: null&#xD;
&#xD;
2020-03-05 11:20:44 - [TEST_STEP][PASSED] - if (selenium.isElementPresent("xpath=(//a[contains(text(),'Short Term Health Insurance')])[3]")): null&#xD;
&#xD;
2020-03-05 11:20:44 - [TEST_STEP][PASSED] - Thread.sleep(1000): null&#xD;
&#xD;
2020-03-05 11:20:45 - [TEST_STEP][PASSED] - try: null&#xD;
&#xD;
2020-03-05 11:20:45 - [TEST_STEP][PASSED] - if (selenium.isElementPresent("xpath=(//a[contains(text(),'Short Term Health Insurance')])[3]")): null&#xD;
&#xD;
2020-03-05 11:20:45 - [TEST_STEP][PASSED] - Thread.sleep(1000): null&#xD;
&#xD;
2020-03-05 11:20:46 - [TEST_STEP][PASSED] - try: null&#xD;
&#xD;
2020-03-05 11:20:46 - [TEST_STEP][PASSED] - if (selenium.isElementPresent("xpath=(//a[contains(text(),'Short Term Health Insurance')])[3]")): null&#xD;
&#xD;
2020-03-05 11:20:46 - [TEST_STEP][PASSED] - Thread.sleep(1000): null&#xD;
&#xD;
2020-03-05 11:20:47 - [TEST_STEP][PASSED] - try: null&#xD;
&#xD;
2020-03-05 11:20:47 - [TEST_STEP][PASSED] - if (selenium.isElementPresent("xpath=(//a[contains(text(),'Short Term Health Insurance')])[3]")): null&#xD;
&#xD;
2020-03-05 11:20:47 - [TEST_STEP][PASSED] - Thread.sleep(1000): null&#xD;
&#xD;
2020-03-05 11:20:48 - [TEST_STEP][PASSED] - try: null&#xD;
&#xD;
2020-03-05 11:20:48 - [TEST_STEP][PASSED] - if (selenium.isElementPresent("xpath=(//a[contains(text(),'Short Term Health Insurance')])[3]")): null&#xD;
&#xD;
2020-03-05 11:20:48 - [TEST_STEP][PASSED] - Thread.sleep(1000): null&#xD;
&#xD;
2020-03-05 11:20:49 - [TEST_STEP][PASSED] - try: null&#xD;
&#xD;
2020-03-05 11:20:49 - [TEST_STEP][PASSED] - if (selenium.isElementPresent("xpath=(//a[contains(text(),'Short Term Health Insurance')])[3]")): null&#xD;
&#xD;
2020-03-05 11:20:49 - [TEST_STEP][PASSED] - Thread.sleep(1000): null&#xD;
&#xD;
2020-03-05 11:20:50 - [TEST_STEP][PASSED] - try: null&#xD;
&#xD;
2020-03-05 11:20:50 - [TEST_STEP][PASSED] - if (selenium.isElementPresent("xpath=(//a[contains(text(),'Short Term Health Insurance')])[3]")): null&#xD;
&#xD;
2020-03-05 11:20:50 - [TEST_STEP][PASSED] - Thread.sleep(1000): null&#xD;
&#xD;
2020-03-05 11:20:51 - [TEST_STEP][PASSED] - try: null&#xD;
&#xD;
2020-03-05 11:20:51 - [TEST_STEP][PASSED] - if (selenium.isElementPresent("xpath=(//a[contains(text(),'Short Term Health Insurance')])[3]")): null&#xD;
&#xD;
2020-03-05 11:20:51 - [TEST_STEP][PASSED] - Thread.sleep(1000): null&#xD;
&#xD;
2020-03-05 11:20:52 - [TEST_STEP][PASSED] - try: null&#xD;
&#xD;
2020-03-05 11:20:52 - [TEST_STEP][PASSED] - if (selenium.isElementPresent("xpath=(//a[contains(text(),'Short Term Health Insurance')])[3]")): null&#xD;
&#xD;
2020-03-05 11:20:53 - [TEST_STEP][PASSED] - Thread.sleep(1000): null&#xD;
&#xD;
2020-03-05 11:20:54 - [TEST_STEP][PASSED] - try: null&#xD;
&#xD;
2020-03-05 11:20:54 - [TEST_STEP][PASSED] - if (selenium.isElementPresent("xpath=(//a[contains(text(),'Short Term Health Insurance')])[3]")): null&#xD;
&#xD;
2020-03-05 11:20:54 - [TEST_STEP][PASSED] - Thread.sleep(1000): null&#xD;
&#xD;
2020-03-05 11:20:55 - [TEST_STEP][PASSED] - try: null&#xD;
&#xD;
2020-03-05 11:20:55 - [TEST_STEP][PASSED] - if (selenium.isElementPresent("xpath=(//a[contains(text(),'Short Term Health Insurance')])[3]")): null&#xD;
&#xD;
2020-03-05 11:20:55 - [TEST_STEP][PASSED] - Thread.sleep(1000): null&#xD;
&#xD;
2020-03-05 11:20:56 - [TEST_STEP][PASSED] - try: null&#xD;
&#xD;
2020-03-05 11:20:56 - [TEST_STEP][PASSED] - if (selenium.isElementPresent("xpath=(//a[contains(text(),'Short Term Health Insurance')])[3]")): null&#xD;
&#xD;
2020-03-05 11:20:56 - [TEST_STEP][PASSED] - Thread.sleep(1000): null&#xD;
&#xD;
2020-03-05 11:20:57 - [TEST_STEP][PASSED] - try: null&#xD;
&#xD;
2020-03-05 11:20:57 - [TEST_STEP][PASSED] - if (selenium.isElementPresent("xpath=(//a[contains(text(),'Short Term Health Insurance')])[3]")): null&#xD;
&#xD;
2020-03-05 11:20:57 - [TEST_STEP][PASSED] - Thread.sleep(1000): null&#xD;
&#xD;
2020-03-05 11:20:58 - [TEST_STEP][PASSED] - try: null&#xD;
&#xD;
2020-03-05 11:20:58 - [TEST_STEP][PASSED] - if (selenium.isElementPresent("xpath=(//a[contains(text(),'Short Term Health Insurance')])[3]")): null&#xD;
&#xD;
2020-03-05 11:20:58 - [TEST_STEP][PASSED] - Thread.sleep(1000): null&#xD;
&#xD;
2020-03-05 11:20:59 - [TEST_STEP][PASSED] - try: null&#xD;
&#xD;
2020-03-05 11:20:59 - [TEST_STEP][PASSED] - if (selenium.isElementPresent("xpath=(//a[contains(text(),'Short Term Health Insurance')])[3]")): null&#xD;
&#xD;
2020-03-05 11:20:59 - [TEST_STEP][PASSED] - Thread.sleep(1000): null&#xD;
&#xD;
2020-03-05 11:21:00 - [TEST_STEP][PASSED] - try: null&#xD;
&#xD;
2020-03-05 11:21:00 - [TEST_STEP][PASSED] - if (selenium.isElementPresent("xpath=(//a[contains(text(),'Short Term Health Insurance')])[3]")): null&#xD;
&#xD;
2020-03-05 11:21:00 - [TEST_STEP][PASSED] - Thread.sleep(1000): null&#xD;
&#xD;
2020-03-05 11:21:01 - [TEST_STEP][PASSED] - try: null&#xD;
&#xD;
2020-03-05 11:21:01 - [TEST_STEP][PASSED] - if (selenium.isElementPresent("xpath=(//a[contains(text(),'Short Term Health Insurance')])[3]")): null&#xD;
&#xD;
2020-03-05 11:21:01 - [TEST_STEP][PASSED] - Thread.sleep(1000): null&#xD;
&#xD;
2020-03-05 11:21:02 - [TEST_STEP][PASSED] - try: null&#xD;
&#xD;
2020-03-05 11:21:02 - [TEST_STEP][PASSED] - if (selenium.isElementPresent("xpath=(//a[contains(text(),'Short Term Health Insurance')])[3]")): null&#xD;
&#xD;
2020-03-05 11:21:02 - [TEST_STEP][PASSED] - Thread.sleep(1000): null&#xD;
&#xD;
2020-03-05 11:21:03 - [TEST_STEP][PASSED] - try: null&#xD;
&#xD;
2020-03-05 11:21:03 - [TEST_STEP][PASSED] - if (selenium.isElementPresent("xpath=(//a[contains(text(),'Short Term Health Insurance')])[3]")): null&#xD;
&#xD;
2020-03-05 11:21:03 - [TEST_STEP][PASSED] - Thread.sleep(1000): null&#xD;
&#xD;
2020-03-05 11:21:04 - [TEST_STEP][PASSED] - try: null&#xD;
&#xD;
2020-03-05 11:21:04 - [TEST_STEP][PASSED] - if (selenium.isElementPresent("xpath=(//a[contains(text(),'Short Term Health Insurance')])[3]")): null&#xD;
&#xD;
2020-03-05 11:21:04 - [TEST_STEP][PASSED] - Thread.sleep(1000): null&#xD;
&#xD;
2020-03-05 11:21:05 - [TEST_STEP][PASSED] - try: null&#xD;
&#xD;
2020-03-05 11:21:05 - [TEST_STEP][PASSED] - if (selenium.isElementPresent("xpath=(//a[contains(text(),'Short Term Health Insurance')])[3]")): null&#xD;
&#xD;
2020-03-05 11:21:05 - [TEST_STEP][PASSED] - Thread.sleep(1000): null&#xD;
&#xD;
2020-03-05 11:21:06 - [TEST_STEP][PASSED] - try: null&#xD;
&#xD;
2020-03-05 11:21:06 - [TEST_STEP][PASSED] - if (selenium.isElementPresent("xpath=(//a[contains(text(),'Short Term Health Insurance')])[3]")): null&#xD;
&#xD;
2020-03-05 11:21:06 - [TEST_STEP][PASSED] - Thread.sleep(1000): null&#xD;
&#xD;
2020-03-05 11:21:07 - [TEST_STEP][PASSED] - try: null&#xD;
&#xD;
2020-03-05 11:21:07 - [TEST_STEP][PASSED] - if (selenium.isElementPresent("xpath=(//a[contains(text(),'Short Term Health Insurance')])[3]")): null&#xD;
&#xD;
2020-03-05 11:21:07 - [TEST_STEP][PASSED] - Thread.sleep(1000): null&#xD;
&#xD;
2020-03-05 11:21:08 - [TEST_STEP][PASSED] - try: null&#xD;
&#xD;
2020-03-05 11:21:08 - [TEST_STEP][PASSED] - if (selenium.isElementPresent("xpath=(//a[contains(text(),'Short Term Health Insurance')])[3]")): null&#xD;
&#xD;
2020-03-05 11:21:08 - [TEST_STEP][PASSED] - Thread.sleep(1000): null&#xD;
&#xD;
2020-03-05 11:21:09 - [TEST_STEP][PASSED] - try: null&#xD;
&#xD;
2020-03-05 11:21:09 - [TEST_STEP][PASSED] - if (selenium.isElementPresent("xpath=(//a[contains(text(),'Short Term Health Insurance')])[3]")): null&#xD;
&#xD;
2020-03-05 11:21:09 - [TEST_STEP][PASSED] - Thread.sleep(1000): null&#xD;
&#xD;
2020-03-05 11:21:10 - [TEST_STEP][PASSED] - try: null&#xD;
&#xD;
2020-03-05 11:21:10 - [TEST_STEP][PASSED] - if (selenium.isElementPresent("xpath=(//a[contains(text(),'Short Term Health Insurance')])[3]")): null&#xD;
&#xD;
2020-03-05 11:21:10 - [TEST_STEP][PASSED] - Thread.sleep(1000): null&#xD;
&#xD;
2020-03-05 11:21:11 - [TEST_STEP][PASSED] - try: null&#xD;
&#xD;
2020-03-05 11:21:11 - [TEST_STEP][PASSED] - if (selenium.isElementPresent("xpath=(//a[contains(text(),'Short Term Health Insurance')])[3]")): null&#xD;
&#xD;
2020-03-05 11:21:11 - [TEST_STEP][PASSED] - Thread.sleep(1000): null&#xD;
&#xD;
2020-03-05 11:21:12 - [TEST_STEP][PASSED] - try: null&#xD;
&#xD;
2020-03-05 11:21:12 - [TEST_STEP][PASSED] - if (selenium.isElementPresent("xpath=(//a[contains(text(),'Short Term Health Insurance')])[3]")): null&#xD;
&#xD;
2020-03-05 11:21:12 - [TEST_STEP][PASSED] - Thread.sleep(1000): null&#xD;
&#xD;
2020-03-05 11:21:13 - [TEST_STEP][PASSED] - try: null&#xD;
&#xD;
2020-03-05 11:21:13 - [TEST_STEP][PASSED] - if (selenium.isElementPresent("xpath=(//a[contains(text(),'Short Term Health Insurance')])[3]")): null&#xD;
&#xD;
2020-03-05 11:21:13 - [TEST_STEP][PASSED] - Thread.sleep(1000): null&#xD;
&#xD;
2020-03-05 11:21:14 - [TEST_STEP][PASSED] - try: null&#xD;
&#xD;
2020-03-05 11:21:14 - [TEST_STEP][PASSED] - if (selenium.isElementPresent("xpath=(//a[contains(text(),'Short Term Health Insurance')])[3]")): null&#xD;
&#xD;
2020-03-05 11:21:14 - [TEST_STEP][PASSED] - Thread.sleep(1000): null&#xD;
&#xD;
2020-03-05 11:21:15 - [TEST_STEP][PASSED] - try: null&#xD;
&#xD;
2020-03-05 11:21:15 - [TEST_STEP][PASSED] - if (selenium.isElementPresent("xpath=(//a[contains(text(),'Short Term Health Insurance')])[3]")): null&#xD;
&#xD;
2020-03-05 11:21:15 - [TEST_STEP][PASSED] - Thread.sleep(1000): null&#xD;
&#xD;
2020-03-05 11:21:16 - [TEST_STEP][PASSED] - try: null&#xD;
&#xD;
2020-03-05 11:21:16 - [TEST_STEP][PASSED] - if (selenium.isElementPresent("xpath=(//a[contains(text(),'Short Term Health Insurance')])[3]")): null&#xD;
&#xD;
2020-03-05 11:21:16 - [TEST_STEP][PASSED] - Thread.sleep(1000): null&#xD;
&#xD;
2020-03-05 11:21:17 - [TEST_STEP][PASSED] - try: null&#xD;
&#xD;
2020-03-05 11:21:17 - [TEST_STEP][PASSED] - if (selenium.isElementPresent("xpath=(//a[contains(text(),'Short Term Health Insurance')])[3]")): null&#xD;
&#xD;
2020-03-05 11:21:17 - [TEST_STEP][PASSED] - Thread.sleep(1000): null&#xD;
&#xD;
2020-03-05 11:21:18 - [TEST_STEP][PASSED] - try: null&#xD;
&#xD;
2020-03-05 11:21:18 - [TEST_STEP][PASSED] - if (selenium.isElementPresent("xpath=(//a[contains(text(),'Short Term Health Insurance')])[3]")): null&#xD;
&#xD;
2020-03-05 11:21:18 - [TEST_STEP][PASSED] - Thread.sleep(1000): null&#xD;
&#xD;
2020-03-05 11:21:19 - [TEST_STEP][PASSED] - try: null&#xD;
&#xD;
2020-03-05 11:21:19 - [TEST_STEP][PASSED] - if (selenium.isElementPresent("xpath=(//a[contains(text(),'Short Term Health Insurance')])[3]")): null&#xD;
&#xD;
2020-03-05 11:21:19 - [TEST_STEP][PASSED] - Thread.sleep(1000): null&#xD;
&#xD;
2020-03-05 11:21:20 - [TEST_STEP][PASSED] - try: null&#xD;
&#xD;
2020-03-05 11:21:20 - [TEST_STEP][PASSED] - if (selenium.isElementPresent("xpath=(//a[contains(text(),'Short Term Health Insurance')])[3]")): null&#xD;
&#xD;
2020-03-05 11:21:20 - [TEST_STEP][PASSED] - Thread.sleep(1000): null&#xD;
&#xD;
2020-03-05 11:21:21 - [TEST_STEP][PASSED] - try: null&#xD;
&#xD;
2020-03-05 11:21:21 - [TEST_STEP][PASSED] - if (selenium.isElementPresent("xpath=(//a[contains(text(),'Short Term Health Insurance')])[3]")): null&#xD;
&#xD;
2020-03-05 11:21:21 - [TEST_STEP][PASSED] - Thread.sleep(1000): null&#xD;
&#xD;
2020-03-05 11:21:22 - [TEST_STEP][PASSED] - try: null&#xD;
&#xD;
2020-03-05 11:21:22 - [TEST_STEP][PASSED] - if (selenium.isElementPresent("xpath=(//a[contains(text(),'Short Term Health Insurance')])[3]")): null&#xD;
&#xD;
2020-03-05 11:21:22 - [TEST_STEP][PASSED] - Thread.sleep(1000): null&#xD;
&#xD;
2020-03-05 11:21:23 - [TEST_STEP][PASSED] - callTestCase(findTestCase("AHI/_include/get_screenshot"), [:], STOP_ON_FAILURE): Call Test Case 'Test Cases/AHI/_include/get_screenshot' successfully&#xD;
&#xD;
2020-03-05 11:21:23 - [TEST_CASE][PASSED] - Test Cases/AHI/_include/get_screenshot: Test Cases/AHI/_include/get_screenshot&#xD;
&#xD;
2020-03-05 11:21:23 - [TEST_STEP][PASSED] - takeScreenshot(screenPath + i + ".png"): Taking screenshot successfully&#xD;
&#xD;
2020-03-05 11:21:24 - [MESSAGE][PASSED] - Taking screenshot successfully&#xD;
[[ATTACHMENT|D:\\Test\\AgileTest\\AgileTest\\Reports\\HP\\HP\\20200305_111443\\../Screenshots/iPhone X/HP/STM/20200305_111933/6.png]]&#xD;
&#xD;
2020-03-05 11:21:24 - [TEST_STEP][PASSED] - (internal.GlobalVariable.i++): null&#xD;
&#xD;
2020-03-05 11:21:24 - [MESSAGE][PASSED] - Call Test Case 'Test Cases/AHI/_include/get_screenshot' successfully</system-out>
            <system-err></system-err>
        </testcase>
        <system-out>2020-03-05 11:14:53 - [TEST_SUITE][INCOMPLETE] - HP: null</system-out>
        <system-err>2020-03-05 11:14:53 - [TEST_SUITE][INCOMPLETE] - HP: null</system-err>
    </testsuite>
</testsuites>
