<?xml version="1.0" encoding="UTF-8"?>
<testsuites name="Spark" time="570" tests="4" failures="0" errors="0">
   <testsuite name="Spark" tests="4" failures="0" errors="0" time="570" timestamp="2020-05-12 08:09:13" hostname="Administrator - 172.30.0.53" id="Test Suites/PrivateLabel/Spark">
      <properties>
         <property name="deviceName" value=""/>
         <property name="devicePlatform" value=""/>
         <property name="logFolder" value="D:\\Test\\AgileTest\\Reports\\PrivateLabel\\Spark\\20200512_080044"/>
         <property name="logFiles" value="D:\\Test\\AgileTest\\Reports\\PrivateLabel\\Spark\\20200512_080044\\execution0.log"/>
         <property name="attachments" value="D:\\Test\\AgileTest\\Reports\\PrivateLabel\\Spark\\20200512_080044\\../Screenshots/iPhone 6/Spark/Health Choice/20200512_080916/0.png, D:\\Test\\AgileTest\\Reports\\PrivateLabel\\Spark\\20200512_080044\\../Screenshots/iPhone 6/Spark/Health Choice/20200512_080916/1.png, D:\\Test\\AgileTest\\Reports\\PrivateLabel\\Spark\\20200512_080044\\../Screenshots/iPhone 6/Spark/Health Choice/20200512_080916/2.png, D:\\Test\\AgileTest\\Reports\\PrivateLabel\\Spark\\20200512_080044\\../Screenshots/iPhone 6/Spark/Health Choice/20200512_080916/3.png, D:\\Test\\AgileTest\\Reports\\PrivateLabel\\Spark\\20200512_080044\\../Screenshots/iPhone 6/Spark/Health Choice/20200512_080916/4.png, D:\\Test\\AgileTest\\Reports\\PrivateLabel\\Spark\\20200512_080044\\../Screenshots/iPhone 6/Spark/Health Choice/20200512_080916/5.png, D:\\Test\\AgileTest\\Reports\\PrivateLabel\\Spark\\20200512_080044\\../Screenshots/iPhone 6/Spark/Health Choice/20200512_080916/6.png, D:\\Test\\AgileTest\\Reports\\PrivateLabel\\Spark\\20200512_080044\\../Screenshots/iPhone 6/Spark/Health Choice/20200512_080916/7.png, D:\\Test\\AgileTest\\Reports\\PrivateLabel\\Spark\\20200512_080044\\../Screenshots/iPhone 6/Spark/Health Choice/20200512_080916/8.png, D:\\Test\\AgileTest\\Reports\\PrivateLabel\\Spark\\20200512_080044\\../Screenshots/iPhone 6/Spark/Health Choice/20200512_080916/9.png, D:\\Test\\AgileTest\\Reports\\PrivateLabel\\Spark\\20200512_080044\\../Screenshots/iPhone 6/Spark/Vitala Care/20200512_081117/0.png, D:\\Test\\AgileTest\\Reports\\PrivateLabel\\Spark\\20200512_080044\\../Screenshots/iPhone 6/Spark/Vitala Care/20200512_081117/1.png, D:\\Test\\AgileTest\\Reports\\PrivateLabel\\Spark\\20200512_080044\\../Screenshots/iPhone 6/Spark/Vitala Care/20200512_081117/2.png, D:\\Test\\AgileTest\\Reports\\PrivateLabel\\Spark\\20200512_080044\\../Screenshots/iPhone 6/Spark/Vitala Care/20200512_081117/3.png, D:\\Test\\AgileTest\\Reports\\PrivateLabel\\Spark\\20200512_080044\\../Screenshots/iPhone 6/Spark/Vitala Care/20200512_081117/4.png, D:\\Test\\AgileTest\\Reports\\PrivateLabel\\Spark\\20200512_080044\\../Screenshots/iPhone 6/Spark/Vitala Care/20200512_081117/5.png, D:\\Test\\AgileTest\\Reports\\PrivateLabel\\Spark\\20200512_080044\\../Screenshots/iPhone 6/Spark/Vitala Care/20200512_081117/6.png, D:\\Test\\AgileTest\\Reports\\PrivateLabel\\Spark\\20200512_080044\\../Screenshots/iPhone 6/Spark/Vitala Care/20200512_081117/7.png, D:\\Test\\AgileTest\\Reports\\PrivateLabel\\Spark\\20200512_080044\\../Screenshots/iPhone 6/Spark/Vitala Care/20200512_081117/8.png, D:\\Test\\AgileTest\\Reports\\PrivateLabel\\Spark\\20200512_080044\\../Screenshots/iPhone 6/Spark/Vitala Care/20200512_081117/9.png, D:\\Test\\AgileTest\\Reports\\PrivateLabel\\Spark\\20200512_080044\\../Screenshots/iPhone 6/Spark/Vitala Care/20200512_081117/10.png, D:\\Test\\AgileTest\\Reports\\PrivateLabel\\Spark\\20200512_080044\\../Screenshots/iPhone 6/Spark/AdvantHealth/20200512_081315/0.png, D:\\Test\\AgileTest\\Reports\\PrivateLabel\\Spark\\20200512_080044\\../Screenshots/iPhone 6/Spark/AdvantHealth/20200512_081315/1.png, D:\\Test\\AgileTest\\Reports\\PrivateLabel\\Spark\\20200512_080044\\../Screenshots/iPhone 6/Spark/AdvantHealth/20200512_081315/2.png, D:\\Test\\AgileTest\\Reports\\PrivateLabel\\Spark\\20200512_080044\\../Screenshots/iPhone 6/Spark/AdvantHealth/20200512_081315/3.png, D:\\Test\\AgileTest\\Reports\\PrivateLabel\\Spark\\20200512_080044\\../Screenshots/iPhone 6/Spark/AdvantHealth/20200512_081315/4.png, D:\\Test\\AgileTest\\Reports\\PrivateLabel\\Spark\\20200512_080044\\../Screenshots/iPhone 6/Spark/AdvantHealth/20200512_081315/5.png, D:\\Test\\AgileTest\\Reports\\PrivateLabel\\Spark\\20200512_080044\\../Screenshots/iPhone 6/Spark/AdvantHealth/20200512_081315/6.png, D:\\Test\\AgileTest\\Reports\\PrivateLabel\\Spark\\20200512_080044\\../Screenshots/iPhone 6/Spark/AdvantHealth/20200512_081315/7.png, D:\\Test\\AgileTest\\Reports\\PrivateLabel\\Spark\\20200512_080044\\../Screenshots/iPhone 6/Spark/AdvantHealth/20200512_081315/8.png, D:\\Test\\AgileTest\\Reports\\PrivateLabel\\Spark\\20200512_080044\\../Screenshots/iPhone 6/Spark/AdvantHealth/20200512_081315/9.png, D:\\Test\\AgileTest\\Reports\\PrivateLabel\\Spark\\20200512_080044\\../Screenshots/iPhone 6/Spark/AdvantHealth/20200512_081315/10.png, D:\\Test\\AgileTest\\Reports\\PrivateLabel\\Spark\\20200512_080044\\../Screenshots/iPhone 6/Spark/AdvantHealth/20200512_081315/11.png, D:\\Test\\AgileTest\\Reports\\PrivateLabel\\Spark\\20200512_080044\\../Screenshots/iPhone 6/Spark/Everest Prime/20200512_081555/0.png, D:\\Test\\AgileTest\\Reports\\PrivateLabel\\Spark\\20200512_080044\\../Screenshots/iPhone 6/Spark/Everest Prime/20200512_081555/1.png, D:\\Test\\AgileTest\\Reports\\PrivateLabel\\Spark\\20200512_080044\\../Screenshots/iPhone 6/Spark/Everest Prime/20200512_081555/2.png, D:\\Test\\AgileTest\\Reports\\PrivateLabel\\Spark\\20200512_080044\\../Screenshots/iPhone 6/Spark/Everest Prime/20200512_081555/3.png, D:\\Test\\AgileTest\\Reports\\PrivateLabel\\Spark\\20200512_080044\\../Screenshots/iPhone 6/Spark/Everest Prime/20200512_081555/4.png, D:\\Test\\AgileTest\\Reports\\PrivateLabel\\Spark\\20200512_080044\\../Screenshots/iPhone 6/Spark/Everest Prime/20200512_081555/5.png, D:\\Test\\AgileTest\\Reports\\PrivateLabel\\Spark\\20200512_080044\\../Screenshots/iPhone 6/Spark/Everest Prime/20200512_081555/6.png, D:\\Test\\AgileTest\\Reports\\PrivateLabel\\Spark\\20200512_080044\\1589285834488.png, D:\\Test\\AgileTest\\Reports\\PrivateLabel\\Spark\\20200512_080044\\../Screenshots/iPhone 6/Spark/Everest Prime/20200512_081555/7.png, D:\\Test\\AgileTest\\Reports\\PrivateLabel\\Spark\\20200512_080044\\../Screenshots/iPhone 6/Spark/Everest Prime/20200512_081555/8.png, D:\\Test\\AgileTest\\Reports\\PrivateLabel\\Spark\\20200512_080044\\../Screenshots/iPhone 6/Spark/Everest Prime/20200512_081555/9.png, D:\\Test\\AgileTest\\Reports\\PrivateLabel\\Spark\\20200512_080044\\../Screenshots/iPhone 6/Spark/Everest Prime/20200512_081555/10.png"/>
         <property name="hostName" value="Administrator - 172.30.0.53"/>
         <property name="os" value="Windows Server 2012 R2 64bit"/>
         <property name="katalonVersion" value="5.10.1.1"/>
         <property name="browser" value="Safari 11"/>
         <property name="hostAddress" value="172.30.0.53"/>
         <property name="sessionId" value="0896d5f1060a689993f76a9e977850c6"/>
         <property name="seleniumVersion" value="3.7.1"/>
         <property name="proxyInformation" value="ProxyInformation{proxyOption=NO_PROXY, proxyServerType=HTTP, password=, proxyServerAddress=, proxyServerPort=0}"/>
         <property name="platform" value="Windows Server 2012 R2"/>
      </properties>
      <testcase name="Test Cases/PL Site/Spark/hbi/Health Choice" classname="Test Cases/PL Site/Spark/hbi/Health Choice" status="PASSED">
         <system-out><![CDATA[2020-05-12 08:09:14 - [TEST_CASE][PASSED] - Test Cases/PL Site/Spark/hbi/Health Choice: Test Cases/PL Site/Spark/hbi/Health Choice

2020-05-12 08:09:14 - [TEST_STEP][PASSED] - callTestCase(findTestCase("AHI/_include/get_screenPath"), ["productLine":"Spark", "carrierName":"Health Choice"], CONTINUE_ON_FAILURE): Call Test Case 'Test Cases/AHI/_include/get_screenPath' successfully

2020-05-12 08:09:15 - [TEST_CASE][PASSED] - Test Cases/AHI/_include/get_screenPath: Test Cases/AHI/_include/get_screenPath

2020-05-12 08:09:16 - [TEST_STEP][PASSED] - m = getExecutionProperties(): null

2020-05-12 08:09:16 - [TEST_STEP][PASSED] - deviceName = get("mobileEmulation").get("deviceName"): null

2020-05-12 08:09:16 - [TEST_STEP][PASSED] - println(deviceName): null

2020-05-12 08:09:16 - [TEST_STEP][PASSED] - now = new java.util.Date(): null

2020-05-12 08:09:16 - [TEST_STEP][PASSED] - mydate = now.format("yyyyMMdd_HHmmss"): null

2020-05-12 08:09:16 - [TEST_STEP][PASSED] - screenPath = "../Screenshots/": null

2020-05-12 08:09:16 - [TEST_STEP][PASSED] - screenPath = screenPath + deviceName + "/" + productLine + "/" + carrierName + "/" + mydate + "/": null

2020-05-12 08:09:16 - [TEST_STEP][PASSED] - println(screenPath): null

2020-05-12 08:09:16 - [MESSAGE][PASSED] - Call Test Case 'Test Cases/AHI/_include/get_screenPath' successfully

2020-05-12 08:09:16 - [TEST_STEP][PASSED] - i = 0: null

2020-05-12 08:09:16 - [TEST_STEP][PASSED] - callTestCase(findTestCase("AHI/_include/openWebSite"), ["env":"https://spark--qa.storefront.mybenefitskeeper.com"], STOP_ON_FAILURE): Call Test Case 'Test Cases/AHI/_include/openWebSite' successfully

2020-05-12 08:09:16 - [TEST_CASE][PASSED] - Test Cases/AHI/_include/openWebSite: Test Cases/AHI/_include/openWebSite

2020-05-12 08:09:16 - [TEST_STEP][PASSED] - openBrowser(env): Browser is opened with url: 'https://spark--qa.storefront.mybenefitskeeper.com'

2020-05-12 08:09:17 - [MESSAGE][INFO] - Starting 'Chrome' driver

2020-05-12 08:09:17 - [MESSAGE][INFO] - User set preference: ['mobileEmulation', '{deviceName=iPhone 6}']

2020-05-12 08:09:17 - [MESSAGE][INFO] - User set preference: ['args', '[--incognito, --aggressive-cache-discard, --window-size=375,677, --no-sandbox, --ignore-certificate-errors]']

2020-05-12 08:09:17 - [MESSAGE][INFO] - Action delay is set to 0 seconds

2020-05-12 08:09:35 - [MESSAGE][PASSED] - Browser is opened with url: 'https://spark--qa.storefront.mybenefitskeeper.com'

2020-05-12 08:09:35 - [TEST_STEP][PASSED] - waitForPageLoad(20): Wait for page load successfully

2020-05-12 08:09:36 - [MESSAGE][PASSED] - Wait for page load successfully

2020-05-12 08:09:36 - [TEST_STEP][PASSED] - callTestCase(findTestCase("AHI/_include/get_screenshot"), [:], STOP_ON_FAILURE): Call Test Case 'Test Cases/AHI/_include/get_screenshot' successfully

2020-05-12 08:09:36 - [TEST_CASE][PASSED] - Test Cases/AHI/_include/get_screenshot: Test Cases/AHI/_include/get_screenshot

2020-05-12 08:09:36 - [TEST_STEP][PASSED] - Thread.sleep(1000): null

2020-05-12 08:09:37 - [TEST_STEP][PASSED] - takeScreenshot(screenPath + i + ".png"): Taking screenshot successfully

2020-05-12 08:09:38 - [MESSAGE][PASSED] - Taking screenshot successfully
[[ATTACHMENT|D:\\Test\\AgileTest\\Reports\\PrivateLabel\\Spark\\20200512_080044\\../Screenshots/iPhone 6/Spark/Health Choice/20200512_080916/0.png]]

2020-05-12 08:09:38 - [TEST_STEP][PASSED] - (internal.GlobalVariable.i++): null

2020-05-12 08:09:38 - [MESSAGE][PASSED] - Call Test Case 'Test Cases/AHI/_include/get_screenshot' successfully

2020-05-12 08:09:38 - [MESSAGE][PASSED] - Call Test Case 'Test Cases/AHI/_include/openWebSite' successfully

2020-05-12 08:09:38 - [TEST_STEP][PASSED] - callTestCase(findTestCase("PL Site/_include/census_hbi"), ["zipcode":"35215"], CONTINUE_ON_FAILURE): Call Test Case 'Test Cases/PL Site/_include/census_hbi' successfully

2020-05-12 08:09:38 - [TEST_CASE][PASSED] - Test Cases/PL Site/_include/census_hbi: Test Cases/PL Site/_include/census_hbi

2020-05-12 08:09:38 - [TEST_STEP][PASSED] - click(findTestObject("mobileSanity/Common/side_nav/menu")): Object: 'Object Repository/mobileSanity/Common/side_nav/menu' is clicked on

2020-05-12 08:09:39 - [MESSAGE][PASSED] - Object: 'Object Repository/mobileSanity/Common/side_nav/menu' is clicked on

2020-05-12 08:09:39 - [TEST_STEP][PASSED] - Thread.sleep(3000): null

2020-05-12 08:09:42 - [TEST_STEP][PASSED] - callTestCase(findTestCase("AHI/_include/get_screenshot"), [:], STOP_ON_FAILURE): Call Test Case 'Test Cases/AHI/_include/get_screenshot' successfully

2020-05-12 08:09:42 - [TEST_CASE][PASSED] - Test Cases/AHI/_include/get_screenshot: Test Cases/AHI/_include/get_screenshot

2020-05-12 08:09:42 - [TEST_STEP][PASSED] - Thread.sleep(1000): null

2020-05-12 08:09:43 - [TEST_STEP][PASSED] - takeScreenshot(screenPath + i + ".png"): Taking screenshot successfully

2020-05-12 08:09:44 - [MESSAGE][PASSED] - Taking screenshot successfully
[[ATTACHMENT|D:\\Test\\AgileTest\\Reports\\PrivateLabel\\Spark\\20200512_080044\\../Screenshots/iPhone 6/Spark/Health Choice/20200512_080916/1.png]]

2020-05-12 08:09:44 - [TEST_STEP][PASSED] - (internal.GlobalVariable.i++): null

2020-05-12 08:09:44 - [MESSAGE][PASSED] - Call Test Case 'Test Cases/AHI/_include/get_screenshot' successfully

2020-05-12 08:09:44 - [TEST_STEP][PASSED] - click(findTestObject("PLSite/pl_nav_hbi")): Object: 'Object Repository/PLSite/pl_nav_hbi' is clicked on

2020-05-12 08:09:45 - [MESSAGE][PASSED] - Object: 'Object Repository/PLSite/pl_nav_hbi' is clicked on

2020-05-12 08:09:45 - [TEST_STEP][PASSED] - waitForPageLoad(10): Wait for page load successfully

2020-05-12 08:09:45 - [MESSAGE][PASSED] - Wait for page load successfully

2020-05-12 08:09:45 - [TEST_STEP][PASSED] - Thread.sleep(3000): null

2020-05-12 08:09:49 - [TEST_STEP][PASSED] - callTestCase(findTestCase("AHI/_include/get_screenshot"), [:], STOP_ON_FAILURE): Call Test Case 'Test Cases/AHI/_include/get_screenshot' successfully

2020-05-12 08:09:49 - [TEST_CASE][PASSED] - Test Cases/AHI/_include/get_screenshot: Test Cases/AHI/_include/get_screenshot

2020-05-12 08:09:49 - [TEST_STEP][PASSED] - Thread.sleep(1000): null

2020-05-12 08:09:50 - [TEST_STEP][PASSED] - takeScreenshot(screenPath + i + ".png"): Taking screenshot successfully

2020-05-12 08:09:50 - [MESSAGE][PASSED] - Taking screenshot successfully
[[ATTACHMENT|D:\\Test\\AgileTest\\Reports\\PrivateLabel\\Spark\\20200512_080044\\../Screenshots/iPhone 6/Spark/Health Choice/20200512_080916/2.png]]

2020-05-12 08:09:50 - [TEST_STEP][PASSED] - (internal.GlobalVariable.i++): null

2020-05-12 08:09:50 - [MESSAGE][PASSED] - Call Test Case 'Test Cases/AHI/_include/get_screenshot' successfully

2020-05-12 08:09:50 - [TEST_STEP][PASSED] - setText(findTestObject("mobileSanity/HBI/census/input_Location_zip-input"), zipcode): Text '35215' is set on object 'Object Repository/mobileSanity/HBI/census/input_Location_zip-input'

2020-05-12 08:09:51 - [MESSAGE][PASSED] - Text '35215' is set on object 'Object Repository/mobileSanity/HBI/census/input_Location_zip-input'

2020-05-12 08:09:51 - [TEST_STEP][PASSED] - Thread.sleep(500): null

2020-05-12 08:09:51 - [TEST_STEP][PASSED] - setText(findTestObject("mobileSanity/HBI/census/input_Date of Birth_dob-0"), "12121980"): Text '12121980' is set on object 'Object Repository/mobileSanity/HBI/census/input_Date of Birth_dob-0'

2020-05-12 08:09:52 - [MESSAGE][PASSED] - Text '12121980' is set on object 'Object Repository/mobileSanity/HBI/census/input_Date of Birth_dob-0'

2020-05-12 08:09:52 - [TEST_STEP][PASSED] - click(findTestObject("mobileSanity/HBI/census/label_Male")): Object: 'Object Repository/mobileSanity/HBI/census/label_Male' is clicked on

2020-05-12 08:09:52 - [MESSAGE][PASSED] - Object: 'Object Repository/mobileSanity/HBI/census/label_Male' is clicked on

2020-05-12 08:09:52 - [TEST_STEP][PASSED] - click(findTestObject("mobileSanity/HBI/census/label_Get a Quote")): Object: 'Object Repository/mobileSanity/HBI/census/label_Get a Quote' is clicked on

2020-05-12 08:09:53 - [MESSAGE][PASSED] - Object: 'Object Repository/mobileSanity/HBI/census/label_Get a Quote' is clicked on

2020-05-12 08:09:53 - [TEST_STEP][PASSED] - waitForPageLoad(20): Wait for page load successfully

2020-05-12 08:09:53 - [MESSAGE][PASSED] - Wait for page load successfully

2020-05-12 08:09:53 - [TEST_STEP][PASSED] - Thread.sleep(3000): null

2020-05-12 08:09:56 - [TEST_STEP][PASSED] - callTestCase(findTestCase("AHI/_include/check_quoteleadform"), [:], STOP_ON_FAILURE): Call Test Case 'Test Cases/AHI/_include/check_quoteleadform' successfully

2020-05-12 08:09:56 - [TEST_CASE][PASSED] - Test Cases/AHI/_include/check_quoteleadform: Test Cases/AHI/_include/check_quoteleadform

2020-05-12 08:09:57 - [TEST_STEP][PASSED] - callTestCase(findTestCase("AHI/_include/name"), [:], CONTINUE_ON_FAILURE): Call Test Case 'Test Cases/AHI/_include/name' successfully

2020-05-12 08:09:57 - [TEST_CASE][PASSED] - Test Cases/AHI/_include/name: Test Cases/AHI/_include/name

2020-05-12 08:09:58 - [TEST_STEP][PASSED] - driver = getWebDriver(): null

2020-05-12 08:09:58 - [TEST_STEP][PASSED] - selenium = new com.thoughtworks.selenium.webdriven.WebDriverBackedSelenium(driver, internal.GlobalVariable.ENV): null

2020-05-12 08:09:58 - [TEST_STEP][PASSED] - FirstName = "Test-123": null

2020-05-12 08:09:58 - [TEST_STEP][PASSED] - LastName = selenium.getEval("{var x="ABCDEFGHIJKLMNOPQRSTUVWXYZabcdefghijklmnopqrstuvwxyz"; var tmp="ZZ11-"; for (i=0;i<8;i++) tmp+=x.charAt(Math.ceil(51*Math.random()));tmp;}"): null

2020-05-12 08:09:58 - [TEST_STEP][PASSED] - Address = selenium.getEval("{var x="ABCDEFGHIJKLMNOPQRSTUVWXYZabcdefghijklmnopqrstuvwxyz"; var tmp=""; for (i=0;i<8;i++) tmp+=x.charAt(Math.ceil(51*Math.random()));tmp;}"): null

2020-05-12 08:09:58 - [TEST_STEP][PASSED] - City = selenium.getEval("{var x="ABCDEFGHIJKLMNOPQRSTUVWXYZabcdefghijklmnopqrstuvwxyz"; var tmp=""; for (i=0;i<8;i++) tmp+=x.charAt(Math.ceil(51*Math.random()));tmp;}"): null

2020-05-12 08:09:58 - [TEST_STEP][PASSED] - tel1 = selenium.getEval("{var x="123456789"; var tmp=""; for (i=0;i<3;i++) tmp+=x.charAt(Math.ceil(8*Math.random()));tmp;}"): null

2020-05-12 08:09:58 - [TEST_STEP][PASSED] - tel2 = selenium.getEval("{var x="123456789"; var tmp=""; for (i=0;i<3;i++) tmp+=x.charAt(Math.ceil(8*Math.random()));tmp;}"): null

2020-05-12 08:09:58 - [TEST_STEP][PASSED] - tel3 = selenium.getEval("{var x="123456789"; var tmp=""; for (i=0;i<4;i++) tmp+=x.charAt(Math.ceil(8*Math.random()));tmp;}"): null

2020-05-12 08:09:58 - [TEST_STEP][PASSED] - Tel = selenium.getExpression(tel1 + "-" + tel2 + "-" + tel3): null

2020-05-12 08:09:58 - [TEST_STEP][PASSED] - AutoEmail = selenium.getEval("{var x="ABCDEFGHIJKLMNOPQRSTUVWXYZabcdefghijklmnopqrstuvwxyz"; var tmp="test."; for (i=0;i<8;i++) tmp+=x.charAt(Math.ceil(51*Math.random()));tmp+="@suryani.cn";}"): null

2020-05-12 08:09:58 - [TEST_STEP][PASSED] - FirstName = FirstName: null

2020-05-12 08:09:58 - [TEST_STEP][PASSED] - LastName = LastName: null

2020-05-12 08:09:58 - [TEST_STEP][PASSED] - Address = Address: null

2020-05-12 08:09:58 - [TEST_STEP][PASSED] - City = City: null

2020-05-12 08:09:58 - [TEST_STEP][PASSED] - Tel = Tel: null

2020-05-12 08:09:58 - [TEST_STEP][PASSED] - AutoEmail = AutoEmail: null

2020-05-12 08:09:58 - [TEST_STEP][PASSED] - println(FirstName): null

2020-05-12 08:09:58 - [TEST_STEP][PASSED] - println(LastName): null

2020-05-12 08:09:58 - [TEST_STEP][PASSED] - println(Address): null

2020-05-12 08:09:58 - [TEST_STEP][PASSED] - println(City): null

2020-05-12 08:09:58 - [TEST_STEP][PASSED] - println(Tel): null

2020-05-12 08:09:58 - [TEST_STEP][PASSED] - println(AutoEmail): null

2020-05-12 08:09:58 - [MESSAGE][PASSED] - Call Test Case 'Test Cases/AHI/_include/name' successfully

2020-05-12 08:09:58 - [TEST_STEP][PASSED] - leadform_exist = test.MobileKeywords.isElementPresent_Web(findTestObject("mobileSanity/quote lead form/lead_form"), 20): test.MobileKeywords.isElementPresent_Web is PASSED

2020-05-12 08:10:22 - [MESSAGE][INFO] - Unable to find the element located by 'By.xpath: //*[@id = 'lightboxLeadForm']'. Please recheck the objects properties to make sure the desired element is located. 

2020-05-12 08:10:22 - [MESSAGE][PASSED] - test.MobileKeywords.isElementPresent_Web is PASSED

2020-05-12 08:10:22 - [TEST_STEP][PASSED] - if (leadform_exist): null

2020-05-12 08:10:22 - [MESSAGE][PASSED] - Call Test Case 'Test Cases/AHI/_include/check_quoteleadform' successfully

2020-05-12 08:10:22 - [TEST_STEP][PASSED] - callTestCase(findTestCase("AHI/_include/get_screenshot"), [:], STOP_ON_FAILURE): Call Test Case 'Test Cases/AHI/_include/get_screenshot' successfully

2020-05-12 08:10:22 - [TEST_CASE][PASSED] - Test Cases/AHI/_include/get_screenshot: Test Cases/AHI/_include/get_screenshot

2020-05-12 08:10:22 - [TEST_STEP][PASSED] - Thread.sleep(1000): null

2020-05-12 08:10:23 - [TEST_STEP][PASSED] - takeScreenshot(screenPath + i + ".png"): Taking screenshot successfully

2020-05-12 08:10:23 - [MESSAGE][PASSED] - Taking screenshot successfully
[[ATTACHMENT|D:\\Test\\AgileTest\\Reports\\PrivateLabel\\Spark\\20200512_080044\\../Screenshots/iPhone 6/Spark/Health Choice/20200512_080916/3.png]]

2020-05-12 08:10:23 - [TEST_STEP][PASSED] - (internal.GlobalVariable.i++): null

2020-05-12 08:10:23 - [MESSAGE][PASSED] - Call Test Case 'Test Cases/AHI/_include/get_screenshot' successfully

2020-05-12 08:10:23 - [MESSAGE][PASSED] - Call Test Case 'Test Cases/PL Site/_include/census_hbi' successfully

2020-05-12 08:10:23 - [TEST_STEP][PASSED] - Thread.sleep(5000): null

2020-05-12 08:10:28 - [TEST_STEP][PASSED] - scrollToPosition(200, 2300): Browser is scrolled to position x = 200, y = 2300

2020-05-12 08:10:28 - [MESSAGE][PASSED] - Browser is scrolled to position x = 200, y = 2300

2020-05-12 08:10:28 - [TEST_STEP][PASSED] - click(findTestObject("mobileSanity/HBI/quote/a_Health Choice")): Object: 'Object Repository/mobileSanity/HBI/quote/a_Health Choice' is clicked on

2020-05-12 08:10:29 - [MESSAGE][PASSED] - Object: 'Object Repository/mobileSanity/HBI/quote/a_Health Choice' is clicked on

2020-05-12 08:10:29 - [TEST_STEP][PASSED] - waitForPageLoad(10): Wait for page load successfully

2020-05-12 08:10:29 - [MESSAGE][PASSED] - Wait for page load successfully

2020-05-12 08:10:29 - [TEST_STEP][PASSED] - callTestCase(findTestCase("AHI/_include/get_screenshot"), [:], STOP_ON_FAILURE): Call Test Case 'Test Cases/AHI/_include/get_screenshot' successfully

2020-05-12 08:10:29 - [TEST_CASE][PASSED] - Test Cases/AHI/_include/get_screenshot: Test Cases/AHI/_include/get_screenshot

2020-05-12 08:10:29 - [TEST_STEP][PASSED] - Thread.sleep(1000): null

2020-05-12 08:10:30 - [TEST_STEP][PASSED] - takeScreenshot(screenPath + i + ".png"): Taking screenshot successfully

2020-05-12 08:10:31 - [MESSAGE][PASSED] - Taking screenshot successfully
[[ATTACHMENT|D:\\Test\\AgileTest\\Reports\\PrivateLabel\\Spark\\20200512_080044\\../Screenshots/iPhone 6/Spark/Health Choice/20200512_080916/4.png]]

2020-05-12 08:10:31 - [TEST_STEP][PASSED] - (internal.GlobalVariable.i++): null

2020-05-12 08:10:31 - [MESSAGE][PASSED] - Call Test Case 'Test Cases/AHI/_include/get_screenshot' successfully

2020-05-12 08:10:31 - [TEST_STEP][PASSED] - click(findTestObject("mobileSanity/HBI/detail/a_Apply for This Plan")): Object: 'Object Repository/mobileSanity/HBI/detail/a_Apply for This Plan' is clicked on

2020-05-12 08:10:31 - [MESSAGE][PASSED] - Object: 'Object Repository/mobileSanity/HBI/detail/a_Apply for This Plan' is clicked on

2020-05-12 08:10:31 - [TEST_STEP][PASSED] - waitForPageLoad(10): Wait for page load successfully

2020-05-12 08:10:31 - [MESSAGE][PASSED] - Wait for page load successfully

2020-05-12 08:10:31 - [TEST_STEP][PASSED] - callTestCase(findTestCase("AHI/_include/get_screenshot"), [:], STOP_ON_FAILURE): Call Test Case 'Test Cases/AHI/_include/get_screenshot' successfully

2020-05-12 08:10:31 - [TEST_CASE][PASSED] - Test Cases/AHI/_include/get_screenshot: Test Cases/AHI/_include/get_screenshot

2020-05-12 08:10:31 - [TEST_STEP][PASSED] - Thread.sleep(1000): null

2020-05-12 08:10:32 - [TEST_STEP][PASSED] - takeScreenshot(screenPath + i + ".png"): Taking screenshot successfully

2020-05-12 08:10:33 - [MESSAGE][PASSED] - Taking screenshot successfully
[[ATTACHMENT|D:\\Test\\AgileTest\\Reports\\PrivateLabel\\Spark\\20200512_080044\\../Screenshots/iPhone 6/Spark/Health Choice/20200512_080916/5.png]]

2020-05-12 08:10:33 - [TEST_STEP][PASSED] - (internal.GlobalVariable.i++): null

2020-05-12 08:10:33 - [MESSAGE][PASSED] - Call Test Case 'Test Cases/AHI/_include/get_screenshot' successfully

2020-05-12 08:10:33 - [TEST_STEP][PASSED] - click(findTestObject("mobileSanity/HBI/Page_Apply/span_Start Secure Application")): Object: 'Object Repository/mobileSanity/HBI/Page_Apply/span_Start Secure Application' is clicked on

2020-05-12 08:10:33 - [MESSAGE][PASSED] - Object: 'Object Repository/mobileSanity/HBI/Page_Apply/span_Start Secure Application' is clicked on

2020-05-12 08:10:33 - [TEST_STEP][PASSED] - waitForPageLoad(10): Wait for page load successfully

2020-05-12 08:10:33 - [MESSAGE][PASSED] - Wait for page load successfully

2020-05-12 08:10:33 - [TEST_STEP][PASSED] - callTestCase(findTestCase("AHI/_include/get_screenshot"), [:], STOP_ON_FAILURE): Call Test Case 'Test Cases/AHI/_include/get_screenshot' successfully

2020-05-12 08:10:33 - [TEST_CASE][PASSED] - Test Cases/AHI/_include/get_screenshot: Test Cases/AHI/_include/get_screenshot

2020-05-12 08:10:33 - [TEST_STEP][PASSED] - Thread.sleep(1000): null

2020-05-12 08:10:34 - [TEST_STEP][PASSED] - takeScreenshot(screenPath + i + ".png"): Taking screenshot successfully

2020-05-12 08:10:35 - [MESSAGE][PASSED] - Taking screenshot successfully
[[ATTACHMENT|D:\\Test\\AgileTest\\Reports\\PrivateLabel\\Spark\\20200512_080044\\../Screenshots/iPhone 6/Spark/Health Choice/20200512_080916/6.png]]

2020-05-12 08:10:35 - [TEST_STEP][PASSED] - (internal.GlobalVariable.i++): null

2020-05-12 08:10:35 - [MESSAGE][PASSED] - Call Test Case 'Test Cases/AHI/_include/get_screenshot' successfully

2020-05-12 08:10:35 - [TEST_STEP][PASSED] - callTestCase(findTestCase("AHI/_include/goToEnd_hbi"), ["carrier":"healthchoiceplus"], CONTINUE_ON_FAILURE): Call Test Case 'Test Cases/AHI/_include/goToEnd_hbi' successfully

2020-05-12 08:10:35 - [TEST_CASE][PASSED] - Test Cases/AHI/_include/goToEnd_hbi: Test Cases/AHI/_include/goToEnd_hbi

2020-05-12 08:10:35 - [TEST_STEP][PASSED] - if (state == "ca"): null

2020-05-12 08:10:35 - [TEST_STEP][PASSED] - callTestCase(findTestCase("AHI/_include/name"), [:], CONTINUE_ON_FAILURE): Call Test Case 'Test Cases/AHI/_include/name' successfully

2020-05-12 08:10:36 - [TEST_CASE][PASSED] - Test Cases/AHI/_include/name: Test Cases/AHI/_include/name

2020-05-12 08:10:36 - [TEST_STEP][PASSED] - driver = getWebDriver(): null

2020-05-12 08:10:36 - [TEST_STEP][PASSED] - selenium = new com.thoughtworks.selenium.webdriven.WebDriverBackedSelenium(driver, internal.GlobalVariable.ENV): null

2020-05-12 08:10:36 - [TEST_STEP][PASSED] - FirstName = "Test-123": null

2020-05-12 08:10:36 - [TEST_STEP][PASSED] - LastName = selenium.getEval("{var x="ABCDEFGHIJKLMNOPQRSTUVWXYZabcdefghijklmnopqrstuvwxyz"; var tmp="ZZ11-"; for (i=0;i<8;i++) tmp+=x.charAt(Math.ceil(51*Math.random()));tmp;}"): null

2020-05-12 08:10:36 - [TEST_STEP][PASSED] - Address = selenium.getEval("{var x="ABCDEFGHIJKLMNOPQRSTUVWXYZabcdefghijklmnopqrstuvwxyz"; var tmp=""; for (i=0;i<8;i++) tmp+=x.charAt(Math.ceil(51*Math.random()));tmp;}"): null

2020-05-12 08:10:36 - [TEST_STEP][PASSED] - City = selenium.getEval("{var x="ABCDEFGHIJKLMNOPQRSTUVWXYZabcdefghijklmnopqrstuvwxyz"; var tmp=""; for (i=0;i<8;i++) tmp+=x.charAt(Math.ceil(51*Math.random()));tmp;}"): null

2020-05-12 08:10:36 - [TEST_STEP][PASSED] - tel1 = selenium.getEval("{var x="123456789"; var tmp=""; for (i=0;i<3;i++) tmp+=x.charAt(Math.ceil(8*Math.random()));tmp;}"): null

2020-05-12 08:10:36 - [TEST_STEP][PASSED] - tel2 = selenium.getEval("{var x="123456789"; var tmp=""; for (i=0;i<3;i++) tmp+=x.charAt(Math.ceil(8*Math.random()));tmp;}"): null

2020-05-12 08:10:36 - [TEST_STEP][PASSED] - tel3 = selenium.getEval("{var x="123456789"; var tmp=""; for (i=0;i<4;i++) tmp+=x.charAt(Math.ceil(8*Math.random()));tmp;}"): null

2020-05-12 08:10:36 - [TEST_STEP][PASSED] - Tel = selenium.getExpression(tel1 + "-" + tel2 + "-" + tel3): null

2020-05-12 08:10:36 - [TEST_STEP][PASSED] - AutoEmail = selenium.getEval("{var x="ABCDEFGHIJKLMNOPQRSTUVWXYZabcdefghijklmnopqrstuvwxyz"; var tmp="test."; for (i=0;i<8;i++) tmp+=x.charAt(Math.ceil(51*Math.random()));tmp+="@suryani.cn";}"): null

2020-05-12 08:10:36 - [TEST_STEP][PASSED] - FirstName = FirstName: null

2020-05-12 08:10:36 - [TEST_STEP][PASSED] - LastName = LastName: null

2020-05-12 08:10:36 - [TEST_STEP][PASSED] - Address = Address: null

2020-05-12 08:10:36 - [TEST_STEP][PASSED] - City = City: null

2020-05-12 08:10:36 - [TEST_STEP][PASSED] - Tel = Tel: null

2020-05-12 08:10:36 - [TEST_STEP][PASSED] - AutoEmail = AutoEmail: null

2020-05-12 08:10:36 - [TEST_STEP][PASSED] - println(FirstName): null

2020-05-12 08:10:36 - [TEST_STEP][PASSED] - println(LastName): null

2020-05-12 08:10:36 - [TEST_STEP][PASSED] - println(Address): null

2020-05-12 08:10:36 - [TEST_STEP][PASSED] - println(City): null

2020-05-12 08:10:36 - [TEST_STEP][PASSED] - println(Tel): null

2020-05-12 08:10:36 - [TEST_STEP][PASSED] - println(AutoEmail): null

2020-05-12 08:10:36 - [MESSAGE][PASSED] - Call Test Case 'Test Cases/AHI/_include/name' successfully

2020-05-12 08:10:36 - [TEST_STEP][PASSED] - setText(findTestObject("mobileSanity/HBI/Page_App Page 1/input__member-P-1-firstName"), FirstName): Text 'Test-123' is set on object 'Object Repository/mobileSanity/HBI/Page_App Page 1/input__member-P-1-firstName'

2020-05-12 08:10:36 - [MESSAGE][PASSED] - Text 'Test-123' is set on object 'Object Repository/mobileSanity/HBI/Page_App Page 1/input__member-P-1-firstName'

2020-05-12 08:10:36 - [TEST_STEP][PASSED] - setText(findTestObject("mobileSanity/HBI/Page_App Page 1/input__member-P-1-lastName"), LastName): Text 'ZZ11-wDRHfEwF' is set on object 'Object Repository/mobileSanity/HBI/Page_App Page 1/input__member-P-1-lastName'

2020-05-12 08:10:37 - [MESSAGE][PASSED] - Text 'ZZ11-wDRHfEwF' is set on object 'Object Repository/mobileSanity/HBI/Page_App Page 1/input__member-P-1-lastName'

2020-05-12 08:10:37 - [TEST_STEP][PASSED] - if (carrier == "agileone" || carrier == "agilesecure"): null

2020-05-12 08:10:37 - [TEST_STEP][PASSED] - setText(findTestObject("mobileSanity/HBI/Page_App Page 1/input__address"), Address): Text 'gkLPvrdd' is set on object 'Object Repository/mobileSanity/HBI/Page_App Page 1/input__address'

2020-05-12 08:10:37 - [MESSAGE][PASSED] - Text 'gkLPvrdd' is set on object 'Object Repository/mobileSanity/HBI/Page_App Page 1/input__address'

2020-05-12 08:10:37 - [TEST_STEP][PASSED] - setText(findTestObject("mobileSanity/HBI/Page_App Page 1/input__city"), City): Text 'OWjoDTpl' is set on object 'Object Repository/mobileSanity/HBI/Page_App Page 1/input__city'

2020-05-12 08:10:39 - [MESSAGE][PASSED] - Text 'OWjoDTpl' is set on object 'Object Repository/mobileSanity/HBI/Page_App Page 1/input__city'

2020-05-12 08:10:39 - [TEST_STEP][PASSED] - setText(findTestObject("mobileSanity/HBI/Page_App Page 1/input__email"), AutoEmail): Text 'test.rRWMsUWS@suryani.cn' is set on object 'Object Repository/mobileSanity/HBI/Page_App Page 1/input__email'

2020-05-12 08:10:40 - [MESSAGE][PASSED] - Text 'test.rRWMsUWS@suryani.cn' is set on object 'Object Repository/mobileSanity/HBI/Page_App Page 1/input__email'

2020-05-12 08:10:40 - [TEST_STEP][PASSED] - setText(findTestObject("mobileSanity/HBI/Page_App Page 1/input_tel"), Tel): Text '646-863-8465' is set on object 'Object Repository/mobileSanity/HBI/Page_App Page 1/input_tel'

2020-05-12 08:10:40 - [MESSAGE][PASSED] - Text '646-863-8465' is set on object 'Object Repository/mobileSanity/HBI/Page_App Page 1/input_tel'

2020-05-12 08:10:40 - [TEST_STEP][PASSED] - Thread.sleep(5000): null

2020-05-12 08:10:45 - [TEST_STEP][PASSED] - click(findTestObject("mobileSanity/HBI/Page_App Page 1/a_Continue to Step 2 - Payment")): Object: 'Object Repository/mobileSanity/HBI/Page_App Page 1/a_Continue to Step 2 - Payment' is clicked on

2020-05-12 08:10:47 - [MESSAGE][PASSED] - Object: 'Object Repository/mobileSanity/HBI/Page_App Page 1/a_Continue to Step 2 - Payment' is clicked on

2020-05-12 08:10:47 - [TEST_STEP][PASSED] - waitForPageLoad(20): Wait for page load successfully

2020-05-12 08:10:47 - [MESSAGE][PASSED] - Wait for page load successfully

2020-05-12 08:10:47 - [TEST_STEP][PASSED] - Thread.sleep(2000): null

2020-05-12 08:10:49 - [TEST_STEP][PASSED] - waitForElementVisible(findTestObject("mobileSanity/HBI/Page_App Page 2/input__credit-card-first"), 20): Object 'Object Repository/mobileSanity/HBI/Page_App Page 2/input__credit-card-first' is visible

2020-05-12 08:10:49 - [MESSAGE][PASSED] - Object 'Object Repository/mobileSanity/HBI/Page_App Page 2/input__credit-card-first' is visible

2020-05-12 08:10:49 - [TEST_STEP][PASSED] - callTestCase(findTestCase("AHI/_include/get_screenshot"), [:], STOP_ON_FAILURE): Call Test Case 'Test Cases/AHI/_include/get_screenshot' successfully

2020-05-12 08:10:49 - [TEST_CASE][PASSED] - Test Cases/AHI/_include/get_screenshot: Test Cases/AHI/_include/get_screenshot

2020-05-12 08:10:49 - [TEST_STEP][PASSED] - Thread.sleep(1000): null

2020-05-12 08:10:50 - [TEST_STEP][PASSED] - takeScreenshot(screenPath + i + ".png"): Taking screenshot successfully

2020-05-12 08:10:51 - [MESSAGE][PASSED] - Taking screenshot successfully
[[ATTACHMENT|D:\\Test\\AgileTest\\Reports\\PrivateLabel\\Spark\\20200512_080044\\../Screenshots/iPhone 6/Spark/Health Choice/20200512_080916/7.png]]

2020-05-12 08:10:51 - [TEST_STEP][PASSED] - (internal.GlobalVariable.i++): null

2020-05-12 08:10:51 - [MESSAGE][PASSED] - Call Test Case 'Test Cases/AHI/_include/get_screenshot' successfully

2020-05-12 08:10:51 - [TEST_STEP][PASSED] - setText(findTestObject("mobileSanity/HBI/Page_App Page 2/input__credit-card-first"), FirstName): Text 'Test-123' is set on object 'Object Repository/mobileSanity/HBI/Page_App Page 2/input__credit-card-first'

2020-05-12 08:10:52 - [MESSAGE][PASSED] - Text 'Test-123' is set on object 'Object Repository/mobileSanity/HBI/Page_App Page 2/input__credit-card-first'

2020-05-12 08:10:52 - [TEST_STEP][PASSED] - setText(findTestObject("mobileSanity/HBI/Page_App Page 2/input__credit-card-last"), LastName): Text 'ZZ11-wDRHfEwF' is set on object 'Object Repository/mobileSanity/HBI/Page_App Page 2/input__credit-card-last'

2020-05-12 08:10:52 - [MESSAGE][PASSED] - Text 'ZZ11-wDRHfEwF' is set on object 'Object Repository/mobileSanity/HBI/Page_App Page 2/input__credit-card-last'

2020-05-12 08:10:52 - [TEST_STEP][PASSED] - selectOptionByValue(findTestObject("mobileSanity/HBI/Page_App Page 2/select_MM010203040506070809101"), "12", true): All options with value '12' are selected in object 'Object Repository/mobileSanity/HBI/Page_App Page 2/select_MM010203040506070809101'  using regular expression

2020-05-12 08:10:53 - [MESSAGE][PASSED] - All options with value '12' are selected in object 'Object Repository/mobileSanity/HBI/Page_App Page 2/select_MM010203040506070809101'  using regular expression

2020-05-12 08:10:53 - [TEST_STEP][PASSED] - selectOptionByValue(findTestObject("mobileSanity/HBI/Page_App Page 2/select_YYYY2019202020212022202"), "2026", true): All options with value '2026' are selected in object 'Object Repository/mobileSanity/HBI/Page_App Page 2/select_YYYY2019202020212022202'  using regular expression

2020-05-12 08:10:55 - [MESSAGE][PASSED] - All options with value '2026' are selected in object 'Object Repository/mobileSanity/HBI/Page_App Page 2/select_YYYY2019202020212022202'  using regular expression

2020-05-12 08:10:55 - [TEST_STEP][PASSED] - setText(findTestObject("mobileSanity/HBI/Page_App Page 2/input__credit-card-number"), "4111111111111111"): Text '4111111111111111' is set on object 'Object Repository/mobileSanity/HBI/Page_App Page 2/input__credit-card-number'

2020-05-12 08:10:56 - [MESSAGE][PASSED] - Text '4111111111111111' is set on object 'Object Repository/mobileSanity/HBI/Page_App Page 2/input__credit-card-number'

2020-05-12 08:10:56 - [TEST_STEP][PASSED] - setText(findTestObject("mobileSanity/HBI/Page_App Page 2/input__cvv"), "123"): Text '123' is set on object 'Object Repository/mobileSanity/HBI/Page_App Page 2/input__cvv'

2020-05-12 08:10:57 - [MESSAGE][PASSED] - Text '123' is set on object 'Object Repository/mobileSanity/HBI/Page_App Page 2/input__cvv'

2020-05-12 08:10:57 - [TEST_STEP][PASSED] - click(findTestObject("mobileSanity/HBI/Page_App Page 2/label_My billing address is th")): Object: 'Object Repository/mobileSanity/HBI/Page_App Page 2/label_My billing address is th' is clicked on

2020-05-12 08:10:57 - [MESSAGE][PASSED] - Object: 'Object Repository/mobileSanity/HBI/Page_App Page 2/label_My billing address is th' is clicked on

2020-05-12 08:10:57 - [TEST_STEP][PASSED] - click(findTestObject("mobileSanity/HBI/Page_App Page 2/label_I Accept Authorization f")): Object: 'Object Repository/mobileSanity/HBI/Page_App Page 2/label_I Accept Authorization f' is clicked on

2020-05-12 08:10:57 - [MESSAGE][PASSED] - Object: 'Object Repository/mobileSanity/HBI/Page_App Page 2/label_I Accept Authorization f' is clicked on

2020-05-12 08:10:57 - [TEST_STEP][PASSED] - click(findTestObject("mobileSanity/HBI/Page_App Page 2/a_Continue to Step 3 - Review")): Object: 'Object Repository/mobileSanity/HBI/Page_App Page 2/a_Continue to Step 3 - Review' is clicked on

2020-05-12 08:10:58 - [MESSAGE][PASSED] - Object: 'Object Repository/mobileSanity/HBI/Page_App Page 2/a_Continue to Step 3 - Review' is clicked on

2020-05-12 08:10:58 - [TEST_STEP][PASSED] - waitForPageLoad(20): Wait for page load successfully

2020-05-12 08:10:58 - [MESSAGE][PASSED] - Wait for page load successfully

2020-05-12 08:10:58 - [TEST_STEP][PASSED] - Thread.sleep(10000): null

2020-05-12 08:11:08 - [TEST_STEP][PASSED] - waitForElementPresent(findTestObject("mobileSanity/HBI/Page_App Page 3/label"), 20): Object 'Object Repository/mobileSanity/HBI/Page_App Page 3/label' is present

2020-05-12 08:11:10 - [MESSAGE][PASSED] - Object 'Object Repository/mobileSanity/HBI/Page_App Page 3/label' is present

2020-05-12 08:11:10 - [TEST_STEP][PASSED] - callTestCase(findTestCase("AHI/_include/get_screenshot"), [:], STOP_ON_FAILURE): Call Test Case 'Test Cases/AHI/_include/get_screenshot' successfully

2020-05-12 08:11:10 - [TEST_CASE][PASSED] - Test Cases/AHI/_include/get_screenshot: Test Cases/AHI/_include/get_screenshot

2020-05-12 08:11:10 - [TEST_STEP][PASSED] - Thread.sleep(1000): null

2020-05-12 08:11:11 - [TEST_STEP][PASSED] - takeScreenshot(screenPath + i + ".png"): Taking screenshot successfully

2020-05-12 08:11:11 - [MESSAGE][PASSED] - Taking screenshot successfully
[[ATTACHMENT|D:\\Test\\AgileTest\\Reports\\PrivateLabel\\Spark\\20200512_080044\\../Screenshots/iPhone 6/Spark/Health Choice/20200512_080916/8.png]]

2020-05-12 08:11:11 - [TEST_STEP][PASSED] - (internal.GlobalVariable.i++): null

2020-05-12 08:11:11 - [MESSAGE][PASSED] - Call Test Case 'Test Cases/AHI/_include/get_screenshot' successfully

2020-05-12 08:11:11 - [TEST_STEP][PASSED] - click(findTestObject("mobileSanity/HBI/Page_App Page 3/label")): Object: 'Object Repository/mobileSanity/HBI/Page_App Page 3/label' is clicked on

2020-05-12 08:11:12 - [MESSAGE][PASSED] - Object: 'Object Repository/mobileSanity/HBI/Page_App Page 3/label' is clicked on

2020-05-12 08:11:12 - [TEST_STEP][PASSED] - click(findTestObject("mobileSanity/HBI/Page_App Page 3/p_CLICK TO SIGN")): Object: 'Object Repository/mobileSanity/HBI/Page_App Page 3/p_CLICK TO SIGN' is clicked on

2020-05-12 08:11:12 - [MESSAGE][PASSED] - Object: 'Object Repository/mobileSanity/HBI/Page_App Page 3/p_CLICK TO SIGN' is clicked on

2020-05-12 08:11:12 - [TEST_STEP][PASSED] - click(findTestObject("mobileSanity/HBI/Page_App Page 3/a_Submit Your Application")): Object: 'Object Repository/mobileSanity/HBI/Page_App Page 3/a_Submit Your Application' is clicked on

2020-05-12 08:11:12 - [MESSAGE][PASSED] - Object: 'Object Repository/mobileSanity/HBI/Page_App Page 3/a_Submit Your Application' is clicked on

2020-05-12 08:11:12 - [TEST_STEP][PASSED] - waitForElementPresent(findTestObject("mobileSanity/Common/app-confirmation"), 20): Object 'Object Repository/mobileSanity/Common/app-confirmation' is present

2020-05-12 08:11:15 - [MESSAGE][PASSED] - Object 'Object Repository/mobileSanity/Common/app-confirmation' is present

2020-05-12 08:11:15 - [TEST_STEP][PASSED] - callTestCase(findTestCase("AHI/_include/get_screenshot"), [:], STOP_ON_FAILURE): Call Test Case 'Test Cases/AHI/_include/get_screenshot' successfully

2020-05-12 08:11:15 - [TEST_CASE][PASSED] - Test Cases/AHI/_include/get_screenshot: Test Cases/AHI/_include/get_screenshot

2020-05-12 08:11:15 - [TEST_STEP][PASSED] - Thread.sleep(1000): null

2020-05-12 08:11:16 - [TEST_STEP][PASSED] - takeScreenshot(screenPath + i + ".png"): Taking screenshot successfully

2020-05-12 08:11:17 - [MESSAGE][PASSED] - Taking screenshot successfully
[[ATTACHMENT|D:\\Test\\AgileTest\\Reports\\PrivateLabel\\Spark\\20200512_080044\\../Screenshots/iPhone 6/Spark/Health Choice/20200512_080916/9.png]]

2020-05-12 08:11:17 - [TEST_STEP][PASSED] - (internal.GlobalVariable.i++): null

2020-05-12 08:11:17 - [MESSAGE][PASSED] - Call Test Case 'Test Cases/AHI/_include/get_screenshot' successfully

2020-05-12 08:11:17 - [MESSAGE][PASSED] - Call Test Case 'Test Cases/AHI/_include/goToEnd_hbi' successfully]]></system-out>
         <system-err><![CDATA[]]></system-err>
      </testcase>
      <testcase name="Test Cases/PL Site/Spark/hbi/Vitala Care" classname="Test Cases/PL Site/Spark/hbi/Vitala Care" status="PASSED">
         <system-out><![CDATA[2020-05-12 08:11:17 - [TEST_CASE][PASSED] - Test Cases/PL Site/Spark/hbi/Vitala Care: Test Cases/PL Site/Spark/hbi/Vitala Care

2020-05-12 08:11:17 - [TEST_STEP][PASSED] - callTestCase(findTestCase("AHI/_include/get_screenPath"), ["productLine":"Spark", "carrierName":"Vitala Care"], CONTINUE_ON_FAILURE): Call Test Case 'Test Cases/AHI/_include/get_screenPath' successfully

2020-05-12 08:11:17 - [TEST_CASE][PASSED] - Test Cases/AHI/_include/get_screenPath: Test Cases/AHI/_include/get_screenPath

2020-05-12 08:11:17 - [TEST_STEP][PASSED] - m = getExecutionProperties(): null

2020-05-12 08:11:17 - [TEST_STEP][PASSED] - deviceName = get("mobileEmulation").get("deviceName"): null

2020-05-12 08:11:17 - [TEST_STEP][PASSED] - println(deviceName): null

2020-05-12 08:11:17 - [TEST_STEP][PASSED] - now = new java.util.Date(): null

2020-05-12 08:11:17 - [TEST_STEP][PASSED] - mydate = now.format("yyyyMMdd_HHmmss"): null

2020-05-12 08:11:17 - [TEST_STEP][PASSED] - screenPath = "../Screenshots/": null

2020-05-12 08:11:17 - [TEST_STEP][PASSED] - screenPath = screenPath + deviceName + "/" + productLine + "/" + carrierName + "/" + mydate + "/": null

2020-05-12 08:11:17 - [TEST_STEP][PASSED] - println(screenPath): null

2020-05-12 08:11:17 - [MESSAGE][PASSED] - Call Test Case 'Test Cases/AHI/_include/get_screenPath' successfully

2020-05-12 08:11:17 - [TEST_STEP][PASSED] - i = 0: null

2020-05-12 08:11:17 - [TEST_STEP][PASSED] - callTestCase(findTestCase("AHI/_include/openWebSite"), ["env":"https://spark--qa.storefront.mybenefitskeeper.com"], STOP_ON_FAILURE): Call Test Case 'Test Cases/AHI/_include/openWebSite' successfully

2020-05-12 08:11:17 - [TEST_CASE][PASSED] - Test Cases/AHI/_include/openWebSite: Test Cases/AHI/_include/openWebSite

2020-05-12 08:11:17 - [TEST_STEP][PASSED] - openBrowser(env): Browser is opened with url: 'https://spark--qa.storefront.mybenefitskeeper.com'

2020-05-12 08:11:17 - [MESSAGE][WARNING] - A browser is already opened. Closing browser and opening a new one

2020-05-12 08:11:18 - [MESSAGE][INFO] - Starting 'Chrome' driver

2020-05-12 08:11:18 - [MESSAGE][INFO] - User set preference: ['mobileEmulation', '{deviceName=iPhone 6}']

2020-05-12 08:11:18 - [MESSAGE][INFO] - User set preference: ['args', '[--incognito, --aggressive-cache-discard, --window-size=375,677, --no-sandbox, --ignore-certificate-errors]']

2020-05-12 08:11:38 - [MESSAGE][PASSED] - Browser is opened with url: 'https://spark--qa.storefront.mybenefitskeeper.com'

2020-05-12 08:11:38 - [TEST_STEP][PASSED] - waitForPageLoad(20): Wait for page load successfully

2020-05-12 08:11:38 - [MESSAGE][PASSED] - Wait for page load successfully

2020-05-12 08:11:38 - [TEST_STEP][PASSED] - callTestCase(findTestCase("AHI/_include/get_screenshot"), [:], STOP_ON_FAILURE): Call Test Case 'Test Cases/AHI/_include/get_screenshot' successfully

2020-05-12 08:11:38 - [TEST_CASE][PASSED] - Test Cases/AHI/_include/get_screenshot: Test Cases/AHI/_include/get_screenshot

2020-05-12 08:11:38 - [TEST_STEP][PASSED] - Thread.sleep(1000): null

2020-05-12 08:11:39 - [TEST_STEP][PASSED] - takeScreenshot(screenPath + i + ".png"): Taking screenshot successfully

2020-05-12 08:11:40 - [MESSAGE][PASSED] - Taking screenshot successfully
[[ATTACHMENT|D:\\Test\\AgileTest\\Reports\\PrivateLabel\\Spark\\20200512_080044\\../Screenshots/iPhone 6/Spark/Vitala Care/20200512_081117/0.png]]

2020-05-12 08:11:40 - [TEST_STEP][PASSED] - (internal.GlobalVariable.i++): null

2020-05-12 08:11:40 - [MESSAGE][PASSED] - Call Test Case 'Test Cases/AHI/_include/get_screenshot' successfully

2020-05-12 08:11:40 - [MESSAGE][PASSED] - Call Test Case 'Test Cases/AHI/_include/openWebSite' successfully

2020-05-12 08:11:40 - [TEST_STEP][PASSED] - callTestCase(findTestCase("PL Site/_include/census_hbi"), ["zipcode":"90011"], CONTINUE_ON_FAILURE): Call Test Case 'Test Cases/PL Site/_include/census_hbi' successfully

2020-05-12 08:11:40 - [TEST_CASE][PASSED] - Test Cases/PL Site/_include/census_hbi: Test Cases/PL Site/_include/census_hbi

2020-05-12 08:11:40 - [TEST_STEP][PASSED] - click(findTestObject("mobileSanity/Common/side_nav/menu")): Object: 'Object Repository/mobileSanity/Common/side_nav/menu' is clicked on

2020-05-12 08:11:40 - [MESSAGE][PASSED] - Object: 'Object Repository/mobileSanity/Common/side_nav/menu' is clicked on

2020-05-12 08:11:40 - [TEST_STEP][PASSED] - Thread.sleep(3000): null

2020-05-12 08:11:43 - [TEST_STEP][PASSED] - callTestCase(findTestCase("AHI/_include/get_screenshot"), [:], STOP_ON_FAILURE): Call Test Case 'Test Cases/AHI/_include/get_screenshot' successfully

2020-05-12 08:11:43 - [TEST_CASE][PASSED] - Test Cases/AHI/_include/get_screenshot: Test Cases/AHI/_include/get_screenshot

2020-05-12 08:11:43 - [TEST_STEP][PASSED] - Thread.sleep(1000): null

2020-05-12 08:11:44 - [TEST_STEP][PASSED] - takeScreenshot(screenPath + i + ".png"): Taking screenshot successfully

2020-05-12 08:11:44 - [MESSAGE][PASSED] - Taking screenshot successfully
[[ATTACHMENT|D:\\Test\\AgileTest\\Reports\\PrivateLabel\\Spark\\20200512_080044\\../Screenshots/iPhone 6/Spark/Vitala Care/20200512_081117/1.png]]

2020-05-12 08:11:44 - [TEST_STEP][PASSED] - (internal.GlobalVariable.i++): null

2020-05-12 08:11:44 - [MESSAGE][PASSED] - Call Test Case 'Test Cases/AHI/_include/get_screenshot' successfully

2020-05-12 08:11:44 - [TEST_STEP][PASSED] - click(findTestObject("PLSite/pl_nav_hbi")): Object: 'Object Repository/PLSite/pl_nav_hbi' is clicked on

2020-05-12 08:11:46 - [MESSAGE][PASSED] - Object: 'Object Repository/PLSite/pl_nav_hbi' is clicked on

2020-05-12 08:11:46 - [TEST_STEP][PASSED] - waitForPageLoad(10): Wait for page load successfully

2020-05-12 08:11:46 - [MESSAGE][PASSED] - Wait for page load successfully

2020-05-12 08:11:46 - [TEST_STEP][PASSED] - Thread.sleep(3000): null

2020-05-12 08:11:49 - [TEST_STEP][PASSED] - callTestCase(findTestCase("AHI/_include/get_screenshot"), [:], STOP_ON_FAILURE): Call Test Case 'Test Cases/AHI/_include/get_screenshot' successfully

2020-05-12 08:11:49 - [TEST_CASE][PASSED] - Test Cases/AHI/_include/get_screenshot: Test Cases/AHI/_include/get_screenshot

2020-05-12 08:11:49 - [TEST_STEP][PASSED] - Thread.sleep(1000): null

2020-05-12 08:11:50 - [TEST_STEP][PASSED] - takeScreenshot(screenPath + i + ".png"): Taking screenshot successfully

2020-05-12 08:11:50 - [MESSAGE][PASSED] - Taking screenshot successfully
[[ATTACHMENT|D:\\Test\\AgileTest\\Reports\\PrivateLabel\\Spark\\20200512_080044\\../Screenshots/iPhone 6/Spark/Vitala Care/20200512_081117/2.png]]

2020-05-12 08:11:50 - [TEST_STEP][PASSED] - (internal.GlobalVariable.i++): null

2020-05-12 08:11:50 - [MESSAGE][PASSED] - Call Test Case 'Test Cases/AHI/_include/get_screenshot' successfully

2020-05-12 08:11:50 - [TEST_STEP][PASSED] - setText(findTestObject("mobileSanity/HBI/census/input_Location_zip-input"), zipcode): Text '90011' is set on object 'Object Repository/mobileSanity/HBI/census/input_Location_zip-input'

2020-05-12 08:11:51 - [MESSAGE][PASSED] - Text '90011' is set on object 'Object Repository/mobileSanity/HBI/census/input_Location_zip-input'

2020-05-12 08:11:51 - [TEST_STEP][PASSED] - Thread.sleep(500): null

2020-05-12 08:11:51 - [TEST_STEP][PASSED] - setText(findTestObject("mobileSanity/HBI/census/input_Date of Birth_dob-0"), "12121980"): Text '12121980' is set on object 'Object Repository/mobileSanity/HBI/census/input_Date of Birth_dob-0'

2020-05-12 08:11:52 - [MESSAGE][PASSED] - Text '12121980' is set on object 'Object Repository/mobileSanity/HBI/census/input_Date of Birth_dob-0'

2020-05-12 08:11:52 - [TEST_STEP][PASSED] - click(findTestObject("mobileSanity/HBI/census/label_Male")): Object: 'Object Repository/mobileSanity/HBI/census/label_Male' is clicked on

2020-05-12 08:11:52 - [MESSAGE][PASSED] - Object: 'Object Repository/mobileSanity/HBI/census/label_Male' is clicked on

2020-05-12 08:11:52 - [TEST_STEP][PASSED] - click(findTestObject("mobileSanity/HBI/census/label_Get a Quote")): Object: 'Object Repository/mobileSanity/HBI/census/label_Get a Quote' is clicked on

2020-05-12 08:11:54 - [MESSAGE][PASSED] - Object: 'Object Repository/mobileSanity/HBI/census/label_Get a Quote' is clicked on

2020-05-12 08:11:54 - [TEST_STEP][PASSED] - waitForPageLoad(20): Wait for page load successfully

2020-05-12 08:11:54 - [MESSAGE][PASSED] - Wait for page load successfully

2020-05-12 08:11:54 - [TEST_STEP][PASSED] - Thread.sleep(3000): null

2020-05-12 08:11:57 - [TEST_STEP][PASSED] - callTestCase(findTestCase("AHI/_include/check_quoteleadform"), [:], STOP_ON_FAILURE): Call Test Case 'Test Cases/AHI/_include/check_quoteleadform' successfully

2020-05-12 08:11:57 - [TEST_CASE][PASSED] - Test Cases/AHI/_include/check_quoteleadform: Test Cases/AHI/_include/check_quoteleadform

2020-05-12 08:11:57 - [TEST_STEP][PASSED] - callTestCase(findTestCase("AHI/_include/name"), [:], CONTINUE_ON_FAILURE): Call Test Case 'Test Cases/AHI/_include/name' successfully

2020-05-12 08:11:57 - [TEST_CASE][PASSED] - Test Cases/AHI/_include/name: Test Cases/AHI/_include/name

2020-05-12 08:11:57 - [TEST_STEP][PASSED] - driver = getWebDriver(): null

2020-05-12 08:11:57 - [TEST_STEP][PASSED] - selenium = new com.thoughtworks.selenium.webdriven.WebDriverBackedSelenium(driver, internal.GlobalVariable.ENV): null

2020-05-12 08:11:57 - [TEST_STEP][PASSED] - FirstName = "Test-123": null

2020-05-12 08:11:57 - [TEST_STEP][PASSED] - LastName = selenium.getEval("{var x="ABCDEFGHIJKLMNOPQRSTUVWXYZabcdefghijklmnopqrstuvwxyz"; var tmp="ZZ11-"; for (i=0;i<8;i++) tmp+=x.charAt(Math.ceil(51*Math.random()));tmp;}"): null

2020-05-12 08:11:57 - [TEST_STEP][PASSED] - Address = selenium.getEval("{var x="ABCDEFGHIJKLMNOPQRSTUVWXYZabcdefghijklmnopqrstuvwxyz"; var tmp=""; for (i=0;i<8;i++) tmp+=x.charAt(Math.ceil(51*Math.random()));tmp;}"): null

2020-05-12 08:11:57 - [TEST_STEP][PASSED] - City = selenium.getEval("{var x="ABCDEFGHIJKLMNOPQRSTUVWXYZabcdefghijklmnopqrstuvwxyz"; var tmp=""; for (i=0;i<8;i++) tmp+=x.charAt(Math.ceil(51*Math.random()));tmp;}"): null

2020-05-12 08:11:57 - [TEST_STEP][PASSED] - tel1 = selenium.getEval("{var x="123456789"; var tmp=""; for (i=0;i<3;i++) tmp+=x.charAt(Math.ceil(8*Math.random()));tmp;}"): null

2020-05-12 08:11:57 - [TEST_STEP][PASSED] - tel2 = selenium.getEval("{var x="123456789"; var tmp=""; for (i=0;i<3;i++) tmp+=x.charAt(Math.ceil(8*Math.random()));tmp;}"): null

2020-05-12 08:11:57 - [TEST_STEP][PASSED] - tel3 = selenium.getEval("{var x="123456789"; var tmp=""; for (i=0;i<4;i++) tmp+=x.charAt(Math.ceil(8*Math.random()));tmp;}"): null

2020-05-12 08:11:57 - [TEST_STEP][PASSED] - Tel = selenium.getExpression(tel1 + "-" + tel2 + "-" + tel3): null

2020-05-12 08:11:57 - [TEST_STEP][PASSED] - AutoEmail = selenium.getEval("{var x="ABCDEFGHIJKLMNOPQRSTUVWXYZabcdefghijklmnopqrstuvwxyz"; var tmp="test."; for (i=0;i<8;i++) tmp+=x.charAt(Math.ceil(51*Math.random()));tmp+="@suryani.cn";}"): null

2020-05-12 08:11:57 - [TEST_STEP][PASSED] - FirstName = FirstName: null

2020-05-12 08:11:57 - [TEST_STEP][PASSED] - LastName = LastName: null

2020-05-12 08:11:57 - [TEST_STEP][PASSED] - Address = Address: null

2020-05-12 08:11:57 - [TEST_STEP][PASSED] - City = City: null

2020-05-12 08:11:57 - [TEST_STEP][PASSED] - Tel = Tel: null

2020-05-12 08:11:57 - [TEST_STEP][PASSED] - AutoEmail = AutoEmail: null

2020-05-12 08:11:57 - [TEST_STEP][PASSED] - println(FirstName): null

2020-05-12 08:11:57 - [TEST_STEP][PASSED] - println(LastName): null

2020-05-12 08:11:57 - [TEST_STEP][PASSED] - println(Address): null

2020-05-12 08:11:57 - [TEST_STEP][PASSED] - println(City): null

2020-05-12 08:11:57 - [TEST_STEP][PASSED] - println(Tel): null

2020-05-12 08:11:57 - [TEST_STEP][PASSED] - println(AutoEmail): null

2020-05-12 08:11:57 - [MESSAGE][PASSED] - Call Test Case 'Test Cases/AHI/_include/name' successfully

2020-05-12 08:11:57 - [TEST_STEP][PASSED] - leadform_exist = test.MobileKeywords.isElementPresent_Web(findTestObject("mobileSanity/quote lead form/lead_form"), 20): test.MobileKeywords.isElementPresent_Web is PASSED

2020-05-12 08:12:22 - [MESSAGE][INFO] - Unable to find the element located by 'By.xpath: //*[@id = 'lightboxLeadForm']'. Please recheck the objects properties to make sure the desired element is located. 

2020-05-12 08:12:22 - [MESSAGE][PASSED] - test.MobileKeywords.isElementPresent_Web is PASSED

2020-05-12 08:12:22 - [TEST_STEP][PASSED] - if (leadform_exist): null

2020-05-12 08:12:22 - [MESSAGE][PASSED] - Call Test Case 'Test Cases/AHI/_include/check_quoteleadform' successfully

2020-05-12 08:12:22 - [TEST_STEP][PASSED] - callTestCase(findTestCase("AHI/_include/get_screenshot"), [:], STOP_ON_FAILURE): Call Test Case 'Test Cases/AHI/_include/get_screenshot' successfully

2020-05-12 08:12:22 - [TEST_CASE][PASSED] - Test Cases/AHI/_include/get_screenshot: Test Cases/AHI/_include/get_screenshot

2020-05-12 08:12:22 - [TEST_STEP][PASSED] - Thread.sleep(1000): null

2020-05-12 08:12:23 - [TEST_STEP][PASSED] - takeScreenshot(screenPath + i + ".png"): Taking screenshot successfully

2020-05-12 08:12:23 - [MESSAGE][PASSED] - Taking screenshot successfully
[[ATTACHMENT|D:\\Test\\AgileTest\\Reports\\PrivateLabel\\Spark\\20200512_080044\\../Screenshots/iPhone 6/Spark/Vitala Care/20200512_081117/3.png]]

2020-05-12 08:12:23 - [TEST_STEP][PASSED] - (internal.GlobalVariable.i++): null

2020-05-12 08:12:23 - [MESSAGE][PASSED] - Call Test Case 'Test Cases/AHI/_include/get_screenshot' successfully

2020-05-12 08:12:23 - [MESSAGE][PASSED] - Call Test Case 'Test Cases/PL Site/_include/census_hbi' successfully

2020-05-12 08:12:23 - [TEST_STEP][PASSED] - Thread.sleep(5000): null

2020-05-12 08:12:29 - [TEST_STEP][PASSED] - scrollToPosition(200, 2300): Browser is scrolled to position x = 200, y = 2300

2020-05-12 08:12:29 - [MESSAGE][PASSED] - Browser is scrolled to position x = 200, y = 2300

2020-05-12 08:12:29 - [TEST_STEP][PASSED] - click(findTestObject("mobileSanity/HBI/quote/a_Vitala Care")): Object: 'Object Repository/mobileSanity/HBI/quote/a_Vitala Care' is clicked on

2020-05-12 08:12:30 - [MESSAGE][PASSED] - Object: 'Object Repository/mobileSanity/HBI/quote/a_Vitala Care' is clicked on

2020-05-12 08:12:30 - [TEST_STEP][PASSED] - waitForPageLoad(10): Wait for page load successfully

2020-05-12 08:12:30 - [MESSAGE][PASSED] - Wait for page load successfully

2020-05-12 08:12:30 - [TEST_STEP][PASSED] - callTestCase(findTestCase("AHI/_include/get_screenshot"), [:], STOP_ON_FAILURE): Call Test Case 'Test Cases/AHI/_include/get_screenshot' successfully

2020-05-12 08:12:30 - [TEST_CASE][PASSED] - Test Cases/AHI/_include/get_screenshot: Test Cases/AHI/_include/get_screenshot

2020-05-12 08:12:30 - [TEST_STEP][PASSED] - Thread.sleep(1000): null

2020-05-12 08:12:31 - [TEST_STEP][PASSED] - takeScreenshot(screenPath + i + ".png"): Taking screenshot successfully

2020-05-12 08:12:33 - [MESSAGE][PASSED] - Taking screenshot successfully
[[ATTACHMENT|D:\\Test\\AgileTest\\Reports\\PrivateLabel\\Spark\\20200512_080044\\../Screenshots/iPhone 6/Spark/Vitala Care/20200512_081117/4.png]]

2020-05-12 08:12:33 - [TEST_STEP][PASSED] - (internal.GlobalVariable.i++): null

2020-05-12 08:12:33 - [MESSAGE][PASSED] - Call Test Case 'Test Cases/AHI/_include/get_screenshot' successfully

2020-05-12 08:12:33 - [TEST_STEP][PASSED] - click(findTestObject("mobileSanity/HBI/detail/a_Apply for This Plan")): Object: 'Object Repository/mobileSanity/HBI/detail/a_Apply for This Plan' is clicked on

2020-05-12 08:12:34 - [MESSAGE][PASSED] - Object: 'Object Repository/mobileSanity/HBI/detail/a_Apply for This Plan' is clicked on

2020-05-12 08:12:34 - [TEST_STEP][PASSED] - waitForPageLoad(10): Wait for page load successfully

2020-05-12 08:12:34 - [MESSAGE][PASSED] - Wait for page load successfully

2020-05-12 08:12:34 - [TEST_STEP][PASSED] - callTestCase(findTestCase("AHI/_include/get_screenshot"), [:], STOP_ON_FAILURE): Call Test Case 'Test Cases/AHI/_include/get_screenshot' successfully

2020-05-12 08:12:34 - [TEST_CASE][PASSED] - Test Cases/AHI/_include/get_screenshot: Test Cases/AHI/_include/get_screenshot

2020-05-12 08:12:34 - [TEST_STEP][PASSED] - Thread.sleep(1000): null

2020-05-12 08:12:35 - [TEST_STEP][PASSED] - takeScreenshot(screenPath + i + ".png"): Taking screenshot successfully

2020-05-12 08:12:35 - [MESSAGE][PASSED] - Taking screenshot successfully
[[ATTACHMENT|D:\\Test\\AgileTest\\Reports\\PrivateLabel\\Spark\\20200512_080044\\../Screenshots/iPhone 6/Spark/Vitala Care/20200512_081117/5.png]]

2020-05-12 08:12:35 - [TEST_STEP][PASSED] - (internal.GlobalVariable.i++): null

2020-05-12 08:12:35 - [MESSAGE][PASSED] - Call Test Case 'Test Cases/AHI/_include/get_screenshot' successfully

2020-05-12 08:12:35 - [TEST_STEP][PASSED] - click(findTestObject("mobileSanity/HBI/Page_Apply/span_Start Secure Application")): Object: 'Object Repository/mobileSanity/HBI/Page_Apply/span_Start Secure Application' is clicked on

2020-05-12 08:12:36 - [MESSAGE][PASSED] - Object: 'Object Repository/mobileSanity/HBI/Page_Apply/span_Start Secure Application' is clicked on

2020-05-12 08:12:36 - [TEST_STEP][PASSED] - waitForPageLoad(10): Wait for page load successfully

2020-05-12 08:12:36 - [MESSAGE][PASSED] - Wait for page load successfully

2020-05-12 08:12:36 - [TEST_STEP][PASSED] - callTestCase(findTestCase("AHI/_include/get_screenshot"), [:], STOP_ON_FAILURE): Call Test Case 'Test Cases/AHI/_include/get_screenshot' successfully

2020-05-12 08:12:36 - [TEST_CASE][PASSED] - Test Cases/AHI/_include/get_screenshot: Test Cases/AHI/_include/get_screenshot

2020-05-12 08:12:36 - [TEST_STEP][PASSED] - Thread.sleep(1000): null

2020-05-12 08:12:37 - [TEST_STEP][PASSED] - takeScreenshot(screenPath + i + ".png"): Taking screenshot successfully

2020-05-12 08:12:37 - [MESSAGE][PASSED] - Taking screenshot successfully
[[ATTACHMENT|D:\\Test\\AgileTest\\Reports\\PrivateLabel\\Spark\\20200512_080044\\../Screenshots/iPhone 6/Spark/Vitala Care/20200512_081117/6.png]]

2020-05-12 08:12:37 - [TEST_STEP][PASSED] - (internal.GlobalVariable.i++): null

2020-05-12 08:12:37 - [MESSAGE][PASSED] - Call Test Case 'Test Cases/AHI/_include/get_screenshot' successfully

2020-05-12 08:12:37 - [TEST_STEP][PASSED] - callTestCase(findTestCase("AHI/_include/goToEnd_hbi"), ["carrier":"vitalacare", "state":"ca"], CONTINUE_ON_FAILURE): Call Test Case 'Test Cases/AHI/_include/goToEnd_hbi' successfully

2020-05-12 08:12:37 - [TEST_CASE][PASSED] - Test Cases/AHI/_include/goToEnd_hbi: Test Cases/AHI/_include/goToEnd_hbi

2020-05-12 08:12:37 - [TEST_STEP][PASSED] - if (state == "ca"): Call Test Case 'Test Cases/AHI/_include/get_screenshot' successfully

2020-05-12 08:12:37 - [TEST_STEP][PASSED] - Thread.sleep(3000): null

2020-05-12 08:12:40 - [TEST_STEP][PASSED] - click(findTestObject("mobileSanity/HBI/Page_App Page 1/yes_question_1")): Object: 'Object Repository/mobileSanity/HBI/Page_App Page 1/yes_question_1' is clicked on

2020-05-12 08:12:41 - [MESSAGE][PASSED] - Object: 'Object Repository/mobileSanity/HBI/Page_App Page 1/yes_question_1' is clicked on

2020-05-12 08:12:41 - [TEST_STEP][PASSED] - click(findTestObject("mobileSanity/HBI/Page_App Page 1/continue_to_app_info")): Object: 'Object Repository/mobileSanity/HBI/Page_App Page 1/continue_to_app_info' is clicked on

2020-05-12 08:12:41 - [MESSAGE][PASSED] - Object: 'Object Repository/mobileSanity/HBI/Page_App Page 1/continue_to_app_info' is clicked on

2020-05-12 08:12:41 - [TEST_STEP][PASSED] - waitForPageLoad(20): Wait for page load successfully

2020-05-12 08:12:41 - [MESSAGE][PASSED] - Wait for page load successfully

2020-05-12 08:12:41 - [TEST_STEP][PASSED] - Thread.sleep(3000): null

2020-05-12 08:12:44 - [TEST_STEP][PASSED] - callTestCase(findTestCase("AHI/_include/get_screenshot"), [:], STOP_ON_FAILURE): Call Test Case 'Test Cases/AHI/_include/get_screenshot' successfully

2020-05-12 08:12:44 - [TEST_CASE][PASSED] - Test Cases/AHI/_include/get_screenshot: Test Cases/AHI/_include/get_screenshot

2020-05-12 08:12:44 - [TEST_STEP][PASSED] - Thread.sleep(1000): null

2020-05-12 08:12:45 - [TEST_STEP][PASSED] - takeScreenshot(screenPath + i + ".png"): Taking screenshot successfully

2020-05-12 08:12:45 - [MESSAGE][PASSED] - Taking screenshot successfully
[[ATTACHMENT|D:\\Test\\AgileTest\\Reports\\PrivateLabel\\Spark\\20200512_080044\\../Screenshots/iPhone 6/Spark/Vitala Care/20200512_081117/7.png]]

2020-05-12 08:12:45 - [TEST_STEP][PASSED] - (internal.GlobalVariable.i++): null

2020-05-12 08:12:45 - [MESSAGE][PASSED] - Call Test Case 'Test Cases/AHI/_include/get_screenshot' successfully

2020-05-12 08:12:45 - [TEST_STEP][PASSED] - callTestCase(findTestCase("AHI/_include/name"), [:], CONTINUE_ON_FAILURE): Call Test Case 'Test Cases/AHI/_include/name' successfully

2020-05-12 08:12:45 - [TEST_CASE][PASSED] - Test Cases/AHI/_include/name: Test Cases/AHI/_include/name

2020-05-12 08:12:45 - [TEST_STEP][PASSED] - driver = getWebDriver(): null

2020-05-12 08:12:45 - [TEST_STEP][PASSED] - selenium = new com.thoughtworks.selenium.webdriven.WebDriverBackedSelenium(driver, internal.GlobalVariable.ENV): null

2020-05-12 08:12:45 - [TEST_STEP][PASSED] - FirstName = "Test-123": null

2020-05-12 08:12:45 - [TEST_STEP][PASSED] - LastName = selenium.getEval("{var x="ABCDEFGHIJKLMNOPQRSTUVWXYZabcdefghijklmnopqrstuvwxyz"; var tmp="ZZ11-"; for (i=0;i<8;i++) tmp+=x.charAt(Math.ceil(51*Math.random()));tmp;}"): null

2020-05-12 08:12:45 - [TEST_STEP][PASSED] - Address = selenium.getEval("{var x="ABCDEFGHIJKLMNOPQRSTUVWXYZabcdefghijklmnopqrstuvwxyz"; var tmp=""; for (i=0;i<8;i++) tmp+=x.charAt(Math.ceil(51*Math.random()));tmp;}"): null

2020-05-12 08:12:45 - [TEST_STEP][PASSED] - City = selenium.getEval("{var x="ABCDEFGHIJKLMNOPQRSTUVWXYZabcdefghijklmnopqrstuvwxyz"; var tmp=""; for (i=0;i<8;i++) tmp+=x.charAt(Math.ceil(51*Math.random()));tmp;}"): null

2020-05-12 08:12:45 - [TEST_STEP][PASSED] - tel1 = selenium.getEval("{var x="123456789"; var tmp=""; for (i=0;i<3;i++) tmp+=x.charAt(Math.ceil(8*Math.random()));tmp;}"): null

2020-05-12 08:12:45 - [TEST_STEP][PASSED] - tel2 = selenium.getEval("{var x="123456789"; var tmp=""; for (i=0;i<3;i++) tmp+=x.charAt(Math.ceil(8*Math.random()));tmp;}"): null

2020-05-12 08:12:45 - [TEST_STEP][PASSED] - tel3 = selenium.getEval("{var x="123456789"; var tmp=""; for (i=0;i<4;i++) tmp+=x.charAt(Math.ceil(8*Math.random()));tmp;}"): null

2020-05-12 08:12:45 - [TEST_STEP][PASSED] - Tel = selenium.getExpression(tel1 + "-" + tel2 + "-" + tel3): null

2020-05-12 08:12:45 - [TEST_STEP][PASSED] - AutoEmail = selenium.getEval("{var x="ABCDEFGHIJKLMNOPQRSTUVWXYZabcdefghijklmnopqrstuvwxyz"; var tmp="test."; for (i=0;i<8;i++) tmp+=x.charAt(Math.ceil(51*Math.random()));tmp+="@suryani.cn";}"): null

2020-05-12 08:12:45 - [TEST_STEP][PASSED] - FirstName = FirstName: null

2020-05-12 08:12:45 - [TEST_STEP][PASSED] - LastName = LastName: null

2020-05-12 08:12:45 - [TEST_STEP][PASSED] - Address = Address: null

2020-05-12 08:12:45 - [TEST_STEP][PASSED] - City = City: null

2020-05-12 08:12:45 - [TEST_STEP][PASSED] - Tel = Tel: null

2020-05-12 08:12:45 - [TEST_STEP][PASSED] - AutoEmail = AutoEmail: null

2020-05-12 08:12:45 - [TEST_STEP][PASSED] - println(FirstName): null

2020-05-12 08:12:45 - [TEST_STEP][PASSED] - println(LastName): null

2020-05-12 08:12:45 - [TEST_STEP][PASSED] - println(Address): null

2020-05-12 08:12:45 - [TEST_STEP][PASSED] - println(City): null

2020-05-12 08:12:45 - [TEST_STEP][PASSED] - println(Tel): null

2020-05-12 08:12:45 - [TEST_STEP][PASSED] - println(AutoEmail): null

2020-05-12 08:12:45 - [MESSAGE][PASSED] - Call Test Case 'Test Cases/AHI/_include/name' successfully

2020-05-12 08:12:45 - [TEST_STEP][PASSED] - setText(findTestObject("mobileSanity/HBI/Page_App Page 1/input__member-P-1-firstName"), FirstName): Text 'Test-123' is set on object 'Object Repository/mobileSanity/HBI/Page_App Page 1/input__member-P-1-firstName'

2020-05-12 08:12:46 - [MESSAGE][PASSED] - Text 'Test-123' is set on object 'Object Repository/mobileSanity/HBI/Page_App Page 1/input__member-P-1-firstName'

2020-05-12 08:12:46 - [TEST_STEP][PASSED] - setText(findTestObject("mobileSanity/HBI/Page_App Page 1/input__member-P-1-lastName"), LastName): Text 'ZZ11-YkrDdOsb' is set on object 'Object Repository/mobileSanity/HBI/Page_App Page 1/input__member-P-1-lastName'

2020-05-12 08:12:46 - [MESSAGE][PASSED] - Text 'ZZ11-YkrDdOsb' is set on object 'Object Repository/mobileSanity/HBI/Page_App Page 1/input__member-P-1-lastName'

2020-05-12 08:12:46 - [TEST_STEP][PASSED] - if (carrier == "agileone" || carrier == "agilesecure"): null

2020-05-12 08:12:46 - [TEST_STEP][PASSED] - setText(findTestObject("mobileSanity/HBI/Page_App Page 1/input__address"), Address): Text 'tfDvamJp' is set on object 'Object Repository/mobileSanity/HBI/Page_App Page 1/input__address'

2020-05-12 08:12:47 - [MESSAGE][PASSED] - Text 'tfDvamJp' is set on object 'Object Repository/mobileSanity/HBI/Page_App Page 1/input__address'

2020-05-12 08:12:47 - [TEST_STEP][PASSED] - setText(findTestObject("mobileSanity/HBI/Page_App Page 1/input__city"), City): Text 'XPioGqqV' is set on object 'Object Repository/mobileSanity/HBI/Page_App Page 1/input__city'

2020-05-12 08:12:47 - [MESSAGE][PASSED] - Text 'XPioGqqV' is set on object 'Object Repository/mobileSanity/HBI/Page_App Page 1/input__city'

2020-05-12 08:12:47 - [TEST_STEP][PASSED] - setText(findTestObject("mobileSanity/HBI/Page_App Page 1/input__email"), AutoEmail): Text 'test.yVFXxHXo@suryani.cn' is set on object 'Object Repository/mobileSanity/HBI/Page_App Page 1/input__email'

2020-05-12 08:12:48 - [MESSAGE][PASSED] - Text 'test.yVFXxHXo@suryani.cn' is set on object 'Object Repository/mobileSanity/HBI/Page_App Page 1/input__email'

2020-05-12 08:12:48 - [TEST_STEP][PASSED] - setText(findTestObject("mobileSanity/HBI/Page_App Page 1/input_tel"), Tel): Text '355-244-8865' is set on object 'Object Repository/mobileSanity/HBI/Page_App Page 1/input_tel'

2020-05-12 08:12:48 - [MESSAGE][PASSED] - Text '355-244-8865' is set on object 'Object Repository/mobileSanity/HBI/Page_App Page 1/input_tel'

2020-05-12 08:12:48 - [TEST_STEP][PASSED] - Thread.sleep(5000): null

2020-05-12 08:12:53 - [TEST_STEP][PASSED] - click(findTestObject("mobileSanity/HBI/Page_App Page 1/a_Continue to Step 2 - Payment")): Object: 'Object Repository/mobileSanity/HBI/Page_App Page 1/a_Continue to Step 2 - Payment' is clicked on

2020-05-12 08:12:53 - [MESSAGE][PASSED] - Object: 'Object Repository/mobileSanity/HBI/Page_App Page 1/a_Continue to Step 2 - Payment' is clicked on

2020-05-12 08:12:53 - [TEST_STEP][PASSED] - waitForPageLoad(20): Wait for page load successfully

2020-05-12 08:12:53 - [MESSAGE][PASSED] - Wait for page load successfully

2020-05-12 08:12:53 - [TEST_STEP][PASSED] - Thread.sleep(2000): null

2020-05-12 08:12:55 - [TEST_STEP][PASSED] - waitForElementVisible(findTestObject("mobileSanity/HBI/Page_App Page 2/input__credit-card-first"), 20): Object 'Object Repository/mobileSanity/HBI/Page_App Page 2/input__credit-card-first' is visible

2020-05-12 08:12:55 - [MESSAGE][PASSED] - Object 'Object Repository/mobileSanity/HBI/Page_App Page 2/input__credit-card-first' is visible

2020-05-12 08:12:55 - [TEST_STEP][PASSED] - callTestCase(findTestCase("AHI/_include/get_screenshot"), [:], STOP_ON_FAILURE): Call Test Case 'Test Cases/AHI/_include/get_screenshot' successfully

2020-05-12 08:12:55 - [TEST_CASE][PASSED] - Test Cases/AHI/_include/get_screenshot: Test Cases/AHI/_include/get_screenshot

2020-05-12 08:12:55 - [TEST_STEP][PASSED] - Thread.sleep(1000): null

2020-05-12 08:12:56 - [TEST_STEP][PASSED] - takeScreenshot(screenPath + i + ".png"): Taking screenshot successfully

2020-05-12 08:12:57 - [MESSAGE][PASSED] - Taking screenshot successfully
[[ATTACHMENT|D:\\Test\\AgileTest\\Reports\\PrivateLabel\\Spark\\20200512_080044\\../Screenshots/iPhone 6/Spark/Vitala Care/20200512_081117/8.png]]

2020-05-12 08:12:57 - [TEST_STEP][PASSED] - (internal.GlobalVariable.i++): null

2020-05-12 08:12:57 - [MESSAGE][PASSED] - Call Test Case 'Test Cases/AHI/_include/get_screenshot' successfully

2020-05-12 08:12:57 - [TEST_STEP][PASSED] - setText(findTestObject("mobileSanity/HBI/Page_App Page 2/input__credit-card-first"), FirstName): Text 'Test-123' is set on object 'Object Repository/mobileSanity/HBI/Page_App Page 2/input__credit-card-first'

2020-05-12 08:12:57 - [MESSAGE][PASSED] - Text 'Test-123' is set on object 'Object Repository/mobileSanity/HBI/Page_App Page 2/input__credit-card-first'

2020-05-12 08:12:57 - [TEST_STEP][PASSED] - setText(findTestObject("mobileSanity/HBI/Page_App Page 2/input__credit-card-last"), LastName): Text 'ZZ11-YkrDdOsb' is set on object 'Object Repository/mobileSanity/HBI/Page_App Page 2/input__credit-card-last'

2020-05-12 08:12:57 - [MESSAGE][PASSED] - Text 'ZZ11-YkrDdOsb' is set on object 'Object Repository/mobileSanity/HBI/Page_App Page 2/input__credit-card-last'

2020-05-12 08:12:57 - [TEST_STEP][PASSED] - selectOptionByValue(findTestObject("mobileSanity/HBI/Page_App Page 2/select_MM010203040506070809101"), "12", true): All options with value '12' are selected in object 'Object Repository/mobileSanity/HBI/Page_App Page 2/select_MM010203040506070809101'  using regular expression

2020-05-12 08:12:58 - [MESSAGE][PASSED] - All options with value '12' are selected in object 'Object Repository/mobileSanity/HBI/Page_App Page 2/select_MM010203040506070809101'  using regular expression

2020-05-12 08:12:58 - [TEST_STEP][PASSED] - selectOptionByValue(findTestObject("mobileSanity/HBI/Page_App Page 2/select_YYYY2019202020212022202"), "2026", true): All options with value '2026' are selected in object 'Object Repository/mobileSanity/HBI/Page_App Page 2/select_YYYY2019202020212022202'  using regular expression

2020-05-12 08:12:58 - [MESSAGE][PASSED] - All options with value '2026' are selected in object 'Object Repository/mobileSanity/HBI/Page_App Page 2/select_YYYY2019202020212022202'  using regular expression

2020-05-12 08:12:58 - [TEST_STEP][PASSED] - setText(findTestObject("mobileSanity/HBI/Page_App Page 2/input__credit-card-number"), "4111111111111111"): Text '4111111111111111' is set on object 'Object Repository/mobileSanity/HBI/Page_App Page 2/input__credit-card-number'

2020-05-12 08:12:59 - [MESSAGE][PASSED] - Text '4111111111111111' is set on object 'Object Repository/mobileSanity/HBI/Page_App Page 2/input__credit-card-number'

2020-05-12 08:12:59 - [TEST_STEP][PASSED] - setText(findTestObject("mobileSanity/HBI/Page_App Page 2/input__cvv"), "123"): Text '123' is set on object 'Object Repository/mobileSanity/HBI/Page_App Page 2/input__cvv'

2020-05-12 08:12:59 - [MESSAGE][PASSED] - Text '123' is set on object 'Object Repository/mobileSanity/HBI/Page_App Page 2/input__cvv'

2020-05-12 08:12:59 - [TEST_STEP][PASSED] - click(findTestObject("mobileSanity/HBI/Page_App Page 2/label_My billing address is th")): Object: 'Object Repository/mobileSanity/HBI/Page_App Page 2/label_My billing address is th' is clicked on

2020-05-12 08:12:59 - [MESSAGE][PASSED] - Object: 'Object Repository/mobileSanity/HBI/Page_App Page 2/label_My billing address is th' is clicked on

2020-05-12 08:12:59 - [TEST_STEP][PASSED] - click(findTestObject("mobileSanity/HBI/Page_App Page 2/label_I Accept Authorization f")): Object: 'Object Repository/mobileSanity/HBI/Page_App Page 2/label_I Accept Authorization f' is clicked on

2020-05-12 08:12:59 - [MESSAGE][PASSED] - Object: 'Object Repository/mobileSanity/HBI/Page_App Page 2/label_I Accept Authorization f' is clicked on

2020-05-12 08:12:59 - [TEST_STEP][PASSED] - click(findTestObject("mobileSanity/HBI/Page_App Page 2/a_Continue to Step 3 - Review")): Object: 'Object Repository/mobileSanity/HBI/Page_App Page 2/a_Continue to Step 3 - Review' is clicked on

2020-05-12 08:12:59 - [MESSAGE][PASSED] - Object: 'Object Repository/mobileSanity/HBI/Page_App Page 2/a_Continue to Step 3 - Review' is clicked on

2020-05-12 08:12:59 - [TEST_STEP][PASSED] - waitForPageLoad(20): Wait for page load successfully

2020-05-12 08:12:59 - [MESSAGE][PASSED] - Wait for page load successfully

2020-05-12 08:12:59 - [TEST_STEP][PASSED] - Thread.sleep(10000): null

2020-05-12 08:13:09 - [TEST_STEP][PASSED] - waitForElementPresent(findTestObject("mobileSanity/HBI/Page_App Page 3/label"), 20): Object 'Object Repository/mobileSanity/HBI/Page_App Page 3/label' is present

2020-05-12 08:13:10 - [MESSAGE][PASSED] - Object 'Object Repository/mobileSanity/HBI/Page_App Page 3/label' is present

2020-05-12 08:13:10 - [TEST_STEP][PASSED] - callTestCase(findTestCase("AHI/_include/get_screenshot"), [:], STOP_ON_FAILURE): Call Test Case 'Test Cases/AHI/_include/get_screenshot' successfully

2020-05-12 08:13:10 - [TEST_CASE][PASSED] - Test Cases/AHI/_include/get_screenshot: Test Cases/AHI/_include/get_screenshot

2020-05-12 08:13:10 - [TEST_STEP][PASSED] - Thread.sleep(1000): null

2020-05-12 08:13:11 - [TEST_STEP][PASSED] - takeScreenshot(screenPath + i + ".png"): Taking screenshot successfully

2020-05-12 08:13:11 - [MESSAGE][PASSED] - Taking screenshot successfully
[[ATTACHMENT|D:\\Test\\AgileTest\\Reports\\PrivateLabel\\Spark\\20200512_080044\\../Screenshots/iPhone 6/Spark/Vitala Care/20200512_081117/9.png]]

2020-05-12 08:13:11 - [TEST_STEP][PASSED] - (internal.GlobalVariable.i++): null

2020-05-12 08:13:11 - [MESSAGE][PASSED] - Call Test Case 'Test Cases/AHI/_include/get_screenshot' successfully

2020-05-12 08:13:11 - [TEST_STEP][PASSED] - click(findTestObject("mobileSanity/HBI/Page_App Page 3/label")): Object: 'Object Repository/mobileSanity/HBI/Page_App Page 3/label' is clicked on

2020-05-12 08:13:11 - [MESSAGE][PASSED] - Object: 'Object Repository/mobileSanity/HBI/Page_App Page 3/label' is clicked on

2020-05-12 08:13:11 - [TEST_STEP][PASSED] - click(findTestObject("mobileSanity/HBI/Page_App Page 3/p_CLICK TO SIGN")): Object: 'Object Repository/mobileSanity/HBI/Page_App Page 3/p_CLICK TO SIGN' is clicked on

2020-05-12 08:13:12 - [MESSAGE][PASSED] - Object: 'Object Repository/mobileSanity/HBI/Page_App Page 3/p_CLICK TO SIGN' is clicked on

2020-05-12 08:13:12 - [TEST_STEP][PASSED] - click(findTestObject("mobileSanity/HBI/Page_App Page 3/a_Submit Your Application")): Object: 'Object Repository/mobileSanity/HBI/Page_App Page 3/a_Submit Your Application' is clicked on

2020-05-12 08:13:12 - [MESSAGE][PASSED] - Object: 'Object Repository/mobileSanity/HBI/Page_App Page 3/a_Submit Your Application' is clicked on

2020-05-12 08:13:12 - [TEST_STEP][PASSED] - waitForElementPresent(findTestObject("mobileSanity/Common/app-confirmation"), 20): Object 'Object Repository/mobileSanity/Common/app-confirmation' is present

2020-05-12 08:13:13 - [MESSAGE][PASSED] - Object 'Object Repository/mobileSanity/Common/app-confirmation' is present

2020-05-12 08:13:13 - [TEST_STEP][PASSED] - callTestCase(findTestCase("AHI/_include/get_screenshot"), [:], STOP_ON_FAILURE): Call Test Case 'Test Cases/AHI/_include/get_screenshot' successfully

2020-05-12 08:13:13 - [TEST_CASE][PASSED] - Test Cases/AHI/_include/get_screenshot: Test Cases/AHI/_include/get_screenshot

2020-05-12 08:13:13 - [TEST_STEP][PASSED] - Thread.sleep(1000): null

2020-05-12 08:13:14 - [TEST_STEP][PASSED] - takeScreenshot(screenPath + i + ".png"): Taking screenshot successfully

2020-05-12 08:13:15 - [MESSAGE][PASSED] - Taking screenshot successfully
[[ATTACHMENT|D:\\Test\\AgileTest\\Reports\\PrivateLabel\\Spark\\20200512_080044\\../Screenshots/iPhone 6/Spark/Vitala Care/20200512_081117/10.png]]

2020-05-12 08:13:15 - [TEST_STEP][PASSED] - (internal.GlobalVariable.i++): null

2020-05-12 08:13:15 - [MESSAGE][PASSED] - Call Test Case 'Test Cases/AHI/_include/get_screenshot' successfully

2020-05-12 08:13:15 - [MESSAGE][PASSED] - Call Test Case 'Test Cases/AHI/_include/goToEnd_hbi' successfully]]></system-out>
         <system-err><![CDATA[]]></system-err>
      </testcase>
      <testcase name="Test Cases/PL Site/Spark/stm/AdvantHealth" classname="Test Cases/PL Site/Spark/stm/AdvantHealth" status="PASSED">
         <system-out><![CDATA[2020-05-12 08:13:15 - [TEST_CASE][PASSED] - Test Cases/PL Site/Spark/stm/AdvantHealth: Test Cases/PL Site/Spark/stm/AdvantHealth

2020-05-12 08:13:15 - [TEST_STEP][PASSED] - callTestCase(findTestCase("AHI/_include/get_screenPath"), ["productLine":"Spark", "carrierName":"AdvantHealth"], CONTINUE_ON_FAILURE): Call Test Case 'Test Cases/AHI/_include/get_screenPath' successfully

2020-05-12 08:13:15 - [TEST_CASE][PASSED] - Test Cases/AHI/_include/get_screenPath: Test Cases/AHI/_include/get_screenPath

2020-05-12 08:13:15 - [TEST_STEP][PASSED] - m = getExecutionProperties(): null

2020-05-12 08:13:15 - [TEST_STEP][PASSED] - deviceName = get("mobileEmulation").get("deviceName"): null

2020-05-12 08:13:15 - [TEST_STEP][PASSED] - println(deviceName): null

2020-05-12 08:13:15 - [TEST_STEP][PASSED] - now = new java.util.Date(): null

2020-05-12 08:13:15 - [TEST_STEP][PASSED] - mydate = now.format("yyyyMMdd_HHmmss"): null

2020-05-12 08:13:15 - [TEST_STEP][PASSED] - screenPath = "../Screenshots/": null

2020-05-12 08:13:15 - [TEST_STEP][PASSED] - screenPath = screenPath + deviceName + "/" + productLine + "/" + carrierName + "/" + mydate + "/": null

2020-05-12 08:13:15 - [TEST_STEP][PASSED] - println(screenPath): null

2020-05-12 08:13:15 - [MESSAGE][PASSED] - Call Test Case 'Test Cases/AHI/_include/get_screenPath' successfully

2020-05-12 08:13:15 - [TEST_STEP][PASSED] - i = 0: null

2020-05-12 08:13:15 - [TEST_STEP][PASSED] - callTestCase(findTestCase("AHI/_include/openWebSite"), ["env":"https://spark--qa.storefront.mybenefitskeeper.com"], CONTINUE_ON_FAILURE): Call Test Case 'Test Cases/AHI/_include/openWebSite' successfully

2020-05-12 08:13:15 - [TEST_CASE][PASSED] - Test Cases/AHI/_include/openWebSite: Test Cases/AHI/_include/openWebSite

2020-05-12 08:13:15 - [TEST_STEP][PASSED] - openBrowser(env): Browser is opened with url: 'https://spark--qa.storefront.mybenefitskeeper.com'

2020-05-12 08:13:15 - [MESSAGE][WARNING] - A browser is already opened. Closing browser and opening a new one

2020-05-12 08:13:16 - [MESSAGE][INFO] - Starting 'Chrome' driver

2020-05-12 08:13:16 - [MESSAGE][INFO] - User set preference: ['mobileEmulation', '{deviceName=iPhone 6}']

2020-05-12 08:13:16 - [MESSAGE][INFO] - User set preference: ['args', '[--incognito, --aggressive-cache-discard, --window-size=375,677, --no-sandbox, --ignore-certificate-errors]']

2020-05-12 08:13:29 - [MESSAGE][PASSED] - Browser is opened with url: 'https://spark--qa.storefront.mybenefitskeeper.com'

2020-05-12 08:13:29 - [TEST_STEP][PASSED] - waitForPageLoad(20): Wait for page load successfully

2020-05-12 08:13:29 - [MESSAGE][PASSED] - Wait for page load successfully

2020-05-12 08:13:29 - [TEST_STEP][PASSED] - callTestCase(findTestCase("AHI/_include/get_screenshot"), [:], STOP_ON_FAILURE): Call Test Case 'Test Cases/AHI/_include/get_screenshot' successfully

2020-05-12 08:13:29 - [TEST_CASE][PASSED] - Test Cases/AHI/_include/get_screenshot: Test Cases/AHI/_include/get_screenshot

2020-05-12 08:13:29 - [TEST_STEP][PASSED] - Thread.sleep(1000): null

2020-05-12 08:13:30 - [TEST_STEP][PASSED] - takeScreenshot(screenPath + i + ".png"): Taking screenshot successfully

2020-05-12 08:13:32 - [MESSAGE][PASSED] - Taking screenshot successfully
[[ATTACHMENT|D:\\Test\\AgileTest\\Reports\\PrivateLabel\\Spark\\20200512_080044\\../Screenshots/iPhone 6/Spark/AdvantHealth/20200512_081315/0.png]]

2020-05-12 08:13:32 - [TEST_STEP][PASSED] - (internal.GlobalVariable.i++): null

2020-05-12 08:13:32 - [MESSAGE][PASSED] - Call Test Case 'Test Cases/AHI/_include/get_screenshot' successfully

2020-05-12 08:13:32 - [MESSAGE][PASSED] - Call Test Case 'Test Cases/AHI/_include/openWebSite' successfully

2020-05-12 08:13:32 - [TEST_STEP][PASSED] - callTestCase(findTestCase("AHI/_include/census_stm"), ["zipcode":"35215"], STOP_ON_FAILURE): Call Test Case 'Test Cases/AHI/_include/census_stm' successfully

2020-05-12 08:13:32 - [TEST_CASE][PASSED] - Test Cases/AHI/_include/census_stm: Test Cases/AHI/_include/census_stm

2020-05-12 08:13:33 - [TEST_STEP][PASSED] - waitForElementClickable(findTestObject("mobileSanity/STM/Home Page/a_Quote  Save Today"), 10): Object 'Object Repository/mobileSanity/STM/Home Page/a_Quote  Save Today' is clickable

2020-05-12 08:13:33 - [MESSAGE][PASSED] - Object 'Object Repository/mobileSanity/STM/Home Page/a_Quote  Save Today' is clickable

2020-05-12 08:13:33 - [TEST_STEP][PASSED] - click(findTestObject("mobileSanity/STM/Home Page/a_Quote  Save Today")): Object: 'Object Repository/mobileSanity/STM/Home Page/a_Quote  Save Today' is clicked on

2020-05-12 08:13:34 - [MESSAGE][PASSED] - Object: 'Object Repository/mobileSanity/STM/Home Page/a_Quote  Save Today' is clicked on

2020-05-12 08:13:34 - [TEST_STEP][PASSED] - waitForElementPresent(findTestObject("mobileSanity/STM/STM Census Page/input_Location_zip-input"), 20): Object 'Object Repository/mobileSanity/STM/STM Census Page/input_Location_zip-input' is present

2020-05-12 08:13:34 - [MESSAGE][PASSED] - Object 'Object Repository/mobileSanity/STM/STM Census Page/input_Location_zip-input' is present

2020-05-12 08:13:34 - [TEST_STEP][PASSED] - callTestCase(findTestCase("AHI/_include/get_screenshot"), [:], STOP_ON_FAILURE): Call Test Case 'Test Cases/AHI/_include/get_screenshot' successfully

2020-05-12 08:13:34 - [TEST_CASE][PASSED] - Test Cases/AHI/_include/get_screenshot: Test Cases/AHI/_include/get_screenshot

2020-05-12 08:13:34 - [TEST_STEP][PASSED] - Thread.sleep(1000): null

2020-05-12 08:13:35 - [TEST_STEP][PASSED] - takeScreenshot(screenPath + i + ".png"): Taking screenshot successfully

2020-05-12 08:13:36 - [MESSAGE][PASSED] - Taking screenshot successfully
[[ATTACHMENT|D:\\Test\\AgileTest\\Reports\\PrivateLabel\\Spark\\20200512_080044\\../Screenshots/iPhone 6/Spark/AdvantHealth/20200512_081315/1.png]]

2020-05-12 08:13:36 - [TEST_STEP][PASSED] - (internal.GlobalVariable.i++): null

2020-05-12 08:13:36 - [MESSAGE][PASSED] - Call Test Case 'Test Cases/AHI/_include/get_screenshot' successfully

2020-05-12 08:13:36 - [TEST_STEP][PASSED] - setText(findTestObject("mobileSanity/STM/STM Census Page/input_Location_zip-input"), zipcode): Text '35215' is set on object 'Object Repository/mobileSanity/STM/STM Census Page/input_Location_zip-input'

2020-05-12 08:13:37 - [MESSAGE][PASSED] - Text '35215' is set on object 'Object Repository/mobileSanity/STM/STM Census Page/input_Location_zip-input'

2020-05-12 08:13:37 - [TEST_STEP][PASSED] - Thread.sleep(500): null

2020-05-12 08:13:38 - [TEST_STEP][PASSED] - setText(findTestObject("mobileSanity/STM/STM Census Page/input_Date of Birth_dob-0"), "03031987"): Text '03031987' is set on object 'Object Repository/mobileSanity/STM/STM Census Page/input_Date of Birth_dob-0'

2020-05-12 08:13:38 - [MESSAGE][PASSED] - Text '03031987' is set on object 'Object Repository/mobileSanity/STM/STM Census Page/input_Date of Birth_dob-0'

2020-05-12 08:13:38 - [TEST_STEP][PASSED] - click(findTestObject("mobileSanity/STM/STM Census Page/label_Male")): Object: 'Object Repository/mobileSanity/STM/STM Census Page/label_Male' is clicked on

2020-05-12 08:13:38 - [MESSAGE][PASSED] - Object: 'Object Repository/mobileSanity/STM/STM Census Page/label_Male' is clicked on

2020-05-12 08:13:38 - [TEST_STEP][PASSED] - Thread.sleep(2000): null

2020-05-12 08:13:40 - [TEST_STEP][PASSED] - click(findTestObject("mobileSanity/STM/STM Census Page/label_Compare Plans")): Object: 'Object Repository/mobileSanity/STM/STM Census Page/label_Compare Plans' is clicked on

2020-05-12 08:13:43 - [MESSAGE][PASSED] - Object: 'Object Repository/mobileSanity/STM/STM Census Page/label_Compare Plans' is clicked on

2020-05-12 08:13:43 - [TEST_STEP][PASSED] - waitForElementVisible(findTestObject("mobileSanity/STM/STM Quote Page/button_sort"), 20): Object 'Object Repository/mobileSanity/STM/STM Quote Page/button_sort' is visible

2020-05-12 08:13:44 - [MESSAGE][PASSED] - Object 'Object Repository/mobileSanity/STM/STM Quote Page/button_sort' is visible

2020-05-12 08:13:44 - [TEST_STEP][PASSED] - Thread.sleep(3000): null

2020-05-12 08:13:47 - [TEST_STEP][PASSED] - callTestCase(findTestCase("AHI/_include/get_screenshot"), [:], STOP_ON_FAILURE): Call Test Case 'Test Cases/AHI/_include/get_screenshot' successfully

2020-05-12 08:13:47 - [TEST_CASE][PASSED] - Test Cases/AHI/_include/get_screenshot: Test Cases/AHI/_include/get_screenshot

2020-05-12 08:13:47 - [TEST_STEP][PASSED] - Thread.sleep(1000): null

2020-05-12 08:13:48 - [TEST_STEP][PASSED] - takeScreenshot(screenPath + i + ".png"): Taking screenshot successfully

2020-05-12 08:13:48 - [MESSAGE][PASSED] - Taking screenshot successfully
[[ATTACHMENT|D:\\Test\\AgileTest\\Reports\\PrivateLabel\\Spark\\20200512_080044\\../Screenshots/iPhone 6/Spark/AdvantHealth/20200512_081315/2.png]]

2020-05-12 08:13:48 - [TEST_STEP][PASSED] - (internal.GlobalVariable.i++): null

2020-05-12 08:13:48 - [MESSAGE][PASSED] - Call Test Case 'Test Cases/AHI/_include/get_screenshot' successfully

2020-05-12 08:13:48 - [TEST_STEP][PASSED] - Thread.sleep(1000): null

2020-05-12 08:13:49 - [MESSAGE][PASSED] - Call Test Case 'Test Cases/AHI/_include/census_stm' successfully

2020-05-12 08:13:49 - [TEST_STEP][PASSED] - callTestCase(findTestCase("AHI/_include/filter_stm"), ["carrier":"advanthealth"], STOP_ON_FAILURE): Call Test Case 'Test Cases/AHI/_include/filter_stm' successfully

2020-05-12 08:13:49 - [TEST_CASE][PASSED] - Test Cases/AHI/_include/filter_stm: Test Cases/AHI/_include/filter_stm

2020-05-12 08:13:50 - [TEST_STEP][PASSED] - driver = getWebDriver(): null

2020-05-12 08:13:50 - [TEST_STEP][PASSED] - selenium = new com.thoughtworks.selenium.webdriven.WebDriverBackedSelenium(driver, internal.GlobalVariable.ENV): null

2020-05-12 08:13:50 - [TEST_STEP][PASSED] - Thread.sleep(1000): null

2020-05-12 08:13:51 - [TEST_STEP][PASSED] - click(findTestObject("mobileSanity/STM/STM Quote Page/button_filters")): Object: 'Object Repository/mobileSanity/STM/STM Quote Page/button_filters' is clicked on

2020-05-12 08:13:51 - [MESSAGE][PASSED] - Object: 'Object Repository/mobileSanity/STM/STM Quote Page/button_filters' is clicked on

2020-05-12 08:13:51 - [TEST_STEP][PASSED] - Thread.sleep(1000): null

2020-05-12 08:13:52 - [TEST_STEP][PASSED] - click(findTestObject("mobileSanity/STM/STM Quote Page/i_Insurance company")): Object: 'Object Repository/mobileSanity/STM/STM Quote Page/i_Insurance company' is clicked on

2020-05-12 08:13:53 - [MESSAGE][PASSED] - Object: 'Object Repository/mobileSanity/STM/STM Quote Page/i_Insurance company' is clicked on

2020-05-12 08:13:53 - [TEST_STEP][PASSED] - Thread.sleep(1000): null

2020-05-12 08:13:54 - [TEST_STEP][PASSED] - filter_carrier = "//input[@name='filter[carrier]' and @value='" + carrier + "']/following::label": null

2020-05-12 08:13:54 - [TEST_STEP][PASSED] - println(filter_carrier): null

2020-05-12 08:13:54 - [TEST_STEP][PASSED] - test.MobileKeywords.clickJS_ByXpath(filter_carrier): test.MobileKeywords.clickJS_ByXpath is PASSED

2020-05-12 08:13:54 - [MESSAGE][PASSED] - Execute JavaScript 'arguments[0].click()' successfully

2020-05-12 08:13:54 - [MESSAGE][PASSED] - test.MobileKeywords.clickJS_ByXpath is PASSED

2020-05-12 08:13:54 - [TEST_STEP][PASSED] - click(findTestObject("mobileSanity/STM/STM Quote Page/js-close c-link-button")): Object: 'Object Repository/mobileSanity/STM/STM Quote Page/js-close c-link-button' is clicked on

2020-05-12 08:13:55 - [MESSAGE][PASSED] - Object: 'Object Repository/mobileSanity/STM/STM Quote Page/js-close c-link-button' is clicked on

2020-05-12 08:13:55 - [TEST_STEP][PASSED] - Thread.sleep(2000): null

2020-05-12 08:13:57 - [TEST_STEP][PASSED] - callTestCase(findTestCase("AHI/_include/get_screenshot"), [:], STOP_ON_FAILURE): Call Test Case 'Test Cases/AHI/_include/get_screenshot' successfully

2020-05-12 08:13:57 - [TEST_CASE][PASSED] - Test Cases/AHI/_include/get_screenshot: Test Cases/AHI/_include/get_screenshot

2020-05-12 08:13:57 - [TEST_STEP][PASSED] - Thread.sleep(1000): null

2020-05-12 08:13:58 - [TEST_STEP][PASSED] - takeScreenshot(screenPath + i + ".png"): Taking screenshot successfully

2020-05-12 08:13:58 - [MESSAGE][PASSED] - Taking screenshot successfully
[[ATTACHMENT|D:\\Test\\AgileTest\\Reports\\PrivateLabel\\Spark\\20200512_080044\\../Screenshots/iPhone 6/Spark/AdvantHealth/20200512_081315/3.png]]

2020-05-12 08:13:58 - [TEST_STEP][PASSED] - (internal.GlobalVariable.i++): null

2020-05-12 08:13:58 - [MESSAGE][PASSED] - Call Test Case 'Test Cases/AHI/_include/get_screenshot' successfully

2020-05-12 08:13:58 - [MESSAGE][PASSED] - Call Test Case 'Test Cases/AHI/_include/filter_stm' successfully

2020-05-12 08:13:58 - [TEST_STEP][PASSED] - callTestCase(findTestCase("AHI/_include/goToDetail_stm"), ["carrier":"advanthealth"], STOP_ON_FAILURE): Call Test Case 'Test Cases/AHI/_include/goToDetail_stm' successfully

2020-05-12 08:13:58 - [TEST_CASE][PASSED] - Test Cases/AHI/_include/goToDetail_stm: Test Cases/AHI/_include/goToDetail_stm

2020-05-12 08:13:59 - [TEST_STEP][PASSED] - driver = getWebDriver(): null

2020-05-12 08:13:59 - [TEST_STEP][PASSED] - selenium = new com.thoughtworks.selenium.webdriven.WebDriverBackedSelenium(driver, internal.GlobalVariable.ENV): null

2020-05-12 08:13:59 - [TEST_STEP][PASSED] - a_plan_name = "xpath=//a[contains(@href,'/term-health-insurance/plan/" + carrier + "')]": null

2020-05-12 08:13:59 - [TEST_STEP][PASSED] - println(a_plan_name): null

2020-05-12 08:13:59 - [TEST_STEP][PASSED] - selenium.click(a_plan_name): null

2020-05-12 08:14:01 - [TEST_STEP][PASSED] - waitForPageLoad(20): Wait for page load successfully

2020-05-12 08:14:01 - [MESSAGE][PASSED] - Wait for page load successfully

2020-05-12 08:14:01 - [TEST_STEP][PASSED] - Thread.sleep(2000): null

2020-05-12 08:14:03 - [TEST_STEP][PASSED] - callTestCase(findTestCase("AHI/_include/get_screenshot"), [:], STOP_ON_FAILURE): Call Test Case 'Test Cases/AHI/_include/get_screenshot' successfully

2020-05-12 08:14:04 - [TEST_CASE][PASSED] - Test Cases/AHI/_include/get_screenshot: Test Cases/AHI/_include/get_screenshot

2020-05-12 08:14:04 - [TEST_STEP][PASSED] - Thread.sleep(1000): null

2020-05-12 08:14:05 - [TEST_STEP][PASSED] - takeScreenshot(screenPath + i + ".png"): Taking screenshot successfully

2020-05-12 08:14:06 - [MESSAGE][PASSED] - Taking screenshot successfully
[[ATTACHMENT|D:\\Test\\AgileTest\\Reports\\PrivateLabel\\Spark\\20200512_080044\\../Screenshots/iPhone 6/Spark/AdvantHealth/20200512_081315/4.png]]

2020-05-12 08:14:06 - [TEST_STEP][PASSED] - (internal.GlobalVariable.i++): null

2020-05-12 08:14:06 - [MESSAGE][PASSED] - Call Test Case 'Test Cases/AHI/_include/get_screenshot' successfully

2020-05-12 08:14:06 - [MESSAGE][PASSED] - Call Test Case 'Test Cases/AHI/_include/goToDetail_stm' successfully

2020-05-12 08:14:06 - [TEST_STEP][PASSED] - callTestCase(findTestCase("AHI/_include/apply_stm"), [:], STOP_ON_FAILURE): Call Test Case 'Test Cases/AHI/_include/apply_stm' successfully

2020-05-12 08:14:06 - [TEST_CASE][PASSED] - Test Cases/AHI/_include/apply_stm: Test Cases/AHI/_include/apply_stm

2020-05-12 08:14:07 - [TEST_STEP][PASSED] - waitForElementVisible(findTestObject("mobileSanity/STM/STM PlanDetail Page/a_Apply for This Plan"), 5): Object 'Object Repository/mobileSanity/STM/STM PlanDetail Page/a_Apply for This Plan' is visible

2020-05-12 08:14:07 - [MESSAGE][PASSED] - Object 'Object Repository/mobileSanity/STM/STM PlanDetail Page/a_Apply for This Plan' is visible

2020-05-12 08:14:07 - [TEST_STEP][PASSED] - click(findTestObject("mobileSanity/STM/STM PlanDetail Page/a_Apply for This Plan")): Object: 'Object Repository/mobileSanity/STM/STM PlanDetail Page/a_Apply for This Plan' is clicked on

2020-05-12 08:14:08 - [MESSAGE][PASSED] - Object: 'Object Repository/mobileSanity/STM/STM PlanDetail Page/a_Apply for This Plan' is clicked on

2020-05-12 08:14:08 - [TEST_STEP][PASSED] - waitForPageLoad(10): Wait for page load successfully

2020-05-12 08:14:08 - [MESSAGE][PASSED] - Wait for page load successfully

2020-05-12 08:14:08 - [TEST_STEP][PASSED] - Thread.sleep(2000): null

2020-05-12 08:14:10 - [TEST_STEP][PASSED] - callTestCase(findTestCase("AHI/_include/get_screenshot"), [:], STOP_ON_FAILURE): Call Test Case 'Test Cases/AHI/_include/get_screenshot' successfully

2020-05-12 08:14:10 - [TEST_CASE][PASSED] - Test Cases/AHI/_include/get_screenshot: Test Cases/AHI/_include/get_screenshot

2020-05-12 08:14:10 - [TEST_STEP][PASSED] - Thread.sleep(1000): null

2020-05-12 08:14:11 - [TEST_STEP][PASSED] - takeScreenshot(screenPath + i + ".png"): Taking screenshot successfully

2020-05-12 08:14:12 - [MESSAGE][PASSED] - Taking screenshot successfully
[[ATTACHMENT|D:\\Test\\AgileTest\\Reports\\PrivateLabel\\Spark\\20200512_080044\\../Screenshots/iPhone 6/Spark/AdvantHealth/20200512_081315/5.png]]

2020-05-12 08:14:12 - [TEST_STEP][PASSED] - (internal.GlobalVariable.i++): null

2020-05-12 08:14:12 - [MESSAGE][PASSED] - Call Test Case 'Test Cases/AHI/_include/get_screenshot' successfully

2020-05-12 08:14:12 - [TEST_STEP][PASSED] - waitForElementVisible(findTestObject("mobileSanity/STM/STM Apply Page/a_Start Secure Application"), 5): Object 'Object Repository/mobileSanity/STM/STM Apply Page/a_Start Secure Application' is visible

2020-05-12 08:14:12 - [MESSAGE][PASSED] - Object 'Object Repository/mobileSanity/STM/STM Apply Page/a_Start Secure Application' is visible

2020-05-12 08:14:12 - [TEST_STEP][PASSED] - click(findTestObject("mobileSanity/STM/STM Apply Page/a_Start Secure Application")): Object: 'Object Repository/mobileSanity/STM/STM Apply Page/a_Start Secure Application' is clicked on

2020-05-12 08:14:12 - [MESSAGE][PASSED] - Object: 'Object Repository/mobileSanity/STM/STM Apply Page/a_Start Secure Application' is clicked on

2020-05-12 08:14:12 - [TEST_STEP][PASSED] - waitForPageLoad(20): Wait for page load successfully

2020-05-12 08:14:12 - [MESSAGE][PASSED] - Wait for page load successfully

2020-05-12 08:14:12 - [TEST_STEP][PASSED] - Thread.sleep(2000): null

2020-05-12 08:14:14 - [TEST_STEP][PASSED] - callTestCase(findTestCase("AHI/_include/get_screenshot"), [:], STOP_ON_FAILURE): Call Test Case 'Test Cases/AHI/_include/get_screenshot' successfully

2020-05-12 08:14:15 - [TEST_CASE][PASSED] - Test Cases/AHI/_include/get_screenshot: Test Cases/AHI/_include/get_screenshot

2020-05-12 08:14:15 - [TEST_STEP][PASSED] - Thread.sleep(1000): null

2020-05-12 08:14:16 - [TEST_STEP][PASSED] - takeScreenshot(screenPath + i + ".png"): Taking screenshot successfully

2020-05-12 08:14:16 - [MESSAGE][PASSED] - Taking screenshot successfully
[[ATTACHMENT|D:\\Test\\AgileTest\\Reports\\PrivateLabel\\Spark\\20200512_080044\\../Screenshots/iPhone 6/Spark/AdvantHealth/20200512_081315/6.png]]

2020-05-12 08:14:16 - [TEST_STEP][PASSED] - (internal.GlobalVariable.i++): null

2020-05-12 08:14:16 - [MESSAGE][PASSED] - Call Test Case 'Test Cases/AHI/_include/get_screenshot' successfully

2020-05-12 08:14:16 - [MESSAGE][PASSED] - Call Test Case 'Test Cases/AHI/_include/apply_stm' successfully

2020-05-12 08:14:16 - [TEST_STEP][PASSED] - callTestCase(findTestCase("AHI/_include/goToEnd_stm_autofill"), [:], STOP_ON_FAILURE): Call Test Case 'Test Cases/AHI/_include/goToEnd_stm_autofill' successfully

2020-05-12 08:14:16 - [TEST_CASE][PASSED] - Test Cases/AHI/_include/goToEnd_stm_autofill: Test Cases/AHI/_include/goToEnd_stm_autofill

2020-05-12 08:14:17 - [TEST_STEP][PASSED] - callTestCase(findTestCase("AHI/_include/name"), [:], CONTINUE_ON_FAILURE): Call Test Case 'Test Cases/AHI/_include/name' successfully

2020-05-12 08:14:17 - [TEST_CASE][PASSED] - Test Cases/AHI/_include/name: Test Cases/AHI/_include/name

2020-05-12 08:14:17 - [TEST_STEP][PASSED] - driver = getWebDriver(): null

2020-05-12 08:14:17 - [TEST_STEP][PASSED] - selenium = new com.thoughtworks.selenium.webdriven.WebDriverBackedSelenium(driver, internal.GlobalVariable.ENV): null

2020-05-12 08:14:17 - [TEST_STEP][PASSED] - FirstName = "Test-123": null

2020-05-12 08:14:17 - [TEST_STEP][PASSED] - LastName = selenium.getEval("{var x="ABCDEFGHIJKLMNOPQRSTUVWXYZabcdefghijklmnopqrstuvwxyz"; var tmp="ZZ11-"; for (i=0;i<8;i++) tmp+=x.charAt(Math.ceil(51*Math.random()));tmp;}"): null

2020-05-12 08:14:17 - [TEST_STEP][PASSED] - Address = selenium.getEval("{var x="ABCDEFGHIJKLMNOPQRSTUVWXYZabcdefghijklmnopqrstuvwxyz"; var tmp=""; for (i=0;i<8;i++) tmp+=x.charAt(Math.ceil(51*Math.random()));tmp;}"): null

2020-05-12 08:14:17 - [TEST_STEP][PASSED] - City = selenium.getEval("{var x="ABCDEFGHIJKLMNOPQRSTUVWXYZabcdefghijklmnopqrstuvwxyz"; var tmp=""; for (i=0;i<8;i++) tmp+=x.charAt(Math.ceil(51*Math.random()));tmp;}"): null

2020-05-12 08:14:17 - [TEST_STEP][PASSED] - tel1 = selenium.getEval("{var x="123456789"; var tmp=""; for (i=0;i<3;i++) tmp+=x.charAt(Math.ceil(8*Math.random()));tmp;}"): null

2020-05-12 08:14:17 - [TEST_STEP][PASSED] - tel2 = selenium.getEval("{var x="123456789"; var tmp=""; for (i=0;i<3;i++) tmp+=x.charAt(Math.ceil(8*Math.random()));tmp;}"): null

2020-05-12 08:14:17 - [TEST_STEP][PASSED] - tel3 = selenium.getEval("{var x="123456789"; var tmp=""; for (i=0;i<4;i++) tmp+=x.charAt(Math.ceil(8*Math.random()));tmp;}"): null

2020-05-12 08:14:17 - [TEST_STEP][PASSED] - Tel = selenium.getExpression(tel1 + "-" + tel2 + "-" + tel3): null

2020-05-12 08:14:17 - [TEST_STEP][PASSED] - AutoEmail = selenium.getEval("{var x="ABCDEFGHIJKLMNOPQRSTUVWXYZabcdefghijklmnopqrstuvwxyz"; var tmp="test."; for (i=0;i<8;i++) tmp+=x.charAt(Math.ceil(51*Math.random()));tmp+="@suryani.cn";}"): null

2020-05-12 08:14:17 - [TEST_STEP][PASSED] - FirstName = FirstName: null

2020-05-12 08:14:17 - [TEST_STEP][PASSED] - LastName = LastName: null

2020-05-12 08:14:17 - [TEST_STEP][PASSED] - Address = Address: null

2020-05-12 08:14:17 - [TEST_STEP][PASSED] - City = City: null

2020-05-12 08:14:17 - [TEST_STEP][PASSED] - Tel = Tel: null

2020-05-12 08:14:17 - [TEST_STEP][PASSED] - AutoEmail = AutoEmail: null

2020-05-12 08:14:17 - [TEST_STEP][PASSED] - println(FirstName): null

2020-05-12 08:14:17 - [TEST_STEP][PASSED] - println(LastName): null

2020-05-12 08:14:17 - [TEST_STEP][PASSED] - println(Address): null

2020-05-12 08:14:17 - [TEST_STEP][PASSED] - println(City): null

2020-05-12 08:14:17 - [TEST_STEP][PASSED] - println(Tel): null

2020-05-12 08:14:17 - [TEST_STEP][PASSED] - println(AutoEmail): null

2020-05-12 08:14:17 - [MESSAGE][PASSED] - Call Test Case 'Test Cases/AHI/_include/name' successfully

2020-05-12 08:14:17 - [TEST_STEP][PASSED] - try: Call Test Case 'Test Cases/AHI/_include/get_screenshot' successfully

2020-05-12 08:14:17 - [TEST_STEP][PASSED] - if (verifyTextPresent("Month Duration Acknowledgement", false)): Call Test Case 'Test Cases/AHI/_include/get_screenshot' successfully

2020-05-12 08:14:18 - [MESSAGE][PASSED] - Text 'Month Duration Acknowledgement' is present on page 

2020-05-12 08:14:18 - [TEST_STEP][PASSED] - click(findTestObject("mobileSanity/STM/Page_App Page 1/label_By checking this box I u")): Object: 'Object Repository/mobileSanity/STM/Page_App Page 1/label_By checking this box I u' is clicked on

2020-05-12 08:14:18 - [MESSAGE][PASSED] - Object: 'Object Repository/mobileSanity/STM/Page_App Page 1/label_By checking this box I u' is clicked on

2020-05-12 08:14:18 - [TEST_STEP][PASSED] - click(findTestObject("mobileSanity/STM/Page_App Page 1/button_Continue to Application")): Object: 'Object Repository/mobileSanity/STM/Page_App Page 1/button_Continue to Application' is clicked on

2020-05-12 08:14:19 - [MESSAGE][PASSED] - Object: 'Object Repository/mobileSanity/STM/Page_App Page 1/button_Continue to Application' is clicked on

2020-05-12 08:14:19 - [TEST_STEP][PASSED] - waitForPageLoad(20): Wait for page load successfully

2020-05-12 08:14:19 - [MESSAGE][PASSED] - Wait for page load successfully

2020-05-12 08:14:19 - [TEST_STEP][PASSED] - Thread.sleep(5000): null

2020-05-12 08:14:24 - [TEST_STEP][PASSED] - callTestCase(findTestCase("AHI/_include/get_screenshot"), [:], STOP_ON_FAILURE): Call Test Case 'Test Cases/AHI/_include/get_screenshot' successfully

2020-05-12 08:14:24 - [TEST_CASE][PASSED] - Test Cases/AHI/_include/get_screenshot: Test Cases/AHI/_include/get_screenshot

2020-05-12 08:14:25 - [TEST_STEP][PASSED] - Thread.sleep(1000): null

2020-05-12 08:14:26 - [TEST_STEP][PASSED] - takeScreenshot(screenPath + i + ".png"): Taking screenshot successfully

2020-05-12 08:14:26 - [MESSAGE][PASSED] - Taking screenshot successfully
[[ATTACHMENT|D:\\Test\\AgileTest\\Reports\\PrivateLabel\\Spark\\20200512_080044\\../Screenshots/iPhone 6/Spark/AdvantHealth/20200512_081315/7.png]]

2020-05-12 08:14:26 - [TEST_STEP][PASSED] - (internal.GlobalVariable.i++): null

2020-05-12 08:14:26 - [MESSAGE][PASSED] - Call Test Case 'Test Cases/AHI/_include/get_screenshot' successfully

2020-05-12 08:14:26 - [TEST_STEP][PASSED] - waitForPageLoad(10): Wait for page load successfully

2020-05-12 08:14:26 - [MESSAGE][PASSED] - Wait for page load successfully

2020-05-12 08:14:26 - [TEST_STEP][PASSED] - Thread.sleep(3000): null

2020-05-12 08:14:30 - [TEST_STEP][PASSED] - waitForElementVisible(findTestObject("mobileSanity/STM/Page_App Page 1/a_Autofill App Info"), 20): Object 'Object Repository/mobileSanity/STM/Page_App Page 1/a_Autofill App Info' is visible

2020-05-12 08:14:30 - [MESSAGE][PASSED] - Object 'Object Repository/mobileSanity/STM/Page_App Page 1/a_Autofill App Info' is visible

2020-05-12 08:14:30 - [TEST_STEP][PASSED] - click(findTestObject("mobileSanity/STM/Page_App Page 1/a_Autofill App Info")): Object: 'Object Repository/mobileSanity/STM/Page_App Page 1/a_Autofill App Info' is clicked on

2020-05-12 08:14:30 - [MESSAGE][PASSED] - Object: 'Object Repository/mobileSanity/STM/Page_App Page 1/a_Autofill App Info' is clicked on

2020-05-12 08:14:30 - [TEST_STEP][PASSED] - Thread.sleep(1000): null

2020-05-12 08:14:31 - [TEST_STEP][PASSED] - click(findTestObject("mobileSanity/STM/Page_App Page 1/a_Autofill App Info")): Object: 'Object Repository/mobileSanity/STM/Page_App Page 1/a_Autofill App Info' is clicked on

2020-05-12 08:14:32 - [MESSAGE][PASSED] - Object: 'Object Repository/mobileSanity/STM/Page_App Page 1/a_Autofill App Info' is clicked on

2020-05-12 08:14:32 - [TEST_STEP][PASSED] - Thread.sleep(1000): null

2020-05-12 08:14:33 - [TEST_STEP][PASSED] - waitForElementVisible(findTestObject("mobileSanity/STM/Page_App Page 1/a_Continue"), 20): Object 'Object Repository/mobileSanity/STM/Page_App Page 1/a_Continue' is visible

2020-05-12 08:14:33 - [MESSAGE][PASSED] - Object 'Object Repository/mobileSanity/STM/Page_App Page 1/a_Continue' is visible

2020-05-12 08:14:33 - [TEST_STEP][PASSED] - click(findTestObject("mobileSanity/STM/Page_App Page 1/a_Continue")): Object: 'Object Repository/mobileSanity/STM/Page_App Page 1/a_Continue' is clicked on

2020-05-12 08:14:33 - [MESSAGE][PASSED] - Object: 'Object Repository/mobileSanity/STM/Page_App Page 1/a_Continue' is clicked on

2020-05-12 08:14:33 - [TEST_STEP][PASSED] - waitForPageLoad(20): Wait for page load successfully

2020-05-12 08:14:34 - [MESSAGE][PASSED] - Wait for page load successfully

2020-05-12 08:14:34 - [TEST_STEP][PASSED] - Thread.sleep(5000): null

2020-05-12 08:14:39 - [TEST_STEP][PASSED] - callTestCase(findTestCase("AHI/_include/get_screenshot"), [:], STOP_ON_FAILURE): Call Test Case 'Test Cases/AHI/_include/get_screenshot' successfully

2020-05-12 08:14:39 - [TEST_CASE][PASSED] - Test Cases/AHI/_include/get_screenshot: Test Cases/AHI/_include/get_screenshot

2020-05-12 08:14:39 - [TEST_STEP][PASSED] - Thread.sleep(1000): null

2020-05-12 08:14:40 - [TEST_STEP][PASSED] - takeScreenshot(screenPath + i + ".png"): Taking screenshot successfully

2020-05-12 08:14:41 - [MESSAGE][PASSED] - Taking screenshot successfully
[[ATTACHMENT|D:\\Test\\AgileTest\\Reports\\PrivateLabel\\Spark\\20200512_080044\\../Screenshots/iPhone 6/Spark/AdvantHealth/20200512_081315/8.png]]

2020-05-12 08:14:41 - [TEST_STEP][PASSED] - (internal.GlobalVariable.i++): null

2020-05-12 08:14:41 - [MESSAGE][PASSED] - Call Test Case 'Test Cases/AHI/_include/get_screenshot' successfully

2020-05-12 08:14:41 - [TEST_STEP][PASSED] - click(findTestObject("mobileSanity/STM/Page_App Page 2/a_Continue to Step 3 - Payment")): Object: 'Object Repository/mobileSanity/STM/Page_App Page 2/a_Continue to Step 3 - Payment' is clicked on

2020-05-12 08:14:42 - [MESSAGE][PASSED] - Object: 'Object Repository/mobileSanity/STM/Page_App Page 2/a_Continue to Step 3 - Payment' is clicked on

2020-05-12 08:14:42 - [TEST_STEP][PASSED] - waitForPageLoad(20): Wait for page load successfully

2020-05-12 08:14:42 - [MESSAGE][PASSED] - Wait for page load successfully

2020-05-12 08:14:42 - [TEST_STEP][PASSED] - waitForElementVisible(findTestObject("mobileSanity/STM/Page_App Page 3/input__credit-card-cvv"), 20): Object 'Object Repository/mobileSanity/STM/Page_App Page 3/input__credit-card-cvv' is visible

2020-05-12 08:14:44 - [MESSAGE][PASSED] - Object 'Object Repository/mobileSanity/STM/Page_App Page 3/input__credit-card-cvv' is visible

2020-05-12 08:14:44 - [TEST_STEP][PASSED] - Thread.sleep(2000): null

2020-05-12 08:14:46 - [TEST_STEP][PASSED] - callTestCase(findTestCase("AHI/_include/get_screenshot"), [:], STOP_ON_FAILURE): Call Test Case 'Test Cases/AHI/_include/get_screenshot' successfully

2020-05-12 08:14:46 - [TEST_CASE][PASSED] - Test Cases/AHI/_include/get_screenshot: Test Cases/AHI/_include/get_screenshot

2020-05-12 08:14:46 - [TEST_STEP][PASSED] - Thread.sleep(1000): null

2020-05-12 08:14:47 - [TEST_STEP][PASSED] - takeScreenshot(screenPath + i + ".png"): Taking screenshot successfully

2020-05-12 08:14:47 - [MESSAGE][PASSED] - Taking screenshot successfully
[[ATTACHMENT|D:\\Test\\AgileTest\\Reports\\PrivateLabel\\Spark\\20200512_080044\\../Screenshots/iPhone 6/Spark/AdvantHealth/20200512_081315/9.png]]

2020-05-12 08:14:47 - [TEST_STEP][PASSED] - (internal.GlobalVariable.i++): null

2020-05-12 08:14:47 - [MESSAGE][PASSED] - Call Test Case 'Test Cases/AHI/_include/get_screenshot' successfully

2020-05-12 08:14:47 - [TEST_STEP][PASSED] - clearText(findTestObject("mobileSanity/STM/Page_App Page 3/input__credit-card-cvv")): Text of object 'Object Repository/mobileSanity/STM/Page_App Page 3/input__credit-card-cvv' is cleared

2020-05-12 08:14:48 - [MESSAGE][PASSED] - Text of object 'Object Repository/mobileSanity/STM/Page_App Page 3/input__credit-card-cvv' is cleared

2020-05-12 08:14:48 - [TEST_STEP][PASSED] - setText(findTestObject("mobileSanity/STM/Page_App Page 3/input__credit-card-cvv"), "123"): Text '123' is set on object 'Object Repository/mobileSanity/STM/Page_App Page 3/input__credit-card-cvv'

2020-05-12 08:14:48 - [MESSAGE][PASSED] - Text '123' is set on object 'Object Repository/mobileSanity/STM/Page_App Page 3/input__credit-card-cvv'

2020-05-12 08:14:48 - [TEST_STEP][PASSED] - click(findTestObject("mobileSanity/STM/Page_App Page 3/label_I Accept Authorization f")): Object: 'Object Repository/mobileSanity/STM/Page_App Page 3/label_I Accept Authorization f' is clicked on

2020-05-12 08:14:48 - [MESSAGE][PASSED] - Object: 'Object Repository/mobileSanity/STM/Page_App Page 3/label_I Accept Authorization f' is clicked on

2020-05-12 08:14:48 - [TEST_STEP][PASSED] - click(findTestObject("mobileSanity/STM/Page_App Page 3/a_Continue to Step 4 - Review")): Object: 'Object Repository/mobileSanity/STM/Page_App Page 3/a_Continue to Step 4 - Review' is clicked on

2020-05-12 08:14:48 - [MESSAGE][PASSED] - Object: 'Object Repository/mobileSanity/STM/Page_App Page 3/a_Continue to Step 4 - Review' is clicked on

2020-05-12 08:14:48 - [TEST_STEP][PASSED] - waitForPageLoad(10): Wait for page load successfully

2020-05-12 08:14:49 - [MESSAGE][PASSED] - Wait for page load successfully

2020-05-12 08:14:49 - [TEST_STEP][PASSED] - waitForElementClickable(findTestObject("mobileSanity/STM/Page_App Page 4/label"), 10): Object 'Object Repository/mobileSanity/STM/Page_App Page 4/label' is clickable

2020-05-12 08:14:50 - [MESSAGE][PASSED] - Object 'Object Repository/mobileSanity/STM/Page_App Page 4/label' is clickable

2020-05-12 08:14:50 - [TEST_STEP][PASSED] - Thread.sleep(2000): null

2020-05-12 08:14:52 - [TEST_STEP][PASSED] - callTestCase(findTestCase("AHI/_include/get_screenshot"), [:], STOP_ON_FAILURE): Call Test Case 'Test Cases/AHI/_include/get_screenshot' successfully

2020-05-12 08:14:52 - [TEST_CASE][PASSED] - Test Cases/AHI/_include/get_screenshot: Test Cases/AHI/_include/get_screenshot

2020-05-12 08:14:52 - [TEST_STEP][PASSED] - Thread.sleep(1000): null

2020-05-12 08:14:53 - [TEST_STEP][PASSED] - takeScreenshot(screenPath + i + ".png"): Taking screenshot successfully

2020-05-12 08:14:54 - [MESSAGE][PASSED] - Taking screenshot successfully
[[ATTACHMENT|D:\\Test\\AgileTest\\Reports\\PrivateLabel\\Spark\\20200512_080044\\../Screenshots/iPhone 6/Spark/AdvantHealth/20200512_081315/10.png]]

2020-05-12 08:14:54 - [TEST_STEP][PASSED] - (internal.GlobalVariable.i++): null

2020-05-12 08:14:54 - [MESSAGE][PASSED] - Call Test Case 'Test Cases/AHI/_include/get_screenshot' successfully

2020-05-12 08:14:54 - [TEST_STEP][PASSED] - click(findTestObject("mobileSanity/STM/Page_App Page 4/label")): Object: 'Object Repository/mobileSanity/STM/Page_App Page 4/label' is clicked on

2020-05-12 08:14:55 - [MESSAGE][PASSED] - Object: 'Object Repository/mobileSanity/STM/Page_App Page 4/label' is clicked on

2020-05-12 08:14:55 - [TEST_STEP][PASSED] - click(findTestObject("mobileSanity/STM/Page_App Page 4/div_CLICK TO SIGN")): Object: 'Object Repository/mobileSanity/STM/Page_App Page 4/div_CLICK TO SIGN' is clicked on

2020-05-12 08:14:55 - [MESSAGE][PASSED] - Object: 'Object Repository/mobileSanity/STM/Page_App Page 4/div_CLICK TO SIGN' is clicked on

2020-05-12 08:14:55 - [TEST_STEP][PASSED] - click(findTestObject("mobileSanity/STM/Page_App Page 4/a_Submit Your Application")): Object: 'Object Repository/mobileSanity/STM/Page_App Page 4/a_Submit Your Application' is clicked on

2020-05-12 08:14:56 - [MESSAGE][PASSED] - Object: 'Object Repository/mobileSanity/STM/Page_App Page 4/a_Submit Your Application' is clicked on

2020-05-12 08:14:56 - [TEST_STEP][PASSED] - waitForElementPresent(findTestObject("mobileSanity/Common/app-confirmation"), 50): Object 'Object Repository/mobileSanity/Common/app-confirmation' is not present after 50 second(s)

2020-05-12 08:15:53 - [MESSAGE][INFO] - Unable to find the element located by 'By.xpath: //*[@id = 'app-confirmation']'. Please recheck the objects properties to make sure the desired element is located. 

2020-05-12 08:15:53 - [MESSAGE][WARNING] - Object 'Object Repository/mobileSanity/Common/app-confirmation' is not present after 50 second(s)

2020-05-12 08:15:53 - [TEST_STEP][PASSED] - callTestCase(findTestCase("AHI/_include/get_screenshot"), [:], STOP_ON_FAILURE): Call Test Case 'Test Cases/AHI/_include/get_screenshot' successfully

2020-05-12 08:15:53 - [TEST_CASE][PASSED] - Test Cases/AHI/_include/get_screenshot: Test Cases/AHI/_include/get_screenshot

2020-05-12 08:15:53 - [TEST_STEP][PASSED] - Thread.sleep(1000): null

2020-05-12 08:15:54 - [TEST_STEP][PASSED] - takeScreenshot(screenPath + i + ".png"): Taking screenshot successfully

2020-05-12 08:15:54 - [MESSAGE][PASSED] - Taking screenshot successfully
[[ATTACHMENT|D:\\Test\\AgileTest\\Reports\\PrivateLabel\\Spark\\20200512_080044\\../Screenshots/iPhone 6/Spark/AdvantHealth/20200512_081315/11.png]]

2020-05-12 08:15:54 - [TEST_STEP][PASSED] - (internal.GlobalVariable.i++): null

2020-05-12 08:15:54 - [MESSAGE][PASSED] - Call Test Case 'Test Cases/AHI/_include/get_screenshot' successfully

2020-05-12 08:15:54 - [MESSAGE][PASSED] - Call Test Case 'Test Cases/AHI/_include/goToEnd_stm_autofill' successfully]]></system-out>
         <system-err><![CDATA[]]></system-err>
      </testcase>
      <testcase name="Test Cases/PL Site/Spark/stm/Everest Prime" classname="Test Cases/PL Site/Spark/stm/Everest Prime" status="PASSED">
         <system-out><![CDATA[2020-05-12 08:15:54 - [TEST_CASE][PASSED] - Test Cases/PL Site/Spark/stm/Everest Prime: Test Cases/PL Site/Spark/stm/Everest Prime

2020-05-12 08:15:54 - [TEST_STEP][PASSED] - callTestCase(findTestCase("AHI/_include/get_screenPath"), ["productLine":"Spark", "carrierName":"Everest Prime"], CONTINUE_ON_FAILURE): Call Test Case 'Test Cases/AHI/_include/get_screenPath' successfully

2020-05-12 08:15:54 - [TEST_CASE][PASSED] - Test Cases/AHI/_include/get_screenPath: Test Cases/AHI/_include/get_screenPath

2020-05-12 08:15:54 - [TEST_STEP][PASSED] - m = getExecutionProperties(): null

2020-05-12 08:15:55 - [TEST_STEP][PASSED] - deviceName = get("mobileEmulation").get("deviceName"): null

2020-05-12 08:15:55 - [TEST_STEP][PASSED] - println(deviceName): null

2020-05-12 08:15:55 - [TEST_STEP][PASSED] - now = new java.util.Date(): null

2020-05-12 08:15:55 - [TEST_STEP][PASSED] - mydate = now.format("yyyyMMdd_HHmmss"): null

2020-05-12 08:15:55 - [TEST_STEP][PASSED] - screenPath = "../Screenshots/": null

2020-05-12 08:15:55 - [TEST_STEP][PASSED] - screenPath = screenPath + deviceName + "/" + productLine + "/" + carrierName + "/" + mydate + "/": null

2020-05-12 08:15:55 - [TEST_STEP][PASSED] - println(screenPath): null

2020-05-12 08:15:55 - [MESSAGE][PASSED] - Call Test Case 'Test Cases/AHI/_include/get_screenPath' successfully

2020-05-12 08:15:55 - [TEST_STEP][PASSED] - i = 0: null

2020-05-12 08:15:55 - [TEST_STEP][PASSED] - callTestCase(findTestCase("AHI/_include/openWebSite"), ["env":"https://spark--qa.storefront.mybenefitskeeper.com"], CONTINUE_ON_FAILURE): Call Test Case 'Test Cases/AHI/_include/openWebSite' successfully

2020-05-12 08:15:55 - [TEST_CASE][PASSED] - Test Cases/AHI/_include/openWebSite: Test Cases/AHI/_include/openWebSite

2020-05-12 08:15:55 - [TEST_STEP][PASSED] - openBrowser(env): Browser is opened with url: 'https://spark--qa.storefront.mybenefitskeeper.com'

2020-05-12 08:15:55 - [MESSAGE][WARNING] - A browser is already opened. Closing browser and opening a new one

2020-05-12 08:15:57 - [MESSAGE][INFO] - Starting 'Chrome' driver

2020-05-12 08:15:57 - [MESSAGE][INFO] - User set preference: ['mobileEmulation', '{deviceName=iPhone 6}']

2020-05-12 08:15:57 - [MESSAGE][INFO] - User set preference: ['args', '[--incognito, --aggressive-cache-discard, --window-size=375,677, --no-sandbox, --ignore-certificate-errors]']

2020-05-12 08:16:29 - [MESSAGE][PASSED] - Browser is opened with url: 'https://spark--qa.storefront.mybenefitskeeper.com'

2020-05-12 08:16:29 - [TEST_STEP][PASSED] - waitForPageLoad(20): Wait for page load successfully

2020-05-12 08:16:29 - [MESSAGE][PASSED] - Wait for page load successfully

2020-05-12 08:16:29 - [TEST_STEP][PASSED] - callTestCase(findTestCase("AHI/_include/get_screenshot"), [:], STOP_ON_FAILURE): Call Test Case 'Test Cases/AHI/_include/get_screenshot' successfully

2020-05-12 08:16:29 - [TEST_CASE][PASSED] - Test Cases/AHI/_include/get_screenshot: Test Cases/AHI/_include/get_screenshot

2020-05-12 08:16:29 - [TEST_STEP][PASSED] - Thread.sleep(1000): null

2020-05-12 08:16:30 - [TEST_STEP][PASSED] - takeScreenshot(screenPath + i + ".png"): Taking screenshot successfully

2020-05-12 08:16:31 - [MESSAGE][PASSED] - Taking screenshot successfully
[[ATTACHMENT|D:\\Test\\AgileTest\\Reports\\PrivateLabel\\Spark\\20200512_080044\\../Screenshots/iPhone 6/Spark/Everest Prime/20200512_081555/0.png]]

2020-05-12 08:16:31 - [TEST_STEP][PASSED] - (internal.GlobalVariable.i++): null

2020-05-12 08:16:31 - [MESSAGE][PASSED] - Call Test Case 'Test Cases/AHI/_include/get_screenshot' successfully

2020-05-12 08:16:31 - [MESSAGE][PASSED] - Call Test Case 'Test Cases/AHI/_include/openWebSite' successfully

2020-05-12 08:16:31 - [TEST_STEP][PASSED] - callTestCase(findTestCase("AHI/_include/census_stm"), [:], CONTINUE_ON_FAILURE): Call Test Case 'Test Cases/AHI/_include/census_stm' successfully

2020-05-12 08:16:31 - [TEST_CASE][PASSED] - Test Cases/AHI/_include/census_stm: Test Cases/AHI/_include/census_stm

2020-05-12 08:16:31 - [TEST_STEP][PASSED] - waitForElementClickable(findTestObject("mobileSanity/STM/Home Page/a_Quote  Save Today"), 10): Object 'Object Repository/mobileSanity/STM/Home Page/a_Quote  Save Today' is clickable

2020-05-12 08:16:31 - [MESSAGE][PASSED] - Object 'Object Repository/mobileSanity/STM/Home Page/a_Quote  Save Today' is clickable

2020-05-12 08:16:31 - [TEST_STEP][PASSED] - click(findTestObject("mobileSanity/STM/Home Page/a_Quote  Save Today")): Object: 'Object Repository/mobileSanity/STM/Home Page/a_Quote  Save Today' is clicked on

2020-05-12 08:16:33 - [MESSAGE][PASSED] - Object: 'Object Repository/mobileSanity/STM/Home Page/a_Quote  Save Today' is clicked on

2020-05-12 08:16:33 - [TEST_STEP][PASSED] - waitForElementPresent(findTestObject("mobileSanity/STM/STM Census Page/input_Location_zip-input"), 20): Object 'Object Repository/mobileSanity/STM/STM Census Page/input_Location_zip-input' is present

2020-05-12 08:16:33 - [MESSAGE][PASSED] - Object 'Object Repository/mobileSanity/STM/STM Census Page/input_Location_zip-input' is present

2020-05-12 08:16:33 - [TEST_STEP][PASSED] - callTestCase(findTestCase("AHI/_include/get_screenshot"), [:], STOP_ON_FAILURE): Call Test Case 'Test Cases/AHI/_include/get_screenshot' successfully

2020-05-12 08:16:33 - [TEST_CASE][PASSED] - Test Cases/AHI/_include/get_screenshot: Test Cases/AHI/_include/get_screenshot

2020-05-12 08:16:33 - [TEST_STEP][PASSED] - Thread.sleep(1000): null

2020-05-12 08:16:34 - [TEST_STEP][PASSED] - takeScreenshot(screenPath + i + ".png"): Taking screenshot successfully

2020-05-12 08:16:35 - [MESSAGE][PASSED] - Taking screenshot successfully
[[ATTACHMENT|D:\\Test\\AgileTest\\Reports\\PrivateLabel\\Spark\\20200512_080044\\../Screenshots/iPhone 6/Spark/Everest Prime/20200512_081555/1.png]]

2020-05-12 08:16:35 - [TEST_STEP][PASSED] - (internal.GlobalVariable.i++): null

2020-05-12 08:16:35 - [MESSAGE][PASSED] - Call Test Case 'Test Cases/AHI/_include/get_screenshot' successfully

2020-05-12 08:16:35 - [TEST_STEP][PASSED] - setText(findTestObject("mobileSanity/STM/STM Census Page/input_Location_zip-input"), zipcode): Text '35215' is set on object 'Object Repository/mobileSanity/STM/STM Census Page/input_Location_zip-input'

2020-05-12 08:16:36 - [MESSAGE][PASSED] - Text '35215' is set on object 'Object Repository/mobileSanity/STM/STM Census Page/input_Location_zip-input'

2020-05-12 08:16:36 - [TEST_STEP][PASSED] - Thread.sleep(500): null

2020-05-12 08:16:36 - [TEST_STEP][PASSED] - setText(findTestObject("mobileSanity/STM/STM Census Page/input_Date of Birth_dob-0"), "03031987"): Text '03031987' is set on object 'Object Repository/mobileSanity/STM/STM Census Page/input_Date of Birth_dob-0'

2020-05-12 08:16:38 - [MESSAGE][PASSED] - Text '03031987' is set on object 'Object Repository/mobileSanity/STM/STM Census Page/input_Date of Birth_dob-0'

2020-05-12 08:16:38 - [TEST_STEP][PASSED] - click(findTestObject("mobileSanity/STM/STM Census Page/label_Male")): Object: 'Object Repository/mobileSanity/STM/STM Census Page/label_Male' is clicked on

2020-05-12 08:16:39 - [MESSAGE][PASSED] - Object: 'Object Repository/mobileSanity/STM/STM Census Page/label_Male' is clicked on

2020-05-12 08:16:39 - [TEST_STEP][PASSED] - Thread.sleep(2000): null

2020-05-12 08:16:41 - [TEST_STEP][PASSED] - click(findTestObject("mobileSanity/STM/STM Census Page/label_Compare Plans")): Object: 'Object Repository/mobileSanity/STM/STM Census Page/label_Compare Plans' is clicked on

2020-05-12 08:16:44 - [MESSAGE][PASSED] - Object: 'Object Repository/mobileSanity/STM/STM Census Page/label_Compare Plans' is clicked on

2020-05-12 08:16:44 - [TEST_STEP][PASSED] - waitForElementVisible(findTestObject("mobileSanity/STM/STM Quote Page/button_sort"), 20): Object 'Object Repository/mobileSanity/STM/STM Quote Page/button_sort' is visible

2020-05-12 08:16:44 - [MESSAGE][PASSED] - Object 'Object Repository/mobileSanity/STM/STM Quote Page/button_sort' is visible

2020-05-12 08:16:44 - [TEST_STEP][PASSED] - Thread.sleep(3000): null

2020-05-12 08:16:47 - [TEST_STEP][PASSED] - callTestCase(findTestCase("AHI/_include/get_screenshot"), [:], STOP_ON_FAILURE): Call Test Case 'Test Cases/AHI/_include/get_screenshot' successfully

2020-05-12 08:16:47 - [TEST_CASE][PASSED] - Test Cases/AHI/_include/get_screenshot: Test Cases/AHI/_include/get_screenshot

2020-05-12 08:16:47 - [TEST_STEP][PASSED] - Thread.sleep(1000): null

2020-05-12 08:16:49 - [TEST_STEP][PASSED] - takeScreenshot(screenPath + i + ".png"): Taking screenshot successfully

2020-05-12 08:16:49 - [MESSAGE][PASSED] - Taking screenshot successfully
[[ATTACHMENT|D:\\Test\\AgileTest\\Reports\\PrivateLabel\\Spark\\20200512_080044\\../Screenshots/iPhone 6/Spark/Everest Prime/20200512_081555/2.png]]

2020-05-12 08:16:49 - [TEST_STEP][PASSED] - (internal.GlobalVariable.i++): null

2020-05-12 08:16:49 - [MESSAGE][PASSED] - Call Test Case 'Test Cases/AHI/_include/get_screenshot' successfully

2020-05-12 08:16:49 - [TEST_STEP][PASSED] - Thread.sleep(1000): null

2020-05-12 08:16:50 - [MESSAGE][PASSED] - Call Test Case 'Test Cases/AHI/_include/census_stm' successfully

2020-05-12 08:16:50 - [TEST_STEP][PASSED] - callTestCase(findTestCase("AHI/_include/filter_stm"), ["carrier":"everest"], STOP_ON_FAILURE): Call Test Case 'Test Cases/AHI/_include/filter_stm' successfully

2020-05-12 08:16:50 - [TEST_CASE][PASSED] - Test Cases/AHI/_include/filter_stm: Test Cases/AHI/_include/filter_stm

2020-05-12 08:16:50 - [TEST_STEP][PASSED] - driver = getWebDriver(): null

2020-05-12 08:16:50 - [TEST_STEP][PASSED] - selenium = new com.thoughtworks.selenium.webdriven.WebDriverBackedSelenium(driver, internal.GlobalVariable.ENV): null

2020-05-12 08:16:51 - [TEST_STEP][PASSED] - Thread.sleep(1000): null

2020-05-12 08:16:52 - [TEST_STEP][PASSED] - click(findTestObject("mobileSanity/STM/STM Quote Page/button_filters")): Object: 'Object Repository/mobileSanity/STM/STM Quote Page/button_filters' is clicked on

2020-05-12 08:16:52 - [MESSAGE][PASSED] - Object: 'Object Repository/mobileSanity/STM/STM Quote Page/button_filters' is clicked on

2020-05-12 08:16:52 - [TEST_STEP][PASSED] - Thread.sleep(1000): null

2020-05-12 08:16:53 - [TEST_STEP][PASSED] - click(findTestObject("mobileSanity/STM/STM Quote Page/i_Insurance company")): Object: 'Object Repository/mobileSanity/STM/STM Quote Page/i_Insurance company' is clicked on

2020-05-12 08:16:53 - [MESSAGE][PASSED] - Object: 'Object Repository/mobileSanity/STM/STM Quote Page/i_Insurance company' is clicked on

2020-05-12 08:16:53 - [TEST_STEP][PASSED] - Thread.sleep(1000): null

2020-05-12 08:16:54 - [TEST_STEP][PASSED] - filter_carrier = "//input[@name='filter[carrier]' and @value='" + carrier + "']/following::label": null

2020-05-12 08:16:54 - [TEST_STEP][PASSED] - println(filter_carrier): null

2020-05-12 08:16:54 - [TEST_STEP][PASSED] - test.MobileKeywords.clickJS_ByXpath(filter_carrier): test.MobileKeywords.clickJS_ByXpath is PASSED

2020-05-12 08:16:55 - [MESSAGE][PASSED] - Execute JavaScript 'arguments[0].click()' successfully

2020-05-12 08:16:55 - [MESSAGE][PASSED] - test.MobileKeywords.clickJS_ByXpath is PASSED

2020-05-12 08:16:55 - [TEST_STEP][PASSED] - click(findTestObject("mobileSanity/STM/STM Quote Page/js-close c-link-button")): Object: 'Object Repository/mobileSanity/STM/STM Quote Page/js-close c-link-button' is clicked on

2020-05-12 08:16:55 - [MESSAGE][PASSED] - Object: 'Object Repository/mobileSanity/STM/STM Quote Page/js-close c-link-button' is clicked on

2020-05-12 08:16:55 - [TEST_STEP][PASSED] - Thread.sleep(2000): null

2020-05-12 08:16:57 - [TEST_STEP][PASSED] - callTestCase(findTestCase("AHI/_include/get_screenshot"), [:], STOP_ON_FAILURE): Call Test Case 'Test Cases/AHI/_include/get_screenshot' successfully

2020-05-12 08:16:57 - [TEST_CASE][PASSED] - Test Cases/AHI/_include/get_screenshot: Test Cases/AHI/_include/get_screenshot

2020-05-12 08:16:57 - [TEST_STEP][PASSED] - Thread.sleep(1000): null

2020-05-12 08:16:58 - [TEST_STEP][PASSED] - takeScreenshot(screenPath + i + ".png"): Taking screenshot successfully

2020-05-12 08:16:59 - [MESSAGE][PASSED] - Taking screenshot successfully
[[ATTACHMENT|D:\\Test\\AgileTest\\Reports\\PrivateLabel\\Spark\\20200512_080044\\../Screenshots/iPhone 6/Spark/Everest Prime/20200512_081555/3.png]]

2020-05-12 08:16:59 - [TEST_STEP][PASSED] - (internal.GlobalVariable.i++): null

2020-05-12 08:16:59 - [MESSAGE][PASSED] - Call Test Case 'Test Cases/AHI/_include/get_screenshot' successfully

2020-05-12 08:16:59 - [MESSAGE][PASSED] - Call Test Case 'Test Cases/AHI/_include/filter_stm' successfully

2020-05-12 08:16:59 - [TEST_STEP][PASSED] - callTestCase(findTestCase("AHI/_include/goToDetail_stm"), ["carrier":"everest"], STOP_ON_FAILURE): Call Test Case 'Test Cases/AHI/_include/goToDetail_stm' successfully

2020-05-12 08:16:59 - [TEST_CASE][PASSED] - Test Cases/AHI/_include/goToDetail_stm: Test Cases/AHI/_include/goToDetail_stm

2020-05-12 08:16:59 - [TEST_STEP][PASSED] - driver = getWebDriver(): null

2020-05-12 08:16:59 - [TEST_STEP][PASSED] - selenium = new com.thoughtworks.selenium.webdriven.WebDriverBackedSelenium(driver, internal.GlobalVariable.ENV): null

2020-05-12 08:16:59 - [TEST_STEP][PASSED] - a_plan_name = "xpath=//a[contains(@href,'/term-health-insurance/plan/" + carrier + "')]": null

2020-05-12 08:16:59 - [TEST_STEP][PASSED] - println(a_plan_name): null

2020-05-12 08:16:59 - [TEST_STEP][PASSED] - selenium.click(a_plan_name): null

2020-05-12 08:17:00 - [TEST_STEP][PASSED] - waitForPageLoad(20): Wait for page load successfully

2020-05-12 08:17:00 - [MESSAGE][PASSED] - Wait for page load successfully

2020-05-12 08:17:00 - [TEST_STEP][PASSED] - Thread.sleep(2000): null

2020-05-12 08:17:02 - [TEST_STEP][PASSED] - callTestCase(findTestCase("AHI/_include/get_screenshot"), [:], STOP_ON_FAILURE): Call Test Case 'Test Cases/AHI/_include/get_screenshot' successfully

2020-05-12 08:17:02 - [TEST_CASE][PASSED] - Test Cases/AHI/_include/get_screenshot: Test Cases/AHI/_include/get_screenshot

2020-05-12 08:17:02 - [TEST_STEP][PASSED] - Thread.sleep(1000): null

2020-05-12 08:17:03 - [TEST_STEP][PASSED] - takeScreenshot(screenPath + i + ".png"): Taking screenshot successfully

2020-05-12 08:17:03 - [MESSAGE][PASSED] - Taking screenshot successfully
[[ATTACHMENT|D:\\Test\\AgileTest\\Reports\\PrivateLabel\\Spark\\20200512_080044\\../Screenshots/iPhone 6/Spark/Everest Prime/20200512_081555/4.png]]

2020-05-12 08:17:03 - [TEST_STEP][PASSED] - (internal.GlobalVariable.i++): null

2020-05-12 08:17:03 - [MESSAGE][PASSED] - Call Test Case 'Test Cases/AHI/_include/get_screenshot' successfully

2020-05-12 08:17:03 - [MESSAGE][PASSED] - Call Test Case 'Test Cases/AHI/_include/goToDetail_stm' successfully

2020-05-12 08:17:03 - [TEST_STEP][PASSED] - callTestCase(findTestCase("AHI/_include/apply_stm"), [:], STOP_ON_FAILURE): Call Test Case 'Test Cases/AHI/_include/apply_stm' successfully

2020-05-12 08:17:03 - [TEST_CASE][PASSED] - Test Cases/AHI/_include/apply_stm: Test Cases/AHI/_include/apply_stm

2020-05-12 08:17:03 - [TEST_STEP][PASSED] - waitForElementVisible(findTestObject("mobileSanity/STM/STM PlanDetail Page/a_Apply for This Plan"), 5): Object 'Object Repository/mobileSanity/STM/STM PlanDetail Page/a_Apply for This Plan' is visible

2020-05-12 08:17:04 - [MESSAGE][PASSED] - Object 'Object Repository/mobileSanity/STM/STM PlanDetail Page/a_Apply for This Plan' is visible

2020-05-12 08:17:04 - [TEST_STEP][PASSED] - click(findTestObject("mobileSanity/STM/STM PlanDetail Page/a_Apply for This Plan")): Object: 'Object Repository/mobileSanity/STM/STM PlanDetail Page/a_Apply for This Plan' is clicked on

2020-05-12 08:17:04 - [MESSAGE][PASSED] - Object: 'Object Repository/mobileSanity/STM/STM PlanDetail Page/a_Apply for This Plan' is clicked on

2020-05-12 08:17:04 - [TEST_STEP][PASSED] - waitForPageLoad(10): Wait for page load successfully

2020-05-12 08:17:04 - [MESSAGE][PASSED] - Wait for page load successfully

2020-05-12 08:17:04 - [TEST_STEP][PASSED] - Thread.sleep(2000): null

2020-05-12 08:17:06 - [TEST_STEP][PASSED] - callTestCase(findTestCase("AHI/_include/get_screenshot"), [:], STOP_ON_FAILURE): Call Test Case 'Test Cases/AHI/_include/get_screenshot' successfully

2020-05-12 08:17:06 - [TEST_CASE][PASSED] - Test Cases/AHI/_include/get_screenshot: Test Cases/AHI/_include/get_screenshot

2020-05-12 08:17:06 - [TEST_STEP][PASSED] - Thread.sleep(1000): null

2020-05-12 08:17:07 - [TEST_STEP][PASSED] - takeScreenshot(screenPath + i + ".png"): Taking screenshot successfully

2020-05-12 08:17:08 - [MESSAGE][PASSED] - Taking screenshot successfully
[[ATTACHMENT|D:\\Test\\AgileTest\\Reports\\PrivateLabel\\Spark\\20200512_080044\\../Screenshots/iPhone 6/Spark/Everest Prime/20200512_081555/5.png]]

2020-05-12 08:17:08 - [TEST_STEP][PASSED] - (internal.GlobalVariable.i++): null

2020-05-12 08:17:08 - [MESSAGE][PASSED] - Call Test Case 'Test Cases/AHI/_include/get_screenshot' successfully

2020-05-12 08:17:08 - [TEST_STEP][PASSED] - waitForElementVisible(findTestObject("mobileSanity/STM/STM Apply Page/a_Start Secure Application"), 5): Object 'Object Repository/mobileSanity/STM/STM Apply Page/a_Start Secure Application' is visible

2020-05-12 08:17:08 - [MESSAGE][PASSED] - Object 'Object Repository/mobileSanity/STM/STM Apply Page/a_Start Secure Application' is visible

2020-05-12 08:17:08 - [TEST_STEP][PASSED] - click(findTestObject("mobileSanity/STM/STM Apply Page/a_Start Secure Application")): Object: 'Object Repository/mobileSanity/STM/STM Apply Page/a_Start Secure Application' is clicked on

2020-05-12 08:17:08 - [MESSAGE][PASSED] - Object: 'Object Repository/mobileSanity/STM/STM Apply Page/a_Start Secure Application' is clicked on

2020-05-12 08:17:08 - [TEST_STEP][PASSED] - waitForPageLoad(20): Wait for page load successfully

2020-05-12 08:17:09 - [MESSAGE][PASSED] - Wait for page load successfully

2020-05-12 08:17:09 - [TEST_STEP][PASSED] - Thread.sleep(2000): null

2020-05-12 08:17:11 - [TEST_STEP][PASSED] - callTestCase(findTestCase("AHI/_include/get_screenshot"), [:], STOP_ON_FAILURE): Call Test Case 'Test Cases/AHI/_include/get_screenshot' successfully

2020-05-12 08:17:11 - [TEST_CASE][PASSED] - Test Cases/AHI/_include/get_screenshot: Test Cases/AHI/_include/get_screenshot

2020-05-12 08:17:11 - [TEST_STEP][PASSED] - Thread.sleep(1000): null

2020-05-12 08:17:12 - [TEST_STEP][PASSED] - takeScreenshot(screenPath + i + ".png"): Taking screenshot successfully

2020-05-12 08:17:12 - [MESSAGE][PASSED] - Taking screenshot successfully
[[ATTACHMENT|D:\\Test\\AgileTest\\Reports\\PrivateLabel\\Spark\\20200512_080044\\../Screenshots/iPhone 6/Spark/Everest Prime/20200512_081555/6.png]]

2020-05-12 08:17:12 - [TEST_STEP][PASSED] - (internal.GlobalVariable.i++): null

2020-05-12 08:17:12 - [MESSAGE][PASSED] - Call Test Case 'Test Cases/AHI/_include/get_screenshot' successfully

2020-05-12 08:17:12 - [MESSAGE][PASSED] - Call Test Case 'Test Cases/AHI/_include/apply_stm' successfully

2020-05-12 08:17:12 - [TEST_STEP][PASSED] - callTestCase(findTestCase("AHI/_include/goToEnd_stm_autofill"), [:], STOP_ON_FAILURE): Call Test Case 'Test Cases/AHI/_include/goToEnd_stm_autofill' successfully

2020-05-12 08:17:12 - [TEST_CASE][PASSED] - Test Cases/AHI/_include/goToEnd_stm_autofill: Test Cases/AHI/_include/goToEnd_stm_autofill

2020-05-12 08:17:12 - [TEST_STEP][PASSED] - callTestCase(findTestCase("AHI/_include/name"), [:], CONTINUE_ON_FAILURE): Call Test Case 'Test Cases/AHI/_include/name' successfully

2020-05-12 08:17:13 - [TEST_CASE][PASSED] - Test Cases/AHI/_include/name: Test Cases/AHI/_include/name

2020-05-12 08:17:13 - [TEST_STEP][PASSED] - driver = getWebDriver(): null

2020-05-12 08:17:13 - [TEST_STEP][PASSED] - selenium = new com.thoughtworks.selenium.webdriven.WebDriverBackedSelenium(driver, internal.GlobalVariable.ENV): null

2020-05-12 08:17:13 - [TEST_STEP][PASSED] - FirstName = "Test-123": null

2020-05-12 08:17:13 - [TEST_STEP][PASSED] - LastName = selenium.getEval("{var x="ABCDEFGHIJKLMNOPQRSTUVWXYZabcdefghijklmnopqrstuvwxyz"; var tmp="ZZ11-"; for (i=0;i<8;i++) tmp+=x.charAt(Math.ceil(51*Math.random()));tmp;}"): null

2020-05-12 08:17:13 - [TEST_STEP][PASSED] - Address = selenium.getEval("{var x="ABCDEFGHIJKLMNOPQRSTUVWXYZabcdefghijklmnopqrstuvwxyz"; var tmp=""; for (i=0;i<8;i++) tmp+=x.charAt(Math.ceil(51*Math.random()));tmp;}"): null

2020-05-12 08:17:13 - [TEST_STEP][PASSED] - City = selenium.getEval("{var x="ABCDEFGHIJKLMNOPQRSTUVWXYZabcdefghijklmnopqrstuvwxyz"; var tmp=""; for (i=0;i<8;i++) tmp+=x.charAt(Math.ceil(51*Math.random()));tmp;}"): null

2020-05-12 08:17:13 - [TEST_STEP][PASSED] - tel1 = selenium.getEval("{var x="123456789"; var tmp=""; for (i=0;i<3;i++) tmp+=x.charAt(Math.ceil(8*Math.random()));tmp;}"): null

2020-05-12 08:17:13 - [TEST_STEP][PASSED] - tel2 = selenium.getEval("{var x="123456789"; var tmp=""; for (i=0;i<3;i++) tmp+=x.charAt(Math.ceil(8*Math.random()));tmp;}"): null

2020-05-12 08:17:13 - [TEST_STEP][PASSED] - tel3 = selenium.getEval("{var x="123456789"; var tmp=""; for (i=0;i<4;i++) tmp+=x.charAt(Math.ceil(8*Math.random()));tmp;}"): null

2020-05-12 08:17:13 - [TEST_STEP][PASSED] - Tel = selenium.getExpression(tel1 + "-" + tel2 + "-" + tel3): null

2020-05-12 08:17:13 - [TEST_STEP][PASSED] - AutoEmail = selenium.getEval("{var x="ABCDEFGHIJKLMNOPQRSTUVWXYZabcdefghijklmnopqrstuvwxyz"; var tmp="test."; for (i=0;i<8;i++) tmp+=x.charAt(Math.ceil(51*Math.random()));tmp+="@suryani.cn";}"): null

2020-05-12 08:17:13 - [TEST_STEP][PASSED] - FirstName = FirstName: null

2020-05-12 08:17:13 - [TEST_STEP][PASSED] - LastName = LastName: null

2020-05-12 08:17:13 - [TEST_STEP][PASSED] - Address = Address: null

2020-05-12 08:17:13 - [TEST_STEP][PASSED] - City = City: null

2020-05-12 08:17:13 - [TEST_STEP][PASSED] - Tel = Tel: null

2020-05-12 08:17:13 - [TEST_STEP][PASSED] - AutoEmail = AutoEmail: null

2020-05-12 08:17:13 - [TEST_STEP][PASSED] - println(FirstName): null

2020-05-12 08:17:13 - [TEST_STEP][PASSED] - println(LastName): null

2020-05-12 08:17:13 - [TEST_STEP][PASSED] - println(Address): null

2020-05-12 08:17:13 - [TEST_STEP][PASSED] - println(City): null

2020-05-12 08:17:13 - [TEST_STEP][PASSED] - println(Tel): null

2020-05-12 08:17:13 - [TEST_STEP][PASSED] - println(AutoEmail): null

2020-05-12 08:17:13 - [MESSAGE][PASSED] - Call Test Case 'Test Cases/AHI/_include/name' successfully

2020-05-12 08:17:13 - [TEST_STEP][FAILED] - try: Unable to verify text 'Month Duration Acknowledgement' is present  (Root cause: com.kms.katalon.core.exception.StepFailedException: Text 'Month Duration Acknowledgement' is not present on page )

2020-05-12 08:17:13 - [TEST_STEP][FAILED] - if (verifyTextPresent("Month Duration Acknowledgement", false)): Unable to verify text 'Month Duration Acknowledgement' is present  (Root cause: com.kms.katalon.core.exception.StepFailedException: Text 'Month Duration Acknowledgement' is not present on page )

2020-05-12 08:17:14 - [MESSAGE][FAILED] - Text 'Month Duration Acknowledgement' is not present on page 

2020-05-12 08:17:15 - [MESSAGE][FAILED] - Unable to verify text 'Month Duration Acknowledgement' is present  (Root cause: com.kms.katalon.core.exception.StepFailedException: Text 'Month Duration Acknowledgement' is not present on page )
[[ATTACHMENT|D:\\Test\\AgileTest\\Reports\\PrivateLabel\\Spark\\20200512_080044\\1589285834488.png]]

2020-05-12 08:17:15 - [TEST_STEP][PASSED] - catch (Exception e): null

2020-05-12 08:17:15 - [TEST_STEP][PASSED] - println("no consecutive"): null

2020-05-12 08:17:15 - [TEST_STEP][PASSED] - waitForPageLoad(10): Wait for page load successfully

2020-05-12 08:17:15 - [MESSAGE][PASSED] - Wait for page load successfully

2020-05-12 08:17:15 - [TEST_STEP][PASSED] - Thread.sleep(3000): null

2020-05-12 08:17:18 - [TEST_STEP][PASSED] - waitForElementVisible(findTestObject("mobileSanity/STM/Page_App Page 1/a_Autofill App Info"), 20): Object 'Object Repository/mobileSanity/STM/Page_App Page 1/a_Autofill App Info' is visible

2020-05-12 08:17:18 - [MESSAGE][PASSED] - Object 'Object Repository/mobileSanity/STM/Page_App Page 1/a_Autofill App Info' is visible

2020-05-12 08:17:18 - [TEST_STEP][PASSED] - click(findTestObject("mobileSanity/STM/Page_App Page 1/a_Autofill App Info")): Object: 'Object Repository/mobileSanity/STM/Page_App Page 1/a_Autofill App Info' is clicked on

2020-05-12 08:17:18 - [MESSAGE][PASSED] - Object: 'Object Repository/mobileSanity/STM/Page_App Page 1/a_Autofill App Info' is clicked on

2020-05-12 08:17:18 - [TEST_STEP][PASSED] - Thread.sleep(1000): null

2020-05-12 08:17:19 - [TEST_STEP][PASSED] - click(findTestObject("mobileSanity/STM/Page_App Page 1/a_Autofill App Info")): Object: 'Object Repository/mobileSanity/STM/Page_App Page 1/a_Autofill App Info' is clicked on

2020-05-12 08:17:20 - [MESSAGE][PASSED] - Object: 'Object Repository/mobileSanity/STM/Page_App Page 1/a_Autofill App Info' is clicked on

2020-05-12 08:17:20 - [TEST_STEP][PASSED] - Thread.sleep(1000): null

2020-05-12 08:17:21 - [TEST_STEP][PASSED] - waitForElementVisible(findTestObject("mobileSanity/STM/Page_App Page 1/a_Continue"), 20): Object 'Object Repository/mobileSanity/STM/Page_App Page 1/a_Continue' is visible

2020-05-12 08:17:21 - [MESSAGE][PASSED] - Object 'Object Repository/mobileSanity/STM/Page_App Page 1/a_Continue' is visible

2020-05-12 08:17:21 - [TEST_STEP][PASSED] - click(findTestObject("mobileSanity/STM/Page_App Page 1/a_Continue")): Object: 'Object Repository/mobileSanity/STM/Page_App Page 1/a_Continue' is clicked on

2020-05-12 08:17:22 - [MESSAGE][PASSED] - Object: 'Object Repository/mobileSanity/STM/Page_App Page 1/a_Continue' is clicked on

2020-05-12 08:17:22 - [TEST_STEP][PASSED] - waitForPageLoad(20): Wait for page load successfully

2020-05-12 08:17:23 - [MESSAGE][PASSED] - Wait for page load successfully

2020-05-12 08:17:23 - [TEST_STEP][PASSED] - Thread.sleep(5000): null

2020-05-12 08:17:28 - [TEST_STEP][PASSED] - callTestCase(findTestCase("AHI/_include/get_screenshot"), [:], STOP_ON_FAILURE): Call Test Case 'Test Cases/AHI/_include/get_screenshot' successfully

2020-05-12 08:17:28 - [TEST_CASE][PASSED] - Test Cases/AHI/_include/get_screenshot: Test Cases/AHI/_include/get_screenshot

2020-05-12 08:17:28 - [TEST_STEP][PASSED] - Thread.sleep(1000): null

2020-05-12 08:17:29 - [TEST_STEP][PASSED] - takeScreenshot(screenPath + i + ".png"): Taking screenshot successfully

2020-05-12 08:17:30 - [MESSAGE][PASSED] - Taking screenshot successfully
[[ATTACHMENT|D:\\Test\\AgileTest\\Reports\\PrivateLabel\\Spark\\20200512_080044\\../Screenshots/iPhone 6/Spark/Everest Prime/20200512_081555/7.png]]

2020-05-12 08:17:30 - [TEST_STEP][PASSED] - (internal.GlobalVariable.i++): null

2020-05-12 08:17:30 - [MESSAGE][PASSED] - Call Test Case 'Test Cases/AHI/_include/get_screenshot' successfully

2020-05-12 08:17:30 - [TEST_STEP][PASSED] - click(findTestObject("mobileSanity/STM/Page_App Page 2/a_Continue to Step 3 - Payment")): Object: 'Object Repository/mobileSanity/STM/Page_App Page 2/a_Continue to Step 3 - Payment' is clicked on

2020-05-12 08:17:31 - [MESSAGE][PASSED] - Object: 'Object Repository/mobileSanity/STM/Page_App Page 2/a_Continue to Step 3 - Payment' is clicked on

2020-05-12 08:17:31 - [TEST_STEP][PASSED] - waitForPageLoad(20): Wait for page load successfully

2020-05-12 08:17:31 - [MESSAGE][PASSED] - Wait for page load successfully

2020-05-12 08:17:31 - [TEST_STEP][PASSED] - waitForElementVisible(findTestObject("mobileSanity/STM/Page_App Page 3/input__credit-card-cvv"), 20): Object 'Object Repository/mobileSanity/STM/Page_App Page 3/input__credit-card-cvv' is visible

2020-05-12 08:17:32 - [MESSAGE][PASSED] - Object 'Object Repository/mobileSanity/STM/Page_App Page 3/input__credit-card-cvv' is visible

2020-05-12 08:17:32 - [TEST_STEP][PASSED] - Thread.sleep(2000): null

2020-05-12 08:17:34 - [TEST_STEP][PASSED] - callTestCase(findTestCase("AHI/_include/get_screenshot"), [:], STOP_ON_FAILURE): Call Test Case 'Test Cases/AHI/_include/get_screenshot' successfully

2020-05-12 08:17:34 - [TEST_CASE][PASSED] - Test Cases/AHI/_include/get_screenshot: Test Cases/AHI/_include/get_screenshot

2020-05-12 08:17:34 - [TEST_STEP][PASSED] - Thread.sleep(1000): null

2020-05-12 08:17:35 - [TEST_STEP][PASSED] - takeScreenshot(screenPath + i + ".png"): Taking screenshot successfully

2020-05-12 08:17:36 - [MESSAGE][PASSED] - Taking screenshot successfully
[[ATTACHMENT|D:\\Test\\AgileTest\\Reports\\PrivateLabel\\Spark\\20200512_080044\\../Screenshots/iPhone 6/Spark/Everest Prime/20200512_081555/8.png]]

2020-05-12 08:17:36 - [TEST_STEP][PASSED] - (internal.GlobalVariable.i++): null

2020-05-12 08:17:36 - [MESSAGE][PASSED] - Call Test Case 'Test Cases/AHI/_include/get_screenshot' successfully

2020-05-12 08:17:36 - [TEST_STEP][PASSED] - clearText(findTestObject("mobileSanity/STM/Page_App Page 3/input__credit-card-cvv")): Text of object 'Object Repository/mobileSanity/STM/Page_App Page 3/input__credit-card-cvv' is cleared

2020-05-12 08:17:36 - [MESSAGE][PASSED] - Text of object 'Object Repository/mobileSanity/STM/Page_App Page 3/input__credit-card-cvv' is cleared

2020-05-12 08:17:36 - [TEST_STEP][PASSED] - setText(findTestObject("mobileSanity/STM/Page_App Page 3/input__credit-card-cvv"), "123"): Text '123' is set on object 'Object Repository/mobileSanity/STM/Page_App Page 3/input__credit-card-cvv'

2020-05-12 08:17:37 - [MESSAGE][PASSED] - Text '123' is set on object 'Object Repository/mobileSanity/STM/Page_App Page 3/input__credit-card-cvv'

2020-05-12 08:17:37 - [TEST_STEP][PASSED] - click(findTestObject("mobileSanity/STM/Page_App Page 3/label_I Accept Authorization f")): Object: 'Object Repository/mobileSanity/STM/Page_App Page 3/label_I Accept Authorization f' is clicked on

2020-05-12 08:17:38 - [MESSAGE][PASSED] - Object: 'Object Repository/mobileSanity/STM/Page_App Page 3/label_I Accept Authorization f' is clicked on

2020-05-12 08:17:38 - [TEST_STEP][PASSED] - click(findTestObject("mobileSanity/STM/Page_App Page 3/a_Continue to Step 4 - Review")): Object: 'Object Repository/mobileSanity/STM/Page_App Page 3/a_Continue to Step 4 - Review' is clicked on

2020-05-12 08:17:39 - [MESSAGE][PASSED] - Object: 'Object Repository/mobileSanity/STM/Page_App Page 3/a_Continue to Step 4 - Review' is clicked on

2020-05-12 08:17:39 - [TEST_STEP][PASSED] - waitForPageLoad(10): Wait for page load successfully

2020-05-12 08:17:39 - [MESSAGE][PASSED] - Wait for page load successfully

2020-05-12 08:17:39 - [TEST_STEP][PASSED] - waitForElementClickable(findTestObject("mobileSanity/STM/Page_App Page 4/label"), 10): Object 'Object Repository/mobileSanity/STM/Page_App Page 4/label' is clickable

2020-05-12 08:17:40 - [MESSAGE][PASSED] - Object 'Object Repository/mobileSanity/STM/Page_App Page 4/label' is clickable

2020-05-12 08:17:40 - [TEST_STEP][PASSED] - Thread.sleep(2000): null

2020-05-12 08:17:42 - [TEST_STEP][PASSED] - callTestCase(findTestCase("AHI/_include/get_screenshot"), [:], STOP_ON_FAILURE): Call Test Case 'Test Cases/AHI/_include/get_screenshot' successfully

2020-05-12 08:17:42 - [TEST_CASE][PASSED] - Test Cases/AHI/_include/get_screenshot: Test Cases/AHI/_include/get_screenshot

2020-05-12 08:17:42 - [TEST_STEP][PASSED] - Thread.sleep(1000): null

2020-05-12 08:17:43 - [TEST_STEP][PASSED] - takeScreenshot(screenPath + i + ".png"): Taking screenshot successfully

2020-05-12 08:17:44 - [MESSAGE][PASSED] - Taking screenshot successfully
[[ATTACHMENT|D:\\Test\\AgileTest\\Reports\\PrivateLabel\\Spark\\20200512_080044\\../Screenshots/iPhone 6/Spark/Everest Prime/20200512_081555/9.png]]

2020-05-12 08:17:44 - [TEST_STEP][PASSED] - (internal.GlobalVariable.i++): null

2020-05-12 08:17:44 - [MESSAGE][PASSED] - Call Test Case 'Test Cases/AHI/_include/get_screenshot' successfully

2020-05-12 08:17:44 - [TEST_STEP][PASSED] - click(findTestObject("mobileSanity/STM/Page_App Page 4/label")): Object: 'Object Repository/mobileSanity/STM/Page_App Page 4/label' is clicked on

2020-05-12 08:17:44 - [MESSAGE][PASSED] - Object: 'Object Repository/mobileSanity/STM/Page_App Page 4/label' is clicked on

2020-05-12 08:17:44 - [TEST_STEP][PASSED] - click(findTestObject("mobileSanity/STM/Page_App Page 4/div_CLICK TO SIGN")): Object: 'Object Repository/mobileSanity/STM/Page_App Page 4/div_CLICK TO SIGN' is clicked on

2020-05-12 08:17:44 - [MESSAGE][PASSED] - Object: 'Object Repository/mobileSanity/STM/Page_App Page 4/div_CLICK TO SIGN' is clicked on

2020-05-12 08:17:44 - [TEST_STEP][PASSED] - click(findTestObject("mobileSanity/STM/Page_App Page 4/a_Submit Your Application")): Object: 'Object Repository/mobileSanity/STM/Page_App Page 4/a_Submit Your Application' is clicked on

2020-05-12 08:17:44 - [MESSAGE][PASSED] - Object: 'Object Repository/mobileSanity/STM/Page_App Page 4/a_Submit Your Application' is clicked on

2020-05-12 08:17:44 - [TEST_STEP][PASSED] - waitForElementPresent(findTestObject("mobileSanity/Common/app-confirmation"), 50): Object 'Object Repository/mobileSanity/Common/app-confirmation' is not present after 50 second(s)

2020-05-12 08:18:40 - [MESSAGE][INFO] - Unable to find the element located by 'By.xpath: //*[@id = 'app-confirmation']'. Please recheck the objects properties to make sure the desired element is located. 

2020-05-12 08:18:40 - [MESSAGE][WARNING] - Object 'Object Repository/mobileSanity/Common/app-confirmation' is not present after 50 second(s)

2020-05-12 08:18:40 - [TEST_STEP][PASSED] - callTestCase(findTestCase("AHI/_include/get_screenshot"), [:], STOP_ON_FAILURE): Call Test Case 'Test Cases/AHI/_include/get_screenshot' successfully

2020-05-12 08:18:40 - [TEST_CASE][PASSED] - Test Cases/AHI/_include/get_screenshot: Test Cases/AHI/_include/get_screenshot

2020-05-12 08:18:41 - [TEST_STEP][PASSED] - Thread.sleep(1000): null

2020-05-12 08:18:42 - [TEST_STEP][PASSED] - takeScreenshot(screenPath + i + ".png"): Taking screenshot successfully

2020-05-12 08:18:42 - [MESSAGE][PASSED] - Taking screenshot successfully
[[ATTACHMENT|D:\\Test\\AgileTest\\Reports\\PrivateLabel\\Spark\\20200512_080044\\../Screenshots/iPhone 6/Spark/Everest Prime/20200512_081555/10.png]]

2020-05-12 08:18:42 - [TEST_STEP][PASSED] - (internal.GlobalVariable.i++): null

2020-05-12 08:18:42 - [MESSAGE][PASSED] - Call Test Case 'Test Cases/AHI/_include/get_screenshot' successfully

2020-05-12 08:18:42 - [MESSAGE][PASSED] - Call Test Case 'Test Cases/AHI/_include/goToEnd_stm_autofill' successfully]]></system-out>
         <system-err><![CDATA[]]></system-err>
      </testcase>
      <system-out><![CDATA[2020-05-12 08:09:13 - [TEST_SUITE][PASSED] - Spark: Test Cases/PL Site/Spark/stm/Everest Prime]]></system-out>
      <system-err><![CDATA[]]></system-err>
   </testsuite>
</testsuites>
