<?xml version="1.0" encoding="UTF-8"?>
<testsuites name="HP" time="138" tests="4" failures="0" errors="0">
   <testsuite name="HP" tests="4" failures="0" errors="0" time="138" timestamp="2019-12-06 01:38:46" hostname="Administrator - 172.30.0.53" id="Test Suites/HP/HP">
      <properties>
         <property name="deviceName" value=""/>
         <property name="devicePlatform" value=""/>
         <property name="logFolder" value="D:\\Test\\AgileTest\\Reports\\HP\\HP\\20191206_013830"/>
         <property name="logFiles" value="D:\\Test\\AgileTest\\Reports\\HP\\HP\\20191206_013830\\execution0.log"/>
         <property name="attachments" value="D:\\Test\\AgileTest\\Reports\\HP\\HP\\20191206_013830\\../Screenshots/iPhone 6/HP/ACA/20191206_013849/0.png, D:\\Test\\AgileTest\\Reports\\HP\\HP\\20191206_013830\\../Screenshots/iPhone 6/HP/ACA/20191206_013849/1.png, D:\\Test\\AgileTest\\Reports\\HP\\HP\\20191206_013830\\../Screenshots/iPhone 6/HP/ACA/20191206_013849/2.png, D:\\Test\\AgileTest\\Reports\\HP\\HP\\20191206_013830\\../Screenshots/iPhone 6/HP/ACA/20191206_013849/3.png, D:\\Test\\AgileTest\\Reports\\HP\\HP\\20191206_013830\\../Screenshots/iPhone 6/HP/ACA/20191206_013849/4.png, D:\\Test\\AgileTest\\Reports\\HP\\HP\\20191206_013830\\../Screenshots/iPhone 6/HP/ACA/20191206_013849/5.png, D:\\Test\\AgileTest\\Reports\\HP\\HP\\20191206_013830\\../Screenshots/iPhone 6/HP/ACA/20191206_013849/6.png, D:\\Test\\AgileTest\\Reports\\HP\\HP\\20191206_013830\\../Screenshots/iPhone 6/HP/home/20191206_014035/0.png, D:\\Test\\AgileTest\\Reports\\HP\\HP\\20191206_013830\\../Screenshots/iPhone 6/HP/Medicare/20191206_014041/0.png, D:\\Test\\AgileTest\\Reports\\HP\\HP\\20191206_013830\\../Screenshots/iPhone 6/HP/Medicare/20191206_014041/1.png, D:\\Test\\AgileTest\\Reports\\HP\\HP\\20191206_013830\\../Screenshots/iPhone 6/HP/Medicare/20191206_014041/2.png, D:\\Test\\AgileTest\\Reports\\HP\\HP\\20191206_013830\\../Screenshots/iPhone 6/HP/Medicare/20191206_014041/3.png, D:\\Test\\AgileTest\\Reports\\HP\\HP\\20191206_013830\\../Screenshots/iPhone 6/HP/Medicare/20191206_014041/4.png, D:\\Test\\AgileTest\\Reports\\HP\\HP\\20191206_013830\\../Screenshots/iPhone 6/HP/STM/20191206_014051/0.png, D:\\Test\\AgileTest\\Reports\\HP\\HP\\20191206_013830\\../Screenshots/iPhone 6/HP/STM/20191206_014051/1.png, D:\\Test\\AgileTest\\Reports\\HP\\HP\\20191206_013830\\../Screenshots/iPhone 6/HP/STM/20191206_014051/2.png, D:\\Test\\AgileTest\\Reports\\HP\\HP\\20191206_013830\\../Screenshots/iPhone 6/HP/STM/20191206_014051/3.png, D:\\Test\\AgileTest\\Reports\\HP\\HP\\20191206_013830\\../Screenshots/iPhone 6/HP/STM/20191206_014051/4.png, D:\\Test\\AgileTest\\Reports\\HP\\HP\\20191206_013830\\../Screenshots/iPhone 6/HP/STM/20191206_014051/5.png"/>
         <property name="hostName" value="Administrator - 172.30.0.53"/>
         <property name="os" value="Windows Server 2012 R2 64bit"/>
         <property name="katalonVersion" value="5.10.1.1"/>
         <property name="browser" value="Safari 11"/>
         <property name="hostAddress" value="172.30.0.53"/>
         <property name="sessionId" value="8b03043606271e0b80badd7b250b5c46"/>
         <property name="seleniumVersion" value="3.7.1"/>
         <property name="proxyInformation" value="ProxyInformation{proxyOption=NO_PROXY, proxyServerType=HTTP, password=, proxyServerAddress=, proxyServerPort=0}"/>
         <property name="platform" value="Windows Server 2012 R2"/>
      </properties>
      <testcase name="Test Cases/HP/ACA/ACA" classname="Test Cases/HP/ACA/ACA" status="PASSED">
         <system-out><![CDATA[2019-12-06 01:38:47 - [TEST_CASE][PASSED] - Test Cases/HP/ACA/ACA: Test Cases/HP/ACA/ACA

2019-12-06 01:38:49 - [TEST_STEP][PASSED] - now = new java.util.Date(): null

2019-12-06 01:38:49 - [TEST_STEP][PASSED] - mydate = now.format("yyyyMMdd_HHmmss"): null

2019-12-06 01:38:49 - [TEST_STEP][PASSED] - i = 0: null

2019-12-06 01:38:49 - [TEST_STEP][PASSED] - callTestCase(findTestCase("mobileWeb/_include/get_screenPath"), ["productLine":"HP", "carrierName":"ACA"], CONTINUE_ON_FAILURE): Call Test Case 'Test Cases/mobileWeb/_include/get_screenPath' successfully

2019-12-06 01:38:49 - [TEST_CASE][PASSED] - Test Cases/mobileWeb/_include/get_screenPath: Test Cases/mobileWeb/_include/get_screenPath

2019-12-06 01:38:49 - [TEST_STEP][PASSED] - m = getExecutionProperties(): null

2019-12-06 01:38:49 - [TEST_STEP][PASSED] - deviceName = get("mobileEmulation").get("deviceName"): null

2019-12-06 01:38:49 - [TEST_STEP][PASSED] - println(deviceName): null

2019-12-06 01:38:49 - [TEST_STEP][PASSED] - now = new java.util.Date(): null

2019-12-06 01:38:49 - [TEST_STEP][PASSED] - mydate = now.format("yyyyMMdd_HHmmss"): null

2019-12-06 01:38:49 - [TEST_STEP][PASSED] - screenPath = "../Screenshots/": null

2019-12-06 01:38:49 - [TEST_STEP][PASSED] - screenPath = screenPath + deviceName + "/" + productLine + "/" + carrierName + "/" + mydate + "/": null

2019-12-06 01:38:49 - [TEST_STEP][PASSED] - println(screenPath): null

2019-12-06 01:38:49 - [MESSAGE][PASSED] - Call Test Case 'Test Cases/mobileWeb/_include/get_screenPath' successfully

2019-12-06 01:38:49 - [TEST_STEP][PASSED] - second = <not implemented yet for class: org.codehaus.groovy.ast.expr.EmptyExpression>: null

2019-12-06 01:38:49 - [TEST_STEP][PASSED] - openBrowser("www.healthpocket.com/individual-health-insurance"): Browser is opened with url: 'www.healthpocket.com/individual-health-insurance'

2019-12-06 01:38:50 - [MESSAGE][INFO] - Starting 'Chrome' driver

2019-12-06 01:38:50 - [MESSAGE][INFO] - User set preference: ['mobileEmulation', '{deviceName=iPhone 6}']

2019-12-06 01:38:50 - [MESSAGE][INFO] - User set preference: ['args', '[--incognito, --aggressive-cache-discard, --window-size=375,677, --no-sandbox]']

2019-12-06 01:38:50 - [MESSAGE][INFO] - Action delay is set to 0 seconds

2019-12-06 01:39:08 - [MESSAGE][PASSED] - Browser is opened with url: 'www.healthpocket.com/individual-health-insurance'

2019-12-06 01:39:08 - [TEST_STEP][PASSED] - driver = getWebDriver(): null

2019-12-06 01:39:08 - [TEST_STEP][PASSED] - baseUrl = "https://www.healthpocket.com/individual-health-insurance/": null

2019-12-06 01:39:08 - [TEST_STEP][PASSED] - selenium = new com.thoughtworks.selenium.webdriven.WebDriverBackedSelenium(driver, baseUrl): null

2019-12-06 01:39:09 - [TEST_STEP][PASSED] - selenium.refresh(): null

2019-12-06 01:39:10 - [TEST_STEP][PASSED] - selenium.waitForPageToLoad("30000"): null

2019-12-06 01:39:11 - [TEST_STEP][PASSED] - for ([second = 0, second < 60, (second++)]): null

2019-12-06 01:39:11 - [TEST_STEP][PASSED] - try: null

2019-12-06 01:39:11 - [TEST_STEP][PASSED] - if (selenium.isElementPresent("//a[contains(text(),'No Thanks. I want to see ACA plans.')]")): null

2019-12-06 01:39:11 - [TEST_STEP][PASSED] - catch (Exception e): null

2019-12-06 01:39:11 - [TEST_STEP][PASSED] - Thread.sleep(1000): null

2019-12-06 01:39:12 - [TEST_STEP][PASSED] - try: null

2019-12-06 01:39:12 - [TEST_STEP][PASSED] - if (selenium.isElementPresent("//a[contains(text(),'No Thanks. I want to see ACA plans.')]")): null

2019-12-06 01:39:12 - [TEST_STEP][PASSED] - catch (Exception e): null

2019-12-06 01:39:12 - [TEST_STEP][PASSED] - Thread.sleep(1000): null

2019-12-06 01:39:13 - [TEST_STEP][PASSED] - try: null

2019-12-06 01:39:13 - [TEST_STEP][PASSED] - if (selenium.isElementPresent("//a[contains(text(),'No Thanks. I want to see ACA plans.')]")): null

2019-12-06 01:39:13 - [TEST_STEP][PASSED] - catch (Exception e): null

2019-12-06 01:39:13 - [TEST_STEP][PASSED] - Thread.sleep(1000): null

2019-12-06 01:39:14 - [TEST_STEP][PASSED] - try: null

2019-12-06 01:39:14 - [TEST_STEP][PASSED] - if (selenium.isElementPresent("//a[contains(text(),'No Thanks. I want to see ACA plans.')]")): null

2019-12-06 01:39:17 - [TEST_STEP][PASSED] - catch (Exception e): null

2019-12-06 01:39:17 - [TEST_STEP][PASSED] - Thread.sleep(1000): null

2019-12-06 01:39:18 - [TEST_STEP][PASSED] - try: null

2019-12-06 01:39:18 - [TEST_STEP][PASSED] - if (selenium.isElementPresent("//a[contains(text(),'No Thanks. I want to see ACA plans.')]")): null

2019-12-06 01:39:20 - [TEST_STEP][PASSED] - catch (Exception e): null

2019-12-06 01:39:20 - [TEST_STEP][PASSED] - Thread.sleep(1000): null

2019-12-06 01:39:21 - [TEST_STEP][PASSED] - try: null

2019-12-06 01:39:21 - [TEST_STEP][PASSED] - if (selenium.isElementPresent("//a[contains(text(),'No Thanks. I want to see ACA plans.')]")): null

2019-12-06 01:39:21 - [TEST_STEP][PASSED] - catch (Exception e): null

2019-12-06 01:39:21 - [TEST_STEP][PASSED] - Thread.sleep(1000): null

2019-12-06 01:39:22 - [TEST_STEP][PASSED] - try: null

2019-12-06 01:39:22 - [TEST_STEP][PASSED] - if (selenium.isElementPresent("//a[contains(text(),'No Thanks. I want to see ACA plans.')]")): null

2019-12-06 01:39:22 - [TEST_STEP][PASSED] - catch (Exception e): null

2019-12-06 01:39:22 - [TEST_STEP][PASSED] - Thread.sleep(1000): null

2019-12-06 01:39:23 - [TEST_STEP][PASSED] - try: null

2019-12-06 01:39:23 - [TEST_STEP][PASSED] - if (selenium.isElementPresent("//a[contains(text(),'No Thanks. I want to see ACA plans.')]")): null

2019-12-06 01:39:24 - [TEST_STEP][PASSED] - catch (Exception e): null

2019-12-06 01:39:24 - [TEST_STEP][PASSED] - Thread.sleep(1000): null

2019-12-06 01:39:25 - [TEST_STEP][PASSED] - try: null

2019-12-06 01:39:25 - [TEST_STEP][PASSED] - if (selenium.isElementPresent("//a[contains(text(),'No Thanks. I want to see ACA plans.')]")): null

2019-12-06 01:39:26 - [TEST_STEP][PASSED] - catch (Exception e): null

2019-12-06 01:39:26 - [TEST_STEP][PASSED] - Thread.sleep(1000): null

2019-12-06 01:39:27 - [TEST_STEP][PASSED] - try: null

2019-12-06 01:39:27 - [TEST_STEP][PASSED] - if (selenium.isElementPresent("//a[contains(text(),'No Thanks. I want to see ACA plans.')]")): null

2019-12-06 01:39:27 - [TEST_STEP][PASSED] - catch (Exception e): null

2019-12-06 01:39:27 - [TEST_STEP][PASSED] - Thread.sleep(1000): null

2019-12-06 01:39:28 - [TEST_STEP][PASSED] - try: null

2019-12-06 01:39:28 - [TEST_STEP][PASSED] - if (selenium.isElementPresent("//a[contains(text(),'No Thanks. I want to see ACA plans.')]")): null

2019-12-06 01:39:28 - [TEST_STEP][PASSED] - catch (Exception e): null

2019-12-06 01:39:28 - [TEST_STEP][PASSED] - Thread.sleep(1000): null

2019-12-06 01:39:29 - [TEST_STEP][PASSED] - try: null

2019-12-06 01:39:29 - [TEST_STEP][PASSED] - if (selenium.isElementPresent("//a[contains(text(),'No Thanks. I want to see ACA plans.')]")): null

2019-12-06 01:39:31 - [TEST_STEP][PASSED] - catch (Exception e): null

2019-12-06 01:39:31 - [TEST_STEP][PASSED] - Thread.sleep(1000): null

2019-12-06 01:39:32 - [TEST_STEP][PASSED] - try: null

2019-12-06 01:39:32 - [TEST_STEP][PASSED] - if (selenium.isElementPresent("//a[contains(text(),'No Thanks. I want to see ACA plans.')]")): null

2019-12-06 01:39:32 - [TEST_STEP][PASSED] - catch (Exception e): null

2019-12-06 01:39:32 - [TEST_STEP][PASSED] - Thread.sleep(1000): null

2019-12-06 01:39:33 - [TEST_STEP][PASSED] - try: null

2019-12-06 01:39:33 - [TEST_STEP][PASSED] - if (selenium.isElementPresent("//a[contains(text(),'No Thanks. I want to see ACA plans.')]")): null

2019-12-06 01:39:33 - [TEST_STEP][PASSED] - catch (Exception e): null

2019-12-06 01:39:33 - [TEST_STEP][PASSED] - Thread.sleep(1000): null

2019-12-06 01:39:34 - [TEST_STEP][PASSED] - try: null

2019-12-06 01:39:34 - [TEST_STEP][PASSED] - if (selenium.isElementPresent("//a[contains(text(),'No Thanks. I want to see ACA plans.')]")): null

2019-12-06 01:39:34 - [TEST_STEP][PASSED] - catch (Exception e): null

2019-12-06 01:39:34 - [TEST_STEP][PASSED] - Thread.sleep(1000): null

2019-12-06 01:39:35 - [TEST_STEP][PASSED] - try: null

2019-12-06 01:39:35 - [TEST_STEP][PASSED] - if (selenium.isElementPresent("//a[contains(text(),'No Thanks. I want to see ACA plans.')]")): null

2019-12-06 01:39:35 - [TEST_STEP][PASSED] - catch (Exception e): null

2019-12-06 01:39:35 - [TEST_STEP][PASSED] - Thread.sleep(1000): null

2019-12-06 01:39:36 - [TEST_STEP][PASSED] - try: null

2019-12-06 01:39:36 - [TEST_STEP][PASSED] - if (selenium.isElementPresent("//a[contains(text(),'No Thanks. I want to see ACA plans.')]")): null

2019-12-06 01:39:36 - [TEST_STEP][PASSED] - catch (Exception e): null

2019-12-06 01:39:36 - [TEST_STEP][PASSED] - Thread.sleep(1000): null

2019-12-06 01:39:37 - [TEST_STEP][PASSED] - try: null

2019-12-06 01:39:37 - [TEST_STEP][PASSED] - if (selenium.isElementPresent("//a[contains(text(),'No Thanks. I want to see ACA plans.')]")): null

2019-12-06 01:39:38 - [TEST_STEP][PASSED] - catch (Exception e): null

2019-12-06 01:39:38 - [TEST_STEP][PASSED] - Thread.sleep(1000): null

2019-12-06 01:39:39 - [TEST_STEP][PASSED] - try: null

2019-12-06 01:39:39 - [TEST_STEP][PASSED] - if (selenium.isElementPresent("//a[contains(text(),'No Thanks. I want to see ACA plans.')]")): null

2019-12-06 01:39:39 - [TEST_STEP][PASSED] - catch (Exception e): null

2019-12-06 01:39:39 - [TEST_STEP][PASSED] - Thread.sleep(1000): null

2019-12-06 01:39:40 - [TEST_STEP][PASSED] - try: null

2019-12-06 01:39:40 - [TEST_STEP][PASSED] - if (selenium.isElementPresent("//a[contains(text(),'No Thanks. I want to see ACA plans.')]")): null

2019-12-06 01:39:40 - [TEST_STEP][PASSED] - catch (Exception e): null

2019-12-06 01:39:40 - [TEST_STEP][PASSED] - Thread.sleep(1000): null

2019-12-06 01:39:41 - [TEST_STEP][PASSED] - try: null

2019-12-06 01:39:41 - [TEST_STEP][PASSED] - if (selenium.isElementPresent("//a[contains(text(),'No Thanks. I want to see ACA plans.')]")): null

2019-12-06 01:39:41 - [TEST_STEP][PASSED] - catch (Exception e): null

2019-12-06 01:39:41 - [TEST_STEP][PASSED] - Thread.sleep(1000): null

2019-12-06 01:39:42 - [TEST_STEP][PASSED] - try: null

2019-12-06 01:39:42 - [TEST_STEP][PASSED] - if (selenium.isElementPresent("//a[contains(text(),'No Thanks. I want to see ACA plans.')]")): null

2019-12-06 01:39:42 - [TEST_STEP][PASSED] - catch (Exception e): null

2019-12-06 01:39:42 - [TEST_STEP][PASSED] - Thread.sleep(1000): null

2019-12-06 01:39:43 - [TEST_STEP][PASSED] - try: null

2019-12-06 01:39:43 - [TEST_STEP][PASSED] - if (selenium.isElementPresent("//a[contains(text(),'No Thanks. I want to see ACA plans.')]")): null

2019-12-06 01:39:44 - [TEST_STEP][PASSED] - catch (Exception e): null

2019-12-06 01:39:44 - [TEST_STEP][PASSED] - Thread.sleep(1000): null

2019-12-06 01:39:45 - [TEST_STEP][PASSED] - try: null

2019-12-06 01:39:45 - [TEST_STEP][PASSED] - if (selenium.isElementPresent("//a[contains(text(),'No Thanks. I want to see ACA plans.')]")): null

2019-12-06 01:39:45 - [TEST_STEP][PASSED] - catch (Exception e): null

2019-12-06 01:39:45 - [TEST_STEP][PASSED] - Thread.sleep(1000): null

2019-12-06 01:39:46 - [TEST_STEP][PASSED] - try: null

2019-12-06 01:39:46 - [TEST_STEP][PASSED] - if (selenium.isElementPresent("//a[contains(text(),'No Thanks. I want to see ACA plans.')]")): null

2019-12-06 01:39:46 - [TEST_STEP][PASSED] - catch (Exception e): null

2019-12-06 01:39:46 - [TEST_STEP][PASSED] - Thread.sleep(1000): null

2019-12-06 01:39:47 - [TEST_STEP][PASSED] - try: null

2019-12-06 01:39:47 - [TEST_STEP][PASSED] - if (selenium.isElementPresent("//a[contains(text(),'No Thanks. I want to see ACA plans.')]")): null

2019-12-06 01:39:47 - [TEST_STEP][PASSED] - catch (Exception e): null

2019-12-06 01:39:47 - [TEST_STEP][PASSED] - Thread.sleep(1000): null

2019-12-06 01:39:48 - [TEST_STEP][PASSED] - try: null

2019-12-06 01:39:48 - [TEST_STEP][PASSED] - if (selenium.isElementPresent("//a[contains(text(),'No Thanks. I want to see ACA plans.')]")): null

2019-12-06 01:39:48 - [TEST_STEP][PASSED] - catch (Exception e): null

2019-12-06 01:39:48 - [TEST_STEP][PASSED] - Thread.sleep(1000): null

2019-12-06 01:39:49 - [TEST_STEP][PASSED] - try: null

2019-12-06 01:39:49 - [TEST_STEP][PASSED] - if (selenium.isElementPresent("//a[contains(text(),'No Thanks. I want to see ACA plans.')]")): null

2019-12-06 01:39:49 - [TEST_STEP][PASSED] - catch (Exception e): null

2019-12-06 01:39:49 - [TEST_STEP][PASSED] - Thread.sleep(1000): null

2019-12-06 01:39:50 - [TEST_STEP][PASSED] - try: null

2019-12-06 01:39:50 - [TEST_STEP][PASSED] - if (selenium.isElementPresent("//a[contains(text(),'No Thanks. I want to see ACA plans.')]")): null

2019-12-06 01:39:50 - [TEST_STEP][PASSED] - catch (Exception e): null

2019-12-06 01:39:50 - [TEST_STEP][PASSED] - Thread.sleep(1000): null

2019-12-06 01:39:51 - [TEST_STEP][PASSED] - try: null

2019-12-06 01:39:51 - [TEST_STEP][PASSED] - if (selenium.isElementPresent("//a[contains(text(),'No Thanks. I want to see ACA plans.')]")): null

2019-12-06 01:39:51 - [TEST_STEP][PASSED] - catch (Exception e): null

2019-12-06 01:39:51 - [TEST_STEP][PASSED] - Thread.sleep(1000): null

2019-12-06 01:39:52 - [TEST_STEP][PASSED] - try: null

2019-12-06 01:39:52 - [TEST_STEP][PASSED] - if (selenium.isElementPresent("//a[contains(text(),'No Thanks. I want to see ACA plans.')]")): null

2019-12-06 01:39:52 - [TEST_STEP][PASSED] - catch (Exception e): null

2019-12-06 01:39:52 - [TEST_STEP][PASSED] - Thread.sleep(1000): null

2019-12-06 01:39:53 - [TEST_STEP][PASSED] - try: null

2019-12-06 01:39:53 - [TEST_STEP][PASSED] - if (selenium.isElementPresent("//a[contains(text(),'No Thanks. I want to see ACA plans.')]")): null

2019-12-06 01:39:53 - [TEST_STEP][PASSED] - catch (Exception e): null

2019-12-06 01:39:53 - [TEST_STEP][PASSED] - Thread.sleep(1000): null

2019-12-06 01:39:54 - [TEST_STEP][PASSED] - try: null

2019-12-06 01:39:54 - [TEST_STEP][PASSED] - if (selenium.isElementPresent("//a[contains(text(),'No Thanks. I want to see ACA plans.')]")): null

2019-12-06 01:39:54 - [TEST_STEP][PASSED] - catch (Exception e): null

2019-12-06 01:39:54 - [TEST_STEP][PASSED] - Thread.sleep(1000): null

2019-12-06 01:39:55 - [TEST_STEP][PASSED] - try: null

2019-12-06 01:39:55 - [TEST_STEP][PASSED] - if (selenium.isElementPresent("//a[contains(text(),'No Thanks. I want to see ACA plans.')]")): null

2019-12-06 01:39:55 - [TEST_STEP][PASSED] - catch (Exception e): null

2019-12-06 01:39:55 - [TEST_STEP][PASSED] - Thread.sleep(1000): null

2019-12-06 01:39:56 - [TEST_STEP][PASSED] - try: null

2019-12-06 01:39:56 - [TEST_STEP][PASSED] - if (selenium.isElementPresent("//a[contains(text(),'No Thanks. I want to see ACA plans.')]")): null

2019-12-06 01:39:56 - [TEST_STEP][PASSED] - catch (Exception e): null

2019-12-06 01:39:56 - [TEST_STEP][PASSED] - Thread.sleep(1000): null

2019-12-06 01:39:57 - [TEST_STEP][PASSED] - try: null

2019-12-06 01:39:57 - [TEST_STEP][PASSED] - if (selenium.isElementPresent("//a[contains(text(),'No Thanks. I want to see ACA plans.')]")): null

2019-12-06 01:39:57 - [TEST_STEP][PASSED] - catch (Exception e): null

2019-12-06 01:39:57 - [TEST_STEP][PASSED] - Thread.sleep(1000): null

2019-12-06 01:39:58 - [TEST_STEP][PASSED] - try: null

2019-12-06 01:39:58 - [TEST_STEP][PASSED] - if (selenium.isElementPresent("//a[contains(text(),'No Thanks. I want to see ACA plans.')]")): null

2019-12-06 01:39:58 - [TEST_STEP][PASSED] - catch (Exception e): null

2019-12-06 01:39:58 - [TEST_STEP][PASSED] - Thread.sleep(1000): null

2019-12-06 01:39:59 - [TEST_STEP][PASSED] - try: null

2019-12-06 01:39:59 - [TEST_STEP][PASSED] - if (selenium.isElementPresent("//a[contains(text(),'No Thanks. I want to see ACA plans.')]")): null

2019-12-06 01:39:59 - [TEST_STEP][PASSED] - catch (Exception e): null

2019-12-06 01:39:59 - [TEST_STEP][PASSED] - Thread.sleep(1000): null

2019-12-06 01:40:00 - [TEST_STEP][PASSED] - try: null

2019-12-06 01:40:00 - [TEST_STEP][PASSED] - if (selenium.isElementPresent("//a[contains(text(),'No Thanks. I want to see ACA plans.')]")): null

2019-12-06 01:40:01 - [TEST_STEP][PASSED] - catch (Exception e): null

2019-12-06 01:40:01 - [TEST_STEP][PASSED] - Thread.sleep(1000): null

2019-12-06 01:40:02 - [TEST_STEP][PASSED] - try: null

2019-12-06 01:40:02 - [TEST_STEP][PASSED] - if (selenium.isElementPresent("//a[contains(text(),'No Thanks. I want to see ACA plans.')]")): null

2019-12-06 01:40:02 - [TEST_STEP][PASSED] - catch (Exception e): null

2019-12-06 01:40:02 - [TEST_STEP][PASSED] - Thread.sleep(1000): null

2019-12-06 01:40:03 - [TEST_STEP][PASSED] - try: null

2019-12-06 01:40:03 - [TEST_STEP][PASSED] - if (selenium.isElementPresent("//a[contains(text(),'No Thanks. I want to see ACA plans.')]")): null

2019-12-06 01:40:03 - [TEST_STEP][PASSED] - catch (Exception e): null

2019-12-06 01:40:03 - [TEST_STEP][PASSED] - Thread.sleep(1000): null

2019-12-06 01:40:04 - [TEST_STEP][PASSED] - try: null

2019-12-06 01:40:04 - [TEST_STEP][PASSED] - if (selenium.isElementPresent("//a[contains(text(),'No Thanks. I want to see ACA plans.')]")): null

2019-12-06 01:40:04 - [TEST_STEP][PASSED] - catch (Exception e): null

2019-12-06 01:40:04 - [TEST_STEP][PASSED] - Thread.sleep(1000): null

2019-12-06 01:40:05 - [TEST_STEP][PASSED] - try: null

2019-12-06 01:40:05 - [TEST_STEP][PASSED] - if (selenium.isElementPresent("//a[contains(text(),'No Thanks. I want to see ACA plans.')]")): null

2019-12-06 01:40:05 - [TEST_STEP][PASSED] - catch (Exception e): null

2019-12-06 01:40:05 - [TEST_STEP][PASSED] - Thread.sleep(1000): null

2019-12-06 01:40:06 - [TEST_STEP][PASSED] - try: null

2019-12-06 01:40:06 - [TEST_STEP][PASSED] - if (selenium.isElementPresent("//a[contains(text(),'No Thanks. I want to see ACA plans.')]")): null

2019-12-06 01:40:06 - [TEST_STEP][PASSED] - catch (Exception e): null

2019-12-06 01:40:06 - [TEST_STEP][PASSED] - Thread.sleep(1000): null

2019-12-06 01:40:07 - [TEST_STEP][PASSED] - try: null

2019-12-06 01:40:07 - [TEST_STEP][PASSED] - if (selenium.isElementPresent("//a[contains(text(),'No Thanks. I want to see ACA plans.')]")): null

2019-12-06 01:40:07 - [TEST_STEP][PASSED] - catch (Exception e): null

2019-12-06 01:40:07 - [TEST_STEP][PASSED] - Thread.sleep(1000): null

2019-12-06 01:40:08 - [TEST_STEP][PASSED] - try: null

2019-12-06 01:40:08 - [TEST_STEP][PASSED] - if (selenium.isElementPresent("//a[contains(text(),'No Thanks. I want to see ACA plans.')]")): null

2019-12-06 01:40:08 - [TEST_STEP][PASSED] - catch (Exception e): null

2019-12-06 01:40:08 - [TEST_STEP][PASSED] - Thread.sleep(1000): null

2019-12-06 01:40:09 - [TEST_STEP][PASSED] - try: null

2019-12-06 01:40:09 - [TEST_STEP][PASSED] - if (selenium.isElementPresent("//a[contains(text(),'No Thanks. I want to see ACA plans.')]")): null

2019-12-06 01:40:09 - [TEST_STEP][PASSED] - catch (Exception e): null

2019-12-06 01:40:09 - [TEST_STEP][PASSED] - Thread.sleep(1000): null

2019-12-06 01:40:10 - [TEST_STEP][PASSED] - try: null

2019-12-06 01:40:10 - [TEST_STEP][PASSED] - if (selenium.isElementPresent("//a[contains(text(),'No Thanks. I want to see ACA plans.')]")): null

2019-12-06 01:40:10 - [TEST_STEP][PASSED] - catch (Exception e): null

2019-12-06 01:40:10 - [TEST_STEP][PASSED] - Thread.sleep(1000): null

2019-12-06 01:40:11 - [TEST_STEP][PASSED] - try: null

2019-12-06 01:40:11 - [TEST_STEP][PASSED] - if (selenium.isElementPresent("//a[contains(text(),'No Thanks. I want to see ACA plans.')]")): null

2019-12-06 01:40:11 - [TEST_STEP][PASSED] - catch (Exception e): null

2019-12-06 01:40:11 - [TEST_STEP][PASSED] - Thread.sleep(1000): null

2019-12-06 01:40:12 - [TEST_STEP][PASSED] - try: null

2019-12-06 01:40:12 - [TEST_STEP][PASSED] - if (selenium.isElementPresent("//a[contains(text(),'No Thanks. I want to see ACA plans.')]")): null

2019-12-06 01:40:12 - [TEST_STEP][PASSED] - catch (Exception e): null

2019-12-06 01:40:12 - [TEST_STEP][PASSED] - Thread.sleep(1000): null

2019-12-06 01:40:13 - [TEST_STEP][PASSED] - try: null

2019-12-06 01:40:13 - [TEST_STEP][PASSED] - if (selenium.isElementPresent("//a[contains(text(),'No Thanks. I want to see ACA plans.')]")): null

2019-12-06 01:40:13 - [TEST_STEP][PASSED] - catch (Exception e): null

2019-12-06 01:40:13 - [TEST_STEP][PASSED] - Thread.sleep(1000): null

2019-12-06 01:40:14 - [TEST_STEP][PASSED] - try: null

2019-12-06 01:40:14 - [TEST_STEP][PASSED] - if (selenium.isElementPresent("//a[contains(text(),'No Thanks. I want to see ACA plans.')]")): null

2019-12-06 01:40:14 - [TEST_STEP][PASSED] - catch (Exception e): null

2019-12-06 01:40:14 - [TEST_STEP][PASSED] - Thread.sleep(1000): null

2019-12-06 01:40:15 - [TEST_STEP][PASSED] - try: null

2019-12-06 01:40:15 - [TEST_STEP][PASSED] - if (selenium.isElementPresent("//a[contains(text(),'No Thanks. I want to see ACA plans.')]")): null

2019-12-06 01:40:15 - [TEST_STEP][PASSED] - catch (Exception e): null

2019-12-06 01:40:15 - [TEST_STEP][PASSED] - Thread.sleep(1000): null

2019-12-06 01:40:16 - [TEST_STEP][PASSED] - try: null

2019-12-06 01:40:16 - [TEST_STEP][PASSED] - if (selenium.isElementPresent("//a[contains(text(),'No Thanks. I want to see ACA plans.')]")): null

2019-12-06 01:40:17 - [TEST_STEP][PASSED] - catch (Exception e): null

2019-12-06 01:40:17 - [TEST_STEP][PASSED] - Thread.sleep(1000): null

2019-12-06 01:40:18 - [TEST_STEP][PASSED] - try: null

2019-12-06 01:40:18 - [TEST_STEP][PASSED] - if (selenium.isElementPresent("//a[contains(text(),'No Thanks. I want to see ACA plans.')]")): null

2019-12-06 01:40:18 - [TEST_STEP][PASSED] - catch (Exception e): null

2019-12-06 01:40:18 - [TEST_STEP][PASSED] - Thread.sleep(1000): null

2019-12-06 01:40:19 - [TEST_STEP][PASSED] - try: null

2019-12-06 01:40:19 - [TEST_STEP][PASSED] - if (selenium.isElementPresent("//a[contains(text(),'No Thanks. I want to see ACA plans.')]")): null

2019-12-06 01:40:19 - [TEST_STEP][PASSED] - catch (Exception e): null

2019-12-06 01:40:19 - [TEST_STEP][PASSED] - Thread.sleep(1000): null

2019-12-06 01:40:20 - [TEST_STEP][PASSED] - try: null

2019-12-06 01:40:20 - [TEST_STEP][PASSED] - if (selenium.isElementPresent("//a[contains(text(),'No Thanks. I want to see ACA plans.')]")): null

2019-12-06 01:40:20 - [TEST_STEP][PASSED] - catch (Exception e): null

2019-12-06 01:40:20 - [TEST_STEP][PASSED] - Thread.sleep(1000): null

2019-12-06 01:40:21 - [TEST_STEP][PASSED] - try: null

2019-12-06 01:40:21 - [TEST_STEP][PASSED] - if (selenium.isElementPresent("//a[contains(text(),'No Thanks. I want to see ACA plans.')]")): null

2019-12-06 01:40:21 - [TEST_STEP][PASSED] - catch (Exception e): null

2019-12-06 01:40:21 - [TEST_STEP][PASSED] - Thread.sleep(1000): null

2019-12-06 01:40:22 - [TEST_STEP][PASSED] - try: null

2019-12-06 01:40:22 - [TEST_STEP][PASSED] - if (selenium.isElementPresent("//a[contains(text(),'No Thanks. I want to see ACA plans.')]")): null

2019-12-06 01:40:23 - [TEST_STEP][PASSED] - catch (Exception e): null

2019-12-06 01:40:23 - [TEST_STEP][PASSED] - Thread.sleep(1000): null

2019-12-06 01:40:24 - [TEST_STEP][PASSED] - try: null

2019-12-06 01:40:24 - [TEST_STEP][PASSED] - if (selenium.isElementPresent("//a[contains(text(),'No Thanks. I want to see ACA plans.')]")): null

2019-12-06 01:40:24 - [TEST_STEP][PASSED] - catch (Exception e): null

2019-12-06 01:40:24 - [TEST_STEP][PASSED] - Thread.sleep(1000): null

2019-12-06 01:40:25 - [TEST_STEP][PASSED] - for ([second = 0, second < 60, (second++)]): null

2019-12-06 01:40:25 - [TEST_STEP][PASSED] - try: null

2019-12-06 01:40:25 - [TEST_STEP][PASSED] - if (selenium.isElementPresent("id=location")): null

2019-12-06 01:40:25 - [TEST_STEP][PASSED] - callTestCase(findTestCase("mobileWeb/_include/get_screenshot"), [:], STOP_ON_FAILURE): Call Test Case 'Test Cases/mobileWeb/_include/get_screenshot' successfully

2019-12-06 01:40:25 - [TEST_CASE][PASSED] - Test Cases/mobileWeb/_include/get_screenshot: Test Cases/mobileWeb/_include/get_screenshot

2019-12-06 01:40:26 - [TEST_STEP][PASSED] - takeScreenshot(screenPath + i + ".png"): Taking screenshot successfully

2019-12-06 01:40:26 - [MESSAGE][PASSED] - Taking screenshot successfully
[[ATTACHMENT|D:\\Test\\AgileTest\\Reports\\HP\\HP\\20191206_013830\\../Screenshots/iPhone 6/HP/ACA/20191206_013849/0.png]]

2019-12-06 01:40:26 - [TEST_STEP][PASSED] - (internal.GlobalVariable.i++): null

2019-12-06 01:40:26 - [MESSAGE][PASSED] - Call Test Case 'Test Cases/mobileWeb/_include/get_screenshot' successfully

2019-12-06 01:40:26 - [TEST_STEP][PASSED] - selenium.type("id=location", "32209"): null

2019-12-06 01:40:27 - [TEST_STEP][PASSED] - callTestCase(findTestCase("mobileWeb/_include/get_screenshot"), [:], STOP_ON_FAILURE): Call Test Case 'Test Cases/mobileWeb/_include/get_screenshot' successfully

2019-12-06 01:40:27 - [TEST_CASE][PASSED] - Test Cases/mobileWeb/_include/get_screenshot: Test Cases/mobileWeb/_include/get_screenshot

2019-12-06 01:40:27 - [TEST_STEP][PASSED] - takeScreenshot(screenPath + i + ".png"): Taking screenshot successfully

2019-12-06 01:40:27 - [MESSAGE][PASSED] - Taking screenshot successfully
[[ATTACHMENT|D:\\Test\\AgileTest\\Reports\\HP\\HP\\20191206_013830\\../Screenshots/iPhone 6/HP/ACA/20191206_013849/1.png]]

2019-12-06 01:40:27 - [TEST_STEP][PASSED] - (internal.GlobalVariable.i++): null

2019-12-06 01:40:27 - [MESSAGE][PASSED] - Call Test Case 'Test Cases/mobileWeb/_include/get_screenshot' successfully

2019-12-06 01:40:27 - [TEST_STEP][PASSED] - selenium.click("id=findPlans"): null

2019-12-06 01:40:28 - [TEST_STEP][PASSED] - callTestCase(findTestCase("mobileWeb/_include/get_screenshot"), [:], STOP_ON_FAILURE): Call Test Case 'Test Cases/mobileWeb/_include/get_screenshot' successfully

2019-12-06 01:40:28 - [TEST_CASE][PASSED] - Test Cases/mobileWeb/_include/get_screenshot: Test Cases/mobileWeb/_include/get_screenshot

2019-12-06 01:40:28 - [TEST_STEP][PASSED] - takeScreenshot(screenPath + i + ".png"): Taking screenshot successfully

2019-12-06 01:40:30 - [MESSAGE][PASSED] - Taking screenshot successfully
[[ATTACHMENT|D:\\Test\\AgileTest\\Reports\\HP\\HP\\20191206_013830\\../Screenshots/iPhone 6/HP/ACA/20191206_013849/2.png]]

2019-12-06 01:40:30 - [TEST_STEP][PASSED] - (internal.GlobalVariable.i++): null

2019-12-06 01:40:30 - [MESSAGE][PASSED] - Call Test Case 'Test Cases/mobileWeb/_include/get_screenshot' successfully

2019-12-06 01:40:30 - [TEST_STEP][PASSED] - for ([second = 0, second < 60, (second++)]): null

2019-12-06 01:40:30 - [TEST_STEP][PASSED] - try: null

2019-12-06 01:40:30 - [TEST_STEP][PASSED] - if (selenium.isElementPresent("//a[contains(text(),'Select')]")): null

2019-12-06 01:40:30 - [TEST_STEP][PASSED] - callTestCase(findTestCase("mobileWeb/_include/get_screenshot"), [:], STOP_ON_FAILURE): Call Test Case 'Test Cases/mobileWeb/_include/get_screenshot' successfully

2019-12-06 01:40:30 - [TEST_CASE][PASSED] - Test Cases/mobileWeb/_include/get_screenshot: Test Cases/mobileWeb/_include/get_screenshot

2019-12-06 01:40:30 - [TEST_STEP][PASSED] - takeScreenshot(screenPath + i + ".png"): Taking screenshot successfully

2019-12-06 01:40:31 - [MESSAGE][PASSED] - Taking screenshot successfully
[[ATTACHMENT|D:\\Test\\AgileTest\\Reports\\HP\\HP\\20191206_013830\\../Screenshots/iPhone 6/HP/ACA/20191206_013849/3.png]]

2019-12-06 01:40:31 - [TEST_STEP][PASSED] - (internal.GlobalVariable.i++): null

2019-12-06 01:40:31 - [MESSAGE][PASSED] - Call Test Case 'Test Cases/mobileWeb/_include/get_screenshot' successfully

2019-12-06 01:40:31 - [TEST_STEP][PASSED] - selenium.click("//a[contains(text(),'Select')]"): null

2019-12-06 01:40:31 - [TEST_STEP][PASSED] - for ([second = 0, second < 60, (second++)]): null

2019-12-06 01:40:31 - [TEST_STEP][PASSED] - try: null

2019-12-06 01:40:31 - [TEST_STEP][PASSED] - if (selenium.isElementPresent("xpath=(//a[contains(text(),'Apply Now')])")): null

2019-12-06 01:40:31 - [TEST_STEP][PASSED] - Thread.sleep(1000): null

2019-12-06 01:40:32 - [TEST_STEP][PASSED] - try: null

2019-12-06 01:40:32 - [TEST_STEP][PASSED] - if (selenium.isElementPresent("xpath=(//a[contains(text(),'Apply Now')])")): null

2019-12-06 01:40:32 - [TEST_STEP][PASSED] - callTestCase(findTestCase("mobileWeb/_include/get_screenshot"), [:], STOP_ON_FAILURE): Call Test Case 'Test Cases/mobileWeb/_include/get_screenshot' successfully

2019-12-06 01:40:32 - [TEST_CASE][PASSED] - Test Cases/mobileWeb/_include/get_screenshot: Test Cases/mobileWeb/_include/get_screenshot

2019-12-06 01:40:32 - [TEST_STEP][PASSED] - takeScreenshot(screenPath + i + ".png"): Taking screenshot successfully

2019-12-06 01:40:33 - [MESSAGE][PASSED] - Taking screenshot successfully
[[ATTACHMENT|D:\\Test\\AgileTest\\Reports\\HP\\HP\\20191206_013830\\../Screenshots/iPhone 6/HP/ACA/20191206_013849/4.png]]

2019-12-06 01:40:33 - [TEST_STEP][PASSED] - (internal.GlobalVariable.i++): null

2019-12-06 01:40:33 - [MESSAGE][PASSED] - Call Test Case 'Test Cases/mobileWeb/_include/get_screenshot' successfully

2019-12-06 01:40:33 - [TEST_STEP][PASSED] - selenium.click("xpath=(//a[contains(text(),'Apply Now')])"): null

2019-12-06 01:40:34 - [TEST_STEP][PASSED] - for ([second = 0, second < 60, (second++)]): null

2019-12-06 01:40:34 - [TEST_STEP][PASSED] - try: null

2019-12-06 01:40:34 - [TEST_STEP][PASSED] - if (selenium.isElementPresent("//a[contains(text(),'Select')]")): null

2019-12-06 01:40:34 - [TEST_STEP][PASSED] - callTestCase(findTestCase("mobileWeb/_include/get_screenshot"), [:], STOP_ON_FAILURE): Call Test Case 'Test Cases/mobileWeb/_include/get_screenshot' successfully

2019-12-06 01:40:34 - [TEST_CASE][PASSED] - Test Cases/mobileWeb/_include/get_screenshot: Test Cases/mobileWeb/_include/get_screenshot

2019-12-06 01:40:34 - [TEST_STEP][PASSED] - takeScreenshot(screenPath + i + ".png"): Taking screenshot successfully

2019-12-06 01:40:34 - [MESSAGE][PASSED] - Taking screenshot successfully
[[ATTACHMENT|D:\\Test\\AgileTest\\Reports\\HP\\HP\\20191206_013830\\../Screenshots/iPhone 6/HP/ACA/20191206_013849/5.png]]

2019-12-06 01:40:34 - [TEST_STEP][PASSED] - (internal.GlobalVariable.i++): null

2019-12-06 01:40:34 - [MESSAGE][PASSED] - Call Test Case 'Test Cases/mobileWeb/_include/get_screenshot' successfully

2019-12-06 01:40:34 - [TEST_STEP][PASSED] - selenium.click("//a[contains(text(),'Select')]"): null

2019-12-06 01:40:34 - [TEST_STEP][PASSED] - callTestCase(findTestCase("mobileWeb/_include/get_screenshot"), [:], STOP_ON_FAILURE): Call Test Case 'Test Cases/mobileWeb/_include/get_screenshot' successfully

2019-12-06 01:40:35 - [TEST_CASE][PASSED] - Test Cases/mobileWeb/_include/get_screenshot: Test Cases/mobileWeb/_include/get_screenshot

2019-12-06 01:40:35 - [TEST_STEP][PASSED] - takeScreenshot(screenPath + i + ".png"): Taking screenshot successfully

2019-12-06 01:40:35 - [MESSAGE][PASSED] - Taking screenshot successfully
[[ATTACHMENT|D:\\Test\\AgileTest\\Reports\\HP\\HP\\20191206_013830\\../Screenshots/iPhone 6/HP/ACA/20191206_013849/6.png]]

2019-12-06 01:40:35 - [TEST_STEP][PASSED] - (internal.GlobalVariable.i++): null

2019-12-06 01:40:35 - [MESSAGE][PASSED] - Call Test Case 'Test Cases/mobileWeb/_include/get_screenshot' successfully]]></system-out>
         <system-err><![CDATA[]]></system-err>
      </testcase>
      <testcase name="Test Cases/HP/Home/Home" classname="Test Cases/HP/Home/Home" status="PASSED">
         <system-out><![CDATA[2019-12-06 01:40:35 - [TEST_CASE][PASSED] - Test Cases/HP/Home/Home: Test Cases/HP/Home/Home

2019-12-06 01:40:35 - [TEST_STEP][PASSED] - now = new java.util.Date(): null

2019-12-06 01:40:35 - [TEST_STEP][PASSED] - mydate = now.format("yyyyMMdd_HHmmss"): null

2019-12-06 01:40:35 - [TEST_STEP][PASSED] - callTestCase(findTestCase("mobileWeb/_include/get_screenPath"), ["productLine":"HP", "carrierName":"home"], CONTINUE_ON_FAILURE): Call Test Case 'Test Cases/mobileWeb/_include/get_screenPath' successfully

2019-12-06 01:40:35 - [TEST_CASE][PASSED] - Test Cases/mobileWeb/_include/get_screenPath: Test Cases/mobileWeb/_include/get_screenPath

2019-12-06 01:40:35 - [TEST_STEP][PASSED] - m = getExecutionProperties(): null

2019-12-06 01:40:35 - [TEST_STEP][PASSED] - deviceName = get("mobileEmulation").get("deviceName"): null

2019-12-06 01:40:35 - [TEST_STEP][PASSED] - println(deviceName): null

2019-12-06 01:40:35 - [TEST_STEP][PASSED] - now = new java.util.Date(): null

2019-12-06 01:40:35 - [TEST_STEP][PASSED] - mydate = now.format("yyyyMMdd_HHmmss"): null

2019-12-06 01:40:35 - [TEST_STEP][PASSED] - screenPath = "../Screenshots/": null

2019-12-06 01:40:35 - [TEST_STEP][PASSED] - screenPath = screenPath + deviceName + "/" + productLine + "/" + carrierName + "/" + mydate + "/": null

2019-12-06 01:40:35 - [TEST_STEP][PASSED] - println(screenPath): null

2019-12-06 01:40:35 - [MESSAGE][PASSED] - Call Test Case 'Test Cases/mobileWeb/_include/get_screenPath' successfully

2019-12-06 01:40:35 - [TEST_STEP][PASSED] - i = 0: null

2019-12-06 01:40:35 - [TEST_STEP][PASSED] - openBrowser("https://www.healthpocket.com/"): Browser is opened with url: 'https://www.healthpocket.com/'

2019-12-06 01:40:35 - [MESSAGE][WARNING] - A browser is already opened. Closing browser and opening a new one

2019-12-06 01:40:36 - [MESSAGE][INFO] - Starting 'Chrome' driver

2019-12-06 01:40:36 - [MESSAGE][INFO] - User set preference: ['mobileEmulation', '{deviceName=iPhone 6}']

2019-12-06 01:40:36 - [MESSAGE][INFO] - User set preference: ['args', '[--incognito, --aggressive-cache-discard, --window-size=375,677, --no-sandbox]']

2019-12-06 01:40:39 - [MESSAGE][PASSED] - Browser is opened with url: 'https://www.healthpocket.com/'

2019-12-06 01:40:39 - [TEST_STEP][PASSED] - navigateToUrl("https://www.healthpocket.com/"): Navigate to 'https://www.healthpocket.com/' successfully

2019-12-06 01:40:40 - [MESSAGE][PASSED] - Navigate to 'https://www.healthpocket.com/' successfully

2019-12-06 01:40:40 - [TEST_STEP][PASSED] - callTestCase(findTestCase("mobileWeb/_include/get_screenshot"), [:], STOP_ON_FAILURE): Call Test Case 'Test Cases/mobileWeb/_include/get_screenshot' successfully

2019-12-06 01:40:40 - [TEST_CASE][PASSED] - Test Cases/mobileWeb/_include/get_screenshot: Test Cases/mobileWeb/_include/get_screenshot

2019-12-06 01:40:40 - [TEST_STEP][PASSED] - takeScreenshot(screenPath + i + ".png"): Taking screenshot successfully

2019-12-06 01:40:40 - [MESSAGE][PASSED] - Taking screenshot successfully
[[ATTACHMENT|D:\\Test\\AgileTest\\Reports\\HP\\HP\\20191206_013830\\../Screenshots/iPhone 6/HP/home/20191206_014035/0.png]]

2019-12-06 01:40:40 - [TEST_STEP][PASSED] - (internal.GlobalVariable.i++): null

2019-12-06 01:40:40 - [MESSAGE][PASSED] - Call Test Case 'Test Cases/mobileWeb/_include/get_screenshot' successfully]]></system-out>
         <system-err><![CDATA[]]></system-err>
      </testcase>
      <testcase name="Test Cases/HP/Medicare/Medicare" classname="Test Cases/HP/Medicare/Medicare" status="PASSED">
         <system-out><![CDATA[2019-12-06 01:40:40 - [TEST_CASE][PASSED] - Test Cases/HP/Medicare/Medicare: Test Cases/HP/Medicare/Medicare

2019-12-06 01:40:41 - [TEST_STEP][PASSED] - now = new java.util.Date(): null

2019-12-06 01:40:41 - [TEST_STEP][PASSED] - mydate = now.format("yyyyMMdd_HHmmss"): null

2019-12-06 01:40:41 - [TEST_STEP][PASSED] - callTestCase(findTestCase("mobileWeb/_include/get_screenPath"), ["productLine":"HP", "carrierName":"Medicare"], CONTINUE_ON_FAILURE): Call Test Case 'Test Cases/mobileWeb/_include/get_screenPath' successfully

2019-12-06 01:40:41 - [TEST_CASE][PASSED] - Test Cases/mobileWeb/_include/get_screenPath: Test Cases/mobileWeb/_include/get_screenPath

2019-12-06 01:40:41 - [TEST_STEP][PASSED] - m = getExecutionProperties(): null

2019-12-06 01:40:41 - [TEST_STEP][PASSED] - deviceName = get("mobileEmulation").get("deviceName"): null

2019-12-06 01:40:41 - [TEST_STEP][PASSED] - println(deviceName): null

2019-12-06 01:40:41 - [TEST_STEP][PASSED] - now = new java.util.Date(): null

2019-12-06 01:40:41 - [TEST_STEP][PASSED] - mydate = now.format("yyyyMMdd_HHmmss"): null

2019-12-06 01:40:41 - [TEST_STEP][PASSED] - screenPath = "../Screenshots/": null

2019-12-06 01:40:41 - [TEST_STEP][PASSED] - screenPath = screenPath + deviceName + "/" + productLine + "/" + carrierName + "/" + mydate + "/": null

2019-12-06 01:40:41 - [TEST_STEP][PASSED] - println(screenPath): null

2019-12-06 01:40:41 - [MESSAGE][PASSED] - Call Test Case 'Test Cases/mobileWeb/_include/get_screenPath' successfully

2019-12-06 01:40:41 - [TEST_STEP][PASSED] - i = 0: null

2019-12-06 01:40:41 - [TEST_STEP][PASSED] - openBrowser("https://pengujian.healthpocket.com/medicare"): Browser is opened with url: 'https://pengujian.healthpocket.com/medicare'

2019-12-06 01:40:41 - [MESSAGE][WARNING] - A browser is already opened. Closing browser and opening a new one

2019-12-06 01:40:42 - [MESSAGE][INFO] - Starting 'Chrome' driver

2019-12-06 01:40:42 - [MESSAGE][INFO] - User set preference: ['mobileEmulation', '{deviceName=iPhone 6}']

2019-12-06 01:40:42 - [MESSAGE][INFO] - User set preference: ['args', '[--incognito, --aggressive-cache-discard, --window-size=375,677, --no-sandbox]']

2019-12-06 01:40:45 - [MESSAGE][PASSED] - Browser is opened with url: 'https://pengujian.healthpocket.com/medicare'

2019-12-06 01:40:45 - [TEST_STEP][PASSED] - driver = getWebDriver(): null

2019-12-06 01:40:45 - [TEST_STEP][PASSED] - baseUrl = "https://pengujian.healthpocket.com/medicare/": null

2019-12-06 01:40:45 - [TEST_STEP][PASSED] - selenium = new com.thoughtworks.selenium.webdriven.WebDriverBackedSelenium(driver, baseUrl): null

2019-12-06 01:40:45 - [TEST_STEP][PASSED] - callTestCase(findTestCase("mobileWeb/_include/get_screenshot"), [:], STOP_ON_FAILURE): Call Test Case 'Test Cases/mobileWeb/_include/get_screenshot' successfully

2019-12-06 01:40:45 - [TEST_CASE][PASSED] - Test Cases/mobileWeb/_include/get_screenshot: Test Cases/mobileWeb/_include/get_screenshot

2019-12-06 01:40:45 - [TEST_STEP][PASSED] - takeScreenshot(screenPath + i + ".png"): Taking screenshot successfully

2019-12-06 01:40:45 - [MESSAGE][PASSED] - Taking screenshot successfully
[[ATTACHMENT|D:\\Test\\AgileTest\\Reports\\HP\\HP\\20191206_013830\\../Screenshots/iPhone 6/HP/Medicare/20191206_014041/0.png]]

2019-12-06 01:40:45 - [TEST_STEP][PASSED] - (internal.GlobalVariable.i++): null

2019-12-06 01:40:45 - [MESSAGE][PASSED] - Call Test Case 'Test Cases/mobileWeb/_include/get_screenshot' successfully

2019-12-06 01:40:45 - [TEST_STEP][PASSED] - selenium.click("id=location"): null

2019-12-06 01:40:45 - [TEST_STEP][PASSED] - callTestCase(findTestCase("mobileWeb/_include/get_screenshot"), [:], STOP_ON_FAILURE): Call Test Case 'Test Cases/mobileWeb/_include/get_screenshot' successfully

2019-12-06 01:40:45 - [TEST_CASE][PASSED] - Test Cases/mobileWeb/_include/get_screenshot: Test Cases/mobileWeb/_include/get_screenshot

2019-12-06 01:40:45 - [TEST_STEP][PASSED] - takeScreenshot(screenPath + i + ".png"): Taking screenshot successfully

2019-12-06 01:40:46 - [MESSAGE][PASSED] - Taking screenshot successfully
[[ATTACHMENT|D:\\Test\\AgileTest\\Reports\\HP\\HP\\20191206_013830\\../Screenshots/iPhone 6/HP/Medicare/20191206_014041/1.png]]

2019-12-06 01:40:46 - [TEST_STEP][PASSED] - (internal.GlobalVariable.i++): null

2019-12-06 01:40:46 - [MESSAGE][PASSED] - Call Test Case 'Test Cases/mobileWeb/_include/get_screenshot' successfully

2019-12-06 01:40:46 - [TEST_STEP][PASSED] - selenium.type("id=location", "32209"): null

2019-12-06 01:40:46 - [TEST_STEP][PASSED] - callTestCase(findTestCase("mobileWeb/_include/get_screenshot"), [:], STOP_ON_FAILURE): Call Test Case 'Test Cases/mobileWeb/_include/get_screenshot' successfully

2019-12-06 01:40:46 - [TEST_CASE][PASSED] - Test Cases/mobileWeb/_include/get_screenshot: Test Cases/mobileWeb/_include/get_screenshot

2019-12-06 01:40:46 - [TEST_STEP][PASSED] - takeScreenshot(screenPath + i + ".png"): Taking screenshot successfully

2019-12-06 01:40:46 - [MESSAGE][PASSED] - Taking screenshot successfully
[[ATTACHMENT|D:\\Test\\AgileTest\\Reports\\HP\\HP\\20191206_013830\\../Screenshots/iPhone 6/HP/Medicare/20191206_014041/2.png]]

2019-12-06 01:40:46 - [TEST_STEP][PASSED] - (internal.GlobalVariable.i++): null

2019-12-06 01:40:46 - [MESSAGE][PASSED] - Call Test Case 'Test Cases/mobileWeb/_include/get_screenshot' successfully

2019-12-06 01:40:46 - [TEST_STEP][PASSED] - selenium.click("id=findPlans"): null

2019-12-06 01:40:46 - [TEST_STEP][PASSED] - for ([second = 0, second < 60, (second++)]): null

2019-12-06 01:40:46 - [TEST_STEP][PASSED] - try: null

2019-12-06 01:40:46 - [TEST_STEP][PASSED] - if (selenium.isElementPresent("//a[contains(text(),'Select')]")): null

2019-12-06 01:40:46 - [TEST_STEP][PASSED] - Thread.sleep(1000): null

2019-12-06 01:40:47 - [TEST_STEP][PASSED] - try: null

2019-12-06 01:40:47 - [TEST_STEP][PASSED] - if (selenium.isElementPresent("//a[contains(text(),'Select')]")): null

2019-12-06 01:40:48 - [TEST_STEP][PASSED] - callTestCase(findTestCase("mobileWeb/_include/get_screenshot"), [:], STOP_ON_FAILURE): Call Test Case 'Test Cases/mobileWeb/_include/get_screenshot' successfully

2019-12-06 01:40:48 - [TEST_CASE][PASSED] - Test Cases/mobileWeb/_include/get_screenshot: Test Cases/mobileWeb/_include/get_screenshot

2019-12-06 01:40:48 - [TEST_STEP][PASSED] - takeScreenshot(screenPath + i + ".png"): Taking screenshot successfully

2019-12-06 01:40:48 - [MESSAGE][PASSED] - Taking screenshot successfully
[[ATTACHMENT|D:\\Test\\AgileTest\\Reports\\HP\\HP\\20191206_013830\\../Screenshots/iPhone 6/HP/Medicare/20191206_014041/3.png]]

2019-12-06 01:40:48 - [TEST_STEP][PASSED] - (internal.GlobalVariable.i++): null

2019-12-06 01:40:48 - [MESSAGE][PASSED] - Call Test Case 'Test Cases/mobileWeb/_include/get_screenshot' successfully

2019-12-06 01:40:48 - [TEST_STEP][PASSED] - selenium.click("//a[contains(text(),'Select')]"): null

2019-12-06 01:40:48 - [TEST_STEP][PASSED] - for ([second = 0, second < 60, (second++)]): null

2019-12-06 01:40:48 - [TEST_STEP][PASSED] - try: null

2019-12-06 01:40:48 - [TEST_STEP][PASSED] - if (selenium.isElementPresent("//a/h2[contains(text(),'Benefits & Coverage')]")): null

2019-12-06 01:40:49 - [TEST_STEP][PASSED] - Thread.sleep(1000): null

2019-12-06 01:40:50 - [TEST_STEP][PASSED] - try: null

2019-12-06 01:40:50 - [TEST_STEP][PASSED] - if (selenium.isElementPresent("//a/h2[contains(text(),'Benefits & Coverage')]")): null

2019-12-06 01:40:50 - [TEST_STEP][PASSED] - callTestCase(findTestCase("mobileWeb/_include/get_screenshot"), [:], STOP_ON_FAILURE): Call Test Case 'Test Cases/mobileWeb/_include/get_screenshot' successfully

2019-12-06 01:40:50 - [TEST_CASE][PASSED] - Test Cases/mobileWeb/_include/get_screenshot: Test Cases/mobileWeb/_include/get_screenshot

2019-12-06 01:40:50 - [TEST_STEP][PASSED] - takeScreenshot(screenPath + i + ".png"): Taking screenshot successfully

2019-12-06 01:40:50 - [MESSAGE][PASSED] - Taking screenshot successfully
[[ATTACHMENT|D:\\Test\\AgileTest\\Reports\\HP\\HP\\20191206_013830\\../Screenshots/iPhone 6/HP/Medicare/20191206_014041/4.png]]

2019-12-06 01:40:50 - [TEST_STEP][PASSED] - (internal.GlobalVariable.i++): null

2019-12-06 01:40:50 - [MESSAGE][PASSED] - Call Test Case 'Test Cases/mobileWeb/_include/get_screenshot' successfully]]></system-out>
         <system-err><![CDATA[]]></system-err>
      </testcase>
      <testcase name="Test Cases/HP/Short Term/STM" classname="Test Cases/HP/Short Term/STM" status="PASSED">
         <system-out><![CDATA[2019-12-06 01:40:50 - [TEST_CASE][PASSED] - Test Cases/HP/Short Term/STM: Test Cases/HP/Short Term/STM

2019-12-06 01:40:51 - [TEST_STEP][PASSED] - now = new java.util.Date(): null

2019-12-06 01:40:51 - [TEST_STEP][PASSED] - mydate = now.format("yyyyMMdd_HHmmss"): null

2019-12-06 01:40:51 - [TEST_STEP][PASSED] - callTestCase(findTestCase("mobileWeb/_include/get_screenPath"), ["productLine":"HP", "carrierName":"STM"], CONTINUE_ON_FAILURE): Call Test Case 'Test Cases/mobileWeb/_include/get_screenPath' successfully

2019-12-06 01:40:51 - [TEST_CASE][PASSED] - Test Cases/mobileWeb/_include/get_screenPath: Test Cases/mobileWeb/_include/get_screenPath

2019-12-06 01:40:51 - [TEST_STEP][PASSED] - m = getExecutionProperties(): null

2019-12-06 01:40:51 - [TEST_STEP][PASSED] - deviceName = get("mobileEmulation").get("deviceName"): null

2019-12-06 01:40:51 - [TEST_STEP][PASSED] - println(deviceName): null

2019-12-06 01:40:51 - [TEST_STEP][PASSED] - now = new java.util.Date(): null

2019-12-06 01:40:51 - [TEST_STEP][PASSED] - mydate = now.format("yyyyMMdd_HHmmss"): null

2019-12-06 01:40:51 - [TEST_STEP][PASSED] - screenPath = "../Screenshots/": null

2019-12-06 01:40:51 - [TEST_STEP][PASSED] - screenPath = screenPath + deviceName + "/" + productLine + "/" + carrierName + "/" + mydate + "/": null

2019-12-06 01:40:51 - [TEST_STEP][PASSED] - println(screenPath): null

2019-12-06 01:40:51 - [MESSAGE][PASSED] - Call Test Case 'Test Cases/mobileWeb/_include/get_screenPath' successfully

2019-12-06 01:40:51 - [TEST_STEP][PASSED] - i = 0: null

2019-12-06 01:40:51 - [TEST_STEP][PASSED] - openBrowser("https://pengujian.healthpocket.com/short-term-health-insurance"): Browser is opened with url: 'https://pengujian.healthpocket.com/short-term-health-insurance'

2019-12-06 01:40:51 - [MESSAGE][WARNING] - A browser is already opened. Closing browser and opening a new one

2019-12-06 01:40:52 - [MESSAGE][INFO] - Starting 'Chrome' driver

2019-12-06 01:40:52 - [MESSAGE][INFO] - User set preference: ['mobileEmulation', '{deviceName=iPhone 6}']

2019-12-06 01:40:52 - [MESSAGE][INFO] - User set preference: ['args', '[--incognito, --aggressive-cache-discard, --window-size=375,677, --no-sandbox]']

2019-12-06 01:40:55 - [MESSAGE][PASSED] - Browser is opened with url: 'https://pengujian.healthpocket.com/short-term-health-insurance'

2019-12-06 01:40:55 - [TEST_STEP][PASSED] - driver = getWebDriver(): null

2019-12-06 01:40:55 - [TEST_STEP][PASSED] - baseUrl = "https://pengujian.healthpocket.com/short-term-health-insurance/": null

2019-12-06 01:40:55 - [TEST_STEP][PASSED] - selenium = new com.thoughtworks.selenium.webdriven.WebDriverBackedSelenium(driver, baseUrl): null

2019-12-06 01:40:55 - [TEST_STEP][PASSED] - selenium.click("id=location"): null

2019-12-06 01:40:55 - [TEST_STEP][PASSED] - callTestCase(findTestCase("mobileWeb/_include/get_screenshot"), [:], STOP_ON_FAILURE): Call Test Case 'Test Cases/mobileWeb/_include/get_screenshot' successfully

2019-12-06 01:40:55 - [TEST_CASE][PASSED] - Test Cases/mobileWeb/_include/get_screenshot: Test Cases/mobileWeb/_include/get_screenshot

2019-12-06 01:40:55 - [TEST_STEP][PASSED] - takeScreenshot(screenPath + i + ".png"): Taking screenshot successfully

2019-12-06 01:40:55 - [MESSAGE][PASSED] - Taking screenshot successfully
[[ATTACHMENT|D:\\Test\\AgileTest\\Reports\\HP\\HP\\20191206_013830\\../Screenshots/iPhone 6/HP/STM/20191206_014051/0.png]]

2019-12-06 01:40:55 - [TEST_STEP][PASSED] - (internal.GlobalVariable.i++): null

2019-12-06 01:40:55 - [MESSAGE][PASSED] - Call Test Case 'Test Cases/mobileWeb/_include/get_screenshot' successfully

2019-12-06 01:40:55 - [TEST_STEP][PASSED] - selenium.type("id=location", "32209"): null

2019-12-06 01:40:55 - [TEST_STEP][PASSED] - callTestCase(findTestCase("mobileWeb/_include/get_screenshot"), [:], STOP_ON_FAILURE): Call Test Case 'Test Cases/mobileWeb/_include/get_screenshot' successfully

2019-12-06 01:40:55 - [TEST_CASE][PASSED] - Test Cases/mobileWeb/_include/get_screenshot: Test Cases/mobileWeb/_include/get_screenshot

2019-12-06 01:40:55 - [TEST_STEP][PASSED] - takeScreenshot(screenPath + i + ".png"): Taking screenshot successfully

2019-12-06 01:40:56 - [MESSAGE][PASSED] - Taking screenshot successfully
[[ATTACHMENT|D:\\Test\\AgileTest\\Reports\\HP\\HP\\20191206_013830\\../Screenshots/iPhone 6/HP/STM/20191206_014051/1.png]]

2019-12-06 01:40:56 - [TEST_STEP][PASSED] - (internal.GlobalVariable.i++): null

2019-12-06 01:40:56 - [MESSAGE][PASSED] - Call Test Case 'Test Cases/mobileWeb/_include/get_screenshot' successfully

2019-12-06 01:40:56 - [TEST_STEP][PASSED] - selenium.click("id=findPlans"): null

2019-12-06 01:40:56 - [TEST_STEP][PASSED] - callTestCase(findTestCase("mobileWeb/_include/get_screenshot"), [:], STOP_ON_FAILURE): Call Test Case 'Test Cases/mobileWeb/_include/get_screenshot' successfully

2019-12-06 01:40:56 - [TEST_CASE][PASSED] - Test Cases/mobileWeb/_include/get_screenshot: Test Cases/mobileWeb/_include/get_screenshot

2019-12-06 01:40:56 - [TEST_STEP][PASSED] - takeScreenshot(screenPath + i + ".png"): Taking screenshot successfully

2019-12-06 01:40:58 - [MESSAGE][PASSED] - Taking screenshot successfully
[[ATTACHMENT|D:\\Test\\AgileTest\\Reports\\HP\\HP\\20191206_013830\\../Screenshots/iPhone 6/HP/STM/20191206_014051/2.png]]

2019-12-06 01:40:58 - [TEST_STEP][PASSED] - (internal.GlobalVariable.i++): null

2019-12-06 01:40:58 - [MESSAGE][PASSED] - Call Test Case 'Test Cases/mobileWeb/_include/get_screenshot' successfully

2019-12-06 01:40:58 - [TEST_STEP][PASSED] - for ([second = 0, second < 60, (second++)]): null

2019-12-06 01:40:58 - [TEST_STEP][PASSED] - try: null

2019-12-06 01:40:58 - [TEST_STEP][PASSED] - if (selenium.isElementPresent("//a[contains(text(),'Select')]")): null

2019-12-06 01:40:58 - [TEST_STEP][PASSED] - callTestCase(findTestCase("mobileWeb/_include/get_screenshot"), [:], STOP_ON_FAILURE): Call Test Case 'Test Cases/mobileWeb/_include/get_screenshot' successfully

2019-12-06 01:40:58 - [TEST_CASE][PASSED] - Test Cases/mobileWeb/_include/get_screenshot: Test Cases/mobileWeb/_include/get_screenshot

2019-12-06 01:40:58 - [TEST_STEP][PASSED] - takeScreenshot(screenPath + i + ".png"): Taking screenshot successfully

2019-12-06 01:40:58 - [MESSAGE][PASSED] - Taking screenshot successfully
[[ATTACHMENT|D:\\Test\\AgileTest\\Reports\\HP\\HP\\20191206_013830\\../Screenshots/iPhone 6/HP/STM/20191206_014051/3.png]]

2019-12-06 01:40:58 - [TEST_STEP][PASSED] - (internal.GlobalVariable.i++): null

2019-12-06 01:40:58 - [MESSAGE][PASSED] - Call Test Case 'Test Cases/mobileWeb/_include/get_screenshot' successfully

2019-12-06 01:40:58 - [TEST_STEP][PASSED] - selenium.click("//a[contains(text(),'Select')]"): null

2019-12-06 01:40:58 - [TEST_STEP][PASSED] - for ([second = 0, second < 60, (second++)]): null

2019-12-06 01:40:58 - [TEST_STEP][PASSED] - try: null

2019-12-06 01:40:58 - [TEST_STEP][PASSED] - if (selenium.isElementPresent("xpath=(//a[contains(text(),'Apply Now')])")): null

2019-12-06 01:40:59 - [TEST_STEP][PASSED] - Thread.sleep(1000): null

2019-12-06 01:41:00 - [TEST_STEP][PASSED] - try: null

2019-12-06 01:41:00 - [TEST_STEP][PASSED] - if (selenium.isElementPresent("xpath=(//a[contains(text(),'Apply Now')])")): null

2019-12-06 01:41:00 - [TEST_STEP][PASSED] - callTestCase(findTestCase("mobileWeb/_include/get_screenshot"), [:], STOP_ON_FAILURE): Call Test Case 'Test Cases/mobileWeb/_include/get_screenshot' successfully

2019-12-06 01:41:00 - [TEST_CASE][PASSED] - Test Cases/mobileWeb/_include/get_screenshot: Test Cases/mobileWeb/_include/get_screenshot

2019-12-06 01:41:00 - [TEST_STEP][PASSED] - takeScreenshot(screenPath + i + ".png"): Taking screenshot successfully

2019-12-06 01:41:00 - [MESSAGE][PASSED] - Taking screenshot successfully
[[ATTACHMENT|D:\\Test\\AgileTest\\Reports\\HP\\HP\\20191206_013830\\../Screenshots/iPhone 6/HP/STM/20191206_014051/4.png]]

2019-12-06 01:41:00 - [TEST_STEP][PASSED] - (internal.GlobalVariable.i++): null

2019-12-06 01:41:00 - [MESSAGE][PASSED] - Call Test Case 'Test Cases/mobileWeb/_include/get_screenshot' successfully

2019-12-06 01:41:00 - [TEST_STEP][PASSED] - selenium.click("xpath=(//a[contains(text(),'Apply Now')])"): null

2019-12-06 01:41:01 - [TEST_STEP][PASSED] - for ([second = 0, second < 60, (second++)]): null

2019-12-06 01:41:01 - [TEST_STEP][PASSED] - try: null

2019-12-06 01:41:01 - [TEST_STEP][PASSED] - if (selenium.isElementPresent("xpath=(//a[contains(text(),'Short Term Health Insurance')])[3]")): null

2019-12-06 01:41:01 - [TEST_STEP][PASSED] - callTestCase(findTestCase("mobileWeb/_include/get_screenshot"), [:], STOP_ON_FAILURE): Call Test Case 'Test Cases/mobileWeb/_include/get_screenshot' successfully

2019-12-06 01:41:01 - [TEST_CASE][PASSED] - Test Cases/mobileWeb/_include/get_screenshot: Test Cases/mobileWeb/_include/get_screenshot

2019-12-06 01:41:01 - [TEST_STEP][PASSED] - takeScreenshot(screenPath + i + ".png"): Taking screenshot successfully

2019-12-06 01:41:03 - [MESSAGE][PASSED] - Taking screenshot successfully
[[ATTACHMENT|D:\\Test\\AgileTest\\Reports\\HP\\HP\\20191206_013830\\../Screenshots/iPhone 6/HP/STM/20191206_014051/5.png]]

2019-12-06 01:41:03 - [TEST_STEP][PASSED] - (internal.GlobalVariable.i++): null

2019-12-06 01:41:03 - [MESSAGE][PASSED] - Call Test Case 'Test Cases/mobileWeb/_include/get_screenshot' successfully]]></system-out>
         <system-err><![CDATA[]]></system-err>
      </testcase>
      <system-out><![CDATA[2019-12-06 01:38:46 - [TEST_SUITE][PASSED] - HP: Test Cases/HP/Short Term/STM]]></system-out>
      <system-err><![CDATA[]]></system-err>
   </testsuite>
</testsuites>
