<?xml version="1.0" encoding="UTF-8"?>
<testsuites name="hic" time="438" tests="6" failures="2" errors="0">
   <testsuite name="hic" tests="6" failures="2" errors="0" time="438" timestamp="2020-03-20 04:50:08" hostname="Administrator - 172.30.0.53" id="Test Suites/HIC/hic">
      <properties>
         <property name="deviceName" value=""/>
         <property name="devicePlatform" value=""/>
         <property name="logFolder" value="D:\\Test\\AgileTest\\Reports\\HIC\\hic\\20200320_045005"/>
         <property name="logFiles" value="D:\\Test\\AgileTest\\Reports\\HIC\\hic\\20200320_045005\\execution0.log"/>
         <property name="attachments" value="D:\\Test\\AgileTest\\Reports\\HIC\\hic\\20200320_045005\\../Screenshots/iPhone 6/HIC/ACA/ACA/20200320_045009/0.png, D:\\Test\\AgileTest\\Reports\\HIC\\hic\\20200320_045005\\../Screenshots/iPhone 6/HIC/ACA/ACA/20200320_045009/1.png, D:\\Test\\AgileTest\\Reports\\HIC\\hic\\20200320_045005\\../Screenshots/iPhone 6/HIC/ACA/ACA/20200320_045009/2.png, D:\\Test\\AgileTest\\Reports\\HIC\\hic\\20200320_045005\\../Screenshots/iPhone 6/HIC/Cancer/Cancer/20200320_045028/0.png, D:\\Test\\AgileTest\\Reports\\HIC\\hic\\20200320_045005\\../Screenshots/iPhone 6/HIC/Cancer/Cancer/20200320_045028/1.png, D:\\Test\\AgileTest\\Reports\\HIC\\hic\\20200320_045005\\../Screenshots/iPhone 6/HIC/Cancer/Cancer/20200320_045028/2.png, D:\\Test\\AgileTest\\Reports\\HIC\\hic\\20200320_045005\\../Screenshots/iPhone 6/HIC/Cancer/Cancer/20200320_045028/3.png, D:\\Test\\AgileTest\\Reports\\HIC\\hic\\20200320_045005\\../Screenshots/iPhone 6/HIC/Cancer/Cancer/20200320_045028/4.png, D:\\Test\\AgileTest\\Reports\\HIC\\hic\\20200320_045005\\../Screenshots/iPhone 6/HIC/Cancer/Cancer/20200320_045028/5.png, D:\\Test\\AgileTest\\Reports\\HIC\\hic\\20200320_045005\\../Screenshots/iPhone 6/HIC/Cancer/Cancer/20200320_045028/6.png, D:\\Test\\AgileTest\\Reports\\HIC\\hic\\20200320_045005\\../Screenshots/iPhone 6/HIC/Cancer/Cancer/20200320_045028/7.png, D:\\Test\\AgileTest\\Reports\\HIC\\hic\\20200320_045005\\../Screenshots/iPhone 6/HIC/Cancer/Cancer/20200320_045028/8.png, D:\\Test\\AgileTest\\Reports\\HIC\\hic\\20200320_045005\\../Screenshots/iPhone 6/HIC/Cancer/Cancer/20200320_045028/9.png, D:\\Test\\AgileTest\\Reports\\HIC\\hic\\20200320_045005\\../Screenshots/iPhone 6/HIC/Cancer/Cancer/20200320_045028/10.png, D:\\Test\\AgileTest\\Reports\\HIC\\hic\\20200320_045005\\../Screenshots/iPhone 6/HIC/Dental/USA Access/20200320_045200/0.png, D:\\Test\\AgileTest\\Reports\\HIC\\hic\\20200320_045005\\../Screenshots/iPhone 6/HIC/Dental/USA Access/20200320_045200/1.png, D:\\Test\\AgileTest\\Reports\\HIC\\hic\\20200320_045005\\../Screenshots/iPhone 6/HIC/Dental/USA Access/20200320_045200/2.png, D:\\Test\\AgileTest\\Reports\\HIC\\hic\\20200320_045005\\../Screenshots/iPhone 6/HIC/Dental/USA Access/20200320_045200/3.png, D:\\Test\\AgileTest\\Reports\\HIC\\hic\\20200320_045005\\../Screenshots/iPhone 6/HIC/Dental/USA Access/20200320_045200/4.png, D:\\Test\\AgileTest\\Reports\\HIC\\hic\\20200320_045005\\../Screenshots/iPhone 6/HIC/Dental/USA Access/20200320_045200/5.png, D:\\Test\\AgileTest\\Reports\\HIC\\hic\\20200320_045005\\../Screenshots/iPhone 6/HIC/Dental/USA Access/20200320_045200/6.png, D:\\Test\\AgileTest\\Reports\\HIC\\hic\\20200320_045005\\../Screenshots/iPhone 6/HIC/Dental/USA Access/20200320_045200/7.png, D:\\Test\\AgileTest\\Reports\\HIC\\hic\\20200320_045005\\../Screenshots/iPhone 6/HIC/Dental/USA Access/20200320_045200/8.png, D:\\Test\\AgileTest\\Reports\\HIC\\hic\\20200320_045005\\../Screenshots/iPhone 6/HIC/Dental/USA Access/20200320_045200/9.png, D:\\Test\\AgileTest\\Reports\\HIC\\hic\\20200320_045005\\../Screenshots/iPhone 6/HIC/HBI/HBI/20200320_045434/0.png, D:\\Test\\AgileTest\\Reports\\HIC\\hic\\20200320_045005\\../Screenshots/iPhone 6/HIC/HBI/HBI/20200320_045434/1.png, D:\\Test\\AgileTest\\Reports\\HIC\\hic\\20200320_045005\\../Screenshots/iPhone 6/HIC/HBI/HBI/20200320_045434/2.png, D:\\Test\\AgileTest\\Reports\\HIC\\hic\\20200320_045005\\../Screenshots/iPhone 6/HIC/Medicare/Medicare/20200320_045453/0.png, D:\\Test\\AgileTest\\Reports\\HIC\\hic\\20200320_045005\\../Screenshots/iPhone 6/HIC/Medicare/Medicare/20200320_045453/1.png, D:\\Test\\AgileTest\\Reports\\HIC\\hic\\20200320_045005\\../Screenshots/iPhone 6/HIC/Medicare/Medicare/20200320_045453/2.png, D:\\Test\\AgileTest\\Reports\\HIC\\hic\\20200320_045005\\../Screenshots/iPhone 6/HIC/Pet/Pet/20200320_045521/0.png, D:\\Test\\AgileTest\\Reports\\HIC\\hic\\20200320_045005\\../Screenshots/iPhone 6/HIC/Pet/Pet/20200320_045521/1.png, D:\\Test\\AgileTest\\Reports\\HIC\\hic\\20200320_045005\\../Screenshots/iPhone 6/HIC/Pet/Pet/20200320_045521/2.png, D:\\Test\\AgileTest\\Reports\\HIC\\hic\\20200320_045005\\1584694579624.png, D:\\Test\\AgileTest\\Reports\\HIC\\hic\\20200320_045005\\../Screenshots/iPhone 6/HIC/STM/STM/20200320_045620/0.png, D:\\Test\\AgileTest\\Reports\\HIC\\hic\\20200320_045005\\../Screenshots/iPhone 6/HIC/STM/STM/20200320_045620/1.png, D:\\Test\\AgileTest\\Reports\\HIC\\hic\\20200320_045005\\../Screenshots/iPhone 6/HIC/STM/STM/20200320_045620/2.png, D:\\Test\\AgileTest\\Reports\\HIC\\hic\\20200320_045005\\../Screenshots/iPhone 6/HIC/Teladoc/Teladoc/20200320_045639/0.png, D:\\Test\\AgileTest\\Reports\\HIC\\hic\\20200320_045005\\../Screenshots/iPhone 6/HIC/Teladoc/Teladoc/20200320_045639/1.png, D:\\Test\\AgileTest\\Reports\\HIC\\hic\\20200320_045005\\../Screenshots/iPhone 6/HIC/Teladoc/Teladoc/20200320_045639/2.png, D:\\Test\\AgileTest\\Reports\\HIC\\hic\\20200320_045005\\1584694645660.png"/>
         <property name="hostName" value="Administrator - 172.30.0.53"/>
         <property name="os" value="Windows Server 2012 R2 64bit"/>
         <property name="katalonVersion" value="5.10.1.1"/>
         <property name="browser" value="Safari 11"/>
         <property name="hostAddress" value="172.30.0.53"/>
         <property name="sessionId" value="46b6e6fdf4519786bc2214e337547a0a"/>
         <property name="seleniumVersion" value="3.7.1"/>
         <property name="proxyInformation" value="ProxyInformation{proxyOption=NO_PROXY, proxyServerType=HTTP, password=, proxyServerAddress=, proxyServerPort=0}"/>
         <property name="platform" value="Windows Server 2012 R2"/>
      </properties>
      <testcase name="Test Cases/HIC/New/ACA" classname="Test Cases/HIC/New/ACA" status="PASSED">
         <system-out><![CDATA[2020-03-20 04:50:08 - [TEST_CASE][PASSED] - Test Cases/HIC/New/ACA: Test Cases/HIC/New/ACA

2020-03-20 04:50:09 - [TEST_STEP][PASSED] - callTestCase(findTestCase("HIC/_include/get_hicScreenPath"), ["project":"HIC", "productLine":"ACA", "carrierName":"ACA"], CONTINUE_ON_FAILURE): Call Test Case 'Test Cases/HIC/_include/get_hicScreenPath' successfully

2020-03-20 04:50:09 - [TEST_CASE][PASSED] - Test Cases/HIC/_include/get_hicScreenPath: Test Cases/HIC/_include/get_hicScreenPath

2020-03-20 04:50:09 - [TEST_STEP][PASSED] - m = getExecutionProperties(): null

2020-03-20 04:50:09 - [TEST_STEP][PASSED] - deviceName = get("mobileEmulation").get("deviceName"): null

2020-03-20 04:50:09 - [TEST_STEP][PASSED] - println(deviceName): null

2020-03-20 04:50:09 - [TEST_STEP][PASSED] - now = new java.util.Date(): null

2020-03-20 04:50:09 - [TEST_STEP][PASSED] - mydate = now.format("yyyyMMdd_HHmmss"): null

2020-03-20 04:50:09 - [TEST_STEP][PASSED] - screenPath = "../Screenshots/": null

2020-03-20 04:50:09 - [TEST_STEP][PASSED] - screenPath = screenPath + deviceName + "/" + project + "/" + productLine + "/" + carrierName + "/" + mydate + "/": null

2020-03-20 04:50:09 - [TEST_STEP][PASSED] - println(screenPath): null

2020-03-20 04:50:10 - [MESSAGE][PASSED] - Call Test Case 'Test Cases/HIC/_include/get_hicScreenPath' successfully

2020-03-20 04:50:10 - [TEST_STEP][PASSED] - i = 0: null

2020-03-20 04:50:10 - [TEST_STEP][PASSED] - callTestCase(findTestCase("AHI/_include/openWebSite"), ["env":env], CONTINUE_ON_FAILURE): Call Test Case 'Test Cases/AHI/_include/openWebSite' successfully

2020-03-20 04:50:10 - [TEST_CASE][PASSED] - Test Cases/AHI/_include/openWebSite: Test Cases/AHI/_include/openWebSite

2020-03-20 04:50:10 - [TEST_STEP][PASSED] - openBrowser(env): Browser is opened with url: 'https://qa.healthinsurance.com'

2020-03-20 04:50:10 - [MESSAGE][INFO] - Starting 'Chrome' driver

2020-03-20 04:50:10 - [MESSAGE][INFO] - User set preference: ['mobileEmulation', '{deviceName=iPhone 6}']

2020-03-20 04:50:10 - [MESSAGE][INFO] - User set preference: ['args', '[--incognito, --aggressive-cache-discard, --window-size=375,677, --no-sandbox, --ignore-certificate-errors]']

2020-03-20 04:50:10 - [MESSAGE][INFO] - Action delay is set to 0 seconds

2020-03-20 04:50:15 - [MESSAGE][PASSED] - Browser is opened with url: 'https://qa.healthinsurance.com'

2020-03-20 04:50:15 - [TEST_STEP][PASSED] - waitForPageLoad(20): Wait for page load successfully

2020-03-20 04:50:15 - [MESSAGE][PASSED] - Wait for page load successfully

2020-03-20 04:50:15 - [TEST_STEP][PASSED] - callTestCase(findTestCase("AHI/_include/get_screenshot"), [:], STOP_ON_FAILURE): Call Test Case 'Test Cases/AHI/_include/get_screenshot' successfully

2020-03-20 04:50:15 - [TEST_CASE][PASSED] - Test Cases/AHI/_include/get_screenshot: Test Cases/AHI/_include/get_screenshot

2020-03-20 04:50:15 - [TEST_STEP][PASSED] - Thread.sleep(1000): null

2020-03-20 04:50:16 - [TEST_STEP][PASSED] - takeScreenshot(screenPath + i + ".png"): Taking screenshot successfully

2020-03-20 04:50:16 - [MESSAGE][PASSED] - Taking screenshot successfully
[[ATTACHMENT|D:\\Test\\AgileTest\\Reports\\HIC\\hic\\20200320_045005\\../Screenshots/iPhone 6/HIC/ACA/ACA/20200320_045009/0.png]]

2020-03-20 04:50:16 - [TEST_STEP][PASSED] - (internal.GlobalVariable.i++): null

2020-03-20 04:50:16 - [MESSAGE][PASSED] - Call Test Case 'Test Cases/AHI/_include/get_screenshot' successfully

2020-03-20 04:50:16 - [MESSAGE][PASSED] - Call Test Case 'Test Cases/AHI/_include/openWebSite' successfully

2020-03-20 04:50:16 - [TEST_STEP][PASSED] - driver = getWebDriver(): null

2020-03-20 04:50:16 - [TEST_STEP][PASSED] - baseUrl = env: null

2020-03-20 04:50:16 - [TEST_STEP][PASSED] - selenium = new com.thoughtworks.selenium.webdriven.WebDriverBackedSelenium(driver, baseUrl): null

2020-03-20 04:50:16 - [TEST_STEP][PASSED] - selenium.click("//span[@class='navbar-toggler-icon']"): null

2020-03-20 04:50:17 - [TEST_STEP][PASSED] - selenium.click("//a[@class='dropdown-toggle nav-link']"): null

2020-03-20 04:50:17 - [TEST_STEP][PASSED] - selenium.click("//a[contains(text(),'ACA Health Insurance')]"): null

2020-03-20 04:50:18 - [TEST_STEP][PASSED] - for ([second = 0, second < 10, (second++)]): null

2020-03-20 04:50:18 - [TEST_STEP][PASSED] - try: null

2020-03-20 04:50:18 - [TEST_STEP][PASSED] - if (selenium.isElementPresent("id=zip")): null

2020-03-20 04:50:18 - [TEST_STEP][PASSED] - break: null

2020-03-20 04:50:18 - [TEST_STEP][PASSED] - callTestCase(findTestCase("AHI/_include/get_screenshot"), [:], STOP_ON_FAILURE): Call Test Case 'Test Cases/AHI/_include/get_screenshot' successfully

2020-03-20 04:50:18 - [TEST_CASE][PASSED] - Test Cases/AHI/_include/get_screenshot: Test Cases/AHI/_include/get_screenshot

2020-03-20 04:50:18 - [TEST_STEP][PASSED] - Thread.sleep(1000): null

2020-03-20 04:50:19 - [TEST_STEP][PASSED] - takeScreenshot(screenPath + i + ".png"): Taking screenshot successfully

2020-03-20 04:50:19 - [MESSAGE][PASSED] - Taking screenshot successfully
[[ATTACHMENT|D:\\Test\\AgileTest\\Reports\\HIC\\hic\\20200320_045005\\../Screenshots/iPhone 6/HIC/ACA/ACA/20200320_045009/1.png]]

2020-03-20 04:50:19 - [TEST_STEP][PASSED] - (internal.GlobalVariable.i++): null

2020-03-20 04:50:19 - [MESSAGE][PASSED] - Call Test Case 'Test Cases/AHI/_include/get_screenshot' successfully

2020-03-20 04:50:19 - [TEST_STEP][PASSED] - setText(findTestObject("hic/medicare/zip"), "33186"): Text '33186' is set on object 'Object Repository/hic/medicare/zip'

2020-03-20 04:50:20 - [MESSAGE][PASSED] - Text '33186' is set on object 'Object Repository/hic/medicare/zip'

2020-03-20 04:50:20 - [TEST_STEP][PASSED] - Thread.sleep(3000): null

2020-03-20 04:50:23 - [TEST_STEP][PASSED] - selenium.click("//button[contains(text(),'Compare Plans')]"): null

2020-03-20 04:50:26 - [TEST_STEP][PASSED] - for ([second = 0, second < 10, (second++)]): null

2020-03-20 04:50:26 - [TEST_STEP][PASSED] - try: null

2020-03-20 04:50:26 - [TEST_STEP][PASSED] - if (selenium.isElementPresent("id=js-census-bar")): null

2020-03-20 04:50:26 - [TEST_STEP][PASSED] - break: null

2020-03-20 04:50:26 - [TEST_STEP][PASSED] - callTestCase(findTestCase("AHI/_include/get_screenshot"), [:], STOP_ON_FAILURE): Call Test Case 'Test Cases/AHI/_include/get_screenshot' successfully

2020-03-20 04:50:26 - [TEST_CASE][PASSED] - Test Cases/AHI/_include/get_screenshot: Test Cases/AHI/_include/get_screenshot

2020-03-20 04:50:26 - [TEST_STEP][PASSED] - Thread.sleep(1000): null

2020-03-20 04:50:27 - [TEST_STEP][PASSED] - takeScreenshot(screenPath + i + ".png"): Taking screenshot successfully

2020-03-20 04:50:27 - [MESSAGE][PASSED] - Taking screenshot successfully
[[ATTACHMENT|D:\\Test\\AgileTest\\Reports\\HIC\\hic\\20200320_045005\\../Screenshots/iPhone 6/HIC/ACA/ACA/20200320_045009/2.png]]

2020-03-20 04:50:27 - [TEST_STEP][PASSED] - (internal.GlobalVariable.i++): null

2020-03-20 04:50:27 - [MESSAGE][PASSED] - Call Test Case 'Test Cases/AHI/_include/get_screenshot' successfully]]></system-out>
         <system-err><![CDATA[]]></system-err>
      </testcase>
      <testcase name="Test Cases/HIC/New/Cancer" classname="Test Cases/HIC/New/Cancer" status="PASSED">
         <system-out><![CDATA[2020-03-20 04:50:27 - [TEST_CASE][PASSED] - Test Cases/HIC/New/Cancer: Test Cases/HIC/New/Cancer

2020-03-20 04:50:28 - [TEST_STEP][PASSED] - callTestCase(findTestCase("HIC/_include/get_hicScreenPath"), ["project":"HIC", "productLine":"Cancer", "carrierName":"Cancer"], CONTINUE_ON_FAILURE): Call Test Case 'Test Cases/HIC/_include/get_hicScreenPath' successfully

2020-03-20 04:50:28 - [TEST_CASE][PASSED] - Test Cases/HIC/_include/get_hicScreenPath: Test Cases/HIC/_include/get_hicScreenPath

2020-03-20 04:50:28 - [TEST_STEP][PASSED] - m = getExecutionProperties(): null

2020-03-20 04:50:28 - [TEST_STEP][PASSED] - deviceName = get("mobileEmulation").get("deviceName"): null

2020-03-20 04:50:28 - [TEST_STEP][PASSED] - println(deviceName): null

2020-03-20 04:50:28 - [TEST_STEP][PASSED] - now = new java.util.Date(): null

2020-03-20 04:50:28 - [TEST_STEP][PASSED] - mydate = now.format("yyyyMMdd_HHmmss"): null

2020-03-20 04:50:28 - [TEST_STEP][PASSED] - screenPath = "../Screenshots/": null

2020-03-20 04:50:28 - [TEST_STEP][PASSED] - screenPath = screenPath + deviceName + "/" + project + "/" + productLine + "/" + carrierName + "/" + mydate + "/": null

2020-03-20 04:50:28 - [TEST_STEP][PASSED] - println(screenPath): null

2020-03-20 04:50:28 - [MESSAGE][PASSED] - Call Test Case 'Test Cases/HIC/_include/get_hicScreenPath' successfully

2020-03-20 04:50:28 - [TEST_STEP][PASSED] - i = 0: null

2020-03-20 04:50:28 - [TEST_STEP][PASSED] - callTestCase(findTestCase("AHI/_include/openWebSite"), ["env":env], CONTINUE_ON_FAILURE): Call Test Case 'Test Cases/AHI/_include/openWebSite' successfully

2020-03-20 04:50:28 - [TEST_CASE][PASSED] - Test Cases/AHI/_include/openWebSite: Test Cases/AHI/_include/openWebSite

2020-03-20 04:50:28 - [TEST_STEP][PASSED] - openBrowser(env): Browser is opened with url: 'https://qa.healthinsurance.com'

2020-03-20 04:50:28 - [MESSAGE][WARNING] - A browser is already opened. Closing browser and opening a new one

2020-03-20 04:50:29 - [MESSAGE][INFO] - Starting 'Chrome' driver

2020-03-20 04:50:29 - [MESSAGE][INFO] - User set preference: ['mobileEmulation', '{deviceName=iPhone 6}']

2020-03-20 04:50:29 - [MESSAGE][INFO] - User set preference: ['args', '[--incognito, --aggressive-cache-discard, --window-size=375,677, --no-sandbox, --ignore-certificate-errors]']

2020-03-20 04:50:32 - [MESSAGE][PASSED] - Browser is opened with url: 'https://qa.healthinsurance.com'

2020-03-20 04:50:32 - [TEST_STEP][PASSED] - waitForPageLoad(20): Wait for page load successfully

2020-03-20 04:50:32 - [MESSAGE][PASSED] - Wait for page load successfully

2020-03-20 04:50:32 - [TEST_STEP][PASSED] - callTestCase(findTestCase("AHI/_include/get_screenshot"), [:], STOP_ON_FAILURE): Call Test Case 'Test Cases/AHI/_include/get_screenshot' successfully

2020-03-20 04:50:32 - [TEST_CASE][PASSED] - Test Cases/AHI/_include/get_screenshot: Test Cases/AHI/_include/get_screenshot

2020-03-20 04:50:32 - [TEST_STEP][PASSED] - Thread.sleep(1000): null

2020-03-20 04:50:33 - [TEST_STEP][PASSED] - takeScreenshot(screenPath + i + ".png"): Taking screenshot successfully

2020-03-20 04:50:34 - [MESSAGE][PASSED] - Taking screenshot successfully
[[ATTACHMENT|D:\\Test\\AgileTest\\Reports\\HIC\\hic\\20200320_045005\\../Screenshots/iPhone 6/HIC/Cancer/Cancer/20200320_045028/0.png]]

2020-03-20 04:50:34 - [TEST_STEP][PASSED] - (internal.GlobalVariable.i++): null

2020-03-20 04:50:34 - [MESSAGE][PASSED] - Call Test Case 'Test Cases/AHI/_include/get_screenshot' successfully

2020-03-20 04:50:34 - [MESSAGE][PASSED] - Call Test Case 'Test Cases/AHI/_include/openWebSite' successfully

2020-03-20 04:50:34 - [TEST_STEP][PASSED] - driver = getWebDriver(): null

2020-03-20 04:50:34 - [TEST_STEP][PASSED] - baseUrl = env: null

2020-03-20 04:50:34 - [TEST_STEP][PASSED] - selenium = new com.thoughtworks.selenium.webdriven.WebDriverBackedSelenium(driver, baseUrl): null

2020-03-20 04:50:34 - [TEST_STEP][PASSED] - selenium.click("//span[@class='navbar-toggler-icon']"): null

2020-03-20 04:50:34 - [TEST_STEP][PASSED] - selenium.click("//a[@class='dropdown-toggle nav-link']"): null

2020-03-20 04:50:34 - [TEST_STEP][PASSED] - selenium.click("//a[contains(text(),'Cancer Insurance')]"): null

2020-03-20 04:50:36 - [TEST_STEP][PASSED] - for ([second = 0, second < 10, (second++)]): null

2020-03-20 04:50:36 - [TEST_STEP][PASSED] - try: null

2020-03-20 04:50:36 - [TEST_STEP][PASSED] - if (selenium.isElementPresent("//a[@class='front-door-quote-button']")): null

2020-03-20 04:50:38 - [TEST_STEP][PASSED] - break: null

2020-03-20 04:50:38 - [TEST_STEP][PASSED] - callTestCase(findTestCase("AHI/_include/get_screenshot"), [:], STOP_ON_FAILURE): Call Test Case 'Test Cases/AHI/_include/get_screenshot' successfully

2020-03-20 04:50:38 - [TEST_CASE][PASSED] - Test Cases/AHI/_include/get_screenshot: Test Cases/AHI/_include/get_screenshot

2020-03-20 04:50:38 - [TEST_STEP][PASSED] - Thread.sleep(1000): null

2020-03-20 04:50:39 - [TEST_STEP][PASSED] - takeScreenshot(screenPath + i + ".png"): Taking screenshot successfully

2020-03-20 04:50:39 - [MESSAGE][PASSED] - Taking screenshot successfully
[[ATTACHMENT|D:\\Test\\AgileTest\\Reports\\HIC\\hic\\20200320_045005\\../Screenshots/iPhone 6/HIC/Cancer/Cancer/20200320_045028/1.png]]

2020-03-20 04:50:39 - [TEST_STEP][PASSED] - (internal.GlobalVariable.i++): null

2020-03-20 04:50:39 - [MESSAGE][PASSED] - Call Test Case 'Test Cases/AHI/_include/get_screenshot' successfully

2020-03-20 04:50:39 - [TEST_STEP][PASSED] - selenium.click("//a[@class='front-door-quote-button']"): null

2020-03-20 04:50:40 - [TEST_STEP][PASSED] - for ([second = 0, second < 20, (second++)]): null

2020-03-20 04:50:40 - [TEST_STEP][PASSED] - try: null

2020-03-20 04:50:40 - [TEST_STEP][PASSED] - if (selenium.isElementPresent("id=zip-input")): null

2020-03-20 04:50:41 - [TEST_STEP][PASSED] - break: null

2020-03-20 04:50:41 - [TEST_STEP][PASSED] - callTestCase(findTestCase("AHI/_include/get_screenshot"), [:], STOP_ON_FAILURE): Call Test Case 'Test Cases/AHI/_include/get_screenshot' successfully

2020-03-20 04:50:41 - [TEST_CASE][PASSED] - Test Cases/AHI/_include/get_screenshot: Test Cases/AHI/_include/get_screenshot

2020-03-20 04:50:41 - [TEST_STEP][PASSED] - Thread.sleep(1000): null

2020-03-20 04:50:42 - [TEST_STEP][PASSED] - takeScreenshot(screenPath + i + ".png"): Taking screenshot successfully

2020-03-20 04:50:42 - [MESSAGE][PASSED] - Taking screenshot successfully
[[ATTACHMENT|D:\\Test\\AgileTest\\Reports\\HIC\\hic\\20200320_045005\\../Screenshots/iPhone 6/HIC/Cancer/Cancer/20200320_045028/2.png]]

2020-03-20 04:50:42 - [TEST_STEP][PASSED] - (internal.GlobalVariable.i++): null

2020-03-20 04:50:42 - [MESSAGE][PASSED] - Call Test Case 'Test Cases/AHI/_include/get_screenshot' successfully

2020-03-20 04:50:42 - [TEST_STEP][PASSED] - sendKeys(findTestObject("mobileSanity/Cancer Insurance/zip"), "35216"): Keys '35216' sent to object: 'Object Repository/mobileSanity/Cancer Insurance/zip'

2020-03-20 04:50:42 - [MESSAGE][PASSED] - Keys '35216' sent to object: 'Object Repository/mobileSanity/Cancer Insurance/zip'

2020-03-20 04:50:42 - [TEST_STEP][PASSED] - sendKeys(findTestObject("mobileSanity/Cancer Insurance/dob-0"), "01/01/1990"): Keys '01/01/1990' sent to object: 'Object Repository/mobileSanity/Cancer Insurance/dob-0'

2020-03-20 04:50:42 - [MESSAGE][PASSED] - Keys '01/01/1990' sent to object: 'Object Repository/mobileSanity/Cancer Insurance/dob-0'

2020-03-20 04:50:42 - [TEST_STEP][PASSED] - Thread.sleep(2000): null

2020-03-20 04:50:44 - [TEST_STEP][PASSED] - selenium.click("//label[@for='gender-m-0']"): null

2020-03-20 04:50:45 - [TEST_STEP][PASSED] - Thread.sleep(3000): null

2020-03-20 04:50:48 - [TEST_STEP][PASSED] - selenium.click("id=js-see-plans"): null

2020-03-20 04:50:48 - [TEST_STEP][PASSED] - for ([second = 0, second < 20, (second++)]): null

2020-03-20 04:50:48 - [TEST_STEP][PASSED] - try: null

2020-03-20 04:50:48 - [TEST_STEP][PASSED] - if (selenium.isElementPresent("xpath=//h1[contains(text(),'3 Cancer Insurance Policies Found')]")): null

2020-03-20 04:50:49 - [TEST_STEP][PASSED] - Thread.sleep(1000): null

2020-03-20 04:50:50 - [TEST_STEP][PASSED] - try: null

2020-03-20 04:50:50 - [TEST_STEP][PASSED] - if (selenium.isElementPresent("xpath=//h1[contains(text(),'3 Cancer Insurance Policies Found')]")): null

2020-03-20 04:50:50 - [TEST_STEP][PASSED] - Thread.sleep(1000): null

2020-03-20 04:50:51 - [TEST_STEP][PASSED] - try: null

2020-03-20 04:50:51 - [TEST_STEP][PASSED] - if (selenium.isElementPresent("xpath=//h1[contains(text(),'3 Cancer Insurance Policies Found')]")): null

2020-03-20 04:50:51 - [TEST_STEP][PASSED] - Thread.sleep(1000): null

2020-03-20 04:50:52 - [TEST_STEP][PASSED] - try: null

2020-03-20 04:50:52 - [TEST_STEP][PASSED] - if (selenium.isElementPresent("xpath=//h1[contains(text(),'3 Cancer Insurance Policies Found')]")): null

2020-03-20 04:50:53 - [TEST_STEP][PASSED] - Thread.sleep(1000): null

2020-03-20 04:50:54 - [TEST_STEP][PASSED] - try: null

2020-03-20 04:50:54 - [TEST_STEP][PASSED] - if (selenium.isElementPresent("xpath=//h1[contains(text(),'3 Cancer Insurance Policies Found')]")): null

2020-03-20 04:50:54 - [TEST_STEP][PASSED] - Thread.sleep(1000): null

2020-03-20 04:50:55 - [TEST_STEP][PASSED] - try: null

2020-03-20 04:50:55 - [TEST_STEP][PASSED] - if (selenium.isElementPresent("xpath=//h1[contains(text(),'3 Cancer Insurance Policies Found')]")): null

2020-03-20 04:50:55 - [TEST_STEP][PASSED] - Thread.sleep(1000): null

2020-03-20 04:50:56 - [TEST_STEP][PASSED] - try: null

2020-03-20 04:50:56 - [TEST_STEP][PASSED] - if (selenium.isElementPresent("xpath=//h1[contains(text(),'3 Cancer Insurance Policies Found')]")): null

2020-03-20 04:50:56 - [TEST_STEP][PASSED] - Thread.sleep(1000): null

2020-03-20 04:50:57 - [TEST_STEP][PASSED] - try: null

2020-03-20 04:50:57 - [TEST_STEP][PASSED] - if (selenium.isElementPresent("xpath=//h1[contains(text(),'3 Cancer Insurance Policies Found')]")): null

2020-03-20 04:50:57 - [TEST_STEP][PASSED] - Thread.sleep(1000): null

2020-03-20 04:50:58 - [TEST_STEP][PASSED] - try: null

2020-03-20 04:50:58 - [TEST_STEP][PASSED] - if (selenium.isElementPresent("xpath=//h1[contains(text(),'3 Cancer Insurance Policies Found')]")): null

2020-03-20 04:50:58 - [TEST_STEP][PASSED] - Thread.sleep(1000): null

2020-03-20 04:50:59 - [TEST_STEP][PASSED] - try: null

2020-03-20 04:50:59 - [TEST_STEP][PASSED] - if (selenium.isElementPresent("xpath=//h1[contains(text(),'3 Cancer Insurance Policies Found')]")): null

2020-03-20 04:50:59 - [TEST_STEP][PASSED] - Thread.sleep(1000): null

2020-03-20 04:51:00 - [TEST_STEP][PASSED] - try: null

2020-03-20 04:51:00 - [TEST_STEP][PASSED] - if (selenium.isElementPresent("xpath=//h1[contains(text(),'3 Cancer Insurance Policies Found')]")): null

2020-03-20 04:51:00 - [TEST_STEP][PASSED] - Thread.sleep(1000): null

2020-03-20 04:51:01 - [TEST_STEP][PASSED] - try: null

2020-03-20 04:51:01 - [TEST_STEP][PASSED] - if (selenium.isElementPresent("xpath=//h1[contains(text(),'3 Cancer Insurance Policies Found')]")): null

2020-03-20 04:51:01 - [TEST_STEP][PASSED] - Thread.sleep(1000): null

2020-03-20 04:51:02 - [TEST_STEP][PASSED] - try: null

2020-03-20 04:51:02 - [TEST_STEP][PASSED] - if (selenium.isElementPresent("xpath=//h1[contains(text(),'3 Cancer Insurance Policies Found')]")): null

2020-03-20 04:51:02 - [TEST_STEP][PASSED] - Thread.sleep(1000): null

2020-03-20 04:51:03 - [TEST_STEP][PASSED] - try: null

2020-03-20 04:51:03 - [TEST_STEP][PASSED] - if (selenium.isElementPresent("xpath=//h1[contains(text(),'3 Cancer Insurance Policies Found')]")): null

2020-03-20 04:51:03 - [TEST_STEP][PASSED] - Thread.sleep(1000): null

2020-03-20 04:51:04 - [TEST_STEP][PASSED] - try: null

2020-03-20 04:51:04 - [TEST_STEP][PASSED] - if (selenium.isElementPresent("xpath=//h1[contains(text(),'3 Cancer Insurance Policies Found')]")): null

2020-03-20 04:51:04 - [TEST_STEP][PASSED] - Thread.sleep(1000): null

2020-03-20 04:51:05 - [TEST_STEP][PASSED] - try: null

2020-03-20 04:51:05 - [TEST_STEP][PASSED] - if (selenium.isElementPresent("xpath=//h1[contains(text(),'3 Cancer Insurance Policies Found')]")): null

2020-03-20 04:51:05 - [TEST_STEP][PASSED] - Thread.sleep(1000): null

2020-03-20 04:51:06 - [TEST_STEP][PASSED] - try: null

2020-03-20 04:51:06 - [TEST_STEP][PASSED] - if (selenium.isElementPresent("xpath=//h1[contains(text(),'3 Cancer Insurance Policies Found')]")): null

2020-03-20 04:51:06 - [TEST_STEP][PASSED] - Thread.sleep(1000): null

2020-03-20 04:51:07 - [TEST_STEP][PASSED] - try: null

2020-03-20 04:51:07 - [TEST_STEP][PASSED] - if (selenium.isElementPresent("xpath=//h1[contains(text(),'3 Cancer Insurance Policies Found')]")): null

2020-03-20 04:51:07 - [TEST_STEP][PASSED] - Thread.sleep(1000): null

2020-03-20 04:51:08 - [TEST_STEP][PASSED] - try: null

2020-03-20 04:51:08 - [TEST_STEP][PASSED] - if (selenium.isElementPresent("xpath=//h1[contains(text(),'3 Cancer Insurance Policies Found')]")): null

2020-03-20 04:51:08 - [TEST_STEP][PASSED] - Thread.sleep(1000): null

2020-03-20 04:51:09 - [TEST_STEP][PASSED] - try: null

2020-03-20 04:51:09 - [TEST_STEP][PASSED] - if (selenium.isElementPresent("xpath=//h1[contains(text(),'3 Cancer Insurance Policies Found')]")): null

2020-03-20 04:51:09 - [TEST_STEP][PASSED] - Thread.sleep(1000): null

2020-03-20 04:51:10 - [TEST_STEP][PASSED] - callTestCase(findTestCase("AHI/_include/get_screenshot"), [:], STOP_ON_FAILURE): Call Test Case 'Test Cases/AHI/_include/get_screenshot' successfully

2020-03-20 04:51:10 - [TEST_CASE][PASSED] - Test Cases/AHI/_include/get_screenshot: Test Cases/AHI/_include/get_screenshot

2020-03-20 04:51:10 - [TEST_STEP][PASSED] - Thread.sleep(1000): null

2020-03-20 04:51:11 - [TEST_STEP][PASSED] - takeScreenshot(screenPath + i + ".png"): Taking screenshot successfully

2020-03-20 04:51:12 - [MESSAGE][PASSED] - Taking screenshot successfully
[[ATTACHMENT|D:\\Test\\AgileTest\\Reports\\HIC\\hic\\20200320_045005\\../Screenshots/iPhone 6/HIC/Cancer/Cancer/20200320_045028/3.png]]

2020-03-20 04:51:12 - [TEST_STEP][PASSED] - (internal.GlobalVariable.i++): null

2020-03-20 04:51:12 - [MESSAGE][PASSED] - Call Test Case 'Test Cases/AHI/_include/get_screenshot' successfully

2020-03-20 04:51:12 - [TEST_STEP][PASSED] - selenium.click("xpath=(//a[contains(text(),'Option 1')])[1]"): null

2020-03-20 04:51:14 - [TEST_STEP][PASSED] - for ([second = 0, second < 20, (second++)]): null

2020-03-20 04:51:14 - [TEST_STEP][PASSED] - try: null

2020-03-20 04:51:14 - [TEST_STEP][PASSED] - if (selenium.isElementPresent("id=plan-details-primary-apply")): null

2020-03-20 04:51:14 - [TEST_STEP][PASSED] - break: null

2020-03-20 04:51:14 - [TEST_STEP][PASSED] - callTestCase(findTestCase("AHI/_include/get_screenshot"), [:], STOP_ON_FAILURE): Call Test Case 'Test Cases/AHI/_include/get_screenshot' successfully

2020-03-20 04:51:15 - [TEST_CASE][PASSED] - Test Cases/AHI/_include/get_screenshot: Test Cases/AHI/_include/get_screenshot

2020-03-20 04:51:15 - [TEST_STEP][PASSED] - Thread.sleep(1000): null

2020-03-20 04:51:16 - [TEST_STEP][PASSED] - takeScreenshot(screenPath + i + ".png"): Taking screenshot successfully

2020-03-20 04:51:16 - [MESSAGE][PASSED] - Taking screenshot successfully
[[ATTACHMENT|D:\\Test\\AgileTest\\Reports\\HIC\\hic\\20200320_045005\\../Screenshots/iPhone 6/HIC/Cancer/Cancer/20200320_045028/4.png]]

2020-03-20 04:51:16 - [TEST_STEP][PASSED] - (internal.GlobalVariable.i++): null

2020-03-20 04:51:16 - [MESSAGE][PASSED] - Call Test Case 'Test Cases/AHI/_include/get_screenshot' successfully

2020-03-20 04:51:16 - [TEST_STEP][PASSED] - selenium.click("id=plan-details-primary-apply"): null

2020-03-20 04:51:17 - [TEST_STEP][PASSED] - for ([second = 0, second < 20, (second++)]): null

2020-03-20 04:51:17 - [TEST_STEP][PASSED] - try: null

2020-03-20 04:51:17 - [TEST_STEP][PASSED] - if (selenium.isElementPresent("id=applyButton")): null

2020-03-20 04:51:17 - [TEST_STEP][PASSED] - break: null

2020-03-20 04:51:17 - [TEST_STEP][PASSED] - callTestCase(findTestCase("AHI/_include/get_screenshot"), [:], STOP_ON_FAILURE): Call Test Case 'Test Cases/AHI/_include/get_screenshot' successfully

2020-03-20 04:51:17 - [TEST_CASE][PASSED] - Test Cases/AHI/_include/get_screenshot: Test Cases/AHI/_include/get_screenshot

2020-03-20 04:51:17 - [TEST_STEP][PASSED] - Thread.sleep(1000): null

2020-03-20 04:51:18 - [TEST_STEP][PASSED] - takeScreenshot(screenPath + i + ".png"): Taking screenshot successfully

2020-03-20 04:51:19 - [MESSAGE][PASSED] - Taking screenshot successfully
[[ATTACHMENT|D:\\Test\\AgileTest\\Reports\\HIC\\hic\\20200320_045005\\../Screenshots/iPhone 6/HIC/Cancer/Cancer/20200320_045028/5.png]]

2020-03-20 04:51:19 - [TEST_STEP][PASSED] - (internal.GlobalVariable.i++): null

2020-03-20 04:51:19 - [MESSAGE][PASSED] - Call Test Case 'Test Cases/AHI/_include/get_screenshot' successfully

2020-03-20 04:51:19 - [TEST_STEP][PASSED] - selenium.click("id=applyButton"): null

2020-03-20 04:51:20 - [TEST_STEP][PASSED] - for ([second = 0, second < 20, (second++)]): null

2020-03-20 04:51:20 - [TEST_STEP][PASSED] - try: null

2020-03-20 04:51:20 - [TEST_STEP][PASSED] - if (selenium.isElementPresent("id=member-P-1-firstName")): null

2020-03-20 04:51:21 - [TEST_STEP][PASSED] - Thread.sleep(1000): null

2020-03-20 04:51:22 - [TEST_STEP][PASSED] - try: null

2020-03-20 04:51:22 - [TEST_STEP][PASSED] - if (selenium.isElementPresent("id=member-P-1-firstName")): null

2020-03-20 04:51:22 - [TEST_STEP][PASSED] - break: null

2020-03-20 04:51:22 - [TEST_STEP][PASSED] - callTestCase(findTestCase("AHI/_include/get_screenshot"), [:], STOP_ON_FAILURE): Call Test Case 'Test Cases/AHI/_include/get_screenshot' successfully

2020-03-20 04:51:22 - [TEST_CASE][PASSED] - Test Cases/AHI/_include/get_screenshot: Test Cases/AHI/_include/get_screenshot

2020-03-20 04:51:22 - [TEST_STEP][PASSED] - Thread.sleep(1000): null

2020-03-20 04:51:23 - [TEST_STEP][PASSED] - takeScreenshot(screenPath + i + ".png"): Taking screenshot successfully

2020-03-20 04:51:23 - [MESSAGE][PASSED] - Taking screenshot successfully
[[ATTACHMENT|D:\\Test\\AgileTest\\Reports\\HIC\\hic\\20200320_045005\\../Screenshots/iPhone 6/HIC/Cancer/Cancer/20200320_045028/6.png]]

2020-03-20 04:51:23 - [TEST_STEP][PASSED] - (internal.GlobalVariable.i++): null

2020-03-20 04:51:23 - [MESSAGE][PASSED] - Call Test Case 'Test Cases/AHI/_include/get_screenshot' successfully

2020-03-20 04:51:23 - [TEST_STEP][PASSED] - callTestCase(findTestCase("AHI/_include/name"), [:], STOP_ON_FAILURE): Call Test Case 'Test Cases/AHI/_include/name' successfully

2020-03-20 04:51:23 - [TEST_CASE][PASSED] - Test Cases/AHI/_include/name: Test Cases/AHI/_include/name

2020-03-20 04:51:23 - [TEST_STEP][PASSED] - driver = getWebDriver(): null

2020-03-20 04:51:23 - [TEST_STEP][PASSED] - selenium = new com.thoughtworks.selenium.webdriven.WebDriverBackedSelenium(driver, internal.GlobalVariable.ENV): null

2020-03-20 04:51:24 - [TEST_STEP][PASSED] - FirstName = "Test-123": null

2020-03-20 04:51:24 - [TEST_STEP][PASSED] - LastName = selenium.getEval("{var x="ABCDEFGHIJKLMNOPQRSTUVWXYZabcdefghijklmnopqrstuvwxyz"; var tmp="ZZ11-"; for (i=0;i<8;i++) tmp+=x.charAt(Math.ceil(51*Math.random()));tmp;}"): null

2020-03-20 04:51:24 - [TEST_STEP][PASSED] - Address = selenium.getEval("{var x="ABCDEFGHIJKLMNOPQRSTUVWXYZabcdefghijklmnopqrstuvwxyz"; var tmp=""; for (i=0;i<8;i++) tmp+=x.charAt(Math.ceil(51*Math.random()));tmp;}"): null

2020-03-20 04:51:24 - [TEST_STEP][PASSED] - City = selenium.getEval("{var x="ABCDEFGHIJKLMNOPQRSTUVWXYZabcdefghijklmnopqrstuvwxyz"; var tmp=""; for (i=0;i<8;i++) tmp+=x.charAt(Math.ceil(51*Math.random()));tmp;}"): null

2020-03-20 04:51:24 - [TEST_STEP][PASSED] - tel1 = selenium.getEval("{var x="123456789"; var tmp=""; for (i=0;i<3;i++) tmp+=x.charAt(Math.ceil(8*Math.random()));tmp;}"): null

2020-03-20 04:51:24 - [TEST_STEP][PASSED] - tel2 = selenium.getEval("{var x="123456789"; var tmp=""; for (i=0;i<3;i++) tmp+=x.charAt(Math.ceil(8*Math.random()));tmp;}"): null

2020-03-20 04:51:24 - [TEST_STEP][PASSED] - tel3 = selenium.getEval("{var x="123456789"; var tmp=""; for (i=0;i<4;i++) tmp+=x.charAt(Math.ceil(8*Math.random()));tmp;}"): null

2020-03-20 04:51:24 - [TEST_STEP][PASSED] - Tel = selenium.getExpression(tel1 + "-" + tel2 + "-" + tel3): null

2020-03-20 04:51:24 - [TEST_STEP][PASSED] - AutoEmail = selenium.getEval("{var x="ABCDEFGHIJKLMNOPQRSTUVWXYZabcdefghijklmnopqrstuvwxyz"; var tmp="test."; for (i=0;i<8;i++) tmp+=x.charAt(Math.ceil(51*Math.random()));tmp+="@suryani.cn";}"): null

2020-03-20 04:51:24 - [TEST_STEP][PASSED] - FirstName = FirstName: null

2020-03-20 04:51:24 - [TEST_STEP][PASSED] - LastName = LastName: null

2020-03-20 04:51:24 - [TEST_STEP][PASSED] - Address = Address: null

2020-03-20 04:51:24 - [TEST_STEP][PASSED] - City = City: null

2020-03-20 04:51:24 - [TEST_STEP][PASSED] - Tel = Tel: null

2020-03-20 04:51:24 - [TEST_STEP][PASSED] - AutoEmail = AutoEmail: null

2020-03-20 04:51:24 - [TEST_STEP][PASSED] - println(FirstName): null

2020-03-20 04:51:24 - [TEST_STEP][PASSED] - println(LastName): null

2020-03-20 04:51:24 - [TEST_STEP][PASSED] - println(Address): null

2020-03-20 04:51:24 - [TEST_STEP][PASSED] - println(City): null

2020-03-20 04:51:24 - [TEST_STEP][PASSED] - println(Tel): null

2020-03-20 04:51:24 - [TEST_STEP][PASSED] - println(AutoEmail): null

2020-03-20 04:51:24 - [MESSAGE][PASSED] - Call Test Case 'Test Cases/AHI/_include/name' successfully

2020-03-20 04:51:24 - [TEST_STEP][PASSED] - selenium.type("id=member-P-1-firstName", FirstName): null

2020-03-20 04:51:24 - [TEST_STEP][PASSED] - selenium.type("id=member-P-1-lastName", LastName): null

2020-03-20 04:51:24 - [TEST_STEP][PASSED] - selenium.type("id=address", Address): null

2020-03-20 04:51:24 - [TEST_STEP][PASSED] - selenium.type("id=city", City): null

2020-03-20 04:51:25 - [TEST_STEP][PASSED] - selenium.type("id=email", AutoEmail): null

2020-03-20 04:51:25 - [TEST_STEP][PASSED] - selenium.type("id=primaryPhone", Tel): null

2020-03-20 04:51:25 - [TEST_STEP][PASSED] - selenium.click("id=js-app-continue-link"): null

2020-03-20 04:51:25 - [TEST_STEP][PASSED] - for ([second = 0, second < 20, (second++)]): null

2020-03-20 04:51:25 - [TEST_STEP][PASSED] - try: null

2020-03-20 04:51:25 - [TEST_STEP][PASSED] - if (selenium.isElementPresent("xpath=(//*[@class='js-question js-app-page-medical-question-wrapper'])[1]/div/button[1]")): null

2020-03-20 04:51:25 - [TEST_STEP][PASSED] - Thread.sleep(1000): null

2020-03-20 04:51:26 - [TEST_STEP][PASSED] - try: null

2020-03-20 04:51:26 - [TEST_STEP][PASSED] - if (selenium.isElementPresent("xpath=(//*[@class='js-question js-app-page-medical-question-wrapper'])[1]/div/button[1]")): null

2020-03-20 04:51:26 - [TEST_STEP][PASSED] - break: null

2020-03-20 04:51:26 - [TEST_STEP][PASSED] - callTestCase(findTestCase("AHI/_include/get_screenshot"), [:], STOP_ON_FAILURE): Call Test Case 'Test Cases/AHI/_include/get_screenshot' successfully

2020-03-20 04:51:26 - [TEST_CASE][PASSED] - Test Cases/AHI/_include/get_screenshot: Test Cases/AHI/_include/get_screenshot

2020-03-20 04:51:26 - [TEST_STEP][PASSED] - Thread.sleep(1000): null

2020-03-20 04:51:27 - [TEST_STEP][PASSED] - takeScreenshot(screenPath + i + ".png"): Taking screenshot successfully

2020-03-20 04:51:28 - [MESSAGE][PASSED] - Taking screenshot successfully
[[ATTACHMENT|D:\\Test\\AgileTest\\Reports\\HIC\\hic\\20200320_045005\\../Screenshots/iPhone 6/HIC/Cancer/Cancer/20200320_045028/7.png]]

2020-03-20 04:51:28 - [TEST_STEP][PASSED] - (internal.GlobalVariable.i++): null

2020-03-20 04:51:28 - [MESSAGE][PASSED] - Call Test Case 'Test Cases/AHI/_include/get_screenshot' successfully

2020-03-20 04:51:28 - [TEST_STEP][PASSED] - for ([i = 1, i < 12, (i++)]): null

2020-03-20 04:51:28 - [TEST_STEP][PASSED] - selenium.click("xpath=(//*[@class='js-question js-app-page-medical-question-wrapper'])[" + i + "]/div/button[1]"): null

2020-03-20 04:51:28 - [TEST_STEP][PASSED] - selenium.click("xpath=(//*[@class='js-question js-app-page-medical-question-wrapper'])[" + i + "]/div/button[1]"): null

2020-03-20 04:51:28 - [TEST_STEP][PASSED] - selenium.click("xpath=(//*[@class='js-question js-app-page-medical-question-wrapper'])[" + i + "]/div/button[1]"): null

2020-03-20 04:51:29 - [TEST_STEP][PASSED] - selenium.click("xpath=(//*[@class='js-question js-app-page-medical-question-wrapper'])[" + i + "]/div/button[1]"): null

2020-03-20 04:51:29 - [TEST_STEP][PASSED] - selenium.click("xpath=(//*[@class='js-question js-app-page-medical-question-wrapper'])[" + i + "]/div/button[1]"): null

2020-03-20 04:51:30 - [TEST_STEP][PASSED] - selenium.click("xpath=(//*[@class='js-question js-app-page-medical-question-wrapper'])[" + i + "]/div/button[1]"): null

2020-03-20 04:51:30 - [TEST_STEP][PASSED] - selenium.click("xpath=(//*[@class='js-question js-app-page-medical-question-wrapper'])[" + i + "]/div/button[1]"): null

2020-03-20 04:51:30 - [TEST_STEP][PASSED] - selenium.click("xpath=(//*[@class='js-question js-app-page-medical-question-wrapper'])[" + i + "]/div/button[1]"): null

2020-03-20 04:51:31 - [TEST_STEP][PASSED] - selenium.click("xpath=(//*[@class='js-question js-app-page-medical-question-wrapper'])[" + i + "]/div/button[1]"): null

2020-03-20 04:51:31 - [TEST_STEP][PASSED] - selenium.click("xpath=(//*[@class='js-question js-app-page-medical-question-wrapper'])[" + i + "]/div/button[1]"): null

2020-03-20 04:51:31 - [TEST_STEP][PASSED] - selenium.click("xpath=(//*[@class='js-question js-app-page-medical-question-wrapper'])[" + i + "]/div/button[1]"): null

2020-03-20 04:51:32 - [TEST_STEP][PASSED] - selenium.click("id=js-app-continue-link"): null

2020-03-20 04:51:33 - [TEST_STEP][PASSED] - for ([second = 0, second < 20, (second++)]): null

2020-03-20 04:51:33 - [TEST_STEP][PASSED] - try: null

2020-03-20 04:51:33 - [TEST_STEP][PASSED] - if (selenium.isElementPresent("id=credit-card-number")): null

2020-03-20 04:51:33 - [TEST_STEP][PASSED] - break: null

2020-03-20 04:51:33 - [TEST_STEP][PASSED] - callTestCase(findTestCase("AHI/_include/get_screenshot"), [:], STOP_ON_FAILURE): Call Test Case 'Test Cases/AHI/_include/get_screenshot' successfully

2020-03-20 04:51:33 - [TEST_CASE][PASSED] - Test Cases/AHI/_include/get_screenshot: Test Cases/AHI/_include/get_screenshot

2020-03-20 04:51:33 - [TEST_STEP][PASSED] - Thread.sleep(1000): null

2020-03-20 04:51:35 - [TEST_STEP][PASSED] - takeScreenshot(screenPath + i + ".png"): Taking screenshot successfully

2020-03-20 04:51:35 - [MESSAGE][PASSED] - Taking screenshot successfully
[[ATTACHMENT|D:\\Test\\AgileTest\\Reports\\HIC\\hic\\20200320_045005\\../Screenshots/iPhone 6/HIC/Cancer/Cancer/20200320_045028/8.png]]

2020-03-20 04:51:35 - [TEST_STEP][PASSED] - (internal.GlobalVariable.i++): null

2020-03-20 04:51:35 - [MESSAGE][PASSED] - Call Test Case 'Test Cases/AHI/_include/get_screenshot' successfully

2020-03-20 04:51:35 - [TEST_STEP][PASSED] - selenium.type("id=credit-card-number", "4111123123123123"): null

2020-03-20 04:51:36 - [TEST_STEP][PASSED] - selenium.type("id=credit-card-first", "test"): null

2020-03-20 04:51:36 - [TEST_STEP][PASSED] - selenium.type("id=credit-card-last", "test"): null

2020-03-20 04:51:36 - [TEST_STEP][PASSED] - selenium.select("id=expiration-month", "12"): null

2020-03-20 04:51:36 - [TEST_STEP][PASSED] - selenium.select("id=expiration-year", "2026"): null

2020-03-20 04:51:37 - [TEST_STEP][PASSED] - selenium.type("id=credit-card-cvv", "123"): null

2020-03-20 04:51:37 - [TEST_STEP][PASSED] - selenium.type("id=credit-card-number", "4111123123123123"): null

2020-03-20 04:51:37 - [TEST_STEP][PASSED] - selenium.click("id=js-same-billing"): null

2020-03-20 04:51:37 - [TEST_STEP][PASSED] - selenium.click("id=credit-payment-authorization"): null

2020-03-20 04:51:37 - [TEST_STEP][PASSED] - selenium.click("id=js-app-continue-link"): null

2020-03-20 04:51:38 - [TEST_STEP][PASSED] - for ([second = 0, second < 20, (second++)]): null

2020-03-20 04:51:38 - [TEST_STEP][PASSED] - try: null

2020-03-20 04:51:38 - [TEST_STEP][PASSED] - if (selenium.isElementPresent("id=consent-checkbox-0")): null

2020-03-20 04:51:38 - [TEST_STEP][PASSED] - Thread.sleep(1000): null

2020-03-20 04:51:39 - [TEST_STEP][PASSED] - try: null

2020-03-20 04:51:39 - [TEST_STEP][PASSED] - if (selenium.isElementPresent("id=consent-checkbox-0")): null

2020-03-20 04:51:39 - [TEST_STEP][PASSED] - break: null

2020-03-20 04:51:39 - [TEST_STEP][PASSED] - callTestCase(findTestCase("AHI/_include/get_screenshot"), [:], STOP_ON_FAILURE): Call Test Case 'Test Cases/AHI/_include/get_screenshot' successfully

2020-03-20 04:51:39 - [TEST_CASE][PASSED] - Test Cases/AHI/_include/get_screenshot: Test Cases/AHI/_include/get_screenshot

2020-03-20 04:51:39 - [TEST_STEP][PASSED] - Thread.sleep(1000): null

2020-03-20 04:51:40 - [TEST_STEP][PASSED] - takeScreenshot(screenPath + i + ".png"): Taking screenshot successfully

2020-03-20 04:51:40 - [MESSAGE][PASSED] - Taking screenshot successfully
[[ATTACHMENT|D:\\Test\\AgileTest\\Reports\\HIC\\hic\\20200320_045005\\../Screenshots/iPhone 6/HIC/Cancer/Cancer/20200320_045028/9.png]]

2020-03-20 04:51:40 - [TEST_STEP][PASSED] - (internal.GlobalVariable.i++): null

2020-03-20 04:51:40 - [MESSAGE][PASSED] - Call Test Case 'Test Cases/AHI/_include/get_screenshot' successfully

2020-03-20 04:51:40 - [TEST_STEP][PASSED] - selenium.click("id=consent-checkbox-0"): null

2020-03-20 04:51:41 - [TEST_STEP][PASSED] - selenium.click("id=js-signature-tab"): null

2020-03-20 04:51:41 - [TEST_STEP][PASSED] - selenium.click("id=js-app-continue-link"): null

2020-03-20 04:51:41 - [TEST_STEP][PASSED] - for ([second = 0, second < 30, (second++)]): null

2020-03-20 04:51:41 - [TEST_STEP][PASSED] - try: null

2020-03-20 04:51:41 - [TEST_STEP][PASSED] - if (selenium.isElementPresent("xpath=//h2[contains(text(),'Thank You')]")): null

2020-03-20 04:51:41 - [TEST_STEP][PASSED] - Thread.sleep(1000): null

2020-03-20 04:51:42 - [TEST_STEP][PASSED] - try: null

2020-03-20 04:51:42 - [TEST_STEP][PASSED] - if (selenium.isElementPresent("xpath=//h2[contains(text(),'Thank You')]")): null

2020-03-20 04:51:42 - [TEST_STEP][PASSED] - Thread.sleep(1000): null

2020-03-20 04:51:43 - [TEST_STEP][PASSED] - try: null

2020-03-20 04:51:43 - [TEST_STEP][PASSED] - if (selenium.isElementPresent("xpath=//h2[contains(text(),'Thank You')]")): null

2020-03-20 04:51:43 - [TEST_STEP][PASSED] - Thread.sleep(1000): null

2020-03-20 04:51:44 - [TEST_STEP][PASSED] - try: null

2020-03-20 04:51:44 - [TEST_STEP][PASSED] - if (selenium.isElementPresent("xpath=//h2[contains(text(),'Thank You')]")): null

2020-03-20 04:51:44 - [TEST_STEP][PASSED] - Thread.sleep(1000): null

2020-03-20 04:51:45 - [TEST_STEP][PASSED] - try: null

2020-03-20 04:51:45 - [TEST_STEP][PASSED] - if (selenium.isElementPresent("xpath=//h2[contains(text(),'Thank You')]")): null

2020-03-20 04:51:45 - [TEST_STEP][PASSED] - Thread.sleep(1000): null

2020-03-20 04:51:46 - [TEST_STEP][PASSED] - try: null

2020-03-20 04:51:46 - [TEST_STEP][PASSED] - if (selenium.isElementPresent("xpath=//h2[contains(text(),'Thank You')]")): null

2020-03-20 04:51:46 - [TEST_STEP][PASSED] - Thread.sleep(1000): null

2020-03-20 04:51:47 - [TEST_STEP][PASSED] - try: null

2020-03-20 04:51:47 - [TEST_STEP][PASSED] - if (selenium.isElementPresent("xpath=//h2[contains(text(),'Thank You')]")): null

2020-03-20 04:51:47 - [TEST_STEP][PASSED] - Thread.sleep(1000): null

2020-03-20 04:51:48 - [TEST_STEP][PASSED] - try: null

2020-03-20 04:51:48 - [TEST_STEP][PASSED] - if (selenium.isElementPresent("xpath=//h2[contains(text(),'Thank You')]")): null

2020-03-20 04:51:48 - [TEST_STEP][PASSED] - Thread.sleep(1000): null

2020-03-20 04:51:49 - [TEST_STEP][PASSED] - try: null

2020-03-20 04:51:49 - [TEST_STEP][PASSED] - if (selenium.isElementPresent("xpath=//h2[contains(text(),'Thank You')]")): null

2020-03-20 04:51:50 - [TEST_STEP][PASSED] - Thread.sleep(1000): null

2020-03-20 04:51:51 - [TEST_STEP][PASSED] - try: null

2020-03-20 04:51:51 - [TEST_STEP][PASSED] - if (selenium.isElementPresent("xpath=//h2[contains(text(),'Thank You')]")): null

2020-03-20 04:51:51 - [TEST_STEP][PASSED] - Thread.sleep(1000): null

2020-03-20 04:51:52 - [TEST_STEP][PASSED] - try: null

2020-03-20 04:51:52 - [TEST_STEP][PASSED] - if (selenium.isElementPresent("xpath=//h2[contains(text(),'Thank You')]")): null

2020-03-20 04:51:52 - [TEST_STEP][PASSED] - Thread.sleep(1000): null

2020-03-20 04:51:53 - [TEST_STEP][PASSED] - try: null

2020-03-20 04:51:53 - [TEST_STEP][PASSED] - if (selenium.isElementPresent("xpath=//h2[contains(text(),'Thank You')]")): null

2020-03-20 04:51:53 - [TEST_STEP][PASSED] - Thread.sleep(1000): null

2020-03-20 04:51:54 - [TEST_STEP][PASSED] - try: null

2020-03-20 04:51:54 - [TEST_STEP][PASSED] - if (selenium.isElementPresent("xpath=//h2[contains(text(),'Thank You')]")): null

2020-03-20 04:51:54 - [TEST_STEP][PASSED] - Thread.sleep(1000): null

2020-03-20 04:51:55 - [TEST_STEP][PASSED] - try: null

2020-03-20 04:51:55 - [TEST_STEP][PASSED] - if (selenium.isElementPresent("xpath=//h2[contains(text(),'Thank You')]")): null

2020-03-20 04:51:55 - [TEST_STEP][PASSED] - Thread.sleep(1000): null

2020-03-20 04:51:56 - [TEST_STEP][PASSED] - try: null

2020-03-20 04:51:56 - [TEST_STEP][PASSED] - if (selenium.isElementPresent("xpath=//h2[contains(text(),'Thank You')]")): null

2020-03-20 04:51:56 - [TEST_STEP][PASSED] - Thread.sleep(1000): null

2020-03-20 04:51:57 - [TEST_STEP][PASSED] - try: null

2020-03-20 04:51:57 - [TEST_STEP][PASSED] - if (selenium.isElementPresent("xpath=//h2[contains(text(),'Thank You')]")): null

2020-03-20 04:51:57 - [TEST_STEP][PASSED] - Thread.sleep(1000): null

2020-03-20 04:51:58 - [TEST_STEP][PASSED] - try: null

2020-03-20 04:51:58 - [TEST_STEP][PASSED] - if (selenium.isElementPresent("xpath=//h2[contains(text(),'Thank You')]")): null

2020-03-20 04:51:58 - [TEST_STEP][PASSED] - break: null

2020-03-20 04:51:58 - [TEST_STEP][PASSED] - callTestCase(findTestCase("AHI/_include/get_screenshot"), [:], STOP_ON_FAILURE): Call Test Case 'Test Cases/AHI/_include/get_screenshot' successfully

2020-03-20 04:51:58 - [TEST_CASE][PASSED] - Test Cases/AHI/_include/get_screenshot: Test Cases/AHI/_include/get_screenshot

2020-03-20 04:51:58 - [TEST_STEP][PASSED] - Thread.sleep(1000): null

2020-03-20 04:51:59 - [TEST_STEP][PASSED] - takeScreenshot(screenPath + i + ".png"): Taking screenshot successfully

2020-03-20 04:52:00 - [MESSAGE][PASSED] - Taking screenshot successfully
[[ATTACHMENT|D:\\Test\\AgileTest\\Reports\\HIC\\hic\\20200320_045005\\../Screenshots/iPhone 6/HIC/Cancer/Cancer/20200320_045028/10.png]]

2020-03-20 04:52:00 - [TEST_STEP][PASSED] - (internal.GlobalVariable.i++): null

2020-03-20 04:52:00 - [MESSAGE][PASSED] - Call Test Case 'Test Cases/AHI/_include/get_screenshot' successfully]]></system-out>
         <system-err><![CDATA[]]></system-err>
      </testcase>
      <testcase name="Test Cases/HIC/New/Dental" classname="Test Cases/HIC/New/Dental" status="PASSED">
         <system-out><![CDATA[2020-03-20 04:52:00 - [TEST_CASE][PASSED] - Test Cases/HIC/New/Dental: Test Cases/HIC/New/Dental

2020-03-20 04:52:00 - [TEST_STEP][PASSED] - callTestCase(findTestCase("HIC/_include/get_hicScreenPath"), ["project":"HIC", "productLine":"Dental", "carrierName":"USA Access"], CONTINUE_ON_FAILURE): Call Test Case 'Test Cases/HIC/_include/get_hicScreenPath' successfully

2020-03-20 04:52:00 - [TEST_CASE][PASSED] - Test Cases/HIC/_include/get_hicScreenPath: Test Cases/HIC/_include/get_hicScreenPath

2020-03-20 04:52:00 - [TEST_STEP][PASSED] - m = getExecutionProperties(): null

2020-03-20 04:52:00 - [TEST_STEP][PASSED] - deviceName = get("mobileEmulation").get("deviceName"): null

2020-03-20 04:52:00 - [TEST_STEP][PASSED] - println(deviceName): null

2020-03-20 04:52:00 - [TEST_STEP][PASSED] - now = new java.util.Date(): null

2020-03-20 04:52:00 - [TEST_STEP][PASSED] - mydate = now.format("yyyyMMdd_HHmmss"): null

2020-03-20 04:52:00 - [TEST_STEP][PASSED] - screenPath = "../Screenshots/": null

2020-03-20 04:52:00 - [TEST_STEP][PASSED] - screenPath = screenPath + deviceName + "/" + project + "/" + productLine + "/" + carrierName + "/" + mydate + "/": null

2020-03-20 04:52:00 - [TEST_STEP][PASSED] - println(screenPath): null

2020-03-20 04:52:00 - [MESSAGE][PASSED] - Call Test Case 'Test Cases/HIC/_include/get_hicScreenPath' successfully

2020-03-20 04:52:00 - [TEST_STEP][PASSED] - i = 0: null

2020-03-20 04:52:00 - [TEST_STEP][PASSED] - callTestCase(findTestCase("AHI/_include/openWebSite"), ["env":env], CONTINUE_ON_FAILURE): Call Test Case 'Test Cases/AHI/_include/openWebSite' successfully

2020-03-20 04:52:00 - [TEST_CASE][PASSED] - Test Cases/AHI/_include/openWebSite: Test Cases/AHI/_include/openWebSite

2020-03-20 04:52:00 - [TEST_STEP][PASSED] - openBrowser(env): Browser is opened with url: 'https://qa.healthinsurance.com'

2020-03-20 04:52:00 - [MESSAGE][WARNING] - A browser is already opened. Closing browser and opening a new one

2020-03-20 04:52:02 - [MESSAGE][INFO] - Starting 'Chrome' driver

2020-03-20 04:52:02 - [MESSAGE][INFO] - User set preference: ['mobileEmulation', '{deviceName=iPhone 6}']

2020-03-20 04:52:02 - [MESSAGE][INFO] - User set preference: ['args', '[--incognito, --aggressive-cache-discard, --window-size=375,677, --no-sandbox, --ignore-certificate-errors]']

2020-03-20 04:52:05 - [MESSAGE][PASSED] - Browser is opened with url: 'https://qa.healthinsurance.com'

2020-03-20 04:52:05 - [TEST_STEP][PASSED] - waitForPageLoad(20): Wait for page load successfully

2020-03-20 04:52:05 - [MESSAGE][PASSED] - Wait for page load successfully

2020-03-20 04:52:05 - [TEST_STEP][PASSED] - callTestCase(findTestCase("AHI/_include/get_screenshot"), [:], STOP_ON_FAILURE): Call Test Case 'Test Cases/AHI/_include/get_screenshot' successfully

2020-03-20 04:52:05 - [TEST_CASE][PASSED] - Test Cases/AHI/_include/get_screenshot: Test Cases/AHI/_include/get_screenshot

2020-03-20 04:52:05 - [TEST_STEP][PASSED] - Thread.sleep(1000): null

2020-03-20 04:52:06 - [TEST_STEP][PASSED] - takeScreenshot(screenPath + i + ".png"): Taking screenshot successfully

2020-03-20 04:52:07 - [MESSAGE][PASSED] - Taking screenshot successfully
[[ATTACHMENT|D:\\Test\\AgileTest\\Reports\\HIC\\hic\\20200320_045005\\../Screenshots/iPhone 6/HIC/Dental/USA Access/20200320_045200/0.png]]

2020-03-20 04:52:07 - [TEST_STEP][PASSED] - (internal.GlobalVariable.i++): null

2020-03-20 04:52:07 - [MESSAGE][PASSED] - Call Test Case 'Test Cases/AHI/_include/get_screenshot' successfully

2020-03-20 04:52:07 - [MESSAGE][PASSED] - Call Test Case 'Test Cases/AHI/_include/openWebSite' successfully

2020-03-20 04:52:07 - [TEST_STEP][PASSED] - driver = getWebDriver(): null

2020-03-20 04:52:07 - [TEST_STEP][PASSED] - baseUrl = env: null

2020-03-20 04:52:07 - [TEST_STEP][PASSED] - selenium = new com.thoughtworks.selenium.webdriven.WebDriverBackedSelenium(driver, baseUrl): null

2020-03-20 04:52:07 - [TEST_STEP][PASSED] - selenium.click("//span[@class='navbar-toggler-icon']"): null

2020-03-20 04:52:07 - [TEST_STEP][PASSED] - selenium.click("//a[@class='dropdown-toggle nav-link']"): null

2020-03-20 04:52:07 - [TEST_STEP][PASSED] - selenium.click("//a[contains(text(),'Dental')]"): null

2020-03-20 04:52:08 - [TEST_STEP][PASSED] - for ([second = 0, second < 10, (second++)]): null

2020-03-20 04:52:08 - [TEST_STEP][PASSED] - try: null

2020-03-20 04:52:08 - [TEST_STEP][PASSED] - if (selenium.isElementPresent("id=zip")): null

2020-03-20 04:52:08 - [TEST_STEP][PASSED] - break: null

2020-03-20 04:52:08 - [TEST_STEP][PASSED] - callTestCase(findTestCase("AHI/_include/get_screenshot"), [:], STOP_ON_FAILURE): Call Test Case 'Test Cases/AHI/_include/get_screenshot' successfully

2020-03-20 04:52:08 - [TEST_CASE][PASSED] - Test Cases/AHI/_include/get_screenshot: Test Cases/AHI/_include/get_screenshot

2020-03-20 04:52:08 - [TEST_STEP][PASSED] - Thread.sleep(1000): null

2020-03-20 04:52:09 - [TEST_STEP][PASSED] - takeScreenshot(screenPath + i + ".png"): Taking screenshot successfully

2020-03-20 04:52:09 - [MESSAGE][PASSED] - Taking screenshot successfully
[[ATTACHMENT|D:\\Test\\AgileTest\\Reports\\HIC\\hic\\20200320_045005\\../Screenshots/iPhone 6/HIC/Dental/USA Access/20200320_045200/1.png]]

2020-03-20 04:52:09 - [TEST_STEP][PASSED] - (internal.GlobalVariable.i++): null

2020-03-20 04:52:09 - [MESSAGE][PASSED] - Call Test Case 'Test Cases/AHI/_include/get_screenshot' successfully

2020-03-20 04:52:09 - [TEST_STEP][PASSED] - Thread.sleep(2000): null

2020-03-20 04:52:11 - [TEST_STEP][PASSED] - callTestCase(findTestCase("HIC/_include/stm_census"), ["zipcode":"35215"], STOP_ON_FAILURE): Call Test Case 'Test Cases/HIC/_include/stm_census' successfully

2020-03-20 04:52:11 - [TEST_CASE][PASSED] - Test Cases/HIC/_include/stm_census: Test Cases/HIC/_include/stm_census

2020-03-20 04:52:11 - [TEST_STEP][PASSED] - Thread.sleep(2000): null

2020-03-20 04:52:13 - [TEST_STEP][PASSED] - setText(findTestObject("hic/stm/census/zip"), zipcode): Text '35215' is set on object 'Object Repository/hic/stm/census/zip'

2020-03-20 04:52:14 - [MESSAGE][PASSED] - Text '35215' is set on object 'Object Repository/hic/stm/census/zip'

2020-03-20 04:52:14 - [TEST_STEP][PASSED] - Thread.sleep(500): null

2020-03-20 04:52:14 - [TEST_STEP][PASSED] - setText(findTestObject("hic/stm/census/primaryDOB"), "03031987"): Text '03031987' is set on object 'Object Repository/hic/stm/census/primaryDOB'

2020-03-20 04:52:15 - [MESSAGE][PASSED] - Text '03031987' is set on object 'Object Repository/hic/stm/census/primaryDOB'

2020-03-20 04:52:15 - [TEST_STEP][PASSED] - click(findTestObject("hic/stm/census/female")): Object: 'Object Repository/hic/stm/census/female' is clicked on

2020-03-20 04:52:15 - [MESSAGE][PASSED] - Object: 'Object Repository/hic/stm/census/female' is clicked on

2020-03-20 04:52:15 - [TEST_STEP][PASSED] - Thread.sleep(3000): null

2020-03-20 04:52:18 - [TEST_STEP][PASSED] - waitForElementClickable(findTestObject("hic/stm/census/submitButton"), 20): Object 'Object Repository/hic/stm/census/submitButton' is clickable

2020-03-20 04:52:18 - [MESSAGE][PASSED] - Object 'Object Repository/hic/stm/census/submitButton' is clickable

2020-03-20 04:52:18 - [TEST_STEP][PASSED] - click(findTestObject("hic/stm/census/submitButton")): Object: 'Object Repository/hic/stm/census/submitButton' is clicked on

2020-03-20 04:52:19 - [MESSAGE][PASSED] - Object: 'Object Repository/hic/stm/census/submitButton' is clicked on

2020-03-20 04:52:19 - [TEST_STEP][PASSED] - Thread.sleep(6000): null

2020-03-20 04:52:25 - [TEST_STEP][PASSED] - callTestCase(findTestCase("AHI/_include/check_quoteleadform"), [:], STOP_ON_FAILURE): Call Test Case 'Test Cases/AHI/_include/check_quoteleadform' successfully

2020-03-20 04:52:25 - [TEST_CASE][PASSED] - Test Cases/AHI/_include/check_quoteleadform: Test Cases/AHI/_include/check_quoteleadform

2020-03-20 04:52:25 - [TEST_STEP][PASSED] - callTestCase(findTestCase("AHI/_include/name"), [:], CONTINUE_ON_FAILURE): Call Test Case 'Test Cases/AHI/_include/name' successfully

2020-03-20 04:52:25 - [TEST_CASE][PASSED] - Test Cases/AHI/_include/name: Test Cases/AHI/_include/name

2020-03-20 04:52:25 - [TEST_STEP][PASSED] - driver = getWebDriver(): null

2020-03-20 04:52:25 - [TEST_STEP][PASSED] - selenium = new com.thoughtworks.selenium.webdriven.WebDriverBackedSelenium(driver, internal.GlobalVariable.ENV): null

2020-03-20 04:52:25 - [TEST_STEP][PASSED] - FirstName = "Test-123": null

2020-03-20 04:52:25 - [TEST_STEP][PASSED] - LastName = selenium.getEval("{var x="ABCDEFGHIJKLMNOPQRSTUVWXYZabcdefghijklmnopqrstuvwxyz"; var tmp="ZZ11-"; for (i=0;i<8;i++) tmp+=x.charAt(Math.ceil(51*Math.random()));tmp;}"): null

2020-03-20 04:52:25 - [TEST_STEP][PASSED] - Address = selenium.getEval("{var x="ABCDEFGHIJKLMNOPQRSTUVWXYZabcdefghijklmnopqrstuvwxyz"; var tmp=""; for (i=0;i<8;i++) tmp+=x.charAt(Math.ceil(51*Math.random()));tmp;}"): null

2020-03-20 04:52:25 - [TEST_STEP][PASSED] - City = selenium.getEval("{var x="ABCDEFGHIJKLMNOPQRSTUVWXYZabcdefghijklmnopqrstuvwxyz"; var tmp=""; for (i=0;i<8;i++) tmp+=x.charAt(Math.ceil(51*Math.random()));tmp;}"): null

2020-03-20 04:52:25 - [TEST_STEP][PASSED] - tel1 = selenium.getEval("{var x="123456789"; var tmp=""; for (i=0;i<3;i++) tmp+=x.charAt(Math.ceil(8*Math.random()));tmp;}"): null

2020-03-20 04:52:25 - [TEST_STEP][PASSED] - tel2 = selenium.getEval("{var x="123456789"; var tmp=""; for (i=0;i<3;i++) tmp+=x.charAt(Math.ceil(8*Math.random()));tmp;}"): null

2020-03-20 04:52:25 - [TEST_STEP][PASSED] - tel3 = selenium.getEval("{var x="123456789"; var tmp=""; for (i=0;i<4;i++) tmp+=x.charAt(Math.ceil(8*Math.random()));tmp;}"): null

2020-03-20 04:52:25 - [TEST_STEP][PASSED] - Tel = selenium.getExpression(tel1 + "-" + tel2 + "-" + tel3): null

2020-03-20 04:52:25 - [TEST_STEP][PASSED] - AutoEmail = selenium.getEval("{var x="ABCDEFGHIJKLMNOPQRSTUVWXYZabcdefghijklmnopqrstuvwxyz"; var tmp="test."; for (i=0;i<8;i++) tmp+=x.charAt(Math.ceil(51*Math.random()));tmp+="@suryani.cn";}"): null

2020-03-20 04:52:25 - [TEST_STEP][PASSED] - FirstName = FirstName: null

2020-03-20 04:52:25 - [TEST_STEP][PASSED] - LastName = LastName: null

2020-03-20 04:52:25 - [TEST_STEP][PASSED] - Address = Address: null

2020-03-20 04:52:25 - [TEST_STEP][PASSED] - City = City: null

2020-03-20 04:52:25 - [TEST_STEP][PASSED] - Tel = Tel: null

2020-03-20 04:52:25 - [TEST_STEP][PASSED] - AutoEmail = AutoEmail: null

2020-03-20 04:52:25 - [TEST_STEP][PASSED] - println(FirstName): null

2020-03-20 04:52:25 - [TEST_STEP][PASSED] - println(LastName): null

2020-03-20 04:52:25 - [TEST_STEP][PASSED] - println(Address): null

2020-03-20 04:52:25 - [TEST_STEP][PASSED] - println(City): null

2020-03-20 04:52:25 - [TEST_STEP][PASSED] - println(Tel): null

2020-03-20 04:52:25 - [TEST_STEP][PASSED] - println(AutoEmail): null

2020-03-20 04:52:25 - [MESSAGE][PASSED] - Call Test Case 'Test Cases/AHI/_include/name' successfully

2020-03-20 04:52:25 - [TEST_STEP][PASSED] - leadform_exist = test.MobileKeywords.isElementPresent_Web(findTestObject("mobileSanity/quote lead form/lead_form"), 20): test.MobileKeywords.isElementPresent_Web is PASSED

2020-03-20 04:52:47 - [MESSAGE][INFO] - Unable to find the element located by 'By.xpath: //*[@id = 'lightboxLeadForm']'. Please recheck the objects properties to make sure the desired element is located. 

2020-03-20 04:52:47 - [MESSAGE][PASSED] - test.MobileKeywords.isElementPresent_Web is PASSED

2020-03-20 04:52:47 - [TEST_STEP][PASSED] - if (leadform_exist): null

2020-03-20 04:52:47 - [MESSAGE][PASSED] - Call Test Case 'Test Cases/AHI/_include/check_quoteleadform' successfully

2020-03-20 04:52:47 - [TEST_STEP][PASSED] - callTestCase(findTestCase("AHI/_include/get_screenshot"), [:], STOP_ON_FAILURE): Call Test Case 'Test Cases/AHI/_include/get_screenshot' successfully

2020-03-20 04:52:47 - [TEST_CASE][PASSED] - Test Cases/AHI/_include/get_screenshot: Test Cases/AHI/_include/get_screenshot

2020-03-20 04:52:47 - [TEST_STEP][PASSED] - Thread.sleep(1000): null

2020-03-20 04:52:48 - [TEST_STEP][PASSED] - takeScreenshot(screenPath + i + ".png"): Taking screenshot successfully

2020-03-20 04:52:48 - [MESSAGE][PASSED] - Taking screenshot successfully
[[ATTACHMENT|D:\\Test\\AgileTest\\Reports\\HIC\\hic\\20200320_045005\\../Screenshots/iPhone 6/HIC/Dental/USA Access/20200320_045200/2.png]]

2020-03-20 04:52:48 - [TEST_STEP][PASSED] - (internal.GlobalVariable.i++): null

2020-03-20 04:52:48 - [MESSAGE][PASSED] - Call Test Case 'Test Cases/AHI/_include/get_screenshot' successfully

2020-03-20 04:52:48 - [TEST_STEP][PASSED] - Thread.sleep(1000): null

2020-03-20 04:52:49 - [MESSAGE][PASSED] - Call Test Case 'Test Cases/HIC/_include/stm_census' successfully

2020-03-20 04:52:49 - [TEST_STEP][PASSED] - click(findTestObject("mobileSanity/Dental/filter/btn_filter")): Object: 'Object Repository/mobileSanity/Dental/filter/btn_filter' is clicked on

2020-03-20 04:52:49 - [MESSAGE][PASSED] - Object: 'Object Repository/mobileSanity/Dental/filter/btn_filter' is clicked on

2020-03-20 04:52:49 - [TEST_STEP][PASSED] - waitForElementVisible(findTestObject("mobileSanity/Dental/filter/btn_company"), 10): Object 'Object Repository/mobileSanity/Dental/filter/btn_company' is visible

2020-03-20 04:52:50 - [MESSAGE][PASSED] - Object 'Object Repository/mobileSanity/Dental/filter/btn_company' is visible

2020-03-20 04:52:50 - [TEST_STEP][PASSED] - click(findTestObject("mobileSanity/Dental/filter/btn_company")): Object: 'Object Repository/mobileSanity/Dental/filter/btn_company' is clicked on

2020-03-20 04:52:50 - [MESSAGE][PASSED] - Object: 'Object Repository/mobileSanity/Dental/filter/btn_company' is clicked on

2020-03-20 04:52:50 - [TEST_STEP][PASSED] - Thread.sleep(2000): null

2020-03-20 04:52:52 - [TEST_STEP][PASSED] - click(findTestObject("mobileSanity/Dental/filter/btn_usa")): Object: 'Object Repository/mobileSanity/Dental/filter/btn_usa' is clicked on

2020-03-20 04:52:52 - [MESSAGE][PASSED] - Object: 'Object Repository/mobileSanity/Dental/filter/btn_usa' is clicked on

2020-03-20 04:52:52 - [TEST_STEP][PASSED] - waitForJQueryLoad(20, STOP_ON_FAILURE): jQuery is ready.

2020-03-20 04:52:53 - [MESSAGE][PASSED] - jQuery is ready.

2020-03-20 04:52:53 - [TEST_STEP][PASSED] - callTestCase(findTestCase("AHI/_include/get_screenshot"), [:], STOP_ON_FAILURE): Call Test Case 'Test Cases/AHI/_include/get_screenshot' successfully

2020-03-20 04:52:53 - [TEST_CASE][PASSED] - Test Cases/AHI/_include/get_screenshot: Test Cases/AHI/_include/get_screenshot

2020-03-20 04:52:53 - [TEST_STEP][PASSED] - Thread.sleep(1000): null

2020-03-20 04:52:54 - [TEST_STEP][PASSED] - takeScreenshot(screenPath + i + ".png"): Taking screenshot successfully

2020-03-20 04:52:54 - [MESSAGE][PASSED] - Taking screenshot successfully
[[ATTACHMENT|D:\\Test\\AgileTest\\Reports\\HIC\\hic\\20200320_045005\\../Screenshots/iPhone 6/HIC/Dental/USA Access/20200320_045200/3.png]]

2020-03-20 04:52:54 - [TEST_STEP][PASSED] - (internal.GlobalVariable.i++): null

2020-03-20 04:52:54 - [MESSAGE][PASSED] - Call Test Case 'Test Cases/AHI/_include/get_screenshot' successfully

2020-03-20 04:52:54 - [TEST_STEP][PASSED] - click(findTestObject("mobileSanity/Dental/filter/btn_filter")): Object: 'Object Repository/mobileSanity/Dental/filter/btn_filter' is clicked on

2020-03-20 04:52:54 - [MESSAGE][PASSED] - Object: 'Object Repository/mobileSanity/Dental/filter/btn_filter' is clicked on

2020-03-20 04:52:54 - [TEST_STEP][PASSED] - Thread.sleep(2000): null

2020-03-20 04:52:56 - [TEST_STEP][PASSED] - scrollToPosition(0, 600): Browser is scrolled to position x = 0, y = 600

2020-03-20 04:52:56 - [MESSAGE][PASSED] - Browser is scrolled to position x = 0, y = 600

2020-03-20 04:52:56 - [TEST_STEP][PASSED] - Thread.sleep(2000): null

2020-03-20 04:52:58 - [TEST_STEP][PASSED] - click(findTestObject("mobileSanity/Dental/quote/a_Select This Plan")): Object: 'Object Repository/mobileSanity/Dental/quote/a_Select This Plan' is clicked on

2020-03-20 04:52:59 - [MESSAGE][PASSED] - Object: 'Object Repository/mobileSanity/Dental/quote/a_Select This Plan' is clicked on

2020-03-20 04:52:59 - [TEST_STEP][PASSED] - waitForPageLoad(10): Wait for page load successfully

2020-03-20 04:53:00 - [MESSAGE][PASSED] - Wait for page load successfully

2020-03-20 04:53:00 - [TEST_STEP][PASSED] - callTestCase(findTestCase("AHI/_include/get_screenshot"), [:], STOP_ON_FAILURE): Call Test Case 'Test Cases/AHI/_include/get_screenshot' successfully

2020-03-20 04:53:00 - [TEST_CASE][PASSED] - Test Cases/AHI/_include/get_screenshot: Test Cases/AHI/_include/get_screenshot

2020-03-20 04:53:00 - [TEST_STEP][PASSED] - Thread.sleep(1000): null

2020-03-20 04:53:01 - [TEST_STEP][PASSED] - takeScreenshot(screenPath + i + ".png"): Taking screenshot successfully

2020-03-20 04:53:01 - [MESSAGE][PASSED] - Taking screenshot successfully
[[ATTACHMENT|D:\\Test\\AgileTest\\Reports\\HIC\\hic\\20200320_045005\\../Screenshots/iPhone 6/HIC/Dental/USA Access/20200320_045200/4.png]]

2020-03-20 04:53:01 - [TEST_STEP][PASSED] - (internal.GlobalVariable.i++): null

2020-03-20 04:53:01 - [MESSAGE][PASSED] - Call Test Case 'Test Cases/AHI/_include/get_screenshot' successfully

2020-03-20 04:53:01 - [TEST_STEP][PASSED] - Thread.sleep(2000): null

2020-03-20 04:53:03 - [TEST_STEP][PASSED] - click(findTestObject("mobileSanity/Dental/apply/span_Start Secure Application")): Object: 'Object Repository/mobileSanity/Dental/apply/span_Start Secure Application' is clicked on

2020-03-20 04:53:04 - [MESSAGE][PASSED] - Object: 'Object Repository/mobileSanity/Dental/apply/span_Start Secure Application' is clicked on

2020-03-20 04:53:04 - [TEST_STEP][PASSED] - waitForPageLoad(10): Wait for page load successfully

2020-03-20 04:53:05 - [MESSAGE][PASSED] - Wait for page load successfully

2020-03-20 04:53:05 - [TEST_STEP][PASSED] - Thread.sleep(2000): null

2020-03-20 04:53:07 - [TEST_STEP][PASSED] - callTestCase(findTestCase("AHI/_include/get_screenshot"), [:], STOP_ON_FAILURE): Call Test Case 'Test Cases/AHI/_include/get_screenshot' successfully

2020-03-20 04:53:07 - [TEST_CASE][PASSED] - Test Cases/AHI/_include/get_screenshot: Test Cases/AHI/_include/get_screenshot

2020-03-20 04:53:07 - [TEST_STEP][PASSED] - Thread.sleep(1000): null

2020-03-20 04:53:08 - [TEST_STEP][PASSED] - takeScreenshot(screenPath + i + ".png"): Taking screenshot successfully

2020-03-20 04:53:08 - [MESSAGE][PASSED] - Taking screenshot successfully
[[ATTACHMENT|D:\\Test\\AgileTest\\Reports\\HIC\\hic\\20200320_045005\\../Screenshots/iPhone 6/HIC/Dental/USA Access/20200320_045200/5.png]]

2020-03-20 04:53:08 - [TEST_STEP][PASSED] - (internal.GlobalVariable.i++): null

2020-03-20 04:53:08 - [MESSAGE][PASSED] - Call Test Case 'Test Cases/AHI/_include/get_screenshot' successfully

2020-03-20 04:53:08 - [TEST_STEP][PASSED] - callTestCase(findTestCase("AHI/_include/goToEnd_dental"), ["carrier":"usa"], CONTINUE_ON_FAILURE): Call Test Case 'Test Cases/AHI/_include/goToEnd_dental' successfully

2020-03-20 04:53:08 - [TEST_CASE][PASSED] - Test Cases/AHI/_include/goToEnd_dental: Test Cases/AHI/_include/goToEnd_dental

2020-03-20 04:53:08 - [TEST_STEP][PASSED] - callTestCase(findTestCase("AHI/_include/name"), [:], CONTINUE_ON_FAILURE): Call Test Case 'Test Cases/AHI/_include/name' successfully

2020-03-20 04:53:08 - [TEST_CASE][PASSED] - Test Cases/AHI/_include/name: Test Cases/AHI/_include/name

2020-03-20 04:53:08 - [TEST_STEP][PASSED] - driver = getWebDriver(): null

2020-03-20 04:53:08 - [TEST_STEP][PASSED] - selenium = new com.thoughtworks.selenium.webdriven.WebDriverBackedSelenium(driver, internal.GlobalVariable.ENV): null

2020-03-20 04:53:08 - [TEST_STEP][PASSED] - FirstName = "Test-123": null

2020-03-20 04:53:08 - [TEST_STEP][PASSED] - LastName = selenium.getEval("{var x="ABCDEFGHIJKLMNOPQRSTUVWXYZabcdefghijklmnopqrstuvwxyz"; var tmp="ZZ11-"; for (i=0;i<8;i++) tmp+=x.charAt(Math.ceil(51*Math.random()));tmp;}"): null

2020-03-20 04:53:08 - [TEST_STEP][PASSED] - Address = selenium.getEval("{var x="ABCDEFGHIJKLMNOPQRSTUVWXYZabcdefghijklmnopqrstuvwxyz"; var tmp=""; for (i=0;i<8;i++) tmp+=x.charAt(Math.ceil(51*Math.random()));tmp;}"): null

2020-03-20 04:53:08 - [TEST_STEP][PASSED] - City = selenium.getEval("{var x="ABCDEFGHIJKLMNOPQRSTUVWXYZabcdefghijklmnopqrstuvwxyz"; var tmp=""; for (i=0;i<8;i++) tmp+=x.charAt(Math.ceil(51*Math.random()));tmp;}"): null

2020-03-20 04:53:09 - [TEST_STEP][PASSED] - tel1 = selenium.getEval("{var x="123456789"; var tmp=""; for (i=0;i<3;i++) tmp+=x.charAt(Math.ceil(8*Math.random()));tmp;}"): null

2020-03-20 04:53:09 - [TEST_STEP][PASSED] - tel2 = selenium.getEval("{var x="123456789"; var tmp=""; for (i=0;i<3;i++) tmp+=x.charAt(Math.ceil(8*Math.random()));tmp;}"): null

2020-03-20 04:53:09 - [TEST_STEP][PASSED] - tel3 = selenium.getEval("{var x="123456789"; var tmp=""; for (i=0;i<4;i++) tmp+=x.charAt(Math.ceil(8*Math.random()));tmp;}"): null

2020-03-20 04:53:09 - [TEST_STEP][PASSED] - Tel = selenium.getExpression(tel1 + "-" + tel2 + "-" + tel3): null

2020-03-20 04:53:09 - [TEST_STEP][PASSED] - AutoEmail = selenium.getEval("{var x="ABCDEFGHIJKLMNOPQRSTUVWXYZabcdefghijklmnopqrstuvwxyz"; var tmp="test."; for (i=0;i<8;i++) tmp+=x.charAt(Math.ceil(51*Math.random()));tmp+="@suryani.cn";}"): null

2020-03-20 04:53:09 - [TEST_STEP][PASSED] - FirstName = FirstName: null

2020-03-20 04:53:09 - [TEST_STEP][PASSED] - LastName = LastName: null

2020-03-20 04:53:09 - [TEST_STEP][PASSED] - Address = Address: null

2020-03-20 04:53:09 - [TEST_STEP][PASSED] - City = City: null

2020-03-20 04:53:09 - [TEST_STEP][PASSED] - Tel = Tel: null

2020-03-20 04:53:09 - [TEST_STEP][PASSED] - AutoEmail = AutoEmail: null

2020-03-20 04:53:09 - [TEST_STEP][PASSED] - println(FirstName): null

2020-03-20 04:53:09 - [TEST_STEP][PASSED] - println(LastName): null

2020-03-20 04:53:09 - [TEST_STEP][PASSED] - println(Address): null

2020-03-20 04:53:09 - [TEST_STEP][PASSED] - println(City): null

2020-03-20 04:53:09 - [TEST_STEP][PASSED] - println(Tel): null

2020-03-20 04:53:09 - [TEST_STEP][PASSED] - println(AutoEmail): null

2020-03-20 04:53:09 - [MESSAGE][PASSED] - Call Test Case 'Test Cases/AHI/_include/name' successfully

2020-03-20 04:53:09 - [TEST_STEP][PASSED] - Thread.sleep(3000): null

2020-03-20 04:53:12 - [TEST_STEP][PASSED] - setText(findTestObject("mobileSanity/Dental/app_page1/input__member-P-1-firstName"), FirstName): Text 'Test-123' is set on object 'Object Repository/mobileSanity/Dental/app_page1/input__member-P-1-firstName'

2020-03-20 04:53:12 - [MESSAGE][PASSED] - Text 'Test-123' is set on object 'Object Repository/mobileSanity/Dental/app_page1/input__member-P-1-firstName'

2020-03-20 04:53:12 - [TEST_STEP][PASSED] - setText(findTestObject("mobileSanity/Dental/app_page1/input__member-P-1-lastName"), LastName): Text 'ZZ11-IXbkSeLv' is set on object 'Object Repository/mobileSanity/Dental/app_page1/input__member-P-1-lastName'

2020-03-20 04:53:13 - [MESSAGE][PASSED] - Text 'ZZ11-IXbkSeLv' is set on object 'Object Repository/mobileSanity/Dental/app_page1/input__member-P-1-lastName'

2020-03-20 04:53:13 - [TEST_STEP][PASSED] - setText(findTestObject("mobileSanity/Dental/app_page1/input__address"), Address): Text 'BTFVjiNI' is set on object 'Object Repository/mobileSanity/Dental/app_page1/input__address'

2020-03-20 04:53:14 - [MESSAGE][PASSED] - Text 'BTFVjiNI' is set on object 'Object Repository/mobileSanity/Dental/app_page1/input__address'

2020-03-20 04:53:14 - [TEST_STEP][PASSED] - setText(findTestObject("mobileSanity/Dental/app_page1/input__city"), City): Text 'kwbDICJa' is set on object 'Object Repository/mobileSanity/Dental/app_page1/input__city'

2020-03-20 04:53:15 - [MESSAGE][PASSED] - Text 'kwbDICJa' is set on object 'Object Repository/mobileSanity/Dental/app_page1/input__city'

2020-03-20 04:53:15 - [TEST_STEP][PASSED] - setText(findTestObject("mobileSanity/Dental/app_page1/input__email"), AutoEmail): Text 'test.KqHCDZMj@suryani.cn' is set on object 'Object Repository/mobileSanity/Dental/app_page1/input__email'

2020-03-20 04:53:16 - [MESSAGE][PASSED] - Text 'test.KqHCDZMj@suryani.cn' is set on object 'Object Repository/mobileSanity/Dental/app_page1/input__email'

2020-03-20 04:53:16 - [TEST_STEP][PASSED] - setText(findTestObject("mobileSanity/Dental/app_page1/input_phone"), Tel): Text '753-277-6249' is set on object 'Object Repository/mobileSanity/Dental/app_page1/input_phone'

2020-03-20 04:53:16 - [MESSAGE][PASSED] - Text '753-277-6249' is set on object 'Object Repository/mobileSanity/Dental/app_page1/input_phone'

2020-03-20 04:53:16 - [TEST_STEP][PASSED] - click(findTestObject("mobileSanity/Dental/app_page1/a_Continue to Step 2 - Payment")): Object: 'Object Repository/mobileSanity/Dental/app_page1/a_Continue to Step 2 - Payment' is clicked on

2020-03-20 04:53:17 - [MESSAGE][PASSED] - Object: 'Object Repository/mobileSanity/Dental/app_page1/a_Continue to Step 2 - Payment' is clicked on

2020-03-20 04:53:17 - [TEST_STEP][PASSED] - waitForPageLoad(10): Wait for page load successfully

2020-03-20 04:53:17 - [MESSAGE][PASSED] - Wait for page load successfully

2020-03-20 04:53:17 - [TEST_STEP][PASSED] - Thread.sleep(2000): null

2020-03-20 04:53:19 - [TEST_STEP][PASSED] - if (carrier == "usa"): null

2020-03-20 04:53:19 - [TEST_STEP][PASSED] - callTestCase(findTestCase("AHI/_include/get_screenshot"), [:], STOP_ON_FAILURE): Call Test Case 'Test Cases/AHI/_include/get_screenshot' successfully

2020-03-20 04:53:19 - [TEST_CASE][PASSED] - Test Cases/AHI/_include/get_screenshot: Test Cases/AHI/_include/get_screenshot

2020-03-20 04:53:19 - [TEST_STEP][PASSED] - Thread.sleep(1000): null

2020-03-20 04:53:20 - [TEST_STEP][PASSED] - takeScreenshot(screenPath + i + ".png"): Taking screenshot successfully

2020-03-20 04:53:21 - [MESSAGE][PASSED] - Taking screenshot successfully
[[ATTACHMENT|D:\\Test\\AgileTest\\Reports\\HIC\\hic\\20200320_045005\\../Screenshots/iPhone 6/HIC/Dental/USA Access/20200320_045200/6.png]]

2020-03-20 04:53:21 - [TEST_STEP][PASSED] - (internal.GlobalVariable.i++): null

2020-03-20 04:53:21 - [MESSAGE][PASSED] - Call Test Case 'Test Cases/AHI/_include/get_screenshot' successfully

2020-03-20 04:53:21 - [TEST_STEP][PASSED] - click(findTestObject("mobileSanity/Dental/app_page2/membership/label_ihaveread")): Object: 'Object Repository/mobileSanity/Dental/app_page2/membership/label_ihaveread' is clicked on

2020-03-20 04:53:21 - [MESSAGE][PASSED] - Object: 'Object Repository/mobileSanity/Dental/app_page2/membership/label_ihaveread' is clicked on

2020-03-20 04:53:21 - [TEST_STEP][PASSED] - click(findTestObject("mobileSanity/Dental/app_page2/membership/a_ok")): Object: 'Object Repository/mobileSanity/Dental/app_page2/membership/a_ok' is clicked on

2020-03-20 04:53:21 - [MESSAGE][PASSED] - Object: 'Object Repository/mobileSanity/Dental/app_page2/membership/a_ok' is clicked on

2020-03-20 04:53:21 - [TEST_STEP][PASSED] - Thread.sleep(3000): null

2020-03-20 04:53:24 - [TEST_STEP][PASSED] - callTestCase(findTestCase("AHI/_include/get_screenshot"), [:], STOP_ON_FAILURE): Call Test Case 'Test Cases/AHI/_include/get_screenshot' successfully

2020-03-20 04:53:24 - [TEST_CASE][PASSED] - Test Cases/AHI/_include/get_screenshot: Test Cases/AHI/_include/get_screenshot

2020-03-20 04:53:24 - [TEST_STEP][PASSED] - Thread.sleep(1000): null

2020-03-20 04:53:25 - [TEST_STEP][PASSED] - takeScreenshot(screenPath + i + ".png"): Taking screenshot successfully

2020-03-20 04:53:26 - [MESSAGE][PASSED] - Taking screenshot successfully
[[ATTACHMENT|D:\\Test\\AgileTest\\Reports\\HIC\\hic\\20200320_045005\\../Screenshots/iPhone 6/HIC/Dental/USA Access/20200320_045200/7.png]]

2020-03-20 04:53:26 - [TEST_STEP][PASSED] - (internal.GlobalVariable.i++): null

2020-03-20 04:53:26 - [MESSAGE][PASSED] - Call Test Case 'Test Cases/AHI/_include/get_screenshot' successfully

2020-03-20 04:53:26 - [TEST_STEP][PASSED] - setText(findTestObject("mobileSanity/Dental/app_page2/input__credit-card-first"), FirstName): Text 'Test-123' is set on object 'Object Repository/mobileSanity/Dental/app_page2/input__credit-card-first'

2020-03-20 04:53:26 - [MESSAGE][PASSED] - Text 'Test-123' is set on object 'Object Repository/mobileSanity/Dental/app_page2/input__credit-card-first'

2020-03-20 04:53:26 - [TEST_STEP][PASSED] - setText(findTestObject("mobileSanity/Dental/app_page2/input__credit-card-last"), LastName): Text 'ZZ11-IXbkSeLv' is set on object 'Object Repository/mobileSanity/Dental/app_page2/input__credit-card-last'

2020-03-20 04:53:26 - [MESSAGE][PASSED] - Text 'ZZ11-IXbkSeLv' is set on object 'Object Repository/mobileSanity/Dental/app_page2/input__credit-card-last'

2020-03-20 04:53:26 - [TEST_STEP][PASSED] - selectOptionByValue(findTestObject("mobileSanity/Dental/app_page2/select_MM010203040506070809101"), "12", true): All options with value '12' are selected in object 'Object Repository/mobileSanity/Dental/app_page2/select_MM010203040506070809101'  using regular expression

2020-03-20 04:53:27 - [MESSAGE][PASSED] - All options with value '12' are selected in object 'Object Repository/mobileSanity/Dental/app_page2/select_MM010203040506070809101'  using regular expression

2020-03-20 04:53:27 - [TEST_STEP][PASSED] - selectOptionByValue(findTestObject("mobileSanity/Dental/app_page2/select_YYYY2019202020212022202"), "2026", true): All options with value '2026' are selected in object 'Object Repository/mobileSanity/Dental/app_page2/select_YYYY2019202020212022202'  using regular expression

2020-03-20 04:53:28 - [MESSAGE][PASSED] - All options with value '2026' are selected in object 'Object Repository/mobileSanity/Dental/app_page2/select_YYYY2019202020212022202'  using regular expression

2020-03-20 04:53:28 - [TEST_STEP][PASSED] - setText(findTestObject("mobileSanity/Dental/app_page2/input__credit-card-number"), "4111111111111111"): Text '4111111111111111' is set on object 'Object Repository/mobileSanity/Dental/app_page2/input__credit-card-number'

2020-03-20 04:53:28 - [MESSAGE][PASSED] - Text '4111111111111111' is set on object 'Object Repository/mobileSanity/Dental/app_page2/input__credit-card-number'

2020-03-20 04:53:28 - [TEST_STEP][PASSED] - setText(findTestObject("mobileSanity/Dental/app_page2/input__cvv"), "123"): Text '123' is set on object 'Object Repository/mobileSanity/Dental/app_page2/input__cvv'

2020-03-20 04:53:28 - [MESSAGE][PASSED] - Text '123' is set on object 'Object Repository/mobileSanity/Dental/app_page2/input__cvv'

2020-03-20 04:53:28 - [TEST_STEP][PASSED] - click(findTestObject("mobileSanity/Dental/app_page2/label_My billing address is th")): Object: 'Object Repository/mobileSanity/Dental/app_page2/label_My billing address is th' is clicked on

2020-03-20 04:53:28 - [MESSAGE][PASSED] - Object: 'Object Repository/mobileSanity/Dental/app_page2/label_My billing address is th' is clicked on

2020-03-20 04:53:28 - [TEST_STEP][PASSED] - click(findTestObject("mobileSanity/Dental/app_page2/label_I Accept Authorization f")): Object: 'Object Repository/mobileSanity/Dental/app_page2/label_I Accept Authorization f' is clicked on

2020-03-20 04:53:29 - [MESSAGE][PASSED] - Object: 'Object Repository/mobileSanity/Dental/app_page2/label_I Accept Authorization f' is clicked on

2020-03-20 04:53:29 - [TEST_STEP][PASSED] - click(findTestObject("mobileSanity/Dental/app_page2/a_Continue to Step 3 - Review")): Object: 'Object Repository/mobileSanity/Dental/app_page2/a_Continue to Step 3 - Review' is clicked on

2020-03-20 04:53:29 - [MESSAGE][PASSED] - Object: 'Object Repository/mobileSanity/Dental/app_page2/a_Continue to Step 3 - Review' is clicked on

2020-03-20 04:53:29 - [TEST_STEP][PASSED] - waitForPageLoad(20): Wait for page load successfully

2020-03-20 04:53:29 - [MESSAGE][PASSED] - Wait for page load successfully

2020-03-20 04:53:29 - [TEST_STEP][PASSED] - Thread.sleep(2000): null

2020-03-20 04:53:31 - [TEST_STEP][PASSED] - waitForElementClickable(findTestObject("mobileSanity/Dental/app_page3/label"), 20): Object 'Object Repository/mobileSanity/Dental/app_page3/label' is clickable

2020-03-20 04:53:40 - [MESSAGE][PASSED] - Object 'Object Repository/mobileSanity/Dental/app_page3/label' is clickable

2020-03-20 04:53:40 - [TEST_STEP][PASSED] - callTestCase(findTestCase("AHI/_include/get_screenshot"), [:], STOP_ON_FAILURE): Call Test Case 'Test Cases/AHI/_include/get_screenshot' successfully

2020-03-20 04:53:40 - [TEST_CASE][PASSED] - Test Cases/AHI/_include/get_screenshot: Test Cases/AHI/_include/get_screenshot

2020-03-20 04:53:40 - [TEST_STEP][PASSED] - Thread.sleep(1000): null

2020-03-20 04:53:41 - [TEST_STEP][PASSED] - takeScreenshot(screenPath + i + ".png"): Taking screenshot successfully

2020-03-20 04:53:42 - [MESSAGE][PASSED] - Taking screenshot successfully
[[ATTACHMENT|D:\\Test\\AgileTest\\Reports\\HIC\\hic\\20200320_045005\\../Screenshots/iPhone 6/HIC/Dental/USA Access/20200320_045200/8.png]]

2020-03-20 04:53:42 - [TEST_STEP][PASSED] - (internal.GlobalVariable.i++): null

2020-03-20 04:53:42 - [MESSAGE][PASSED] - Call Test Case 'Test Cases/AHI/_include/get_screenshot' successfully

2020-03-20 04:53:42 - [TEST_STEP][PASSED] - click(findTestObject("mobileSanity/Dental/app_page3/label")): Object: 'Object Repository/mobileSanity/Dental/app_page3/label' is clicked on

2020-03-20 04:53:42 - [MESSAGE][PASSED] - Object: 'Object Repository/mobileSanity/Dental/app_page3/label' is clicked on

2020-03-20 04:53:42 - [TEST_STEP][PASSED] - click(findTestObject("mobileSanity/Dental/app_page3/p_CLICK TO SIGN")): Object: 'Object Repository/mobileSanity/Dental/app_page3/p_CLICK TO SIGN' is clicked on

2020-03-20 04:53:42 - [MESSAGE][PASSED] - Object: 'Object Repository/mobileSanity/Dental/app_page3/p_CLICK TO SIGN' is clicked on

2020-03-20 04:53:42 - [TEST_STEP][PASSED] - click(findTestObject("mobileSanity/Dental/app_page3/a_Submit Your Application")): Object: 'Object Repository/mobileSanity/Dental/app_page3/a_Submit Your Application' is clicked on

2020-03-20 04:53:42 - [MESSAGE][PASSED] - Object: 'Object Repository/mobileSanity/Dental/app_page3/a_Submit Your Application' is clicked on

2020-03-20 04:53:42 - [TEST_STEP][PASSED] - Thread.sleep(50000): null

2020-03-20 04:54:32 - [TEST_STEP][PASSED] - waitForElementPresent(findTestObject("mobileSanity/Dental/app_page4/js-app-confirmation"), 20): Object 'Object Repository/mobileSanity/Dental/app_page4/js-app-confirmation' is present

2020-03-20 04:54:32 - [MESSAGE][PASSED] - Object 'Object Repository/mobileSanity/Dental/app_page4/js-app-confirmation' is present

2020-03-20 04:54:32 - [TEST_STEP][PASSED] - callTestCase(findTestCase("AHI/_include/get_screenshot"), [:], STOP_ON_FAILURE): Call Test Case 'Test Cases/AHI/_include/get_screenshot' successfully

2020-03-20 04:54:32 - [TEST_CASE][PASSED] - Test Cases/AHI/_include/get_screenshot: Test Cases/AHI/_include/get_screenshot

2020-03-20 04:54:32 - [TEST_STEP][PASSED] - Thread.sleep(1000): null

2020-03-20 04:54:33 - [TEST_STEP][PASSED] - takeScreenshot(screenPath + i + ".png"): Taking screenshot successfully

2020-03-20 04:54:34 - [MESSAGE][PASSED] - Taking screenshot successfully
[[ATTACHMENT|D:\\Test\\AgileTest\\Reports\\HIC\\hic\\20200320_045005\\../Screenshots/iPhone 6/HIC/Dental/USA Access/20200320_045200/9.png]]

2020-03-20 04:54:34 - [TEST_STEP][PASSED] - (internal.GlobalVariable.i++): null

2020-03-20 04:54:34 - [MESSAGE][PASSED] - Call Test Case 'Test Cases/AHI/_include/get_screenshot' successfully

2020-03-20 04:54:34 - [MESSAGE][PASSED] - Call Test Case 'Test Cases/AHI/_include/goToEnd_dental' successfully]]></system-out>
         <system-err><![CDATA[]]></system-err>
      </testcase>
      <testcase name="Test Cases/HIC/New/HBI" classname="Test Cases/HIC/New/HBI" status="PASSED">
         <system-out><![CDATA[2020-03-20 04:54:34 - [TEST_CASE][PASSED] - Test Cases/HIC/New/HBI: Test Cases/HIC/New/HBI

2020-03-20 04:54:34 - [TEST_STEP][PASSED] - callTestCase(findTestCase("HIC/_include/get_hicScreenPath"), ["project":"HIC", "productLine":"HBI", "carrierName":"HBI"], CONTINUE_ON_FAILURE): Call Test Case 'Test Cases/HIC/_include/get_hicScreenPath' successfully

2020-03-20 04:54:34 - [TEST_CASE][PASSED] - Test Cases/HIC/_include/get_hicScreenPath: Test Cases/HIC/_include/get_hicScreenPath

2020-03-20 04:54:34 - [TEST_STEP][PASSED] - m = getExecutionProperties(): null

2020-03-20 04:54:34 - [TEST_STEP][PASSED] - deviceName = get("mobileEmulation").get("deviceName"): null

2020-03-20 04:54:34 - [TEST_STEP][PASSED] - println(deviceName): null

2020-03-20 04:54:34 - [TEST_STEP][PASSED] - now = new java.util.Date(): null

2020-03-20 04:54:34 - [TEST_STEP][PASSED] - mydate = now.format("yyyyMMdd_HHmmss"): null

2020-03-20 04:54:34 - [TEST_STEP][PASSED] - screenPath = "../Screenshots/": null

2020-03-20 04:54:34 - [TEST_STEP][PASSED] - screenPath = screenPath + deviceName + "/" + project + "/" + productLine + "/" + carrierName + "/" + mydate + "/": null

2020-03-20 04:54:34 - [TEST_STEP][PASSED] - println(screenPath): null

2020-03-20 04:54:34 - [MESSAGE][PASSED] - Call Test Case 'Test Cases/HIC/_include/get_hicScreenPath' successfully

2020-03-20 04:54:34 - [TEST_STEP][PASSED] - i = 0: null

2020-03-20 04:54:34 - [TEST_STEP][PASSED] - callTestCase(findTestCase("AHI/_include/openWebSite"), ["env":env], CONTINUE_ON_FAILURE): Call Test Case 'Test Cases/AHI/_include/openWebSite' successfully

2020-03-20 04:54:34 - [TEST_CASE][PASSED] - Test Cases/AHI/_include/openWebSite: Test Cases/AHI/_include/openWebSite

2020-03-20 04:54:34 - [TEST_STEP][PASSED] - openBrowser(env): Browser is opened with url: 'https://qa.healthinsurance.com'

2020-03-20 04:54:34 - [MESSAGE][WARNING] - A browser is already opened. Closing browser and opening a new one

2020-03-20 04:54:35 - [MESSAGE][INFO] - Starting 'Chrome' driver

2020-03-20 04:54:35 - [MESSAGE][INFO] - User set preference: ['mobileEmulation', '{deviceName=iPhone 6}']

2020-03-20 04:54:35 - [MESSAGE][INFO] - User set preference: ['args', '[--incognito, --aggressive-cache-discard, --window-size=375,677, --no-sandbox, --ignore-certificate-errors]']

2020-03-20 04:54:38 - [MESSAGE][PASSED] - Browser is opened with url: 'https://qa.healthinsurance.com'

2020-03-20 04:54:38 - [TEST_STEP][PASSED] - waitForPageLoad(20): Wait for page load successfully

2020-03-20 04:54:38 - [MESSAGE][PASSED] - Wait for page load successfully

2020-03-20 04:54:38 - [TEST_STEP][PASSED] - callTestCase(findTestCase("AHI/_include/get_screenshot"), [:], STOP_ON_FAILURE): Call Test Case 'Test Cases/AHI/_include/get_screenshot' successfully

2020-03-20 04:54:38 - [TEST_CASE][PASSED] - Test Cases/AHI/_include/get_screenshot: Test Cases/AHI/_include/get_screenshot

2020-03-20 04:54:38 - [TEST_STEP][PASSED] - Thread.sleep(1000): null

2020-03-20 04:54:39 - [TEST_STEP][PASSED] - takeScreenshot(screenPath + i + ".png"): Taking screenshot successfully

2020-03-20 04:54:40 - [MESSAGE][PASSED] - Taking screenshot successfully
[[ATTACHMENT|D:\\Test\\AgileTest\\Reports\\HIC\\hic\\20200320_045005\\../Screenshots/iPhone 6/HIC/HBI/HBI/20200320_045434/0.png]]

2020-03-20 04:54:40 - [TEST_STEP][PASSED] - (internal.GlobalVariable.i++): null

2020-03-20 04:54:40 - [MESSAGE][PASSED] - Call Test Case 'Test Cases/AHI/_include/get_screenshot' successfully

2020-03-20 04:54:40 - [MESSAGE][PASSED] - Call Test Case 'Test Cases/AHI/_include/openWebSite' successfully

2020-03-20 04:54:40 - [TEST_STEP][PASSED] - driver = getWebDriver(): null

2020-03-20 04:54:40 - [TEST_STEP][PASSED] - baseUrl = env: null

2020-03-20 04:54:40 - [TEST_STEP][PASSED] - selenium = new com.thoughtworks.selenium.webdriven.WebDriverBackedSelenium(driver, baseUrl): null

2020-03-20 04:54:40 - [TEST_STEP][PASSED] - selenium.click("//span[@class='navbar-toggler-icon']"): null

2020-03-20 04:54:40 - [TEST_STEP][PASSED] - selenium.click("//a[@class='dropdown-toggle nav-link']"): null

2020-03-20 04:54:41 - [TEST_STEP][PASSED] - selenium.click("//a[contains(text(),'Hospital Indemnity Plans')]"): null

2020-03-20 04:54:41 - [TEST_STEP][PASSED] - for ([second = 0, second < 10, (second++)]): null

2020-03-20 04:54:41 - [TEST_STEP][PASSED] - try: null

2020-03-20 04:54:41 - [TEST_STEP][PASSED] - if (selenium.isElementPresent("xpath=//button[contains(text(),'GET QUOTES')]")): null

2020-03-20 04:54:42 - [TEST_STEP][PASSED] - break: null

2020-03-20 04:54:42 - [TEST_STEP][PASSED] - callTestCase(findTestCase("AHI/_include/get_screenshot"), [:], STOP_ON_FAILURE): Call Test Case 'Test Cases/AHI/_include/get_screenshot' successfully

2020-03-20 04:54:42 - [TEST_CASE][PASSED] - Test Cases/AHI/_include/get_screenshot: Test Cases/AHI/_include/get_screenshot

2020-03-20 04:54:42 - [TEST_STEP][PASSED] - Thread.sleep(1000): null

2020-03-20 04:54:43 - [TEST_STEP][PASSED] - takeScreenshot(screenPath + i + ".png"): Taking screenshot successfully

2020-03-20 04:54:43 - [MESSAGE][PASSED] - Taking screenshot successfully
[[ATTACHMENT|D:\\Test\\AgileTest\\Reports\\HIC\\hic\\20200320_045005\\../Screenshots/iPhone 6/HIC/HBI/HBI/20200320_045434/1.png]]

2020-03-20 04:54:43 - [TEST_STEP][PASSED] - (internal.GlobalVariable.i++): null

2020-03-20 04:54:43 - [MESSAGE][PASSED] - Call Test Case 'Test Cases/AHI/_include/get_screenshot' successfully

2020-03-20 04:54:43 - [TEST_STEP][PASSED] - selenium.click("xpath=//button[contains(text(),'GET QUOTES')]"): null

2020-03-20 04:54:43 - [TEST_STEP][PASSED] - Thread.sleep(3000): null

2020-03-20 04:54:46 - [TEST_STEP][PASSED] - selenium.selectWindow("HealthInsurance.net | Get a Quote"): null

2020-03-20 04:54:48 - [TEST_STEP][PASSED] - Thread.sleep(3000): null

2020-03-20 04:54:51 - [TEST_STEP][PASSED] - callTestCase(findTestCase("AHI/_include/get_screenshot"), [:], STOP_ON_FAILURE): Call Test Case 'Test Cases/AHI/_include/get_screenshot' successfully

2020-03-20 04:54:51 - [TEST_CASE][PASSED] - Test Cases/AHI/_include/get_screenshot: Test Cases/AHI/_include/get_screenshot

2020-03-20 04:54:51 - [TEST_STEP][PASSED] - Thread.sleep(1000): null

2020-03-20 04:54:52 - [TEST_STEP][PASSED] - takeScreenshot(screenPath + i + ".png"): Taking screenshot successfully

2020-03-20 04:54:53 - [MESSAGE][PASSED] - Taking screenshot successfully
[[ATTACHMENT|D:\\Test\\AgileTest\\Reports\\HIC\\hic\\20200320_045005\\../Screenshots/iPhone 6/HIC/HBI/HBI/20200320_045434/2.png]]

2020-03-20 04:54:53 - [TEST_STEP][PASSED] - (internal.GlobalVariable.i++): null

2020-03-20 04:54:53 - [MESSAGE][PASSED] - Call Test Case 'Test Cases/AHI/_include/get_screenshot' successfully]]></system-out>
         <system-err><![CDATA[]]></system-err>
      </testcase>
      <testcase name="Test Cases/HIC/New/Medicare" classname="Test Cases/HIC/New/Medicare" status="PASSED">
         <system-out><![CDATA[2020-03-20 04:54:53 - [TEST_CASE][PASSED] - Test Cases/HIC/New/Medicare: Test Cases/HIC/New/Medicare

2020-03-20 04:54:53 - [TEST_STEP][PASSED] - callTestCase(findTestCase("HIC/_include/get_hicScreenPath"), ["project":"HIC", "productLine":"Medicare", "carrierName":"Medicare"], CONTINUE_ON_FAILURE): Call Test Case 'Test Cases/HIC/_include/get_hicScreenPath' successfully

2020-03-20 04:54:53 - [TEST_CASE][PASSED] - Test Cases/HIC/_include/get_hicScreenPath: Test Cases/HIC/_include/get_hicScreenPath

2020-03-20 04:54:53 - [TEST_STEP][PASSED] - m = getExecutionProperties(): null

2020-03-20 04:54:53 - [TEST_STEP][PASSED] - deviceName = get("mobileEmulation").get("deviceName"): null

2020-03-20 04:54:53 - [TEST_STEP][PASSED] - println(deviceName): null

2020-03-20 04:54:53 - [TEST_STEP][PASSED] - now = new java.util.Date(): null

2020-03-20 04:54:53 - [TEST_STEP][PASSED] - mydate = now.format("yyyyMMdd_HHmmss"): null

2020-03-20 04:54:53 - [TEST_STEP][PASSED] - screenPath = "../Screenshots/": null

2020-03-20 04:54:53 - [TEST_STEP][PASSED] - screenPath = screenPath + deviceName + "/" + project + "/" + productLine + "/" + carrierName + "/" + mydate + "/": null

2020-03-20 04:54:53 - [TEST_STEP][PASSED] - println(screenPath): null

2020-03-20 04:54:53 - [MESSAGE][PASSED] - Call Test Case 'Test Cases/HIC/_include/get_hicScreenPath' successfully

2020-03-20 04:54:53 - [TEST_STEP][PASSED] - i = 0: null

2020-03-20 04:54:53 - [TEST_STEP][PASSED] - callTestCase(findTestCase("AHI/_include/openWebSite"), ["env":env], CONTINUE_ON_FAILURE): Call Test Case 'Test Cases/AHI/_include/openWebSite' successfully

2020-03-20 04:54:53 - [TEST_CASE][PASSED] - Test Cases/AHI/_include/openWebSite: Test Cases/AHI/_include/openWebSite

2020-03-20 04:54:53 - [TEST_STEP][PASSED] - openBrowser(env): Browser is opened with url: 'https://qa.healthinsurance.com/'

2020-03-20 04:54:53 - [MESSAGE][WARNING] - A browser is already opened. Closing browser and opening a new one

2020-03-20 04:54:54 - [MESSAGE][INFO] - Starting 'Chrome' driver

2020-03-20 04:54:54 - [MESSAGE][INFO] - User set preference: ['mobileEmulation', '{deviceName=iPhone 6}']

2020-03-20 04:54:54 - [MESSAGE][INFO] - User set preference: ['args', '[--incognito, --aggressive-cache-discard, --window-size=375,677, --no-sandbox, --ignore-certificate-errors]']

2020-03-20 04:54:58 - [MESSAGE][PASSED] - Browser is opened with url: 'https://qa.healthinsurance.com/'

2020-03-20 04:54:58 - [TEST_STEP][PASSED] - waitForPageLoad(20): Wait for page load successfully

2020-03-20 04:54:58 - [MESSAGE][PASSED] - Wait for page load successfully

2020-03-20 04:54:58 - [TEST_STEP][PASSED] - callTestCase(findTestCase("AHI/_include/get_screenshot"), [:], STOP_ON_FAILURE): Call Test Case 'Test Cases/AHI/_include/get_screenshot' successfully

2020-03-20 04:54:58 - [TEST_CASE][PASSED] - Test Cases/AHI/_include/get_screenshot: Test Cases/AHI/_include/get_screenshot

2020-03-20 04:54:58 - [TEST_STEP][PASSED] - Thread.sleep(1000): null

2020-03-20 04:54:59 - [TEST_STEP][PASSED] - takeScreenshot(screenPath + i + ".png"): Taking screenshot successfully

2020-03-20 04:54:59 - [MESSAGE][PASSED] - Taking screenshot successfully
[[ATTACHMENT|D:\\Test\\AgileTest\\Reports\\HIC\\hic\\20200320_045005\\../Screenshots/iPhone 6/HIC/Medicare/Medicare/20200320_045453/0.png]]

2020-03-20 04:54:59 - [TEST_STEP][PASSED] - (internal.GlobalVariable.i++): null

2020-03-20 04:54:59 - [MESSAGE][PASSED] - Call Test Case 'Test Cases/AHI/_include/get_screenshot' successfully

2020-03-20 04:54:59 - [MESSAGE][PASSED] - Call Test Case 'Test Cases/AHI/_include/openWebSite' successfully

2020-03-20 04:54:59 - [TEST_STEP][PASSED] - driver = getWebDriver(): null

2020-03-20 04:54:59 - [TEST_STEP][PASSED] - baseUrl = env: null

2020-03-20 04:54:59 - [TEST_STEP][PASSED] - selenium = new com.thoughtworks.selenium.webdriven.WebDriverBackedSelenium(driver, baseUrl): null

2020-03-20 04:54:59 - [TEST_STEP][PASSED] - selenium.click("//span[@class='navbar-toggler-icon']"): null

2020-03-20 04:54:59 - [TEST_STEP][PASSED] - selenium.click("//a[@class='dropdown-toggle nav-link']"): null

2020-03-20 04:54:59 - [TEST_STEP][PASSED] - selenium.click("//a[contains(text(),'Medicare')]"): null

2020-03-20 04:55:00 - [TEST_STEP][PASSED] - for ([second = 0, second < 10, (second++)]): null

2020-03-20 04:55:00 - [TEST_STEP][PASSED] - try: null

2020-03-20 04:55:00 - [TEST_STEP][PASSED] - if (selenium.isElementPresent("id=zip")): null

2020-03-20 04:55:01 - [TEST_STEP][PASSED] - break: null

2020-03-20 04:55:01 - [TEST_STEP][PASSED] - callTestCase(findTestCase("AHI/_include/get_screenshot"), [:], STOP_ON_FAILURE): Call Test Case 'Test Cases/AHI/_include/get_screenshot' successfully

2020-03-20 04:55:01 - [TEST_CASE][PASSED] - Test Cases/AHI/_include/get_screenshot: Test Cases/AHI/_include/get_screenshot

2020-03-20 04:55:01 - [TEST_STEP][PASSED] - Thread.sleep(1000): null

2020-03-20 04:55:02 - [TEST_STEP][PASSED] - takeScreenshot(screenPath + i + ".png"): Taking screenshot successfully

2020-03-20 04:55:02 - [MESSAGE][PASSED] - Taking screenshot successfully
[[ATTACHMENT|D:\\Test\\AgileTest\\Reports\\HIC\\hic\\20200320_045005\\../Screenshots/iPhone 6/HIC/Medicare/Medicare/20200320_045453/1.png]]

2020-03-20 04:55:02 - [TEST_STEP][PASSED] - (internal.GlobalVariable.i++): null

2020-03-20 04:55:02 - [MESSAGE][PASSED] - Call Test Case 'Test Cases/AHI/_include/get_screenshot' successfully

2020-03-20 04:55:02 - [TEST_STEP][PASSED] - setText(findTestObject("hic/medicare/zip"), "33186"): Text '33186' is set on object 'Object Repository/hic/medicare/zip'

2020-03-20 04:55:02 - [MESSAGE][PASSED] - Text '33186' is set on object 'Object Repository/hic/medicare/zip'

2020-03-20 04:55:02 - [TEST_STEP][PASSED] - Thread.sleep(3000): null

2020-03-20 04:55:05 - [TEST_STEP][PASSED] - selenium.click("//button[contains(text(),'Compare Plans')]"): null

2020-03-20 04:55:09 - [TEST_STEP][PASSED] - for ([second = 0, second < 10, (second++)]): null

2020-03-20 04:55:09 - [TEST_STEP][PASSED] - try: null

2020-03-20 04:55:09 - [TEST_STEP][PASSED] - if (selenium.isElementPresent("id=planTypeSelect")): null

2020-03-20 04:55:09 - [TEST_STEP][PASSED] - Thread.sleep(1000): null

2020-03-20 04:55:10 - [TEST_STEP][PASSED] - try: null

2020-03-20 04:55:10 - [TEST_STEP][PASSED] - if (selenium.isElementPresent("id=planTypeSelect")): null

2020-03-20 04:55:10 - [TEST_STEP][PASSED] - Thread.sleep(1000): null

2020-03-20 04:55:11 - [TEST_STEP][PASSED] - try: null

2020-03-20 04:55:11 - [TEST_STEP][PASSED] - if (selenium.isElementPresent("id=planTypeSelect")): null

2020-03-20 04:55:11 - [TEST_STEP][PASSED] - Thread.sleep(1000): null

2020-03-20 04:55:12 - [TEST_STEP][PASSED] - try: null

2020-03-20 04:55:12 - [TEST_STEP][PASSED] - if (selenium.isElementPresent("id=planTypeSelect")): null

2020-03-20 04:55:12 - [TEST_STEP][PASSED] - Thread.sleep(1000): null

2020-03-20 04:55:13 - [TEST_STEP][PASSED] - try: null

2020-03-20 04:55:13 - [TEST_STEP][PASSED] - if (selenium.isElementPresent("id=planTypeSelect")): null

2020-03-20 04:55:13 - [TEST_STEP][PASSED] - Thread.sleep(1000): null

2020-03-20 04:55:14 - [TEST_STEP][PASSED] - try: null

2020-03-20 04:55:14 - [TEST_STEP][PASSED] - if (selenium.isElementPresent("id=planTypeSelect")): null

2020-03-20 04:55:14 - [TEST_STEP][PASSED] - Thread.sleep(1000): null

2020-03-20 04:55:15 - [TEST_STEP][PASSED] - try: null

2020-03-20 04:55:15 - [TEST_STEP][PASSED] - if (selenium.isElementPresent("id=planTypeSelect")): null

2020-03-20 04:55:15 - [TEST_STEP][PASSED] - Thread.sleep(1000): null

2020-03-20 04:55:16 - [TEST_STEP][PASSED] - try: null

2020-03-20 04:55:16 - [TEST_STEP][PASSED] - if (selenium.isElementPresent("id=planTypeSelect")): null

2020-03-20 04:55:16 - [TEST_STEP][PASSED] - Thread.sleep(1000): null

2020-03-20 04:55:17 - [TEST_STEP][PASSED] - try: null

2020-03-20 04:55:17 - [TEST_STEP][PASSED] - if (selenium.isElementPresent("id=planTypeSelect")): null

2020-03-20 04:55:17 - [TEST_STEP][PASSED] - Thread.sleep(1000): null

2020-03-20 04:55:18 - [TEST_STEP][PASSED] - try: null

2020-03-20 04:55:18 - [TEST_STEP][PASSED] - if (selenium.isElementPresent("id=planTypeSelect")): null

2020-03-20 04:55:18 - [TEST_STEP][PASSED] - Thread.sleep(1000): null

2020-03-20 04:55:19 - [TEST_STEP][PASSED] - callTestCase(findTestCase("AHI/_include/get_screenshot"), [:], STOP_ON_FAILURE): Call Test Case 'Test Cases/AHI/_include/get_screenshot' successfully

2020-03-20 04:55:19 - [TEST_CASE][PASSED] - Test Cases/AHI/_include/get_screenshot: Test Cases/AHI/_include/get_screenshot

2020-03-20 04:55:19 - [TEST_STEP][PASSED] - Thread.sleep(1000): null

2020-03-20 04:55:20 - [TEST_STEP][PASSED] - takeScreenshot(screenPath + i + ".png"): Taking screenshot successfully

2020-03-20 04:55:21 - [MESSAGE][PASSED] - Taking screenshot successfully
[[ATTACHMENT|D:\\Test\\AgileTest\\Reports\\HIC\\hic\\20200320_045005\\../Screenshots/iPhone 6/HIC/Medicare/Medicare/20200320_045453/2.png]]

2020-03-20 04:55:21 - [TEST_STEP][PASSED] - (internal.GlobalVariable.i++): null

2020-03-20 04:55:21 - [MESSAGE][PASSED] - Call Test Case 'Test Cases/AHI/_include/get_screenshot' successfully]]></system-out>
         <system-err><![CDATA[]]></system-err>
      </testcase>
      <testcase name="Test Cases/HIC/New/Pet" classname="Test Cases/HIC/New/Pet" status="FAILED">
         <failure type="FAILED" message="Test Cases/HIC/New/Pet FAILED.
Reason:
com.kms.katalon.core.exception.StepFailedException: Unable to set text 'Test cat' of object 'Object Repository/mobileSanity/Pet Insurance/name-input' (Root cause: com.kms.katalon.core.webui.exception.WebElementNotFoundException: Web element with id: 'Object Repository/mobileSanity/Pet Insurance/name-input' located by 'By.xpath: //*[@id = 'name-input']' not found)
	at com.kms.katalon.core.keyword.internal.KeywordMain.stepFailed(KeywordMain.groovy:36)
	at com.kms.katalon.core.webui.keyword.internal.WebUIKeywordMain.stepFailed(WebUIKeywordMain.groovy:65)
	at com.kms.katalon.core.webui.keyword.internal.WebUIKeywordMain.runKeyword(WebUIKeywordMain.groovy:27)
	at com.kms.katalon.core.webui.keyword.builtin.SetTextKeyword.setText(SetTextKeyword.groovy:65)
	at com.kms.katalon.core.webui.keyword.builtin.SetTextKeyword.execute(SetTextKeyword.groovy:37)
	at com.kms.katalon.core.keyword.internal.KeywordExecutor.executeKeywordForPlatform(KeywordExecutor.groovy:53)
	at com.kms.katalon.core.webui.keyword.WebUiBuiltInKeywords.setText(WebUiBuiltInKeywords.groovy:950)
	at com.kms.katalon.core.webui.keyword.WebUiBuiltInKeywords$setText$2.call(Unknown Source)
	at Pet.run(Pet:75)
	at com.kms.katalon.core.main.ScriptEngine.run(ScriptEngine.java:194)
	at com.kms.katalon.core.main.ScriptEngine.runScriptAsRawText(ScriptEngine.java:119)
	at com.kms.katalon.core.main.TestCaseExecutor.runScript(TestCaseExecutor.java:328)
	at com.kms.katalon.core.main.TestCaseExecutor.doExecute(TestCaseExecutor.java:319)
	at com.kms.katalon.core.main.TestCaseExecutor.processExecutionPhase(TestCaseExecutor.java:298)
	at com.kms.katalon.core.main.TestCaseExecutor.accessMainPhase(TestCaseExecutor.java:290)
	at com.kms.katalon.core.main.TestCaseExecutor.execute(TestCaseExecutor.java:224)
	at com.kms.katalon.core.main.TestSuiteExecutor.accessTestCaseMainPhase(TestSuiteExecutor.java:129)
	at com.kms.katalon.core.main.TestSuiteExecutor.accessTestSuiteMainPhase(TestSuiteExecutor.java:112)
	at com.kms.katalon.core.main.TestSuiteExecutor.execute(TestSuiteExecutor.java:81)
	at com.kms.katalon.core.main.TestCaseMain.startTestSuite(TestCaseMain.java:149)
	at com.kms.katalon.core.main.TestCaseMain$startTestSuite$0.call(Unknown Source)
	at TempTestSuite1584694206006.run(TempTestSuite1584694206006.groovy:36)
"/>
         <system-out><![CDATA[2020-03-20 04:55:21 - [TEST_CASE][FAILED] - Test Cases/HIC/New/Pet: Test Cases/HIC/New/Pet FAILED.
Reason:
com.kms.katalon.core.exception.StepFailedException: Unable to set text 'Test cat' of object 'Object Repository/mobileSanity/Pet Insurance/name-input' (Root cause: com.kms.katalon.core.webui.exception.WebElementNotFoundException: Web element with id: 'Object Repository/mobileSanity/Pet Insurance/name-input' located by 'By.xpath: //*[@id = 'name-input']' not found)
	at com.kms.katalon.core.keyword.internal.KeywordMain.stepFailed(KeywordMain.groovy:36)
	at com.kms.katalon.core.webui.keyword.internal.WebUIKeywordMain.stepFailed(WebUIKeywordMain.groovy:65)
	at com.kms.katalon.core.webui.keyword.internal.WebUIKeywordMain.runKeyword(WebUIKeywordMain.groovy:27)
	at com.kms.katalon.core.webui.keyword.builtin.SetTextKeyword.setText(SetTextKeyword.groovy:65)
	at com.kms.katalon.core.webui.keyword.builtin.SetTextKeyword.execute(SetTextKeyword.groovy:37)
	at com.kms.katalon.core.keyword.internal.KeywordExecutor.executeKeywordForPlatform(KeywordExecutor.groovy:53)
	at com.kms.katalon.core.webui.keyword.WebUiBuiltInKeywords.setText(WebUiBuiltInKeywords.groovy:950)
	at com.kms.katalon.core.webui.keyword.WebUiBuiltInKeywords$setText$2.call(Unknown Source)
	at Pet.run(Pet:75)
	at com.kms.katalon.core.main.ScriptEngine.run(ScriptEngine.java:194)
	at com.kms.katalon.core.main.ScriptEngine.runScriptAsRawText(ScriptEngine.java:119)
	at com.kms.katalon.core.main.TestCaseExecutor.runScript(TestCaseExecutor.java:328)
	at com.kms.katalon.core.main.TestCaseExecutor.doExecute(TestCaseExecutor.java:319)
	at com.kms.katalon.core.main.TestCaseExecutor.processExecutionPhase(TestCaseExecutor.java:298)
	at com.kms.katalon.core.main.TestCaseExecutor.accessMainPhase(TestCaseExecutor.java:290)
	at com.kms.katalon.core.main.TestCaseExecutor.execute(TestCaseExecutor.java:224)
	at com.kms.katalon.core.main.TestSuiteExecutor.accessTestCaseMainPhase(TestSuiteExecutor.java:129)
	at com.kms.katalon.core.main.TestSuiteExecutor.accessTestSuiteMainPhase(TestSuiteExecutor.java:112)
	at com.kms.katalon.core.main.TestSuiteExecutor.execute(TestSuiteExecutor.java:81)
	at com.kms.katalon.core.main.TestCaseMain.startTestSuite(TestCaseMain.java:149)
	at com.kms.katalon.core.main.TestCaseMain$startTestSuite$0.call(Unknown Source)
	at TempTestSuite1584694206006.run(TempTestSuite1584694206006.groovy:36)


2020-03-20 04:55:21 - [TEST_STEP][PASSED] - callTestCase(findTestCase("HIC/_include/get_hicScreenPath"), ["project":"HIC", "productLine":"Pet", "carrierName":"Pet"], CONTINUE_ON_FAILURE): Call Test Case 'Test Cases/HIC/_include/get_hicScreenPath' successfully

2020-03-20 04:55:21 - [TEST_CASE][PASSED] - Test Cases/HIC/_include/get_hicScreenPath: Test Cases/HIC/_include/get_hicScreenPath

2020-03-20 04:55:21 - [TEST_STEP][PASSED] - m = getExecutionProperties(): null

2020-03-20 04:55:21 - [TEST_STEP][PASSED] - deviceName = get("mobileEmulation").get("deviceName"): null

2020-03-20 04:55:21 - [TEST_STEP][PASSED] - println(deviceName): null

2020-03-20 04:55:21 - [TEST_STEP][PASSED] - now = new java.util.Date(): null

2020-03-20 04:55:21 - [TEST_STEP][PASSED] - mydate = now.format("yyyyMMdd_HHmmss"): null

2020-03-20 04:55:21 - [TEST_STEP][PASSED] - screenPath = "../Screenshots/": null

2020-03-20 04:55:21 - [TEST_STEP][PASSED] - screenPath = screenPath + deviceName + "/" + project + "/" + productLine + "/" + carrierName + "/" + mydate + "/": null

2020-03-20 04:55:21 - [TEST_STEP][PASSED] - println(screenPath): null

2020-03-20 04:55:21 - [MESSAGE][PASSED] - Call Test Case 'Test Cases/HIC/_include/get_hicScreenPath' successfully

2020-03-20 04:55:21 - [TEST_STEP][PASSED] - i = 0: null

2020-03-20 04:55:21 - [TEST_STEP][PASSED] - callTestCase(findTestCase("AHI/_include/openWebSite"), ["env":env], CONTINUE_ON_FAILURE): Call Test Case 'Test Cases/AHI/_include/openWebSite' successfully

2020-03-20 04:55:21 - [TEST_CASE][PASSED] - Test Cases/AHI/_include/openWebSite: Test Cases/AHI/_include/openWebSite

2020-03-20 04:55:21 - [TEST_STEP][PASSED] - openBrowser(env): Browser is opened with url: 'https://qa.healthinsurance.com'

2020-03-20 04:55:21 - [MESSAGE][WARNING] - A browser is already opened. Closing browser and opening a new one

2020-03-20 04:55:22 - [MESSAGE][INFO] - Starting 'Chrome' driver

2020-03-20 04:55:23 - [MESSAGE][INFO] - User set preference: ['mobileEmulation', '{deviceName=iPhone 6}']

2020-03-20 04:55:23 - [MESSAGE][INFO] - User set preference: ['args', '[--incognito, --aggressive-cache-discard, --window-size=375,677, --no-sandbox, --ignore-certificate-errors]']

2020-03-20 04:55:26 - [MESSAGE][PASSED] - Browser is opened with url: 'https://qa.healthinsurance.com'

2020-03-20 04:55:26 - [TEST_STEP][PASSED] - waitForPageLoad(20): Wait for page load successfully

2020-03-20 04:55:26 - [MESSAGE][PASSED] - Wait for page load successfully

2020-03-20 04:55:26 - [TEST_STEP][PASSED] - callTestCase(findTestCase("AHI/_include/get_screenshot"), [:], STOP_ON_FAILURE): Call Test Case 'Test Cases/AHI/_include/get_screenshot' successfully

2020-03-20 04:55:26 - [TEST_CASE][PASSED] - Test Cases/AHI/_include/get_screenshot: Test Cases/AHI/_include/get_screenshot

2020-03-20 04:55:26 - [TEST_STEP][PASSED] - Thread.sleep(1000): null

2020-03-20 04:55:27 - [TEST_STEP][PASSED] - takeScreenshot(screenPath + i + ".png"): Taking screenshot successfully

2020-03-20 04:55:28 - [MESSAGE][PASSED] - Taking screenshot successfully
[[ATTACHMENT|D:\\Test\\AgileTest\\Reports\\HIC\\hic\\20200320_045005\\../Screenshots/iPhone 6/HIC/Pet/Pet/20200320_045521/0.png]]

2020-03-20 04:55:28 - [TEST_STEP][PASSED] - (internal.GlobalVariable.i++): null

2020-03-20 04:55:28 - [MESSAGE][PASSED] - Call Test Case 'Test Cases/AHI/_include/get_screenshot' successfully

2020-03-20 04:55:28 - [MESSAGE][PASSED] - Call Test Case 'Test Cases/AHI/_include/openWebSite' successfully

2020-03-20 04:55:28 - [TEST_STEP][PASSED] - driver = getWebDriver(): null

2020-03-20 04:55:28 - [TEST_STEP][PASSED] - baseUrl = env: null

2020-03-20 04:55:28 - [TEST_STEP][PASSED] - selenium = new com.thoughtworks.selenium.webdriven.WebDriverBackedSelenium(driver, baseUrl): null

2020-03-20 04:55:28 - [TEST_STEP][PASSED] - selenium.click("//span[@class='navbar-toggler-icon']"): null

2020-03-20 04:55:28 - [TEST_STEP][PASSED] - selenium.click("//a[@class='dropdown-toggle nav-link']"): null

2020-03-20 04:55:28 - [TEST_STEP][PASSED] - selenium.click("//a[contains(text(),'Pet Insurance')]"): null

2020-03-20 04:55:29 - [TEST_STEP][PASSED] - for ([second = 0, second < 20, (second++)]): null

2020-03-20 04:55:29 - [TEST_STEP][PASSED] - try: null

2020-03-20 04:55:29 - [TEST_STEP][PASSED] - if (selenium.isElementPresent("id=zip-input")): null

2020-03-20 04:55:29 - [TEST_STEP][PASSED] - break: null

2020-03-20 04:55:29 - [TEST_STEP][PASSED] - callTestCase(findTestCase("AHI/_include/get_screenshot"), [:], STOP_ON_FAILURE): Call Test Case 'Test Cases/AHI/_include/get_screenshot' successfully

2020-03-20 04:55:29 - [TEST_CASE][PASSED] - Test Cases/AHI/_include/get_screenshot: Test Cases/AHI/_include/get_screenshot

2020-03-20 04:55:29 - [TEST_STEP][PASSED] - Thread.sleep(1000): null

2020-03-20 04:55:30 - [TEST_STEP][PASSED] - takeScreenshot(screenPath + i + ".png"): Taking screenshot successfully

2020-03-20 04:55:31 - [MESSAGE][PASSED] - Taking screenshot successfully
[[ATTACHMENT|D:\\Test\\AgileTest\\Reports\\HIC\\hic\\20200320_045005\\../Screenshots/iPhone 6/HIC/Pet/Pet/20200320_045521/1.png]]

2020-03-20 04:55:31 - [TEST_STEP][PASSED] - (internal.GlobalVariable.i++): null

2020-03-20 04:55:31 - [MESSAGE][PASSED] - Call Test Case 'Test Cases/AHI/_include/get_screenshot' successfully

2020-03-20 04:55:31 - [TEST_STEP][PASSED] - sendKeys(findTestObject("mobileSanity/Cancer Insurance/zip"), "35216"): Keys '35216' sent to object: 'Object Repository/mobileSanity/Cancer Insurance/zip'

2020-03-20 04:55:31 - [MESSAGE][PASSED] - Keys '35216' sent to object: 'Object Repository/mobileSanity/Cancer Insurance/zip'

2020-03-20 04:55:31 - [TEST_STEP][PASSED] - Thread.sleep(3000): null

2020-03-20 04:55:34 - [TEST_STEP][PASSED] - selenium.click("id=js-see-plans"): null

2020-03-20 04:55:34 - [TEST_STEP][PASSED] - for ([second = 0, second < 20, (second++)]): null

2020-03-20 04:55:34 - [TEST_STEP][PASSED] - try: null

2020-03-20 04:55:34 - [TEST_STEP][PASSED] - if (selenium.isElementPresent("id=name-input")): null

2020-03-20 04:55:34 - [TEST_STEP][PASSED] - Thread.sleep(1000): null

2020-03-20 04:55:35 - [TEST_STEP][PASSED] - try: null

2020-03-20 04:55:35 - [TEST_STEP][PASSED] - if (selenium.isElementPresent("id=name-input")): null

2020-03-20 04:55:35 - [TEST_STEP][PASSED] - Thread.sleep(1000): null

2020-03-20 04:55:36 - [TEST_STEP][PASSED] - try: null

2020-03-20 04:55:36 - [TEST_STEP][PASSED] - if (selenium.isElementPresent("id=name-input")): null

2020-03-20 04:55:36 - [TEST_STEP][PASSED] - Thread.sleep(1000): null

2020-03-20 04:55:37 - [TEST_STEP][PASSED] - try: null

2020-03-20 04:55:37 - [TEST_STEP][PASSED] - if (selenium.isElementPresent("id=name-input")): null

2020-03-20 04:55:38 - [TEST_STEP][PASSED] - Thread.sleep(1000): null

2020-03-20 04:55:39 - [TEST_STEP][PASSED] - try: null

2020-03-20 04:55:39 - [TEST_STEP][PASSED] - if (selenium.isElementPresent("id=name-input")): null

2020-03-20 04:55:39 - [TEST_STEP][PASSED] - Thread.sleep(1000): null

2020-03-20 04:55:40 - [TEST_STEP][PASSED] - try: null

2020-03-20 04:55:40 - [TEST_STEP][PASSED] - if (selenium.isElementPresent("id=name-input")): null

2020-03-20 04:55:40 - [TEST_STEP][PASSED] - Thread.sleep(1000): null

2020-03-20 04:55:41 - [TEST_STEP][PASSED] - try: null

2020-03-20 04:55:41 - [TEST_STEP][PASSED] - if (selenium.isElementPresent("id=name-input")): null

2020-03-20 04:55:41 - [TEST_STEP][PASSED] - Thread.sleep(1000): null

2020-03-20 04:55:42 - [TEST_STEP][PASSED] - try: null

2020-03-20 04:55:42 - [TEST_STEP][PASSED] - if (selenium.isElementPresent("id=name-input")): null

2020-03-20 04:55:42 - [TEST_STEP][PASSED] - Thread.sleep(1000): null

2020-03-20 04:55:43 - [TEST_STEP][PASSED] - try: null

2020-03-20 04:55:43 - [TEST_STEP][PASSED] - if (selenium.isElementPresent("id=name-input")): null

2020-03-20 04:55:43 - [TEST_STEP][PASSED] - Thread.sleep(1000): null

2020-03-20 04:55:44 - [TEST_STEP][PASSED] - try: null

2020-03-20 04:55:44 - [TEST_STEP][PASSED] - if (selenium.isElementPresent("id=name-input")): null

2020-03-20 04:55:44 - [TEST_STEP][PASSED] - Thread.sleep(1000): null

2020-03-20 04:55:45 - [TEST_STEP][PASSED] - try: null

2020-03-20 04:55:45 - [TEST_STEP][PASSED] - if (selenium.isElementPresent("id=name-input")): null

2020-03-20 04:55:45 - [TEST_STEP][PASSED] - Thread.sleep(1000): null

2020-03-20 04:55:46 - [TEST_STEP][PASSED] - try: null

2020-03-20 04:55:46 - [TEST_STEP][PASSED] - if (selenium.isElementPresent("id=name-input")): null

2020-03-20 04:55:46 - [TEST_STEP][PASSED] - Thread.sleep(1000): null

2020-03-20 04:55:47 - [TEST_STEP][PASSED] - try: null

2020-03-20 04:55:47 - [TEST_STEP][PASSED] - if (selenium.isElementPresent("id=name-input")): null

2020-03-20 04:55:47 - [TEST_STEP][PASSED] - Thread.sleep(1000): null

2020-03-20 04:55:48 - [TEST_STEP][PASSED] - try: null

2020-03-20 04:55:48 - [TEST_STEP][PASSED] - if (selenium.isElementPresent("id=name-input")): null

2020-03-20 04:55:48 - [TEST_STEP][PASSED] - Thread.sleep(1000): null

2020-03-20 04:55:49 - [TEST_STEP][PASSED] - try: null

2020-03-20 04:55:49 - [TEST_STEP][PASSED] - if (selenium.isElementPresent("id=name-input")): null

2020-03-20 04:55:50 - [TEST_STEP][PASSED] - Thread.sleep(1000): null

2020-03-20 04:55:51 - [TEST_STEP][PASSED] - try: null

2020-03-20 04:55:51 - [TEST_STEP][PASSED] - if (selenium.isElementPresent("id=name-input")): null

2020-03-20 04:55:51 - [TEST_STEP][PASSED] - Thread.sleep(1000): null

2020-03-20 04:55:52 - [TEST_STEP][PASSED] - try: null

2020-03-20 04:55:52 - [TEST_STEP][PASSED] - if (selenium.isElementPresent("id=name-input")): null

2020-03-20 04:55:52 - [TEST_STEP][PASSED] - Thread.sleep(1000): null

2020-03-20 04:55:53 - [TEST_STEP][PASSED] - try: null

2020-03-20 04:55:53 - [TEST_STEP][PASSED] - if (selenium.isElementPresent("id=name-input")): null

2020-03-20 04:55:53 - [TEST_STEP][PASSED] - Thread.sleep(1000): null

2020-03-20 04:55:54 - [TEST_STEP][PASSED] - try: null

2020-03-20 04:55:54 - [TEST_STEP][PASSED] - if (selenium.isElementPresent("id=name-input")): null

2020-03-20 04:55:54 - [TEST_STEP][PASSED] - Thread.sleep(1000): null

2020-03-20 04:55:55 - [TEST_STEP][PASSED] - try: null

2020-03-20 04:55:55 - [TEST_STEP][PASSED] - if (selenium.isElementPresent("id=name-input")): null

2020-03-20 04:55:55 - [TEST_STEP][PASSED] - Thread.sleep(1000): null

2020-03-20 04:55:56 - [TEST_STEP][PASSED] - callTestCase(findTestCase("AHI/_include/get_screenshot"), [:], STOP_ON_FAILURE): Call Test Case 'Test Cases/AHI/_include/get_screenshot' successfully

2020-03-20 04:55:56 - [TEST_CASE][PASSED] - Test Cases/AHI/_include/get_screenshot: Test Cases/AHI/_include/get_screenshot

2020-03-20 04:55:57 - [TEST_STEP][PASSED] - Thread.sleep(1000): null

2020-03-20 04:55:58 - [TEST_STEP][PASSED] - takeScreenshot(screenPath + i + ".png"): Taking screenshot successfully

2020-03-20 04:55:58 - [MESSAGE][PASSED] - Taking screenshot successfully
[[ATTACHMENT|D:\\Test\\AgileTest\\Reports\\HIC\\hic\\20200320_045005\\../Screenshots/iPhone 6/HIC/Pet/Pet/20200320_045521/2.png]]

2020-03-20 04:55:58 - [TEST_STEP][PASSED] - (internal.GlobalVariable.i++): null

2020-03-20 04:55:58 - [MESSAGE][PASSED] - Call Test Case 'Test Cases/AHI/_include/get_screenshot' successfully

2020-03-20 04:55:58 - [TEST_STEP][FAILED] - setText(findTestObject("mobileSanity/Pet Insurance/name-input"), "Test cat"): setText(findTestObject("mobileSanity/Pet Insurance/name-input"), "Test cat") FAILED.
Reason:
com.kms.katalon.core.exception.StepFailedException: Unable to set text 'Test cat' of object 'Object Repository/mobileSanity/Pet Insurance/name-input' (Root cause: com.kms.katalon.core.webui.exception.WebElementNotFoundException: Web element with id: 'Object Repository/mobileSanity/Pet Insurance/name-input' located by 'By.xpath: //*[@id = 'name-input']' not found)
	at com.kms.katalon.core.keyword.internal.KeywordMain.stepFailed(KeywordMain.groovy:36)
	at com.kms.katalon.core.webui.keyword.internal.WebUIKeywordMain.stepFailed(WebUIKeywordMain.groovy:65)
	at com.kms.katalon.core.webui.keyword.internal.WebUIKeywordMain.runKeyword(WebUIKeywordMain.groovy:27)
	at com.kms.katalon.core.webui.keyword.builtin.SetTextKeyword.setText(SetTextKeyword.groovy:65)
	at com.kms.katalon.core.webui.keyword.builtin.SetTextKeyword.execute(SetTextKeyword.groovy:37)
	at com.kms.katalon.core.keyword.internal.KeywordExecutor.executeKeywordForPlatform(KeywordExecutor.groovy:53)
	at com.kms.katalon.core.webui.keyword.WebUiBuiltInKeywords.setText(WebUiBuiltInKeywords.groovy:950)
	at com.kms.katalon.core.webui.keyword.WebUiBuiltInKeywords$setText$2.call(Unknown Source)
	at Pet.run(Pet:75)
	at com.kms.katalon.core.main.ScriptEngine.run(ScriptEngine.java:194)
	at com.kms.katalon.core.main.ScriptEngine.runScriptAsRawText(ScriptEngine.java:119)
	at com.kms.katalon.core.main.TestCaseExecutor.runScript(TestCaseExecutor.java:328)
	at com.kms.katalon.core.main.TestCaseExecutor.doExecute(TestCaseExecutor.java:319)
	at com.kms.katalon.core.main.TestCaseExecutor.processExecutionPhase(TestCaseExecutor.java:298)
	at com.kms.katalon.core.main.TestCaseExecutor.accessMainPhase(TestCaseExecutor.java:290)
	at com.kms.katalon.core.main.TestCaseExecutor.execute(TestCaseExecutor.java:224)
	at com.kms.katalon.core.main.TestSuiteExecutor.accessTestCaseMainPhase(TestSuiteExecutor.java:129)
	at com.kms.katalon.core.main.TestSuiteExecutor.accessTestSuiteMainPhase(TestSuiteExecutor.java:112)
	at com.kms.katalon.core.main.TestSuiteExecutor.execute(TestSuiteExecutor.java:81)
	at com.kms.katalon.core.main.TestCaseMain.startTestSuite(TestCaseMain.java:149)
	at com.kms.katalon.core.main.TestCaseMain$startTestSuite$0.call(Unknown Source)
	at TempTestSuite1584694206006.run(TempTestSuite1584694206006.groovy:36)


2020-03-20 04:56:19 - [MESSAGE][INFO] - Unable to find the element located by 'By.xpath: //*[@id = 'name-input']'. Please recheck the objects properties to make sure the desired element is located. 

2020-03-20 04:56:19 - [MESSAGE][FAILED] - Unable to set text 'Test cat' of object 'Object Repository/mobileSanity/Pet Insurance/name-input' (Root cause: com.kms.katalon.core.webui.exception.WebElementNotFoundException: Web element with id: 'Object Repository/mobileSanity/Pet Insurance/name-input' located by 'By.xpath: //*[@id = 'name-input']' not found)
[[ATTACHMENT|D:\\Test\\AgileTest\\Reports\\HIC\\hic\\20200320_045005\\1584694579624.png]]

2020-03-20 04:56:19 - [MESSAGE][FAILED] - setText(findTestObject("mobileSanity/Pet Insurance/name-input"), "Test cat") FAILED.
Reason:
com.kms.katalon.core.exception.StepFailedException: Unable to set text 'Test cat' of object 'Object Repository/mobileSanity/Pet Insurance/name-input' (Root cause: com.kms.katalon.core.webui.exception.WebElementNotFoundException: Web element with id: 'Object Repository/mobileSanity/Pet Insurance/name-input' located by 'By.xpath: //*[@id = 'name-input']' not found)
	at com.kms.katalon.core.keyword.internal.KeywordMain.stepFailed(KeywordMain.groovy:36)
	at com.kms.katalon.core.webui.keyword.internal.WebUIKeywordMain.stepFailed(WebUIKeywordMain.groovy:65)
	at com.kms.katalon.core.webui.keyword.internal.WebUIKeywordMain.runKeyword(WebUIKeywordMain.groovy:27)
	at com.kms.katalon.core.webui.keyword.builtin.SetTextKeyword.setText(SetTextKeyword.groovy:65)
	at com.kms.katalon.core.webui.keyword.builtin.SetTextKeyword.execute(SetTextKeyword.groovy:37)
	at com.kms.katalon.core.keyword.internal.KeywordExecutor.executeKeywordForPlatform(KeywordExecutor.groovy:53)
	at com.kms.katalon.core.webui.keyword.WebUiBuiltInKeywords.setText(WebUiBuiltInKeywords.groovy:950)
	at com.kms.katalon.core.webui.keyword.WebUiBuiltInKeywords$setText$2.call(Unknown Source)
	at Pet.run(Pet:75)
	at com.kms.katalon.core.main.ScriptEngine.run(ScriptEngine.java:194)
	at com.kms.katalon.core.main.ScriptEngine.runScriptAsRawText(ScriptEngine.java:119)
	at com.kms.katalon.core.main.TestCaseExecutor.runScript(TestCaseExecutor.java:328)
	at com.kms.katalon.core.main.TestCaseExecutor.doExecute(TestCaseExecutor.java:319)
	at com.kms.katalon.core.main.TestCaseExecutor.processExecutionPhase(TestCaseExecutor.java:298)
	at com.kms.katalon.core.main.TestCaseExecutor.accessMainPhase(TestCaseExecutor.java:290)
	at com.kms.katalon.core.main.TestCaseExecutor.execute(TestCaseExecutor.java:224)
	at com.kms.katalon.core.main.TestSuiteExecutor.accessTestCaseMainPhase(TestSuiteExecutor.java:129)
	at com.kms.katalon.core.main.TestSuiteExecutor.accessTestSuiteMainPhase(TestSuiteExecutor.java:112)
	at com.kms.katalon.core.main.TestSuiteExecutor.execute(TestSuiteExecutor.java:81)
	at com.kms.katalon.core.main.TestCaseMain.startTestSuite(TestCaseMain.java:149)
	at com.kms.katalon.core.main.TestCaseMain$startTestSuite$0.call(Unknown Source)
	at TempTestSuite1584694206006.run(TempTestSuite1584694206006.groovy:36)]]></system-out>
         <system-err><![CDATA[2020-03-20 04:55:21 - [TEST_CASE][FAILED] - Test Cases/HIC/New/Pet: Test Cases/HIC/New/Pet FAILED.
Reason:
com.kms.katalon.core.exception.StepFailedException: Unable to set text 'Test cat' of object 'Object Repository/mobileSanity/Pet Insurance/name-input' (Root cause: com.kms.katalon.core.webui.exception.WebElementNotFoundException: Web element with id: 'Object Repository/mobileSanity/Pet Insurance/name-input' located by 'By.xpath: //*[@id = 'name-input']' not found)
	at com.kms.katalon.core.keyword.internal.KeywordMain.stepFailed(KeywordMain.groovy:36)
	at com.kms.katalon.core.webui.keyword.internal.WebUIKeywordMain.stepFailed(WebUIKeywordMain.groovy:65)
	at com.kms.katalon.core.webui.keyword.internal.WebUIKeywordMain.runKeyword(WebUIKeywordMain.groovy:27)
	at com.kms.katalon.core.webui.keyword.builtin.SetTextKeyword.setText(SetTextKeyword.groovy:65)
	at com.kms.katalon.core.webui.keyword.builtin.SetTextKeyword.execute(SetTextKeyword.groovy:37)
	at com.kms.katalon.core.keyword.internal.KeywordExecutor.executeKeywordForPlatform(KeywordExecutor.groovy:53)
	at com.kms.katalon.core.webui.keyword.WebUiBuiltInKeywords.setText(WebUiBuiltInKeywords.groovy:950)
	at com.kms.katalon.core.webui.keyword.WebUiBuiltInKeywords$setText$2.call(Unknown Source)
	at Pet.run(Pet:75)
	at com.kms.katalon.core.main.ScriptEngine.run(ScriptEngine.java:194)
	at com.kms.katalon.core.main.ScriptEngine.runScriptAsRawText(ScriptEngine.java:119)
	at com.kms.katalon.core.main.TestCaseExecutor.runScript(TestCaseExecutor.java:328)
	at com.kms.katalon.core.main.TestCaseExecutor.doExecute(TestCaseExecutor.java:319)
	at com.kms.katalon.core.main.TestCaseExecutor.processExecutionPhase(TestCaseExecutor.java:298)
	at com.kms.katalon.core.main.TestCaseExecutor.accessMainPhase(TestCaseExecutor.java:290)
	at com.kms.katalon.core.main.TestCaseExecutor.execute(TestCaseExecutor.java:224)
	at com.kms.katalon.core.main.TestSuiteExecutor.accessTestCaseMainPhase(TestSuiteExecutor.java:129)
	at com.kms.katalon.core.main.TestSuiteExecutor.accessTestSuiteMainPhase(TestSuiteExecutor.java:112)
	at com.kms.katalon.core.main.TestSuiteExecutor.execute(TestSuiteExecutor.java:81)
	at com.kms.katalon.core.main.TestCaseMain.startTestSuite(TestCaseMain.java:149)
	at com.kms.katalon.core.main.TestCaseMain$startTestSuite$0.call(Unknown Source)
	at TempTestSuite1584694206006.run(TempTestSuite1584694206006.groovy:36)]]></system-err>
      </testcase>
      <testcase name="Test Cases/HIC/New/STM" classname="Test Cases/HIC/New/STM" status="PASSED">
         <system-out><![CDATA[2020-03-20 04:56:19 - [TEST_CASE][PASSED] - Test Cases/HIC/New/STM: Test Cases/HIC/New/STM

2020-03-20 04:56:20 - [TEST_STEP][PASSED] - callTestCase(findTestCase("HIC/_include/get_hicScreenPath"), ["project":"HIC", "productLine":"STM", "carrierName":"STM"], CONTINUE_ON_FAILURE): Call Test Case 'Test Cases/HIC/_include/get_hicScreenPath' successfully

2020-03-20 04:56:20 - [TEST_CASE][PASSED] - Test Cases/HIC/_include/get_hicScreenPath: Test Cases/HIC/_include/get_hicScreenPath

2020-03-20 04:56:20 - [TEST_STEP][PASSED] - m = getExecutionProperties(): null

2020-03-20 04:56:20 - [TEST_STEP][PASSED] - deviceName = get("mobileEmulation").get("deviceName"): null

2020-03-20 04:56:20 - [TEST_STEP][PASSED] - println(deviceName): null

2020-03-20 04:56:20 - [TEST_STEP][PASSED] - now = new java.util.Date(): null

2020-03-20 04:56:20 - [TEST_STEP][PASSED] - mydate = now.format("yyyyMMdd_HHmmss"): null

2020-03-20 04:56:20 - [TEST_STEP][PASSED] - screenPath = "../Screenshots/": null

2020-03-20 04:56:20 - [TEST_STEP][PASSED] - screenPath = screenPath + deviceName + "/" + project + "/" + productLine + "/" + carrierName + "/" + mydate + "/": null

2020-03-20 04:56:20 - [TEST_STEP][PASSED] - println(screenPath): null

2020-03-20 04:56:20 - [MESSAGE][PASSED] - Call Test Case 'Test Cases/HIC/_include/get_hicScreenPath' successfully

2020-03-20 04:56:20 - [TEST_STEP][PASSED] - i = 0: null

2020-03-20 04:56:20 - [TEST_STEP][PASSED] - callTestCase(findTestCase("AHI/_include/openWebSite"), ["env":env], CONTINUE_ON_FAILURE): Call Test Case 'Test Cases/AHI/_include/openWebSite' successfully

2020-03-20 04:56:20 - [TEST_CASE][PASSED] - Test Cases/AHI/_include/openWebSite: Test Cases/AHI/_include/openWebSite

2020-03-20 04:56:20 - [TEST_STEP][PASSED] - openBrowser(env): Browser is opened with url: 'https://qa.healthinsurance.com'

2020-03-20 04:56:20 - [MESSAGE][WARNING] - A browser is already opened. Closing browser and opening a new one

2020-03-20 04:56:21 - [MESSAGE][INFO] - Starting 'Chrome' driver

2020-03-20 04:56:21 - [MESSAGE][INFO] - User set preference: ['mobileEmulation', '{deviceName=iPhone 6}']

2020-03-20 04:56:21 - [MESSAGE][INFO] - User set preference: ['args', '[--incognito, --aggressive-cache-discard, --window-size=375,677, --no-sandbox, --ignore-certificate-errors]']

2020-03-20 04:56:25 - [MESSAGE][PASSED] - Browser is opened with url: 'https://qa.healthinsurance.com'

2020-03-20 04:56:25 - [TEST_STEP][PASSED] - waitForPageLoad(20): Wait for page load successfully

2020-03-20 04:56:25 - [MESSAGE][PASSED] - Wait for page load successfully

2020-03-20 04:56:25 - [TEST_STEP][PASSED] - callTestCase(findTestCase("AHI/_include/get_screenshot"), [:], STOP_ON_FAILURE): Call Test Case 'Test Cases/AHI/_include/get_screenshot' successfully

2020-03-20 04:56:25 - [TEST_CASE][PASSED] - Test Cases/AHI/_include/get_screenshot: Test Cases/AHI/_include/get_screenshot

2020-03-20 04:56:25 - [TEST_STEP][PASSED] - Thread.sleep(1000): null

2020-03-20 04:56:26 - [TEST_STEP][PASSED] - takeScreenshot(screenPath + i + ".png"): Taking screenshot successfully

2020-03-20 04:56:26 - [MESSAGE][PASSED] - Taking screenshot successfully
[[ATTACHMENT|D:\\Test\\AgileTest\\Reports\\HIC\\hic\\20200320_045005\\../Screenshots/iPhone 6/HIC/STM/STM/20200320_045620/0.png]]

2020-03-20 04:56:26 - [TEST_STEP][PASSED] - (internal.GlobalVariable.i++): null

2020-03-20 04:56:26 - [MESSAGE][PASSED] - Call Test Case 'Test Cases/AHI/_include/get_screenshot' successfully

2020-03-20 04:56:26 - [MESSAGE][PASSED] - Call Test Case 'Test Cases/AHI/_include/openWebSite' successfully

2020-03-20 04:56:26 - [TEST_STEP][PASSED] - driver = getWebDriver(): null

2020-03-20 04:56:26 - [TEST_STEP][PASSED] - baseUrl = env: null

2020-03-20 04:56:26 - [TEST_STEP][PASSED] - selenium = new com.thoughtworks.selenium.webdriven.WebDriverBackedSelenium(driver, baseUrl): null

2020-03-20 04:56:26 - [TEST_STEP][PASSED] - selenium.click("//span[@class='navbar-toggler-icon']"): null

2020-03-20 04:56:26 - [TEST_STEP][PASSED] - selenium.click("//a[@class='dropdown-toggle nav-link']"): null

2020-03-20 04:56:27 - [TEST_STEP][PASSED] - selenium.click("//a[contains(text(),'Short Term Insurance')]"): null

2020-03-20 04:56:27 - [TEST_STEP][PASSED] - for ([second = 0, second < 10, (second++)]): null

2020-03-20 04:56:27 - [TEST_STEP][PASSED] - try: null

2020-03-20 04:56:27 - [TEST_STEP][PASSED] - if (selenium.isElementPresent("xpath=//button[contains(text(),'GET QUOTES')]")): null

2020-03-20 04:56:27 - [TEST_STEP][PASSED] - break: null

2020-03-20 04:56:27 - [TEST_STEP][PASSED] - callTestCase(findTestCase("AHI/_include/get_screenshot"), [:], STOP_ON_FAILURE): Call Test Case 'Test Cases/AHI/_include/get_screenshot' successfully

2020-03-20 04:56:27 - [TEST_CASE][PASSED] - Test Cases/AHI/_include/get_screenshot: Test Cases/AHI/_include/get_screenshot

2020-03-20 04:56:27 - [TEST_STEP][PASSED] - Thread.sleep(1000): null

2020-03-20 04:56:29 - [TEST_STEP][PASSED] - takeScreenshot(screenPath + i + ".png"): Taking screenshot successfully

2020-03-20 04:56:29 - [MESSAGE][PASSED] - Taking screenshot successfully
[[ATTACHMENT|D:\\Test\\AgileTest\\Reports\\HIC\\hic\\20200320_045005\\../Screenshots/iPhone 6/HIC/STM/STM/20200320_045620/1.png]]

2020-03-20 04:56:29 - [TEST_STEP][PASSED] - (internal.GlobalVariable.i++): null

2020-03-20 04:56:29 - [MESSAGE][PASSED] - Call Test Case 'Test Cases/AHI/_include/get_screenshot' successfully

2020-03-20 04:56:29 - [TEST_STEP][PASSED] - selenium.click("xpath=//button[contains(text(),'GET QUOTES')]"): null

2020-03-20 04:56:29 - [TEST_STEP][PASSED] - Thread.sleep(3000): null

2020-03-20 04:56:32 - [TEST_STEP][PASSED] - selenium.selectWindow("HealthInsurance.net | Get a Quote"): null

2020-03-20 04:56:34 - [TEST_STEP][PASSED] - Thread.sleep(3000): null

2020-03-20 04:56:37 - [TEST_STEP][PASSED] - callTestCase(findTestCase("AHI/_include/get_screenshot"), [:], STOP_ON_FAILURE): Call Test Case 'Test Cases/AHI/_include/get_screenshot' successfully

2020-03-20 04:56:37 - [TEST_CASE][PASSED] - Test Cases/AHI/_include/get_screenshot: Test Cases/AHI/_include/get_screenshot

2020-03-20 04:56:37 - [TEST_STEP][PASSED] - Thread.sleep(1000): null

2020-03-20 04:56:38 - [TEST_STEP][PASSED] - takeScreenshot(screenPath + i + ".png"): Taking screenshot successfully

2020-03-20 04:56:39 - [MESSAGE][PASSED] - Taking screenshot successfully
[[ATTACHMENT|D:\\Test\\AgileTest\\Reports\\HIC\\hic\\20200320_045005\\../Screenshots/iPhone 6/HIC/STM/STM/20200320_045620/2.png]]

2020-03-20 04:56:39 - [TEST_STEP][PASSED] - (internal.GlobalVariable.i++): null

2020-03-20 04:56:39 - [MESSAGE][PASSED] - Call Test Case 'Test Cases/AHI/_include/get_screenshot' successfully]]></system-out>
         <system-err><![CDATA[]]></system-err>
      </testcase>
      <testcase name="Test Cases/HIC/New/Teladoc" classname="Test Cases/HIC/New/Teladoc" status="FAILED">
         <failure type="FAILED" message="Test Cases/HIC/New/Teladoc FAILED.
Reason:
com.kms.katalon.core.exception.StepFailedException: Unable to click on object 'Object Repository/mobileSanity/Teladoc/census/get_a_quote' (Root cause: com.kms.katalon.core.webui.exception.WebElementNotFoundException: Web element with id: 'Object Repository/mobileSanity/Teladoc/census/get_a_quote' located by 'By.xpath: //label[@id = 'js-see-plans']' not found)
	at com.kms.katalon.core.keyword.internal.KeywordMain.stepFailed(KeywordMain.groovy:36)
	at com.kms.katalon.core.webui.keyword.internal.WebUIKeywordMain.stepFailed(WebUIKeywordMain.groovy:65)
	at com.kms.katalon.core.webui.keyword.internal.WebUIKeywordMain.runKeyword(WebUIKeywordMain.groovy:27)
	at com.kms.katalon.core.webui.keyword.builtin.ClickKeyword.click(ClickKeyword.groovy:86)
	at com.kms.katalon.core.webui.keyword.builtin.ClickKeyword.execute(ClickKeyword.groovy:67)
	at com.kms.katalon.core.keyword.internal.KeywordExecutor.executeKeywordForPlatform(KeywordExecutor.groovy:53)
	at com.kms.katalon.core.webui.keyword.WebUiBuiltInKeywords.click(WebUiBuiltInKeywords.groovy:616)
	at com.kms.katalon.core.webui.keyword.WebUiBuiltInKeywords$click$4.call(Unknown Source)
	at Teladoc.run(Teladoc:73)
	at com.kms.katalon.core.main.ScriptEngine.run(ScriptEngine.java:194)
	at com.kms.katalon.core.main.ScriptEngine.runScriptAsRawText(ScriptEngine.java:119)
	at com.kms.katalon.core.main.TestCaseExecutor.runScript(TestCaseExecutor.java:328)
	at com.kms.katalon.core.main.TestCaseExecutor.doExecute(TestCaseExecutor.java:319)
	at com.kms.katalon.core.main.TestCaseExecutor.processExecutionPhase(TestCaseExecutor.java:298)
	at com.kms.katalon.core.main.TestCaseExecutor.accessMainPhase(TestCaseExecutor.java:290)
	at com.kms.katalon.core.main.TestCaseExecutor.execute(TestCaseExecutor.java:224)
	at com.kms.katalon.core.main.TestSuiteExecutor.accessTestCaseMainPhase(TestSuiteExecutor.java:129)
	at com.kms.katalon.core.main.TestSuiteExecutor.accessTestSuiteMainPhase(TestSuiteExecutor.java:112)
	at com.kms.katalon.core.main.TestSuiteExecutor.execute(TestSuiteExecutor.java:81)
	at com.kms.katalon.core.main.TestCaseMain.startTestSuite(TestCaseMain.java:149)
	at com.kms.katalon.core.main.TestCaseMain$startTestSuite$0.call(Unknown Source)
	at TempTestSuite1584694206006.run(TempTestSuite1584694206006.groovy:36)
"/>
         <system-out><![CDATA[2020-03-20 04:56:39 - [TEST_CASE][FAILED] - Test Cases/HIC/New/Teladoc: Test Cases/HIC/New/Teladoc FAILED.
Reason:
com.kms.katalon.core.exception.StepFailedException: Unable to click on object 'Object Repository/mobileSanity/Teladoc/census/get_a_quote' (Root cause: com.kms.katalon.core.webui.exception.WebElementNotFoundException: Web element with id: 'Object Repository/mobileSanity/Teladoc/census/get_a_quote' located by 'By.xpath: //label[@id = 'js-see-plans']' not found)
	at com.kms.katalon.core.keyword.internal.KeywordMain.stepFailed(KeywordMain.groovy:36)
	at com.kms.katalon.core.webui.keyword.internal.WebUIKeywordMain.stepFailed(WebUIKeywordMain.groovy:65)
	at com.kms.katalon.core.webui.keyword.internal.WebUIKeywordMain.runKeyword(WebUIKeywordMain.groovy:27)
	at com.kms.katalon.core.webui.keyword.builtin.ClickKeyword.click(ClickKeyword.groovy:86)
	at com.kms.katalon.core.webui.keyword.builtin.ClickKeyword.execute(ClickKeyword.groovy:67)
	at com.kms.katalon.core.keyword.internal.KeywordExecutor.executeKeywordForPlatform(KeywordExecutor.groovy:53)
	at com.kms.katalon.core.webui.keyword.WebUiBuiltInKeywords.click(WebUiBuiltInKeywords.groovy:616)
	at com.kms.katalon.core.webui.keyword.WebUiBuiltInKeywords$click$4.call(Unknown Source)
	at Teladoc.run(Teladoc:73)
	at com.kms.katalon.core.main.ScriptEngine.run(ScriptEngine.java:194)
	at com.kms.katalon.core.main.ScriptEngine.runScriptAsRawText(ScriptEngine.java:119)
	at com.kms.katalon.core.main.TestCaseExecutor.runScript(TestCaseExecutor.java:328)
	at com.kms.katalon.core.main.TestCaseExecutor.doExecute(TestCaseExecutor.java:319)
	at com.kms.katalon.core.main.TestCaseExecutor.processExecutionPhase(TestCaseExecutor.java:298)
	at com.kms.katalon.core.main.TestCaseExecutor.accessMainPhase(TestCaseExecutor.java:290)
	at com.kms.katalon.core.main.TestCaseExecutor.execute(TestCaseExecutor.java:224)
	at com.kms.katalon.core.main.TestSuiteExecutor.accessTestCaseMainPhase(TestSuiteExecutor.java:129)
	at com.kms.katalon.core.main.TestSuiteExecutor.accessTestSuiteMainPhase(TestSuiteExecutor.java:112)
	at com.kms.katalon.core.main.TestSuiteExecutor.execute(TestSuiteExecutor.java:81)
	at com.kms.katalon.core.main.TestCaseMain.startTestSuite(TestCaseMain.java:149)
	at com.kms.katalon.core.main.TestCaseMain$startTestSuite$0.call(Unknown Source)
	at TempTestSuite1584694206006.run(TempTestSuite1584694206006.groovy:36)


2020-03-20 04:56:39 - [TEST_STEP][PASSED] - callTestCase(findTestCase("HIC/_include/get_hicScreenPath"), ["project":"HIC", "productLine":"Teladoc", "carrierName":"Teladoc"], CONTINUE_ON_FAILURE): Call Test Case 'Test Cases/HIC/_include/get_hicScreenPath' successfully

2020-03-20 04:56:39 - [TEST_CASE][PASSED] - Test Cases/HIC/_include/get_hicScreenPath: Test Cases/HIC/_include/get_hicScreenPath

2020-03-20 04:56:39 - [TEST_STEP][PASSED] - m = getExecutionProperties(): null

2020-03-20 04:56:39 - [TEST_STEP][PASSED] - deviceName = get("mobileEmulation").get("deviceName"): null

2020-03-20 04:56:39 - [TEST_STEP][PASSED] - println(deviceName): null

2020-03-20 04:56:39 - [TEST_STEP][PASSED] - now = new java.util.Date(): null

2020-03-20 04:56:39 - [TEST_STEP][PASSED] - mydate = now.format("yyyyMMdd_HHmmss"): null

2020-03-20 04:56:39 - [TEST_STEP][PASSED] - screenPath = "../Screenshots/": null

2020-03-20 04:56:39 - [TEST_STEP][PASSED] - screenPath = screenPath + deviceName + "/" + project + "/" + productLine + "/" + carrierName + "/" + mydate + "/": null

2020-03-20 04:56:39 - [TEST_STEP][PASSED] - println(screenPath): null

2020-03-20 04:56:39 - [MESSAGE][PASSED] - Call Test Case 'Test Cases/HIC/_include/get_hicScreenPath' successfully

2020-03-20 04:56:39 - [TEST_STEP][PASSED] - i = 0: null

2020-03-20 04:56:39 - [TEST_STEP][PASSED] - callTestCase(findTestCase("AHI/_include/openWebSite"), ["env":env], CONTINUE_ON_FAILURE): Call Test Case 'Test Cases/AHI/_include/openWebSite' successfully

2020-03-20 04:56:39 - [TEST_CASE][PASSED] - Test Cases/AHI/_include/openWebSite: Test Cases/AHI/_include/openWebSite

2020-03-20 04:56:39 - [TEST_STEP][PASSED] - openBrowser(env): Browser is opened with url: 'https://qa.healthinsurance.com'

2020-03-20 04:56:39 - [MESSAGE][WARNING] - A browser is already opened. Closing browser and opening a new one

2020-03-20 04:56:41 - [MESSAGE][INFO] - Starting 'Chrome' driver

2020-03-20 04:56:41 - [MESSAGE][INFO] - User set preference: ['mobileEmulation', '{deviceName=iPhone 6}']

2020-03-20 04:56:41 - [MESSAGE][INFO] - User set preference: ['args', '[--incognito, --aggressive-cache-discard, --window-size=375,677, --no-sandbox, --ignore-certificate-errors]']

2020-03-20 04:56:44 - [MESSAGE][PASSED] - Browser is opened with url: 'https://qa.healthinsurance.com'

2020-03-20 04:56:44 - [TEST_STEP][PASSED] - waitForPageLoad(20): Wait for page load successfully

2020-03-20 04:56:44 - [MESSAGE][PASSED] - Wait for page load successfully

2020-03-20 04:56:44 - [TEST_STEP][PASSED] - callTestCase(findTestCase("AHI/_include/get_screenshot"), [:], STOP_ON_FAILURE): Call Test Case 'Test Cases/AHI/_include/get_screenshot' successfully

2020-03-20 04:56:44 - [TEST_CASE][PASSED] - Test Cases/AHI/_include/get_screenshot: Test Cases/AHI/_include/get_screenshot

2020-03-20 04:56:44 - [TEST_STEP][PASSED] - Thread.sleep(1000): null

2020-03-20 04:56:45 - [TEST_STEP][PASSED] - takeScreenshot(screenPath + i + ".png"): Taking screenshot successfully

2020-03-20 04:56:46 - [MESSAGE][PASSED] - Taking screenshot successfully
[[ATTACHMENT|D:\\Test\\AgileTest\\Reports\\HIC\\hic\\20200320_045005\\../Screenshots/iPhone 6/HIC/Teladoc/Teladoc/20200320_045639/0.png]]

2020-03-20 04:56:46 - [TEST_STEP][PASSED] - (internal.GlobalVariable.i++): null

2020-03-20 04:56:46 - [MESSAGE][PASSED] - Call Test Case 'Test Cases/AHI/_include/get_screenshot' successfully

2020-03-20 04:56:46 - [MESSAGE][PASSED] - Call Test Case 'Test Cases/AHI/_include/openWebSite' successfully

2020-03-20 04:56:46 - [TEST_STEP][PASSED] - driver = getWebDriver(): null

2020-03-20 04:56:46 - [TEST_STEP][PASSED] - baseUrl = env: null

2020-03-20 04:56:46 - [TEST_STEP][PASSED] - selenium = new com.thoughtworks.selenium.webdriven.WebDriverBackedSelenium(driver, baseUrl): null

2020-03-20 04:56:46 - [TEST_STEP][PASSED] - selenium.click("//span[@class='navbar-toggler-icon']"): null

2020-03-20 04:56:46 - [TEST_STEP][PASSED] - selenium.click("//a[@class='dropdown-toggle nav-link']"): null

2020-03-20 04:56:46 - [TEST_STEP][PASSED] - selenium.click("//a[contains(text(),'Telemedicine')]"): null

2020-03-20 04:56:47 - [TEST_STEP][PASSED] - for ([second = 0, second < 10, (second++)]): null

2020-03-20 04:56:47 - [TEST_STEP][PASSED] - try: null

2020-03-20 04:56:47 - [TEST_STEP][PASSED] - if (selenium.isElementPresent("id=zip")): null

2020-03-20 04:56:47 - [TEST_STEP][PASSED] - break: null

2020-03-20 04:56:47 - [TEST_STEP][PASSED] - callTestCase(findTestCase("AHI/_include/get_screenshot"), [:], STOP_ON_FAILURE): Call Test Case 'Test Cases/AHI/_include/get_screenshot' successfully

2020-03-20 04:56:47 - [TEST_CASE][PASSED] - Test Cases/AHI/_include/get_screenshot: Test Cases/AHI/_include/get_screenshot

2020-03-20 04:56:47 - [TEST_STEP][PASSED] - Thread.sleep(1000): null

2020-03-20 04:56:48 - [TEST_STEP][PASSED] - takeScreenshot(screenPath + i + ".png"): Taking screenshot successfully

2020-03-20 04:56:48 - [MESSAGE][PASSED] - Taking screenshot successfully
[[ATTACHMENT|D:\\Test\\AgileTest\\Reports\\HIC\\hic\\20200320_045005\\../Screenshots/iPhone 6/HIC/Teladoc/Teladoc/20200320_045639/1.png]]

2020-03-20 04:56:48 - [TEST_STEP][PASSED] - (internal.GlobalVariable.i++): null

2020-03-20 04:56:48 - [MESSAGE][PASSED] - Call Test Case 'Test Cases/AHI/_include/get_screenshot' successfully

2020-03-20 04:56:48 - [TEST_STEP][PASSED] - Thread.sleep(2000): null

2020-03-20 04:56:50 - [TEST_STEP][PASSED] - setText(findTestObject("hic/stm/census/zip"), "33186"): Text '33186' is set on object 'Object Repository/hic/stm/census/zip'

2020-03-20 04:56:51 - [MESSAGE][PASSED] - Text '33186' is set on object 'Object Repository/hic/stm/census/zip'

2020-03-20 04:56:51 - [TEST_STEP][PASSED] - Thread.sleep(500): null

2020-03-20 04:56:51 - [TEST_STEP][PASSED] - setText(findTestObject("hic/stm/census/primaryDOB"), "03031987"): Text '03031987' is set on object 'Object Repository/hic/stm/census/primaryDOB'

2020-03-20 04:56:51 - [MESSAGE][PASSED] - Text '03031987' is set on object 'Object Repository/hic/stm/census/primaryDOB'

2020-03-20 04:56:51 - [TEST_STEP][PASSED] - click(findTestObject("hic/stm/census/female")): Object: 'Object Repository/hic/stm/census/female' is clicked on

2020-03-20 04:56:52 - [MESSAGE][PASSED] - Object: 'Object Repository/hic/stm/census/female' is clicked on

2020-03-20 04:56:52 - [TEST_STEP][PASSED] - Thread.sleep(3000): null

2020-03-20 04:56:55 - [TEST_STEP][PASSED] - click(findTestObject("hic/teladoc/seePlans")): Object: 'Object Repository/hic/teladoc/seePlans' is clicked on

2020-03-20 04:56:55 - [MESSAGE][PASSED] - Object: 'Object Repository/hic/teladoc/seePlans' is clicked on

2020-03-20 04:56:55 - [TEST_STEP][PASSED] - Thread.sleep(6000): null

2020-03-20 04:57:01 - [TEST_STEP][PASSED] - callTestCase(findTestCase("AHI/_include/get_screenshot"), [:], STOP_ON_FAILURE): Call Test Case 'Test Cases/AHI/_include/get_screenshot' successfully

2020-03-20 04:57:01 - [TEST_CASE][PASSED] - Test Cases/AHI/_include/get_screenshot: Test Cases/AHI/_include/get_screenshot

2020-03-20 04:57:01 - [TEST_STEP][PASSED] - Thread.sleep(1000): null

2020-03-20 04:57:02 - [TEST_STEP][PASSED] - takeScreenshot(screenPath + i + ".png"): Taking screenshot successfully

2020-03-20 04:57:03 - [MESSAGE][PASSED] - Taking screenshot successfully
[[ATTACHMENT|D:\\Test\\AgileTest\\Reports\\HIC\\hic\\20200320_045005\\../Screenshots/iPhone 6/HIC/Teladoc/Teladoc/20200320_045639/2.png]]

2020-03-20 04:57:03 - [TEST_STEP][PASSED] - (internal.GlobalVariable.i++): null

2020-03-20 04:57:03 - [MESSAGE][PASSED] - Call Test Case 'Test Cases/AHI/_include/get_screenshot' successfully

2020-03-20 04:57:03 - [TEST_STEP][PASSED] - Thread.sleep(1000): null

2020-03-20 04:57:04 - [TEST_STEP][FAILED] - click(findTestObject("mobileSanity/Teladoc/census/get_a_quote")): click(findTestObject("mobileSanity/Teladoc/census/get_a_quote")) FAILED.
Reason:
com.kms.katalon.core.exception.StepFailedException: Unable to click on object 'Object Repository/mobileSanity/Teladoc/census/get_a_quote' (Root cause: com.kms.katalon.core.webui.exception.WebElementNotFoundException: Web element with id: 'Object Repository/mobileSanity/Teladoc/census/get_a_quote' located by 'By.xpath: //label[@id = 'js-see-plans']' not found)
	at com.kms.katalon.core.keyword.internal.KeywordMain.stepFailed(KeywordMain.groovy:36)
	at com.kms.katalon.core.webui.keyword.internal.WebUIKeywordMain.stepFailed(WebUIKeywordMain.groovy:65)
	at com.kms.katalon.core.webui.keyword.internal.WebUIKeywordMain.runKeyword(WebUIKeywordMain.groovy:27)
	at com.kms.katalon.core.webui.keyword.builtin.ClickKeyword.click(ClickKeyword.groovy:86)
	at com.kms.katalon.core.webui.keyword.builtin.ClickKeyword.execute(ClickKeyword.groovy:67)
	at com.kms.katalon.core.keyword.internal.KeywordExecutor.executeKeywordForPlatform(KeywordExecutor.groovy:53)
	at com.kms.katalon.core.webui.keyword.WebUiBuiltInKeywords.click(WebUiBuiltInKeywords.groovy:616)
	at com.kms.katalon.core.webui.keyword.WebUiBuiltInKeywords$click$4.call(Unknown Source)
	at Teladoc.run(Teladoc:73)
	at com.kms.katalon.core.main.ScriptEngine.run(ScriptEngine.java:194)
	at com.kms.katalon.core.main.ScriptEngine.runScriptAsRawText(ScriptEngine.java:119)
	at com.kms.katalon.core.main.TestCaseExecutor.runScript(TestCaseExecutor.java:328)
	at com.kms.katalon.core.main.TestCaseExecutor.doExecute(TestCaseExecutor.java:319)
	at com.kms.katalon.core.main.TestCaseExecutor.processExecutionPhase(TestCaseExecutor.java:298)
	at com.kms.katalon.core.main.TestCaseExecutor.accessMainPhase(TestCaseExecutor.java:290)
	at com.kms.katalon.core.main.TestCaseExecutor.execute(TestCaseExecutor.java:224)
	at com.kms.katalon.core.main.TestSuiteExecutor.accessTestCaseMainPhase(TestSuiteExecutor.java:129)
	at com.kms.katalon.core.main.TestSuiteExecutor.accessTestSuiteMainPhase(TestSuiteExecutor.java:112)
	at com.kms.katalon.core.main.TestSuiteExecutor.execute(TestSuiteExecutor.java:81)
	at com.kms.katalon.core.main.TestCaseMain.startTestSuite(TestCaseMain.java:149)
	at com.kms.katalon.core.main.TestCaseMain$startTestSuite$0.call(Unknown Source)
	at TempTestSuite1584694206006.run(TempTestSuite1584694206006.groovy:36)


2020-03-20 04:57:25 - [MESSAGE][INFO] - Unable to find the element located by 'By.xpath: //label[@id = 'js-see-plans']'. Please recheck the objects properties to make sure the desired element is located. 

2020-03-20 04:57:26 - [MESSAGE][FAILED] - Unable to click on object 'Object Repository/mobileSanity/Teladoc/census/get_a_quote' (Root cause: com.kms.katalon.core.webui.exception.WebElementNotFoundException: Web element with id: 'Object Repository/mobileSanity/Teladoc/census/get_a_quote' located by 'By.xpath: //label[@id = 'js-see-plans']' not found)
[[ATTACHMENT|D:\\Test\\AgileTest\\Reports\\HIC\\hic\\20200320_045005\\1584694645660.png]]

2020-03-20 04:57:26 - [MESSAGE][FAILED] - click(findTestObject("mobileSanity/Teladoc/census/get_a_quote")) FAILED.
Reason:
com.kms.katalon.core.exception.StepFailedException: Unable to click on object 'Object Repository/mobileSanity/Teladoc/census/get_a_quote' (Root cause: com.kms.katalon.core.webui.exception.WebElementNotFoundException: Web element with id: 'Object Repository/mobileSanity/Teladoc/census/get_a_quote' located by 'By.xpath: //label[@id = 'js-see-plans']' not found)
	at com.kms.katalon.core.keyword.internal.KeywordMain.stepFailed(KeywordMain.groovy:36)
	at com.kms.katalon.core.webui.keyword.internal.WebUIKeywordMain.stepFailed(WebUIKeywordMain.groovy:65)
	at com.kms.katalon.core.webui.keyword.internal.WebUIKeywordMain.runKeyword(WebUIKeywordMain.groovy:27)
	at com.kms.katalon.core.webui.keyword.builtin.ClickKeyword.click(ClickKeyword.groovy:86)
	at com.kms.katalon.core.webui.keyword.builtin.ClickKeyword.execute(ClickKeyword.groovy:67)
	at com.kms.katalon.core.keyword.internal.KeywordExecutor.executeKeywordForPlatform(KeywordExecutor.groovy:53)
	at com.kms.katalon.core.webui.keyword.WebUiBuiltInKeywords.click(WebUiBuiltInKeywords.groovy:616)
	at com.kms.katalon.core.webui.keyword.WebUiBuiltInKeywords$click$4.call(Unknown Source)
	at Teladoc.run(Teladoc:73)
	at com.kms.katalon.core.main.ScriptEngine.run(ScriptEngine.java:194)
	at com.kms.katalon.core.main.ScriptEngine.runScriptAsRawText(ScriptEngine.java:119)
	at com.kms.katalon.core.main.TestCaseExecutor.runScript(TestCaseExecutor.java:328)
	at com.kms.katalon.core.main.TestCaseExecutor.doExecute(TestCaseExecutor.java:319)
	at com.kms.katalon.core.main.TestCaseExecutor.processExecutionPhase(TestCaseExecutor.java:298)
	at com.kms.katalon.core.main.TestCaseExecutor.accessMainPhase(TestCaseExecutor.java:290)
	at com.kms.katalon.core.main.TestCaseExecutor.execute(TestCaseExecutor.java:224)
	at com.kms.katalon.core.main.TestSuiteExecutor.accessTestCaseMainPhase(TestSuiteExecutor.java:129)
	at com.kms.katalon.core.main.TestSuiteExecutor.accessTestSuiteMainPhase(TestSuiteExecutor.java:112)
	at com.kms.katalon.core.main.TestSuiteExecutor.execute(TestSuiteExecutor.java:81)
	at com.kms.katalon.core.main.TestCaseMain.startTestSuite(TestCaseMain.java:149)
	at com.kms.katalon.core.main.TestCaseMain$startTestSuite$0.call(Unknown Source)
	at TempTestSuite1584694206006.run(TempTestSuite1584694206006.groovy:36)]]></system-out>
         <system-err><![CDATA[2020-03-20 04:56:39 - [TEST_CASE][FAILED] - Test Cases/HIC/New/Teladoc: Test Cases/HIC/New/Teladoc FAILED.
Reason:
com.kms.katalon.core.exception.StepFailedException: Unable to click on object 'Object Repository/mobileSanity/Teladoc/census/get_a_quote' (Root cause: com.kms.katalon.core.webui.exception.WebElementNotFoundException: Web element with id: 'Object Repository/mobileSanity/Teladoc/census/get_a_quote' located by 'By.xpath: //label[@id = 'js-see-plans']' not found)
	at com.kms.katalon.core.keyword.internal.KeywordMain.stepFailed(KeywordMain.groovy:36)
	at com.kms.katalon.core.webui.keyword.internal.WebUIKeywordMain.stepFailed(WebUIKeywordMain.groovy:65)
	at com.kms.katalon.core.webui.keyword.internal.WebUIKeywordMain.runKeyword(WebUIKeywordMain.groovy:27)
	at com.kms.katalon.core.webui.keyword.builtin.ClickKeyword.click(ClickKeyword.groovy:86)
	at com.kms.katalon.core.webui.keyword.builtin.ClickKeyword.execute(ClickKeyword.groovy:67)
	at com.kms.katalon.core.keyword.internal.KeywordExecutor.executeKeywordForPlatform(KeywordExecutor.groovy:53)
	at com.kms.katalon.core.webui.keyword.WebUiBuiltInKeywords.click(WebUiBuiltInKeywords.groovy:616)
	at com.kms.katalon.core.webui.keyword.WebUiBuiltInKeywords$click$4.call(Unknown Source)
	at Teladoc.run(Teladoc:73)
	at com.kms.katalon.core.main.ScriptEngine.run(ScriptEngine.java:194)
	at com.kms.katalon.core.main.ScriptEngine.runScriptAsRawText(ScriptEngine.java:119)
	at com.kms.katalon.core.main.TestCaseExecutor.runScript(TestCaseExecutor.java:328)
	at com.kms.katalon.core.main.TestCaseExecutor.doExecute(TestCaseExecutor.java:319)
	at com.kms.katalon.core.main.TestCaseExecutor.processExecutionPhase(TestCaseExecutor.java:298)
	at com.kms.katalon.core.main.TestCaseExecutor.accessMainPhase(TestCaseExecutor.java:290)
	at com.kms.katalon.core.main.TestCaseExecutor.execute(TestCaseExecutor.java:224)
	at com.kms.katalon.core.main.TestSuiteExecutor.accessTestCaseMainPhase(TestSuiteExecutor.java:129)
	at com.kms.katalon.core.main.TestSuiteExecutor.accessTestSuiteMainPhase(TestSuiteExecutor.java:112)
	at com.kms.katalon.core.main.TestSuiteExecutor.execute(TestSuiteExecutor.java:81)
	at com.kms.katalon.core.main.TestCaseMain.startTestSuite(TestCaseMain.java:149)
	at com.kms.katalon.core.main.TestCaseMain$startTestSuite$0.call(Unknown Source)
	at TempTestSuite1584694206006.run(TempTestSuite1584694206006.groovy:36)]]></system-err>
      </testcase>
      <system-out><![CDATA[2020-03-20 04:50:08 - [TEST_SUITE][FAILED] - hic: Test Cases/HIC/New/Pet FAILED.
Reason:
com.kms.katalon.core.exception.StepFailedException: Unable to set text 'Test cat' of object 'Object Repository/mobileSanity/Pet Insurance/name-input' (Root cause: com.kms.katalon.core.webui.exception.WebElementNotFoundException: Web element with id: 'Object Repository/mobileSanity/Pet Insurance/name-input' located by 'By.xpath: //*[@id = 'name-input']' not found)
	at com.kms.katalon.core.keyword.internal.KeywordMain.stepFailed(KeywordMain.groovy:36)
	at com.kms.katalon.core.webui.keyword.internal.WebUIKeywordMain.stepFailed(WebUIKeywordMain.groovy:65)
	at com.kms.katalon.core.webui.keyword.internal.WebUIKeywordMain.runKeyword(WebUIKeywordMain.groovy:27)
	at com.kms.katalon.core.webui.keyword.builtin.SetTextKeyword.setText(SetTextKeyword.groovy:65)
	at com.kms.katalon.core.webui.keyword.builtin.SetTextKeyword.execute(SetTextKeyword.groovy:37)
	at com.kms.katalon.core.keyword.internal.KeywordExecutor.executeKeywordForPlatform(KeywordExecutor.groovy:53)
	at com.kms.katalon.core.webui.keyword.WebUiBuiltInKeywords.setText(WebUiBuiltInKeywords.groovy:950)
	at com.kms.katalon.core.webui.keyword.WebUiBuiltInKeywords$setText$2.call(Unknown Source)
	at Pet.run(Pet:75)
	at com.kms.katalon.core.main.ScriptEngine.run(ScriptEngine.java:194)
	at com.kms.katalon.core.main.ScriptEngine.runScriptAsRawText(ScriptEngine.java:119)
	at com.kms.katalon.core.main.TestCaseExecutor.runScript(TestCaseExecutor.java:328)
	at com.kms.katalon.core.main.TestCaseExecutor.doExecute(TestCaseExecutor.java:319)
	at com.kms.katalon.core.main.TestCaseExecutor.processExecutionPhase(TestCaseExecutor.java:298)
	at com.kms.katalon.core.main.TestCaseExecutor.accessMainPhase(TestCaseExecutor.java:290)
	at com.kms.katalon.core.main.TestCaseExecutor.execute(TestCaseExecutor.java:224)
	at com.kms.katalon.core.main.TestSuiteExecutor.accessTestCaseMainPhase(TestSuiteExecutor.java:129)
	at com.kms.katalon.core.main.TestSuiteExecutor.accessTestSuiteMainPhase(TestSuiteExecutor.java:112)
	at com.kms.katalon.core.main.TestSuiteExecutor.execute(TestSuiteExecutor.java:81)
	at com.kms.katalon.core.main.TestCaseMain.startTestSuite(TestCaseMain.java:149)
	at com.kms.katalon.core.main.TestCaseMain$startTestSuite$0.call(Unknown Source)
	at TempTestSuite1584694206006.run(TempTestSuite1584694206006.groovy:36)]]></system-out>
      <system-err><![CDATA[2020-03-20 04:50:08 - [TEST_SUITE][FAILED] - hic: Test Cases/HIC/New/Pet FAILED.
Reason:
com.kms.katalon.core.exception.StepFailedException: Unable to set text 'Test cat' of object 'Object Repository/mobileSanity/Pet Insurance/name-input' (Root cause: com.kms.katalon.core.webui.exception.WebElementNotFoundException: Web element with id: 'Object Repository/mobileSanity/Pet Insurance/name-input' located by 'By.xpath: //*[@id = 'name-input']' not found)
	at com.kms.katalon.core.keyword.internal.KeywordMain.stepFailed(KeywordMain.groovy:36)
	at com.kms.katalon.core.webui.keyword.internal.WebUIKeywordMain.stepFailed(WebUIKeywordMain.groovy:65)
	at com.kms.katalon.core.webui.keyword.internal.WebUIKeywordMain.runKeyword(WebUIKeywordMain.groovy:27)
	at com.kms.katalon.core.webui.keyword.builtin.SetTextKeyword.setText(SetTextKeyword.groovy:65)
	at com.kms.katalon.core.webui.keyword.builtin.SetTextKeyword.execute(SetTextKeyword.groovy:37)
	at com.kms.katalon.core.keyword.internal.KeywordExecutor.executeKeywordForPlatform(KeywordExecutor.groovy:53)
	at com.kms.katalon.core.webui.keyword.WebUiBuiltInKeywords.setText(WebUiBuiltInKeywords.groovy:950)
	at com.kms.katalon.core.webui.keyword.WebUiBuiltInKeywords$setText$2.call(Unknown Source)
	at Pet.run(Pet:75)
	at com.kms.katalon.core.main.ScriptEngine.run(ScriptEngine.java:194)
	at com.kms.katalon.core.main.ScriptEngine.runScriptAsRawText(ScriptEngine.java:119)
	at com.kms.katalon.core.main.TestCaseExecutor.runScript(TestCaseExecutor.java:328)
	at com.kms.katalon.core.main.TestCaseExecutor.doExecute(TestCaseExecutor.java:319)
	at com.kms.katalon.core.main.TestCaseExecutor.processExecutionPhase(TestCaseExecutor.java:298)
	at com.kms.katalon.core.main.TestCaseExecutor.accessMainPhase(TestCaseExecutor.java:290)
	at com.kms.katalon.core.main.TestCaseExecutor.execute(TestCaseExecutor.java:224)
	at com.kms.katalon.core.main.TestSuiteExecutor.accessTestCaseMainPhase(TestSuiteExecutor.java:129)
	at com.kms.katalon.core.main.TestSuiteExecutor.accessTestSuiteMainPhase(TestSuiteExecutor.java:112)
	at com.kms.katalon.core.main.TestSuiteExecutor.execute(TestSuiteExecutor.java:81)
	at com.kms.katalon.core.main.TestCaseMain.startTestSuite(TestCaseMain.java:149)
	at com.kms.katalon.core.main.TestCaseMain$startTestSuite$0.call(Unknown Source)
	at TempTestSuite1584694206006.run(TempTestSuite1584694206006.groovy:36)]]></system-err>
   </testsuite>
</testsuites>
