<?xml version="1.0" encoding="UTF-8"?>
<testsuites name="hic" time="805" tests="6" failures="0" errors="2">
   <testsuite name="hic" tests="6" failures="0" errors="2" time="805" timestamp="2020-04-23 08:00:53" hostname="Administrator - 172.30.0.53" id="Test Suites/HIC/hic">
      <properties>
         <property name="deviceName" value=""/>
         <property name="devicePlatform" value=""/>
         <property name="logFolder" value="D:\\Test\\AgileTest\\Reports\\HIC\\hic\\20200423_080047"/>
         <property name="logFiles" value="D:\\Test\\AgileTest\\Reports\\HIC\\hic\\20200423_080047\\execution0.log"/>
         <property name="attachments" value="D:\\Test\\AgileTest\\Reports\\HIC\\hic\\20200423_080047\\../Screenshots/iPhone 6/HIC/ACA/ACA/20200423_080059/0.png, D:\\Test\\AgileTest\\Reports\\HIC\\hic\\20200423_080047\\../Screenshots/iPhone 6/HIC/ACA/ACA/20200423_080059/1.png, D:\\Test\\AgileTest\\Reports\\HIC\\hic\\20200423_080047\\../Screenshots/iPhone 6/HIC/ACA/ACA/20200423_080059/2.png, D:\\Test\\AgileTest\\Reports\\HIC\\hic\\20200423_080047\\../Screenshots/iPhone 6/HIC/Cancer/Cancer/20200423_080147/0.png, D:\\Test\\AgileTest\\Reports\\HIC\\hic\\20200423_080047\\../Screenshots/iPhone 6/HIC/Cancer/Cancer/20200423_080147/1.png, D:\\Test\\AgileTest\\Reports\\HIC\\hic\\20200423_080047\\../Screenshots/iPhone 6/HIC/Cancer/Cancer/20200423_080147/2.png, D:\\Test\\AgileTest\\Reports\\HIC\\hic\\20200423_080047\\../Screenshots/iPhone 6/HIC/Cancer/Cancer/20200423_080147/3.png, D:\\Test\\AgileTest\\Reports\\HIC\\hic\\20200423_080047\\../Screenshots/iPhone 6/HIC/Cancer/Cancer/20200423_080147/4.png, D:\\Test\\AgileTest\\Reports\\HIC\\hic\\20200423_080047\\../Screenshots/iPhone 6/HIC/Cancer/Cancer/20200423_080147/5.png, D:\\Test\\AgileTest\\Reports\\HIC\\hic\\20200423_080047\\../Screenshots/iPhone 6/HIC/Cancer/Cancer/20200423_080147/6.png, D:\\Test\\AgileTest\\Reports\\HIC\\hic\\20200423_080047\\../Screenshots/iPhone 6/HIC/Cancer/Cancer/20200423_080147/7.png, D:\\Test\\AgileTest\\Reports\\HIC\\hic\\20200423_080047\\../Screenshots/iPhone 6/HIC/Cancer/Cancer/20200423_080147/8.png, D:\\Test\\AgileTest\\Reports\\HIC\\hic\\20200423_080047\\../Screenshots/iPhone 6/HIC/Cancer/Cancer/20200423_080147/9.png, D:\\Test\\AgileTest\\Reports\\HIC\\hic\\20200423_080047\\../Screenshots/iPhone 6/HIC/Cancer/Cancer/20200423_080147/10.png, D:\\Test\\AgileTest\\Reports\\HIC\\hic\\20200423_080047\\../Screenshots/iPhone 6/HIC/Dental/USA Access/20200423_080346/0.png, D:\\Test\\AgileTest\\Reports\\HIC\\hic\\20200423_080047\\../Screenshots/iPhone 6/HIC/Dental/USA Access/20200423_080346/1.png, D:\\Test\\AgileTest\\Reports\\HIC\\hic\\20200423_080047\\../Screenshots/iPhone 6/HIC/Dental/USA Access/20200423_080346/2.png, D:\\Test\\AgileTest\\Reports\\HIC\\hic\\20200423_080047\\../Screenshots/iPhone 6/HIC/Dental/USA Access/20200423_080346/3.png, D:\\Test\\AgileTest\\Reports\\HIC\\hic\\20200423_080047\\../Screenshots/iPhone 6/HIC/Dental/USA Access/20200423_080346/4.png, D:\\Test\\AgileTest\\Reports\\HIC\\hic\\20200423_080047\\../Screenshots/iPhone 6/HIC/Dental/USA Access/20200423_080346/5.png, D:\\Test\\AgileTest\\Reports\\HIC\\hic\\20200423_080047\\../Screenshots/iPhone 6/HIC/Dental/USA Access/20200423_080346/6.png, D:\\Test\\AgileTest\\Reports\\HIC\\hic\\20200423_080047\\../Screenshots/iPhone 6/HIC/Dental/USA Access/20200423_080346/7.png, D:\\Test\\AgileTest\\Reports\\HIC\\hic\\20200423_080047\\../Screenshots/iPhone 6/HIC/Dental/USA Access/20200423_080346/8.png, D:\\Test\\AgileTest\\Reports\\HIC\\hic\\20200423_080047\\../Screenshots/iPhone 6/HIC/Dental/USA Access/20200423_080346/9.png, D:\\Test\\AgileTest\\Reports\\HIC\\hic\\20200423_080047\\../Screenshots/iPhone 6/HIC/HBI/HBI/20200423_080654/0.png, D:\\Test\\AgileTest\\Reports\\HIC\\hic\\20200423_080047\\../Screenshots/iPhone 6/HIC/HBI/HBI/20200423_080654/1.png, D:\\Test\\AgileTest\\Reports\\HIC\\hic\\20200423_080047\\../Screenshots/iPhone 6/HIC/Medicare/Medicare/20200423_080802/0.png, D:\\Test\\AgileTest\\Reports\\HIC\\hic\\20200423_080047\\../Screenshots/iPhone 6/HIC/Medicare/Medicare/20200423_080802/1.png, D:\\Test\\AgileTest\\Reports\\HIC\\hic\\20200423_080047\\../Screenshots/iPhone 6/HIC/Medicare/Medicare/20200423_080802/2.png, D:\\Test\\AgileTest\\Reports\\HIC\\hic\\20200423_080047\\../Screenshots/iPhone 6/HIC/Pet/Pet/20200423_080854/0.png, D:\\Test\\AgileTest\\Reports\\HIC\\hic\\20200423_080047\\../Screenshots/iPhone 6/HIC/Pet/Pet/20200423_080854/1.png, D:\\Test\\AgileTest\\Reports\\HIC\\hic\\20200423_080047\\../Screenshots/iPhone 6/HIC/Pet/Pet/20200423_080854/2.png, D:\\Test\\AgileTest\\Reports\\HIC\\hic\\20200423_080047\\../Screenshots/iPhone 6/HIC/Pet/Pet/20200423_080854/3.png, D:\\Test\\AgileTest\\Reports\\HIC\\hic\\20200423_080047\\../Screenshots/iPhone 6/HIC/Pet/Pet/20200423_080854/4.png, D:\\Test\\AgileTest\\Reports\\HIC\\hic\\20200423_080047\\../Screenshots/iPhone 6/HIC/Pet/Pet/20200423_080854/5.png, D:\\Test\\AgileTest\\Reports\\HIC\\hic\\20200423_080047\\../Screenshots/iPhone 6/HIC/Pet/Pet/20200423_080854/6.png, D:\\Test\\AgileTest\\Reports\\HIC\\hic\\20200423_080047\\../Screenshots/iPhone 6/HIC/Pet/Pet/20200423_080854/7.png, D:\\Test\\AgileTest\\Reports\\HIC\\hic\\20200423_080047\\../Screenshots/iPhone 6/HIC/Pet/Pet/20200423_080854/8.png, D:\\Test\\AgileTest\\Reports\\HIC\\hic\\20200423_080047\\../Screenshots/iPhone 6/HIC/Pet/Pet/20200423_080854/9.png, D:\\Test\\AgileTest\\Reports\\HIC\\hic\\20200423_080047\\../Screenshots/iPhone 6/HIC/Pet/Pet/20200423_080854/10.png, D:\\Test\\AgileTest\\Reports\\HIC\\hic\\20200423_080047\\../Screenshots/iPhone 6/HIC/STM/STM/20200423_081054/0.png, D:\\Test\\AgileTest\\Reports\\HIC\\hic\\20200423_080047\\../Screenshots/iPhone 6/HIC/STM/STM/20200423_081054/1.png, D:\\Test\\AgileTest\\Reports\\HIC\\hic\\20200423_080047\\../Screenshots/iPhone 6/HIC/Teladoc/Teladoc/20200423_081201/0.png, D:\\Test\\AgileTest\\Reports\\HIC\\hic\\20200423_080047\\../Screenshots/iPhone 6/HIC/Teladoc/Teladoc/20200423_081201/1.png, D:\\Test\\AgileTest\\Reports\\HIC\\hic\\20200423_080047\\../Screenshots/iPhone 6/HIC/Teladoc/Teladoc/20200423_081201/2.png, D:\\Test\\AgileTest\\Reports\\HIC\\hic\\20200423_080047\\../Screenshots/iPhone 6/HIC/Teladoc/Teladoc/20200423_081201/3.png, D:\\Test\\AgileTest\\Reports\\HIC\\hic\\20200423_080047\\../Screenshots/iPhone 6/HIC/Teladoc/Teladoc/20200423_081201/4.png, D:\\Test\\AgileTest\\Reports\\HIC\\hic\\20200423_080047\\../Screenshots/iPhone 6/HIC/Teladoc/Teladoc/20200423_081201/5.png, D:\\Test\\AgileTest\\Reports\\HIC\\hic\\20200423_080047\\../Screenshots/iPhone 6/HIC/Teladoc/Teladoc/20200423_081201/6.png, D:\\Test\\AgileTest\\Reports\\HIC\\hic\\20200423_080047\\../Screenshots/iPhone 6/HIC/Teladoc/Teladoc/20200423_081201/7.png"/>
         <property name="hostName" value="Administrator - 172.30.0.53"/>
         <property name="os" value="Windows Server 2012 R2 64bit"/>
         <property name="katalonVersion" value="5.10.1.1"/>
         <property name="browser" value="Safari 11"/>
         <property name="hostAddress" value="172.30.0.53"/>
         <property name="sessionId" value="f7a1dbc24247ccf65ae7fb43d6fbb2da"/>
         <property name="seleniumVersion" value="3.7.1"/>
         <property name="proxyInformation" value="ProxyInformation{proxyOption=NO_PROXY, proxyServerType=HTTP, password=, proxyServerAddress=, proxyServerPort=0}"/>
         <property name="platform" value="Windows Server 2012 R2"/>
      </properties>
      <testcase name="Test Cases/HIC/New/ACA" classname="Test Cases/HIC/New/ACA" status="PASSED">
         <system-out><![CDATA[2020-04-23 08:00:55 - [TEST_CASE][PASSED] - Test Cases/HIC/New/ACA: Test Cases/HIC/New/ACA

2020-04-23 08:00:57 - [TEST_STEP][PASSED] - callTestCase(findTestCase("HIC/_include/get_hicScreenPath"), ["project":"HIC", "productLine":"ACA", "carrierName":"ACA"], CONTINUE_ON_FAILURE): Call Test Case 'Test Cases/HIC/_include/get_hicScreenPath' successfully

2020-04-23 08:00:58 - [TEST_CASE][PASSED] - Test Cases/HIC/_include/get_hicScreenPath: Test Cases/HIC/_include/get_hicScreenPath

2020-04-23 08:00:59 - [TEST_STEP][PASSED] - m = getExecutionProperties(): null

2020-04-23 08:00:59 - [TEST_STEP][PASSED] - deviceName = get("mobileEmulation").get("deviceName"): null

2020-04-23 08:00:59 - [TEST_STEP][PASSED] - println(deviceName): null

2020-04-23 08:00:59 - [TEST_STEP][PASSED] - now = new java.util.Date(): null

2020-04-23 08:00:59 - [TEST_STEP][PASSED] - mydate = now.format("yyyyMMdd_HHmmss"): null

2020-04-23 08:00:59 - [TEST_STEP][PASSED] - screenPath = "../Screenshots/": null

2020-04-23 08:00:59 - [TEST_STEP][PASSED] - screenPath = screenPath + deviceName + "/" + project + "/" + productLine + "/" + carrierName + "/" + mydate + "/": null

2020-04-23 08:00:59 - [TEST_STEP][PASSED] - println(screenPath): null

2020-04-23 08:00:59 - [MESSAGE][PASSED] - Call Test Case 'Test Cases/HIC/_include/get_hicScreenPath' successfully

2020-04-23 08:00:59 - [TEST_STEP][PASSED] - i = 0: null

2020-04-23 08:00:59 - [TEST_STEP][PASSED] - callTestCase(findTestCase("AHI/_include/openWebSite"), ["env":env], CONTINUE_ON_FAILURE): Call Test Case 'Test Cases/AHI/_include/openWebSite' successfully

2020-04-23 08:00:59 - [TEST_CASE][PASSED] - Test Cases/AHI/_include/openWebSite: Test Cases/AHI/_include/openWebSite

2020-04-23 08:01:01 - [TEST_STEP][PASSED] - openBrowser(env): Browser is opened with url: 'https://qa.healthinsurance.com'

2020-04-23 08:01:02 - [MESSAGE][INFO] - Starting 'Chrome' driver

2020-04-23 08:01:02 - [MESSAGE][INFO] - User set preference: ['mobileEmulation', '{deviceName=iPhone 6}']

2020-04-23 08:01:02 - [MESSAGE][INFO] - User set preference: ['args', '[--incognito, --aggressive-cache-discard, --window-size=375,677, --no-sandbox, --ignore-certificate-errors]']

2020-04-23 08:01:02 - [MESSAGE][INFO] - Action delay is set to 0 seconds

2020-04-23 08:01:27 - [MESSAGE][PASSED] - Browser is opened with url: 'https://qa.healthinsurance.com'

2020-04-23 08:01:27 - [TEST_STEP][PASSED] - waitForPageLoad(20): Wait for page load successfully

2020-04-23 08:01:27 - [MESSAGE][PASSED] - Wait for page load successfully

2020-04-23 08:01:27 - [TEST_STEP][PASSED] - callTestCase(findTestCase("AHI/_include/get_screenshot"), [:], STOP_ON_FAILURE): Call Test Case 'Test Cases/AHI/_include/get_screenshot' successfully

2020-04-23 08:01:27 - [TEST_CASE][PASSED] - Test Cases/AHI/_include/get_screenshot: Test Cases/AHI/_include/get_screenshot

2020-04-23 08:01:28 - [TEST_STEP][PASSED] - Thread.sleep(1000): null

2020-04-23 08:01:29 - [TEST_STEP][PASSED] - takeScreenshot(screenPath + i + ".png"): Taking screenshot successfully

2020-04-23 08:01:29 - [MESSAGE][PASSED] - Taking screenshot successfully
[[ATTACHMENT|D:\\Test\\AgileTest\\Reports\\HIC\\hic\\20200423_080047\\../Screenshots/iPhone 6/HIC/ACA/ACA/20200423_080059/0.png]]

2020-04-23 08:01:29 - [TEST_STEP][PASSED] - (internal.GlobalVariable.i++): null

2020-04-23 08:01:29 - [MESSAGE][PASSED] - Call Test Case 'Test Cases/AHI/_include/get_screenshot' successfully

2020-04-23 08:01:29 - [MESSAGE][PASSED] - Call Test Case 'Test Cases/AHI/_include/openWebSite' successfully

2020-04-23 08:01:29 - [TEST_STEP][PASSED] - driver = getWebDriver(): null

2020-04-23 08:01:29 - [TEST_STEP][PASSED] - baseUrl = env: null

2020-04-23 08:01:29 - [TEST_STEP][PASSED] - selenium = new com.thoughtworks.selenium.webdriven.WebDriverBackedSelenium(driver, baseUrl): null

2020-04-23 08:01:29 - [TEST_STEP][PASSED] - selenium.click("//span[@class='navbar-toggler-icon']"): null

2020-04-23 08:01:30 - [TEST_STEP][PASSED] - selenium.click("//a[@class='dropdown-toggle nav-link']"): null

2020-04-23 08:01:30 - [TEST_STEP][PASSED] - selenium.click("//a[contains(text(),'ACA Health Insurance')]"): null

2020-04-23 08:01:32 - [TEST_STEP][PASSED] - for ([second = 0, second < 10, (second++)]): null

2020-04-23 08:01:32 - [TEST_STEP][PASSED] - try: null

2020-04-23 08:01:32 - [TEST_STEP][PASSED] - if (selenium.isElementPresent("id=zip")): null

2020-04-23 08:01:32 - [TEST_STEP][PASSED] - break: null

2020-04-23 08:01:32 - [TEST_STEP][PASSED] - callTestCase(findTestCase("AHI/_include/get_screenshot"), [:], STOP_ON_FAILURE): Call Test Case 'Test Cases/AHI/_include/get_screenshot' successfully

2020-04-23 08:01:32 - [TEST_CASE][PASSED] - Test Cases/AHI/_include/get_screenshot: Test Cases/AHI/_include/get_screenshot

2020-04-23 08:01:32 - [TEST_STEP][PASSED] - Thread.sleep(1000): null

2020-04-23 08:01:33 - [TEST_STEP][PASSED] - takeScreenshot(screenPath + i + ".png"): Taking screenshot successfully

2020-04-23 08:01:33 - [MESSAGE][PASSED] - Taking screenshot successfully
[[ATTACHMENT|D:\\Test\\AgileTest\\Reports\\HIC\\hic\\20200423_080047\\../Screenshots/iPhone 6/HIC/ACA/ACA/20200423_080059/1.png]]

2020-04-23 08:01:33 - [TEST_STEP][PASSED] - (internal.GlobalVariable.i++): null

2020-04-23 08:01:33 - [MESSAGE][PASSED] - Call Test Case 'Test Cases/AHI/_include/get_screenshot' successfully

2020-04-23 08:01:33 - [TEST_STEP][PASSED] - setText(findTestObject("hic/medicare/zip"), "33186"): Text '33186' is set on object 'Object Repository/hic/medicare/zip'

2020-04-23 08:01:34 - [MESSAGE][PASSED] - Text '33186' is set on object 'Object Repository/hic/medicare/zip'

2020-04-23 08:01:34 - [TEST_STEP][PASSED] - Thread.sleep(3000): null

2020-04-23 08:01:37 - [TEST_STEP][PASSED] - selenium.click("//button[contains(text(),'Compare Plans')]"): null

2020-04-23 08:01:45 - [TEST_STEP][PASSED] - for ([second = 0, second < 10, (second++)]): null

2020-04-23 08:01:45 - [TEST_STEP][PASSED] - try: null

2020-04-23 08:01:45 - [TEST_STEP][PASSED] - if (selenium.isElementPresent("id=js-census-bar")): null

2020-04-23 08:01:45 - [TEST_STEP][PASSED] - break: null

2020-04-23 08:01:45 - [TEST_STEP][PASSED] - callTestCase(findTestCase("AHI/_include/get_screenshot"), [:], STOP_ON_FAILURE): Call Test Case 'Test Cases/AHI/_include/get_screenshot' successfully

2020-04-23 08:01:45 - [TEST_CASE][PASSED] - Test Cases/AHI/_include/get_screenshot: Test Cases/AHI/_include/get_screenshot

2020-04-23 08:01:45 - [TEST_STEP][PASSED] - Thread.sleep(1000): null

2020-04-23 08:01:46 - [TEST_STEP][PASSED] - takeScreenshot(screenPath + i + ".png"): Taking screenshot successfully

2020-04-23 08:01:46 - [MESSAGE][PASSED] - Taking screenshot successfully
[[ATTACHMENT|D:\\Test\\AgileTest\\Reports\\HIC\\hic\\20200423_080047\\../Screenshots/iPhone 6/HIC/ACA/ACA/20200423_080059/2.png]]

2020-04-23 08:01:46 - [TEST_STEP][PASSED] - (internal.GlobalVariable.i++): null

2020-04-23 08:01:46 - [MESSAGE][PASSED] - Call Test Case 'Test Cases/AHI/_include/get_screenshot' successfully]]></system-out>
         <system-err><![CDATA[]]></system-err>
      </testcase>
      <testcase name="Test Cases/HIC/New/Cancer" classname="Test Cases/HIC/New/Cancer" status="PASSED">
         <system-out><![CDATA[2020-04-23 08:01:46 - [TEST_CASE][PASSED] - Test Cases/HIC/New/Cancer: Test Cases/HIC/New/Cancer

2020-04-23 08:01:47 - [TEST_STEP][PASSED] - callTestCase(findTestCase("HIC/_include/get_hicScreenPath"), ["project":"HIC", "productLine":"Cancer", "carrierName":"Cancer"], CONTINUE_ON_FAILURE): Call Test Case 'Test Cases/HIC/_include/get_hicScreenPath' successfully

2020-04-23 08:01:47 - [TEST_CASE][PASSED] - Test Cases/HIC/_include/get_hicScreenPath: Test Cases/HIC/_include/get_hicScreenPath

2020-04-23 08:01:47 - [TEST_STEP][PASSED] - m = getExecutionProperties(): null

2020-04-23 08:01:47 - [TEST_STEP][PASSED] - deviceName = get("mobileEmulation").get("deviceName"): null

2020-04-23 08:01:47 - [TEST_STEP][PASSED] - println(deviceName): null

2020-04-23 08:01:47 - [TEST_STEP][PASSED] - now = new java.util.Date(): null

2020-04-23 08:01:47 - [TEST_STEP][PASSED] - mydate = now.format("yyyyMMdd_HHmmss"): null

2020-04-23 08:01:47 - [TEST_STEP][PASSED] - screenPath = "../Screenshots/": null

2020-04-23 08:01:47 - [TEST_STEP][PASSED] - screenPath = screenPath + deviceName + "/" + project + "/" + productLine + "/" + carrierName + "/" + mydate + "/": null

2020-04-23 08:01:47 - [TEST_STEP][PASSED] - println(screenPath): null

2020-04-23 08:01:47 - [MESSAGE][PASSED] - Call Test Case 'Test Cases/HIC/_include/get_hicScreenPath' successfully

2020-04-23 08:01:47 - [TEST_STEP][PASSED] - i = 0: null

2020-04-23 08:01:47 - [TEST_STEP][PASSED] - callTestCase(findTestCase("AHI/_include/openWebSite"), ["env":env], CONTINUE_ON_FAILURE): Call Test Case 'Test Cases/AHI/_include/openWebSite' successfully

2020-04-23 08:01:47 - [TEST_CASE][PASSED] - Test Cases/AHI/_include/openWebSite: Test Cases/AHI/_include/openWebSite

2020-04-23 08:01:47 - [TEST_STEP][PASSED] - openBrowser(env): Browser is opened with url: 'https://qa.healthinsurance.com'

2020-04-23 08:01:47 - [MESSAGE][WARNING] - A browser is already opened. Closing browser and opening a new one

2020-04-23 08:01:49 - [MESSAGE][INFO] - Starting 'Chrome' driver

2020-04-23 08:01:49 - [MESSAGE][INFO] - User set preference: ['mobileEmulation', '{deviceName=iPhone 6}']

2020-04-23 08:01:49 - [MESSAGE][INFO] - User set preference: ['args', '[--incognito, --aggressive-cache-discard, --window-size=375,677, --no-sandbox, --ignore-certificate-errors]']

2020-04-23 08:02:04 - [MESSAGE][PASSED] - Browser is opened with url: 'https://qa.healthinsurance.com'

2020-04-23 08:02:04 - [TEST_STEP][PASSED] - waitForPageLoad(20): Wait for page load successfully

2020-04-23 08:02:04 - [MESSAGE][PASSED] - Wait for page load successfully

2020-04-23 08:02:04 - [TEST_STEP][PASSED] - callTestCase(findTestCase("AHI/_include/get_screenshot"), [:], STOP_ON_FAILURE): Call Test Case 'Test Cases/AHI/_include/get_screenshot' successfully

2020-04-23 08:02:04 - [TEST_CASE][PASSED] - Test Cases/AHI/_include/get_screenshot: Test Cases/AHI/_include/get_screenshot

2020-04-23 08:02:04 - [TEST_STEP][PASSED] - Thread.sleep(1000): null

2020-04-23 08:02:05 - [TEST_STEP][PASSED] - takeScreenshot(screenPath + i + ".png"): Taking screenshot successfully

2020-04-23 08:02:06 - [MESSAGE][PASSED] - Taking screenshot successfully
[[ATTACHMENT|D:\\Test\\AgileTest\\Reports\\HIC\\hic\\20200423_080047\\../Screenshots/iPhone 6/HIC/Cancer/Cancer/20200423_080147/0.png]]

2020-04-23 08:02:06 - [TEST_STEP][PASSED] - (internal.GlobalVariable.i++): null

2020-04-23 08:02:06 - [MESSAGE][PASSED] - Call Test Case 'Test Cases/AHI/_include/get_screenshot' successfully

2020-04-23 08:02:06 - [MESSAGE][PASSED] - Call Test Case 'Test Cases/AHI/_include/openWebSite' successfully

2020-04-23 08:02:06 - [TEST_STEP][PASSED] - driver = getWebDriver(): null

2020-04-23 08:02:06 - [TEST_STEP][PASSED] - baseUrl = env: null

2020-04-23 08:02:06 - [TEST_STEP][PASSED] - selenium = new com.thoughtworks.selenium.webdriven.WebDriverBackedSelenium(driver, baseUrl): null

2020-04-23 08:02:06 - [TEST_STEP][PASSED] - selenium.click("//span[@class='navbar-toggler-icon']"): null

2020-04-23 08:02:06 - [TEST_STEP][PASSED] - selenium.click("//a[@class='dropdown-toggle nav-link']"): null

2020-04-23 08:02:06 - [TEST_STEP][PASSED] - selenium.click("//a[contains(text(),'Cancer Insurance')]"): null

2020-04-23 08:02:17 - [TEST_STEP][PASSED] - for ([second = 0, second < 10, (second++)]): null

2020-04-23 08:02:17 - [TEST_STEP][PASSED] - try: null

2020-04-23 08:02:17 - [TEST_STEP][PASSED] - if (selenium.isElementPresent("//a[@class='front-door-quote-button']")): null

2020-04-23 08:02:17 - [TEST_STEP][PASSED] - break: null

2020-04-23 08:02:17 - [TEST_STEP][PASSED] - callTestCase(findTestCase("AHI/_include/get_screenshot"), [:], STOP_ON_FAILURE): Call Test Case 'Test Cases/AHI/_include/get_screenshot' successfully

2020-04-23 08:02:17 - [TEST_CASE][PASSED] - Test Cases/AHI/_include/get_screenshot: Test Cases/AHI/_include/get_screenshot

2020-04-23 08:02:17 - [TEST_STEP][PASSED] - Thread.sleep(1000): null

2020-04-23 08:02:18 - [TEST_STEP][PASSED] - takeScreenshot(screenPath + i + ".png"): Taking screenshot successfully

2020-04-23 08:02:19 - [MESSAGE][PASSED] - Taking screenshot successfully
[[ATTACHMENT|D:\\Test\\AgileTest\\Reports\\HIC\\hic\\20200423_080047\\../Screenshots/iPhone 6/HIC/Cancer/Cancer/20200423_080147/1.png]]

2020-04-23 08:02:19 - [TEST_STEP][PASSED] - (internal.GlobalVariable.i++): null

2020-04-23 08:02:19 - [MESSAGE][PASSED] - Call Test Case 'Test Cases/AHI/_include/get_screenshot' successfully

2020-04-23 08:02:19 - [TEST_STEP][PASSED] - selenium.click("//a[@class='front-door-quote-button']"): null

2020-04-23 08:02:20 - [TEST_STEP][PASSED] - for ([second = 0, second < 20, (second++)]): null

2020-04-23 08:02:20 - [TEST_STEP][PASSED] - try: null

2020-04-23 08:02:20 - [TEST_STEP][PASSED] - if (selenium.isElementPresent("id=zip-input")): null

2020-04-23 08:02:20 - [TEST_STEP][PASSED] - break: null

2020-04-23 08:02:20 - [TEST_STEP][PASSED] - callTestCase(findTestCase("AHI/_include/get_screenshot"), [:], STOP_ON_FAILURE): Call Test Case 'Test Cases/AHI/_include/get_screenshot' successfully

2020-04-23 08:02:20 - [TEST_CASE][PASSED] - Test Cases/AHI/_include/get_screenshot: Test Cases/AHI/_include/get_screenshot

2020-04-23 08:02:20 - [TEST_STEP][PASSED] - Thread.sleep(1000): null

2020-04-23 08:02:21 - [TEST_STEP][PASSED] - takeScreenshot(screenPath + i + ".png"): Taking screenshot successfully

2020-04-23 08:02:22 - [MESSAGE][PASSED] - Taking screenshot successfully
[[ATTACHMENT|D:\\Test\\AgileTest\\Reports\\HIC\\hic\\20200423_080047\\../Screenshots/iPhone 6/HIC/Cancer/Cancer/20200423_080147/2.png]]

2020-04-23 08:02:22 - [TEST_STEP][PASSED] - (internal.GlobalVariable.i++): null

2020-04-23 08:02:22 - [MESSAGE][PASSED] - Call Test Case 'Test Cases/AHI/_include/get_screenshot' successfully

2020-04-23 08:02:22 - [TEST_STEP][PASSED] - sendKeys(findTestObject("mobileSanity/Cancer Insurance/zip"), "35216"): Keys '35216' sent to object: 'Object Repository/mobileSanity/Cancer Insurance/zip'

2020-04-23 08:02:22 - [MESSAGE][PASSED] - Keys '35216' sent to object: 'Object Repository/mobileSanity/Cancer Insurance/zip'

2020-04-23 08:02:22 - [TEST_STEP][PASSED] - sendKeys(findTestObject("mobileSanity/Cancer Insurance/dob-0"), "01/01/1990"): Keys '01/01/1990' sent to object: 'Object Repository/mobileSanity/Cancer Insurance/dob-0'

2020-04-23 08:02:22 - [MESSAGE][PASSED] - Keys '01/01/1990' sent to object: 'Object Repository/mobileSanity/Cancer Insurance/dob-0'

2020-04-23 08:02:22 - [TEST_STEP][PASSED] - Thread.sleep(2000): null

2020-04-23 08:02:24 - [TEST_STEP][PASSED] - selenium.click("//label[@for='gender-m-0']"): null

2020-04-23 08:02:24 - [TEST_STEP][PASSED] - Thread.sleep(3000): null

2020-04-23 08:02:27 - [TEST_STEP][PASSED] - selenium.click("id=js-see-plans"): null

2020-04-23 08:02:31 - [TEST_STEP][PASSED] - for ([second = 0, second < 20, (second++)]): null

2020-04-23 08:02:31 - [TEST_STEP][PASSED] - try: null

2020-04-23 08:02:31 - [TEST_STEP][PASSED] - if (selenium.isElementPresent("xpath=//h1[contains(text(),'3 Cancer Insurance Policies Found')]")): null

2020-04-23 08:02:31 - [TEST_STEP][PASSED] - Thread.sleep(1000): null

2020-04-23 08:02:32 - [TEST_STEP][PASSED] - try: null

2020-04-23 08:02:32 - [TEST_STEP][PASSED] - if (selenium.isElementPresent("xpath=//h1[contains(text(),'3 Cancer Insurance Policies Found')]")): null

2020-04-23 08:02:32 - [TEST_STEP][PASSED] - Thread.sleep(1000): null

2020-04-23 08:02:33 - [TEST_STEP][PASSED] - try: null

2020-04-23 08:02:33 - [TEST_STEP][PASSED] - if (selenium.isElementPresent("xpath=//h1[contains(text(),'3 Cancer Insurance Policies Found')]")): null

2020-04-23 08:02:33 - [TEST_STEP][PASSED] - Thread.sleep(1000): null

2020-04-23 08:02:34 - [TEST_STEP][PASSED] - try: null

2020-04-23 08:02:34 - [TEST_STEP][PASSED] - if (selenium.isElementPresent("xpath=//h1[contains(text(),'3 Cancer Insurance Policies Found')]")): null

2020-04-23 08:02:35 - [TEST_STEP][PASSED] - Thread.sleep(1000): null

2020-04-23 08:02:36 - [TEST_STEP][PASSED] - try: null

2020-04-23 08:02:36 - [TEST_STEP][PASSED] - if (selenium.isElementPresent("xpath=//h1[contains(text(),'3 Cancer Insurance Policies Found')]")): null

2020-04-23 08:02:36 - [TEST_STEP][PASSED] - Thread.sleep(1000): null

2020-04-23 08:02:37 - [TEST_STEP][PASSED] - try: null

2020-04-23 08:02:37 - [TEST_STEP][PASSED] - if (selenium.isElementPresent("xpath=//h1[contains(text(),'3 Cancer Insurance Policies Found')]")): null

2020-04-23 08:02:37 - [TEST_STEP][PASSED] - Thread.sleep(1000): null

2020-04-23 08:02:38 - [TEST_STEP][PASSED] - try: null

2020-04-23 08:02:38 - [TEST_STEP][PASSED] - if (selenium.isElementPresent("xpath=//h1[contains(text(),'3 Cancer Insurance Policies Found')]")): null

2020-04-23 08:02:38 - [TEST_STEP][PASSED] - Thread.sleep(1000): null

2020-04-23 08:02:39 - [TEST_STEP][PASSED] - try: null

2020-04-23 08:02:39 - [TEST_STEP][PASSED] - if (selenium.isElementPresent("xpath=//h1[contains(text(),'3 Cancer Insurance Policies Found')]")): null

2020-04-23 08:02:39 - [TEST_STEP][PASSED] - Thread.sleep(1000): null

2020-04-23 08:02:40 - [TEST_STEP][PASSED] - try: null

2020-04-23 08:02:40 - [TEST_STEP][PASSED] - if (selenium.isElementPresent("xpath=//h1[contains(text(),'3 Cancer Insurance Policies Found')]")): null

2020-04-23 08:02:40 - [TEST_STEP][PASSED] - Thread.sleep(1000): null

2020-04-23 08:02:41 - [TEST_STEP][PASSED] - try: null

2020-04-23 08:02:41 - [TEST_STEP][PASSED] - if (selenium.isElementPresent("xpath=//h1[contains(text(),'3 Cancer Insurance Policies Found')]")): null

2020-04-23 08:02:41 - [TEST_STEP][PASSED] - Thread.sleep(1000): null

2020-04-23 08:02:42 - [TEST_STEP][PASSED] - try: null

2020-04-23 08:02:42 - [TEST_STEP][PASSED] - if (selenium.isElementPresent("xpath=//h1[contains(text(),'3 Cancer Insurance Policies Found')]")): null

2020-04-23 08:02:42 - [TEST_STEP][PASSED] - Thread.sleep(1000): null

2020-04-23 08:02:43 - [TEST_STEP][PASSED] - try: null

2020-04-23 08:02:43 - [TEST_STEP][PASSED] - if (selenium.isElementPresent("xpath=//h1[contains(text(),'3 Cancer Insurance Policies Found')]")): null

2020-04-23 08:02:43 - [TEST_STEP][PASSED] - Thread.sleep(1000): null

2020-04-23 08:02:44 - [TEST_STEP][PASSED] - try: null

2020-04-23 08:02:44 - [TEST_STEP][PASSED] - if (selenium.isElementPresent("xpath=//h1[contains(text(),'3 Cancer Insurance Policies Found')]")): null

2020-04-23 08:02:44 - [TEST_STEP][PASSED] - Thread.sleep(1000): null

2020-04-23 08:02:45 - [TEST_STEP][PASSED] - try: null

2020-04-23 08:02:45 - [TEST_STEP][PASSED] - if (selenium.isElementPresent("xpath=//h1[contains(text(),'3 Cancer Insurance Policies Found')]")): null

2020-04-23 08:02:45 - [TEST_STEP][PASSED] - Thread.sleep(1000): null

2020-04-23 08:02:46 - [TEST_STEP][PASSED] - try: null

2020-04-23 08:02:46 - [TEST_STEP][PASSED] - if (selenium.isElementPresent("xpath=//h1[contains(text(),'3 Cancer Insurance Policies Found')]")): null

2020-04-23 08:02:46 - [TEST_STEP][PASSED] - Thread.sleep(1000): null

2020-04-23 08:02:47 - [TEST_STEP][PASSED] - try: null

2020-04-23 08:02:47 - [TEST_STEP][PASSED] - if (selenium.isElementPresent("xpath=//h1[contains(text(),'3 Cancer Insurance Policies Found')]")): null

2020-04-23 08:02:47 - [TEST_STEP][PASSED] - Thread.sleep(1000): null

2020-04-23 08:02:48 - [TEST_STEP][PASSED] - try: null

2020-04-23 08:02:48 - [TEST_STEP][PASSED] - if (selenium.isElementPresent("xpath=//h1[contains(text(),'3 Cancer Insurance Policies Found')]")): null

2020-04-23 08:02:48 - [TEST_STEP][PASSED] - Thread.sleep(1000): null

2020-04-23 08:02:49 - [TEST_STEP][PASSED] - try: null

2020-04-23 08:02:49 - [TEST_STEP][PASSED] - if (selenium.isElementPresent("xpath=//h1[contains(text(),'3 Cancer Insurance Policies Found')]")): null

2020-04-23 08:02:49 - [TEST_STEP][PASSED] - Thread.sleep(1000): null

2020-04-23 08:02:50 - [TEST_STEP][PASSED] - try: null

2020-04-23 08:02:50 - [TEST_STEP][PASSED] - if (selenium.isElementPresent("xpath=//h1[contains(text(),'3 Cancer Insurance Policies Found')]")): null

2020-04-23 08:02:50 - [TEST_STEP][PASSED] - Thread.sleep(1000): null

2020-04-23 08:02:51 - [TEST_STEP][PASSED] - try: null

2020-04-23 08:02:51 - [TEST_STEP][PASSED] - if (selenium.isElementPresent("xpath=//h1[contains(text(),'3 Cancer Insurance Policies Found')]")): null

2020-04-23 08:02:51 - [TEST_STEP][PASSED] - Thread.sleep(1000): null

2020-04-23 08:02:53 - [TEST_STEP][PASSED] - callTestCase(findTestCase("AHI/_include/get_screenshot"), [:], STOP_ON_FAILURE): Call Test Case 'Test Cases/AHI/_include/get_screenshot' successfully

2020-04-23 08:02:53 - [TEST_CASE][PASSED] - Test Cases/AHI/_include/get_screenshot: Test Cases/AHI/_include/get_screenshot

2020-04-23 08:02:53 - [TEST_STEP][PASSED] - Thread.sleep(1000): null

2020-04-23 08:02:54 - [TEST_STEP][PASSED] - takeScreenshot(screenPath + i + ".png"): Taking screenshot successfully

2020-04-23 08:02:54 - [MESSAGE][PASSED] - Taking screenshot successfully
[[ATTACHMENT|D:\\Test\\AgileTest\\Reports\\HIC\\hic\\20200423_080047\\../Screenshots/iPhone 6/HIC/Cancer/Cancer/20200423_080147/3.png]]

2020-04-23 08:02:54 - [TEST_STEP][PASSED] - (internal.GlobalVariable.i++): null

2020-04-23 08:02:54 - [MESSAGE][PASSED] - Call Test Case 'Test Cases/AHI/_include/get_screenshot' successfully

2020-04-23 08:02:54 - [TEST_STEP][PASSED] - selenium.click("xpath=(//a[contains(text(),'Option 1')])[1]"): null

2020-04-23 08:02:55 - [TEST_STEP][PASSED] - for ([second = 0, second < 20, (second++)]): null

2020-04-23 08:02:55 - [TEST_STEP][PASSED] - try: null

2020-04-23 08:02:55 - [TEST_STEP][PASSED] - if (selenium.isElementPresent("id=plan-details-primary-apply")): null

2020-04-23 08:02:55 - [TEST_STEP][PASSED] - break: null

2020-04-23 08:02:55 - [TEST_STEP][PASSED] - callTestCase(findTestCase("AHI/_include/get_screenshot"), [:], STOP_ON_FAILURE): Call Test Case 'Test Cases/AHI/_include/get_screenshot' successfully

2020-04-23 08:02:55 - [TEST_CASE][PASSED] - Test Cases/AHI/_include/get_screenshot: Test Cases/AHI/_include/get_screenshot

2020-04-23 08:02:55 - [TEST_STEP][PASSED] - Thread.sleep(1000): null

2020-04-23 08:02:56 - [TEST_STEP][PASSED] - takeScreenshot(screenPath + i + ".png"): Taking screenshot successfully

2020-04-23 08:02:57 - [MESSAGE][PASSED] - Taking screenshot successfully
[[ATTACHMENT|D:\\Test\\AgileTest\\Reports\\HIC\\hic\\20200423_080047\\../Screenshots/iPhone 6/HIC/Cancer/Cancer/20200423_080147/4.png]]

2020-04-23 08:02:57 - [TEST_STEP][PASSED] - (internal.GlobalVariable.i++): null

2020-04-23 08:02:57 - [MESSAGE][PASSED] - Call Test Case 'Test Cases/AHI/_include/get_screenshot' successfully

2020-04-23 08:02:57 - [TEST_STEP][PASSED] - selenium.click("id=plan-details-primary-apply"): null

2020-04-23 08:02:58 - [TEST_STEP][PASSED] - for ([second = 0, second < 20, (second++)]): null

2020-04-23 08:02:58 - [TEST_STEP][PASSED] - try: null

2020-04-23 08:02:58 - [TEST_STEP][PASSED] - if (selenium.isElementPresent("id=applyButton")): null

2020-04-23 08:02:59 - [TEST_STEP][PASSED] - break: null

2020-04-23 08:02:59 - [TEST_STEP][PASSED] - callTestCase(findTestCase("AHI/_include/get_screenshot"), [:], STOP_ON_FAILURE): Call Test Case 'Test Cases/AHI/_include/get_screenshot' successfully

2020-04-23 08:02:59 - [TEST_CASE][PASSED] - Test Cases/AHI/_include/get_screenshot: Test Cases/AHI/_include/get_screenshot

2020-04-23 08:02:59 - [TEST_STEP][PASSED] - Thread.sleep(1000): null

2020-04-23 08:03:00 - [TEST_STEP][PASSED] - takeScreenshot(screenPath + i + ".png"): Taking screenshot successfully

2020-04-23 08:03:01 - [MESSAGE][PASSED] - Taking screenshot successfully
[[ATTACHMENT|D:\\Test\\AgileTest\\Reports\\HIC\\hic\\20200423_080047\\../Screenshots/iPhone 6/HIC/Cancer/Cancer/20200423_080147/5.png]]

2020-04-23 08:03:01 - [TEST_STEP][PASSED] - (internal.GlobalVariable.i++): null

2020-04-23 08:03:01 - [MESSAGE][PASSED] - Call Test Case 'Test Cases/AHI/_include/get_screenshot' successfully

2020-04-23 08:03:01 - [TEST_STEP][PASSED] - selenium.click("id=applyButton"): null

2020-04-23 08:03:02 - [TEST_STEP][PASSED] - for ([second = 0, second < 20, (second++)]): null

2020-04-23 08:03:02 - [TEST_STEP][PASSED] - try: null

2020-04-23 08:03:02 - [TEST_STEP][PASSED] - if (selenium.isElementPresent("id=member-P-1-firstName")): null

2020-04-23 08:03:04 - [TEST_STEP][PASSED] - Thread.sleep(1000): null

2020-04-23 08:03:05 - [TEST_STEP][PASSED] - try: null

2020-04-23 08:03:05 - [TEST_STEP][PASSED] - if (selenium.isElementPresent("id=member-P-1-firstName")): null

2020-04-23 08:03:05 - [TEST_STEP][PASSED] - break: null

2020-04-23 08:03:05 - [TEST_STEP][PASSED] - callTestCase(findTestCase("AHI/_include/get_screenshot"), [:], STOP_ON_FAILURE): Call Test Case 'Test Cases/AHI/_include/get_screenshot' successfully

2020-04-23 08:03:05 - [TEST_CASE][PASSED] - Test Cases/AHI/_include/get_screenshot: Test Cases/AHI/_include/get_screenshot

2020-04-23 08:03:05 - [TEST_STEP][PASSED] - Thread.sleep(1000): null

2020-04-23 08:03:06 - [TEST_STEP][PASSED] - takeScreenshot(screenPath + i + ".png"): Taking screenshot successfully

2020-04-23 08:03:07 - [MESSAGE][PASSED] - Taking screenshot successfully
[[ATTACHMENT|D:\\Test\\AgileTest\\Reports\\HIC\\hic\\20200423_080047\\../Screenshots/iPhone 6/HIC/Cancer/Cancer/20200423_080147/6.png]]

2020-04-23 08:03:07 - [TEST_STEP][PASSED] - (internal.GlobalVariable.i++): null

2020-04-23 08:03:07 - [MESSAGE][PASSED] - Call Test Case 'Test Cases/AHI/_include/get_screenshot' successfully

2020-04-23 08:03:07 - [TEST_STEP][PASSED] - callTestCase(findTestCase("AHI/_include/name"), [:], STOP_ON_FAILURE): Call Test Case 'Test Cases/AHI/_include/name' successfully

2020-04-23 08:03:07 - [TEST_CASE][PASSED] - Test Cases/AHI/_include/name: Test Cases/AHI/_include/name

2020-04-23 08:03:07 - [TEST_STEP][PASSED] - driver = getWebDriver(): null

2020-04-23 08:03:07 - [TEST_STEP][PASSED] - selenium = new com.thoughtworks.selenium.webdriven.WebDriverBackedSelenium(driver, internal.GlobalVariable.ENV): null

2020-04-23 08:03:08 - [TEST_STEP][PASSED] - FirstName = "Test-123": null

2020-04-23 08:03:08 - [TEST_STEP][PASSED] - LastName = selenium.getEval("{var x="ABCDEFGHIJKLMNOPQRSTUVWXYZabcdefghijklmnopqrstuvwxyz"; var tmp="ZZ11-"; for (i=0;i<8;i++) tmp+=x.charAt(Math.ceil(51*Math.random()));tmp;}"): null

2020-04-23 08:03:08 - [TEST_STEP][PASSED] - Address = selenium.getEval("{var x="ABCDEFGHIJKLMNOPQRSTUVWXYZabcdefghijklmnopqrstuvwxyz"; var tmp=""; for (i=0;i<8;i++) tmp+=x.charAt(Math.ceil(51*Math.random()));tmp;}"): null

2020-04-23 08:03:08 - [TEST_STEP][PASSED] - City = selenium.getEval("{var x="ABCDEFGHIJKLMNOPQRSTUVWXYZabcdefghijklmnopqrstuvwxyz"; var tmp=""; for (i=0;i<8;i++) tmp+=x.charAt(Math.ceil(51*Math.random()));tmp;}"): null

2020-04-23 08:03:08 - [TEST_STEP][PASSED] - tel1 = selenium.getEval("{var x="123456789"; var tmp=""; for (i=0;i<3;i++) tmp+=x.charAt(Math.ceil(8*Math.random()));tmp;}"): null

2020-04-23 08:03:08 - [TEST_STEP][PASSED] - tel2 = selenium.getEval("{var x="123456789"; var tmp=""; for (i=0;i<3;i++) tmp+=x.charAt(Math.ceil(8*Math.random()));tmp;}"): null

2020-04-23 08:03:08 - [TEST_STEP][PASSED] - tel3 = selenium.getEval("{var x="123456789"; var tmp=""; for (i=0;i<4;i++) tmp+=x.charAt(Math.ceil(8*Math.random()));tmp;}"): null

2020-04-23 08:03:08 - [TEST_STEP][PASSED] - Tel = selenium.getExpression(tel1 + "-" + tel2 + "-" + tel3): null

2020-04-23 08:03:08 - [TEST_STEP][PASSED] - AutoEmail = selenium.getEval("{var x="ABCDEFGHIJKLMNOPQRSTUVWXYZabcdefghijklmnopqrstuvwxyz"; var tmp="test."; for (i=0;i<8;i++) tmp+=x.charAt(Math.ceil(51*Math.random()));tmp+="@suryani.cn";}"): null

2020-04-23 08:03:08 - [TEST_STEP][PASSED] - FirstName = FirstName: null

2020-04-23 08:03:08 - [TEST_STEP][PASSED] - LastName = LastName: null

2020-04-23 08:03:08 - [TEST_STEP][PASSED] - Address = Address: null

2020-04-23 08:03:08 - [TEST_STEP][PASSED] - City = City: null

2020-04-23 08:03:08 - [TEST_STEP][PASSED] - Tel = Tel: null

2020-04-23 08:03:08 - [TEST_STEP][PASSED] - AutoEmail = AutoEmail: null

2020-04-23 08:03:08 - [TEST_STEP][PASSED] - println(FirstName): null

2020-04-23 08:03:08 - [TEST_STEP][PASSED] - println(LastName): null

2020-04-23 08:03:08 - [TEST_STEP][PASSED] - println(Address): null

2020-04-23 08:03:08 - [TEST_STEP][PASSED] - println(City): null

2020-04-23 08:03:08 - [TEST_STEP][PASSED] - println(Tel): null

2020-04-23 08:03:08 - [TEST_STEP][PASSED] - println(AutoEmail): null

2020-04-23 08:03:08 - [MESSAGE][PASSED] - Call Test Case 'Test Cases/AHI/_include/name' successfully

2020-04-23 08:03:08 - [TEST_STEP][PASSED] - selenium.type("id=member-P-1-firstName", FirstName): null

2020-04-23 08:03:08 - [TEST_STEP][PASSED] - selenium.type("id=member-P-1-lastName", LastName): null

2020-04-23 08:03:09 - [TEST_STEP][PASSED] - selenium.type("id=address", Address): null

2020-04-23 08:03:09 - [TEST_STEP][PASSED] - selenium.type("id=city", City): null

2020-04-23 08:03:09 - [TEST_STEP][PASSED] - selenium.type("id=email", AutoEmail): null

2020-04-23 08:03:09 - [TEST_STEP][PASSED] - selenium.type("id=primaryPhone", Tel): null

2020-04-23 08:03:09 - [TEST_STEP][PASSED] - selenium.click("id=js-app-continue-link"): null

2020-04-23 08:03:09 - [TEST_STEP][PASSED] - for ([second = 0, second < 20, (second++)]): null

2020-04-23 08:03:09 - [TEST_STEP][PASSED] - try: null

2020-04-23 08:03:09 - [TEST_STEP][PASSED] - if (selenium.isElementPresent("xpath=(//*[@class='js-question js-app-page-medical-question-wrapper'])[1]/div/button[1]")): null

2020-04-23 08:03:09 - [TEST_STEP][PASSED] - Thread.sleep(1000): null

2020-04-23 08:03:10 - [TEST_STEP][PASSED] - try: null

2020-04-23 08:03:10 - [TEST_STEP][PASSED] - if (selenium.isElementPresent("xpath=(//*[@class='js-question js-app-page-medical-question-wrapper'])[1]/div/button[1]")): null

2020-04-23 08:03:11 - [TEST_STEP][PASSED] - break: null

2020-04-23 08:03:11 - [TEST_STEP][PASSED] - callTestCase(findTestCase("AHI/_include/get_screenshot"), [:], STOP_ON_FAILURE): Call Test Case 'Test Cases/AHI/_include/get_screenshot' successfully

2020-04-23 08:03:11 - [TEST_CASE][PASSED] - Test Cases/AHI/_include/get_screenshot: Test Cases/AHI/_include/get_screenshot

2020-04-23 08:03:11 - [TEST_STEP][PASSED] - Thread.sleep(1000): null

2020-04-23 08:03:12 - [TEST_STEP][PASSED] - takeScreenshot(screenPath + i + ".png"): Taking screenshot successfully

2020-04-23 08:03:12 - [MESSAGE][PASSED] - Taking screenshot successfully
[[ATTACHMENT|D:\\Test\\AgileTest\\Reports\\HIC\\hic\\20200423_080047\\../Screenshots/iPhone 6/HIC/Cancer/Cancer/20200423_080147/7.png]]

2020-04-23 08:03:12 - [TEST_STEP][PASSED] - (internal.GlobalVariable.i++): null

2020-04-23 08:03:12 - [MESSAGE][PASSED] - Call Test Case 'Test Cases/AHI/_include/get_screenshot' successfully

2020-04-23 08:03:12 - [TEST_STEP][PASSED] - for ([i = 1, i < 12, (i++)]): null

2020-04-23 08:03:12 - [TEST_STEP][PASSED] - selenium.click("xpath=(//*[@class='js-question js-app-page-medical-question-wrapper'])[" + i + "]/div/button[1]"): null

2020-04-23 08:03:12 - [TEST_STEP][PASSED] - selenium.click("xpath=(//*[@class='js-question js-app-page-medical-question-wrapper'])[" + i + "]/div/button[1]"): null

2020-04-23 08:03:13 - [TEST_STEP][PASSED] - selenium.click("xpath=(//*[@class='js-question js-app-page-medical-question-wrapper'])[" + i + "]/div/button[1]"): null

2020-04-23 08:03:14 - [TEST_STEP][PASSED] - selenium.click("xpath=(//*[@class='js-question js-app-page-medical-question-wrapper'])[" + i + "]/div/button[1]"): null

2020-04-23 08:03:14 - [TEST_STEP][PASSED] - selenium.click("xpath=(//*[@class='js-question js-app-page-medical-question-wrapper'])[" + i + "]/div/button[1]"): null

2020-04-23 08:03:15 - [TEST_STEP][PASSED] - selenium.click("xpath=(//*[@class='js-question js-app-page-medical-question-wrapper'])[" + i + "]/div/button[1]"): null

2020-04-23 08:03:16 - [TEST_STEP][PASSED] - selenium.click("xpath=(//*[@class='js-question js-app-page-medical-question-wrapper'])[" + i + "]/div/button[1]"): null

2020-04-23 08:03:17 - [TEST_STEP][PASSED] - selenium.click("xpath=(//*[@class='js-question js-app-page-medical-question-wrapper'])[" + i + "]/div/button[1]"): null

2020-04-23 08:03:17 - [TEST_STEP][PASSED] - selenium.click("xpath=(//*[@class='js-question js-app-page-medical-question-wrapper'])[" + i + "]/div/button[1]"): null

2020-04-23 08:03:18 - [TEST_STEP][PASSED] - selenium.click("xpath=(//*[@class='js-question js-app-page-medical-question-wrapper'])[" + i + "]/div/button[1]"): null

2020-04-23 08:03:18 - [TEST_STEP][PASSED] - selenium.click("xpath=(//*[@class='js-question js-app-page-medical-question-wrapper'])[" + i + "]/div/button[1]"): null

2020-04-23 08:03:19 - [TEST_STEP][PASSED] - selenium.click("id=js-app-continue-link"): null

2020-04-23 08:03:20 - [TEST_STEP][PASSED] - for ([second = 0, second < 20, (second++)]): null

2020-04-23 08:03:20 - [TEST_STEP][PASSED] - try: null

2020-04-23 08:03:20 - [TEST_STEP][PASSED] - if (selenium.isElementPresent("id=credit-card-number")): null

2020-04-23 08:03:20 - [TEST_STEP][PASSED] - break: null

2020-04-23 08:03:20 - [TEST_STEP][PASSED] - callTestCase(findTestCase("AHI/_include/get_screenshot"), [:], STOP_ON_FAILURE): Call Test Case 'Test Cases/AHI/_include/get_screenshot' successfully

2020-04-23 08:03:20 - [TEST_CASE][PASSED] - Test Cases/AHI/_include/get_screenshot: Test Cases/AHI/_include/get_screenshot

2020-04-23 08:03:20 - [TEST_STEP][PASSED] - Thread.sleep(1000): null

2020-04-23 08:03:21 - [TEST_STEP][PASSED] - takeScreenshot(screenPath + i + ".png"): Taking screenshot successfully

2020-04-23 08:03:22 - [MESSAGE][PASSED] - Taking screenshot successfully
[[ATTACHMENT|D:\\Test\\AgileTest\\Reports\\HIC\\hic\\20200423_080047\\../Screenshots/iPhone 6/HIC/Cancer/Cancer/20200423_080147/8.png]]

2020-04-23 08:03:22 - [TEST_STEP][PASSED] - (internal.GlobalVariable.i++): null

2020-04-23 08:03:22 - [MESSAGE][PASSED] - Call Test Case 'Test Cases/AHI/_include/get_screenshot' successfully

2020-04-23 08:03:22 - [TEST_STEP][PASSED] - selenium.type("id=credit-card-number", "4111123123123123"): null

2020-04-23 08:03:22 - [TEST_STEP][PASSED] - selenium.type("id=credit-card-first", "test"): null

2020-04-23 08:03:22 - [TEST_STEP][PASSED] - selenium.type("id=credit-card-last", "test"): null

2020-04-23 08:03:22 - [TEST_STEP][PASSED] - selenium.select("id=expiration-month", "12"): null

2020-04-23 08:03:23 - [TEST_STEP][PASSED] - selenium.select("id=expiration-year", "2026"): null

2020-04-23 08:03:23 - [TEST_STEP][PASSED] - selenium.type("id=credit-card-cvv", "123"): null

2020-04-23 08:03:24 - [TEST_STEP][PASSED] - selenium.type("id=credit-card-number", "4111123123123123"): null

2020-04-23 08:03:24 - [TEST_STEP][PASSED] - selenium.click("id=js-same-billing"): null

2020-04-23 08:03:24 - [TEST_STEP][PASSED] - selenium.click("id=credit-payment-authorization"): null

2020-04-23 08:03:24 - [TEST_STEP][PASSED] - selenium.click("id=js-app-continue-link"): null

2020-04-23 08:03:25 - [TEST_STEP][PASSED] - for ([second = 0, second < 20, (second++)]): null

2020-04-23 08:03:25 - [TEST_STEP][PASSED] - try: null

2020-04-23 08:03:25 - [TEST_STEP][PASSED] - if (selenium.isElementPresent("id=consent-checkbox-0")): null

2020-04-23 08:03:25 - [TEST_STEP][PASSED] - Thread.sleep(1000): null

2020-04-23 08:03:26 - [TEST_STEP][PASSED] - try: null

2020-04-23 08:03:26 - [TEST_STEP][PASSED] - if (selenium.isElementPresent("id=consent-checkbox-0")): null

2020-04-23 08:03:26 - [TEST_STEP][PASSED] - break: null

2020-04-23 08:03:26 - [TEST_STEP][PASSED] - callTestCase(findTestCase("AHI/_include/get_screenshot"), [:], STOP_ON_FAILURE): Call Test Case 'Test Cases/AHI/_include/get_screenshot' successfully

2020-04-23 08:03:26 - [TEST_CASE][PASSED] - Test Cases/AHI/_include/get_screenshot: Test Cases/AHI/_include/get_screenshot

2020-04-23 08:03:26 - [TEST_STEP][PASSED] - Thread.sleep(1000): null

2020-04-23 08:03:27 - [TEST_STEP][PASSED] - takeScreenshot(screenPath + i + ".png"): Taking screenshot successfully

2020-04-23 08:03:28 - [MESSAGE][PASSED] - Taking screenshot successfully
[[ATTACHMENT|D:\\Test\\AgileTest\\Reports\\HIC\\hic\\20200423_080047\\../Screenshots/iPhone 6/HIC/Cancer/Cancer/20200423_080147/9.png]]

2020-04-23 08:03:28 - [TEST_STEP][PASSED] - (internal.GlobalVariable.i++): null

2020-04-23 08:03:28 - [MESSAGE][PASSED] - Call Test Case 'Test Cases/AHI/_include/get_screenshot' successfully

2020-04-23 08:03:28 - [TEST_STEP][PASSED] - selenium.click("id=consent-checkbox-0"): null

2020-04-23 08:03:28 - [TEST_STEP][PASSED] - selenium.click("id=js-signature-tab"): null

2020-04-23 08:03:29 - [TEST_STEP][PASSED] - selenium.click("id=js-app-continue-link"): null

2020-04-23 08:03:29 - [TEST_STEP][PASSED] - for ([second = 0, second < 30, (second++)]): null

2020-04-23 08:03:29 - [TEST_STEP][PASSED] - try: null

2020-04-23 08:03:29 - [TEST_STEP][PASSED] - if (selenium.isElementPresent("xpath=//h2[contains(text(),'Thank You')]")): null

2020-04-23 08:03:29 - [TEST_STEP][PASSED] - Thread.sleep(1000): null

2020-04-23 08:03:30 - [TEST_STEP][PASSED] - try: null

2020-04-23 08:03:30 - [TEST_STEP][PASSED] - if (selenium.isElementPresent("xpath=//h2[contains(text(),'Thank You')]")): null

2020-04-23 08:03:30 - [TEST_STEP][PASSED] - Thread.sleep(1000): null

2020-04-23 08:03:31 - [TEST_STEP][PASSED] - try: null

2020-04-23 08:03:31 - [TEST_STEP][PASSED] - if (selenium.isElementPresent("xpath=//h2[contains(text(),'Thank You')]")): null

2020-04-23 08:03:31 - [TEST_STEP][PASSED] - Thread.sleep(1000): null

2020-04-23 08:03:32 - [TEST_STEP][PASSED] - try: null

2020-04-23 08:03:32 - [TEST_STEP][PASSED] - if (selenium.isElementPresent("xpath=//h2[contains(text(),'Thank You')]")): null

2020-04-23 08:03:33 - [TEST_STEP][PASSED] - Thread.sleep(1000): null

2020-04-23 08:03:34 - [TEST_STEP][PASSED] - try: null

2020-04-23 08:03:34 - [TEST_STEP][PASSED] - if (selenium.isElementPresent("xpath=//h2[contains(text(),'Thank You')]")): null

2020-04-23 08:03:35 - [TEST_STEP][PASSED] - Thread.sleep(1000): null

2020-04-23 08:03:36 - [TEST_STEP][PASSED] - try: null

2020-04-23 08:03:36 - [TEST_STEP][PASSED] - if (selenium.isElementPresent("xpath=//h2[contains(text(),'Thank You')]")): null

2020-04-23 08:03:36 - [TEST_STEP][PASSED] - Thread.sleep(1000): null

2020-04-23 08:03:37 - [TEST_STEP][PASSED] - try: null

2020-04-23 08:03:37 - [TEST_STEP][PASSED] - if (selenium.isElementPresent("xpath=//h2[contains(text(),'Thank You')]")): null

2020-04-23 08:03:37 - [TEST_STEP][PASSED] - Thread.sleep(1000): null

2020-04-23 08:03:38 - [TEST_STEP][PASSED] - try: null

2020-04-23 08:03:38 - [TEST_STEP][PASSED] - if (selenium.isElementPresent("xpath=//h2[contains(text(),'Thank You')]")): null

2020-04-23 08:03:38 - [TEST_STEP][PASSED] - Thread.sleep(1000): null

2020-04-23 08:03:39 - [TEST_STEP][PASSED] - try: null

2020-04-23 08:03:39 - [TEST_STEP][PASSED] - if (selenium.isElementPresent("xpath=//h2[contains(text(),'Thank You')]")): null

2020-04-23 08:03:39 - [TEST_STEP][PASSED] - Thread.sleep(1000): null

2020-04-23 08:03:40 - [TEST_STEP][PASSED] - try: null

2020-04-23 08:03:40 - [TEST_STEP][PASSED] - if (selenium.isElementPresent("xpath=//h2[contains(text(),'Thank You')]")): null

2020-04-23 08:03:40 - [TEST_STEP][PASSED] - Thread.sleep(1000): null

2020-04-23 08:03:41 - [TEST_STEP][PASSED] - try: null

2020-04-23 08:03:41 - [TEST_STEP][PASSED] - if (selenium.isElementPresent("xpath=//h2[contains(text(),'Thank You')]")): null

2020-04-23 08:03:41 - [TEST_STEP][PASSED] - Thread.sleep(1000): null

2020-04-23 08:03:42 - [TEST_STEP][PASSED] - try: null

2020-04-23 08:03:42 - [TEST_STEP][PASSED] - if (selenium.isElementPresent("xpath=//h2[contains(text(),'Thank You')]")): null

2020-04-23 08:03:42 - [TEST_STEP][PASSED] - Thread.sleep(1000): null

2020-04-23 08:03:44 - [TEST_STEP][PASSED] - try: null

2020-04-23 08:03:44 - [TEST_STEP][PASSED] - if (selenium.isElementPresent("xpath=//h2[contains(text(),'Thank You')]")): null

2020-04-23 08:03:44 - [TEST_STEP][PASSED] - break: null

2020-04-23 08:03:44 - [TEST_STEP][PASSED] - callTestCase(findTestCase("AHI/_include/get_screenshot"), [:], STOP_ON_FAILURE): Call Test Case 'Test Cases/AHI/_include/get_screenshot' successfully

2020-04-23 08:03:44 - [TEST_CASE][PASSED] - Test Cases/AHI/_include/get_screenshot: Test Cases/AHI/_include/get_screenshot

2020-04-23 08:03:44 - [TEST_STEP][PASSED] - Thread.sleep(1000): null

2020-04-23 08:03:45 - [TEST_STEP][PASSED] - takeScreenshot(screenPath + i + ".png"): Taking screenshot successfully

2020-04-23 08:03:45 - [MESSAGE][PASSED] - Taking screenshot successfully
[[ATTACHMENT|D:\\Test\\AgileTest\\Reports\\HIC\\hic\\20200423_080047\\../Screenshots/iPhone 6/HIC/Cancer/Cancer/20200423_080147/10.png]]

2020-04-23 08:03:45 - [TEST_STEP][PASSED] - (internal.GlobalVariable.i++): null

2020-04-23 08:03:45 - [MESSAGE][PASSED] - Call Test Case 'Test Cases/AHI/_include/get_screenshot' successfully]]></system-out>
         <system-err><![CDATA[]]></system-err>
      </testcase>
      <testcase name="Test Cases/HIC/New/Dental" classname="Test Cases/HIC/New/Dental" status="PASSED">
         <system-out><![CDATA[2020-04-23 08:03:45 - [TEST_CASE][PASSED] - Test Cases/HIC/New/Dental: Test Cases/HIC/New/Dental

2020-04-23 08:03:46 - [TEST_STEP][PASSED] - callTestCase(findTestCase("HIC/_include/get_hicScreenPath"), ["project":"HIC", "productLine":"Dental", "carrierName":"USA Access"], CONTINUE_ON_FAILURE): Call Test Case 'Test Cases/HIC/_include/get_hicScreenPath' successfully

2020-04-23 08:03:46 - [TEST_CASE][PASSED] - Test Cases/HIC/_include/get_hicScreenPath: Test Cases/HIC/_include/get_hicScreenPath

2020-04-23 08:03:46 - [TEST_STEP][PASSED] - m = getExecutionProperties(): null

2020-04-23 08:03:46 - [TEST_STEP][PASSED] - deviceName = get("mobileEmulation").get("deviceName"): null

2020-04-23 08:03:46 - [TEST_STEP][PASSED] - println(deviceName): null

2020-04-23 08:03:46 - [TEST_STEP][PASSED] - now = new java.util.Date(): null

2020-04-23 08:03:46 - [TEST_STEP][PASSED] - mydate = now.format("yyyyMMdd_HHmmss"): null

2020-04-23 08:03:46 - [TEST_STEP][PASSED] - screenPath = "../Screenshots/": null

2020-04-23 08:03:46 - [TEST_STEP][PASSED] - screenPath = screenPath + deviceName + "/" + project + "/" + productLine + "/" + carrierName + "/" + mydate + "/": null

2020-04-23 08:03:46 - [TEST_STEP][PASSED] - println(screenPath): null

2020-04-23 08:03:46 - [MESSAGE][PASSED] - Call Test Case 'Test Cases/HIC/_include/get_hicScreenPath' successfully

2020-04-23 08:03:46 - [TEST_STEP][PASSED] - i = 0: null

2020-04-23 08:03:46 - [TEST_STEP][PASSED] - callTestCase(findTestCase("AHI/_include/openWebSite"), ["env":env], CONTINUE_ON_FAILURE): Call Test Case 'Test Cases/AHI/_include/openWebSite' successfully

2020-04-23 08:03:46 - [TEST_CASE][PASSED] - Test Cases/AHI/_include/openWebSite: Test Cases/AHI/_include/openWebSite

2020-04-23 08:03:46 - [TEST_STEP][PASSED] - openBrowser(env): Browser is opened with url: 'https://qa.healthinsurance.com'

2020-04-23 08:03:46 - [MESSAGE][WARNING] - A browser is already opened. Closing browser and opening a new one

2020-04-23 08:03:47 - [MESSAGE][INFO] - Starting 'Chrome' driver

2020-04-23 08:03:47 - [MESSAGE][INFO] - User set preference: ['mobileEmulation', '{deviceName=iPhone 6}']

2020-04-23 08:03:47 - [MESSAGE][INFO] - User set preference: ['args', '[--incognito, --aggressive-cache-discard, --window-size=375,677, --no-sandbox, --ignore-certificate-errors]']

2020-04-23 08:04:02 - [MESSAGE][PASSED] - Browser is opened with url: 'https://qa.healthinsurance.com'

2020-04-23 08:04:02 - [TEST_STEP][PASSED] - waitForPageLoad(20): Wait for page load successfully

2020-04-23 08:04:02 - [MESSAGE][PASSED] - Wait for page load successfully

2020-04-23 08:04:02 - [TEST_STEP][PASSED] - callTestCase(findTestCase("AHI/_include/get_screenshot"), [:], STOP_ON_FAILURE): Call Test Case 'Test Cases/AHI/_include/get_screenshot' successfully

2020-04-23 08:04:02 - [TEST_CASE][PASSED] - Test Cases/AHI/_include/get_screenshot: Test Cases/AHI/_include/get_screenshot

2020-04-23 08:04:02 - [TEST_STEP][PASSED] - Thread.sleep(1000): null

2020-04-23 08:04:03 - [TEST_STEP][PASSED] - takeScreenshot(screenPath + i + ".png"): Taking screenshot successfully

2020-04-23 08:04:04 - [MESSAGE][PASSED] - Taking screenshot successfully
[[ATTACHMENT|D:\\Test\\AgileTest\\Reports\\HIC\\hic\\20200423_080047\\../Screenshots/iPhone 6/HIC/Dental/USA Access/20200423_080346/0.png]]

2020-04-23 08:04:04 - [TEST_STEP][PASSED] - (internal.GlobalVariable.i++): null

2020-04-23 08:04:04 - [MESSAGE][PASSED] - Call Test Case 'Test Cases/AHI/_include/get_screenshot' successfully

2020-04-23 08:04:04 - [MESSAGE][PASSED] - Call Test Case 'Test Cases/AHI/_include/openWebSite' successfully

2020-04-23 08:04:04 - [TEST_STEP][PASSED] - driver = getWebDriver(): null

2020-04-23 08:04:04 - [TEST_STEP][PASSED] - baseUrl = env: null

2020-04-23 08:04:04 - [TEST_STEP][PASSED] - selenium = new com.thoughtworks.selenium.webdriven.WebDriverBackedSelenium(driver, baseUrl): null

2020-04-23 08:04:04 - [TEST_STEP][PASSED] - selenium.click("//span[@class='navbar-toggler-icon']"): null

2020-04-23 08:04:04 - [TEST_STEP][PASSED] - selenium.click("//a[@class='dropdown-toggle nav-link']"): null

2020-04-23 08:04:04 - [TEST_STEP][PASSED] - selenium.click("//a[contains(text(),'Dental')]"): null

2020-04-23 08:04:05 - [TEST_STEP][PASSED] - for ([second = 0, second < 10, (second++)]): null

2020-04-23 08:04:05 - [TEST_STEP][PASSED] - try: null

2020-04-23 08:04:05 - [TEST_STEP][PASSED] - if (selenium.isElementPresent("id=zip")): null

2020-04-23 08:04:05 - [TEST_STEP][PASSED] - break: null

2020-04-23 08:04:05 - [TEST_STEP][PASSED] - callTestCase(findTestCase("AHI/_include/get_screenshot"), [:], STOP_ON_FAILURE): Call Test Case 'Test Cases/AHI/_include/get_screenshot' successfully

2020-04-23 08:04:06 - [TEST_CASE][PASSED] - Test Cases/AHI/_include/get_screenshot: Test Cases/AHI/_include/get_screenshot

2020-04-23 08:04:06 - [TEST_STEP][PASSED] - Thread.sleep(1000): null

2020-04-23 08:04:07 - [TEST_STEP][PASSED] - takeScreenshot(screenPath + i + ".png"): Taking screenshot successfully

2020-04-23 08:04:07 - [MESSAGE][PASSED] - Taking screenshot successfully
[[ATTACHMENT|D:\\Test\\AgileTest\\Reports\\HIC\\hic\\20200423_080047\\../Screenshots/iPhone 6/HIC/Dental/USA Access/20200423_080346/1.png]]

2020-04-23 08:04:07 - [TEST_STEP][PASSED] - (internal.GlobalVariable.i++): null

2020-04-23 08:04:07 - [MESSAGE][PASSED] - Call Test Case 'Test Cases/AHI/_include/get_screenshot' successfully

2020-04-23 08:04:07 - [TEST_STEP][PASSED] - Thread.sleep(2000): null

2020-04-23 08:04:09 - [TEST_STEP][PASSED] - callTestCase(findTestCase("HIC/_include/stm_census"), ["zipcode":"35215"], STOP_ON_FAILURE): Call Test Case 'Test Cases/HIC/_include/stm_census' successfully

2020-04-23 08:04:09 - [TEST_CASE][PASSED] - Test Cases/HIC/_include/stm_census: Test Cases/HIC/_include/stm_census

2020-04-23 08:04:09 - [TEST_STEP][PASSED] - Thread.sleep(2000): null

2020-04-23 08:04:11 - [TEST_STEP][PASSED] - setText(findTestObject("hic/stm/census/zip"), zipcode): Text '35215' is set on object 'Object Repository/hic/stm/census/zip'

2020-04-23 08:04:12 - [MESSAGE][PASSED] - Text '35215' is set on object 'Object Repository/hic/stm/census/zip'

2020-04-23 08:04:12 - [TEST_STEP][PASSED] - Thread.sleep(500): null

2020-04-23 08:04:12 - [TEST_STEP][PASSED] - setText(findTestObject("hic/stm/census/primaryDOB"), "03031987"): Text '03031987' is set on object 'Object Repository/hic/stm/census/primaryDOB'

2020-04-23 08:04:13 - [MESSAGE][PASSED] - Text '03031987' is set on object 'Object Repository/hic/stm/census/primaryDOB'

2020-04-23 08:04:13 - [TEST_STEP][PASSED] - click(findTestObject("hic/stm/census/female")): Object: 'Object Repository/hic/stm/census/female' is clicked on

2020-04-23 08:04:13 - [MESSAGE][PASSED] - Object: 'Object Repository/hic/stm/census/female' is clicked on

2020-04-23 08:04:13 - [TEST_STEP][PASSED] - Thread.sleep(3000): null

2020-04-23 08:04:16 - [TEST_STEP][PASSED] - waitForElementClickable(findTestObject("hic/stm/census/submitButton"), 20): Object 'Object Repository/hic/stm/census/submitButton' is clickable

2020-04-23 08:04:16 - [MESSAGE][PASSED] - Object 'Object Repository/hic/stm/census/submitButton' is clickable

2020-04-23 08:04:16 - [TEST_STEP][PASSED] - click(findTestObject("hic/stm/census/submitButton")): Object: 'Object Repository/hic/stm/census/submitButton' is clicked on

2020-04-23 08:04:24 - [MESSAGE][PASSED] - Object: 'Object Repository/hic/stm/census/submitButton' is clicked on

2020-04-23 08:04:24 - [TEST_STEP][PASSED] - Thread.sleep(6000): null

2020-04-23 08:04:30 - [TEST_STEP][PASSED] - callTestCase(findTestCase("AHI/_include/check_quoteleadform"), [:], STOP_ON_FAILURE): Call Test Case 'Test Cases/AHI/_include/check_quoteleadform' successfully

2020-04-23 08:04:30 - [TEST_CASE][PASSED] - Test Cases/AHI/_include/check_quoteleadform: Test Cases/AHI/_include/check_quoteleadform

2020-04-23 08:04:31 - [TEST_STEP][PASSED] - callTestCase(findTestCase("AHI/_include/name"), [:], CONTINUE_ON_FAILURE): Call Test Case 'Test Cases/AHI/_include/name' successfully

2020-04-23 08:04:31 - [TEST_CASE][PASSED] - Test Cases/AHI/_include/name: Test Cases/AHI/_include/name

2020-04-23 08:04:31 - [TEST_STEP][PASSED] - driver = getWebDriver(): null

2020-04-23 08:04:31 - [TEST_STEP][PASSED] - selenium = new com.thoughtworks.selenium.webdriven.WebDriverBackedSelenium(driver, internal.GlobalVariable.ENV): null

2020-04-23 08:04:34 - [TEST_STEP][PASSED] - FirstName = "Test-123": null

2020-04-23 08:04:34 - [TEST_STEP][PASSED] - LastName = selenium.getEval("{var x="ABCDEFGHIJKLMNOPQRSTUVWXYZabcdefghijklmnopqrstuvwxyz"; var tmp="ZZ11-"; for (i=0;i<8;i++) tmp+=x.charAt(Math.ceil(51*Math.random()));tmp;}"): null

2020-04-23 08:04:34 - [TEST_STEP][PASSED] - Address = selenium.getEval("{var x="ABCDEFGHIJKLMNOPQRSTUVWXYZabcdefghijklmnopqrstuvwxyz"; var tmp=""; for (i=0;i<8;i++) tmp+=x.charAt(Math.ceil(51*Math.random()));tmp;}"): null

2020-04-23 08:04:34 - [TEST_STEP][PASSED] - City = selenium.getEval("{var x="ABCDEFGHIJKLMNOPQRSTUVWXYZabcdefghijklmnopqrstuvwxyz"; var tmp=""; for (i=0;i<8;i++) tmp+=x.charAt(Math.ceil(51*Math.random()));tmp;}"): null

2020-04-23 08:04:34 - [TEST_STEP][PASSED] - tel1 = selenium.getEval("{var x="123456789"; var tmp=""; for (i=0;i<3;i++) tmp+=x.charAt(Math.ceil(8*Math.random()));tmp;}"): null

2020-04-23 08:04:34 - [TEST_STEP][PASSED] - tel2 = selenium.getEval("{var x="123456789"; var tmp=""; for (i=0;i<3;i++) tmp+=x.charAt(Math.ceil(8*Math.random()));tmp;}"): null

2020-04-23 08:04:34 - [TEST_STEP][PASSED] - tel3 = selenium.getEval("{var x="123456789"; var tmp=""; for (i=0;i<4;i++) tmp+=x.charAt(Math.ceil(8*Math.random()));tmp;}"): null

2020-04-23 08:04:34 - [TEST_STEP][PASSED] - Tel = selenium.getExpression(tel1 + "-" + tel2 + "-" + tel3): null

2020-04-23 08:04:34 - [TEST_STEP][PASSED] - AutoEmail = selenium.getEval("{var x="ABCDEFGHIJKLMNOPQRSTUVWXYZabcdefghijklmnopqrstuvwxyz"; var tmp="test."; for (i=0;i<8;i++) tmp+=x.charAt(Math.ceil(51*Math.random()));tmp+="@suryani.cn";}"): null

2020-04-23 08:04:34 - [TEST_STEP][PASSED] - FirstName = FirstName: null

2020-04-23 08:04:34 - [TEST_STEP][PASSED] - LastName = LastName: null

2020-04-23 08:04:34 - [TEST_STEP][PASSED] - Address = Address: null

2020-04-23 08:04:34 - [TEST_STEP][PASSED] - City = City: null

2020-04-23 08:04:34 - [TEST_STEP][PASSED] - Tel = Tel: null

2020-04-23 08:04:34 - [TEST_STEP][PASSED] - AutoEmail = AutoEmail: null

2020-04-23 08:04:34 - [TEST_STEP][PASSED] - println(FirstName): null

2020-04-23 08:04:34 - [TEST_STEP][PASSED] - println(LastName): null

2020-04-23 08:04:34 - [TEST_STEP][PASSED] - println(Address): null

2020-04-23 08:04:34 - [TEST_STEP][PASSED] - println(City): null

2020-04-23 08:04:34 - [TEST_STEP][PASSED] - println(Tel): null

2020-04-23 08:04:34 - [TEST_STEP][PASSED] - println(AutoEmail): null

2020-04-23 08:04:34 - [MESSAGE][PASSED] - Call Test Case 'Test Cases/AHI/_include/name' successfully

2020-04-23 08:04:34 - [TEST_STEP][PASSED] - leadform_exist = test.MobileKeywords.isElementPresent_Web(findTestObject("mobileSanity/quote lead form/lead_form"), 20): test.MobileKeywords.isElementPresent_Web is PASSED

2020-04-23 08:04:58 - [MESSAGE][INFO] - Unable to find the element located by 'By.xpath: //*[@id = 'lightboxLeadForm']'. Please recheck the objects properties to make sure the desired element is located. 

2020-04-23 08:04:58 - [MESSAGE][PASSED] - test.MobileKeywords.isElementPresent_Web is PASSED

2020-04-23 08:04:58 - [TEST_STEP][PASSED] - if (leadform_exist): null

2020-04-23 08:04:58 - [MESSAGE][PASSED] - Call Test Case 'Test Cases/AHI/_include/check_quoteleadform' successfully

2020-04-23 08:04:58 - [TEST_STEP][PASSED] - callTestCase(findTestCase("AHI/_include/get_screenshot"), [:], STOP_ON_FAILURE): Call Test Case 'Test Cases/AHI/_include/get_screenshot' successfully

2020-04-23 08:04:58 - [TEST_CASE][PASSED] - Test Cases/AHI/_include/get_screenshot: Test Cases/AHI/_include/get_screenshot

2020-04-23 08:04:58 - [TEST_STEP][PASSED] - Thread.sleep(1000): null

2020-04-23 08:05:00 - [TEST_STEP][PASSED] - takeScreenshot(screenPath + i + ".png"): Taking screenshot successfully

2020-04-23 08:05:01 - [MESSAGE][PASSED] - Taking screenshot successfully
[[ATTACHMENT|D:\\Test\\AgileTest\\Reports\\HIC\\hic\\20200423_080047\\../Screenshots/iPhone 6/HIC/Dental/USA Access/20200423_080346/2.png]]

2020-04-23 08:05:01 - [TEST_STEP][PASSED] - (internal.GlobalVariable.i++): null

2020-04-23 08:05:01 - [MESSAGE][PASSED] - Call Test Case 'Test Cases/AHI/_include/get_screenshot' successfully

2020-04-23 08:05:01 - [TEST_STEP][PASSED] - Thread.sleep(1000): null

2020-04-23 08:05:02 - [MESSAGE][PASSED] - Call Test Case 'Test Cases/HIC/_include/stm_census' successfully

2020-04-23 08:05:02 - [TEST_STEP][PASSED] - click(findTestObject("mobileSanity/Dental/filter/btn_filter")): Object: 'Object Repository/mobileSanity/Dental/filter/btn_filter' is clicked on

2020-04-23 08:05:02 - [MESSAGE][PASSED] - Object: 'Object Repository/mobileSanity/Dental/filter/btn_filter' is clicked on

2020-04-23 08:05:02 - [TEST_STEP][PASSED] - waitForElementVisible(findTestObject("mobileSanity/Dental/filter/btn_company"), 10): Object 'Object Repository/mobileSanity/Dental/filter/btn_company' is visible

2020-04-23 08:05:02 - [MESSAGE][PASSED] - Object 'Object Repository/mobileSanity/Dental/filter/btn_company' is visible

2020-04-23 08:05:02 - [TEST_STEP][PASSED] - click(findTestObject("mobileSanity/Dental/filter/btn_company")): Object: 'Object Repository/mobileSanity/Dental/filter/btn_company' is clicked on

2020-04-23 08:05:02 - [MESSAGE][PASSED] - Object: 'Object Repository/mobileSanity/Dental/filter/btn_company' is clicked on

2020-04-23 08:05:02 - [TEST_STEP][PASSED] - Thread.sleep(2000): null

2020-04-23 08:05:04 - [TEST_STEP][PASSED] - click(findTestObject("mobileSanity/Dental/filter/btn_usa")): Object: 'Object Repository/mobileSanity/Dental/filter/btn_usa' is clicked on

2020-04-23 08:05:05 - [MESSAGE][PASSED] - Object: 'Object Repository/mobileSanity/Dental/filter/btn_usa' is clicked on

2020-04-23 08:05:05 - [TEST_STEP][PASSED] - waitForJQueryLoad(20, STOP_ON_FAILURE): jQuery is ready.

2020-04-23 08:05:06 - [MESSAGE][PASSED] - jQuery is ready.

2020-04-23 08:05:06 - [TEST_STEP][PASSED] - callTestCase(findTestCase("AHI/_include/get_screenshot"), [:], STOP_ON_FAILURE): Call Test Case 'Test Cases/AHI/_include/get_screenshot' successfully

2020-04-23 08:05:06 - [TEST_CASE][PASSED] - Test Cases/AHI/_include/get_screenshot: Test Cases/AHI/_include/get_screenshot

2020-04-23 08:05:06 - [TEST_STEP][PASSED] - Thread.sleep(1000): null

2020-04-23 08:05:07 - [TEST_STEP][PASSED] - takeScreenshot(screenPath + i + ".png"): Taking screenshot successfully

2020-04-23 08:05:08 - [MESSAGE][PASSED] - Taking screenshot successfully
[[ATTACHMENT|D:\\Test\\AgileTest\\Reports\\HIC\\hic\\20200423_080047\\../Screenshots/iPhone 6/HIC/Dental/USA Access/20200423_080346/3.png]]

2020-04-23 08:05:08 - [TEST_STEP][PASSED] - (internal.GlobalVariable.i++): null

2020-04-23 08:05:08 - [MESSAGE][PASSED] - Call Test Case 'Test Cases/AHI/_include/get_screenshot' successfully

2020-04-23 08:05:08 - [TEST_STEP][PASSED] - click(findTestObject("mobileSanity/Dental/filter/btn_filter")): Object: 'Object Repository/mobileSanity/Dental/filter/btn_filter' is clicked on

2020-04-23 08:05:09 - [MESSAGE][PASSED] - Object: 'Object Repository/mobileSanity/Dental/filter/btn_filter' is clicked on

2020-04-23 08:05:09 - [TEST_STEP][PASSED] - Thread.sleep(2000): null

2020-04-23 08:05:11 - [TEST_STEP][PASSED] - scrollToPosition(0, 600): Browser is scrolled to position x = 0, y = 600

2020-04-23 08:05:11 - [MESSAGE][PASSED] - Browser is scrolled to position x = 0, y = 600

2020-04-23 08:05:11 - [TEST_STEP][PASSED] - Thread.sleep(2000): null

2020-04-23 08:05:13 - [TEST_STEP][PASSED] - click(findTestObject("mobileSanity/Dental/quote/a_Select This Plan")): Object: 'Object Repository/mobileSanity/Dental/quote/a_Select This Plan' is clicked on

2020-04-23 08:05:15 - [MESSAGE][PASSED] - Object: 'Object Repository/mobileSanity/Dental/quote/a_Select This Plan' is clicked on

2020-04-23 08:05:15 - [TEST_STEP][PASSED] - waitForPageLoad(10): Wait for page load successfully

2020-04-23 08:05:17 - [MESSAGE][PASSED] - Wait for page load successfully

2020-04-23 08:05:17 - [TEST_STEP][PASSED] - callTestCase(findTestCase("AHI/_include/get_screenshot"), [:], STOP_ON_FAILURE): Call Test Case 'Test Cases/AHI/_include/get_screenshot' successfully

2020-04-23 08:05:17 - [TEST_CASE][PASSED] - Test Cases/AHI/_include/get_screenshot: Test Cases/AHI/_include/get_screenshot

2020-04-23 08:05:17 - [TEST_STEP][PASSED] - Thread.sleep(1000): null

2020-04-23 08:05:18 - [TEST_STEP][PASSED] - takeScreenshot(screenPath + i + ".png"): Taking screenshot successfully

2020-04-23 08:05:19 - [MESSAGE][PASSED] - Taking screenshot successfully
[[ATTACHMENT|D:\\Test\\AgileTest\\Reports\\HIC\\hic\\20200423_080047\\../Screenshots/iPhone 6/HIC/Dental/USA Access/20200423_080346/4.png]]

2020-04-23 08:05:19 - [TEST_STEP][PASSED] - (internal.GlobalVariable.i++): null

2020-04-23 08:05:19 - [MESSAGE][PASSED] - Call Test Case 'Test Cases/AHI/_include/get_screenshot' successfully

2020-04-23 08:05:19 - [TEST_STEP][PASSED] - Thread.sleep(2000): null

2020-04-23 08:05:21 - [TEST_STEP][PASSED] - click(findTestObject("mobileSanity/Dental/apply/span_Start Secure Application")): Object: 'Object Repository/mobileSanity/Dental/apply/span_Start Secure Application' is clicked on

2020-04-23 08:05:22 - [MESSAGE][PASSED] - Object: 'Object Repository/mobileSanity/Dental/apply/span_Start Secure Application' is clicked on

2020-04-23 08:05:22 - [TEST_STEP][PASSED] - waitForPageLoad(10): Wait for page load successfully

2020-04-23 08:05:24 - [MESSAGE][PASSED] - Wait for page load successfully

2020-04-23 08:05:24 - [TEST_STEP][PASSED] - Thread.sleep(2000): null

2020-04-23 08:05:26 - [TEST_STEP][PASSED] - callTestCase(findTestCase("AHI/_include/get_screenshot"), [:], STOP_ON_FAILURE): Call Test Case 'Test Cases/AHI/_include/get_screenshot' successfully

2020-04-23 08:05:26 - [TEST_CASE][PASSED] - Test Cases/AHI/_include/get_screenshot: Test Cases/AHI/_include/get_screenshot

2020-04-23 08:05:26 - [TEST_STEP][PASSED] - Thread.sleep(1000): null

2020-04-23 08:05:27 - [TEST_STEP][PASSED] - takeScreenshot(screenPath + i + ".png"): Taking screenshot successfully

2020-04-23 08:05:28 - [MESSAGE][PASSED] - Taking screenshot successfully
[[ATTACHMENT|D:\\Test\\AgileTest\\Reports\\HIC\\hic\\20200423_080047\\../Screenshots/iPhone 6/HIC/Dental/USA Access/20200423_080346/5.png]]

2020-04-23 08:05:28 - [TEST_STEP][PASSED] - (internal.GlobalVariable.i++): null

2020-04-23 08:05:28 - [MESSAGE][PASSED] - Call Test Case 'Test Cases/AHI/_include/get_screenshot' successfully

2020-04-23 08:05:28 - [TEST_STEP][PASSED] - callTestCase(findTestCase("AHI/_include/goToEnd_dental"), ["carrier":"usa"], CONTINUE_ON_FAILURE): Call Test Case 'Test Cases/AHI/_include/goToEnd_dental' successfully

2020-04-23 08:05:28 - [TEST_CASE][PASSED] - Test Cases/AHI/_include/goToEnd_dental: Test Cases/AHI/_include/goToEnd_dental

2020-04-23 08:05:28 - [TEST_STEP][PASSED] - callTestCase(findTestCase("AHI/_include/name"), [:], CONTINUE_ON_FAILURE): Call Test Case 'Test Cases/AHI/_include/name' successfully

2020-04-23 08:05:28 - [TEST_CASE][PASSED] - Test Cases/AHI/_include/name: Test Cases/AHI/_include/name

2020-04-23 08:05:28 - [TEST_STEP][PASSED] - driver = getWebDriver(): null

2020-04-23 08:05:28 - [TEST_STEP][PASSED] - selenium = new com.thoughtworks.selenium.webdriven.WebDriverBackedSelenium(driver, internal.GlobalVariable.ENV): null

2020-04-23 08:05:28 - [TEST_STEP][PASSED] - FirstName = "Test-123": null

2020-04-23 08:05:28 - [TEST_STEP][PASSED] - LastName = selenium.getEval("{var x="ABCDEFGHIJKLMNOPQRSTUVWXYZabcdefghijklmnopqrstuvwxyz"; var tmp="ZZ11-"; for (i=0;i<8;i++) tmp+=x.charAt(Math.ceil(51*Math.random()));tmp;}"): null

2020-04-23 08:05:28 - [TEST_STEP][PASSED] - Address = selenium.getEval("{var x="ABCDEFGHIJKLMNOPQRSTUVWXYZabcdefghijklmnopqrstuvwxyz"; var tmp=""; for (i=0;i<8;i++) tmp+=x.charAt(Math.ceil(51*Math.random()));tmp;}"): null

2020-04-23 08:05:28 - [TEST_STEP][PASSED] - City = selenium.getEval("{var x="ABCDEFGHIJKLMNOPQRSTUVWXYZabcdefghijklmnopqrstuvwxyz"; var tmp=""; for (i=0;i<8;i++) tmp+=x.charAt(Math.ceil(51*Math.random()));tmp;}"): null

2020-04-23 08:05:28 - [TEST_STEP][PASSED] - tel1 = selenium.getEval("{var x="123456789"; var tmp=""; for (i=0;i<3;i++) tmp+=x.charAt(Math.ceil(8*Math.random()));tmp;}"): null

2020-04-23 08:05:28 - [TEST_STEP][PASSED] - tel2 = selenium.getEval("{var x="123456789"; var tmp=""; for (i=0;i<3;i++) tmp+=x.charAt(Math.ceil(8*Math.random()));tmp;}"): null

2020-04-23 08:05:28 - [TEST_STEP][PASSED] - tel3 = selenium.getEval("{var x="123456789"; var tmp=""; for (i=0;i<4;i++) tmp+=x.charAt(Math.ceil(8*Math.random()));tmp;}"): null

2020-04-23 08:05:28 - [TEST_STEP][PASSED] - Tel = selenium.getExpression(tel1 + "-" + tel2 + "-" + tel3): null

2020-04-23 08:05:28 - [TEST_STEP][PASSED] - AutoEmail = selenium.getEval("{var x="ABCDEFGHIJKLMNOPQRSTUVWXYZabcdefghijklmnopqrstuvwxyz"; var tmp="test."; for (i=0;i<8;i++) tmp+=x.charAt(Math.ceil(51*Math.random()));tmp+="@suryani.cn";}"): null

2020-04-23 08:05:28 - [TEST_STEP][PASSED] - FirstName = FirstName: null

2020-04-23 08:05:28 - [TEST_STEP][PASSED] - LastName = LastName: null

2020-04-23 08:05:28 - [TEST_STEP][PASSED] - Address = Address: null

2020-04-23 08:05:28 - [TEST_STEP][PASSED] - City = City: null

2020-04-23 08:05:28 - [TEST_STEP][PASSED] - Tel = Tel: null

2020-04-23 08:05:28 - [TEST_STEP][PASSED] - AutoEmail = AutoEmail: null

2020-04-23 08:05:28 - [TEST_STEP][PASSED] - println(FirstName): null

2020-04-23 08:05:28 - [TEST_STEP][PASSED] - println(LastName): null

2020-04-23 08:05:28 - [TEST_STEP][PASSED] - println(Address): null

2020-04-23 08:05:28 - [TEST_STEP][PASSED] - println(City): null

2020-04-23 08:05:28 - [TEST_STEP][PASSED] - println(Tel): null

2020-04-23 08:05:28 - [TEST_STEP][PASSED] - println(AutoEmail): null

2020-04-23 08:05:28 - [MESSAGE][PASSED] - Call Test Case 'Test Cases/AHI/_include/name' successfully

2020-04-23 08:05:28 - [TEST_STEP][PASSED] - Thread.sleep(3000): null

2020-04-23 08:05:31 - [TEST_STEP][PASSED] - setText(findTestObject("mobileSanity/Dental/app_page1/input__member-P-1-firstName"), FirstName): Text 'Test-123' is set on object 'Object Repository/mobileSanity/Dental/app_page1/input__member-P-1-firstName'

2020-04-23 08:05:32 - [MESSAGE][PASSED] - Text 'Test-123' is set on object 'Object Repository/mobileSanity/Dental/app_page1/input__member-P-1-firstName'

2020-04-23 08:05:32 - [TEST_STEP][PASSED] - setText(findTestObject("mobileSanity/Dental/app_page1/input__member-P-1-lastName"), LastName): Text 'ZZ11-fcCPlLzL' is set on object 'Object Repository/mobileSanity/Dental/app_page1/input__member-P-1-lastName'

2020-04-23 08:05:32 - [MESSAGE][PASSED] - Text 'ZZ11-fcCPlLzL' is set on object 'Object Repository/mobileSanity/Dental/app_page1/input__member-P-1-lastName'

2020-04-23 08:05:32 - [TEST_STEP][PASSED] - setText(findTestObject("mobileSanity/Dental/app_page1/input__address"), Address): Text 'zwDcGIHj' is set on object 'Object Repository/mobileSanity/Dental/app_page1/input__address'

2020-04-23 08:05:32 - [MESSAGE][PASSED] - Text 'zwDcGIHj' is set on object 'Object Repository/mobileSanity/Dental/app_page1/input__address'

2020-04-23 08:05:32 - [TEST_STEP][PASSED] - setText(findTestObject("mobileSanity/Dental/app_page1/input__city"), City): Text 'KiNKelEU' is set on object 'Object Repository/mobileSanity/Dental/app_page1/input__city'

2020-04-23 08:05:33 - [MESSAGE][PASSED] - Text 'KiNKelEU' is set on object 'Object Repository/mobileSanity/Dental/app_page1/input__city'

2020-04-23 08:05:33 - [TEST_STEP][PASSED] - setText(findTestObject("mobileSanity/Dental/app_page1/input__email"), AutoEmail): Text 'test.fXcwPoJw@suryani.cn' is set on object 'Object Repository/mobileSanity/Dental/app_page1/input__email'

2020-04-23 08:05:34 - [MESSAGE][PASSED] - Text 'test.fXcwPoJw@suryani.cn' is set on object 'Object Repository/mobileSanity/Dental/app_page1/input__email'

2020-04-23 08:05:34 - [TEST_STEP][PASSED] - setText(findTestObject("mobileSanity/Dental/app_page1/input_phone"), Tel): Text '925-694-9562' is set on object 'Object Repository/mobileSanity/Dental/app_page1/input_phone'

2020-04-23 08:05:34 - [MESSAGE][PASSED] - Text '925-694-9562' is set on object 'Object Repository/mobileSanity/Dental/app_page1/input_phone'

2020-04-23 08:05:34 - [TEST_STEP][PASSED] - click(findTestObject("mobileSanity/Dental/app_page1/a_Continue to Step 2 - Payment")): Object: 'Object Repository/mobileSanity/Dental/app_page1/a_Continue to Step 2 - Payment' is clicked on

2020-04-23 08:05:35 - [MESSAGE][PASSED] - Object: 'Object Repository/mobileSanity/Dental/app_page1/a_Continue to Step 2 - Payment' is clicked on

2020-04-23 08:05:35 - [TEST_STEP][PASSED] - waitForPageLoad(10): Wait for page load successfully

2020-04-23 08:05:35 - [MESSAGE][PASSED] - Wait for page load successfully

2020-04-23 08:05:35 - [TEST_STEP][PASSED] - Thread.sleep(2000): null

2020-04-23 08:05:37 - [TEST_STEP][PASSED] - if (carrier == "usa"): null

2020-04-23 08:05:37 - [TEST_STEP][PASSED] - callTestCase(findTestCase("AHI/_include/get_screenshot"), [:], STOP_ON_FAILURE): Call Test Case 'Test Cases/AHI/_include/get_screenshot' successfully

2020-04-23 08:05:37 - [TEST_CASE][PASSED] - Test Cases/AHI/_include/get_screenshot: Test Cases/AHI/_include/get_screenshot

2020-04-23 08:05:37 - [TEST_STEP][PASSED] - Thread.sleep(1000): null

2020-04-23 08:05:38 - [TEST_STEP][PASSED] - takeScreenshot(screenPath + i + ".png"): Taking screenshot successfully

2020-04-23 08:05:38 - [MESSAGE][PASSED] - Taking screenshot successfully
[[ATTACHMENT|D:\\Test\\AgileTest\\Reports\\HIC\\hic\\20200423_080047\\../Screenshots/iPhone 6/HIC/Dental/USA Access/20200423_080346/6.png]]

2020-04-23 08:05:38 - [TEST_STEP][PASSED] - (internal.GlobalVariable.i++): null

2020-04-23 08:05:38 - [MESSAGE][PASSED] - Call Test Case 'Test Cases/AHI/_include/get_screenshot' successfully

2020-04-23 08:05:38 - [TEST_STEP][PASSED] - click(findTestObject("mobileSanity/Dental/app_page2/membership/label_ihaveread")): Object: 'Object Repository/mobileSanity/Dental/app_page2/membership/label_ihaveread' is clicked on

2020-04-23 08:05:38 - [MESSAGE][PASSED] - Object: 'Object Repository/mobileSanity/Dental/app_page2/membership/label_ihaveread' is clicked on

2020-04-23 08:05:38 - [TEST_STEP][PASSED] - click(findTestObject("mobileSanity/Dental/app_page2/membership/a_ok")): Object: 'Object Repository/mobileSanity/Dental/app_page2/membership/a_ok' is clicked on

2020-04-23 08:05:39 - [MESSAGE][PASSED] - Object: 'Object Repository/mobileSanity/Dental/app_page2/membership/a_ok' is clicked on

2020-04-23 08:05:39 - [TEST_STEP][PASSED] - Thread.sleep(3000): null

2020-04-23 08:05:42 - [TEST_STEP][PASSED] - callTestCase(findTestCase("AHI/_include/get_screenshot"), [:], STOP_ON_FAILURE): Call Test Case 'Test Cases/AHI/_include/get_screenshot' successfully

2020-04-23 08:05:42 - [TEST_CASE][PASSED] - Test Cases/AHI/_include/get_screenshot: Test Cases/AHI/_include/get_screenshot

2020-04-23 08:05:42 - [TEST_STEP][PASSED] - Thread.sleep(1000): null

2020-04-23 08:05:43 - [TEST_STEP][PASSED] - takeScreenshot(screenPath + i + ".png"): Taking screenshot successfully

2020-04-23 08:05:45 - [MESSAGE][PASSED] - Taking screenshot successfully
[[ATTACHMENT|D:\\Test\\AgileTest\\Reports\\HIC\\hic\\20200423_080047\\../Screenshots/iPhone 6/HIC/Dental/USA Access/20200423_080346/7.png]]

2020-04-23 08:05:45 - [TEST_STEP][PASSED] - (internal.GlobalVariable.i++): null

2020-04-23 08:05:45 - [MESSAGE][PASSED] - Call Test Case 'Test Cases/AHI/_include/get_screenshot' successfully

2020-04-23 08:05:45 - [TEST_STEP][PASSED] - setText(findTestObject("mobileSanity/Dental/app_page2/input__credit-card-first"), FirstName): Text 'Test-123' is set on object 'Object Repository/mobileSanity/Dental/app_page2/input__credit-card-first'

2020-04-23 08:05:46 - [MESSAGE][PASSED] - Text 'Test-123' is set on object 'Object Repository/mobileSanity/Dental/app_page2/input__credit-card-first'

2020-04-23 08:05:46 - [TEST_STEP][PASSED] - setText(findTestObject("mobileSanity/Dental/app_page2/input__credit-card-last"), LastName): Text 'ZZ11-fcCPlLzL' is set on object 'Object Repository/mobileSanity/Dental/app_page2/input__credit-card-last'

2020-04-23 08:05:46 - [MESSAGE][PASSED] - Text 'ZZ11-fcCPlLzL' is set on object 'Object Repository/mobileSanity/Dental/app_page2/input__credit-card-last'

2020-04-23 08:05:46 - [TEST_STEP][PASSED] - selectOptionByValue(findTestObject("mobileSanity/Dental/app_page2/select_MM010203040506070809101"), "12", true): All options with value '12' are selected in object 'Object Repository/mobileSanity/Dental/app_page2/select_MM010203040506070809101'  using regular expression

2020-04-23 08:05:47 - [MESSAGE][PASSED] - All options with value '12' are selected in object 'Object Repository/mobileSanity/Dental/app_page2/select_MM010203040506070809101'  using regular expression

2020-04-23 08:05:47 - [TEST_STEP][PASSED] - selectOptionByValue(findTestObject("mobileSanity/Dental/app_page2/select_YYYY2019202020212022202"), "2026", true): All options with value '2026' are selected in object 'Object Repository/mobileSanity/Dental/app_page2/select_YYYY2019202020212022202'  using regular expression

2020-04-23 08:05:47 - [MESSAGE][PASSED] - All options with value '2026' are selected in object 'Object Repository/mobileSanity/Dental/app_page2/select_YYYY2019202020212022202'  using regular expression

2020-04-23 08:05:47 - [TEST_STEP][PASSED] - setText(findTestObject("mobileSanity/Dental/app_page2/input__credit-card-number"), "4111111111111111"): Text '4111111111111111' is set on object 'Object Repository/mobileSanity/Dental/app_page2/input__credit-card-number'

2020-04-23 08:05:48 - [MESSAGE][PASSED] - Text '4111111111111111' is set on object 'Object Repository/mobileSanity/Dental/app_page2/input__credit-card-number'

2020-04-23 08:05:48 - [TEST_STEP][PASSED] - setText(findTestObject("mobileSanity/Dental/app_page2/input__cvv"), "123"): Text '123' is set on object 'Object Repository/mobileSanity/Dental/app_page2/input__cvv'

2020-04-23 08:05:48 - [MESSAGE][PASSED] - Text '123' is set on object 'Object Repository/mobileSanity/Dental/app_page2/input__cvv'

2020-04-23 08:05:48 - [TEST_STEP][PASSED] - click(findTestObject("mobileSanity/Dental/app_page2/label_My billing address is th")): Object: 'Object Repository/mobileSanity/Dental/app_page2/label_My billing address is th' is clicked on

2020-04-23 08:05:48 - [MESSAGE][PASSED] - Object: 'Object Repository/mobileSanity/Dental/app_page2/label_My billing address is th' is clicked on

2020-04-23 08:05:48 - [TEST_STEP][PASSED] - click(findTestObject("mobileSanity/Dental/app_page2/label_I Accept Authorization f")): Object: 'Object Repository/mobileSanity/Dental/app_page2/label_I Accept Authorization f' is clicked on

2020-04-23 08:05:48 - [MESSAGE][PASSED] - Object: 'Object Repository/mobileSanity/Dental/app_page2/label_I Accept Authorization f' is clicked on

2020-04-23 08:05:48 - [TEST_STEP][PASSED] - click(findTestObject("mobileSanity/Dental/app_page2/a_Continue to Step 3 - Review")): Object: 'Object Repository/mobileSanity/Dental/app_page2/a_Continue to Step 3 - Review' is clicked on

2020-04-23 08:05:49 - [MESSAGE][PASSED] - Object: 'Object Repository/mobileSanity/Dental/app_page2/a_Continue to Step 3 - Review' is clicked on

2020-04-23 08:05:49 - [TEST_STEP][PASSED] - waitForPageLoad(20): Wait for page load successfully

2020-04-23 08:05:49 - [MESSAGE][PASSED] - Wait for page load successfully

2020-04-23 08:05:49 - [TEST_STEP][PASSED] - Thread.sleep(2000): null

2020-04-23 08:05:51 - [TEST_STEP][PASSED] - waitForElementClickable(findTestObject("mobileSanity/Dental/app_page3/label"), 20): Object 'Object Repository/mobileSanity/Dental/app_page3/label' is clickable

2020-04-23 08:06:00 - [MESSAGE][PASSED] - Object 'Object Repository/mobileSanity/Dental/app_page3/label' is clickable

2020-04-23 08:06:00 - [TEST_STEP][PASSED] - callTestCase(findTestCase("AHI/_include/get_screenshot"), [:], STOP_ON_FAILURE): Call Test Case 'Test Cases/AHI/_include/get_screenshot' successfully

2020-04-23 08:06:00 - [TEST_CASE][PASSED] - Test Cases/AHI/_include/get_screenshot: Test Cases/AHI/_include/get_screenshot

2020-04-23 08:06:00 - [TEST_STEP][PASSED] - Thread.sleep(1000): null

2020-04-23 08:06:01 - [TEST_STEP][PASSED] - takeScreenshot(screenPath + i + ".png"): Taking screenshot successfully

2020-04-23 08:06:02 - [MESSAGE][PASSED] - Taking screenshot successfully
[[ATTACHMENT|D:\\Test\\AgileTest\\Reports\\HIC\\hic\\20200423_080047\\../Screenshots/iPhone 6/HIC/Dental/USA Access/20200423_080346/8.png]]

2020-04-23 08:06:02 - [TEST_STEP][PASSED] - (internal.GlobalVariable.i++): null

2020-04-23 08:06:02 - [MESSAGE][PASSED] - Call Test Case 'Test Cases/AHI/_include/get_screenshot' successfully

2020-04-23 08:06:02 - [TEST_STEP][PASSED] - click(findTestObject("mobileSanity/Dental/app_page3/label")): Object: 'Object Repository/mobileSanity/Dental/app_page3/label' is clicked on

2020-04-23 08:06:02 - [MESSAGE][PASSED] - Object: 'Object Repository/mobileSanity/Dental/app_page3/label' is clicked on

2020-04-23 08:06:02 - [TEST_STEP][PASSED] - click(findTestObject("mobileSanity/Dental/app_page3/p_CLICK TO SIGN")): Object: 'Object Repository/mobileSanity/Dental/app_page3/p_CLICK TO SIGN' is clicked on

2020-04-23 08:06:02 - [MESSAGE][PASSED] - Object: 'Object Repository/mobileSanity/Dental/app_page3/p_CLICK TO SIGN' is clicked on

2020-04-23 08:06:02 - [TEST_STEP][PASSED] - click(findTestObject("mobileSanity/Dental/app_page3/a_Submit Your Application")): Object: 'Object Repository/mobileSanity/Dental/app_page3/a_Submit Your Application' is clicked on

2020-04-23 08:06:02 - [MESSAGE][PASSED] - Object: 'Object Repository/mobileSanity/Dental/app_page3/a_Submit Your Application' is clicked on

2020-04-23 08:06:02 - [TEST_STEP][PASSED] - Thread.sleep(50000): null

2020-04-23 08:06:52 - [TEST_STEP][PASSED] - waitForElementPresent(findTestObject("mobileSanity/Dental/app_page4/js-app-confirmation"), 20): Object 'Object Repository/mobileSanity/Dental/app_page4/js-app-confirmation' is present

2020-04-23 08:06:53 - [MESSAGE][PASSED] - Object 'Object Repository/mobileSanity/Dental/app_page4/js-app-confirmation' is present

2020-04-23 08:06:53 - [TEST_STEP][PASSED] - callTestCase(findTestCase("AHI/_include/get_screenshot"), [:], STOP_ON_FAILURE): Call Test Case 'Test Cases/AHI/_include/get_screenshot' successfully

2020-04-23 08:06:53 - [TEST_CASE][PASSED] - Test Cases/AHI/_include/get_screenshot: Test Cases/AHI/_include/get_screenshot

2020-04-23 08:06:53 - [TEST_STEP][PASSED] - Thread.sleep(1000): null

2020-04-23 08:06:54 - [TEST_STEP][PASSED] - takeScreenshot(screenPath + i + ".png"): Taking screenshot successfully

2020-04-23 08:06:54 - [MESSAGE][PASSED] - Taking screenshot successfully
[[ATTACHMENT|D:\\Test\\AgileTest\\Reports\\HIC\\hic\\20200423_080047\\../Screenshots/iPhone 6/HIC/Dental/USA Access/20200423_080346/9.png]]

2020-04-23 08:06:54 - [TEST_STEP][PASSED] - (internal.GlobalVariable.i++): null

2020-04-23 08:06:54 - [MESSAGE][PASSED] - Call Test Case 'Test Cases/AHI/_include/get_screenshot' successfully

2020-04-23 08:06:54 - [MESSAGE][PASSED] - Call Test Case 'Test Cases/AHI/_include/goToEnd_dental' successfully]]></system-out>
         <system-err><![CDATA[]]></system-err>
      </testcase>
      <testcase name="Test Cases/HIC/New/HBI" classname="Test Cases/HIC/New/HBI" status="ERROR">
         <error type="ERROR" message="Test Cases/HIC/New/HBI FAILED.
Reason:
com.thoughtworks.selenium.SeleniumException: Timed out waiting for action to finish
	at com.thoughtworks.selenium.webdriven.Timer.run(Timer.java:46)
	at com.thoughtworks.selenium.webdriven.WebDriverCommandProcessor.execute(WebDriverCommandProcessor.java:150)
	at com.thoughtworks.selenium.webdriven.WebDriverCommandProcessor.doCommand(WebDriverCommandProcessor.java:76)
	at com.thoughtworks.selenium.DefaultSelenium.selectWindow(DefaultSelenium.java:382)
	at com.thoughtworks.selenium.Selenium$selectWindow$5.call(Unknown Source)
	at HBI.run(HBI:59)
	at com.kms.katalon.core.main.ScriptEngine.run(ScriptEngine.java:194)
	at com.kms.katalon.core.main.ScriptEngine.runScriptAsRawText(ScriptEngine.java:119)
	at com.kms.katalon.core.main.TestCaseExecutor.runScript(TestCaseExecutor.java:328)
	at com.kms.katalon.core.main.TestCaseExecutor.doExecute(TestCaseExecutor.java:319)
	at com.kms.katalon.core.main.TestCaseExecutor.processExecutionPhase(TestCaseExecutor.java:298)
	at com.kms.katalon.core.main.TestCaseExecutor.accessMainPhase(TestCaseExecutor.java:290)
	at com.kms.katalon.core.main.TestCaseExecutor.execute(TestCaseExecutor.java:224)
	at com.kms.katalon.core.main.TestSuiteExecutor.accessTestCaseMainPhase(TestSuiteExecutor.java:129)
	at com.kms.katalon.core.main.TestSuiteExecutor.accessTestSuiteMainPhase(TestSuiteExecutor.java:112)
	at com.kms.katalon.core.main.TestSuiteExecutor.execute(TestSuiteExecutor.java:81)
	at com.kms.katalon.core.main.TestCaseMain.startTestSuite(TestCaseMain.java:149)
	at com.kms.katalon.core.main.TestCaseMain$startTestSuite$0.call(Unknown Source)
	at TempTestSuite1587643247815.run(TempTestSuite1587643247815.groovy:36)
"/>
         <system-out><![CDATA[2020-04-23 08:06:54 - [TEST_CASE][ERROR] - Test Cases/HIC/New/HBI: Test Cases/HIC/New/HBI FAILED.
Reason:
com.thoughtworks.selenium.SeleniumException: Timed out waiting for action to finish
	at com.thoughtworks.selenium.webdriven.Timer.run(Timer.java:46)
	at com.thoughtworks.selenium.webdriven.WebDriverCommandProcessor.execute(WebDriverCommandProcessor.java:150)
	at com.thoughtworks.selenium.webdriven.WebDriverCommandProcessor.doCommand(WebDriverCommandProcessor.java:76)
	at com.thoughtworks.selenium.DefaultSelenium.selectWindow(DefaultSelenium.java:382)
	at com.thoughtworks.selenium.Selenium$selectWindow$5.call(Unknown Source)
	at HBI.run(HBI:59)
	at com.kms.katalon.core.main.ScriptEngine.run(ScriptEngine.java:194)
	at com.kms.katalon.core.main.ScriptEngine.runScriptAsRawText(ScriptEngine.java:119)
	at com.kms.katalon.core.main.TestCaseExecutor.runScript(TestCaseExecutor.java:328)
	at com.kms.katalon.core.main.TestCaseExecutor.doExecute(TestCaseExecutor.java:319)
	at com.kms.katalon.core.main.TestCaseExecutor.processExecutionPhase(TestCaseExecutor.java:298)
	at com.kms.katalon.core.main.TestCaseExecutor.accessMainPhase(TestCaseExecutor.java:290)
	at com.kms.katalon.core.main.TestCaseExecutor.execute(TestCaseExecutor.java:224)
	at com.kms.katalon.core.main.TestSuiteExecutor.accessTestCaseMainPhase(TestSuiteExecutor.java:129)
	at com.kms.katalon.core.main.TestSuiteExecutor.accessTestSuiteMainPhase(TestSuiteExecutor.java:112)
	at com.kms.katalon.core.main.TestSuiteExecutor.execute(TestSuiteExecutor.java:81)
	at com.kms.katalon.core.main.TestCaseMain.startTestSuite(TestCaseMain.java:149)
	at com.kms.katalon.core.main.TestCaseMain$startTestSuite$0.call(Unknown Source)
	at TempTestSuite1587643247815.run(TempTestSuite1587643247815.groovy:36)


2020-04-23 08:06:54 - [TEST_STEP][PASSED] - callTestCase(findTestCase("HIC/_include/get_hicScreenPath"), ["project":"HIC", "productLine":"HBI", "carrierName":"HBI"], CONTINUE_ON_FAILURE): Call Test Case 'Test Cases/HIC/_include/get_hicScreenPath' successfully

2020-04-23 08:06:54 - [TEST_CASE][PASSED] - Test Cases/HIC/_include/get_hicScreenPath: Test Cases/HIC/_include/get_hicScreenPath

2020-04-23 08:06:54 - [TEST_STEP][PASSED] - m = getExecutionProperties(): null

2020-04-23 08:06:54 - [TEST_STEP][PASSED] - deviceName = get("mobileEmulation").get("deviceName"): null

2020-04-23 08:06:54 - [TEST_STEP][PASSED] - println(deviceName): null

2020-04-23 08:06:54 - [TEST_STEP][PASSED] - now = new java.util.Date(): null

2020-04-23 08:06:54 - [TEST_STEP][PASSED] - mydate = now.format("yyyyMMdd_HHmmss"): null

2020-04-23 08:06:54 - [TEST_STEP][PASSED] - screenPath = "../Screenshots/": null

2020-04-23 08:06:54 - [TEST_STEP][PASSED] - screenPath = screenPath + deviceName + "/" + project + "/" + productLine + "/" + carrierName + "/" + mydate + "/": null

2020-04-23 08:06:54 - [TEST_STEP][PASSED] - println(screenPath): null

2020-04-23 08:06:54 - [MESSAGE][PASSED] - Call Test Case 'Test Cases/HIC/_include/get_hicScreenPath' successfully

2020-04-23 08:06:54 - [TEST_STEP][PASSED] - i = 0: null

2020-04-23 08:06:54 - [TEST_STEP][PASSED] - callTestCase(findTestCase("AHI/_include/openWebSite"), ["env":env], CONTINUE_ON_FAILURE): Call Test Case 'Test Cases/AHI/_include/openWebSite' successfully

2020-04-23 08:06:54 - [TEST_CASE][PASSED] - Test Cases/AHI/_include/openWebSite: Test Cases/AHI/_include/openWebSite

2020-04-23 08:06:54 - [TEST_STEP][PASSED] - openBrowser(env): Browser is opened with url: 'https://qa.healthinsurance.com'

2020-04-23 08:06:54 - [MESSAGE][WARNING] - A browser is already opened. Closing browser and opening a new one

2020-04-23 08:06:56 - [MESSAGE][INFO] - Starting 'Chrome' driver

2020-04-23 08:06:56 - [MESSAGE][INFO] - User set preference: ['mobileEmulation', '{deviceName=iPhone 6}']

2020-04-23 08:06:56 - [MESSAGE][INFO] - User set preference: ['args', '[--incognito, --aggressive-cache-discard, --window-size=375,677, --no-sandbox, --ignore-certificate-errors]']

2020-04-23 08:07:16 - [MESSAGE][PASSED] - Browser is opened with url: 'https://qa.healthinsurance.com'

2020-04-23 08:07:16 - [TEST_STEP][PASSED] - waitForPageLoad(20): Wait for page load successfully

2020-04-23 08:07:16 - [MESSAGE][PASSED] - Wait for page load successfully

2020-04-23 08:07:16 - [TEST_STEP][PASSED] - callTestCase(findTestCase("AHI/_include/get_screenshot"), [:], STOP_ON_FAILURE): Call Test Case 'Test Cases/AHI/_include/get_screenshot' successfully

2020-04-23 08:07:16 - [TEST_CASE][PASSED] - Test Cases/AHI/_include/get_screenshot: Test Cases/AHI/_include/get_screenshot

2020-04-23 08:07:16 - [TEST_STEP][PASSED] - Thread.sleep(1000): null

2020-04-23 08:07:17 - [TEST_STEP][PASSED] - takeScreenshot(screenPath + i + ".png"): Taking screenshot successfully

2020-04-23 08:07:18 - [MESSAGE][PASSED] - Taking screenshot successfully
[[ATTACHMENT|D:\\Test\\AgileTest\\Reports\\HIC\\hic\\20200423_080047\\../Screenshots/iPhone 6/HIC/HBI/HBI/20200423_080654/0.png]]

2020-04-23 08:07:18 - [TEST_STEP][PASSED] - (internal.GlobalVariable.i++): null

2020-04-23 08:07:18 - [MESSAGE][PASSED] - Call Test Case 'Test Cases/AHI/_include/get_screenshot' successfully

2020-04-23 08:07:18 - [MESSAGE][PASSED] - Call Test Case 'Test Cases/AHI/_include/openWebSite' successfully

2020-04-23 08:07:18 - [TEST_STEP][PASSED] - driver = getWebDriver(): null

2020-04-23 08:07:18 - [TEST_STEP][PASSED] - baseUrl = env: null

2020-04-23 08:07:18 - [TEST_STEP][PASSED] - selenium = new com.thoughtworks.selenium.webdriven.WebDriverBackedSelenium(driver, baseUrl): null

2020-04-23 08:07:18 - [TEST_STEP][PASSED] - selenium.click("//span[@class='navbar-toggler-icon']"): null

2020-04-23 08:07:18 - [TEST_STEP][PASSED] - selenium.click("//a[@class='dropdown-toggle nav-link']"): null

2020-04-23 08:07:18 - [TEST_STEP][PASSED] - selenium.click("//a[contains(text(),'Hospital Indemnity Plans')]"): null

2020-04-23 08:07:19 - [TEST_STEP][PASSED] - for ([second = 0, second < 10, (second++)]): null

2020-04-23 08:07:19 - [TEST_STEP][PASSED] - try: null

2020-04-23 08:07:19 - [TEST_STEP][PASSED] - if (selenium.isElementPresent("xpath=//button[contains(text(),'GET QUOTES')]")): null

2020-04-23 08:07:19 - [TEST_STEP][PASSED] - break: null

2020-04-23 08:07:19 - [TEST_STEP][PASSED] - callTestCase(findTestCase("AHI/_include/get_screenshot"), [:], STOP_ON_FAILURE): Call Test Case 'Test Cases/AHI/_include/get_screenshot' successfully

2020-04-23 08:07:19 - [TEST_CASE][PASSED] - Test Cases/AHI/_include/get_screenshot: Test Cases/AHI/_include/get_screenshot

2020-04-23 08:07:19 - [TEST_STEP][PASSED] - Thread.sleep(1000): null

2020-04-23 08:07:20 - [TEST_STEP][PASSED] - takeScreenshot(screenPath + i + ".png"): Taking screenshot successfully

2020-04-23 08:07:21 - [MESSAGE][PASSED] - Taking screenshot successfully
[[ATTACHMENT|D:\\Test\\AgileTest\\Reports\\HIC\\hic\\20200423_080047\\../Screenshots/iPhone 6/HIC/HBI/HBI/20200423_080654/1.png]]

2020-04-23 08:07:21 - [TEST_STEP][PASSED] - (internal.GlobalVariable.i++): null

2020-04-23 08:07:21 - [MESSAGE][PASSED] - Call Test Case 'Test Cases/AHI/_include/get_screenshot' successfully

2020-04-23 08:07:21 - [TEST_STEP][PASSED] - selenium.click("xpath=//button[contains(text(),'GET QUOTES')]"): null

2020-04-23 08:07:21 - [TEST_STEP][PASSED] - Thread.sleep(3000): null

2020-04-23 08:07:24 - [TEST_STEP][ERROR] - selenium.selectWindow("HealthInsurance.net | Get a Quote"): selenium.selectWindow("HealthInsurance.net | Get a Quote") FAILED.
Reason:
com.thoughtworks.selenium.SeleniumException: Timed out waiting for action to finish
	at com.thoughtworks.selenium.webdriven.Timer.run(Timer.java:46)
	at com.thoughtworks.selenium.webdriven.WebDriverCommandProcessor.execute(WebDriverCommandProcessor.java:150)
	at com.thoughtworks.selenium.webdriven.WebDriverCommandProcessor.doCommand(WebDriverCommandProcessor.java:76)
	at com.thoughtworks.selenium.DefaultSelenium.selectWindow(DefaultSelenium.java:382)
	at com.thoughtworks.selenium.Selenium$selectWindow$5.call(Unknown Source)
	at HBI.run(HBI:59)
	at com.kms.katalon.core.main.ScriptEngine.run(ScriptEngine.java:194)
	at com.kms.katalon.core.main.ScriptEngine.runScriptAsRawText(ScriptEngine.java:119)
	at com.kms.katalon.core.main.TestCaseExecutor.runScript(TestCaseExecutor.java:328)
	at com.kms.katalon.core.main.TestCaseExecutor.doExecute(TestCaseExecutor.java:319)
	at com.kms.katalon.core.main.TestCaseExecutor.processExecutionPhase(TestCaseExecutor.java:298)
	at com.kms.katalon.core.main.TestCaseExecutor.accessMainPhase(TestCaseExecutor.java:290)
	at com.kms.katalon.core.main.TestCaseExecutor.execute(TestCaseExecutor.java:224)
	at com.kms.katalon.core.main.TestSuiteExecutor.accessTestCaseMainPhase(TestSuiteExecutor.java:129)
	at com.kms.katalon.core.main.TestSuiteExecutor.accessTestSuiteMainPhase(TestSuiteExecutor.java:112)
	at com.kms.katalon.core.main.TestSuiteExecutor.execute(TestSuiteExecutor.java:81)
	at com.kms.katalon.core.main.TestCaseMain.startTestSuite(TestCaseMain.java:149)
	at com.kms.katalon.core.main.TestCaseMain$startTestSuite$0.call(Unknown Source)
	at TempTestSuite1587643247815.run(TempTestSuite1587643247815.groovy:36)


2020-04-23 08:08:02 - [MESSAGE][ERROR] - selenium.selectWindow("HealthInsurance.net | Get a Quote") FAILED.
Reason:
com.thoughtworks.selenium.SeleniumException: Timed out waiting for action to finish
	at com.thoughtworks.selenium.webdriven.Timer.run(Timer.java:46)
	at com.thoughtworks.selenium.webdriven.WebDriverCommandProcessor.execute(WebDriverCommandProcessor.java:150)
	at com.thoughtworks.selenium.webdriven.WebDriverCommandProcessor.doCommand(WebDriverCommandProcessor.java:76)
	at com.thoughtworks.selenium.DefaultSelenium.selectWindow(DefaultSelenium.java:382)
	at com.thoughtworks.selenium.Selenium$selectWindow$5.call(Unknown Source)
	at HBI.run(HBI:59)
	at com.kms.katalon.core.main.ScriptEngine.run(ScriptEngine.java:194)
	at com.kms.katalon.core.main.ScriptEngine.runScriptAsRawText(ScriptEngine.java:119)
	at com.kms.katalon.core.main.TestCaseExecutor.runScript(TestCaseExecutor.java:328)
	at com.kms.katalon.core.main.TestCaseExecutor.doExecute(TestCaseExecutor.java:319)
	at com.kms.katalon.core.main.TestCaseExecutor.processExecutionPhase(TestCaseExecutor.java:298)
	at com.kms.katalon.core.main.TestCaseExecutor.accessMainPhase(TestCaseExecutor.java:290)
	at com.kms.katalon.core.main.TestCaseExecutor.execute(TestCaseExecutor.java:224)
	at com.kms.katalon.core.main.TestSuiteExecutor.accessTestCaseMainPhase(TestSuiteExecutor.java:129)
	at com.kms.katalon.core.main.TestSuiteExecutor.accessTestSuiteMainPhase(TestSuiteExecutor.java:112)
	at com.kms.katalon.core.main.TestSuiteExecutor.execute(TestSuiteExecutor.java:81)
	at com.kms.katalon.core.main.TestCaseMain.startTestSuite(TestCaseMain.java:149)
	at com.kms.katalon.core.main.TestCaseMain$startTestSuite$0.call(Unknown Source)
	at TempTestSuite1587643247815.run(TempTestSuite1587643247815.groovy:36)]]></system-out>
         <system-err><![CDATA[2020-04-23 08:06:54 - [TEST_CASE][ERROR] - Test Cases/HIC/New/HBI: Test Cases/HIC/New/HBI FAILED.
Reason:
com.thoughtworks.selenium.SeleniumException: Timed out waiting for action to finish
	at com.thoughtworks.selenium.webdriven.Timer.run(Timer.java:46)
	at com.thoughtworks.selenium.webdriven.WebDriverCommandProcessor.execute(WebDriverCommandProcessor.java:150)
	at com.thoughtworks.selenium.webdriven.WebDriverCommandProcessor.doCommand(WebDriverCommandProcessor.java:76)
	at com.thoughtworks.selenium.DefaultSelenium.selectWindow(DefaultSelenium.java:382)
	at com.thoughtworks.selenium.Selenium$selectWindow$5.call(Unknown Source)
	at HBI.run(HBI:59)
	at com.kms.katalon.core.main.ScriptEngine.run(ScriptEngine.java:194)
	at com.kms.katalon.core.main.ScriptEngine.runScriptAsRawText(ScriptEngine.java:119)
	at com.kms.katalon.core.main.TestCaseExecutor.runScript(TestCaseExecutor.java:328)
	at com.kms.katalon.core.main.TestCaseExecutor.doExecute(TestCaseExecutor.java:319)
	at com.kms.katalon.core.main.TestCaseExecutor.processExecutionPhase(TestCaseExecutor.java:298)
	at com.kms.katalon.core.main.TestCaseExecutor.accessMainPhase(TestCaseExecutor.java:290)
	at com.kms.katalon.core.main.TestCaseExecutor.execute(TestCaseExecutor.java:224)
	at com.kms.katalon.core.main.TestSuiteExecutor.accessTestCaseMainPhase(TestSuiteExecutor.java:129)
	at com.kms.katalon.core.main.TestSuiteExecutor.accessTestSuiteMainPhase(TestSuiteExecutor.java:112)
	at com.kms.katalon.core.main.TestSuiteExecutor.execute(TestSuiteExecutor.java:81)
	at com.kms.katalon.core.main.TestCaseMain.startTestSuite(TestCaseMain.java:149)
	at com.kms.katalon.core.main.TestCaseMain$startTestSuite$0.call(Unknown Source)
	at TempTestSuite1587643247815.run(TempTestSuite1587643247815.groovy:36)]]></system-err>
      </testcase>
      <testcase name="Test Cases/HIC/New/Medicare" classname="Test Cases/HIC/New/Medicare" status="PASSED">
         <system-out><![CDATA[2020-04-23 08:08:02 - [TEST_CASE][PASSED] - Test Cases/HIC/New/Medicare: Test Cases/HIC/New/Medicare

2020-04-23 08:08:02 - [TEST_STEP][PASSED] - callTestCase(findTestCase("HIC/_include/get_hicScreenPath"), ["project":"HIC", "productLine":"Medicare", "carrierName":"Medicare"], CONTINUE_ON_FAILURE): Call Test Case 'Test Cases/HIC/_include/get_hicScreenPath' successfully

2020-04-23 08:08:02 - [TEST_CASE][PASSED] - Test Cases/HIC/_include/get_hicScreenPath: Test Cases/HIC/_include/get_hicScreenPath

2020-04-23 08:08:02 - [TEST_STEP][PASSED] - m = getExecutionProperties(): null

2020-04-23 08:08:02 - [TEST_STEP][PASSED] - deviceName = get("mobileEmulation").get("deviceName"): null

2020-04-23 08:08:02 - [TEST_STEP][PASSED] - println(deviceName): null

2020-04-23 08:08:02 - [TEST_STEP][PASSED] - now = new java.util.Date(): null

2020-04-23 08:08:02 - [TEST_STEP][PASSED] - mydate = now.format("yyyyMMdd_HHmmss"): null

2020-04-23 08:08:02 - [TEST_STEP][PASSED] - screenPath = "../Screenshots/": null

2020-04-23 08:08:02 - [TEST_STEP][PASSED] - screenPath = screenPath + deviceName + "/" + project + "/" + productLine + "/" + carrierName + "/" + mydate + "/": null

2020-04-23 08:08:02 - [TEST_STEP][PASSED] - println(screenPath): null

2020-04-23 08:08:02 - [MESSAGE][PASSED] - Call Test Case 'Test Cases/HIC/_include/get_hicScreenPath' successfully

2020-04-23 08:08:02 - [TEST_STEP][PASSED] - i = 0: null

2020-04-23 08:08:02 - [TEST_STEP][PASSED] - callTestCase(findTestCase("AHI/_include/openWebSite"), ["env":env], CONTINUE_ON_FAILURE): Call Test Case 'Test Cases/AHI/_include/openWebSite' successfully

2020-04-23 08:08:02 - [TEST_CASE][PASSED] - Test Cases/AHI/_include/openWebSite: Test Cases/AHI/_include/openWebSite

2020-04-23 08:08:02 - [TEST_STEP][PASSED] - openBrowser(env): Browser is opened with url: 'https://qa.healthinsurance.com/'

2020-04-23 08:08:02 - [MESSAGE][WARNING] - A browser is already opened. Closing browser and opening a new one

2020-04-23 08:08:03 - [MESSAGE][INFO] - Starting 'Chrome' driver

2020-04-23 08:08:03 - [MESSAGE][INFO] - User set preference: ['mobileEmulation', '{deviceName=iPhone 6}']

2020-04-23 08:08:03 - [MESSAGE][INFO] - User set preference: ['args', '[--incognito, --aggressive-cache-discard, --window-size=375,677, --no-sandbox, --ignore-certificate-errors]']

2020-04-23 08:08:19 - [MESSAGE][PASSED] - Browser is opened with url: 'https://qa.healthinsurance.com/'

2020-04-23 08:08:19 - [TEST_STEP][PASSED] - waitForPageLoad(20): Wait for page load successfully

2020-04-23 08:08:19 - [MESSAGE][PASSED] - Wait for page load successfully

2020-04-23 08:08:19 - [TEST_STEP][PASSED] - callTestCase(findTestCase("AHI/_include/get_screenshot"), [:], STOP_ON_FAILURE): Call Test Case 'Test Cases/AHI/_include/get_screenshot' successfully

2020-04-23 08:08:19 - [TEST_CASE][PASSED] - Test Cases/AHI/_include/get_screenshot: Test Cases/AHI/_include/get_screenshot

2020-04-23 08:08:20 - [TEST_STEP][PASSED] - Thread.sleep(1000): null

2020-04-23 08:08:21 - [TEST_STEP][PASSED] - takeScreenshot(screenPath + i + ".png"): Taking screenshot successfully

2020-04-23 08:08:21 - [MESSAGE][PASSED] - Taking screenshot successfully
[[ATTACHMENT|D:\\Test\\AgileTest\\Reports\\HIC\\hic\\20200423_080047\\../Screenshots/iPhone 6/HIC/Medicare/Medicare/20200423_080802/0.png]]

2020-04-23 08:08:21 - [TEST_STEP][PASSED] - (internal.GlobalVariable.i++): null

2020-04-23 08:08:21 - [MESSAGE][PASSED] - Call Test Case 'Test Cases/AHI/_include/get_screenshot' successfully

2020-04-23 08:08:21 - [MESSAGE][PASSED] - Call Test Case 'Test Cases/AHI/_include/openWebSite' successfully

2020-04-23 08:08:21 - [TEST_STEP][PASSED] - driver = getWebDriver(): null

2020-04-23 08:08:21 - [TEST_STEP][PASSED] - baseUrl = env: null

2020-04-23 08:08:21 - [TEST_STEP][PASSED] - selenium = new com.thoughtworks.selenium.webdriven.WebDriverBackedSelenium(driver, baseUrl): null

2020-04-23 08:08:21 - [TEST_STEP][PASSED] - selenium.click("//span[@class='navbar-toggler-icon']"): null

2020-04-23 08:08:21 - [TEST_STEP][PASSED] - selenium.click("//a[@class='dropdown-toggle nav-link']"): null

2020-04-23 08:08:22 - [TEST_STEP][PASSED] - selenium.click("//a[contains(text(),'Medicare')]"): null

2020-04-23 08:08:27 - [TEST_STEP][PASSED] - for ([second = 0, second < 10, (second++)]): null

2020-04-23 08:08:27 - [TEST_STEP][PASSED] - try: null

2020-04-23 08:08:27 - [TEST_STEP][PASSED] - if (selenium.isElementPresent("id=zip")): null

2020-04-23 08:08:27 - [TEST_STEP][PASSED] - break: null

2020-04-23 08:08:27 - [TEST_STEP][PASSED] - callTestCase(findTestCase("AHI/_include/get_screenshot"), [:], STOP_ON_FAILURE): Call Test Case 'Test Cases/AHI/_include/get_screenshot' successfully

2020-04-23 08:08:27 - [TEST_CASE][PASSED] - Test Cases/AHI/_include/get_screenshot: Test Cases/AHI/_include/get_screenshot

2020-04-23 08:08:28 - [TEST_STEP][PASSED] - Thread.sleep(1000): null

2020-04-23 08:08:29 - [TEST_STEP][PASSED] - takeScreenshot(screenPath + i + ".png"): Taking screenshot successfully

2020-04-23 08:08:30 - [MESSAGE][PASSED] - Taking screenshot successfully
[[ATTACHMENT|D:\\Test\\AgileTest\\Reports\\HIC\\hic\\20200423_080047\\../Screenshots/iPhone 6/HIC/Medicare/Medicare/20200423_080802/1.png]]

2020-04-23 08:08:30 - [TEST_STEP][PASSED] - (internal.GlobalVariable.i++): null

2020-04-23 08:08:30 - [MESSAGE][PASSED] - Call Test Case 'Test Cases/AHI/_include/get_screenshot' successfully

2020-04-23 08:08:30 - [TEST_STEP][PASSED] - setText(findTestObject("hic/medicare/zip"), "33186"): Text '33186' is set on object 'Object Repository/hic/medicare/zip'

2020-04-23 08:08:31 - [MESSAGE][PASSED] - Text '33186' is set on object 'Object Repository/hic/medicare/zip'

2020-04-23 08:08:31 - [TEST_STEP][PASSED] - Thread.sleep(3000): null

2020-04-23 08:08:34 - [TEST_STEP][PASSED] - selenium.click("//button[contains(text(),'Compare Plans')]"): null

2020-04-23 08:08:51 - [TEST_STEP][PASSED] - for ([second = 0, second < 10, (second++)]): null

2020-04-23 08:08:51 - [TEST_STEP][PASSED] - try: null

2020-04-23 08:08:51 - [TEST_STEP][PASSED] - if (selenium.isElementPresent("id=planTypeSelect")): null

2020-04-23 08:08:51 - [TEST_STEP][PASSED] - break: null

2020-04-23 08:08:51 - [TEST_STEP][PASSED] - callTestCase(findTestCase("AHI/_include/get_screenshot"), [:], STOP_ON_FAILURE): Call Test Case 'Test Cases/AHI/_include/get_screenshot' successfully

2020-04-23 08:08:51 - [TEST_CASE][PASSED] - Test Cases/AHI/_include/get_screenshot: Test Cases/AHI/_include/get_screenshot

2020-04-23 08:08:51 - [TEST_STEP][PASSED] - Thread.sleep(1000): null

2020-04-23 08:08:52 - [TEST_STEP][PASSED] - takeScreenshot(screenPath + i + ".png"): Taking screenshot successfully

2020-04-23 08:08:53 - [MESSAGE][PASSED] - Taking screenshot successfully
[[ATTACHMENT|D:\\Test\\AgileTest\\Reports\\HIC\\hic\\20200423_080047\\../Screenshots/iPhone 6/HIC/Medicare/Medicare/20200423_080802/2.png]]

2020-04-23 08:08:53 - [TEST_STEP][PASSED] - (internal.GlobalVariable.i++): null

2020-04-23 08:08:53 - [MESSAGE][PASSED] - Call Test Case 'Test Cases/AHI/_include/get_screenshot' successfully]]></system-out>
         <system-err><![CDATA[]]></system-err>
      </testcase>
      <testcase name="Test Cases/HIC/New/Pet" classname="Test Cases/HIC/New/Pet" status="PASSED">
         <system-out><![CDATA[2020-04-23 08:08:53 - [TEST_CASE][PASSED] - Test Cases/HIC/New/Pet: Test Cases/HIC/New/Pet

2020-04-23 08:08:54 - [TEST_STEP][PASSED] - callTestCase(findTestCase("HIC/_include/get_hicScreenPath"), ["project":"HIC", "productLine":"Pet", "carrierName":"Pet"], CONTINUE_ON_FAILURE): Call Test Case 'Test Cases/HIC/_include/get_hicScreenPath' successfully

2020-04-23 08:08:54 - [TEST_CASE][PASSED] - Test Cases/HIC/_include/get_hicScreenPath: Test Cases/HIC/_include/get_hicScreenPath

2020-04-23 08:08:54 - [TEST_STEP][PASSED] - m = getExecutionProperties(): null

2020-04-23 08:08:54 - [TEST_STEP][PASSED] - deviceName = get("mobileEmulation").get("deviceName"): null

2020-04-23 08:08:54 - [TEST_STEP][PASSED] - println(deviceName): null

2020-04-23 08:08:54 - [TEST_STEP][PASSED] - now = new java.util.Date(): null

2020-04-23 08:08:54 - [TEST_STEP][PASSED] - mydate = now.format("yyyyMMdd_HHmmss"): null

2020-04-23 08:08:54 - [TEST_STEP][PASSED] - screenPath = "../Screenshots/": null

2020-04-23 08:08:54 - [TEST_STEP][PASSED] - screenPath = screenPath + deviceName + "/" + project + "/" + productLine + "/" + carrierName + "/" + mydate + "/": null

2020-04-23 08:08:54 - [TEST_STEP][PASSED] - println(screenPath): null

2020-04-23 08:08:54 - [MESSAGE][PASSED] - Call Test Case 'Test Cases/HIC/_include/get_hicScreenPath' successfully

2020-04-23 08:08:54 - [TEST_STEP][PASSED] - i = 0: null

2020-04-23 08:08:54 - [TEST_STEP][PASSED] - callTestCase(findTestCase("AHI/_include/openWebSite"), ["env":env], CONTINUE_ON_FAILURE): Call Test Case 'Test Cases/AHI/_include/openWebSite' successfully

2020-04-23 08:08:54 - [TEST_CASE][PASSED] - Test Cases/AHI/_include/openWebSite: Test Cases/AHI/_include/openWebSite

2020-04-23 08:08:54 - [TEST_STEP][PASSED] - openBrowser(env): Browser is opened with url: 'https://qa.healthinsurance.com'

2020-04-23 08:08:54 - [MESSAGE][WARNING] - A browser is already opened. Closing browser and opening a new one

2020-04-23 08:08:55 - [MESSAGE][INFO] - Starting 'Chrome' driver

2020-04-23 08:08:55 - [MESSAGE][INFO] - User set preference: ['mobileEmulation', '{deviceName=iPhone 6}']

2020-04-23 08:08:55 - [MESSAGE][INFO] - User set preference: ['args', '[--incognito, --aggressive-cache-discard, --window-size=375,677, --no-sandbox, --ignore-certificate-errors]']

2020-04-23 08:09:12 - [MESSAGE][PASSED] - Browser is opened with url: 'https://qa.healthinsurance.com'

2020-04-23 08:09:12 - [TEST_STEP][PASSED] - waitForPageLoad(20): Wait for page load successfully

2020-04-23 08:09:12 - [MESSAGE][PASSED] - Wait for page load successfully

2020-04-23 08:09:12 - [TEST_STEP][PASSED] - callTestCase(findTestCase("AHI/_include/get_screenshot"), [:], STOP_ON_FAILURE): Call Test Case 'Test Cases/AHI/_include/get_screenshot' successfully

2020-04-23 08:09:12 - [TEST_CASE][PASSED] - Test Cases/AHI/_include/get_screenshot: Test Cases/AHI/_include/get_screenshot

2020-04-23 08:09:12 - [TEST_STEP][PASSED] - Thread.sleep(1000): null

2020-04-23 08:09:13 - [TEST_STEP][PASSED] - takeScreenshot(screenPath + i + ".png"): Taking screenshot successfully

2020-04-23 08:09:14 - [MESSAGE][PASSED] - Taking screenshot successfully
[[ATTACHMENT|D:\\Test\\AgileTest\\Reports\\HIC\\hic\\20200423_080047\\../Screenshots/iPhone 6/HIC/Pet/Pet/20200423_080854/0.png]]

2020-04-23 08:09:14 - [TEST_STEP][PASSED] - (internal.GlobalVariable.i++): null

2020-04-23 08:09:14 - [MESSAGE][PASSED] - Call Test Case 'Test Cases/AHI/_include/get_screenshot' successfully

2020-04-23 08:09:14 - [MESSAGE][PASSED] - Call Test Case 'Test Cases/AHI/_include/openWebSite' successfully

2020-04-23 08:09:14 - [TEST_STEP][PASSED] - driver = getWebDriver(): null

2020-04-23 08:09:14 - [TEST_STEP][PASSED] - baseUrl = env: null

2020-04-23 08:09:14 - [TEST_STEP][PASSED] - selenium = new com.thoughtworks.selenium.webdriven.WebDriverBackedSelenium(driver, baseUrl): null

2020-04-23 08:09:14 - [TEST_STEP][PASSED] - selenium.click("//span[@class='navbar-toggler-icon']"): null

2020-04-23 08:09:14 - [TEST_STEP][PASSED] - selenium.click("//a[@class='dropdown-toggle nav-link']"): null

2020-04-23 08:09:14 - [TEST_STEP][PASSED] - selenium.click("//a[contains(text(),'Pet Insurance')]"): null

2020-04-23 08:09:21 - [TEST_STEP][PASSED] - for ([second = 0, second < 20, (second++)]): null

2020-04-23 08:09:21 - [TEST_STEP][PASSED] - try: null

2020-04-23 08:09:21 - [TEST_STEP][PASSED] - if (selenium.isElementPresent("id=zip-input")): null

2020-04-23 08:09:21 - [TEST_STEP][PASSED] - break: null

2020-04-23 08:09:21 - [TEST_STEP][PASSED] - callTestCase(findTestCase("AHI/_include/get_screenshot"), [:], STOP_ON_FAILURE): Call Test Case 'Test Cases/AHI/_include/get_screenshot' successfully

2020-04-23 08:09:21 - [TEST_CASE][PASSED] - Test Cases/AHI/_include/get_screenshot: Test Cases/AHI/_include/get_screenshot

2020-04-23 08:09:21 - [TEST_STEP][PASSED] - Thread.sleep(1000): null

2020-04-23 08:09:22 - [TEST_STEP][PASSED] - takeScreenshot(screenPath + i + ".png"): Taking screenshot successfully

2020-04-23 08:09:23 - [MESSAGE][PASSED] - Taking screenshot successfully
[[ATTACHMENT|D:\\Test\\AgileTest\\Reports\\HIC\\hic\\20200423_080047\\../Screenshots/iPhone 6/HIC/Pet/Pet/20200423_080854/1.png]]

2020-04-23 08:09:23 - [TEST_STEP][PASSED] - (internal.GlobalVariable.i++): null

2020-04-23 08:09:23 - [MESSAGE][PASSED] - Call Test Case 'Test Cases/AHI/_include/get_screenshot' successfully

2020-04-23 08:09:23 - [TEST_STEP][PASSED] - sendKeys(findTestObject("mobileSanity/Cancer Insurance/zip"), "35216"): Keys '35216' sent to object: 'Object Repository/mobileSanity/Cancer Insurance/zip'

2020-04-23 08:09:23 - [MESSAGE][PASSED] - Keys '35216' sent to object: 'Object Repository/mobileSanity/Cancer Insurance/zip'

2020-04-23 08:09:23 - [TEST_STEP][PASSED] - Thread.sleep(3000): null

2020-04-23 08:09:26 - [TEST_STEP][PASSED] - selenium.click("id=js-see-plans"): null

2020-04-23 08:09:27 - [TEST_STEP][PASSED] - for ([second = 0, second < 20, (second++)]): null

2020-04-23 08:09:27 - [TEST_STEP][PASSED] - try: null

2020-04-23 08:09:27 - [TEST_STEP][PASSED] - if (selenium.isElementPresent("id=name-input")): null

2020-04-23 08:09:27 - [TEST_STEP][PASSED] - Thread.sleep(1000): null

2020-04-23 08:09:28 - [TEST_STEP][PASSED] - try: null

2020-04-23 08:09:28 - [TEST_STEP][PASSED] - if (selenium.isElementPresent("id=name-input")): null

2020-04-23 08:09:28 - [TEST_STEP][PASSED] - break: null

2020-04-23 08:09:28 - [TEST_STEP][PASSED] - callTestCase(findTestCase("AHI/_include/get_screenshot"), [:], STOP_ON_FAILURE): Call Test Case 'Test Cases/AHI/_include/get_screenshot' successfully

2020-04-23 08:09:28 - [TEST_CASE][PASSED] - Test Cases/AHI/_include/get_screenshot: Test Cases/AHI/_include/get_screenshot

2020-04-23 08:09:28 - [TEST_STEP][PASSED] - Thread.sleep(1000): null

2020-04-23 08:09:29 - [TEST_STEP][PASSED] - takeScreenshot(screenPath + i + ".png"): Taking screenshot successfully

2020-04-23 08:09:29 - [MESSAGE][PASSED] - Taking screenshot successfully
[[ATTACHMENT|D:\\Test\\AgileTest\\Reports\\HIC\\hic\\20200423_080047\\../Screenshots/iPhone 6/HIC/Pet/Pet/20200423_080854/2.png]]

2020-04-23 08:09:29 - [TEST_STEP][PASSED] - (internal.GlobalVariable.i++): null

2020-04-23 08:09:29 - [MESSAGE][PASSED] - Call Test Case 'Test Cases/AHI/_include/get_screenshot' successfully

2020-04-23 08:09:29 - [TEST_STEP][PASSED] - setText(findTestObject("mobileSanity/Pet Insurance/name-input"), "Test cat"): Text 'Test cat' is set on object 'Object Repository/mobileSanity/Pet Insurance/name-input'

2020-04-23 08:09:29 - [MESSAGE][PASSED] - Text 'Test cat' is set on object 'Object Repository/mobileSanity/Pet Insurance/name-input'

2020-04-23 08:09:29 - [TEST_STEP][PASSED] - selenium.click("id=js-continue"): null

2020-04-23 08:09:30 - [TEST_STEP][PASSED] - for ([second = 0, second < 20, (second++)]): null

2020-04-23 08:09:30 - [TEST_STEP][PASSED] - try: null

2020-04-23 08:09:30 - [TEST_STEP][PASSED] - if (selenium.isElementPresent("xpath=//label[@for='p-cat']")): null

2020-04-23 08:09:30 - [TEST_STEP][PASSED] - break: null

2020-04-23 08:09:30 - [TEST_STEP][PASSED] - callTestCase(findTestCase("AHI/_include/get_screenshot"), [:], STOP_ON_FAILURE): Call Test Case 'Test Cases/AHI/_include/get_screenshot' successfully

2020-04-23 08:09:30 - [TEST_CASE][PASSED] - Test Cases/AHI/_include/get_screenshot: Test Cases/AHI/_include/get_screenshot

2020-04-23 08:09:30 - [TEST_STEP][PASSED] - Thread.sleep(1000): null

2020-04-23 08:09:31 - [TEST_STEP][PASSED] - takeScreenshot(screenPath + i + ".png"): Taking screenshot successfully

2020-04-23 08:09:34 - [MESSAGE][PASSED] - Taking screenshot successfully
[[ATTACHMENT|D:\\Test\\AgileTest\\Reports\\HIC\\hic\\20200423_080047\\../Screenshots/iPhone 6/HIC/Pet/Pet/20200423_080854/3.png]]

2020-04-23 08:09:34 - [TEST_STEP][PASSED] - (internal.GlobalVariable.i++): null

2020-04-23 08:09:34 - [MESSAGE][PASSED] - Call Test Case 'Test Cases/AHI/_include/get_screenshot' successfully

2020-04-23 08:09:34 - [TEST_STEP][PASSED] - selenium.click("//label[@for='p-cat']"): null

2020-04-23 08:09:34 - [TEST_STEP][PASSED] - for ([second = 0, second < 20, (second++)]): null

2020-04-23 08:09:34 - [TEST_STEP][PASSED] - try: null

2020-04-23 08:09:34 - [TEST_STEP][PASSED] - if (selenium.isElementPresent("id=dob-mm-input")): null

2020-04-23 08:09:34 - [TEST_STEP][PASSED] - Thread.sleep(1000): null

2020-04-23 08:09:35 - [TEST_STEP][PASSED] - try: null

2020-04-23 08:09:35 - [TEST_STEP][PASSED] - if (selenium.isElementPresent("id=dob-mm-input")): null

2020-04-23 08:09:36 - [TEST_STEP][PASSED] - break: null

2020-04-23 08:09:36 - [TEST_STEP][PASSED] - callTestCase(findTestCase("AHI/_include/get_screenshot"), [:], STOP_ON_FAILURE): Call Test Case 'Test Cases/AHI/_include/get_screenshot' successfully

2020-04-23 08:09:36 - [TEST_CASE][PASSED] - Test Cases/AHI/_include/get_screenshot: Test Cases/AHI/_include/get_screenshot

2020-04-23 08:09:36 - [TEST_STEP][PASSED] - Thread.sleep(1000): null

2020-04-23 08:09:37 - [TEST_STEP][PASSED] - takeScreenshot(screenPath + i + ".png"): Taking screenshot successfully

2020-04-23 08:09:37 - [MESSAGE][PASSED] - Taking screenshot successfully
[[ATTACHMENT|D:\\Test\\AgileTest\\Reports\\HIC\\hic\\20200423_080047\\../Screenshots/iPhone 6/HIC/Pet/Pet/20200423_080854/4.png]]

2020-04-23 08:09:37 - [TEST_STEP][PASSED] - (internal.GlobalVariable.i++): null

2020-04-23 08:09:37 - [MESSAGE][PASSED] - Call Test Case 'Test Cases/AHI/_include/get_screenshot' successfully

2020-04-23 08:09:37 - [TEST_STEP][PASSED] - setText(findTestObject("mobileSanity/Pet Insurance/dob-mm-input"), "01"): Text '01' is set on object 'Object Repository/mobileSanity/Pet Insurance/dob-mm-input'

2020-04-23 08:09:38 - [MESSAGE][PASSED] - Text '01' is set on object 'Object Repository/mobileSanity/Pet Insurance/dob-mm-input'

2020-04-23 08:09:38 - [TEST_STEP][PASSED] - setText(findTestObject("mobileSanity/Pet Insurance/dob-dd-input"), "01"): Text '01' is set on object 'Object Repository/mobileSanity/Pet Insurance/dob-dd-input'

2020-04-23 08:09:38 - [MESSAGE][PASSED] - Text '01' is set on object 'Object Repository/mobileSanity/Pet Insurance/dob-dd-input'

2020-04-23 08:09:38 - [TEST_STEP][PASSED] - setText(findTestObject("mobileSanity/Pet Insurance/dob-yyyy-input"), "2016"): Text '2016' is set on object 'Object Repository/mobileSanity/Pet Insurance/dob-yyyy-input'

2020-04-23 08:09:38 - [MESSAGE][PASSED] - Text '2016' is set on object 'Object Repository/mobileSanity/Pet Insurance/dob-yyyy-input'

2020-04-23 08:09:38 - [TEST_STEP][PASSED] - for ([second = 0, second < 20, (second++)]): null

2020-04-23 08:09:38 - [TEST_STEP][PASSED] - try: null

2020-04-23 08:09:38 - [TEST_STEP][PASSED] - if (selenium.isElementPresent("xpath=//label[@for='p-no']")): null

2020-04-23 08:09:38 - [TEST_STEP][PASSED] - Thread.sleep(1000): null

2020-04-23 08:09:39 - [TEST_STEP][PASSED] - try: null

2020-04-23 08:09:39 - [TEST_STEP][PASSED] - if (selenium.isElementPresent("xpath=//label[@for='p-no']")): null

2020-04-23 08:09:39 - [TEST_STEP][PASSED] - break: null

2020-04-23 08:09:39 - [TEST_STEP][PASSED] - callTestCase(findTestCase("AHI/_include/get_screenshot"), [:], STOP_ON_FAILURE): Call Test Case 'Test Cases/AHI/_include/get_screenshot' successfully

2020-04-23 08:09:39 - [TEST_CASE][PASSED] - Test Cases/AHI/_include/get_screenshot: Test Cases/AHI/_include/get_screenshot

2020-04-23 08:09:39 - [TEST_STEP][PASSED] - Thread.sleep(1000): null

2020-04-23 08:09:40 - [TEST_STEP][PASSED] - takeScreenshot(screenPath + i + ".png"): Taking screenshot successfully

2020-04-23 08:09:41 - [MESSAGE][PASSED] - Taking screenshot successfully
[[ATTACHMENT|D:\\Test\\AgileTest\\Reports\\HIC\\hic\\20200423_080047\\../Screenshots/iPhone 6/HIC/Pet/Pet/20200423_080854/5.png]]

2020-04-23 08:09:41 - [TEST_STEP][PASSED] - (internal.GlobalVariable.i++): null

2020-04-23 08:09:41 - [MESSAGE][PASSED] - Call Test Case 'Test Cases/AHI/_include/get_screenshot' successfully

2020-04-23 08:09:41 - [TEST_STEP][PASSED] - selenium.click("//label[@for='p-no']"): null

2020-04-23 08:09:41 - [TEST_STEP][PASSED] - for ([second = 0, second < 20, (second++)]): null

2020-04-23 08:09:41 - [TEST_STEP][PASSED] - try: null

2020-04-23 08:09:41 - [TEST_STEP][PASSED] - if (selenium.isElementPresent("id=applyCta")): null

2020-04-23 08:09:56 - [TEST_STEP][PASSED] - break: null

2020-04-23 08:09:56 - [TEST_STEP][PASSED] - callTestCase(findTestCase("AHI/_include/get_screenshot"), [:], STOP_ON_FAILURE): Call Test Case 'Test Cases/AHI/_include/get_screenshot' successfully

2020-04-23 08:09:56 - [TEST_CASE][PASSED] - Test Cases/AHI/_include/get_screenshot: Test Cases/AHI/_include/get_screenshot

2020-04-23 08:09:56 - [TEST_STEP][PASSED] - Thread.sleep(1000): null

2020-04-23 08:09:57 - [TEST_STEP][PASSED] - takeScreenshot(screenPath + i + ".png"): Taking screenshot successfully

2020-04-23 08:09:57 - [MESSAGE][PASSED] - Taking screenshot successfully
[[ATTACHMENT|D:\\Test\\AgileTest\\Reports\\HIC\\hic\\20200423_080047\\../Screenshots/iPhone 6/HIC/Pet/Pet/20200423_080854/6.png]]

2020-04-23 08:09:57 - [TEST_STEP][PASSED] - (internal.GlobalVariable.i++): null

2020-04-23 08:09:57 - [MESSAGE][PASSED] - Call Test Case 'Test Cases/AHI/_include/get_screenshot' successfully

2020-04-23 08:09:57 - [TEST_STEP][PASSED] - selenium.click("id=applyCta"): null

2020-04-23 08:09:59 - [TEST_STEP][PASSED] - for ([second = 0, second < 20, (second++)]): null

2020-04-23 08:09:59 - [TEST_STEP][PASSED] - try: null

2020-04-23 08:09:59 - [TEST_STEP][PASSED] - if (selenium.isElementPresent("id=member-P-1-firstName")): null

2020-04-23 08:09:59 - [TEST_STEP][PASSED] - Thread.sleep(1000): null

2020-04-23 08:10:00 - [TEST_STEP][PASSED] - try: null

2020-04-23 08:10:00 - [TEST_STEP][PASSED] - if (selenium.isElementPresent("id=member-P-1-firstName")): null

2020-04-23 08:10:00 - [TEST_STEP][PASSED] - break: null

2020-04-23 08:10:00 - [TEST_STEP][PASSED] - callTestCase(findTestCase("AHI/_include/get_screenshot"), [:], STOP_ON_FAILURE): Call Test Case 'Test Cases/AHI/_include/get_screenshot' successfully

2020-04-23 08:10:01 - [TEST_CASE][PASSED] - Test Cases/AHI/_include/get_screenshot: Test Cases/AHI/_include/get_screenshot

2020-04-23 08:10:01 - [TEST_STEP][PASSED] - Thread.sleep(1000): null

2020-04-23 08:10:02 - [TEST_STEP][PASSED] - takeScreenshot(screenPath + i + ".png"): Taking screenshot successfully

2020-04-23 08:10:02 - [MESSAGE][PASSED] - Taking screenshot successfully
[[ATTACHMENT|D:\\Test\\AgileTest\\Reports\\HIC\\hic\\20200423_080047\\../Screenshots/iPhone 6/HIC/Pet/Pet/20200423_080854/7.png]]

2020-04-23 08:10:02 - [TEST_STEP][PASSED] - (internal.GlobalVariable.i++): null

2020-04-23 08:10:02 - [MESSAGE][PASSED] - Call Test Case 'Test Cases/AHI/_include/get_screenshot' successfully

2020-04-23 08:10:02 - [TEST_STEP][PASSED] - callTestCase(findTestCase("AHI/_include/name"), [:], STOP_ON_FAILURE): Call Test Case 'Test Cases/AHI/_include/name' successfully

2020-04-23 08:10:02 - [TEST_CASE][PASSED] - Test Cases/AHI/_include/name: Test Cases/AHI/_include/name

2020-04-23 08:10:02 - [TEST_STEP][PASSED] - driver = getWebDriver(): null

2020-04-23 08:10:02 - [TEST_STEP][PASSED] - selenium = new com.thoughtworks.selenium.webdriven.WebDriverBackedSelenium(driver, internal.GlobalVariable.ENV): null

2020-04-23 08:10:02 - [TEST_STEP][PASSED] - FirstName = "Test-123": null

2020-04-23 08:10:02 - [TEST_STEP][PASSED] - LastName = selenium.getEval("{var x="ABCDEFGHIJKLMNOPQRSTUVWXYZabcdefghijklmnopqrstuvwxyz"; var tmp="ZZ11-"; for (i=0;i<8;i++) tmp+=x.charAt(Math.ceil(51*Math.random()));tmp;}"): null

2020-04-23 08:10:02 - [TEST_STEP][PASSED] - Address = selenium.getEval("{var x="ABCDEFGHIJKLMNOPQRSTUVWXYZabcdefghijklmnopqrstuvwxyz"; var tmp=""; for (i=0;i<8;i++) tmp+=x.charAt(Math.ceil(51*Math.random()));tmp;}"): null

2020-04-23 08:10:02 - [TEST_STEP][PASSED] - City = selenium.getEval("{var x="ABCDEFGHIJKLMNOPQRSTUVWXYZabcdefghijklmnopqrstuvwxyz"; var tmp=""; for (i=0;i<8;i++) tmp+=x.charAt(Math.ceil(51*Math.random()));tmp;}"): null

2020-04-23 08:10:02 - [TEST_STEP][PASSED] - tel1 = selenium.getEval("{var x="123456789"; var tmp=""; for (i=0;i<3;i++) tmp+=x.charAt(Math.ceil(8*Math.random()));tmp;}"): null

2020-04-23 08:10:02 - [TEST_STEP][PASSED] - tel2 = selenium.getEval("{var x="123456789"; var tmp=""; for (i=0;i<3;i++) tmp+=x.charAt(Math.ceil(8*Math.random()));tmp;}"): null

2020-04-23 08:10:02 - [TEST_STEP][PASSED] - tel3 = selenium.getEval("{var x="123456789"; var tmp=""; for (i=0;i<4;i++) tmp+=x.charAt(Math.ceil(8*Math.random()));tmp;}"): null

2020-04-23 08:10:02 - [TEST_STEP][PASSED] - Tel = selenium.getExpression(tel1 + "-" + tel2 + "-" + tel3): null

2020-04-23 08:10:02 - [TEST_STEP][PASSED] - AutoEmail = selenium.getEval("{var x="ABCDEFGHIJKLMNOPQRSTUVWXYZabcdefghijklmnopqrstuvwxyz"; var tmp="test."; for (i=0;i<8;i++) tmp+=x.charAt(Math.ceil(51*Math.random()));tmp+="@suryani.cn";}"): null

2020-04-23 08:10:02 - [TEST_STEP][PASSED] - FirstName = FirstName: null

2020-04-23 08:10:02 - [TEST_STEP][PASSED] - LastName = LastName: null

2020-04-23 08:10:02 - [TEST_STEP][PASSED] - Address = Address: null

2020-04-23 08:10:02 - [TEST_STEP][PASSED] - City = City: null

2020-04-23 08:10:02 - [TEST_STEP][PASSED] - Tel = Tel: null

2020-04-23 08:10:02 - [TEST_STEP][PASSED] - AutoEmail = AutoEmail: null

2020-04-23 08:10:02 - [TEST_STEP][PASSED] - println(FirstName): null

2020-04-23 08:10:02 - [TEST_STEP][PASSED] - println(LastName): null

2020-04-23 08:10:02 - [TEST_STEP][PASSED] - println(Address): null

2020-04-23 08:10:02 - [TEST_STEP][PASSED] - println(City): null

2020-04-23 08:10:02 - [TEST_STEP][PASSED] - println(Tel): null

2020-04-23 08:10:02 - [TEST_STEP][PASSED] - println(AutoEmail): null

2020-04-23 08:10:02 - [MESSAGE][PASSED] - Call Test Case 'Test Cases/AHI/_include/name' successfully

2020-04-23 08:10:02 - [TEST_STEP][PASSED] - selenium.type("id=member-P-1-firstName", FirstName): null

2020-04-23 08:10:02 - [TEST_STEP][PASSED] - selenium.type("id=member-P-1-lastName", LastName): null

2020-04-23 08:10:03 - [TEST_STEP][PASSED] - selenium.type("id=address", Address): null

2020-04-23 08:10:03 - [TEST_STEP][PASSED] - selenium.type("id=city", City): null

2020-04-23 08:10:03 - [TEST_STEP][PASSED] - selenium.type("id=email", AutoEmail): null

2020-04-23 08:10:03 - [TEST_STEP][PASSED] - selenium.type("id=primaryPhone", Tel): null

2020-04-23 08:10:03 - [TEST_STEP][PASSED] - selenium.click("id=pet-veterinary-clinic-flag"): null

2020-04-23 08:10:03 - [TEST_STEP][PASSED] - Thread.sleep(2000): null

2020-04-23 08:10:05 - [TEST_STEP][PASSED] - selenium.click("id=js-app-continue-link"): null

2020-04-23 08:10:06 - [TEST_STEP][PASSED] - for ([second = 0, second < 20, (second++)]): null

2020-04-23 08:10:06 - [TEST_STEP][PASSED] - try: null

2020-04-23 08:10:06 - [TEST_STEP][PASSED] - if (selenium.isElementPresent("id=credit-card-number")): null

2020-04-23 08:10:06 - [TEST_STEP][PASSED] - Thread.sleep(1000): null

2020-04-23 08:10:07 - [TEST_STEP][PASSED] - try: null

2020-04-23 08:10:07 - [TEST_STEP][PASSED] - if (selenium.isElementPresent("id=credit-card-number")): null

2020-04-23 08:10:07 - [TEST_STEP][PASSED] - break: null

2020-04-23 08:10:07 - [TEST_STEP][PASSED] - callTestCase(findTestCase("AHI/_include/get_screenshot"), [:], STOP_ON_FAILURE): Call Test Case 'Test Cases/AHI/_include/get_screenshot' successfully

2020-04-23 08:10:07 - [TEST_CASE][PASSED] - Test Cases/AHI/_include/get_screenshot: Test Cases/AHI/_include/get_screenshot

2020-04-23 08:10:07 - [TEST_STEP][PASSED] - Thread.sleep(1000): null

2020-04-23 08:10:08 - [TEST_STEP][PASSED] - takeScreenshot(screenPath + i + ".png"): Taking screenshot successfully

2020-04-23 08:10:08 - [MESSAGE][PASSED] - Taking screenshot successfully
[[ATTACHMENT|D:\\Test\\AgileTest\\Reports\\HIC\\hic\\20200423_080047\\../Screenshots/iPhone 6/HIC/Pet/Pet/20200423_080854/8.png]]

2020-04-23 08:10:08 - [TEST_STEP][PASSED] - (internal.GlobalVariable.i++): null

2020-04-23 08:10:08 - [MESSAGE][PASSED] - Call Test Case 'Test Cases/AHI/_include/get_screenshot' successfully

2020-04-23 08:10:08 - [TEST_STEP][PASSED] - selenium.type("id=credit-card-number", "4111111111111111"): null

2020-04-23 08:10:09 - [TEST_STEP][PASSED] - selenium.type("id=credit-card-first", "test"): null

2020-04-23 08:10:09 - [TEST_STEP][PASSED] - selenium.type("id=credit-card-last", "test"): null

2020-04-23 08:10:09 - [TEST_STEP][PASSED] - selenium.select("id=expiration-month", "12"): null

2020-04-23 08:10:09 - [TEST_STEP][PASSED] - selenium.select("id=expiration-year", "2026"): null

2020-04-23 08:10:10 - [TEST_STEP][PASSED] - selenium.type("id=credit-card-cvv", "123"): null

2020-04-23 08:10:10 - [TEST_STEP][PASSED] - selenium.type("id=credit-card-number", "4111111111111111"): null

2020-04-23 08:10:10 - [TEST_STEP][PASSED] - selenium.click("id=js-same-billing"): null

2020-04-23 08:10:10 - [TEST_STEP][PASSED] - selenium.click("id=credit-payment-authorization"): null

2020-04-23 08:10:11 - [TEST_STEP][PASSED] - selenium.click("id=js-app-continue-link"): null

2020-04-23 08:10:11 - [TEST_STEP][PASSED] - for ([second = 0, second < 20, (second++)]): null

2020-04-23 08:10:11 - [TEST_STEP][PASSED] - try: null

2020-04-23 08:10:11 - [TEST_STEP][PASSED] - if (selenium.isElementPresent("id=consent-checkbox-0")): null

2020-04-23 08:10:11 - [TEST_STEP][PASSED] - Thread.sleep(1000): null

2020-04-23 08:10:12 - [TEST_STEP][PASSED] - try: null

2020-04-23 08:10:12 - [TEST_STEP][PASSED] - if (selenium.isElementPresent("id=consent-checkbox-0")): null

2020-04-23 08:10:13 - [TEST_STEP][PASSED] - Thread.sleep(1000): null

2020-04-23 08:10:14 - [TEST_STEP][PASSED] - try: null

2020-04-23 08:10:14 - [TEST_STEP][PASSED] - if (selenium.isElementPresent("id=consent-checkbox-0")): null

2020-04-23 08:10:14 - [TEST_STEP][PASSED] - break: null

2020-04-23 08:10:14 - [TEST_STEP][PASSED] - callTestCase(findTestCase("AHI/_include/get_screenshot"), [:], STOP_ON_FAILURE): Call Test Case 'Test Cases/AHI/_include/get_screenshot' successfully

2020-04-23 08:10:14 - [TEST_CASE][PASSED] - Test Cases/AHI/_include/get_screenshot: Test Cases/AHI/_include/get_screenshot

2020-04-23 08:10:14 - [TEST_STEP][PASSED] - Thread.sleep(1000): null

2020-04-23 08:10:15 - [TEST_STEP][PASSED] - takeScreenshot(screenPath + i + ".png"): Taking screenshot successfully

2020-04-23 08:10:16 - [MESSAGE][PASSED] - Taking screenshot successfully
[[ATTACHMENT|D:\\Test\\AgileTest\\Reports\\HIC\\hic\\20200423_080047\\../Screenshots/iPhone 6/HIC/Pet/Pet/20200423_080854/9.png]]

2020-04-23 08:10:16 - [TEST_STEP][PASSED] - (internal.GlobalVariable.i++): null

2020-04-23 08:10:16 - [MESSAGE][PASSED] - Call Test Case 'Test Cases/AHI/_include/get_screenshot' successfully

2020-04-23 08:10:16 - [TEST_STEP][PASSED] - selenium.click("id=consent-checkbox-0"): null

2020-04-23 08:10:16 - [TEST_STEP][PASSED] - selenium.click("id=consent-checkbox-1"): null

2020-04-23 08:10:16 - [TEST_STEP][PASSED] - selenium.click("id=consent-checkbox-2"): null

2020-04-23 08:10:16 - [TEST_STEP][PASSED] - selenium.click("id=consent-checkbox-3"): null

2020-04-23 08:10:17 - [TEST_STEP][PASSED] - selenium.click("id=js-signature-tab"): null

2020-04-23 08:10:17 - [TEST_STEP][PASSED] - selenium.click("id=js-app-continue-link"): null

2020-04-23 08:10:18 - [TEST_STEP][PASSED] - for ([second = 0, second < 30, (second++)]): null

2020-04-23 08:10:18 - [TEST_STEP][PASSED] - try: null

2020-04-23 08:10:18 - [TEST_STEP][PASSED] - if (selenium.isElementPresent("xpath=//h2[contains(text(),'Thank You')]")): null

2020-04-23 08:10:18 - [TEST_STEP][PASSED] - Thread.sleep(1000): null

2020-04-23 08:10:19 - [TEST_STEP][PASSED] - try: null

2020-04-23 08:10:19 - [TEST_STEP][PASSED] - if (selenium.isElementPresent("xpath=//h2[contains(text(),'Thank You')]")): null

2020-04-23 08:10:20 - [TEST_STEP][PASSED] - Thread.sleep(1000): null

2020-04-23 08:10:21 - [TEST_STEP][PASSED] - try: null

2020-04-23 08:10:21 - [TEST_STEP][PASSED] - if (selenium.isElementPresent("xpath=//h2[contains(text(),'Thank You')]")): null

2020-04-23 08:10:21 - [TEST_STEP][PASSED] - Thread.sleep(1000): null

2020-04-23 08:10:22 - [TEST_STEP][PASSED] - try: null

2020-04-23 08:10:22 - [TEST_STEP][PASSED] - if (selenium.isElementPresent("xpath=//h2[contains(text(),'Thank You')]")): null

2020-04-23 08:10:22 - [TEST_STEP][PASSED] - Thread.sleep(1000): null

2020-04-23 08:10:23 - [TEST_STEP][PASSED] - try: null

2020-04-23 08:10:23 - [TEST_STEP][PASSED] - if (selenium.isElementPresent("xpath=//h2[contains(text(),'Thank You')]")): null

2020-04-23 08:10:24 - [TEST_STEP][PASSED] - Thread.sleep(1000): null

2020-04-23 08:10:25 - [TEST_STEP][PASSED] - try: null

2020-04-23 08:10:25 - [TEST_STEP][PASSED] - if (selenium.isElementPresent("xpath=//h2[contains(text(),'Thank You')]")): null

2020-04-23 08:10:25 - [TEST_STEP][PASSED] - Thread.sleep(1000): null

2020-04-23 08:10:26 - [TEST_STEP][PASSED] - try: null

2020-04-23 08:10:26 - [TEST_STEP][PASSED] - if (selenium.isElementPresent("xpath=//h2[contains(text(),'Thank You')]")): null

2020-04-23 08:10:27 - [TEST_STEP][PASSED] - Thread.sleep(1000): null

2020-04-23 08:10:28 - [TEST_STEP][PASSED] - try: null

2020-04-23 08:10:28 - [TEST_STEP][PASSED] - if (selenium.isElementPresent("xpath=//h2[contains(text(),'Thank You')]")): null

2020-04-23 08:10:28 - [TEST_STEP][PASSED] - Thread.sleep(1000): null

2020-04-23 08:10:29 - [TEST_STEP][PASSED] - try: null

2020-04-23 08:10:29 - [TEST_STEP][PASSED] - if (selenium.isElementPresent("xpath=//h2[contains(text(),'Thank You')]")): null

2020-04-23 08:10:29 - [TEST_STEP][PASSED] - Thread.sleep(1000): null

2020-04-23 08:10:30 - [TEST_STEP][PASSED] - try: null

2020-04-23 08:10:30 - [TEST_STEP][PASSED] - if (selenium.isElementPresent("xpath=//h2[contains(text(),'Thank You')]")): null

2020-04-23 08:10:30 - [TEST_STEP][PASSED] - Thread.sleep(1000): null

2020-04-23 08:10:31 - [TEST_STEP][PASSED] - try: null

2020-04-23 08:10:31 - [TEST_STEP][PASSED] - if (selenium.isElementPresent("xpath=//h2[contains(text(),'Thank You')]")): null

2020-04-23 08:10:31 - [TEST_STEP][PASSED] - Thread.sleep(1000): null

2020-04-23 08:10:32 - [TEST_STEP][PASSED] - try: null

2020-04-23 08:10:32 - [TEST_STEP][PASSED] - if (selenium.isElementPresent("xpath=//h2[contains(text(),'Thank You')]")): null

2020-04-23 08:10:32 - [TEST_STEP][PASSED] - Thread.sleep(1000): null

2020-04-23 08:10:33 - [TEST_STEP][PASSED] - try: null

2020-04-23 08:10:33 - [TEST_STEP][PASSED] - if (selenium.isElementPresent("xpath=//h2[contains(text(),'Thank You')]")): null

2020-04-23 08:10:33 - [TEST_STEP][PASSED] - Thread.sleep(1000): null

2020-04-23 08:10:34 - [TEST_STEP][PASSED] - try: null

2020-04-23 08:10:34 - [TEST_STEP][PASSED] - if (selenium.isElementPresent("xpath=//h2[contains(text(),'Thank You')]")): null

2020-04-23 08:10:34 - [TEST_STEP][PASSED] - Thread.sleep(1000): null

2020-04-23 08:10:35 - [TEST_STEP][PASSED] - try: null

2020-04-23 08:10:35 - [TEST_STEP][PASSED] - if (selenium.isElementPresent("xpath=//h2[contains(text(),'Thank You')]")): null

2020-04-23 08:10:35 - [TEST_STEP][PASSED] - Thread.sleep(1000): null

2020-04-23 08:10:36 - [TEST_STEP][PASSED] - try: null

2020-04-23 08:10:36 - [TEST_STEP][PASSED] - if (selenium.isElementPresent("xpath=//h2[contains(text(),'Thank You')]")): null

2020-04-23 08:10:36 - [TEST_STEP][PASSED] - Thread.sleep(1000): null

2020-04-23 08:10:37 - [TEST_STEP][PASSED] - try: null

2020-04-23 08:10:37 - [TEST_STEP][PASSED] - if (selenium.isElementPresent("xpath=//h2[contains(text(),'Thank You')]")): null

2020-04-23 08:10:37 - [TEST_STEP][PASSED] - Thread.sleep(1000): null

2020-04-23 08:10:38 - [TEST_STEP][PASSED] - try: null

2020-04-23 08:10:38 - [TEST_STEP][PASSED] - if (selenium.isElementPresent("xpath=//h2[contains(text(),'Thank You')]")): null

2020-04-23 08:10:38 - [TEST_STEP][PASSED] - Thread.sleep(1000): null

2020-04-23 08:10:39 - [TEST_STEP][PASSED] - try: null

2020-04-23 08:10:39 - [TEST_STEP][PASSED] - if (selenium.isElementPresent("xpath=//h2[contains(text(),'Thank You')]")): null

2020-04-23 08:10:39 - [TEST_STEP][PASSED] - Thread.sleep(1000): null

2020-04-23 08:10:40 - [TEST_STEP][PASSED] - try: null

2020-04-23 08:10:40 - [TEST_STEP][PASSED] - if (selenium.isElementPresent("xpath=//h2[contains(text(),'Thank You')]")): null

2020-04-23 08:10:40 - [TEST_STEP][PASSED] - Thread.sleep(1000): null

2020-04-23 08:10:41 - [TEST_STEP][PASSED] - try: null

2020-04-23 08:10:41 - [TEST_STEP][PASSED] - if (selenium.isElementPresent("xpath=//h2[contains(text(),'Thank You')]")): null

2020-04-23 08:10:42 - [TEST_STEP][PASSED] - Thread.sleep(1000): null

2020-04-23 08:10:43 - [TEST_STEP][PASSED] - try: null

2020-04-23 08:10:43 - [TEST_STEP][PASSED] - if (selenium.isElementPresent("xpath=//h2[contains(text(),'Thank You')]")): null

2020-04-23 08:10:43 - [TEST_STEP][PASSED] - Thread.sleep(1000): null

2020-04-23 08:10:44 - [TEST_STEP][PASSED] - try: null

2020-04-23 08:10:44 - [TEST_STEP][PASSED] - if (selenium.isElementPresent("xpath=//h2[contains(text(),'Thank You')]")): null

2020-04-23 08:10:44 - [TEST_STEP][PASSED] - Thread.sleep(1000): null

2020-04-23 08:10:45 - [TEST_STEP][PASSED] - try: null

2020-04-23 08:10:45 - [TEST_STEP][PASSED] - if (selenium.isElementPresent("xpath=//h2[contains(text(),'Thank You')]")): null

2020-04-23 08:10:45 - [TEST_STEP][PASSED] - Thread.sleep(1000): null

2020-04-23 08:10:46 - [TEST_STEP][PASSED] - try: null

2020-04-23 08:10:46 - [TEST_STEP][PASSED] - if (selenium.isElementPresent("xpath=//h2[contains(text(),'Thank You')]")): null

2020-04-23 08:10:46 - [TEST_STEP][PASSED] - Thread.sleep(1000): null

2020-04-23 08:10:47 - [TEST_STEP][PASSED] - try: null

2020-04-23 08:10:47 - [TEST_STEP][PASSED] - if (selenium.isElementPresent("xpath=//h2[contains(text(),'Thank You')]")): null

2020-04-23 08:10:47 - [TEST_STEP][PASSED] - Thread.sleep(1000): null

2020-04-23 08:10:48 - [TEST_STEP][PASSED] - try: null

2020-04-23 08:10:48 - [TEST_STEP][PASSED] - if (selenium.isElementPresent("xpath=//h2[contains(text(),'Thank You')]")): null

2020-04-23 08:10:48 - [TEST_STEP][PASSED] - Thread.sleep(1000): null

2020-04-23 08:10:49 - [TEST_STEP][PASSED] - try: null

2020-04-23 08:10:49 - [TEST_STEP][PASSED] - if (selenium.isElementPresent("xpath=//h2[contains(text(),'Thank You')]")): null

2020-04-23 08:10:49 - [TEST_STEP][PASSED] - Thread.sleep(1000): null

2020-04-23 08:10:50 - [TEST_STEP][PASSED] - try: null

2020-04-23 08:10:50 - [TEST_STEP][PASSED] - if (selenium.isElementPresent("xpath=//h2[contains(text(),'Thank You')]")): null

2020-04-23 08:10:50 - [TEST_STEP][PASSED] - Thread.sleep(1000): null

2020-04-23 08:10:51 - [TEST_STEP][PASSED] - try: null

2020-04-23 08:10:51 - [TEST_STEP][PASSED] - if (selenium.isElementPresent("xpath=//h2[contains(text(),'Thank You')]")): null

2020-04-23 08:10:51 - [TEST_STEP][PASSED] - Thread.sleep(1000): null

2020-04-23 08:10:52 - [TEST_STEP][PASSED] - callTestCase(findTestCase("AHI/_include/get_screenshot"), [:], STOP_ON_FAILURE): Call Test Case 'Test Cases/AHI/_include/get_screenshot' successfully

2020-04-23 08:10:52 - [TEST_CASE][PASSED] - Test Cases/AHI/_include/get_screenshot: Test Cases/AHI/_include/get_screenshot

2020-04-23 08:10:52 - [TEST_STEP][PASSED] - Thread.sleep(1000): null

2020-04-23 08:10:53 - [TEST_STEP][PASSED] - takeScreenshot(screenPath + i + ".png"): Taking screenshot successfully

2020-04-23 08:10:54 - [MESSAGE][PASSED] - Taking screenshot successfully
[[ATTACHMENT|D:\\Test\\AgileTest\\Reports\\HIC\\hic\\20200423_080047\\../Screenshots/iPhone 6/HIC/Pet/Pet/20200423_080854/10.png]]

2020-04-23 08:10:54 - [TEST_STEP][PASSED] - (internal.GlobalVariable.i++): null

2020-04-23 08:10:54 - [MESSAGE][PASSED] - Call Test Case 'Test Cases/AHI/_include/get_screenshot' successfully]]></system-out>
         <system-err><![CDATA[]]></system-err>
      </testcase>
      <testcase name="Test Cases/HIC/New/STM" classname="Test Cases/HIC/New/STM" status="ERROR">
         <error type="ERROR" message="Test Cases/HIC/New/STM FAILED.
Reason:
com.thoughtworks.selenium.SeleniumException: Timed out waiting for action to finish
	at com.thoughtworks.selenium.webdriven.Timer.run(Timer.java:46)
	at com.thoughtworks.selenium.webdriven.WebDriverCommandProcessor.execute(WebDriverCommandProcessor.java:150)
	at com.thoughtworks.selenium.webdriven.WebDriverCommandProcessor.doCommand(WebDriverCommandProcessor.java:76)
	at com.thoughtworks.selenium.DefaultSelenium.selectWindow(DefaultSelenium.java:382)
	at com.thoughtworks.selenium.Selenium$selectWindow$5.call(Unknown Source)
	at STM.run(STM:59)
	at com.kms.katalon.core.main.ScriptEngine.run(ScriptEngine.java:194)
	at com.kms.katalon.core.main.ScriptEngine.runScriptAsRawText(ScriptEngine.java:119)
	at com.kms.katalon.core.main.TestCaseExecutor.runScript(TestCaseExecutor.java:328)
	at com.kms.katalon.core.main.TestCaseExecutor.doExecute(TestCaseExecutor.java:319)
	at com.kms.katalon.core.main.TestCaseExecutor.processExecutionPhase(TestCaseExecutor.java:298)
	at com.kms.katalon.core.main.TestCaseExecutor.accessMainPhase(TestCaseExecutor.java:290)
	at com.kms.katalon.core.main.TestCaseExecutor.execute(TestCaseExecutor.java:224)
	at com.kms.katalon.core.main.TestSuiteExecutor.accessTestCaseMainPhase(TestSuiteExecutor.java:129)
	at com.kms.katalon.core.main.TestSuiteExecutor.accessTestSuiteMainPhase(TestSuiteExecutor.java:112)
	at com.kms.katalon.core.main.TestSuiteExecutor.execute(TestSuiteExecutor.java:81)
	at com.kms.katalon.core.main.TestCaseMain.startTestSuite(TestCaseMain.java:149)
	at com.kms.katalon.core.main.TestCaseMain$startTestSuite$0.call(Unknown Source)
	at TempTestSuite1587643247815.run(TempTestSuite1587643247815.groovy:36)
"/>
         <system-out><![CDATA[2020-04-23 08:10:54 - [TEST_CASE][ERROR] - Test Cases/HIC/New/STM: Test Cases/HIC/New/STM FAILED.
Reason:
com.thoughtworks.selenium.SeleniumException: Timed out waiting for action to finish
	at com.thoughtworks.selenium.webdriven.Timer.run(Timer.java:46)
	at com.thoughtworks.selenium.webdriven.WebDriverCommandProcessor.execute(WebDriverCommandProcessor.java:150)
	at com.thoughtworks.selenium.webdriven.WebDriverCommandProcessor.doCommand(WebDriverCommandProcessor.java:76)
	at com.thoughtworks.selenium.DefaultSelenium.selectWindow(DefaultSelenium.java:382)
	at com.thoughtworks.selenium.Selenium$selectWindow$5.call(Unknown Source)
	at STM.run(STM:59)
	at com.kms.katalon.core.main.ScriptEngine.run(ScriptEngine.java:194)
	at com.kms.katalon.core.main.ScriptEngine.runScriptAsRawText(ScriptEngine.java:119)
	at com.kms.katalon.core.main.TestCaseExecutor.runScript(TestCaseExecutor.java:328)
	at com.kms.katalon.core.main.TestCaseExecutor.doExecute(TestCaseExecutor.java:319)
	at com.kms.katalon.core.main.TestCaseExecutor.processExecutionPhase(TestCaseExecutor.java:298)
	at com.kms.katalon.core.main.TestCaseExecutor.accessMainPhase(TestCaseExecutor.java:290)
	at com.kms.katalon.core.main.TestCaseExecutor.execute(TestCaseExecutor.java:224)
	at com.kms.katalon.core.main.TestSuiteExecutor.accessTestCaseMainPhase(TestSuiteExecutor.java:129)
	at com.kms.katalon.core.main.TestSuiteExecutor.accessTestSuiteMainPhase(TestSuiteExecutor.java:112)
	at com.kms.katalon.core.main.TestSuiteExecutor.execute(TestSuiteExecutor.java:81)
	at com.kms.katalon.core.main.TestCaseMain.startTestSuite(TestCaseMain.java:149)
	at com.kms.katalon.core.main.TestCaseMain$startTestSuite$0.call(Unknown Source)
	at TempTestSuite1587643247815.run(TempTestSuite1587643247815.groovy:36)


2020-04-23 08:10:54 - [TEST_STEP][PASSED] - callTestCase(findTestCase("HIC/_include/get_hicScreenPath"), ["project":"HIC", "productLine":"STM", "carrierName":"STM"], CONTINUE_ON_FAILURE): Call Test Case 'Test Cases/HIC/_include/get_hicScreenPath' successfully

2020-04-23 08:10:54 - [TEST_CASE][PASSED] - Test Cases/HIC/_include/get_hicScreenPath: Test Cases/HIC/_include/get_hicScreenPath

2020-04-23 08:10:54 - [TEST_STEP][PASSED] - m = getExecutionProperties(): null

2020-04-23 08:10:54 - [TEST_STEP][PASSED] - deviceName = get("mobileEmulation").get("deviceName"): null

2020-04-23 08:10:54 - [TEST_STEP][PASSED] - println(deviceName): null

2020-04-23 08:10:54 - [TEST_STEP][PASSED] - now = new java.util.Date(): null

2020-04-23 08:10:54 - [TEST_STEP][PASSED] - mydate = now.format("yyyyMMdd_HHmmss"): null

2020-04-23 08:10:54 - [TEST_STEP][PASSED] - screenPath = "../Screenshots/": null

2020-04-23 08:10:54 - [TEST_STEP][PASSED] - screenPath = screenPath + deviceName + "/" + project + "/" + productLine + "/" + carrierName + "/" + mydate + "/": null

2020-04-23 08:10:54 - [TEST_STEP][PASSED] - println(screenPath): null

2020-04-23 08:10:54 - [MESSAGE][PASSED] - Call Test Case 'Test Cases/HIC/_include/get_hicScreenPath' successfully

2020-04-23 08:10:54 - [TEST_STEP][PASSED] - i = 0: null

2020-04-23 08:10:54 - [TEST_STEP][PASSED] - callTestCase(findTestCase("AHI/_include/openWebSite"), ["env":env], CONTINUE_ON_FAILURE): Call Test Case 'Test Cases/AHI/_include/openWebSite' successfully

2020-04-23 08:10:54 - [TEST_CASE][PASSED] - Test Cases/AHI/_include/openWebSite: Test Cases/AHI/_include/openWebSite

2020-04-23 08:10:54 - [TEST_STEP][PASSED] - openBrowser(env): Browser is opened with url: 'https://qa.healthinsurance.com'

2020-04-23 08:10:54 - [MESSAGE][WARNING] - A browser is already opened. Closing browser and opening a new one

2020-04-23 08:10:55 - [MESSAGE][INFO] - Starting 'Chrome' driver

2020-04-23 08:10:55 - [MESSAGE][INFO] - User set preference: ['mobileEmulation', '{deviceName=iPhone 6}']

2020-04-23 08:10:55 - [MESSAGE][INFO] - User set preference: ['args', '[--incognito, --aggressive-cache-discard, --window-size=375,677, --no-sandbox, --ignore-certificate-errors]']

2020-04-23 08:11:13 - [MESSAGE][PASSED] - Browser is opened with url: 'https://qa.healthinsurance.com'

2020-04-23 08:11:13 - [TEST_STEP][PASSED] - waitForPageLoad(20): Wait for page load successfully

2020-04-23 08:11:13 - [MESSAGE][PASSED] - Wait for page load successfully

2020-04-23 08:11:13 - [TEST_STEP][PASSED] - callTestCase(findTestCase("AHI/_include/get_screenshot"), [:], STOP_ON_FAILURE): Call Test Case 'Test Cases/AHI/_include/get_screenshot' successfully

2020-04-23 08:11:13 - [TEST_CASE][PASSED] - Test Cases/AHI/_include/get_screenshot: Test Cases/AHI/_include/get_screenshot

2020-04-23 08:11:13 - [TEST_STEP][PASSED] - Thread.sleep(1000): null

2020-04-23 08:11:14 - [TEST_STEP][PASSED] - takeScreenshot(screenPath + i + ".png"): Taking screenshot successfully

2020-04-23 08:11:15 - [MESSAGE][PASSED] - Taking screenshot successfully
[[ATTACHMENT|D:\\Test\\AgileTest\\Reports\\HIC\\hic\\20200423_080047\\../Screenshots/iPhone 6/HIC/STM/STM/20200423_081054/0.png]]

2020-04-23 08:11:15 - [TEST_STEP][PASSED] - (internal.GlobalVariable.i++): null

2020-04-23 08:11:15 - [MESSAGE][PASSED] - Call Test Case 'Test Cases/AHI/_include/get_screenshot' successfully

2020-04-23 08:11:15 - [MESSAGE][PASSED] - Call Test Case 'Test Cases/AHI/_include/openWebSite' successfully

2020-04-23 08:11:15 - [TEST_STEP][PASSED] - driver = getWebDriver(): null

2020-04-23 08:11:15 - [TEST_STEP][PASSED] - baseUrl = env: null

2020-04-23 08:11:15 - [TEST_STEP][PASSED] - selenium = new com.thoughtworks.selenium.webdriven.WebDriverBackedSelenium(driver, baseUrl): null

2020-04-23 08:11:15 - [TEST_STEP][PASSED] - selenium.click("//span[@class='navbar-toggler-icon']"): null

2020-04-23 08:11:15 - [TEST_STEP][PASSED] - selenium.click("//a[@class='dropdown-toggle nav-link']"): null

2020-04-23 08:11:16 - [TEST_STEP][PASSED] - selenium.click("//a[contains(text(),'Short Term Insurance')]"): null

2020-04-23 08:11:17 - [TEST_STEP][PASSED] - for ([second = 0, second < 10, (second++)]): null

2020-04-23 08:11:17 - [TEST_STEP][PASSED] - try: null

2020-04-23 08:11:17 - [TEST_STEP][PASSED] - if (selenium.isElementPresent("xpath=//button[contains(text(),'GET QUOTES')]")): null

2020-04-23 08:11:17 - [TEST_STEP][PASSED] - break: null

2020-04-23 08:11:17 - [TEST_STEP][PASSED] - callTestCase(findTestCase("AHI/_include/get_screenshot"), [:], STOP_ON_FAILURE): Call Test Case 'Test Cases/AHI/_include/get_screenshot' successfully

2020-04-23 08:11:17 - [TEST_CASE][PASSED] - Test Cases/AHI/_include/get_screenshot: Test Cases/AHI/_include/get_screenshot

2020-04-23 08:11:17 - [TEST_STEP][PASSED] - Thread.sleep(1000): null

2020-04-23 08:11:18 - [TEST_STEP][PASSED] - takeScreenshot(screenPath + i + ".png"): Taking screenshot successfully

2020-04-23 08:11:18 - [MESSAGE][PASSED] - Taking screenshot successfully
[[ATTACHMENT|D:\\Test\\AgileTest\\Reports\\HIC\\hic\\20200423_080047\\../Screenshots/iPhone 6/HIC/STM/STM/20200423_081054/1.png]]

2020-04-23 08:11:18 - [TEST_STEP][PASSED] - (internal.GlobalVariable.i++): null

2020-04-23 08:11:18 - [MESSAGE][PASSED] - Call Test Case 'Test Cases/AHI/_include/get_screenshot' successfully

2020-04-23 08:11:18 - [TEST_STEP][PASSED] - selenium.click("xpath=//button[contains(text(),'GET QUOTES')]"): null

2020-04-23 08:11:19 - [TEST_STEP][PASSED] - Thread.sleep(3000): null

2020-04-23 08:11:22 - [TEST_STEP][ERROR] - selenium.selectWindow("HealthInsurance.net | Get a Quote"): selenium.selectWindow("HealthInsurance.net | Get a Quote") FAILED.
Reason:
com.thoughtworks.selenium.SeleniumException: Timed out waiting for action to finish
	at com.thoughtworks.selenium.webdriven.Timer.run(Timer.java:46)
	at com.thoughtworks.selenium.webdriven.WebDriverCommandProcessor.execute(WebDriverCommandProcessor.java:150)
	at com.thoughtworks.selenium.webdriven.WebDriverCommandProcessor.doCommand(WebDriverCommandProcessor.java:76)
	at com.thoughtworks.selenium.DefaultSelenium.selectWindow(DefaultSelenium.java:382)
	at com.thoughtworks.selenium.Selenium$selectWindow$5.call(Unknown Source)
	at STM.run(STM:59)
	at com.kms.katalon.core.main.ScriptEngine.run(ScriptEngine.java:194)
	at com.kms.katalon.core.main.ScriptEngine.runScriptAsRawText(ScriptEngine.java:119)
	at com.kms.katalon.core.main.TestCaseExecutor.runScript(TestCaseExecutor.java:328)
	at com.kms.katalon.core.main.TestCaseExecutor.doExecute(TestCaseExecutor.java:319)
	at com.kms.katalon.core.main.TestCaseExecutor.processExecutionPhase(TestCaseExecutor.java:298)
	at com.kms.katalon.core.main.TestCaseExecutor.accessMainPhase(TestCaseExecutor.java:290)
	at com.kms.katalon.core.main.TestCaseExecutor.execute(TestCaseExecutor.java:224)
	at com.kms.katalon.core.main.TestSuiteExecutor.accessTestCaseMainPhase(TestSuiteExecutor.java:129)
	at com.kms.katalon.core.main.TestSuiteExecutor.accessTestSuiteMainPhase(TestSuiteExecutor.java:112)
	at com.kms.katalon.core.main.TestSuiteExecutor.execute(TestSuiteExecutor.java:81)
	at com.kms.katalon.core.main.TestCaseMain.startTestSuite(TestCaseMain.java:149)
	at com.kms.katalon.core.main.TestCaseMain$startTestSuite$0.call(Unknown Source)
	at TempTestSuite1587643247815.run(TempTestSuite1587643247815.groovy:36)


2020-04-23 08:12:00 - [MESSAGE][ERROR] - selenium.selectWindow("HealthInsurance.net | Get a Quote") FAILED.
Reason:
com.thoughtworks.selenium.SeleniumException: Timed out waiting for action to finish
	at com.thoughtworks.selenium.webdriven.Timer.run(Timer.java:46)
	at com.thoughtworks.selenium.webdriven.WebDriverCommandProcessor.execute(WebDriverCommandProcessor.java:150)
	at com.thoughtworks.selenium.webdriven.WebDriverCommandProcessor.doCommand(WebDriverCommandProcessor.java:76)
	at com.thoughtworks.selenium.DefaultSelenium.selectWindow(DefaultSelenium.java:382)
	at com.thoughtworks.selenium.Selenium$selectWindow$5.call(Unknown Source)
	at STM.run(STM:59)
	at com.kms.katalon.core.main.ScriptEngine.run(ScriptEngine.java:194)
	at com.kms.katalon.core.main.ScriptEngine.runScriptAsRawText(ScriptEngine.java:119)
	at com.kms.katalon.core.main.TestCaseExecutor.runScript(TestCaseExecutor.java:328)
	at com.kms.katalon.core.main.TestCaseExecutor.doExecute(TestCaseExecutor.java:319)
	at com.kms.katalon.core.main.TestCaseExecutor.processExecutionPhase(TestCaseExecutor.java:298)
	at com.kms.katalon.core.main.TestCaseExecutor.accessMainPhase(TestCaseExecutor.java:290)
	at com.kms.katalon.core.main.TestCaseExecutor.execute(TestCaseExecutor.java:224)
	at com.kms.katalon.core.main.TestSuiteExecutor.accessTestCaseMainPhase(TestSuiteExecutor.java:129)
	at com.kms.katalon.core.main.TestSuiteExecutor.accessTestSuiteMainPhase(TestSuiteExecutor.java:112)
	at com.kms.katalon.core.main.TestSuiteExecutor.execute(TestSuiteExecutor.java:81)
	at com.kms.katalon.core.main.TestCaseMain.startTestSuite(TestCaseMain.java:149)
	at com.kms.katalon.core.main.TestCaseMain$startTestSuite$0.call(Unknown Source)
	at TempTestSuite1587643247815.run(TempTestSuite1587643247815.groovy:36)]]></system-out>
         <system-err><![CDATA[2020-04-23 08:10:54 - [TEST_CASE][ERROR] - Test Cases/HIC/New/STM: Test Cases/HIC/New/STM FAILED.
Reason:
com.thoughtworks.selenium.SeleniumException: Timed out waiting for action to finish
	at com.thoughtworks.selenium.webdriven.Timer.run(Timer.java:46)
	at com.thoughtworks.selenium.webdriven.WebDriverCommandProcessor.execute(WebDriverCommandProcessor.java:150)
	at com.thoughtworks.selenium.webdriven.WebDriverCommandProcessor.doCommand(WebDriverCommandProcessor.java:76)
	at com.thoughtworks.selenium.DefaultSelenium.selectWindow(DefaultSelenium.java:382)
	at com.thoughtworks.selenium.Selenium$selectWindow$5.call(Unknown Source)
	at STM.run(STM:59)
	at com.kms.katalon.core.main.ScriptEngine.run(ScriptEngine.java:194)
	at com.kms.katalon.core.main.ScriptEngine.runScriptAsRawText(ScriptEngine.java:119)
	at com.kms.katalon.core.main.TestCaseExecutor.runScript(TestCaseExecutor.java:328)
	at com.kms.katalon.core.main.TestCaseExecutor.doExecute(TestCaseExecutor.java:319)
	at com.kms.katalon.core.main.TestCaseExecutor.processExecutionPhase(TestCaseExecutor.java:298)
	at com.kms.katalon.core.main.TestCaseExecutor.accessMainPhase(TestCaseExecutor.java:290)
	at com.kms.katalon.core.main.TestCaseExecutor.execute(TestCaseExecutor.java:224)
	at com.kms.katalon.core.main.TestSuiteExecutor.accessTestCaseMainPhase(TestSuiteExecutor.java:129)
	at com.kms.katalon.core.main.TestSuiteExecutor.accessTestSuiteMainPhase(TestSuiteExecutor.java:112)
	at com.kms.katalon.core.main.TestSuiteExecutor.execute(TestSuiteExecutor.java:81)
	at com.kms.katalon.core.main.TestCaseMain.startTestSuite(TestCaseMain.java:149)
	at com.kms.katalon.core.main.TestCaseMain$startTestSuite$0.call(Unknown Source)
	at TempTestSuite1587643247815.run(TempTestSuite1587643247815.groovy:36)]]></system-err>
      </testcase>
      <testcase name="Test Cases/HIC/New/Teladoc" classname="Test Cases/HIC/New/Teladoc" status="PASSED">
         <system-out><![CDATA[2020-04-23 08:12:00 - [TEST_CASE][PASSED] - Test Cases/HIC/New/Teladoc: Test Cases/HIC/New/Teladoc

2020-04-23 08:12:00 - [TEST_STEP][PASSED] - callTestCase(findTestCase("HIC/_include/get_hicScreenPath"), ["project":"HIC", "productLine":"Teladoc", "carrierName":"Teladoc"], CONTINUE_ON_FAILURE): Call Test Case 'Test Cases/HIC/_include/get_hicScreenPath' successfully

2020-04-23 08:12:00 - [TEST_CASE][PASSED] - Test Cases/HIC/_include/get_hicScreenPath: Test Cases/HIC/_include/get_hicScreenPath

2020-04-23 08:12:01 - [TEST_STEP][PASSED] - m = getExecutionProperties(): null

2020-04-23 08:12:01 - [TEST_STEP][PASSED] - deviceName = get("mobileEmulation").get("deviceName"): null

2020-04-23 08:12:01 - [TEST_STEP][PASSED] - println(deviceName): null

2020-04-23 08:12:01 - [TEST_STEP][PASSED] - now = new java.util.Date(): null

2020-04-23 08:12:01 - [TEST_STEP][PASSED] - mydate = now.format("yyyyMMdd_HHmmss"): null

2020-04-23 08:12:01 - [TEST_STEP][PASSED] - screenPath = "../Screenshots/": null

2020-04-23 08:12:01 - [TEST_STEP][PASSED] - screenPath = screenPath + deviceName + "/" + project + "/" + productLine + "/" + carrierName + "/" + mydate + "/": null

2020-04-23 08:12:01 - [TEST_STEP][PASSED] - println(screenPath): null

2020-04-23 08:12:01 - [MESSAGE][PASSED] - Call Test Case 'Test Cases/HIC/_include/get_hicScreenPath' successfully

2020-04-23 08:12:01 - [TEST_STEP][PASSED] - i = 0: null

2020-04-23 08:12:01 - [TEST_STEP][PASSED] - callTestCase(findTestCase("AHI/_include/openWebSite"), ["env":env], CONTINUE_ON_FAILURE): Call Test Case 'Test Cases/AHI/_include/openWebSite' successfully

2020-04-23 08:12:01 - [TEST_CASE][PASSED] - Test Cases/AHI/_include/openWebSite: Test Cases/AHI/_include/openWebSite

2020-04-23 08:12:01 - [TEST_STEP][PASSED] - openBrowser(env): Browser is opened with url: 'https://qa.healthinsurance.com'

2020-04-23 08:12:01 - [MESSAGE][WARNING] - A browser is already opened. Closing browser and opening a new one

2020-04-23 08:12:02 - [MESSAGE][INFO] - Starting 'Chrome' driver

2020-04-23 08:12:02 - [MESSAGE][INFO] - User set preference: ['mobileEmulation', '{deviceName=iPhone 6}']

2020-04-23 08:12:02 - [MESSAGE][INFO] - User set preference: ['args', '[--incognito, --aggressive-cache-discard, --window-size=375,677, --no-sandbox, --ignore-certificate-errors]']

2020-04-23 08:12:17 - [MESSAGE][PASSED] - Browser is opened with url: 'https://qa.healthinsurance.com'

2020-04-23 08:12:17 - [TEST_STEP][PASSED] - waitForPageLoad(20): Wait for page load successfully

2020-04-23 08:12:17 - [MESSAGE][PASSED] - Wait for page load successfully

2020-04-23 08:12:17 - [TEST_STEP][PASSED] - callTestCase(findTestCase("AHI/_include/get_screenshot"), [:], STOP_ON_FAILURE): Call Test Case 'Test Cases/AHI/_include/get_screenshot' successfully

2020-04-23 08:12:17 - [TEST_CASE][PASSED] - Test Cases/AHI/_include/get_screenshot: Test Cases/AHI/_include/get_screenshot

2020-04-23 08:12:17 - [TEST_STEP][PASSED] - Thread.sleep(1000): null

2020-04-23 08:12:18 - [TEST_STEP][PASSED] - takeScreenshot(screenPath + i + ".png"): Taking screenshot successfully

2020-04-23 08:12:19 - [MESSAGE][PASSED] - Taking screenshot successfully
[[ATTACHMENT|D:\\Test\\AgileTest\\Reports\\HIC\\hic\\20200423_080047\\../Screenshots/iPhone 6/HIC/Teladoc/Teladoc/20200423_081201/0.png]]

2020-04-23 08:12:19 - [TEST_STEP][PASSED] - (internal.GlobalVariable.i++): null

2020-04-23 08:12:19 - [MESSAGE][PASSED] - Call Test Case 'Test Cases/AHI/_include/get_screenshot' successfully

2020-04-23 08:12:19 - [MESSAGE][PASSED] - Call Test Case 'Test Cases/AHI/_include/openWebSite' successfully

2020-04-23 08:12:19 - [TEST_STEP][PASSED] - driver = getWebDriver(): null

2020-04-23 08:12:19 - [TEST_STEP][PASSED] - baseUrl = env: null

2020-04-23 08:12:19 - [TEST_STEP][PASSED] - selenium = new com.thoughtworks.selenium.webdriven.WebDriverBackedSelenium(driver, baseUrl): null

2020-04-23 08:12:19 - [TEST_STEP][PASSED] - selenium.click("//span[@class='navbar-toggler-icon']"): null

2020-04-23 08:12:19 - [TEST_STEP][PASSED] - selenium.click("//a[@class='dropdown-toggle nav-link']"): null

2020-04-23 08:12:19 - [TEST_STEP][PASSED] - selenium.click("//a[contains(text(),'Telemedicine')]"): null

2020-04-23 08:12:20 - [TEST_STEP][PASSED] - for ([second = 0, second < 10, (second++)]): null

2020-04-23 08:12:20 - [TEST_STEP][PASSED] - try: null

2020-04-23 08:12:20 - [TEST_STEP][PASSED] - if (selenium.isElementPresent("id=zip")): null

2020-04-23 08:12:20 - [TEST_STEP][PASSED] - break: null

2020-04-23 08:12:20 - [TEST_STEP][PASSED] - callTestCase(findTestCase("AHI/_include/get_screenshot"), [:], STOP_ON_FAILURE): Call Test Case 'Test Cases/AHI/_include/get_screenshot' successfully

2020-04-23 08:12:20 - [TEST_CASE][PASSED] - Test Cases/AHI/_include/get_screenshot: Test Cases/AHI/_include/get_screenshot

2020-04-23 08:12:20 - [TEST_STEP][PASSED] - Thread.sleep(1000): null

2020-04-23 08:12:21 - [TEST_STEP][PASSED] - takeScreenshot(screenPath + i + ".png"): Taking screenshot successfully

2020-04-23 08:12:21 - [MESSAGE][PASSED] - Taking screenshot successfully
[[ATTACHMENT|D:\\Test\\AgileTest\\Reports\\HIC\\hic\\20200423_080047\\../Screenshots/iPhone 6/HIC/Teladoc/Teladoc/20200423_081201/1.png]]

2020-04-23 08:12:21 - [TEST_STEP][PASSED] - (internal.GlobalVariable.i++): null

2020-04-23 08:12:21 - [MESSAGE][PASSED] - Call Test Case 'Test Cases/AHI/_include/get_screenshot' successfully

2020-04-23 08:12:21 - [TEST_STEP][PASSED] - Thread.sleep(2000): null

2020-04-23 08:12:23 - [TEST_STEP][PASSED] - setText(findTestObject("hic/stm/census/zip"), "33186"): Text '33186' is set on object 'Object Repository/hic/stm/census/zip'

2020-04-23 08:12:24 - [MESSAGE][PASSED] - Text '33186' is set on object 'Object Repository/hic/stm/census/zip'

2020-04-23 08:12:24 - [TEST_STEP][PASSED] - Thread.sleep(500): null

2020-04-23 08:12:24 - [TEST_STEP][PASSED] - setText(findTestObject("hic/stm/census/primaryDOB"), "03031987"): Text '03031987' is set on object 'Object Repository/hic/stm/census/primaryDOB'

2020-04-23 08:12:24 - [MESSAGE][PASSED] - Text '03031987' is set on object 'Object Repository/hic/stm/census/primaryDOB'

2020-04-23 08:12:24 - [TEST_STEP][PASSED] - click(findTestObject("hic/stm/census/female")): Object: 'Object Repository/hic/stm/census/female' is clicked on

2020-04-23 08:12:25 - [MESSAGE][PASSED] - Object: 'Object Repository/hic/stm/census/female' is clicked on

2020-04-23 08:12:25 - [TEST_STEP][PASSED] - Thread.sleep(3000): null

2020-04-23 08:12:28 - [TEST_STEP][PASSED] - click(findTestObject("hic/teladoc/seePlans")): Object: 'Object Repository/hic/teladoc/seePlans' is clicked on

2020-04-23 08:12:34 - [MESSAGE][PASSED] - Object: 'Object Repository/hic/teladoc/seePlans' is clicked on

2020-04-23 08:12:34 - [TEST_STEP][PASSED] - Thread.sleep(6000): null

2020-04-23 08:12:40 - [TEST_STEP][PASSED] - callTestCase(findTestCase("AHI/_include/get_screenshot"), [:], STOP_ON_FAILURE): Call Test Case 'Test Cases/AHI/_include/get_screenshot' successfully

2020-04-23 08:12:41 - [TEST_CASE][PASSED] - Test Cases/AHI/_include/get_screenshot: Test Cases/AHI/_include/get_screenshot

2020-04-23 08:12:41 - [TEST_STEP][PASSED] - Thread.sleep(1000): null

2020-04-23 08:12:42 - [TEST_STEP][PASSED] - takeScreenshot(screenPath + i + ".png"): Taking screenshot successfully

2020-04-23 08:12:42 - [MESSAGE][PASSED] - Taking screenshot successfully
[[ATTACHMENT|D:\\Test\\AgileTest\\Reports\\HIC\\hic\\20200423_080047\\../Screenshots/iPhone 6/HIC/Teladoc/Teladoc/20200423_081201/2.png]]

2020-04-23 08:12:42 - [TEST_STEP][PASSED] - (internal.GlobalVariable.i++): null

2020-04-23 08:12:42 - [MESSAGE][PASSED] - Call Test Case 'Test Cases/AHI/_include/get_screenshot' successfully

2020-04-23 08:12:42 - [TEST_STEP][PASSED] - Thread.sleep(1000): null

2020-04-23 08:12:43 - [TEST_STEP][PASSED] - waitForPageLoad(20): Wait for page load successfully

2020-04-23 08:12:43 - [MESSAGE][PASSED] - Wait for page load successfully

2020-04-23 08:12:43 - [TEST_STEP][PASSED] - waitForElementVisible(findTestObject("mobileSanity/Teladoc/apply_button"), 20): Object 'Object Repository/mobileSanity/Teladoc/apply_button' is visible

2020-04-23 08:12:43 - [MESSAGE][PASSED] - Object 'Object Repository/mobileSanity/Teladoc/apply_button' is visible

2020-04-23 08:12:43 - [TEST_STEP][PASSED] - callTestCase(findTestCase("AHI/_include/get_screenshot"), [:], STOP_ON_FAILURE): Call Test Case 'Test Cases/AHI/_include/get_screenshot' successfully

2020-04-23 08:12:43 - [TEST_CASE][PASSED] - Test Cases/AHI/_include/get_screenshot: Test Cases/AHI/_include/get_screenshot

2020-04-23 08:12:43 - [TEST_STEP][PASSED] - Thread.sleep(1000): null

2020-04-23 08:12:44 - [TEST_STEP][PASSED] - takeScreenshot(screenPath + i + ".png"): Taking screenshot successfully

2020-04-23 08:12:48 - [MESSAGE][PASSED] - Taking screenshot successfully
[[ATTACHMENT|D:\\Test\\AgileTest\\Reports\\HIC\\hic\\20200423_080047\\../Screenshots/iPhone 6/HIC/Teladoc/Teladoc/20200423_081201/3.png]]

2020-04-23 08:12:48 - [TEST_STEP][PASSED] - (internal.GlobalVariable.i++): null

2020-04-23 08:12:48 - [MESSAGE][PASSED] - Call Test Case 'Test Cases/AHI/_include/get_screenshot' successfully

2020-04-23 08:12:48 - [TEST_STEP][PASSED] - click(findTestObject("mobileSanity/Teladoc/apply_button")): Object: 'Object Repository/mobileSanity/Teladoc/apply_button' is clicked on

2020-04-23 08:12:48 - [MESSAGE][PASSED] - Object: 'Object Repository/mobileSanity/Teladoc/apply_button' is clicked on

2020-04-23 08:12:48 - [TEST_STEP][PASSED] - waitForPageLoad(20): Wait for page load successfully

2020-04-23 08:12:49 - [MESSAGE][PASSED] - Wait for page load successfully

2020-04-23 08:12:49 - [TEST_STEP][PASSED] - waitForElementPresent(findTestObject("mobileSanity/Teladoc/Page_App Page 1/input__member-P-1-firstName"), 20): Object 'Object Repository/mobileSanity/Teladoc/Page_App Page 1/input__member-P-1-firstName' is present

2020-04-23 08:12:50 - [MESSAGE][PASSED] - Object 'Object Repository/mobileSanity/Teladoc/Page_App Page 1/input__member-P-1-firstName' is present

2020-04-23 08:12:50 - [TEST_STEP][PASSED] - callTestCase(findTestCase("AHI/_include/get_screenshot"), [:], STOP_ON_FAILURE): Call Test Case 'Test Cases/AHI/_include/get_screenshot' successfully

2020-04-23 08:12:50 - [TEST_CASE][PASSED] - Test Cases/AHI/_include/get_screenshot: Test Cases/AHI/_include/get_screenshot

2020-04-23 08:12:50 - [TEST_STEP][PASSED] - Thread.sleep(1000): null

2020-04-23 08:12:51 - [TEST_STEP][PASSED] - takeScreenshot(screenPath + i + ".png"): Taking screenshot successfully

2020-04-23 08:12:52 - [MESSAGE][PASSED] - Taking screenshot successfully
[[ATTACHMENT|D:\\Test\\AgileTest\\Reports\\HIC\\hic\\20200423_080047\\../Screenshots/iPhone 6/HIC/Teladoc/Teladoc/20200423_081201/4.png]]

2020-04-23 08:12:52 - [TEST_STEP][PASSED] - (internal.GlobalVariable.i++): null

2020-04-23 08:12:52 - [MESSAGE][PASSED] - Call Test Case 'Test Cases/AHI/_include/get_screenshot' successfully

2020-04-23 08:12:52 - [TEST_STEP][PASSED] - callTestCase(findTestCase("AHI/_include/name"), [:], STOP_ON_FAILURE): Call Test Case 'Test Cases/AHI/_include/name' successfully

2020-04-23 08:12:52 - [TEST_CASE][PASSED] - Test Cases/AHI/_include/name: Test Cases/AHI/_include/name

2020-04-23 08:12:52 - [TEST_STEP][PASSED] - driver = getWebDriver(): null

2020-04-23 08:12:52 - [TEST_STEP][PASSED] - selenium = new com.thoughtworks.selenium.webdriven.WebDriverBackedSelenium(driver, internal.GlobalVariable.ENV): null

2020-04-23 08:12:52 - [TEST_STEP][PASSED] - FirstName = "Test-123": null

2020-04-23 08:12:52 - [TEST_STEP][PASSED] - LastName = selenium.getEval("{var x="ABCDEFGHIJKLMNOPQRSTUVWXYZabcdefghijklmnopqrstuvwxyz"; var tmp="ZZ11-"; for (i=0;i<8;i++) tmp+=x.charAt(Math.ceil(51*Math.random()));tmp;}"): null

2020-04-23 08:12:52 - [TEST_STEP][PASSED] - Address = selenium.getEval("{var x="ABCDEFGHIJKLMNOPQRSTUVWXYZabcdefghijklmnopqrstuvwxyz"; var tmp=""; for (i=0;i<8;i++) tmp+=x.charAt(Math.ceil(51*Math.random()));tmp;}"): null

2020-04-23 08:12:52 - [TEST_STEP][PASSED] - City = selenium.getEval("{var x="ABCDEFGHIJKLMNOPQRSTUVWXYZabcdefghijklmnopqrstuvwxyz"; var tmp=""; for (i=0;i<8;i++) tmp+=x.charAt(Math.ceil(51*Math.random()));tmp;}"): null

2020-04-23 08:12:52 - [TEST_STEP][PASSED] - tel1 = selenium.getEval("{var x="123456789"; var tmp=""; for (i=0;i<3;i++) tmp+=x.charAt(Math.ceil(8*Math.random()));tmp;}"): null

2020-04-23 08:12:52 - [TEST_STEP][PASSED] - tel2 = selenium.getEval("{var x="123456789"; var tmp=""; for (i=0;i<3;i++) tmp+=x.charAt(Math.ceil(8*Math.random()));tmp;}"): null

2020-04-23 08:12:52 - [TEST_STEP][PASSED] - tel3 = selenium.getEval("{var x="123456789"; var tmp=""; for (i=0;i<4;i++) tmp+=x.charAt(Math.ceil(8*Math.random()));tmp;}"): null

2020-04-23 08:12:52 - [TEST_STEP][PASSED] - Tel = selenium.getExpression(tel1 + "-" + tel2 + "-" + tel3): null

2020-04-23 08:12:52 - [TEST_STEP][PASSED] - AutoEmail = selenium.getEval("{var x="ABCDEFGHIJKLMNOPQRSTUVWXYZabcdefghijklmnopqrstuvwxyz"; var tmp="test."; for (i=0;i<8;i++) tmp+=x.charAt(Math.ceil(51*Math.random()));tmp+="@suryani.cn";}"): null

2020-04-23 08:12:52 - [TEST_STEP][PASSED] - FirstName = FirstName: null

2020-04-23 08:12:52 - [TEST_STEP][PASSED] - LastName = LastName: null

2020-04-23 08:12:52 - [TEST_STEP][PASSED] - Address = Address: null

2020-04-23 08:12:52 - [TEST_STEP][PASSED] - City = City: null

2020-04-23 08:12:52 - [TEST_STEP][PASSED] - Tel = Tel: null

2020-04-23 08:12:52 - [TEST_STEP][PASSED] - AutoEmail = AutoEmail: null

2020-04-23 08:12:52 - [TEST_STEP][PASSED] - println(FirstName): null

2020-04-23 08:12:52 - [TEST_STEP][PASSED] - println(LastName): null

2020-04-23 08:12:52 - [TEST_STEP][PASSED] - println(Address): null

2020-04-23 08:12:52 - [TEST_STEP][PASSED] - println(City): null

2020-04-23 08:12:52 - [TEST_STEP][PASSED] - println(Tel): null

2020-04-23 08:12:52 - [TEST_STEP][PASSED] - println(AutoEmail): null

2020-04-23 08:12:52 - [MESSAGE][PASSED] - Call Test Case 'Test Cases/AHI/_include/name' successfully

2020-04-23 08:12:52 - [TEST_STEP][PASSED] - setText(findTestObject("mobileSanity/Teladoc/Page_App Page 1/input__member-P-1-firstName"), FirstName): Text 'Test-123' is set on object 'Object Repository/mobileSanity/Teladoc/Page_App Page 1/input__member-P-1-firstName'

2020-04-23 08:12:53 - [MESSAGE][PASSED] - Text 'Test-123' is set on object 'Object Repository/mobileSanity/Teladoc/Page_App Page 1/input__member-P-1-firstName'

2020-04-23 08:12:53 - [TEST_STEP][PASSED] - setText(findTestObject("mobileSanity/Teladoc/Page_App Page 1/input__member-P-1-lastName"), LastName): Text 'ZZ11-MdfIeENN' is set on object 'Object Repository/mobileSanity/Teladoc/Page_App Page 1/input__member-P-1-lastName'

2020-04-23 08:12:53 - [MESSAGE][PASSED] - Text 'ZZ11-MdfIeENN' is set on object 'Object Repository/mobileSanity/Teladoc/Page_App Page 1/input__member-P-1-lastName'

2020-04-23 08:12:53 - [TEST_STEP][PASSED] - selectOptionByValue(findTestObject("mobileSanity/Teladoc/Page_App Page 1/select_01020304050607"), "05", true): All options with value '05' are selected in object 'Object Repository/mobileSanity/Teladoc/Page_App Page 1/select_01020304050607'  using regular expression

2020-04-23 08:12:55 - [MESSAGE][PASSED] - All options with value '05' are selected in object 'Object Repository/mobileSanity/Teladoc/Page_App Page 1/select_01020304050607'  using regular expression

2020-04-23 08:12:55 - [TEST_STEP][PASSED] - selectOptionByValue(findTestObject("mobileSanity/Teladoc/Page_App Page 1/select_00102030405060708091011"), "06", true): All options with value '06' are selected in object 'Object Repository/mobileSanity/Teladoc/Page_App Page 1/select_00102030405060708091011'  using regular expression

2020-04-23 08:12:55 - [MESSAGE][PASSED] - All options with value '06' are selected in object 'Object Repository/mobileSanity/Teladoc/Page_App Page 1/select_00102030405060708091011'  using regular expression

2020-04-23 08:12:55 - [TEST_STEP][PASSED] - setText(findTestObject("mobileSanity/Teladoc/Page_App Page 1/input_lbs"), "180"): Text '180' is set on object 'Object Repository/mobileSanity/Teladoc/Page_App Page 1/input_lbs'

2020-04-23 08:12:55 - [MESSAGE][PASSED] - Text '180' is set on object 'Object Repository/mobileSanity/Teladoc/Page_App Page 1/input_lbs'

2020-04-23 08:12:55 - [TEST_STEP][PASSED] - setText(findTestObject("mobileSanity/Teladoc/Page_App Page 1/input__address"), Address): Text 'muMuBeZD' is set on object 'Object Repository/mobileSanity/Teladoc/Page_App Page 1/input__address'

2020-04-23 08:12:56 - [MESSAGE][PASSED] - Text 'muMuBeZD' is set on object 'Object Repository/mobileSanity/Teladoc/Page_App Page 1/input__address'

2020-04-23 08:12:56 - [TEST_STEP][PASSED] - setText(findTestObject("mobileSanity/Teladoc/Page_App Page 1/input__city"), City): Text 'wdYhpRUh' is set on object 'Object Repository/mobileSanity/Teladoc/Page_App Page 1/input__city'

2020-04-23 08:12:56 - [MESSAGE][PASSED] - Text 'wdYhpRUh' is set on object 'Object Repository/mobileSanity/Teladoc/Page_App Page 1/input__city'

2020-04-23 08:12:56 - [TEST_STEP][PASSED] - setText(findTestObject("mobileSanity/Teladoc/Page_App Page 1/input__email"), AutoEmail): Text 'test.ERPjDcuG@suryani.cn' is set on object 'Object Repository/mobileSanity/Teladoc/Page_App Page 1/input__email'

2020-04-23 08:12:56 - [MESSAGE][PASSED] - Text 'test.ERPjDcuG@suryani.cn' is set on object 'Object Repository/mobileSanity/Teladoc/Page_App Page 1/input__email'

2020-04-23 08:12:56 - [TEST_STEP][PASSED] - setText(findTestObject("mobileSanity/Teladoc/Page_App Page 1/input_phone number"), Tel): Text '964-282-5953' is set on object 'Object Repository/mobileSanity/Teladoc/Page_App Page 1/input_phone number'

2020-04-23 08:12:57 - [MESSAGE][PASSED] - Text '964-282-5953' is set on object 'Object Repository/mobileSanity/Teladoc/Page_App Page 1/input_phone number'

2020-04-23 08:12:57 - [TEST_STEP][PASSED] - Thread.sleep(2000): null

2020-04-23 08:12:59 - [TEST_STEP][PASSED] - scrollToElement(findTestObject("mobileSanity/Teladoc/Page_App Page 1/a_Continue to Step 2 - Payment"), 10): Scroll to object 'Object Repository/mobileSanity/Teladoc/Page_App Page 1/a_Continue to Step 2 - Payment' successfully

2020-04-23 08:12:59 - [MESSAGE][PASSED] - Scroll to object 'Object Repository/mobileSanity/Teladoc/Page_App Page 1/a_Continue to Step 2 - Payment' successfully

2020-04-23 08:12:59 - [TEST_STEP][PASSED] - click(findTestObject("mobileSanity/Teladoc/Page_App Page 1/a_Continue to Step 2 - Payment")): Object: 'Object Repository/mobileSanity/Teladoc/Page_App Page 1/a_Continue to Step 2 - Payment' is clicked on

2020-04-23 08:12:59 - [MESSAGE][PASSED] - Object: 'Object Repository/mobileSanity/Teladoc/Page_App Page 1/a_Continue to Step 2 - Payment' is clicked on

2020-04-23 08:12:59 - [TEST_STEP][PASSED] - waitForPageLoad(20): Wait for page load successfully

2020-04-23 08:13:00 - [MESSAGE][PASSED] - Wait for page load successfully

2020-04-23 08:13:00 - [TEST_STEP][PASSED] - waitForElementVisible(findTestObject("mobileSanity/Teladoc/Page_App Page 2/input__credit-card-first"), 20): Object 'Object Repository/mobileSanity/Teladoc/Page_App Page 2/input__credit-card-first' is visible

2020-04-23 08:13:00 - [MESSAGE][PASSED] - Object 'Object Repository/mobileSanity/Teladoc/Page_App Page 2/input__credit-card-first' is visible

2020-04-23 08:13:00 - [TEST_STEP][PASSED] - callTestCase(findTestCase("AHI/_include/get_screenshot"), [:], STOP_ON_FAILURE): Call Test Case 'Test Cases/AHI/_include/get_screenshot' successfully

2020-04-23 08:13:00 - [TEST_CASE][PASSED] - Test Cases/AHI/_include/get_screenshot: Test Cases/AHI/_include/get_screenshot

2020-04-23 08:13:00 - [TEST_STEP][PASSED] - Thread.sleep(1000): null

2020-04-23 08:13:01 - [TEST_STEP][PASSED] - takeScreenshot(screenPath + i + ".png"): Taking screenshot successfully

2020-04-23 08:13:02 - [MESSAGE][PASSED] - Taking screenshot successfully
[[ATTACHMENT|D:\\Test\\AgileTest\\Reports\\HIC\\hic\\20200423_080047\\../Screenshots/iPhone 6/HIC/Teladoc/Teladoc/20200423_081201/5.png]]

2020-04-23 08:13:02 - [TEST_STEP][PASSED] - (internal.GlobalVariable.i++): null

2020-04-23 08:13:02 - [MESSAGE][PASSED] - Call Test Case 'Test Cases/AHI/_include/get_screenshot' successfully

2020-04-23 08:13:02 - [TEST_STEP][PASSED] - setText(findTestObject("mobileSanity/Teladoc/Page_App Page 2/input__credit-card-first"), FirstName): Text 'Test-123' is set on object 'Object Repository/mobileSanity/Teladoc/Page_App Page 2/input__credit-card-first'

2020-04-23 08:13:02 - [MESSAGE][PASSED] - Text 'Test-123' is set on object 'Object Repository/mobileSanity/Teladoc/Page_App Page 2/input__credit-card-first'

2020-04-23 08:13:02 - [TEST_STEP][PASSED] - setText(findTestObject("mobileSanity/Teladoc/Page_App Page 2/input__credit-card-last"), LastName): Text 'ZZ11-MdfIeENN' is set on object 'Object Repository/mobileSanity/Teladoc/Page_App Page 2/input__credit-card-last'

2020-04-23 08:13:03 - [MESSAGE][PASSED] - Text 'ZZ11-MdfIeENN' is set on object 'Object Repository/mobileSanity/Teladoc/Page_App Page 2/input__credit-card-last'

2020-04-23 08:13:03 - [TEST_STEP][PASSED] - selectOptionByValue(findTestObject("mobileSanity/Teladoc/Page_App Page 2/select_MM010203040506070809101"), "12", true): All options with value '12' are selected in object 'Object Repository/mobileSanity/Teladoc/Page_App Page 2/select_MM010203040506070809101'  using regular expression

2020-04-23 08:13:04 - [MESSAGE][PASSED] - All options with value '12' are selected in object 'Object Repository/mobileSanity/Teladoc/Page_App Page 2/select_MM010203040506070809101'  using regular expression

2020-04-23 08:13:04 - [TEST_STEP][PASSED] - selectOptionByValue(findTestObject("mobileSanity/Teladoc/Page_App Page 2/select_YYYY2019202020212022202"), "2026", true): All options with value '2026' are selected in object 'Object Repository/mobileSanity/Teladoc/Page_App Page 2/select_YYYY2019202020212022202'  using regular expression

2020-04-23 08:13:05 - [MESSAGE][PASSED] - All options with value '2026' are selected in object 'Object Repository/mobileSanity/Teladoc/Page_App Page 2/select_YYYY2019202020212022202'  using regular expression

2020-04-23 08:13:05 - [TEST_STEP][PASSED] - setText(findTestObject("mobileSanity/Teladoc/Page_App Page 2/input__credit-card-number"), "4111111111111111"): Text '4111111111111111' is set on object 'Object Repository/mobileSanity/Teladoc/Page_App Page 2/input__credit-card-number'

2020-04-23 08:13:06 - [MESSAGE][PASSED] - Text '4111111111111111' is set on object 'Object Repository/mobileSanity/Teladoc/Page_App Page 2/input__credit-card-number'

2020-04-23 08:13:06 - [TEST_STEP][PASSED] - setText(findTestObject("mobileSanity/Teladoc/Page_App Page 2/input__credit-card-cvv"), "122"): Text '122' is set on object 'Object Repository/mobileSanity/Teladoc/Page_App Page 2/input__credit-card-cvv'

2020-04-23 08:13:07 - [MESSAGE][PASSED] - Text '122' is set on object 'Object Repository/mobileSanity/Teladoc/Page_App Page 2/input__credit-card-cvv'

2020-04-23 08:13:07 - [TEST_STEP][PASSED] - click(findTestObject("mobileSanity/Teladoc/Page_App Page 2/label_My billing address is th")): Object: 'Object Repository/mobileSanity/Teladoc/Page_App Page 2/label_My billing address is th' is clicked on

2020-04-23 08:13:07 - [MESSAGE][PASSED] - Object: 'Object Repository/mobileSanity/Teladoc/Page_App Page 2/label_My billing address is th' is clicked on

2020-04-23 08:13:07 - [TEST_STEP][PASSED] - click(findTestObject("mobileSanity/Teladoc/Page_App Page 2/label_I Accept Authorization f")): Object: 'Object Repository/mobileSanity/Teladoc/Page_App Page 2/label_I Accept Authorization f' is clicked on

2020-04-23 08:13:07 - [MESSAGE][PASSED] - Object: 'Object Repository/mobileSanity/Teladoc/Page_App Page 2/label_I Accept Authorization f' is clicked on

2020-04-23 08:13:07 - [TEST_STEP][PASSED] - click(findTestObject("mobileSanity/Teladoc/Page_App Page 2/a_Continue to Step 3 - Review")): Object: 'Object Repository/mobileSanity/Teladoc/Page_App Page 2/a_Continue to Step 3 - Review' is clicked on

2020-04-23 08:13:07 - [MESSAGE][PASSED] - Object: 'Object Repository/mobileSanity/Teladoc/Page_App Page 2/a_Continue to Step 3 - Review' is clicked on

2020-04-23 08:13:07 - [TEST_STEP][PASSED] - waitForPageLoad(20): Wait for page load successfully

2020-04-23 08:13:07 - [MESSAGE][PASSED] - Wait for page load successfully

2020-04-23 08:13:07 - [TEST_STEP][PASSED] - waitForElementPresent(findTestObject("mobileSanity/Teladoc/Page_App Page 3/label"), 20): Object 'Object Repository/mobileSanity/Teladoc/Page_App Page 3/label' is present

2020-04-23 08:13:19 - [MESSAGE][PASSED] - Object 'Object Repository/mobileSanity/Teladoc/Page_App Page 3/label' is present

2020-04-23 08:13:19 - [TEST_STEP][PASSED] - Thread.sleep(5000): null

2020-04-23 08:13:24 - [TEST_STEP][PASSED] - callTestCase(findTestCase("AHI/_include/get_screenshot"), [:], STOP_ON_FAILURE): Call Test Case 'Test Cases/AHI/_include/get_screenshot' successfully

2020-04-23 08:13:24 - [TEST_CASE][PASSED] - Test Cases/AHI/_include/get_screenshot: Test Cases/AHI/_include/get_screenshot

2020-04-23 08:13:24 - [TEST_STEP][PASSED] - Thread.sleep(1000): null

2020-04-23 08:13:25 - [TEST_STEP][PASSED] - takeScreenshot(screenPath + i + ".png"): Taking screenshot successfully

2020-04-23 08:13:25 - [MESSAGE][PASSED] - Taking screenshot successfully
[[ATTACHMENT|D:\\Test\\AgileTest\\Reports\\HIC\\hic\\20200423_080047\\../Screenshots/iPhone 6/HIC/Teladoc/Teladoc/20200423_081201/6.png]]

2020-04-23 08:13:25 - [TEST_STEP][PASSED] - (internal.GlobalVariable.i++): null

2020-04-23 08:13:25 - [MESSAGE][PASSED] - Call Test Case 'Test Cases/AHI/_include/get_screenshot' successfully

2020-04-23 08:13:25 - [TEST_STEP][PASSED] - scrollToElement(findTestObject("mobileSanity/Teladoc/Page_App Page 3/label"), 10): Scroll to object 'Object Repository/mobileSanity/Teladoc/Page_App Page 3/label' successfully

2020-04-23 08:13:25 - [MESSAGE][PASSED] - Scroll to object 'Object Repository/mobileSanity/Teladoc/Page_App Page 3/label' successfully

2020-04-23 08:13:25 - [TEST_STEP][PASSED] - waitForElementClickable(findTestObject("mobileSanity/Teladoc/Page_App Page 3/label"), 10): Object 'Object Repository/mobileSanity/Teladoc/Page_App Page 3/label' is clickable

2020-04-23 08:13:25 - [MESSAGE][PASSED] - Object 'Object Repository/mobileSanity/Teladoc/Page_App Page 3/label' is clickable

2020-04-23 08:13:25 - [TEST_STEP][PASSED] - click(findTestObject("mobileSanity/Teladoc/Page_App Page 3/label")): Object: 'Object Repository/mobileSanity/Teladoc/Page_App Page 3/label' is clicked on

2020-04-23 08:13:25 - [MESSAGE][PASSED] - Object: 'Object Repository/mobileSanity/Teladoc/Page_App Page 3/label' is clicked on

2020-04-23 08:13:25 - [TEST_STEP][PASSED] - click(findTestObject("mobileSanity/Teladoc/Page_App Page 3/p_")): Object: 'Object Repository/mobileSanity/Teladoc/Page_App Page 3/p_' is clicked on

2020-04-23 08:13:26 - [MESSAGE][PASSED] - Object: 'Object Repository/mobileSanity/Teladoc/Page_App Page 3/p_' is clicked on

2020-04-23 08:13:26 - [TEST_STEP][PASSED] - click(findTestObject("mobileSanity/Teladoc/Page_App Page 3/a_Submit Your Application")): Object: 'Object Repository/mobileSanity/Teladoc/Page_App Page 3/a_Submit Your Application' is clicked on

2020-04-23 08:13:26 - [MESSAGE][PASSED] - Object: 'Object Repository/mobileSanity/Teladoc/Page_App Page 3/a_Submit Your Application' is clicked on

2020-04-23 08:13:26 - [TEST_STEP][PASSED] - Thread.sleep(50000): null

2020-04-23 08:14:16 - [TEST_STEP][PASSED] - callTestCase(findTestCase("AHI/_include/get_screenshot"), [:], STOP_ON_FAILURE): Call Test Case 'Test Cases/AHI/_include/get_screenshot' successfully

2020-04-23 08:14:16 - [TEST_CASE][PASSED] - Test Cases/AHI/_include/get_screenshot: Test Cases/AHI/_include/get_screenshot

2020-04-23 08:14:16 - [TEST_STEP][PASSED] - Thread.sleep(1000): null

2020-04-23 08:14:17 - [TEST_STEP][PASSED] - takeScreenshot(screenPath + i + ".png"): Taking screenshot successfully

2020-04-23 08:14:17 - [MESSAGE][PASSED] - Taking screenshot successfully
[[ATTACHMENT|D:\\Test\\AgileTest\\Reports\\HIC\\hic\\20200423_080047\\../Screenshots/iPhone 6/HIC/Teladoc/Teladoc/20200423_081201/7.png]]

2020-04-23 08:14:17 - [TEST_STEP][PASSED] - (internal.GlobalVariable.i++): null

2020-04-23 08:14:17 - [MESSAGE][PASSED] - Call Test Case 'Test Cases/AHI/_include/get_screenshot' successfully

2020-04-23 08:14:17 - [TEST_STEP][PASSED] - verifyTextPresent("Congratulations", false): Text 'Congratulations' is present on page 

2020-04-23 08:14:18 - [MESSAGE][PASSED] - Text 'Congratulations' is present on page]]></system-out>
         <system-err><![CDATA[]]></system-err>
      </testcase>
      <system-out><![CDATA[2020-04-23 08:00:53 - [TEST_SUITE][ERROR] - hic: Test Cases/HIC/New/HBI FAILED.
Reason:
com.thoughtworks.selenium.SeleniumException: Timed out waiting for action to finish
	at com.thoughtworks.selenium.webdriven.Timer.run(Timer.java:46)
	at com.thoughtworks.selenium.webdriven.WebDriverCommandProcessor.execute(WebDriverCommandProcessor.java:150)
	at com.thoughtworks.selenium.webdriven.WebDriverCommandProcessor.doCommand(WebDriverCommandProcessor.java:76)
	at com.thoughtworks.selenium.DefaultSelenium.selectWindow(DefaultSelenium.java:382)
	at com.thoughtworks.selenium.Selenium$selectWindow$5.call(Unknown Source)
	at HBI.run(HBI:59)
	at com.kms.katalon.core.main.ScriptEngine.run(ScriptEngine.java:194)
	at com.kms.katalon.core.main.ScriptEngine.runScriptAsRawText(ScriptEngine.java:119)
	at com.kms.katalon.core.main.TestCaseExecutor.runScript(TestCaseExecutor.java:328)
	at com.kms.katalon.core.main.TestCaseExecutor.doExecute(TestCaseExecutor.java:319)
	at com.kms.katalon.core.main.TestCaseExecutor.processExecutionPhase(TestCaseExecutor.java:298)
	at com.kms.katalon.core.main.TestCaseExecutor.accessMainPhase(TestCaseExecutor.java:290)
	at com.kms.katalon.core.main.TestCaseExecutor.execute(TestCaseExecutor.java:224)
	at com.kms.katalon.core.main.TestSuiteExecutor.accessTestCaseMainPhase(TestSuiteExecutor.java:129)
	at com.kms.katalon.core.main.TestSuiteExecutor.accessTestSuiteMainPhase(TestSuiteExecutor.java:112)
	at com.kms.katalon.core.main.TestSuiteExecutor.execute(TestSuiteExecutor.java:81)
	at com.kms.katalon.core.main.TestCaseMain.startTestSuite(TestCaseMain.java:149)
	at com.kms.katalon.core.main.TestCaseMain$startTestSuite$0.call(Unknown Source)
	at TempTestSuite1587643247815.run(TempTestSuite1587643247815.groovy:36)]]></system-out>
      <system-err><![CDATA[2020-04-23 08:00:53 - [TEST_SUITE][ERROR] - hic: Test Cases/HIC/New/HBI FAILED.
Reason:
com.thoughtworks.selenium.SeleniumException: Timed out waiting for action to finish
	at com.thoughtworks.selenium.webdriven.Timer.run(Timer.java:46)
	at com.thoughtworks.selenium.webdriven.WebDriverCommandProcessor.execute(WebDriverCommandProcessor.java:150)
	at com.thoughtworks.selenium.webdriven.WebDriverCommandProcessor.doCommand(WebDriverCommandProcessor.java:76)
	at com.thoughtworks.selenium.DefaultSelenium.selectWindow(DefaultSelenium.java:382)
	at com.thoughtworks.selenium.Selenium$selectWindow$5.call(Unknown Source)
	at HBI.run(HBI:59)
	at com.kms.katalon.core.main.ScriptEngine.run(ScriptEngine.java:194)
	at com.kms.katalon.core.main.ScriptEngine.runScriptAsRawText(ScriptEngine.java:119)
	at com.kms.katalon.core.main.TestCaseExecutor.runScript(TestCaseExecutor.java:328)
	at com.kms.katalon.core.main.TestCaseExecutor.doExecute(TestCaseExecutor.java:319)
	at com.kms.katalon.core.main.TestCaseExecutor.processExecutionPhase(TestCaseExecutor.java:298)
	at com.kms.katalon.core.main.TestCaseExecutor.accessMainPhase(TestCaseExecutor.java:290)
	at com.kms.katalon.core.main.TestCaseExecutor.execute(TestCaseExecutor.java:224)
	at com.kms.katalon.core.main.TestSuiteExecutor.accessTestCaseMainPhase(TestSuiteExecutor.java:129)
	at com.kms.katalon.core.main.TestSuiteExecutor.accessTestSuiteMainPhase(TestSuiteExecutor.java:112)
	at com.kms.katalon.core.main.TestSuiteExecutor.execute(TestSuiteExecutor.java:81)
	at com.kms.katalon.core.main.TestCaseMain.startTestSuite(TestCaseMain.java:149)
	at com.kms.katalon.core.main.TestCaseMain$startTestSuite$0.call(Unknown Source)
	at TempTestSuite1587643247815.run(TempTestSuite1587643247815.groovy:36)]]></system-err>
   </testsuite>
</testsuites>
