<?xml version="1.0" encoding="UTF-8"?>
<testsuites name="ahi" time="999" tests="8" failures="1" errors="0">
   <testsuite name="ahi" tests="8" failures="1" errors="0" time="999" timestamp="2020-05-28 08:20:07" hostname="Administrator - 172.30.0.53" id="Test Suites/AHI/ahi">
      <properties>
         <property name="deviceName" value=""/>
         <property name="devicePlatform" value=""/>
         <property name="logFolder" value="D:\\Test\\AgileTest\\Reports\\AHI\\ahi\\20200528_080044"/>
         <property name="logFiles" value="D:\\Test\\AgileTest\\Reports\\AHI\\ahi\\20200528_080044\\execution0.log"/>
         <property name="attachments" value="D:\\Test\\AgileTest\\Reports\\AHI\\ahi\\20200528_080044\\../Screenshots/iPhone 6/AHI/ACA Health Insurance/20200528_082016/0.png, D:\\Test\\AgileTest\\Reports\\AHI\\ahi\\20200528_080044\\../Screenshots/iPhone 6/AHI/ACA Health Insurance/20200528_082016/1.png, D:\\Test\\AgileTest\\Reports\\AHI\\ahi\\20200528_080044\\../Screenshots/iPhone 6/AHI/ACA Health Insurance/20200528_082016/2.png, D:\\Test\\AgileTest\\Reports\\AHI\\ahi\\20200528_080044\\../Screenshots/iPhone 6/AHI/Cancer Insurance/20200528_082121/0.png, D:\\Test\\AgileTest\\Reports\\AHI\\ahi\\20200528_080044\\../Screenshots/iPhone 6/AHI/Cancer Insurance/20200528_082121/1.png, D:\\Test\\AgileTest\\Reports\\AHI\\ahi\\20200528_080044\\../Screenshots/iPhone 6/AHI/Cancer Insurance/20200528_082121/2.png, D:\\Test\\AgileTest\\Reports\\AHI\\ahi\\20200528_080044\\../Screenshots/iPhone 6/AHI/Cancer Insurance/20200528_082121/3.png, D:\\Test\\AgileTest\\Reports\\AHI\\ahi\\20200528_080044\\../Screenshots/iPhone 6/AHI/Cancer Insurance/20200528_082121/4.png, D:\\Test\\AgileTest\\Reports\\AHI\\ahi\\20200528_080044\\../Screenshots/iPhone 6/AHI/Cancer Insurance/20200528_082121/5.png, D:\\Test\\AgileTest\\Reports\\AHI\\ahi\\20200528_080044\\../Screenshots/iPhone 6/AHI/Cancer Insurance/20200528_082121/6.png, D:\\Test\\AgileTest\\Reports\\AHI\\ahi\\20200528_080044\\../Screenshots/iPhone 6/AHI/Cancer Insurance/20200528_082121/7.png, D:\\Test\\AgileTest\\Reports\\AHI\\ahi\\20200528_080044\\../Screenshots/iPhone 6/AHI/Cancer Insurance/20200528_082121/8.png, D:\\Test\\AgileTest\\Reports\\AHI\\ahi\\20200528_080044\\../Screenshots/iPhone 6/AHI/Cancer Insurance/20200528_082121/9.png, D:\\Test\\AgileTest\\Reports\\AHI\\ahi\\20200528_080044\\../Screenshots/iPhone 6/AHI/Dental - National General/20200528_082325/0.png, D:\\Test\\AgileTest\\Reports\\AHI\\ahi\\20200528_080044\\../Screenshots/iPhone 6/AHI/Dental - National General/20200528_082325/1.png, D:\\Test\\AgileTest\\Reports\\AHI\\ahi\\20200528_080044\\../Screenshots/iPhone 6/AHI/Dental - National General/20200528_082325/2.png, D:\\Test\\AgileTest\\Reports\\AHI\\ahi\\20200528_080044\\../Screenshots/iPhone 6/AHI/Dental - National General/20200528_082325/3.png, D:\\Test\\AgileTest\\Reports\\AHI\\ahi\\20200528_080044\\../Screenshots/iPhone 6/AHI/Dental - National General/20200528_082325/4.png, D:\\Test\\AgileTest\\Reports\\AHI\\ahi\\20200528_080044\\../Screenshots/iPhone 6/AHI/Dental - National General/20200528_082325/5.png, D:\\Test\\AgileTest\\Reports\\AHI\\ahi\\20200528_080044\\../Screenshots/iPhone 6/AHI/Dental - National General/20200528_082325/6.png, D:\\Test\\AgileTest\\Reports\\AHI\\ahi\\20200528_080044\\../Screenshots/iPhone 6/AHI/Dental - National General/20200528_082325/7.png, D:\\Test\\AgileTest\\Reports\\AHI\\ahi\\20200528_080044\\../Screenshots/iPhone 6/AHI/Dental - National General/20200528_082325/8.png, D:\\Test\\AgileTest\\Reports\\AHI\\ahi\\20200528_080044\\../Screenshots/iPhone 6/AHI/Dental - USA Access/20200528_082703/0.png, D:\\Test\\AgileTest\\Reports\\AHI\\ahi\\20200528_080044\\../Screenshots/iPhone 6/AHI/Dental - USA Access/20200528_082703/1.png, D:\\Test\\AgileTest\\Reports\\AHI\\ahi\\20200528_080044\\../Screenshots/iPhone 6/AHI/Dental - USA Access/20200528_082703/2.png, D:\\Test\\AgileTest\\Reports\\AHI\\ahi\\20200528_080044\\../Screenshots/iPhone 6/AHI/Dental - USA Access/20200528_082703/3.png, D:\\Test\\AgileTest\\Reports\\AHI\\ahi\\20200528_080044\\../Screenshots/iPhone 6/AHI/Dental - USA Access/20200528_082703/4.png, D:\\Test\\AgileTest\\Reports\\AHI\\ahi\\20200528_080044\\../Screenshots/iPhone 6/AHI/Dental - USA Access/20200528_082703/5.png, D:\\Test\\AgileTest\\Reports\\AHI\\ahi\\20200528_080044\\../Screenshots/iPhone 6/AHI/Dental - USA Access/20200528_082703/6.png, D:\\Test\\AgileTest\\Reports\\AHI\\ahi\\20200528_080044\\../Screenshots/iPhone 6/AHI/Dental - USA Access/20200528_082703/7.png, D:\\Test\\AgileTest\\Reports\\AHI\\ahi\\20200528_080044\\../Screenshots/iPhone 6/AHI/Dental - USA Access/20200528_082703/8.png, D:\\Test\\AgileTest\\Reports\\AHI\\ahi\\20200528_080044\\../Screenshots/iPhone 6/AHI/HBI/20200528_082920/0.png, D:\\Test\\AgileTest\\Reports\\AHI\\ahi\\20200528_080044\\../Screenshots/iPhone 6/AHI/HBI/20200528_082920/1.png, D:\\Test\\AgileTest\\Reports\\AHI\\ahi\\20200528_080044\\../Screenshots/iPhone 6/AHI/HBI/20200528_082920/2.png, D:\\Test\\AgileTest\\Reports\\AHI\\ahi\\20200528_080044\\../Screenshots/iPhone 6/AHI/Medicare/20200528_083107/0.png, D:\\Test\\AgileTest\\Reports\\AHI\\ahi\\20200528_080044\\../Screenshots/iPhone 6/AHI/Medicare/20200528_083107/1.png, D:\\Test\\AgileTest\\Reports\\AHI\\ahi\\20200528_080044\\../Screenshots/iPhone 6/AHI/Pet Insurance/20200528_083130/0.png, D:\\Test\\AgileTest\\Reports\\AHI\\ahi\\20200528_080044\\../Screenshots/iPhone 6/AHI/Pet Insurance/20200528_083130/1.png, D:\\Test\\AgileTest\\Reports\\AHI\\ahi\\20200528_080044\\../Screenshots/iPhone 6/AHI/Pet Insurance/20200528_083130/2.png, D:\\Test\\AgileTest\\Reports\\AHI\\ahi\\20200528_080044\\../Screenshots/iPhone 6/AHI/Pet Insurance/20200528_083130/3.png, D:\\Test\\AgileTest\\Reports\\AHI\\ahi\\20200528_080044\\../Screenshots/iPhone 6/AHI/Pet Insurance/20200528_083130/4.png, D:\\Test\\AgileTest\\Reports\\AHI\\ahi\\20200528_080044\\../Screenshots/iPhone 6/AHI/Pet Insurance/20200528_083130/5.png, D:\\Test\\AgileTest\\Reports\\AHI\\ahi\\20200528_080044\\../Screenshots/iPhone 6/AHI/Pet Insurance/20200528_083130/6.png, D:\\Test\\AgileTest\\Reports\\AHI\\ahi\\20200528_080044\\../Screenshots/iPhone 6/AHI/Pet Insurance/20200528_083130/7.png, D:\\Test\\AgileTest\\Reports\\AHI\\ahi\\20200528_080044\\../Screenshots/iPhone 6/AHI/Pet Insurance/20200528_083130/8.png, D:\\Test\\AgileTest\\Reports\\AHI\\ahi\\20200528_080044\\../Screenshots/iPhone 6/AHI/Pet Insurance/20200528_083130/9.png, D:\\Test\\AgileTest\\Reports\\AHI\\ahi\\20200528_080044\\../Screenshots/iPhone 6/AHI/Pet Insurance/20200528_083130/10.png, D:\\Test\\AgileTest\\Reports\\AHI\\ahi\\20200528_080044\\../Screenshots/iPhone 6/AHI/STM/20200528_083314/0.png, D:\\Test\\AgileTest\\Reports\\AHI\\ahi\\20200528_080044\\../Screenshots/iPhone 6/AHI/STM/20200528_083314/1.png, D:\\Test\\AgileTest\\Reports\\AHI\\ahi\\20200528_080044\\../Screenshots/iPhone 6/AHI/STM/20200528_083314/2.png, D:\\Test\\AgileTest\\Reports\\AHI\\ahi\\20200528_080044\\../Screenshots/iPhone 6/AHI/Teladoc/20200528_083450/0.png, D:\\Test\\AgileTest\\Reports\\AHI\\ahi\\20200528_080044\\../Screenshots/iPhone 6/AHI/Teladoc/20200528_083450/1.png, D:\\Test\\AgileTest\\Reports\\AHI\\ahi\\20200528_080044\\../Screenshots/iPhone 6/AHI/Teladoc/20200528_083450/2.png, D:\\Test\\AgileTest\\Reports\\AHI\\ahi\\20200528_080044\\1590669404917.png"/>
         <property name="hostName" value="Administrator - 172.30.0.53"/>
         <property name="os" value="Windows Server 2012 R2 64bit"/>
         <property name="katalonVersion" value="5.10.1.1"/>
         <property name="browser" value="Safari 11"/>
         <property name="hostAddress" value="172.30.0.53"/>
         <property name="sessionId" value="69f7b37d86f0f0f717b3c0044f42f21f"/>
         <property name="seleniumVersion" value="3.7.1"/>
         <property name="proxyInformation" value="ProxyInformation{proxyOption=NO_PROXY, proxyServerType=HTTP, password=, proxyServerAddress=, proxyServerPort=0}"/>
         <property name="platform" value="Windows Server 2012 R2"/>
      </properties>
      <testcase name="Test Cases/AHI/NEW/ACA Health Insurance" classname="Test Cases/AHI/NEW/ACA Health Insurance" status="PASSED">
         <system-out><![CDATA[2020-05-28 08:20:09 - [TEST_CASE][PASSED] - Test Cases/AHI/NEW/ACA Health Insurance: Test Cases/AHI/NEW/ACA Health Insurance

2020-05-28 08:20:13 - [TEST_STEP][PASSED] - callTestCase(findTestCase("AHI/_include/get_screenPath"), ["productLine":"AHI", "carrierName":"ACA Health Insurance"], CONTINUE_ON_FAILURE): Call Test Case 'Test Cases/AHI/_include/get_screenPath' successfully

2020-05-28 08:20:14 - [TEST_CASE][PASSED] - Test Cases/AHI/_include/get_screenPath: Test Cases/AHI/_include/get_screenPath

2020-05-28 08:20:16 - [TEST_STEP][PASSED] - m = getExecutionProperties(): null

2020-05-28 08:20:16 - [TEST_STEP][PASSED] - deviceName = get("mobileEmulation").get("deviceName"): null

2020-05-28 08:20:16 - [TEST_STEP][PASSED] - println(deviceName): null

2020-05-28 08:20:16 - [TEST_STEP][PASSED] - now = new java.util.Date(): null

2020-05-28 08:20:16 - [TEST_STEP][PASSED] - mydate = now.format("yyyyMMdd_HHmmss"): null

2020-05-28 08:20:16 - [TEST_STEP][PASSED] - screenPath = "../Screenshots/": null

2020-05-28 08:20:17 - [TEST_STEP][PASSED] - screenPath = screenPath + deviceName + "/" + productLine + "/" + carrierName + "/" + mydate + "/": null

2020-05-28 08:20:17 - [TEST_STEP][PASSED] - println(screenPath): null

2020-05-28 08:20:17 - [MESSAGE][PASSED] - Call Test Case 'Test Cases/AHI/_include/get_screenPath' successfully

2020-05-28 08:20:17 - [TEST_STEP][PASSED] - i = 0: null

2020-05-28 08:20:17 - [TEST_STEP][PASSED] - callTestCase(findTestCase("AHI/_include/openWebSite"), [:], CONTINUE_ON_FAILURE): Call Test Case 'Test Cases/AHI/_include/openWebSite' successfully

2020-05-28 08:20:17 - [TEST_CASE][PASSED] - Test Cases/AHI/_include/openWebSite: Test Cases/AHI/_include/openWebSite

2020-05-28 08:20:18 - [TEST_STEP][PASSED] - openBrowser(env): Browser is opened with url: 'https://praetemptatus.agilehealthinsurance.com'

2020-05-28 08:20:22 - [MESSAGE][INFO] - Starting 'Chrome' driver

2020-05-28 08:20:22 - [MESSAGE][INFO] - User set preference: ['mobileEmulation', '{deviceName=iPhone 6}']

2020-05-28 08:20:22 - [MESSAGE][INFO] - User set preference: ['args', '[--incognito, --aggressive-cache-discard, --window-size=375,677, --no-sandbox, --ignore-certificate-errors]']

2020-05-28 08:20:22 - [MESSAGE][INFO] - Action delay is set to 0 seconds

2020-05-28 08:21:01 - [MESSAGE][PASSED] - Browser is opened with url: 'https://praetemptatus.agilehealthinsurance.com'

2020-05-28 08:21:01 - [TEST_STEP][PASSED] - waitForPageLoad(20): Wait for page load successfully

2020-05-28 08:21:05 - [MESSAGE][PASSED] - Wait for page load successfully

2020-05-28 08:21:05 - [TEST_STEP][PASSED] - callTestCase(findTestCase("AHI/_include/get_screenshot"), [:], STOP_ON_FAILURE): Call Test Case 'Test Cases/AHI/_include/get_screenshot' successfully

2020-05-28 08:21:05 - [TEST_CASE][PASSED] - Test Cases/AHI/_include/get_screenshot: Test Cases/AHI/_include/get_screenshot

2020-05-28 08:21:06 - [TEST_STEP][PASSED] - Thread.sleep(1000): null

2020-05-28 08:21:07 - [TEST_STEP][PASSED] - takeScreenshot(screenPath + i + ".png"): Taking screenshot successfully

2020-05-28 08:21:07 - [MESSAGE][PASSED] - Taking screenshot successfully
[[ATTACHMENT|D:\\Test\\AgileTest\\Reports\\AHI\\ahi\\20200528_080044\\../Screenshots/iPhone 6/AHI/ACA Health Insurance/20200528_082016/0.png]]

2020-05-28 08:21:07 - [TEST_STEP][PASSED] - (internal.GlobalVariable.i++): null

2020-05-28 08:21:07 - [MESSAGE][PASSED] - Call Test Case 'Test Cases/AHI/_include/get_screenshot' successfully

2020-05-28 08:21:07 - [MESSAGE][PASSED] - Call Test Case 'Test Cases/AHI/_include/openWebSite' successfully

2020-05-28 08:21:07 - [TEST_STEP][PASSED] - driver = getWebDriver(): null

2020-05-28 08:21:07 - [TEST_STEP][PASSED] - baseUrl = ENV: null

2020-05-28 08:21:07 - [TEST_STEP][PASSED] - selenium = new com.thoughtworks.selenium.webdriven.WebDriverBackedSelenium(driver, baseUrl): null

2020-05-28 08:21:08 - [TEST_STEP][PASSED] - selenium.click("//*[@class='filter-option-inner-inner']"): null

2020-05-28 08:21:08 - [TEST_STEP][PASSED] - selenium.click("id=bs-select-1-0"): null

2020-05-28 08:21:09 - [TEST_STEP][PASSED] - selenium.click("id=primaryCTA"): null

2020-05-28 08:21:10 - [TEST_STEP][PASSED] - for ([second = 0, second < 10, (second++)]): null

2020-05-28 08:21:10 - [TEST_STEP][PASSED] - try: null

2020-05-28 08:21:10 - [TEST_STEP][PASSED] - if (selenium.isElementPresent("xpath=//h1[contains(text(),'Find the right Individual and Family health care plan for you')]")): null

2020-05-28 08:21:13 - [TEST_STEP][PASSED] - break: null

2020-05-28 08:21:13 - [TEST_STEP][PASSED] - callTestCase(findTestCase("AHI/_include/get_screenshot"), [:], STOP_ON_FAILURE): Call Test Case 'Test Cases/AHI/_include/get_screenshot' successfully

2020-05-28 08:21:13 - [TEST_CASE][PASSED] - Test Cases/AHI/_include/get_screenshot: Test Cases/AHI/_include/get_screenshot

2020-05-28 08:21:13 - [TEST_STEP][PASSED] - Thread.sleep(1000): null

2020-05-28 08:21:14 - [TEST_STEP][PASSED] - takeScreenshot(screenPath + i + ".png"): Taking screenshot successfully

2020-05-28 08:21:15 - [MESSAGE][PASSED] - Taking screenshot successfully
[[ATTACHMENT|D:\\Test\\AgileTest\\Reports\\AHI\\ahi\\20200528_080044\\../Screenshots/iPhone 6/AHI/ACA Health Insurance/20200528_082016/1.png]]

2020-05-28 08:21:15 - [TEST_STEP][PASSED] - (internal.GlobalVariable.i++): null

2020-05-28 08:21:15 - [MESSAGE][PASSED] - Call Test Case 'Test Cases/AHI/_include/get_screenshot' successfully

2020-05-28 08:21:15 - [TEST_STEP][PASSED] - url = selenium.getAttribute("xpath=(//a[@class='front-door-quote-button'])@href"): null

2020-05-28 08:21:15 - [TEST_STEP][PASSED] - navigateToUrl(url): Navigate to 'https://www.healthpocket.com/individual-health-insurance?__hstc=225231557.9f037e3d6c30c9ffc7e898f65871e010.1590668462214.1590668462214.1590668462214.1&__hssc=225231557.2.1590668462214&__hsfp=937275251' successfully

2020-05-28 08:21:18 - [MESSAGE][PASSED] - Navigate to 'https://www.healthpocket.com/individual-health-insurance?__hstc=225231557.9f037e3d6c30c9ffc7e898f65871e010.1590668462214.1590668462214.1590668462214.1&__hssc=225231557.2.1590668462214&__hsfp=937275251' successfully

2020-05-28 08:21:18 - [TEST_STEP][PASSED] - waitForPageLoad(10): Wait for page load successfully

2020-05-28 08:21:18 - [MESSAGE][PASSED] - Wait for page load successfully

2020-05-28 08:21:18 - [TEST_STEP][PASSED] - callTestCase(findTestCase("AHI/_include/get_screenshot"), [:], STOP_ON_FAILURE): Call Test Case 'Test Cases/AHI/_include/get_screenshot' successfully

2020-05-28 08:21:18 - [TEST_CASE][PASSED] - Test Cases/AHI/_include/get_screenshot: Test Cases/AHI/_include/get_screenshot

2020-05-28 08:21:18 - [TEST_STEP][PASSED] - Thread.sleep(1000): null

2020-05-28 08:21:19 - [TEST_STEP][PASSED] - takeScreenshot(screenPath + i + ".png"): Taking screenshot successfully

2020-05-28 08:21:20 - [MESSAGE][PASSED] - Taking screenshot successfully
[[ATTACHMENT|D:\\Test\\AgileTest\\Reports\\AHI\\ahi\\20200528_080044\\../Screenshots/iPhone 6/AHI/ACA Health Insurance/20200528_082016/2.png]]

2020-05-28 08:21:20 - [TEST_STEP][PASSED] - (internal.GlobalVariable.i++): null

2020-05-28 08:21:20 - [MESSAGE][PASSED] - Call Test Case 'Test Cases/AHI/_include/get_screenshot' successfully]]></system-out>
         <system-err><![CDATA[]]></system-err>
      </testcase>
      <testcase name="Test Cases/AHI/NEW/Cancer Insurance" classname="Test Cases/AHI/NEW/Cancer Insurance" status="PASSED">
         <system-out><![CDATA[2020-05-28 08:21:20 - [TEST_CASE][PASSED] - Test Cases/AHI/NEW/Cancer Insurance: Test Cases/AHI/NEW/Cancer Insurance

2020-05-28 08:21:21 - [TEST_STEP][PASSED] - callTestCase(findTestCase("AHI/_include/get_screenPath"), ["productLine":"AHI", "carrierName":"Cancer Insurance"], CONTINUE_ON_FAILURE): Call Test Case 'Test Cases/AHI/_include/get_screenPath' successfully

2020-05-28 08:21:21 - [TEST_CASE][PASSED] - Test Cases/AHI/_include/get_screenPath: Test Cases/AHI/_include/get_screenPath

2020-05-28 08:21:21 - [TEST_STEP][PASSED] - m = getExecutionProperties(): null

2020-05-28 08:21:21 - [TEST_STEP][PASSED] - deviceName = get("mobileEmulation").get("deviceName"): null

2020-05-28 08:21:21 - [TEST_STEP][PASSED] - println(deviceName): null

2020-05-28 08:21:21 - [TEST_STEP][PASSED] - now = new java.util.Date(): null

2020-05-28 08:21:21 - [TEST_STEP][PASSED] - mydate = now.format("yyyyMMdd_HHmmss"): null

2020-05-28 08:21:21 - [TEST_STEP][PASSED] - screenPath = "../Screenshots/": null

2020-05-28 08:21:21 - [TEST_STEP][PASSED] - screenPath = screenPath + deviceName + "/" + productLine + "/" + carrierName + "/" + mydate + "/": null

2020-05-28 08:21:21 - [TEST_STEP][PASSED] - println(screenPath): null

2020-05-28 08:21:21 - [MESSAGE][PASSED] - Call Test Case 'Test Cases/AHI/_include/get_screenPath' successfully

2020-05-28 08:21:21 - [TEST_STEP][PASSED] - i = 0: null

2020-05-28 08:21:21 - [TEST_STEP][PASSED] - callTestCase(findTestCase("AHI/_include/openWebSite"), [:], CONTINUE_ON_FAILURE): Call Test Case 'Test Cases/AHI/_include/openWebSite' successfully

2020-05-28 08:21:21 - [TEST_CASE][PASSED] - Test Cases/AHI/_include/openWebSite: Test Cases/AHI/_include/openWebSite

2020-05-28 08:21:21 - [TEST_STEP][PASSED] - openBrowser(env): Browser is opened with url: 'https://praetemptatus.agilehealthinsurance.com'

2020-05-28 08:21:21 - [MESSAGE][WARNING] - A browser is already opened. Closing browser and opening a new one

2020-05-28 08:21:22 - [MESSAGE][INFO] - Starting 'Chrome' driver

2020-05-28 08:21:22 - [MESSAGE][INFO] - User set preference: ['mobileEmulation', '{deviceName=iPhone 6}']

2020-05-28 08:21:22 - [MESSAGE][INFO] - User set preference: ['args', '[--incognito, --aggressive-cache-discard, --window-size=375,677, --no-sandbox, --ignore-certificate-errors]']

2020-05-28 08:21:29 - [MESSAGE][PASSED] - Browser is opened with url: 'https://praetemptatus.agilehealthinsurance.com'

2020-05-28 08:21:29 - [TEST_STEP][PASSED] - waitForPageLoad(20): Wait for page load successfully

2020-05-28 08:21:29 - [MESSAGE][PASSED] - Wait for page load successfully

2020-05-28 08:21:29 - [TEST_STEP][PASSED] - callTestCase(findTestCase("AHI/_include/get_screenshot"), [:], STOP_ON_FAILURE): Call Test Case 'Test Cases/AHI/_include/get_screenshot' successfully

2020-05-28 08:21:29 - [TEST_CASE][PASSED] - Test Cases/AHI/_include/get_screenshot: Test Cases/AHI/_include/get_screenshot

2020-05-28 08:21:29 - [TEST_STEP][PASSED] - Thread.sleep(1000): null

2020-05-28 08:21:30 - [TEST_STEP][PASSED] - takeScreenshot(screenPath + i + ".png"): Taking screenshot successfully

2020-05-28 08:21:33 - [MESSAGE][PASSED] - Taking screenshot successfully
[[ATTACHMENT|D:\\Test\\AgileTest\\Reports\\AHI\\ahi\\20200528_080044\\../Screenshots/iPhone 6/AHI/Cancer Insurance/20200528_082121/0.png]]

2020-05-28 08:21:33 - [TEST_STEP][PASSED] - (internal.GlobalVariable.i++): null

2020-05-28 08:21:33 - [MESSAGE][PASSED] - Call Test Case 'Test Cases/AHI/_include/get_screenshot' successfully

2020-05-28 08:21:33 - [MESSAGE][PASSED] - Call Test Case 'Test Cases/AHI/_include/openWebSite' successfully

2020-05-28 08:21:33 - [TEST_STEP][PASSED] - driver = getWebDriver(): null

2020-05-28 08:21:33 - [TEST_STEP][PASSED] - baseUrl = ENV: null

2020-05-28 08:21:33 - [TEST_STEP][PASSED] - selenium = new com.thoughtworks.selenium.webdriven.WebDriverBackedSelenium(driver, baseUrl): null

2020-05-28 08:21:33 - [TEST_STEP][PASSED] - selenium.click("//*[@class='filter-option-inner-inner']"): null

2020-05-28 08:21:33 - [TEST_STEP][PASSED] - selenium.click("id=bs-select-1-1"): null

2020-05-28 08:21:33 - [TEST_STEP][PASSED] - selenium.click("id=primaryCTA"): null

2020-05-28 08:21:34 - [TEST_STEP][PASSED] - for ([second = 0, second < 20, (second++)]): null

2020-05-28 08:21:34 - [TEST_STEP][PASSED] - try: null

2020-05-28 08:21:34 - [TEST_STEP][PASSED] - if (selenium.isElementPresent("id=zip-input")): null

2020-05-28 08:21:34 - [TEST_STEP][PASSED] - break: null

2020-05-28 08:21:34 - [TEST_STEP][PASSED] - callTestCase(findTestCase("AHI/_include/get_screenshot"), [:], STOP_ON_FAILURE): Call Test Case 'Test Cases/AHI/_include/get_screenshot' successfully

2020-05-28 08:21:34 - [TEST_CASE][PASSED] - Test Cases/AHI/_include/get_screenshot: Test Cases/AHI/_include/get_screenshot

2020-05-28 08:21:34 - [TEST_STEP][PASSED] - Thread.sleep(1000): null

2020-05-28 08:21:35 - [TEST_STEP][PASSED] - takeScreenshot(screenPath + i + ".png"): Taking screenshot successfully

2020-05-28 08:21:37 - [MESSAGE][PASSED] - Taking screenshot successfully
[[ATTACHMENT|D:\\Test\\AgileTest\\Reports\\AHI\\ahi\\20200528_080044\\../Screenshots/iPhone 6/AHI/Cancer Insurance/20200528_082121/1.png]]

2020-05-28 08:21:37 - [TEST_STEP][PASSED] - (internal.GlobalVariable.i++): null

2020-05-28 08:21:37 - [MESSAGE][PASSED] - Call Test Case 'Test Cases/AHI/_include/get_screenshot' successfully

2020-05-28 08:21:37 - [TEST_STEP][PASSED] - sendKeys(findTestObject("mobileSanity/Cancer Insurance/zip"), "35216"): Keys '35216' sent to object: 'Object Repository/mobileSanity/Cancer Insurance/zip'

2020-05-28 08:21:37 - [MESSAGE][PASSED] - Keys '35216' sent to object: 'Object Repository/mobileSanity/Cancer Insurance/zip'

2020-05-28 08:21:37 - [TEST_STEP][PASSED] - sendKeys(findTestObject("mobileSanity/Cancer Insurance/dob-0"), "01/01/1990"): Keys '01/01/1990' sent to object: 'Object Repository/mobileSanity/Cancer Insurance/dob-0'

2020-05-28 08:21:38 - [MESSAGE][PASSED] - Keys '01/01/1990' sent to object: 'Object Repository/mobileSanity/Cancer Insurance/dob-0'

2020-05-28 08:21:38 - [TEST_STEP][PASSED] - Thread.sleep(2000): null

2020-05-28 08:21:40 - [TEST_STEP][PASSED] - selenium.click("//label[@for='gender-m-0']"): null

2020-05-28 08:21:40 - [TEST_STEP][PASSED] - Thread.sleep(3000): null

2020-05-28 08:21:43 - [TEST_STEP][PASSED] - selenium.click("id=js-see-plans"): null

2020-05-28 08:21:44 - [TEST_STEP][PASSED] - for ([second = 0, second < 20, (second++)]): null

2020-05-28 08:21:44 - [TEST_STEP][PASSED] - try: null

2020-05-28 08:21:44 - [TEST_STEP][PASSED] - if (selenium.isElementPresent("xpath=//h1[contains(text(),'3 Cancer Insurance Policies Found')]")): null

2020-05-28 08:21:45 - [TEST_STEP][PASSED] - Thread.sleep(1000): null

2020-05-28 08:21:46 - [TEST_STEP][PASSED] - try: null

2020-05-28 08:21:46 - [TEST_STEP][PASSED] - if (selenium.isElementPresent("xpath=//h1[contains(text(),'3 Cancer Insurance Policies Found')]")): null

2020-05-28 08:21:46 - [TEST_STEP][PASSED] - Thread.sleep(1000): null

2020-05-28 08:21:47 - [TEST_STEP][PASSED] - try: null

2020-05-28 08:21:47 - [TEST_STEP][PASSED] - if (selenium.isElementPresent("xpath=//h1[contains(text(),'3 Cancer Insurance Policies Found')]")): null

2020-05-28 08:21:47 - [TEST_STEP][PASSED] - Thread.sleep(1000): null

2020-05-28 08:21:48 - [TEST_STEP][PASSED] - try: null

2020-05-28 08:21:48 - [TEST_STEP][PASSED] - if (selenium.isElementPresent("xpath=//h1[contains(text(),'3 Cancer Insurance Policies Found')]")): null

2020-05-28 08:21:48 - [TEST_STEP][PASSED] - Thread.sleep(1000): null

2020-05-28 08:21:49 - [TEST_STEP][PASSED] - try: null

2020-05-28 08:21:49 - [TEST_STEP][PASSED] - if (selenium.isElementPresent("xpath=//h1[contains(text(),'3 Cancer Insurance Policies Found')]")): null

2020-05-28 08:21:49 - [TEST_STEP][PASSED] - Thread.sleep(1000): null

2020-05-28 08:21:50 - [TEST_STEP][PASSED] - try: null

2020-05-28 08:21:50 - [TEST_STEP][PASSED] - if (selenium.isElementPresent("xpath=//h1[contains(text(),'3 Cancer Insurance Policies Found')]")): null

2020-05-28 08:21:50 - [TEST_STEP][PASSED] - Thread.sleep(1000): null

2020-05-28 08:21:51 - [TEST_STEP][PASSED] - try: null

2020-05-28 08:21:51 - [TEST_STEP][PASSED] - if (selenium.isElementPresent("xpath=//h1[contains(text(),'3 Cancer Insurance Policies Found')]")): null

2020-05-28 08:21:51 - [TEST_STEP][PASSED] - Thread.sleep(1000): null

2020-05-28 08:21:52 - [TEST_STEP][PASSED] - try: null

2020-05-28 08:21:52 - [TEST_STEP][PASSED] - if (selenium.isElementPresent("xpath=//h1[contains(text(),'3 Cancer Insurance Policies Found')]")): null

2020-05-28 08:21:52 - [TEST_STEP][PASSED] - Thread.sleep(1000): null

2020-05-28 08:21:53 - [TEST_STEP][PASSED] - try: null

2020-05-28 08:21:53 - [TEST_STEP][PASSED] - if (selenium.isElementPresent("xpath=//h1[contains(text(),'3 Cancer Insurance Policies Found')]")): null

2020-05-28 08:21:53 - [TEST_STEP][PASSED] - Thread.sleep(1000): null

2020-05-28 08:21:54 - [TEST_STEP][PASSED] - try: null

2020-05-28 08:21:54 - [TEST_STEP][PASSED] - if (selenium.isElementPresent("xpath=//h1[contains(text(),'3 Cancer Insurance Policies Found')]")): null

2020-05-28 08:21:54 - [TEST_STEP][PASSED] - Thread.sleep(1000): null

2020-05-28 08:21:55 - [TEST_STEP][PASSED] - try: null

2020-05-28 08:21:55 - [TEST_STEP][PASSED] - if (selenium.isElementPresent("xpath=//h1[contains(text(),'3 Cancer Insurance Policies Found')]")): null

2020-05-28 08:21:55 - [TEST_STEP][PASSED] - Thread.sleep(1000): null

2020-05-28 08:21:56 - [TEST_STEP][PASSED] - try: null

2020-05-28 08:21:56 - [TEST_STEP][PASSED] - if (selenium.isElementPresent("xpath=//h1[contains(text(),'3 Cancer Insurance Policies Found')]")): null

2020-05-28 08:21:56 - [TEST_STEP][PASSED] - Thread.sleep(1000): null

2020-05-28 08:21:57 - [TEST_STEP][PASSED] - try: null

2020-05-28 08:21:57 - [TEST_STEP][PASSED] - if (selenium.isElementPresent("xpath=//h1[contains(text(),'3 Cancer Insurance Policies Found')]")): null

2020-05-28 08:21:57 - [TEST_STEP][PASSED] - Thread.sleep(1000): null

2020-05-28 08:21:58 - [TEST_STEP][PASSED] - try: null

2020-05-28 08:21:58 - [TEST_STEP][PASSED] - if (selenium.isElementPresent("xpath=//h1[contains(text(),'3 Cancer Insurance Policies Found')]")): null

2020-05-28 08:21:59 - [TEST_STEP][PASSED] - Thread.sleep(1000): null

2020-05-28 08:22:00 - [TEST_STEP][PASSED] - try: null

2020-05-28 08:22:00 - [TEST_STEP][PASSED] - if (selenium.isElementPresent("xpath=//h1[contains(text(),'3 Cancer Insurance Policies Found')]")): null

2020-05-28 08:22:00 - [TEST_STEP][PASSED] - Thread.sleep(1000): null

2020-05-28 08:22:01 - [TEST_STEP][PASSED] - try: null

2020-05-28 08:22:01 - [TEST_STEP][PASSED] - if (selenium.isElementPresent("xpath=//h1[contains(text(),'3 Cancer Insurance Policies Found')]")): null

2020-05-28 08:22:01 - [TEST_STEP][PASSED] - Thread.sleep(1000): null

2020-05-28 08:22:02 - [TEST_STEP][PASSED] - try: null

2020-05-28 08:22:02 - [TEST_STEP][PASSED] - if (selenium.isElementPresent("xpath=//h1[contains(text(),'3 Cancer Insurance Policies Found')]")): null

2020-05-28 08:22:02 - [TEST_STEP][PASSED] - Thread.sleep(1000): null

2020-05-28 08:22:03 - [TEST_STEP][PASSED] - try: null

2020-05-28 08:22:03 - [TEST_STEP][PASSED] - if (selenium.isElementPresent("xpath=//h1[contains(text(),'3 Cancer Insurance Policies Found')]")): null

2020-05-28 08:22:03 - [TEST_STEP][PASSED] - Thread.sleep(1000): null

2020-05-28 08:22:04 - [TEST_STEP][PASSED] - try: null

2020-05-28 08:22:04 - [TEST_STEP][PASSED] - if (selenium.isElementPresent("xpath=//h1[contains(text(),'3 Cancer Insurance Policies Found')]")): null

2020-05-28 08:22:04 - [TEST_STEP][PASSED] - Thread.sleep(1000): null

2020-05-28 08:22:05 - [TEST_STEP][PASSED] - try: null

2020-05-28 08:22:05 - [TEST_STEP][PASSED] - if (selenium.isElementPresent("xpath=//h1[contains(text(),'3 Cancer Insurance Policies Found')]")): null

2020-05-28 08:22:05 - [TEST_STEP][PASSED] - Thread.sleep(1000): null

2020-05-28 08:22:06 - [TEST_STEP][PASSED] - callTestCase(findTestCase("AHI/_include/get_screenshot"), [:], STOP_ON_FAILURE): Call Test Case 'Test Cases/AHI/_include/get_screenshot' successfully

2020-05-28 08:22:06 - [TEST_CASE][PASSED] - Test Cases/AHI/_include/get_screenshot: Test Cases/AHI/_include/get_screenshot

2020-05-28 08:22:06 - [TEST_STEP][PASSED] - Thread.sleep(1000): null

2020-05-28 08:22:07 - [TEST_STEP][PASSED] - takeScreenshot(screenPath + i + ".png"): Taking screenshot successfully

2020-05-28 08:22:08 - [MESSAGE][PASSED] - Taking screenshot successfully
[[ATTACHMENT|D:\\Test\\AgileTest\\Reports\\AHI\\ahi\\20200528_080044\\../Screenshots/iPhone 6/AHI/Cancer Insurance/20200528_082121/2.png]]

2020-05-28 08:22:08 - [TEST_STEP][PASSED] - (internal.GlobalVariable.i++): null

2020-05-28 08:22:08 - [MESSAGE][PASSED] - Call Test Case 'Test Cases/AHI/_include/get_screenshot' successfully

2020-05-28 08:22:08 - [TEST_STEP][PASSED] - selenium.click("xpath=(//a[contains(text(),'Option 1')])[1]"): null

2020-05-28 08:22:10 - [TEST_STEP][PASSED] - for ([second = 0, second < 20, (second++)]): null

2020-05-28 08:22:10 - [TEST_STEP][PASSED] - try: null

2020-05-28 08:22:10 - [TEST_STEP][PASSED] - if (selenium.isElementPresent("id=plan-details-primary-apply")): null

2020-05-28 08:22:12 - [TEST_STEP][PASSED] - break: null

2020-05-28 08:22:12 - [TEST_STEP][PASSED] - callTestCase(findTestCase("AHI/_include/get_screenshot"), [:], STOP_ON_FAILURE): Call Test Case 'Test Cases/AHI/_include/get_screenshot' successfully

2020-05-28 08:22:12 - [TEST_CASE][PASSED] - Test Cases/AHI/_include/get_screenshot: Test Cases/AHI/_include/get_screenshot

2020-05-28 08:22:12 - [TEST_STEP][PASSED] - Thread.sleep(1000): null

2020-05-28 08:22:13 - [TEST_STEP][PASSED] - takeScreenshot(screenPath + i + ".png"): Taking screenshot successfully

2020-05-28 08:22:14 - [MESSAGE][PASSED] - Taking screenshot successfully
[[ATTACHMENT|D:\\Test\\AgileTest\\Reports\\AHI\\ahi\\20200528_080044\\../Screenshots/iPhone 6/AHI/Cancer Insurance/20200528_082121/3.png]]

2020-05-28 08:22:14 - [TEST_STEP][PASSED] - (internal.GlobalVariable.i++): null

2020-05-28 08:22:14 - [MESSAGE][PASSED] - Call Test Case 'Test Cases/AHI/_include/get_screenshot' successfully

2020-05-28 08:22:14 - [TEST_STEP][PASSED] - selenium.click("id=plan-details-primary-apply"): null

2020-05-28 08:22:14 - [TEST_STEP][PASSED] - for ([second = 0, second < 20, (second++)]): null

2020-05-28 08:22:14 - [TEST_STEP][PASSED] - try: null

2020-05-28 08:22:14 - [TEST_STEP][PASSED] - if (selenium.isElementPresent("id=applyButton")): null

2020-05-28 08:22:15 - [TEST_STEP][PASSED] - break: null

2020-05-28 08:22:15 - [TEST_STEP][PASSED] - callTestCase(findTestCase("AHI/_include/get_screenshot"), [:], STOP_ON_FAILURE): Call Test Case 'Test Cases/AHI/_include/get_screenshot' successfully

2020-05-28 08:22:15 - [TEST_CASE][PASSED] - Test Cases/AHI/_include/get_screenshot: Test Cases/AHI/_include/get_screenshot

2020-05-28 08:22:15 - [TEST_STEP][PASSED] - Thread.sleep(1000): null

2020-05-28 08:22:16 - [TEST_STEP][PASSED] - takeScreenshot(screenPath + i + ".png"): Taking screenshot successfully

2020-05-28 08:22:16 - [MESSAGE][PASSED] - Taking screenshot successfully
[[ATTACHMENT|D:\\Test\\AgileTest\\Reports\\AHI\\ahi\\20200528_080044\\../Screenshots/iPhone 6/AHI/Cancer Insurance/20200528_082121/4.png]]

2020-05-28 08:22:16 - [TEST_STEP][PASSED] - (internal.GlobalVariable.i++): null

2020-05-28 08:22:16 - [MESSAGE][PASSED] - Call Test Case 'Test Cases/AHI/_include/get_screenshot' successfully

2020-05-28 08:22:16 - [TEST_STEP][PASSED] - selenium.click("id=applyButton"): null

2020-05-28 08:22:17 - [TEST_STEP][PASSED] - for ([second = 0, second < 20, (second++)]): null

2020-05-28 08:22:17 - [TEST_STEP][PASSED] - try: null

2020-05-28 08:22:17 - [TEST_STEP][PASSED] - if (selenium.isElementPresent("id=member-P-1-firstName")): null

2020-05-28 08:22:17 - [TEST_STEP][PASSED] - Thread.sleep(1000): null

2020-05-28 08:22:18 - [TEST_STEP][PASSED] - try: null

2020-05-28 08:22:18 - [TEST_STEP][PASSED] - if (selenium.isElementPresent("id=member-P-1-firstName")): null

2020-05-28 08:22:19 - [TEST_STEP][PASSED] - break: null

2020-05-28 08:22:19 - [TEST_STEP][PASSED] - callTestCase(findTestCase("AHI/_include/get_screenshot"), [:], STOP_ON_FAILURE): Call Test Case 'Test Cases/AHI/_include/get_screenshot' successfully

2020-05-28 08:22:19 - [TEST_CASE][PASSED] - Test Cases/AHI/_include/get_screenshot: Test Cases/AHI/_include/get_screenshot

2020-05-28 08:22:19 - [TEST_STEP][PASSED] - Thread.sleep(1000): null

2020-05-28 08:22:20 - [TEST_STEP][PASSED] - takeScreenshot(screenPath + i + ".png"): Taking screenshot successfully

2020-05-28 08:22:20 - [MESSAGE][PASSED] - Taking screenshot successfully
[[ATTACHMENT|D:\\Test\\AgileTest\\Reports\\AHI\\ahi\\20200528_080044\\../Screenshots/iPhone 6/AHI/Cancer Insurance/20200528_082121/5.png]]

2020-05-28 08:22:20 - [TEST_STEP][PASSED] - (internal.GlobalVariable.i++): null

2020-05-28 08:22:20 - [MESSAGE][PASSED] - Call Test Case 'Test Cases/AHI/_include/get_screenshot' successfully

2020-05-28 08:22:20 - [TEST_STEP][PASSED] - callTestCase(findTestCase("AHI/_include/name"), [:], STOP_ON_FAILURE): Call Test Case 'Test Cases/AHI/_include/name' successfully

2020-05-28 08:22:20 - [TEST_CASE][PASSED] - Test Cases/AHI/_include/name: Test Cases/AHI/_include/name

2020-05-28 08:22:20 - [TEST_STEP][PASSED] - driver = getWebDriver(): null

2020-05-28 08:22:20 - [TEST_STEP][PASSED] - selenium = new com.thoughtworks.selenium.webdriven.WebDriverBackedSelenium(driver, internal.GlobalVariable.ENV): null

2020-05-28 08:22:20 - [TEST_STEP][PASSED] - FirstName = "Test-123": null

2020-05-28 08:22:20 - [TEST_STEP][PASSED] - LastName = selenium.getEval("{var x="ABCDEFGHIJKLMNOPQRSTUVWXYZabcdefghijklmnopqrstuvwxyz"; var tmp="ZZ11-"; for (i=0;i<8;i++) tmp+=x.charAt(Math.ceil(51*Math.random()));tmp;}"): null

2020-05-28 08:22:20 - [TEST_STEP][PASSED] - Address = selenium.getEval("{var x="ABCDEFGHIJKLMNOPQRSTUVWXYZabcdefghijklmnopqrstuvwxyz"; var tmp=""; for (i=0;i<8;i++) tmp+=x.charAt(Math.ceil(51*Math.random()));tmp;}"): null

2020-05-28 08:22:20 - [TEST_STEP][PASSED] - City = selenium.getEval("{var x="ABCDEFGHIJKLMNOPQRSTUVWXYZabcdefghijklmnopqrstuvwxyz"; var tmp=""; for (i=0;i<8;i++) tmp+=x.charAt(Math.ceil(51*Math.random()));tmp;}"): null

2020-05-28 08:22:20 - [TEST_STEP][PASSED] - tel1 = selenium.getEval("{var x="123456789"; var tmp=""; for (i=0;i<3;i++) tmp+=x.charAt(Math.ceil(8*Math.random()));tmp;}"): null

2020-05-28 08:22:20 - [TEST_STEP][PASSED] - tel2 = selenium.getEval("{var x="123456789"; var tmp=""; for (i=0;i<3;i++) tmp+=x.charAt(Math.ceil(8*Math.random()));tmp;}"): null

2020-05-28 08:22:20 - [TEST_STEP][PASSED] - tel3 = selenium.getEval("{var x="123456789"; var tmp=""; for (i=0;i<4;i++) tmp+=x.charAt(Math.ceil(8*Math.random()));tmp;}"): null

2020-05-28 08:22:20 - [TEST_STEP][PASSED] - Tel = selenium.getExpression(tel1 + "-" + tel2 + "-" + tel3): null

2020-05-28 08:22:20 - [TEST_STEP][PASSED] - AutoEmail = selenium.getEval("{var x="ABCDEFGHIJKLMNOPQRSTUVWXYZabcdefghijklmnopqrstuvwxyz"; var tmp="test."; for (i=0;i<8;i++) tmp+=x.charAt(Math.ceil(51*Math.random()));tmp+="@suryani.cn";}"): null

2020-05-28 08:22:20 - [TEST_STEP][PASSED] - FirstName = FirstName: null

2020-05-28 08:22:20 - [TEST_STEP][PASSED] - LastName = LastName: null

2020-05-28 08:22:20 - [TEST_STEP][PASSED] - Address = Address: null

2020-05-28 08:22:20 - [TEST_STEP][PASSED] - City = City: null

2020-05-28 08:22:20 - [TEST_STEP][PASSED] - Tel = Tel: null

2020-05-28 08:22:20 - [TEST_STEP][PASSED] - AutoEmail = AutoEmail: null

2020-05-28 08:22:20 - [TEST_STEP][PASSED] - println(FirstName): null

2020-05-28 08:22:20 - [TEST_STEP][PASSED] - println(LastName): null

2020-05-28 08:22:20 - [TEST_STEP][PASSED] - println(Address): null

2020-05-28 08:22:20 - [TEST_STEP][PASSED] - println(City): null

2020-05-28 08:22:20 - [TEST_STEP][PASSED] - println(Tel): null

2020-05-28 08:22:20 - [TEST_STEP][PASSED] - println(AutoEmail): null

2020-05-28 08:22:20 - [MESSAGE][PASSED] - Call Test Case 'Test Cases/AHI/_include/name' successfully

2020-05-28 08:22:20 - [TEST_STEP][PASSED] - selenium.type("id=member-P-1-firstName", FirstName): null

2020-05-28 08:22:21 - [TEST_STEP][PASSED] - selenium.type("id=member-P-1-lastName", LastName): null

2020-05-28 08:22:21 - [TEST_STEP][PASSED] - selenium.type("id=address", Address): null

2020-05-28 08:22:21 - [TEST_STEP][PASSED] - selenium.type("id=city", City): null

2020-05-28 08:22:21 - [TEST_STEP][PASSED] - selenium.type("id=email", AutoEmail): null

2020-05-28 08:22:21 - [TEST_STEP][PASSED] - selenium.type("id=primaryPhone", Tel): null

2020-05-28 08:22:21 - [TEST_STEP][PASSED] - selenium.click("id=js-app-continue-link"): null

2020-05-28 08:22:22 - [TEST_STEP][PASSED] - for ([second = 0, second < 20, (second++)]): null

2020-05-28 08:22:22 - [TEST_STEP][PASSED] - try: null

2020-05-28 08:22:22 - [TEST_STEP][PASSED] - if (selenium.isElementPresent("xpath=(//*[@class='js-question js-app-page-medical-question-wrapper'])[1]/div/button[1]")): null

2020-05-28 08:22:22 - [TEST_STEP][PASSED] - Thread.sleep(1000): null

2020-05-28 08:22:23 - [TEST_STEP][PASSED] - try: null

2020-05-28 08:22:23 - [TEST_STEP][PASSED] - if (selenium.isElementPresent("xpath=(//*[@class='js-question js-app-page-medical-question-wrapper'])[1]/div/button[1]")): null

2020-05-28 08:22:23 - [TEST_STEP][PASSED] - break: null

2020-05-28 08:22:23 - [TEST_STEP][PASSED] - callTestCase(findTestCase("AHI/_include/get_screenshot"), [:], STOP_ON_FAILURE): Call Test Case 'Test Cases/AHI/_include/get_screenshot' successfully

2020-05-28 08:22:23 - [TEST_CASE][PASSED] - Test Cases/AHI/_include/get_screenshot: Test Cases/AHI/_include/get_screenshot

2020-05-28 08:22:23 - [TEST_STEP][PASSED] - Thread.sleep(1000): null

2020-05-28 08:22:24 - [TEST_STEP][PASSED] - takeScreenshot(screenPath + i + ".png"): Taking screenshot successfully

2020-05-28 08:22:24 - [MESSAGE][PASSED] - Taking screenshot successfully
[[ATTACHMENT|D:\\Test\\AgileTest\\Reports\\AHI\\ahi\\20200528_080044\\../Screenshots/iPhone 6/AHI/Cancer Insurance/20200528_082121/6.png]]

2020-05-28 08:22:24 - [TEST_STEP][PASSED] - (internal.GlobalVariable.i++): null

2020-05-28 08:22:24 - [MESSAGE][PASSED] - Call Test Case 'Test Cases/AHI/_include/get_screenshot' successfully

2020-05-28 08:22:24 - [TEST_STEP][PASSED] - for ([i = 1, i < 12, (i++)]): null

2020-05-28 08:22:24 - [TEST_STEP][PASSED] - selenium.click("xpath=(//*[@class='js-question js-app-page-medical-question-wrapper'])[" + i + "]/div/button[1]"): null

2020-05-28 08:22:25 - [TEST_STEP][PASSED] - selenium.click("xpath=(//*[@class='js-question js-app-page-medical-question-wrapper'])[" + i + "]/div/button[1]"): null

2020-05-28 08:22:26 - [TEST_STEP][PASSED] - selenium.click("xpath=(//*[@class='js-question js-app-page-medical-question-wrapper'])[" + i + "]/div/button[1]"): null

2020-05-28 08:22:27 - [TEST_STEP][PASSED] - selenium.click("xpath=(//*[@class='js-question js-app-page-medical-question-wrapper'])[" + i + "]/div/button[1]"): null

2020-05-28 08:22:28 - [TEST_STEP][PASSED] - selenium.click("xpath=(//*[@class='js-question js-app-page-medical-question-wrapper'])[" + i + "]/div/button[1]"): null

2020-05-28 08:22:29 - [TEST_STEP][PASSED] - selenium.click("xpath=(//*[@class='js-question js-app-page-medical-question-wrapper'])[" + i + "]/div/button[1]"): null

2020-05-28 08:22:30 - [TEST_STEP][PASSED] - selenium.click("xpath=(//*[@class='js-question js-app-page-medical-question-wrapper'])[" + i + "]/div/button[1]"): null

2020-05-28 08:22:32 - [TEST_STEP][PASSED] - selenium.click("xpath=(//*[@class='js-question js-app-page-medical-question-wrapper'])[" + i + "]/div/button[1]"): null

2020-05-28 08:22:32 - [TEST_STEP][PASSED] - selenium.click("xpath=(//*[@class='js-question js-app-page-medical-question-wrapper'])[" + i + "]/div/button[1]"): null

2020-05-28 08:22:34 - [TEST_STEP][PASSED] - selenium.click("xpath=(//*[@class='js-question js-app-page-medical-question-wrapper'])[" + i + "]/div/button[1]"): null

2020-05-28 08:22:35 - [TEST_STEP][PASSED] - selenium.click("xpath=(//*[@class='js-question js-app-page-medical-question-wrapper'])[" + i + "]/div/button[1]"): null

2020-05-28 08:22:37 - [TEST_STEP][PASSED] - selenium.click("id=js-app-continue-link"): null

2020-05-28 08:22:43 - [TEST_STEP][PASSED] - for ([second = 0, second < 20, (second++)]): null

2020-05-28 08:22:43 - [TEST_STEP][PASSED] - try: null

2020-05-28 08:22:43 - [TEST_STEP][PASSED] - if (selenium.isElementPresent("id=credit-card-number")): null

2020-05-28 08:22:44 - [TEST_STEP][PASSED] - break: null

2020-05-28 08:22:44 - [TEST_STEP][PASSED] - callTestCase(findTestCase("AHI/_include/get_screenshot"), [:], STOP_ON_FAILURE): Call Test Case 'Test Cases/AHI/_include/get_screenshot' successfully

2020-05-28 08:22:44 - [TEST_CASE][PASSED] - Test Cases/AHI/_include/get_screenshot: Test Cases/AHI/_include/get_screenshot

2020-05-28 08:22:44 - [TEST_STEP][PASSED] - Thread.sleep(1000): null

2020-05-28 08:22:45 - [TEST_STEP][PASSED] - takeScreenshot(screenPath + i + ".png"): Taking screenshot successfully

2020-05-28 08:22:46 - [MESSAGE][PASSED] - Taking screenshot successfully
[[ATTACHMENT|D:\\Test\\AgileTest\\Reports\\AHI\\ahi\\20200528_080044\\../Screenshots/iPhone 6/AHI/Cancer Insurance/20200528_082121/7.png]]

2020-05-28 08:22:46 - [TEST_STEP][PASSED] - (internal.GlobalVariable.i++): null

2020-05-28 08:22:46 - [MESSAGE][PASSED] - Call Test Case 'Test Cases/AHI/_include/get_screenshot' successfully

2020-05-28 08:22:46 - [TEST_STEP][PASSED] - selenium.type("id=credit-card-number", "4111123123123123"): null

2020-05-28 08:22:47 - [TEST_STEP][PASSED] - selenium.type("id=credit-card-first", "test"): null

2020-05-28 08:22:48 - [TEST_STEP][PASSED] - selenium.type("id=credit-card-last", "test"): null

2020-05-28 08:22:49 - [TEST_STEP][PASSED] - selenium.select("id=expiration-month", "12"): null

2020-05-28 08:22:51 - [TEST_STEP][PASSED] - selenium.select("id=expiration-year", "2026"): null

2020-05-28 08:22:51 - [TEST_STEP][PASSED] - selenium.type("id=credit-card-cvv", "123"): null

2020-05-28 08:22:52 - [TEST_STEP][PASSED] - selenium.type("id=credit-card-number", "4111123123123123"): null

2020-05-28 08:22:52 - [TEST_STEP][PASSED] - selenium.click("id=js-same-billing"): null

2020-05-28 08:22:53 - [TEST_STEP][PASSED] - selenium.click("id=credit-payment-authorization"): null

2020-05-28 08:22:54 - [TEST_STEP][PASSED] - selenium.click("id=js-app-continue-link"): null

2020-05-28 08:22:57 - [TEST_STEP][PASSED] - for ([second = 0, second < 20, (second++)]): null

2020-05-28 08:22:57 - [TEST_STEP][PASSED] - try: null

2020-05-28 08:22:57 - [TEST_STEP][PASSED] - if (selenium.isElementPresent("id=consent-checkbox-0")): null

2020-05-28 08:22:58 - [TEST_STEP][PASSED] - break: null

2020-05-28 08:22:58 - [TEST_STEP][PASSED] - callTestCase(findTestCase("AHI/_include/get_screenshot"), [:], STOP_ON_FAILURE): Call Test Case 'Test Cases/AHI/_include/get_screenshot' successfully

2020-05-28 08:22:58 - [TEST_CASE][PASSED] - Test Cases/AHI/_include/get_screenshot: Test Cases/AHI/_include/get_screenshot

2020-05-28 08:22:59 - [TEST_STEP][PASSED] - Thread.sleep(1000): null

2020-05-28 08:23:00 - [TEST_STEP][PASSED] - takeScreenshot(screenPath + i + ".png"): Taking screenshot successfully

2020-05-28 08:23:01 - [MESSAGE][PASSED] - Taking screenshot successfully
[[ATTACHMENT|D:\\Test\\AgileTest\\Reports\\AHI\\ahi\\20200528_080044\\../Screenshots/iPhone 6/AHI/Cancer Insurance/20200528_082121/8.png]]

2020-05-28 08:23:01 - [TEST_STEP][PASSED] - (internal.GlobalVariable.i++): null

2020-05-28 08:23:01 - [MESSAGE][PASSED] - Call Test Case 'Test Cases/AHI/_include/get_screenshot' successfully

2020-05-28 08:23:01 - [TEST_STEP][PASSED] - selenium.click("id=consent-checkbox-0"): null

2020-05-28 08:23:02 - [TEST_STEP][PASSED] - selenium.click("id=js-signature-tab"): null

2020-05-28 08:23:03 - [TEST_STEP][PASSED] - selenium.click("id=js-app-continue-link"): null

2020-05-28 08:23:04 - [TEST_STEP][PASSED] - for ([second = 0, second < 30, (second++)]): null

2020-05-28 08:23:04 - [TEST_STEP][PASSED] - try: null

2020-05-28 08:23:04 - [TEST_STEP][PASSED] - if (selenium.isElementPresent("xpath=//h2[contains(text(),'Thank You')]")): null

2020-05-28 08:23:04 - [TEST_STEP][PASSED] - Thread.sleep(1000): null

2020-05-28 08:23:05 - [TEST_STEP][PASSED] - try: null

2020-05-28 08:23:05 - [TEST_STEP][PASSED] - if (selenium.isElementPresent("xpath=//h2[contains(text(),'Thank You')]")): null

2020-05-28 08:23:05 - [TEST_STEP][PASSED] - Thread.sleep(1000): null

2020-05-28 08:23:06 - [TEST_STEP][PASSED] - try: null

2020-05-28 08:23:06 - [TEST_STEP][PASSED] - if (selenium.isElementPresent("xpath=//h2[contains(text(),'Thank You')]")): null

2020-05-28 08:23:06 - [TEST_STEP][PASSED] - Thread.sleep(1000): null

2020-05-28 08:23:07 - [TEST_STEP][PASSED] - try: null

2020-05-28 08:23:07 - [TEST_STEP][PASSED] - if (selenium.isElementPresent("xpath=//h2[contains(text(),'Thank You')]")): null

2020-05-28 08:23:08 - [TEST_STEP][PASSED] - Thread.sleep(1000): null

2020-05-28 08:23:09 - [TEST_STEP][PASSED] - try: null

2020-05-28 08:23:09 - [TEST_STEP][PASSED] - if (selenium.isElementPresent("xpath=//h2[contains(text(),'Thank You')]")): null

2020-05-28 08:23:09 - [TEST_STEP][PASSED] - Thread.sleep(1000): null

2020-05-28 08:23:10 - [TEST_STEP][PASSED] - try: null

2020-05-28 08:23:10 - [TEST_STEP][PASSED] - if (selenium.isElementPresent("xpath=//h2[contains(text(),'Thank You')]")): null

2020-05-28 08:23:10 - [TEST_STEP][PASSED] - Thread.sleep(1000): null

2020-05-28 08:23:11 - [TEST_STEP][PASSED] - try: null

2020-05-28 08:23:11 - [TEST_STEP][PASSED] - if (selenium.isElementPresent("xpath=//h2[contains(text(),'Thank You')]")): null

2020-05-28 08:23:11 - [TEST_STEP][PASSED] - Thread.sleep(1000): null

2020-05-28 08:23:12 - [TEST_STEP][PASSED] - try: null

2020-05-28 08:23:12 - [TEST_STEP][PASSED] - if (selenium.isElementPresent("xpath=//h2[contains(text(),'Thank You')]")): null

2020-05-28 08:23:12 - [TEST_STEP][PASSED] - Thread.sleep(1000): null

2020-05-28 08:23:13 - [TEST_STEP][PASSED] - try: null

2020-05-28 08:23:13 - [TEST_STEP][PASSED] - if (selenium.isElementPresent("xpath=//h2[contains(text(),'Thank You')]")): null

2020-05-28 08:23:14 - [TEST_STEP][PASSED] - Thread.sleep(1000): null

2020-05-28 08:23:15 - [TEST_STEP][PASSED] - try: null

2020-05-28 08:23:15 - [TEST_STEP][PASSED] - if (selenium.isElementPresent("xpath=//h2[contains(text(),'Thank You')]")): null

2020-05-28 08:23:15 - [TEST_STEP][PASSED] - Thread.sleep(1000): null

2020-05-28 08:23:16 - [TEST_STEP][PASSED] - try: null

2020-05-28 08:23:16 - [TEST_STEP][PASSED] - if (selenium.isElementPresent("xpath=//h2[contains(text(),'Thank You')]")): null

2020-05-28 08:23:18 - [TEST_STEP][PASSED] - Thread.sleep(1000): null

2020-05-28 08:23:19 - [TEST_STEP][PASSED] - try: null

2020-05-28 08:23:19 - [TEST_STEP][PASSED] - if (selenium.isElementPresent("xpath=//h2[contains(text(),'Thank You')]")): null

2020-05-28 08:23:19 - [TEST_STEP][PASSED] - break: null

2020-05-28 08:23:19 - [TEST_STEP][PASSED] - callTestCase(findTestCase("AHI/_include/get_screenshot"), [:], STOP_ON_FAILURE): Call Test Case 'Test Cases/AHI/_include/get_screenshot' successfully

2020-05-28 08:23:19 - [TEST_CASE][PASSED] - Test Cases/AHI/_include/get_screenshot: Test Cases/AHI/_include/get_screenshot

2020-05-28 08:23:19 - [TEST_STEP][PASSED] - Thread.sleep(1000): null

2020-05-28 08:23:20 - [TEST_STEP][PASSED] - takeScreenshot(screenPath + i + ".png"): Taking screenshot successfully

2020-05-28 08:23:21 - [MESSAGE][PASSED] - Taking screenshot successfully
[[ATTACHMENT|D:\\Test\\AgileTest\\Reports\\AHI\\ahi\\20200528_080044\\../Screenshots/iPhone 6/AHI/Cancer Insurance/20200528_082121/9.png]]

2020-05-28 08:23:21 - [TEST_STEP][PASSED] - (internal.GlobalVariable.i++): null

2020-05-28 08:23:21 - [MESSAGE][PASSED] - Call Test Case 'Test Cases/AHI/_include/get_screenshot' successfully]]></system-out>
         <system-err><![CDATA[]]></system-err>
      </testcase>
      <testcase name="Test Cases/AHI/NEW/Dental/National General" classname="Test Cases/AHI/NEW/Dental/National General" status="PASSED">
         <system-out><![CDATA[2020-05-28 08:23:22 - [TEST_CASE][PASSED] - Test Cases/AHI/NEW/Dental/National General: Test Cases/AHI/NEW/Dental/National General

2020-05-28 08:23:24 - [TEST_STEP][PASSED] - callTestCase(findTestCase("AHI/_include/get_screenPath"), ["productLine":"AHI", "carrierName":"Dental - National General"], CONTINUE_ON_FAILURE): Call Test Case 'Test Cases/AHI/_include/get_screenPath' successfully

2020-05-28 08:23:25 - [TEST_CASE][PASSED] - Test Cases/AHI/_include/get_screenPath: Test Cases/AHI/_include/get_screenPath

2020-05-28 08:23:25 - [TEST_STEP][PASSED] - m = getExecutionProperties(): null

2020-05-28 08:23:25 - [TEST_STEP][PASSED] - deviceName = get("mobileEmulation").get("deviceName"): null

2020-05-28 08:23:25 - [TEST_STEP][PASSED] - println(deviceName): null

2020-05-28 08:23:25 - [TEST_STEP][PASSED] - now = new java.util.Date(): null

2020-05-28 08:23:25 - [TEST_STEP][PASSED] - mydate = now.format("yyyyMMdd_HHmmss"): null

2020-05-28 08:23:25 - [TEST_STEP][PASSED] - screenPath = "../Screenshots/": null

2020-05-28 08:23:25 - [TEST_STEP][PASSED] - screenPath = screenPath + deviceName + "/" + productLine + "/" + carrierName + "/" + mydate + "/": null

2020-05-28 08:23:25 - [TEST_STEP][PASSED] - println(screenPath): null

2020-05-28 08:23:25 - [MESSAGE][PASSED] - Call Test Case 'Test Cases/AHI/_include/get_screenPath' successfully

2020-05-28 08:23:25 - [TEST_STEP][PASSED] - i = 0: null

2020-05-28 08:23:25 - [TEST_STEP][PASSED] - callTestCase(findTestCase("AHI/_include/openWebSite"), [:], STOP_ON_FAILURE): Call Test Case 'Test Cases/AHI/_include/openWebSite' successfully

2020-05-28 08:23:25 - [TEST_CASE][PASSED] - Test Cases/AHI/_include/openWebSite: Test Cases/AHI/_include/openWebSite

2020-05-28 08:23:25 - [TEST_STEP][PASSED] - openBrowser(env): Browser is opened with url: 'https://praetemptatus.agilehealthinsurance.com'

2020-05-28 08:23:25 - [MESSAGE][WARNING] - A browser is already opened. Closing browser and opening a new one

2020-05-28 08:23:28 - [MESSAGE][INFO] - Starting 'Chrome' driver

2020-05-28 08:23:28 - [MESSAGE][INFO] - User set preference: ['mobileEmulation', '{deviceName=iPhone 6}']

2020-05-28 08:23:28 - [MESSAGE][INFO] - User set preference: ['args', '[--incognito, --aggressive-cache-discard, --window-size=375,677, --no-sandbox, --ignore-certificate-errors]']

2020-05-28 08:24:53 - [MESSAGE][PASSED] - Browser is opened with url: 'https://praetemptatus.agilehealthinsurance.com'

2020-05-28 08:24:53 - [TEST_STEP][PASSED] - waitForPageLoad(20): Wait for page load successfully

2020-05-28 08:25:15 - [MESSAGE][PASSED] - Wait for page load successfully

2020-05-28 08:25:15 - [TEST_STEP][PASSED] - callTestCase(findTestCase("AHI/_include/get_screenshot"), [:], STOP_ON_FAILURE): Call Test Case 'Test Cases/AHI/_include/get_screenshot' successfully

2020-05-28 08:25:15 - [TEST_CASE][PASSED] - Test Cases/AHI/_include/get_screenshot: Test Cases/AHI/_include/get_screenshot

2020-05-28 08:25:16 - [TEST_STEP][PASSED] - Thread.sleep(1000): null

2020-05-28 08:25:17 - [TEST_STEP][PASSED] - takeScreenshot(screenPath + i + ".png"): Taking screenshot successfully

2020-05-28 08:25:20 - [MESSAGE][PASSED] - Taking screenshot successfully
[[ATTACHMENT|D:\\Test\\AgileTest\\Reports\\AHI\\ahi\\20200528_080044\\../Screenshots/iPhone 6/AHI/Dental - National General/20200528_082325/0.png]]

2020-05-28 08:25:20 - [TEST_STEP][PASSED] - (internal.GlobalVariable.i++): null

2020-05-28 08:25:20 - [MESSAGE][PASSED] - Call Test Case 'Test Cases/AHI/_include/get_screenshot' successfully

2020-05-28 08:25:20 - [MESSAGE][PASSED] - Call Test Case 'Test Cases/AHI/_include/openWebSite' successfully

2020-05-28 08:25:20 - [TEST_STEP][PASSED] - driver = getWebDriver(): null

2020-05-28 08:25:20 - [TEST_STEP][PASSED] - baseUrl = ENV: null

2020-05-28 08:25:20 - [TEST_STEP][PASSED] - selenium = new com.thoughtworks.selenium.webdriven.WebDriverBackedSelenium(driver, baseUrl): null

2020-05-28 08:25:21 - [TEST_STEP][PASSED] - selenium.click("//*[@class='filter-option-inner-inner']"): null

2020-05-28 08:25:23 - [TEST_STEP][PASSED] - selenium.click("id=bs-select-1-2"): null

2020-05-28 08:25:26 - [TEST_STEP][PASSED] - selenium.click("id=primaryCTA"): null

2020-05-28 08:25:34 - [TEST_STEP][PASSED] - for ([second = 0, second < 20, (second++)]): null

2020-05-28 08:25:34 - [TEST_STEP][PASSED] - try: null

2020-05-28 08:25:34 - [TEST_STEP][PASSED] - if (selenium.isElementPresent("id=zip-input")): null

2020-05-28 08:25:45 - [TEST_STEP][PASSED] - break: null

2020-05-28 08:25:45 - [TEST_STEP][PASSED] - callTestCase(findTestCase("AHI/_include/get_screenshot"), [:], STOP_ON_FAILURE): Call Test Case 'Test Cases/AHI/_include/get_screenshot' successfully

2020-05-28 08:25:45 - [TEST_CASE][PASSED] - Test Cases/AHI/_include/get_screenshot: Test Cases/AHI/_include/get_screenshot

2020-05-28 08:25:45 - [TEST_STEP][PASSED] - Thread.sleep(1000): null

2020-05-28 08:25:46 - [TEST_STEP][PASSED] - takeScreenshot(screenPath + i + ".png"): Taking screenshot successfully

2020-05-28 08:25:47 - [MESSAGE][PASSED] - Taking screenshot successfully
[[ATTACHMENT|D:\\Test\\AgileTest\\Reports\\AHI\\ahi\\20200528_080044\\../Screenshots/iPhone 6/AHI/Dental - National General/20200528_082325/1.png]]

2020-05-28 08:25:47 - [TEST_STEP][PASSED] - (internal.GlobalVariable.i++): null

2020-05-28 08:25:47 - [MESSAGE][PASSED] - Call Test Case 'Test Cases/AHI/_include/get_screenshot' successfully

2020-05-28 08:25:47 - [TEST_STEP][PASSED] - setText(findTestObject("mobileSanity/Dental/census/input_Location_zip-input"), "35215"): Text '35215' is set on object 'Object Repository/mobileSanity/Dental/census/input_Location_zip-input'

2020-05-28 08:25:50 - [MESSAGE][PASSED] - Text '35215' is set on object 'Object Repository/mobileSanity/Dental/census/input_Location_zip-input'

2020-05-28 08:25:50 - [TEST_STEP][PASSED] - setText(findTestObject("mobileSanity/Dental/census/input_Date of Birth_dob-0"), "12121980"): Text '12121980' is set on object 'Object Repository/mobileSanity/Dental/census/input_Date of Birth_dob-0'

2020-05-28 08:25:52 - [MESSAGE][PASSED] - Text '12121980' is set on object 'Object Repository/mobileSanity/Dental/census/input_Date of Birth_dob-0'

2020-05-28 08:25:52 - [TEST_STEP][PASSED] - click(findTestObject("mobileSanity/Dental/census/label_Male")): Object: 'Object Repository/mobileSanity/Dental/census/label_Male' is clicked on

2020-05-28 08:25:52 - [MESSAGE][PASSED] - Object: 'Object Repository/mobileSanity/Dental/census/label_Male' is clicked on

2020-05-28 08:25:52 - [TEST_STEP][PASSED] - selenium.click("id=js-see-plans"): null

2020-05-28 08:25:56 - [TEST_STEP][PASSED] - for ([second = 0, second < 20, (second++)]): null

2020-05-28 08:25:56 - [TEST_STEP][PASSED] - try: null

2020-05-28 08:25:56 - [TEST_STEP][PASSED] - if (selenium.isElementPresent("id=js-quote-header")): null

2020-05-28 08:25:58 - [TEST_STEP][PASSED] - break: null

2020-05-28 08:25:58 - [TEST_STEP][PASSED] - callTestCase(findTestCase("AHI/_include/get_screenshot"), [:], STOP_ON_FAILURE): Call Test Case 'Test Cases/AHI/_include/get_screenshot' successfully

2020-05-28 08:25:58 - [TEST_CASE][PASSED] - Test Cases/AHI/_include/get_screenshot: Test Cases/AHI/_include/get_screenshot

2020-05-28 08:25:58 - [TEST_STEP][PASSED] - Thread.sleep(1000): null

2020-05-28 08:25:59 - [TEST_STEP][PASSED] - takeScreenshot(screenPath + i + ".png"): Taking screenshot successfully

2020-05-28 08:26:00 - [MESSAGE][PASSED] - Taking screenshot successfully
[[ATTACHMENT|D:\\Test\\AgileTest\\Reports\\AHI\\ahi\\20200528_080044\\../Screenshots/iPhone 6/AHI/Dental - National General/20200528_082325/2.png]]

2020-05-28 08:26:00 - [TEST_STEP][PASSED] - (internal.GlobalVariable.i++): null

2020-05-28 08:26:00 - [MESSAGE][PASSED] - Call Test Case 'Test Cases/AHI/_include/get_screenshot' successfully

2020-05-28 08:26:00 - [TEST_STEP][PASSED] - click(findTestObject("mobileSanity/Dental/filter/btn_filter")): Object: 'Object Repository/mobileSanity/Dental/filter/btn_filter' is clicked on

2020-05-28 08:26:00 - [MESSAGE][PASSED] - Object: 'Object Repository/mobileSanity/Dental/filter/btn_filter' is clicked on

2020-05-28 08:26:00 - [TEST_STEP][PASSED] - waitForElementVisible(findTestObject("mobileSanity/Dental/filter/btn_company"), 10): Object 'Object Repository/mobileSanity/Dental/filter/btn_company' is visible

2020-05-28 08:26:00 - [MESSAGE][PASSED] - Object 'Object Repository/mobileSanity/Dental/filter/btn_company' is visible

2020-05-28 08:26:00 - [TEST_STEP][PASSED] - click(findTestObject("mobileSanity/Dental/filter/btn_company")): Object: 'Object Repository/mobileSanity/Dental/filter/btn_company' is clicked on

2020-05-28 08:26:00 - [MESSAGE][PASSED] - Object: 'Object Repository/mobileSanity/Dental/filter/btn_company' is clicked on

2020-05-28 08:26:00 - [TEST_STEP][PASSED] - Thread.sleep(2000): null

2020-05-28 08:26:02 - [TEST_STEP][PASSED] - click(findTestObject("mobileSanity/Dental/filter/btn_ng")): Object: 'Object Repository/mobileSanity/Dental/filter/btn_ng' is clicked on

2020-05-28 08:26:02 - [MESSAGE][PASSED] - Object: 'Object Repository/mobileSanity/Dental/filter/btn_ng' is clicked on

2020-05-28 08:26:02 - [TEST_STEP][PASSED] - waitForJQueryLoad(20, STOP_ON_FAILURE): jQuery is ready.

2020-05-28 08:26:03 - [MESSAGE][PASSED] - jQuery is ready.

2020-05-28 08:26:03 - [TEST_STEP][PASSED] - callTestCase(findTestCase("AHI/_include/get_screenshot"), [:], STOP_ON_FAILURE): Call Test Case 'Test Cases/AHI/_include/get_screenshot' successfully

2020-05-28 08:26:03 - [TEST_CASE][PASSED] - Test Cases/AHI/_include/get_screenshot: Test Cases/AHI/_include/get_screenshot

2020-05-28 08:26:03 - [TEST_STEP][PASSED] - Thread.sleep(1000): null

2020-05-28 08:26:04 - [TEST_STEP][PASSED] - takeScreenshot(screenPath + i + ".png"): Taking screenshot successfully

2020-05-28 08:26:04 - [MESSAGE][PASSED] - Taking screenshot successfully
[[ATTACHMENT|D:\\Test\\AgileTest\\Reports\\AHI\\ahi\\20200528_080044\\../Screenshots/iPhone 6/AHI/Dental - National General/20200528_082325/3.png]]

2020-05-28 08:26:04 - [TEST_STEP][PASSED] - (internal.GlobalVariable.i++): null

2020-05-28 08:26:04 - [MESSAGE][PASSED] - Call Test Case 'Test Cases/AHI/_include/get_screenshot' successfully

2020-05-28 08:26:04 - [TEST_STEP][PASSED] - click(findTestObject("mobileSanity/Dental/filter/btn_filter")): Object: 'Object Repository/mobileSanity/Dental/filter/btn_filter' is clicked on

2020-05-28 08:26:04 - [MESSAGE][PASSED] - Object: 'Object Repository/mobileSanity/Dental/filter/btn_filter' is clicked on

2020-05-28 08:26:04 - [TEST_STEP][PASSED] - Thread.sleep(2000): null

2020-05-28 08:26:06 - [TEST_STEP][PASSED] - scrollToPosition(0, 600): Browser is scrolled to position x = 0, y = 600

2020-05-28 08:26:06 - [MESSAGE][PASSED] - Browser is scrolled to position x = 0, y = 600

2020-05-28 08:26:06 - [TEST_STEP][PASSED] - Thread.sleep(2000): null

2020-05-28 08:26:08 - [TEST_STEP][PASSED] - click(findTestObject("mobileSanity/Dental/quote/a_Select This Plan")): Object: 'Object Repository/mobileSanity/Dental/quote/a_Select This Plan' is clicked on

2020-05-28 08:26:09 - [MESSAGE][PASSED] - Object: 'Object Repository/mobileSanity/Dental/quote/a_Select This Plan' is clicked on

2020-05-28 08:26:09 - [TEST_STEP][PASSED] - waitForPageLoad(10): Wait for page load successfully

2020-05-28 08:26:09 - [MESSAGE][PASSED] - Wait for page load successfully

2020-05-28 08:26:09 - [TEST_STEP][PASSED] - callTestCase(findTestCase("AHI/_include/get_screenshot"), [:], STOP_ON_FAILURE): Call Test Case 'Test Cases/AHI/_include/get_screenshot' successfully

2020-05-28 08:26:09 - [TEST_CASE][PASSED] - Test Cases/AHI/_include/get_screenshot: Test Cases/AHI/_include/get_screenshot

2020-05-28 08:26:09 - [TEST_STEP][PASSED] - Thread.sleep(1000): null

2020-05-28 08:26:10 - [TEST_STEP][PASSED] - takeScreenshot(screenPath + i + ".png"): Taking screenshot successfully

2020-05-28 08:26:11 - [MESSAGE][PASSED] - Taking screenshot successfully
[[ATTACHMENT|D:\\Test\\AgileTest\\Reports\\AHI\\ahi\\20200528_080044\\../Screenshots/iPhone 6/AHI/Dental - National General/20200528_082325/4.png]]

2020-05-28 08:26:11 - [TEST_STEP][PASSED] - (internal.GlobalVariable.i++): null

2020-05-28 08:26:11 - [MESSAGE][PASSED] - Call Test Case 'Test Cases/AHI/_include/get_screenshot' successfully

2020-05-28 08:26:11 - [TEST_STEP][PASSED] - Thread.sleep(3000): null

2020-05-28 08:26:14 - [TEST_STEP][PASSED] - click(findTestObject("mobileSanity/Dental/apply/span_Start Secure Application")): Object: 'Object Repository/mobileSanity/Dental/apply/span_Start Secure Application' is clicked on

2020-05-28 08:26:14 - [MESSAGE][PASSED] - Object: 'Object Repository/mobileSanity/Dental/apply/span_Start Secure Application' is clicked on

2020-05-28 08:26:14 - [TEST_STEP][PASSED] - for ([second = 0, second < 20, (second++)]): null

2020-05-28 08:26:14 - [TEST_STEP][PASSED] - try: null

2020-05-28 08:26:14 - [TEST_STEP][PASSED] - if (selenium.isElementPresent("id=member-P-1-firstName")): null

2020-05-28 08:26:15 - [TEST_STEP][PASSED] - Thread.sleep(1000): null

2020-05-28 08:26:16 - [TEST_STEP][PASSED] - try: null

2020-05-28 08:26:16 - [TEST_STEP][PASSED] - if (selenium.isElementPresent("id=member-P-1-firstName")): null

2020-05-28 08:26:16 - [TEST_STEP][PASSED] - break: null

2020-05-28 08:26:16 - [TEST_STEP][PASSED] - callTestCase(findTestCase("AHI/_include/get_screenshot"), [:], STOP_ON_FAILURE): Call Test Case 'Test Cases/AHI/_include/get_screenshot' successfully

2020-05-28 08:26:16 - [TEST_CASE][PASSED] - Test Cases/AHI/_include/get_screenshot: Test Cases/AHI/_include/get_screenshot

2020-05-28 08:26:16 - [TEST_STEP][PASSED] - Thread.sleep(1000): null

2020-05-28 08:26:17 - [TEST_STEP][PASSED] - takeScreenshot(screenPath + i + ".png"): Taking screenshot successfully

2020-05-28 08:26:17 - [MESSAGE][PASSED] - Taking screenshot successfully
[[ATTACHMENT|D:\\Test\\AgileTest\\Reports\\AHI\\ahi\\20200528_080044\\../Screenshots/iPhone 6/AHI/Dental - National General/20200528_082325/5.png]]

2020-05-28 08:26:17 - [TEST_STEP][PASSED] - (internal.GlobalVariable.i++): null

2020-05-28 08:26:17 - [MESSAGE][PASSED] - Call Test Case 'Test Cases/AHI/_include/get_screenshot' successfully

2020-05-28 08:26:17 - [TEST_STEP][PASSED] - callTestCase(findTestCase("AHI/_include/name"), [:], CONTINUE_ON_FAILURE): Call Test Case 'Test Cases/AHI/_include/name' successfully

2020-05-28 08:26:17 - [TEST_CASE][PASSED] - Test Cases/AHI/_include/name: Test Cases/AHI/_include/name

2020-05-28 08:26:17 - [TEST_STEP][PASSED] - driver = getWebDriver(): null

2020-05-28 08:26:17 - [TEST_STEP][PASSED] - selenium = new com.thoughtworks.selenium.webdriven.WebDriverBackedSelenium(driver, internal.GlobalVariable.ENV): null

2020-05-28 08:26:17 - [TEST_STEP][PASSED] - FirstName = "Test-123": null

2020-05-28 08:26:17 - [TEST_STEP][PASSED] - LastName = selenium.getEval("{var x="ABCDEFGHIJKLMNOPQRSTUVWXYZabcdefghijklmnopqrstuvwxyz"; var tmp="ZZ11-"; for (i=0;i<8;i++) tmp+=x.charAt(Math.ceil(51*Math.random()));tmp;}"): null

2020-05-28 08:26:17 - [TEST_STEP][PASSED] - Address = selenium.getEval("{var x="ABCDEFGHIJKLMNOPQRSTUVWXYZabcdefghijklmnopqrstuvwxyz"; var tmp=""; for (i=0;i<8;i++) tmp+=x.charAt(Math.ceil(51*Math.random()));tmp;}"): null

2020-05-28 08:26:17 - [TEST_STEP][PASSED] - City = selenium.getEval("{var x="ABCDEFGHIJKLMNOPQRSTUVWXYZabcdefghijklmnopqrstuvwxyz"; var tmp=""; for (i=0;i<8;i++) tmp+=x.charAt(Math.ceil(51*Math.random()));tmp;}"): null

2020-05-28 08:26:17 - [TEST_STEP][PASSED] - tel1 = selenium.getEval("{var x="123456789"; var tmp=""; for (i=0;i<3;i++) tmp+=x.charAt(Math.ceil(8*Math.random()));tmp;}"): null

2020-05-28 08:26:17 - [TEST_STEP][PASSED] - tel2 = selenium.getEval("{var x="123456789"; var tmp=""; for (i=0;i<3;i++) tmp+=x.charAt(Math.ceil(8*Math.random()));tmp;}"): null

2020-05-28 08:26:17 - [TEST_STEP][PASSED] - tel3 = selenium.getEval("{var x="123456789"; var tmp=""; for (i=0;i<4;i++) tmp+=x.charAt(Math.ceil(8*Math.random()));tmp;}"): null

2020-05-28 08:26:17 - [TEST_STEP][PASSED] - Tel = selenium.getExpression(tel1 + "-" + tel2 + "-" + tel3): null

2020-05-28 08:26:17 - [TEST_STEP][PASSED] - AutoEmail = selenium.getEval("{var x="ABCDEFGHIJKLMNOPQRSTUVWXYZabcdefghijklmnopqrstuvwxyz"; var tmp="test."; for (i=0;i<8;i++) tmp+=x.charAt(Math.ceil(51*Math.random()));tmp+="@suryani.cn";}"): null

2020-05-28 08:26:17 - [TEST_STEP][PASSED] - FirstName = FirstName: null

2020-05-28 08:26:17 - [TEST_STEP][PASSED] - LastName = LastName: null

2020-05-28 08:26:17 - [TEST_STEP][PASSED] - Address = Address: null

2020-05-28 08:26:17 - [TEST_STEP][PASSED] - City = City: null

2020-05-28 08:26:17 - [TEST_STEP][PASSED] - Tel = Tel: null

2020-05-28 08:26:17 - [TEST_STEP][PASSED] - AutoEmail = AutoEmail: null

2020-05-28 08:26:17 - [TEST_STEP][PASSED] - println(FirstName): null

2020-05-28 08:26:17 - [TEST_STEP][PASSED] - println(LastName): null

2020-05-28 08:26:17 - [TEST_STEP][PASSED] - println(Address): null

2020-05-28 08:26:17 - [TEST_STEP][PASSED] - println(City): null

2020-05-28 08:26:17 - [TEST_STEP][PASSED] - println(Tel): null

2020-05-28 08:26:17 - [TEST_STEP][PASSED] - println(AutoEmail): null

2020-05-28 08:26:17 - [MESSAGE][PASSED] - Call Test Case 'Test Cases/AHI/_include/name' successfully

2020-05-28 08:26:17 - [TEST_STEP][PASSED] - Thread.sleep(3000): null

2020-05-28 08:26:20 - [TEST_STEP][PASSED] - setText(findTestObject("mobileSanity/Dental/app_page1/input__member-P-1-firstName"), FirstName): Text 'Test-123' is set on object 'Object Repository/mobileSanity/Dental/app_page1/input__member-P-1-firstName'

2020-05-28 08:26:21 - [MESSAGE][PASSED] - Text 'Test-123' is set on object 'Object Repository/mobileSanity/Dental/app_page1/input__member-P-1-firstName'

2020-05-28 08:26:21 - [TEST_STEP][PASSED] - setText(findTestObject("mobileSanity/Dental/app_page1/input__member-P-1-lastName"), LastName): Text 'ZZ11-OiKXkhUI' is set on object 'Object Repository/mobileSanity/Dental/app_page1/input__member-P-1-lastName'

2020-05-28 08:26:21 - [MESSAGE][PASSED] - Text 'ZZ11-OiKXkhUI' is set on object 'Object Repository/mobileSanity/Dental/app_page1/input__member-P-1-lastName'

2020-05-28 08:26:21 - [TEST_STEP][PASSED] - setText(findTestObject("mobileSanity/Dental/app_page1/input__address"), Address): Text 'pmSLDOxd' is set on object 'Object Repository/mobileSanity/Dental/app_page1/input__address'

2020-05-28 08:26:21 - [MESSAGE][PASSED] - Text 'pmSLDOxd' is set on object 'Object Repository/mobileSanity/Dental/app_page1/input__address'

2020-05-28 08:26:21 - [TEST_STEP][PASSED] - setText(findTestObject("mobileSanity/Dental/app_page1/input__city"), City): Text 'wObPDooF' is set on object 'Object Repository/mobileSanity/Dental/app_page1/input__city'

2020-05-28 08:26:21 - [MESSAGE][PASSED] - Text 'wObPDooF' is set on object 'Object Repository/mobileSanity/Dental/app_page1/input__city'

2020-05-28 08:26:21 - [TEST_STEP][PASSED] - setText(findTestObject("mobileSanity/Dental/app_page1/input__email"), AutoEmail): Text 'test.pdzHveMv@suryani.cn' is set on object 'Object Repository/mobileSanity/Dental/app_page1/input__email'

2020-05-28 08:26:22 - [MESSAGE][PASSED] - Text 'test.pdzHveMv@suryani.cn' is set on object 'Object Repository/mobileSanity/Dental/app_page1/input__email'

2020-05-28 08:26:22 - [TEST_STEP][PASSED] - setText(findTestObject("mobileSanity/Dental/app_page1/input_phone"), Tel): Text '487-667-5656' is set on object 'Object Repository/mobileSanity/Dental/app_page1/input_phone'

2020-05-28 08:26:22 - [MESSAGE][PASSED] - Text '487-667-5656' is set on object 'Object Repository/mobileSanity/Dental/app_page1/input_phone'

2020-05-28 08:26:22 - [TEST_STEP][PASSED] - click(findTestObject("mobileSanity/Dental/app_page1/a_Continue to Step 2 - Payment")): Object: 'Object Repository/mobileSanity/Dental/app_page1/a_Continue to Step 2 - Payment' is clicked on

2020-05-28 08:26:22 - [MESSAGE][PASSED] - Object: 'Object Repository/mobileSanity/Dental/app_page1/a_Continue to Step 2 - Payment' is clicked on

2020-05-28 08:26:22 - [TEST_STEP][PASSED] - for ([second = 0, second < 20, (second++)]): null

2020-05-28 08:26:23 - [TEST_STEP][PASSED] - try: null

2020-05-28 08:26:23 - [TEST_STEP][PASSED] - if (selenium.isElementPresent("id=credit-card-number")): null

2020-05-28 08:26:23 - [TEST_STEP][PASSED] - break: null

2020-05-28 08:26:23 - [TEST_STEP][PASSED] - callTestCase(findTestCase("AHI/_include/get_screenshot"), [:], STOP_ON_FAILURE): Call Test Case 'Test Cases/AHI/_include/get_screenshot' successfully

2020-05-28 08:26:23 - [TEST_CASE][PASSED] - Test Cases/AHI/_include/get_screenshot: Test Cases/AHI/_include/get_screenshot

2020-05-28 08:26:23 - [TEST_STEP][PASSED] - Thread.sleep(1000): null

2020-05-28 08:26:24 - [TEST_STEP][PASSED] - takeScreenshot(screenPath + i + ".png"): Taking screenshot successfully

2020-05-28 08:26:24 - [MESSAGE][PASSED] - Taking screenshot successfully
[[ATTACHMENT|D:\\Test\\AgileTest\\Reports\\AHI\\ahi\\20200528_080044\\../Screenshots/iPhone 6/AHI/Dental - National General/20200528_082325/6.png]]

2020-05-28 08:26:24 - [TEST_STEP][PASSED] - (internal.GlobalVariable.i++): null

2020-05-28 08:26:24 - [MESSAGE][PASSED] - Call Test Case 'Test Cases/AHI/_include/get_screenshot' successfully

2020-05-28 08:26:24 - [TEST_STEP][PASSED] - setText(findTestObject("mobileSanity/Dental/app_page2/input__credit-card-first"), FirstName): Text 'Test-123' is set on object 'Object Repository/mobileSanity/Dental/app_page2/input__credit-card-first'

2020-05-28 08:26:24 - [MESSAGE][PASSED] - Text 'Test-123' is set on object 'Object Repository/mobileSanity/Dental/app_page2/input__credit-card-first'

2020-05-28 08:26:24 - [TEST_STEP][PASSED] - setText(findTestObject("mobileSanity/Dental/app_page2/input__credit-card-last"), LastName): Text 'ZZ11-OiKXkhUI' is set on object 'Object Repository/mobileSanity/Dental/app_page2/input__credit-card-last'

2020-05-28 08:26:25 - [MESSAGE][PASSED] - Text 'ZZ11-OiKXkhUI' is set on object 'Object Repository/mobileSanity/Dental/app_page2/input__credit-card-last'

2020-05-28 08:26:25 - [TEST_STEP][PASSED] - selectOptionByValue(findTestObject("mobileSanity/Dental/app_page2/select_MM010203040506070809101"), "12", true): All options with value '12' are selected in object 'Object Repository/mobileSanity/Dental/app_page2/select_MM010203040506070809101'  using regular expression

2020-05-28 08:26:25 - [MESSAGE][PASSED] - All options with value '12' are selected in object 'Object Repository/mobileSanity/Dental/app_page2/select_MM010203040506070809101'  using regular expression

2020-05-28 08:26:25 - [TEST_STEP][PASSED] - selectOptionByValue(findTestObject("mobileSanity/Dental/app_page2/select_YYYY2019202020212022202"), "2026", true): All options with value '2026' are selected in object 'Object Repository/mobileSanity/Dental/app_page2/select_YYYY2019202020212022202'  using regular expression

2020-05-28 08:26:26 - [MESSAGE][PASSED] - All options with value '2026' are selected in object 'Object Repository/mobileSanity/Dental/app_page2/select_YYYY2019202020212022202'  using regular expression

2020-05-28 08:26:26 - [TEST_STEP][PASSED] - setText(findTestObject("mobileSanity/Dental/app_page2/input__credit-card-number"), "4111111111111111"): Text '4111111111111111' is set on object 'Object Repository/mobileSanity/Dental/app_page2/input__credit-card-number'

2020-05-28 08:26:26 - [MESSAGE][PASSED] - Text '4111111111111111' is set on object 'Object Repository/mobileSanity/Dental/app_page2/input__credit-card-number'

2020-05-28 08:26:26 - [TEST_STEP][PASSED] - setText(findTestObject("mobileSanity/Dental/app_page2/input__cvv"), "123"): Text '123' is set on object 'Object Repository/mobileSanity/Dental/app_page2/input__cvv'

2020-05-28 08:26:26 - [MESSAGE][PASSED] - Text '123' is set on object 'Object Repository/mobileSanity/Dental/app_page2/input__cvv'

2020-05-28 08:26:26 - [TEST_STEP][PASSED] - click(findTestObject("mobileSanity/Dental/app_page2/label_My billing address is th")): Object: 'Object Repository/mobileSanity/Dental/app_page2/label_My billing address is th' is clicked on

2020-05-28 08:26:26 - [MESSAGE][PASSED] - Object: 'Object Repository/mobileSanity/Dental/app_page2/label_My billing address is th' is clicked on

2020-05-28 08:26:26 - [TEST_STEP][PASSED] - click(findTestObject("mobileSanity/Dental/app_page2/label_I Accept Authorization f")): Object: 'Object Repository/mobileSanity/Dental/app_page2/label_I Accept Authorization f' is clicked on

2020-05-28 08:26:26 - [MESSAGE][PASSED] - Object: 'Object Repository/mobileSanity/Dental/app_page2/label_I Accept Authorization f' is clicked on

2020-05-28 08:26:26 - [TEST_STEP][PASSED] - click(findTestObject("mobileSanity/Dental/app_page2/a_Continue to Step 3 - Review")): Object: 'Object Repository/mobileSanity/Dental/app_page2/a_Continue to Step 3 - Review' is clicked on

2020-05-28 08:26:27 - [MESSAGE][PASSED] - Object: 'Object Repository/mobileSanity/Dental/app_page2/a_Continue to Step 3 - Review' is clicked on

2020-05-28 08:26:27 - [TEST_STEP][PASSED] - for ([second = 0, second < 20, (second++)]): null

2020-05-28 08:26:27 - [TEST_STEP][PASSED] - try: null

2020-05-28 08:26:27 - [TEST_STEP][PASSED] - if (selenium.isElementPresent("id=consent-checkbox-0")): null

2020-05-28 08:26:27 - [TEST_STEP][PASSED] - Thread.sleep(1000): null

2020-05-28 08:26:28 - [TEST_STEP][PASSED] - try: null

2020-05-28 08:26:28 - [TEST_STEP][PASSED] - if (selenium.isElementPresent("id=consent-checkbox-0")): null

2020-05-28 08:26:28 - [TEST_STEP][PASSED] - break: null

2020-05-28 08:26:28 - [TEST_STEP][PASSED] - waitForElementClickable(findTestObject("mobileSanity/Dental/app_page3/label"), 20): Object 'Object Repository/mobileSanity/Dental/app_page3/label' is clickable

2020-05-28 08:26:28 - [MESSAGE][PASSED] - Object 'Object Repository/mobileSanity/Dental/app_page3/label' is clickable

2020-05-28 08:26:28 - [TEST_STEP][PASSED] - callTestCase(findTestCase("AHI/_include/get_screenshot"), [:], STOP_ON_FAILURE): Call Test Case 'Test Cases/AHI/_include/get_screenshot' successfully

2020-05-28 08:26:28 - [TEST_CASE][PASSED] - Test Cases/AHI/_include/get_screenshot: Test Cases/AHI/_include/get_screenshot

2020-05-28 08:26:28 - [TEST_STEP][PASSED] - Thread.sleep(1000): null

2020-05-28 08:26:29 - [TEST_STEP][PASSED] - takeScreenshot(screenPath + i + ".png"): Taking screenshot successfully

2020-05-28 08:26:29 - [MESSAGE][PASSED] - Taking screenshot successfully
[[ATTACHMENT|D:\\Test\\AgileTest\\Reports\\AHI\\ahi\\20200528_080044\\../Screenshots/iPhone 6/AHI/Dental - National General/20200528_082325/7.png]]

2020-05-28 08:26:29 - [TEST_STEP][PASSED] - (internal.GlobalVariable.i++): null

2020-05-28 08:26:29 - [MESSAGE][PASSED] - Call Test Case 'Test Cases/AHI/_include/get_screenshot' successfully

2020-05-28 08:26:29 - [TEST_STEP][PASSED] - click(findTestObject("mobileSanity/Dental/app_page3/label")): Object: 'Object Repository/mobileSanity/Dental/app_page3/label' is clicked on

2020-05-28 08:26:30 - [MESSAGE][PASSED] - Object: 'Object Repository/mobileSanity/Dental/app_page3/label' is clicked on

2020-05-28 08:26:30 - [TEST_STEP][PASSED] - click(findTestObject("mobileSanity/Dental/app_page3/p_CLICK TO SIGN")): Object: 'Object Repository/mobileSanity/Dental/app_page3/p_CLICK TO SIGN' is clicked on

2020-05-28 08:26:30 - [MESSAGE][PASSED] - Object: 'Object Repository/mobileSanity/Dental/app_page3/p_CLICK TO SIGN' is clicked on

2020-05-28 08:26:30 - [TEST_STEP][PASSED] - click(findTestObject("mobileSanity/Dental/app_page3/a_Submit Your Application")): Object: 'Object Repository/mobileSanity/Dental/app_page3/a_Submit Your Application' is clicked on

2020-05-28 08:26:30 - [MESSAGE][PASSED] - Object: 'Object Repository/mobileSanity/Dental/app_page3/a_Submit Your Application' is clicked on

2020-05-28 08:26:30 - [TEST_STEP][PASSED] - for ([second = 0, second < 30, (second++)]): null

2020-05-28 08:26:30 - [TEST_STEP][PASSED] - try: null

2020-05-28 08:26:30 - [TEST_STEP][PASSED] - if (selenium.isElementPresent("id=app-confirmation")): null

2020-05-28 08:26:30 - [TEST_STEP][PASSED] - Thread.sleep(1000): null

2020-05-28 08:26:31 - [TEST_STEP][PASSED] - try: null

2020-05-28 08:26:31 - [TEST_STEP][PASSED] - if (selenium.isElementPresent("id=app-confirmation")): null

2020-05-28 08:26:31 - [TEST_STEP][PASSED] - Thread.sleep(1000): null

2020-05-28 08:26:32 - [TEST_STEP][PASSED] - try: null

2020-05-28 08:26:32 - [TEST_STEP][PASSED] - if (selenium.isElementPresent("id=app-confirmation")): null

2020-05-28 08:26:32 - [TEST_STEP][PASSED] - Thread.sleep(1000): null

2020-05-28 08:26:33 - [TEST_STEP][PASSED] - try: null

2020-05-28 08:26:33 - [TEST_STEP][PASSED] - if (selenium.isElementPresent("id=app-confirmation")): null

2020-05-28 08:26:33 - [TEST_STEP][PASSED] - Thread.sleep(1000): null

2020-05-28 08:26:34 - [TEST_STEP][PASSED] - try: null

2020-05-28 08:26:34 - [TEST_STEP][PASSED] - if (selenium.isElementPresent("id=app-confirmation")): null

2020-05-28 08:26:34 - [TEST_STEP][PASSED] - Thread.sleep(1000): null

2020-05-28 08:26:35 - [TEST_STEP][PASSED] - try: null

2020-05-28 08:26:35 - [TEST_STEP][PASSED] - if (selenium.isElementPresent("id=app-confirmation")): null

2020-05-28 08:26:35 - [TEST_STEP][PASSED] - Thread.sleep(1000): null

2020-05-28 08:26:36 - [TEST_STEP][PASSED] - try: null

2020-05-28 08:26:36 - [TEST_STEP][PASSED] - if (selenium.isElementPresent("id=app-confirmation")): null

2020-05-28 08:26:36 - [TEST_STEP][PASSED] - Thread.sleep(1000): null

2020-05-28 08:26:37 - [TEST_STEP][PASSED] - try: null

2020-05-28 08:26:37 - [TEST_STEP][PASSED] - if (selenium.isElementPresent("id=app-confirmation")): null

2020-05-28 08:26:37 - [TEST_STEP][PASSED] - Thread.sleep(1000): null

2020-05-28 08:26:38 - [TEST_STEP][PASSED] - try: null

2020-05-28 08:26:38 - [TEST_STEP][PASSED] - if (selenium.isElementPresent("id=app-confirmation")): null

2020-05-28 08:26:38 - [TEST_STEP][PASSED] - Thread.sleep(1000): null

2020-05-28 08:26:39 - [TEST_STEP][PASSED] - try: null

2020-05-28 08:26:39 - [TEST_STEP][PASSED] - if (selenium.isElementPresent("id=app-confirmation")): null

2020-05-28 08:26:39 - [TEST_STEP][PASSED] - Thread.sleep(1000): null

2020-05-28 08:26:40 - [TEST_STEP][PASSED] - try: null

2020-05-28 08:26:40 - [TEST_STEP][PASSED] - if (selenium.isElementPresent("id=app-confirmation")): null

2020-05-28 08:26:40 - [TEST_STEP][PASSED] - Thread.sleep(1000): null

2020-05-28 08:26:41 - [TEST_STEP][PASSED] - try: null

2020-05-28 08:26:41 - [TEST_STEP][PASSED] - if (selenium.isElementPresent("id=app-confirmation")): null

2020-05-28 08:26:41 - [TEST_STEP][PASSED] - Thread.sleep(1000): null

2020-05-28 08:26:42 - [TEST_STEP][PASSED] - try: null

2020-05-28 08:26:42 - [TEST_STEP][PASSED] - if (selenium.isElementPresent("id=app-confirmation")): null

2020-05-28 08:26:42 - [TEST_STEP][PASSED] - Thread.sleep(1000): null

2020-05-28 08:26:43 - [TEST_STEP][PASSED] - try: null

2020-05-28 08:26:43 - [TEST_STEP][PASSED] - if (selenium.isElementPresent("id=app-confirmation")): null

2020-05-28 08:26:43 - [TEST_STEP][PASSED] - Thread.sleep(1000): null

2020-05-28 08:26:44 - [TEST_STEP][PASSED] - try: null

2020-05-28 08:26:44 - [TEST_STEP][PASSED] - if (selenium.isElementPresent("id=app-confirmation")): null

2020-05-28 08:26:44 - [TEST_STEP][PASSED] - Thread.sleep(1000): null

2020-05-28 08:26:45 - [TEST_STEP][PASSED] - try: null

2020-05-28 08:26:45 - [TEST_STEP][PASSED] - if (selenium.isElementPresent("id=app-confirmation")): null

2020-05-28 08:26:46 - [TEST_STEP][PASSED] - Thread.sleep(1000): null

2020-05-28 08:26:47 - [TEST_STEP][PASSED] - try: null

2020-05-28 08:26:47 - [TEST_STEP][PASSED] - if (selenium.isElementPresent("id=app-confirmation")): null

2020-05-28 08:26:47 - [TEST_STEP][PASSED] - Thread.sleep(1000): null

2020-05-28 08:26:48 - [TEST_STEP][PASSED] - try: null

2020-05-28 08:26:48 - [TEST_STEP][PASSED] - if (selenium.isElementPresent("id=app-confirmation")): null

2020-05-28 08:26:48 - [TEST_STEP][PASSED] - Thread.sleep(1000): null

2020-05-28 08:26:49 - [TEST_STEP][PASSED] - try: null

2020-05-28 08:26:49 - [TEST_STEP][PASSED] - if (selenium.isElementPresent("id=app-confirmation")): null

2020-05-28 08:26:49 - [TEST_STEP][PASSED] - Thread.sleep(1000): null

2020-05-28 08:26:50 - [TEST_STEP][PASSED] - try: null

2020-05-28 08:26:50 - [TEST_STEP][PASSED] - if (selenium.isElementPresent("id=app-confirmation")): null

2020-05-28 08:26:50 - [TEST_STEP][PASSED] - Thread.sleep(1000): null

2020-05-28 08:26:51 - [TEST_STEP][PASSED] - try: null

2020-05-28 08:26:51 - [TEST_STEP][PASSED] - if (selenium.isElementPresent("id=app-confirmation")): null

2020-05-28 08:26:51 - [TEST_STEP][PASSED] - Thread.sleep(1000): null

2020-05-28 08:26:52 - [TEST_STEP][PASSED] - try: null

2020-05-28 08:26:52 - [TEST_STEP][PASSED] - if (selenium.isElementPresent("id=app-confirmation")): null

2020-05-28 08:26:52 - [TEST_STEP][PASSED] - Thread.sleep(1000): null

2020-05-28 08:26:53 - [TEST_STEP][PASSED] - try: null

2020-05-28 08:26:53 - [TEST_STEP][PASSED] - if (selenium.isElementPresent("id=app-confirmation")): null

2020-05-28 08:26:53 - [TEST_STEP][PASSED] - Thread.sleep(1000): null

2020-05-28 08:26:54 - [TEST_STEP][PASSED] - try: null

2020-05-28 08:26:54 - [TEST_STEP][PASSED] - if (selenium.isElementPresent("id=app-confirmation")): null

2020-05-28 08:26:54 - [TEST_STEP][PASSED] - Thread.sleep(1000): null

2020-05-28 08:26:55 - [TEST_STEP][PASSED] - try: null

2020-05-28 08:26:55 - [TEST_STEP][PASSED] - if (selenium.isElementPresent("id=app-confirmation")): null

2020-05-28 08:26:55 - [TEST_STEP][PASSED] - Thread.sleep(1000): null

2020-05-28 08:26:56 - [TEST_STEP][PASSED] - try: null

2020-05-28 08:26:56 - [TEST_STEP][PASSED] - if (selenium.isElementPresent("id=app-confirmation")): null

2020-05-28 08:26:56 - [TEST_STEP][PASSED] - Thread.sleep(1000): null

2020-05-28 08:26:57 - [TEST_STEP][PASSED] - try: null

2020-05-28 08:26:57 - [TEST_STEP][PASSED] - if (selenium.isElementPresent("id=app-confirmation")): null

2020-05-28 08:26:57 - [TEST_STEP][PASSED] - Thread.sleep(1000): null

2020-05-28 08:26:58 - [TEST_STEP][PASSED] - try: null

2020-05-28 08:26:58 - [TEST_STEP][PASSED] - if (selenium.isElementPresent("id=app-confirmation")): null

2020-05-28 08:26:58 - [TEST_STEP][PASSED] - Thread.sleep(1000): null

2020-05-28 08:26:59 - [TEST_STEP][PASSED] - try: null

2020-05-28 08:26:59 - [TEST_STEP][PASSED] - if (selenium.isElementPresent("id=app-confirmation")): null

2020-05-28 08:26:59 - [TEST_STEP][PASSED] - Thread.sleep(1000): null

2020-05-28 08:27:00 - [TEST_STEP][PASSED] - try: null

2020-05-28 08:27:00 - [TEST_STEP][PASSED] - if (selenium.isElementPresent("id=app-confirmation")): null

2020-05-28 08:27:00 - [TEST_STEP][PASSED] - Thread.sleep(1000): null

2020-05-28 08:27:01 - [TEST_STEP][PASSED] - callTestCase(findTestCase("AHI/_include/get_screenshot"), [:], STOP_ON_FAILURE): Call Test Case 'Test Cases/AHI/_include/get_screenshot' successfully

2020-05-28 08:27:01 - [TEST_CASE][PASSED] - Test Cases/AHI/_include/get_screenshot: Test Cases/AHI/_include/get_screenshot

2020-05-28 08:27:01 - [TEST_STEP][PASSED] - Thread.sleep(1000): null

2020-05-28 08:27:02 - [TEST_STEP][PASSED] - takeScreenshot(screenPath + i + ".png"): Taking screenshot successfully

2020-05-28 08:27:03 - [MESSAGE][PASSED] - Taking screenshot successfully
[[ATTACHMENT|D:\\Test\\AgileTest\\Reports\\AHI\\ahi\\20200528_080044\\../Screenshots/iPhone 6/AHI/Dental - National General/20200528_082325/8.png]]

2020-05-28 08:27:03 - [TEST_STEP][PASSED] - (internal.GlobalVariable.i++): null

2020-05-28 08:27:03 - [MESSAGE][PASSED] - Call Test Case 'Test Cases/AHI/_include/get_screenshot' successfully]]></system-out>
         <system-err><![CDATA[]]></system-err>
      </testcase>
      <testcase name="Test Cases/AHI/NEW/Dental/USA Access" classname="Test Cases/AHI/NEW/Dental/USA Access" status="PASSED">
         <system-out><![CDATA[2020-05-28 08:27:03 - [TEST_CASE][PASSED] - Test Cases/AHI/NEW/Dental/USA Access: Test Cases/AHI/NEW/Dental/USA Access

2020-05-28 08:27:03 - [TEST_STEP][PASSED] - callTestCase(findTestCase("AHI/_include/get_screenPath"), ["productLine":"AHI", "carrierName":"Dental - USA Access"], CONTINUE_ON_FAILURE): Call Test Case 'Test Cases/AHI/_include/get_screenPath' successfully

2020-05-28 08:27:03 - [TEST_CASE][PASSED] - Test Cases/AHI/_include/get_screenPath: Test Cases/AHI/_include/get_screenPath

2020-05-28 08:27:03 - [TEST_STEP][PASSED] - m = getExecutionProperties(): null

2020-05-28 08:27:03 - [TEST_STEP][PASSED] - deviceName = get("mobileEmulation").get("deviceName"): null

2020-05-28 08:27:03 - [TEST_STEP][PASSED] - println(deviceName): null

2020-05-28 08:27:03 - [TEST_STEP][PASSED] - now = new java.util.Date(): null

2020-05-28 08:27:03 - [TEST_STEP][PASSED] - mydate = now.format("yyyyMMdd_HHmmss"): null

2020-05-28 08:27:03 - [TEST_STEP][PASSED] - screenPath = "../Screenshots/": null

2020-05-28 08:27:03 - [TEST_STEP][PASSED] - screenPath = screenPath + deviceName + "/" + productLine + "/" + carrierName + "/" + mydate + "/": null

2020-05-28 08:27:03 - [TEST_STEP][PASSED] - println(screenPath): null

2020-05-28 08:27:03 - [MESSAGE][PASSED] - Call Test Case 'Test Cases/AHI/_include/get_screenPath' successfully

2020-05-28 08:27:03 - [TEST_STEP][PASSED] - i = 0: null

2020-05-28 08:27:03 - [TEST_STEP][PASSED] - callTestCase(findTestCase("AHI/_include/openWebSite"), [:], STOP_ON_FAILURE): Call Test Case 'Test Cases/AHI/_include/openWebSite' successfully

2020-05-28 08:27:03 - [TEST_CASE][PASSED] - Test Cases/AHI/_include/openWebSite: Test Cases/AHI/_include/openWebSite

2020-05-28 08:27:03 - [TEST_STEP][PASSED] - openBrowser(env): Browser is opened with url: 'https://praetemptatus.agilehealthinsurance.com'

2020-05-28 08:27:03 - [MESSAGE][WARNING] - A browser is already opened. Closing browser and opening a new one

2020-05-28 08:27:04 - [MESSAGE][INFO] - Starting 'Chrome' driver

2020-05-28 08:27:04 - [MESSAGE][INFO] - User set preference: ['mobileEmulation', '{deviceName=iPhone 6}']

2020-05-28 08:27:04 - [MESSAGE][INFO] - User set preference: ['args', '[--incognito, --aggressive-cache-discard, --window-size=375,677, --no-sandbox, --ignore-certificate-errors]']

2020-05-28 08:27:17 - [MESSAGE][PASSED] - Browser is opened with url: 'https://praetemptatus.agilehealthinsurance.com'

2020-05-28 08:27:17 - [TEST_STEP][PASSED] - waitForPageLoad(20): Wait for page load successfully

2020-05-28 08:27:20 - [MESSAGE][PASSED] - Wait for page load successfully

2020-05-28 08:27:20 - [TEST_STEP][PASSED] - callTestCase(findTestCase("AHI/_include/get_screenshot"), [:], STOP_ON_FAILURE): Call Test Case 'Test Cases/AHI/_include/get_screenshot' successfully

2020-05-28 08:27:20 - [TEST_CASE][PASSED] - Test Cases/AHI/_include/get_screenshot: Test Cases/AHI/_include/get_screenshot

2020-05-28 08:27:20 - [TEST_STEP][PASSED] - Thread.sleep(1000): null

2020-05-28 08:27:21 - [TEST_STEP][PASSED] - takeScreenshot(screenPath + i + ".png"): Taking screenshot successfully

2020-05-28 08:27:22 - [MESSAGE][PASSED] - Taking screenshot successfully
[[ATTACHMENT|D:\\Test\\AgileTest\\Reports\\AHI\\ahi\\20200528_080044\\../Screenshots/iPhone 6/AHI/Dental - USA Access/20200528_082703/0.png]]

2020-05-28 08:27:22 - [TEST_STEP][PASSED] - (internal.GlobalVariable.i++): null

2020-05-28 08:27:22 - [MESSAGE][PASSED] - Call Test Case 'Test Cases/AHI/_include/get_screenshot' successfully

2020-05-28 08:27:22 - [MESSAGE][PASSED] - Call Test Case 'Test Cases/AHI/_include/openWebSite' successfully

2020-05-28 08:27:22 - [TEST_STEP][PASSED] - driver = getWebDriver(): null

2020-05-28 08:27:22 - [TEST_STEP][PASSED] - baseUrl = ENV: null

2020-05-28 08:27:22 - [TEST_STEP][PASSED] - selenium = new com.thoughtworks.selenium.webdriven.WebDriverBackedSelenium(driver, baseUrl): null

2020-05-28 08:27:22 - [TEST_STEP][PASSED] - selenium.click("//*[@class='filter-option-inner-inner']"): null

2020-05-28 08:27:22 - [TEST_STEP][PASSED] - selenium.click("id=bs-select-1-2"): null

2020-05-28 08:27:22 - [TEST_STEP][PASSED] - selenium.click("id=primaryCTA"): null

2020-05-28 08:27:25 - [TEST_STEP][PASSED] - for ([second = 0, second < 20, (second++)]): null

2020-05-28 08:27:25 - [TEST_STEP][PASSED] - try: null

2020-05-28 08:27:25 - [TEST_STEP][PASSED] - if (selenium.isElementPresent("id=zip-input")): null

2020-05-28 08:27:25 - [TEST_STEP][PASSED] - break: null

2020-05-28 08:27:25 - [TEST_STEP][PASSED] - callTestCase(findTestCase("AHI/_include/get_screenshot"), [:], STOP_ON_FAILURE): Call Test Case 'Test Cases/AHI/_include/get_screenshot' successfully

2020-05-28 08:27:25 - [TEST_CASE][PASSED] - Test Cases/AHI/_include/get_screenshot: Test Cases/AHI/_include/get_screenshot

2020-05-28 08:27:25 - [TEST_STEP][PASSED] - Thread.sleep(1000): null

2020-05-28 08:27:26 - [TEST_STEP][PASSED] - takeScreenshot(screenPath + i + ".png"): Taking screenshot successfully

2020-05-28 08:27:27 - [MESSAGE][PASSED] - Taking screenshot successfully
[[ATTACHMENT|D:\\Test\\AgileTest\\Reports\\AHI\\ahi\\20200528_080044\\../Screenshots/iPhone 6/AHI/Dental - USA Access/20200528_082703/1.png]]

2020-05-28 08:27:27 - [TEST_STEP][PASSED] - (internal.GlobalVariable.i++): null

2020-05-28 08:27:27 - [MESSAGE][PASSED] - Call Test Case 'Test Cases/AHI/_include/get_screenshot' successfully

2020-05-28 08:27:27 - [TEST_STEP][PASSED] - setText(findTestObject("mobileSanity/Dental/census/input_Location_zip-input"), "35215"): Text '35215' is set on object 'Object Repository/mobileSanity/Dental/census/input_Location_zip-input'

2020-05-28 08:27:27 - [MESSAGE][PASSED] - Text '35215' is set on object 'Object Repository/mobileSanity/Dental/census/input_Location_zip-input'

2020-05-28 08:27:27 - [TEST_STEP][PASSED] - setText(findTestObject("mobileSanity/Dental/census/input_Date of Birth_dob-0"), "12121980"): Text '12121980' is set on object 'Object Repository/mobileSanity/Dental/census/input_Date of Birth_dob-0'

2020-05-28 08:27:27 - [MESSAGE][PASSED] - Text '12121980' is set on object 'Object Repository/mobileSanity/Dental/census/input_Date of Birth_dob-0'

2020-05-28 08:27:27 - [TEST_STEP][PASSED] - click(findTestObject("mobileSanity/Dental/census/label_Male")): Object: 'Object Repository/mobileSanity/Dental/census/label_Male' is clicked on

2020-05-28 08:27:27 - [MESSAGE][PASSED] - Object: 'Object Repository/mobileSanity/Dental/census/label_Male' is clicked on

2020-05-28 08:27:27 - [TEST_STEP][PASSED] - selenium.click("id=js-see-plans"): null

2020-05-28 08:27:28 - [TEST_STEP][PASSED] - for ([second = 0, second < 20, (second++)]): null

2020-05-28 08:27:28 - [TEST_STEP][PASSED] - try: null

2020-05-28 08:27:28 - [TEST_STEP][PASSED] - if (selenium.isElementPresent("id=js-quote-header")): null

2020-05-28 08:27:29 - [TEST_STEP][PASSED] - break: null

2020-05-28 08:27:29 - [TEST_STEP][PASSED] - callTestCase(findTestCase("AHI/_include/get_screenshot"), [:], STOP_ON_FAILURE): Call Test Case 'Test Cases/AHI/_include/get_screenshot' successfully

2020-05-28 08:27:29 - [TEST_CASE][PASSED] - Test Cases/AHI/_include/get_screenshot: Test Cases/AHI/_include/get_screenshot

2020-05-28 08:27:29 - [TEST_STEP][PASSED] - Thread.sleep(1000): null

2020-05-28 08:27:30 - [TEST_STEP][PASSED] - takeScreenshot(screenPath + i + ".png"): Taking screenshot successfully

2020-05-28 08:27:31 - [MESSAGE][PASSED] - Taking screenshot successfully
[[ATTACHMENT|D:\\Test\\AgileTest\\Reports\\AHI\\ahi\\20200528_080044\\../Screenshots/iPhone 6/AHI/Dental - USA Access/20200528_082703/2.png]]

2020-05-28 08:27:31 - [TEST_STEP][PASSED] - (internal.GlobalVariable.i++): null

2020-05-28 08:27:31 - [MESSAGE][PASSED] - Call Test Case 'Test Cases/AHI/_include/get_screenshot' successfully

2020-05-28 08:27:31 - [TEST_STEP][PASSED] - click(findTestObject("mobileSanity/Dental/filter/btn_filter")): Object: 'Object Repository/mobileSanity/Dental/filter/btn_filter' is clicked on

2020-05-28 08:27:31 - [MESSAGE][PASSED] - Object: 'Object Repository/mobileSanity/Dental/filter/btn_filter' is clicked on

2020-05-28 08:27:31 - [TEST_STEP][PASSED] - waitForElementVisible(findTestObject("mobileSanity/Dental/filter/btn_company"), 10): Object 'Object Repository/mobileSanity/Dental/filter/btn_company' is visible

2020-05-28 08:27:31 - [MESSAGE][PASSED] - Object 'Object Repository/mobileSanity/Dental/filter/btn_company' is visible

2020-05-28 08:27:31 - [TEST_STEP][PASSED] - click(findTestObject("mobileSanity/Dental/filter/btn_company")): Object: 'Object Repository/mobileSanity/Dental/filter/btn_company' is clicked on

2020-05-28 08:27:31 - [MESSAGE][PASSED] - Object: 'Object Repository/mobileSanity/Dental/filter/btn_company' is clicked on

2020-05-28 08:27:31 - [TEST_STEP][PASSED] - Thread.sleep(2000): null

2020-05-28 08:27:33 - [TEST_STEP][PASSED] - click(findTestObject("mobileSanity/Dental/filter/btn_usa")): Object: 'Object Repository/mobileSanity/Dental/filter/btn_usa' is clicked on

2020-05-28 08:27:34 - [MESSAGE][PASSED] - Object: 'Object Repository/mobileSanity/Dental/filter/btn_usa' is clicked on

2020-05-28 08:27:34 - [TEST_STEP][PASSED] - waitForJQueryLoad(20, STOP_ON_FAILURE): jQuery is ready.

2020-05-28 08:27:34 - [MESSAGE][PASSED] - jQuery is ready.

2020-05-28 08:27:34 - [TEST_STEP][PASSED] - callTestCase(findTestCase("AHI/_include/get_screenshot"), [:], STOP_ON_FAILURE): Call Test Case 'Test Cases/AHI/_include/get_screenshot' successfully

2020-05-28 08:27:34 - [TEST_CASE][PASSED] - Test Cases/AHI/_include/get_screenshot: Test Cases/AHI/_include/get_screenshot

2020-05-28 08:27:34 - [TEST_STEP][PASSED] - Thread.sleep(1000): null

2020-05-28 08:27:35 - [TEST_STEP][PASSED] - takeScreenshot(screenPath + i + ".png"): Taking screenshot successfully

2020-05-28 08:27:36 - [MESSAGE][PASSED] - Taking screenshot successfully
[[ATTACHMENT|D:\\Test\\AgileTest\\Reports\\AHI\\ahi\\20200528_080044\\../Screenshots/iPhone 6/AHI/Dental - USA Access/20200528_082703/3.png]]

2020-05-28 08:27:36 - [TEST_STEP][PASSED] - (internal.GlobalVariable.i++): null

2020-05-28 08:27:36 - [MESSAGE][PASSED] - Call Test Case 'Test Cases/AHI/_include/get_screenshot' successfully

2020-05-28 08:27:36 - [TEST_STEP][PASSED] - click(findTestObject("mobileSanity/Dental/filter/btn_filter")): Object: 'Object Repository/mobileSanity/Dental/filter/btn_filter' is clicked on

2020-05-28 08:27:36 - [MESSAGE][PASSED] - Object: 'Object Repository/mobileSanity/Dental/filter/btn_filter' is clicked on

2020-05-28 08:27:36 - [TEST_STEP][PASSED] - click(findTestObject("mobileSanity/Dental/quote/a_Select This Plan")): Object: 'Object Repository/mobileSanity/Dental/quote/a_Select This Plan' is clicked on

2020-05-28 08:27:36 - [MESSAGE][PASSED] - Object: 'Object Repository/mobileSanity/Dental/quote/a_Select This Plan' is clicked on

2020-05-28 08:27:36 - [TEST_STEP][PASSED] - waitForPageLoad(10): Wait for page load successfully

2020-05-28 08:27:37 - [MESSAGE][PASSED] - Wait for page load successfully

2020-05-28 08:27:37 - [TEST_STEP][PASSED] - callTestCase(findTestCase("AHI/_include/get_screenshot"), [:], STOP_ON_FAILURE): Call Test Case 'Test Cases/AHI/_include/get_screenshot' successfully

2020-05-28 08:27:37 - [TEST_CASE][PASSED] - Test Cases/AHI/_include/get_screenshot: Test Cases/AHI/_include/get_screenshot

2020-05-28 08:27:37 - [TEST_STEP][PASSED] - Thread.sleep(1000): null

2020-05-28 08:27:38 - [TEST_STEP][PASSED] - takeScreenshot(screenPath + i + ".png"): Taking screenshot successfully

2020-05-28 08:27:38 - [MESSAGE][PASSED] - Taking screenshot successfully
[[ATTACHMENT|D:\\Test\\AgileTest\\Reports\\AHI\\ahi\\20200528_080044\\../Screenshots/iPhone 6/AHI/Dental - USA Access/20200528_082703/4.png]]

2020-05-28 08:27:38 - [TEST_STEP][PASSED] - (internal.GlobalVariable.i++): null

2020-05-28 08:27:38 - [MESSAGE][PASSED] - Call Test Case 'Test Cases/AHI/_include/get_screenshot' successfully

2020-05-28 08:27:38 - [TEST_STEP][PASSED] - Thread.sleep(3000): null

2020-05-28 08:27:41 - [TEST_STEP][PASSED] - click(findTestObject("mobileSanity/Dental/apply/span_Start Secure Application")): Object: 'Object Repository/mobileSanity/Dental/apply/span_Start Secure Application' is clicked on

2020-05-28 08:27:42 - [MESSAGE][PASSED] - Object: 'Object Repository/mobileSanity/Dental/apply/span_Start Secure Application' is clicked on

2020-05-28 08:27:42 - [TEST_STEP][PASSED] - for ([second = 0, second < 20, (second++)]): null

2020-05-28 08:27:42 - [TEST_STEP][PASSED] - try: null

2020-05-28 08:27:42 - [TEST_STEP][PASSED] - if (selenium.isElementPresent("id=member-P-1-firstName")): null

2020-05-28 08:27:42 - [TEST_STEP][PASSED] - break: null

2020-05-28 08:27:42 - [TEST_STEP][PASSED] - callTestCase(findTestCase("AHI/_include/get_screenshot"), [:], STOP_ON_FAILURE): Call Test Case 'Test Cases/AHI/_include/get_screenshot' successfully

2020-05-28 08:27:42 - [TEST_CASE][PASSED] - Test Cases/AHI/_include/get_screenshot: Test Cases/AHI/_include/get_screenshot

2020-05-28 08:27:42 - [TEST_STEP][PASSED] - Thread.sleep(1000): null

2020-05-28 08:27:43 - [TEST_STEP][PASSED] - takeScreenshot(screenPath + i + ".png"): Taking screenshot successfully

2020-05-28 08:27:44 - [MESSAGE][PASSED] - Taking screenshot successfully
[[ATTACHMENT|D:\\Test\\AgileTest\\Reports\\AHI\\ahi\\20200528_080044\\../Screenshots/iPhone 6/AHI/Dental - USA Access/20200528_082703/5.png]]

2020-05-28 08:27:44 - [TEST_STEP][PASSED] - (internal.GlobalVariable.i++): null

2020-05-28 08:27:44 - [MESSAGE][PASSED] - Call Test Case 'Test Cases/AHI/_include/get_screenshot' successfully

2020-05-28 08:27:44 - [TEST_STEP][PASSED] - callTestCase(findTestCase("AHI/_include/name"), [:], CONTINUE_ON_FAILURE): Call Test Case 'Test Cases/AHI/_include/name' successfully

2020-05-28 08:27:44 - [TEST_CASE][PASSED] - Test Cases/AHI/_include/name: Test Cases/AHI/_include/name

2020-05-28 08:27:44 - [TEST_STEP][PASSED] - driver = getWebDriver(): null

2020-05-28 08:27:44 - [TEST_STEP][PASSED] - selenium = new com.thoughtworks.selenium.webdriven.WebDriverBackedSelenium(driver, internal.GlobalVariable.ENV): null

2020-05-28 08:27:44 - [TEST_STEP][PASSED] - FirstName = "Test-123": null

2020-05-28 08:27:44 - [TEST_STEP][PASSED] - LastName = selenium.getEval("{var x="ABCDEFGHIJKLMNOPQRSTUVWXYZabcdefghijklmnopqrstuvwxyz"; var tmp="ZZ11-"; for (i=0;i<8;i++) tmp+=x.charAt(Math.ceil(51*Math.random()));tmp;}"): null

2020-05-28 08:27:44 - [TEST_STEP][PASSED] - Address = selenium.getEval("{var x="ABCDEFGHIJKLMNOPQRSTUVWXYZabcdefghijklmnopqrstuvwxyz"; var tmp=""; for (i=0;i<8;i++) tmp+=x.charAt(Math.ceil(51*Math.random()));tmp;}"): null

2020-05-28 08:27:44 - [TEST_STEP][PASSED] - City = selenium.getEval("{var x="ABCDEFGHIJKLMNOPQRSTUVWXYZabcdefghijklmnopqrstuvwxyz"; var tmp=""; for (i=0;i<8;i++) tmp+=x.charAt(Math.ceil(51*Math.random()));tmp;}"): null

2020-05-28 08:27:44 - [TEST_STEP][PASSED] - tel1 = selenium.getEval("{var x="123456789"; var tmp=""; for (i=0;i<3;i++) tmp+=x.charAt(Math.ceil(8*Math.random()));tmp;}"): null

2020-05-28 08:27:44 - [TEST_STEP][PASSED] - tel2 = selenium.getEval("{var x="123456789"; var tmp=""; for (i=0;i<3;i++) tmp+=x.charAt(Math.ceil(8*Math.random()));tmp;}"): null

2020-05-28 08:27:44 - [TEST_STEP][PASSED] - tel3 = selenium.getEval("{var x="123456789"; var tmp=""; for (i=0;i<4;i++) tmp+=x.charAt(Math.ceil(8*Math.random()));tmp;}"): null

2020-05-28 08:27:44 - [TEST_STEP][PASSED] - Tel = selenium.getExpression(tel1 + "-" + tel2 + "-" + tel3): null

2020-05-28 08:27:44 - [TEST_STEP][PASSED] - AutoEmail = selenium.getEval("{var x="ABCDEFGHIJKLMNOPQRSTUVWXYZabcdefghijklmnopqrstuvwxyz"; var tmp="test."; for (i=0;i<8;i++) tmp+=x.charAt(Math.ceil(51*Math.random()));tmp+="@suryani.cn";}"): null

2020-05-28 08:27:44 - [TEST_STEP][PASSED] - FirstName = FirstName: null

2020-05-28 08:27:44 - [TEST_STEP][PASSED] - LastName = LastName: null

2020-05-28 08:27:44 - [TEST_STEP][PASSED] - Address = Address: null

2020-05-28 08:27:44 - [TEST_STEP][PASSED] - City = City: null

2020-05-28 08:27:44 - [TEST_STEP][PASSED] - Tel = Tel: null

2020-05-28 08:27:44 - [TEST_STEP][PASSED] - AutoEmail = AutoEmail: null

2020-05-28 08:27:44 - [TEST_STEP][PASSED] - println(FirstName): null

2020-05-28 08:27:44 - [TEST_STEP][PASSED] - println(LastName): null

2020-05-28 08:27:44 - [TEST_STEP][PASSED] - println(Address): null

2020-05-28 08:27:44 - [TEST_STEP][PASSED] - println(City): null

2020-05-28 08:27:44 - [TEST_STEP][PASSED] - println(Tel): null

2020-05-28 08:27:44 - [TEST_STEP][PASSED] - println(AutoEmail): null

2020-05-28 08:27:44 - [MESSAGE][PASSED] - Call Test Case 'Test Cases/AHI/_include/name' successfully

2020-05-28 08:27:44 - [TEST_STEP][PASSED] - Thread.sleep(3000): null

2020-05-28 08:27:47 - [TEST_STEP][PASSED] - setText(findTestObject("mobileSanity/Dental/app_page1/input__member-P-1-firstName"), FirstName): Text 'Test-123' is set on object 'Object Repository/mobileSanity/Dental/app_page1/input__member-P-1-firstName'

2020-05-28 08:27:47 - [MESSAGE][PASSED] - Text 'Test-123' is set on object 'Object Repository/mobileSanity/Dental/app_page1/input__member-P-1-firstName'

2020-05-28 08:27:47 - [TEST_STEP][PASSED] - setText(findTestObject("mobileSanity/Dental/app_page1/input__member-P-1-lastName"), LastName): Text 'ZZ11-EVohEDIc' is set on object 'Object Repository/mobileSanity/Dental/app_page1/input__member-P-1-lastName'

2020-05-28 08:27:48 - [MESSAGE][PASSED] - Text 'ZZ11-EVohEDIc' is set on object 'Object Repository/mobileSanity/Dental/app_page1/input__member-P-1-lastName'

2020-05-28 08:27:48 - [TEST_STEP][PASSED] - setText(findTestObject("mobileSanity/Dental/app_page1/input__address"), Address): Text 'KIKpXHUY' is set on object 'Object Repository/mobileSanity/Dental/app_page1/input__address'

2020-05-28 08:27:48 - [MESSAGE][PASSED] - Text 'KIKpXHUY' is set on object 'Object Repository/mobileSanity/Dental/app_page1/input__address'

2020-05-28 08:27:48 - [TEST_STEP][PASSED] - setText(findTestObject("mobileSanity/Dental/app_page1/input__city"), City): Text 'KcBhGFdO' is set on object 'Object Repository/mobileSanity/Dental/app_page1/input__city'

2020-05-28 08:27:48 - [MESSAGE][PASSED] - Text 'KcBhGFdO' is set on object 'Object Repository/mobileSanity/Dental/app_page1/input__city'

2020-05-28 08:27:48 - [TEST_STEP][PASSED] - setText(findTestObject("mobileSanity/Dental/app_page1/input__email"), AutoEmail): Text 'test.qkeeXquI@suryani.cn' is set on object 'Object Repository/mobileSanity/Dental/app_page1/input__email'

2020-05-28 08:27:48 - [MESSAGE][PASSED] - Text 'test.qkeeXquI@suryani.cn' is set on object 'Object Repository/mobileSanity/Dental/app_page1/input__email'

2020-05-28 08:27:48 - [TEST_STEP][PASSED] - setText(findTestObject("mobileSanity/Dental/app_page1/input_phone"), Tel): Text '482-527-4347' is set on object 'Object Repository/mobileSanity/Dental/app_page1/input_phone'

2020-05-28 08:27:49 - [MESSAGE][PASSED] - Text '482-527-4347' is set on object 'Object Repository/mobileSanity/Dental/app_page1/input_phone'

2020-05-28 08:27:49 - [TEST_STEP][PASSED] - click(findTestObject("mobileSanity/Dental/app_page1/a_Continue to Step 2 - Payment")): Object: 'Object Repository/mobileSanity/Dental/app_page1/a_Continue to Step 2 - Payment' is clicked on

2020-05-28 08:27:49 - [MESSAGE][PASSED] - Object: 'Object Repository/mobileSanity/Dental/app_page1/a_Continue to Step 2 - Payment' is clicked on

2020-05-28 08:27:49 - [TEST_STEP][PASSED] - for ([second = 0, second < 20, (second++)]): null

2020-05-28 08:27:49 - [TEST_STEP][PASSED] - try: null

2020-05-28 08:27:49 - [TEST_STEP][PASSED] - if (selenium.isElementPresent("id=credit-card-number")): null

2020-05-28 08:27:49 - [TEST_STEP][PASSED] - Thread.sleep(1000): null

2020-05-28 08:27:50 - [TEST_STEP][PASSED] - try: null

2020-05-28 08:27:50 - [TEST_STEP][PASSED] - if (selenium.isElementPresent("id=credit-card-number")): null

2020-05-28 08:27:50 - [TEST_STEP][PASSED] - break: null

2020-05-28 08:27:50 - [TEST_STEP][PASSED] - Thread.sleep(2000): null

2020-05-28 08:27:52 - [TEST_STEP][PASSED] - click(findTestObject("mobileSanity/Dental/app_page2/membership/label_ihaveread")): Object: 'Object Repository/mobileSanity/Dental/app_page2/membership/label_ihaveread' is clicked on

2020-05-28 08:27:53 - [MESSAGE][PASSED] - Object: 'Object Repository/mobileSanity/Dental/app_page2/membership/label_ihaveread' is clicked on

2020-05-28 08:27:53 - [TEST_STEP][PASSED] - click(findTestObject("mobileSanity/Dental/app_page2/membership/a_ok")): Object: 'Object Repository/mobileSanity/Dental/app_page2/membership/a_ok' is clicked on

2020-05-28 08:27:53 - [MESSAGE][PASSED] - Object: 'Object Repository/mobileSanity/Dental/app_page2/membership/a_ok' is clicked on

2020-05-28 08:27:53 - [TEST_STEP][PASSED] - Thread.sleep(3000): null

2020-05-28 08:27:56 - [TEST_STEP][PASSED] - callTestCase(findTestCase("AHI/_include/get_screenshot"), [:], STOP_ON_FAILURE): Call Test Case 'Test Cases/AHI/_include/get_screenshot' successfully

2020-05-28 08:27:56 - [TEST_CASE][PASSED] - Test Cases/AHI/_include/get_screenshot: Test Cases/AHI/_include/get_screenshot

2020-05-28 08:27:56 - [TEST_STEP][PASSED] - Thread.sleep(1000): null

2020-05-28 08:27:57 - [TEST_STEP][PASSED] - takeScreenshot(screenPath + i + ".png"): Taking screenshot successfully

2020-05-28 08:27:57 - [MESSAGE][PASSED] - Taking screenshot successfully
[[ATTACHMENT|D:\\Test\\AgileTest\\Reports\\AHI\\ahi\\20200528_080044\\../Screenshots/iPhone 6/AHI/Dental - USA Access/20200528_082703/6.png]]

2020-05-28 08:27:57 - [TEST_STEP][PASSED] - (internal.GlobalVariable.i++): null

2020-05-28 08:27:57 - [MESSAGE][PASSED] - Call Test Case 'Test Cases/AHI/_include/get_screenshot' successfully

2020-05-28 08:27:57 - [TEST_STEP][PASSED] - setText(findTestObject("mobileSanity/Dental/app_page2/input__credit-card-first"), FirstName): Text 'Test-123' is set on object 'Object Repository/mobileSanity/Dental/app_page2/input__credit-card-first'

2020-05-28 08:27:58 - [MESSAGE][PASSED] - Text 'Test-123' is set on object 'Object Repository/mobileSanity/Dental/app_page2/input__credit-card-first'

2020-05-28 08:27:58 - [TEST_STEP][PASSED] - setText(findTestObject("mobileSanity/Dental/app_page2/input__credit-card-last"), LastName): Text 'ZZ11-EVohEDIc' is set on object 'Object Repository/mobileSanity/Dental/app_page2/input__credit-card-last'

2020-05-28 08:27:58 - [MESSAGE][PASSED] - Text 'ZZ11-EVohEDIc' is set on object 'Object Repository/mobileSanity/Dental/app_page2/input__credit-card-last'

2020-05-28 08:27:58 - [TEST_STEP][PASSED] - selectOptionByValue(findTestObject("mobileSanity/Dental/app_page2/select_MM010203040506070809101"), "12", true): All options with value '12' are selected in object 'Object Repository/mobileSanity/Dental/app_page2/select_MM010203040506070809101'  using regular expression

2020-05-28 08:27:59 - [MESSAGE][PASSED] - All options with value '12' are selected in object 'Object Repository/mobileSanity/Dental/app_page2/select_MM010203040506070809101'  using regular expression

2020-05-28 08:27:59 - [TEST_STEP][PASSED] - selectOptionByValue(findTestObject("mobileSanity/Dental/app_page2/select_YYYY2019202020212022202"), "2026", true): All options with value '2026' are selected in object 'Object Repository/mobileSanity/Dental/app_page2/select_YYYY2019202020212022202'  using regular expression

2020-05-28 08:27:59 - [MESSAGE][PASSED] - All options with value '2026' are selected in object 'Object Repository/mobileSanity/Dental/app_page2/select_YYYY2019202020212022202'  using regular expression

2020-05-28 08:27:59 - [TEST_STEP][PASSED] - setText(findTestObject("mobileSanity/Dental/app_page2/input__credit-card-number"), "4111111111111111"): Text '4111111111111111' is set on object 'Object Repository/mobileSanity/Dental/app_page2/input__credit-card-number'

2020-05-28 08:27:59 - [MESSAGE][PASSED] - Text '4111111111111111' is set on object 'Object Repository/mobileSanity/Dental/app_page2/input__credit-card-number'

2020-05-28 08:27:59 - [TEST_STEP][PASSED] - setText(findTestObject("mobileSanity/Dental/app_page2/input__cvv"), "123"): Text '123' is set on object 'Object Repository/mobileSanity/Dental/app_page2/input__cvv'

2020-05-28 08:28:00 - [MESSAGE][PASSED] - Text '123' is set on object 'Object Repository/mobileSanity/Dental/app_page2/input__cvv'

2020-05-28 08:28:00 - [TEST_STEP][PASSED] - click(findTestObject("mobileSanity/Dental/app_page2/label_My billing address is th")): Object: 'Object Repository/mobileSanity/Dental/app_page2/label_My billing address is th' is clicked on

2020-05-28 08:28:00 - [MESSAGE][PASSED] - Object: 'Object Repository/mobileSanity/Dental/app_page2/label_My billing address is th' is clicked on

2020-05-28 08:28:00 - [TEST_STEP][PASSED] - click(findTestObject("mobileSanity/Dental/app_page2/label_I Accept Authorization f")): Object: 'Object Repository/mobileSanity/Dental/app_page2/label_I Accept Authorization f' is clicked on

2020-05-28 08:28:00 - [MESSAGE][PASSED] - Object: 'Object Repository/mobileSanity/Dental/app_page2/label_I Accept Authorization f' is clicked on

2020-05-28 08:28:00 - [TEST_STEP][PASSED] - click(findTestObject("mobileSanity/Dental/app_page2/a_Continue to Step 3 - Review")): Object: 'Object Repository/mobileSanity/Dental/app_page2/a_Continue to Step 3 - Review' is clicked on

2020-05-28 08:28:00 - [MESSAGE][PASSED] - Object: 'Object Repository/mobileSanity/Dental/app_page2/a_Continue to Step 3 - Review' is clicked on

2020-05-28 08:28:00 - [TEST_STEP][PASSED] - for ([second = 0, second < 20, (second++)]): null

2020-05-28 08:28:00 - [TEST_STEP][PASSED] - try: null

2020-05-28 08:28:00 - [TEST_STEP][PASSED] - if (selenium.isElementPresent("id=consent-checkbox-0")): null

2020-05-28 08:28:01 - [TEST_STEP][PASSED] - Thread.sleep(1000): null

2020-05-28 08:28:02 - [TEST_STEP][PASSED] - try: null

2020-05-28 08:28:02 - [TEST_STEP][PASSED] - if (selenium.isElementPresent("id=consent-checkbox-0")): null

2020-05-28 08:28:03 - [TEST_STEP][PASSED] - Thread.sleep(1000): null

2020-05-28 08:28:04 - [TEST_STEP][PASSED] - try: null

2020-05-28 08:28:04 - [TEST_STEP][PASSED] - if (selenium.isElementPresent("id=consent-checkbox-0")): null

2020-05-28 08:28:04 - [TEST_STEP][PASSED] - Thread.sleep(1000): null

2020-05-28 08:28:05 - [TEST_STEP][PASSED] - try: null

2020-05-28 08:28:05 - [TEST_STEP][PASSED] - if (selenium.isElementPresent("id=consent-checkbox-0")): null

2020-05-28 08:28:05 - [TEST_STEP][PASSED] - Thread.sleep(1000): null

2020-05-28 08:28:06 - [TEST_STEP][PASSED] - try: null

2020-05-28 08:28:06 - [TEST_STEP][PASSED] - if (selenium.isElementPresent("id=consent-checkbox-0")): null

2020-05-28 08:28:10 - [TEST_STEP][PASSED] - Thread.sleep(1000): null

2020-05-28 08:28:11 - [TEST_STEP][PASSED] - try: null

2020-05-28 08:28:11 - [TEST_STEP][PASSED] - if (selenium.isElementPresent("id=consent-checkbox-0")): null

2020-05-28 08:28:15 - [TEST_STEP][PASSED] - break: null

2020-05-28 08:28:15 - [TEST_STEP][PASSED] - waitForElementClickable(findTestObject("mobileSanity/Dental/app_page3/label"), 20): Object 'Object Repository/mobileSanity/Dental/app_page3/label' is clickable

2020-05-28 08:28:15 - [MESSAGE][PASSED] - Object 'Object Repository/mobileSanity/Dental/app_page3/label' is clickable

2020-05-28 08:28:15 - [TEST_STEP][PASSED] - callTestCase(findTestCase("AHI/_include/get_screenshot"), [:], STOP_ON_FAILURE): Call Test Case 'Test Cases/AHI/_include/get_screenshot' successfully

2020-05-28 08:28:16 - [TEST_CASE][PASSED] - Test Cases/AHI/_include/get_screenshot: Test Cases/AHI/_include/get_screenshot

2020-05-28 08:28:16 - [TEST_STEP][PASSED] - Thread.sleep(1000): null

2020-05-28 08:28:17 - [TEST_STEP][PASSED] - takeScreenshot(screenPath + i + ".png"): Taking screenshot successfully

2020-05-28 08:28:19 - [MESSAGE][PASSED] - Taking screenshot successfully
[[ATTACHMENT|D:\\Test\\AgileTest\\Reports\\AHI\\ahi\\20200528_080044\\../Screenshots/iPhone 6/AHI/Dental - USA Access/20200528_082703/7.png]]

2020-05-28 08:28:19 - [TEST_STEP][PASSED] - (internal.GlobalVariable.i++): null

2020-05-28 08:28:20 - [MESSAGE][PASSED] - Call Test Case 'Test Cases/AHI/_include/get_screenshot' successfully

2020-05-28 08:28:20 - [TEST_STEP][PASSED] - click(findTestObject("mobileSanity/Dental/app_page3/label")): Object: 'Object Repository/mobileSanity/Dental/app_page3/label' is clicked on

2020-05-28 08:28:25 - [MESSAGE][PASSED] - Object: 'Object Repository/mobileSanity/Dental/app_page3/label' is clicked on

2020-05-28 08:28:25 - [TEST_STEP][PASSED] - click(findTestObject("mobileSanity/Dental/app_page3/p_CLICK TO SIGN")): Object: 'Object Repository/mobileSanity/Dental/app_page3/p_CLICK TO SIGN' is clicked on

2020-05-28 08:28:30 - [MESSAGE][PASSED] - Object: 'Object Repository/mobileSanity/Dental/app_page3/p_CLICK TO SIGN' is clicked on

2020-05-28 08:28:30 - [TEST_STEP][PASSED] - click(findTestObject("mobileSanity/Dental/app_page3/a_Submit Your Application")): Object: 'Object Repository/mobileSanity/Dental/app_page3/a_Submit Your Application' is clicked on

2020-05-28 08:28:34 - [MESSAGE][PASSED] - Object: 'Object Repository/mobileSanity/Dental/app_page3/a_Submit Your Application' is clicked on

2020-05-28 08:28:34 - [TEST_STEP][PASSED] - for ([second = 0, second < 30, (second++)]): null

2020-05-28 08:28:34 - [TEST_STEP][PASSED] - try: null

2020-05-28 08:28:34 - [TEST_STEP][PASSED] - if (selenium.isElementPresent("id=app-confirmation")): null

2020-05-28 08:28:35 - [TEST_STEP][PASSED] - Thread.sleep(1000): null

2020-05-28 08:28:36 - [TEST_STEP][PASSED] - try: null

2020-05-28 08:28:36 - [TEST_STEP][PASSED] - if (selenium.isElementPresent("id=app-confirmation")): null

2020-05-28 08:28:36 - [TEST_STEP][PASSED] - Thread.sleep(1000): null

2020-05-28 08:28:37 - [TEST_STEP][PASSED] - try: null

2020-05-28 08:28:37 - [TEST_STEP][PASSED] - if (selenium.isElementPresent("id=app-confirmation")): null

2020-05-28 08:28:37 - [TEST_STEP][PASSED] - Thread.sleep(1000): null

2020-05-28 08:28:38 - [TEST_STEP][PASSED] - try: null

2020-05-28 08:28:38 - [TEST_STEP][PASSED] - if (selenium.isElementPresent("id=app-confirmation")): null

2020-05-28 08:28:39 - [TEST_STEP][PASSED] - Thread.sleep(1000): null

2020-05-28 08:28:40 - [TEST_STEP][PASSED] - try: null

2020-05-28 08:28:40 - [TEST_STEP][PASSED] - if (selenium.isElementPresent("id=app-confirmation")): null

2020-05-28 08:28:40 - [TEST_STEP][PASSED] - Thread.sleep(1000): null

2020-05-28 08:28:41 - [TEST_STEP][PASSED] - try: null

2020-05-28 08:28:41 - [TEST_STEP][PASSED] - if (selenium.isElementPresent("id=app-confirmation")): null

2020-05-28 08:28:42 - [TEST_STEP][PASSED] - Thread.sleep(1000): null

2020-05-28 08:28:43 - [TEST_STEP][PASSED] - try: null

2020-05-28 08:28:43 - [TEST_STEP][PASSED] - if (selenium.isElementPresent("id=app-confirmation")): null

2020-05-28 08:28:43 - [TEST_STEP][PASSED] - Thread.sleep(1000): null

2020-05-28 08:28:45 - [TEST_STEP][PASSED] - try: null

2020-05-28 08:28:45 - [TEST_STEP][PASSED] - if (selenium.isElementPresent("id=app-confirmation")): null

2020-05-28 08:28:45 - [TEST_STEP][PASSED] - Thread.sleep(1000): null

2020-05-28 08:28:46 - [TEST_STEP][PASSED] - try: null

2020-05-28 08:28:46 - [TEST_STEP][PASSED] - if (selenium.isElementPresent("id=app-confirmation")): null

2020-05-28 08:28:47 - [TEST_STEP][PASSED] - Thread.sleep(1000): null

2020-05-28 08:28:48 - [TEST_STEP][PASSED] - try: null

2020-05-28 08:28:48 - [TEST_STEP][PASSED] - if (selenium.isElementPresent("id=app-confirmation")): null

2020-05-28 08:28:48 - [TEST_STEP][PASSED] - Thread.sleep(1000): null

2020-05-28 08:28:50 - [TEST_STEP][PASSED] - try: null

2020-05-28 08:28:50 - [TEST_STEP][PASSED] - if (selenium.isElementPresent("id=app-confirmation")): null

2020-05-28 08:28:50 - [TEST_STEP][PASSED] - Thread.sleep(1000): null

2020-05-28 08:28:51 - [TEST_STEP][PASSED] - try: null

2020-05-28 08:28:51 - [TEST_STEP][PASSED] - if (selenium.isElementPresent("id=app-confirmation")): null

2020-05-28 08:28:51 - [TEST_STEP][PASSED] - Thread.sleep(1000): null

2020-05-28 08:28:53 - [TEST_STEP][PASSED] - try: null

2020-05-28 08:28:53 - [TEST_STEP][PASSED] - if (selenium.isElementPresent("id=app-confirmation")): null

2020-05-28 08:28:53 - [TEST_STEP][PASSED] - Thread.sleep(1000): null

2020-05-28 08:28:54 - [TEST_STEP][PASSED] - try: null

2020-05-28 08:28:54 - [TEST_STEP][PASSED] - if (selenium.isElementPresent("id=app-confirmation")): null

2020-05-28 08:28:54 - [TEST_STEP][PASSED] - Thread.sleep(1000): null

2020-05-28 08:28:55 - [TEST_STEP][PASSED] - try: null

2020-05-28 08:28:55 - [TEST_STEP][PASSED] - if (selenium.isElementPresent("id=app-confirmation")): null

2020-05-28 08:28:56 - [TEST_STEP][PASSED] - Thread.sleep(1000): null

2020-05-28 08:28:57 - [TEST_STEP][PASSED] - try: null

2020-05-28 08:28:57 - [TEST_STEP][PASSED] - if (selenium.isElementPresent("id=app-confirmation")): null

2020-05-28 08:28:57 - [TEST_STEP][PASSED] - Thread.sleep(1000): null

2020-05-28 08:28:58 - [TEST_STEP][PASSED] - try: null

2020-05-28 08:28:58 - [TEST_STEP][PASSED] - if (selenium.isElementPresent("id=app-confirmation")): null

2020-05-28 08:28:59 - [TEST_STEP][PASSED] - Thread.sleep(1000): null

2020-05-28 08:29:00 - [TEST_STEP][PASSED] - try: null

2020-05-28 08:29:00 - [TEST_STEP][PASSED] - if (selenium.isElementPresent("id=app-confirmation")): null

2020-05-28 08:29:00 - [TEST_STEP][PASSED] - Thread.sleep(1000): null

2020-05-28 08:29:01 - [TEST_STEP][PASSED] - try: null

2020-05-28 08:29:01 - [TEST_STEP][PASSED] - if (selenium.isElementPresent("id=app-confirmation")): null

2020-05-28 08:29:01 - [TEST_STEP][PASSED] - Thread.sleep(1000): null

2020-05-28 08:29:02 - [TEST_STEP][PASSED] - try: null

2020-05-28 08:29:02 - [TEST_STEP][PASSED] - if (selenium.isElementPresent("id=app-confirmation")): null

2020-05-28 08:29:03 - [TEST_STEP][PASSED] - Thread.sleep(1000): null

2020-05-28 08:29:04 - [TEST_STEP][PASSED] - try: null

2020-05-28 08:29:04 - [TEST_STEP][PASSED] - if (selenium.isElementPresent("id=app-confirmation")): null

2020-05-28 08:29:04 - [TEST_STEP][PASSED] - Thread.sleep(1000): null

2020-05-28 08:29:05 - [TEST_STEP][PASSED] - try: null

2020-05-28 08:29:05 - [TEST_STEP][PASSED] - if (selenium.isElementPresent("id=app-confirmation")): null

2020-05-28 08:29:05 - [TEST_STEP][PASSED] - Thread.sleep(1000): null

2020-05-28 08:29:06 - [TEST_STEP][PASSED] - try: null

2020-05-28 08:29:06 - [TEST_STEP][PASSED] - if (selenium.isElementPresent("id=app-confirmation")): null

2020-05-28 08:29:07 - [TEST_STEP][PASSED] - Thread.sleep(1000): null

2020-05-28 08:29:08 - [TEST_STEP][PASSED] - try: null

2020-05-28 08:29:08 - [TEST_STEP][PASSED] - if (selenium.isElementPresent("id=app-confirmation")): null

2020-05-28 08:29:08 - [TEST_STEP][PASSED] - Thread.sleep(1000): null

2020-05-28 08:29:09 - [TEST_STEP][PASSED] - try: null

2020-05-28 08:29:09 - [TEST_STEP][PASSED] - if (selenium.isElementPresent("id=app-confirmation")): null

2020-05-28 08:29:09 - [TEST_STEP][PASSED] - Thread.sleep(1000): null

2020-05-28 08:29:10 - [TEST_STEP][PASSED] - try: null

2020-05-28 08:29:10 - [TEST_STEP][PASSED] - if (selenium.isElementPresent("id=app-confirmation")): null

2020-05-28 08:29:11 - [TEST_STEP][PASSED] - Thread.sleep(1000): null

2020-05-28 08:29:12 - [TEST_STEP][PASSED] - try: null

2020-05-28 08:29:12 - [TEST_STEP][PASSED] - if (selenium.isElementPresent("id=app-confirmation")): null

2020-05-28 08:29:12 - [TEST_STEP][PASSED] - Thread.sleep(1000): null

2020-05-28 08:29:13 - [TEST_STEP][PASSED] - try: null

2020-05-28 08:29:13 - [TEST_STEP][PASSED] - if (selenium.isElementPresent("id=app-confirmation")): null

2020-05-28 08:29:13 - [TEST_STEP][PASSED] - Thread.sleep(1000): null

2020-05-28 08:29:14 - [TEST_STEP][PASSED] - try: null

2020-05-28 08:29:14 - [TEST_STEP][PASSED] - if (selenium.isElementPresent("id=app-confirmation")): null

2020-05-28 08:29:14 - [TEST_STEP][PASSED] - Thread.sleep(1000): null

2020-05-28 08:29:15 - [TEST_STEP][PASSED] - try: null

2020-05-28 08:29:15 - [TEST_STEP][PASSED] - if (selenium.isElementPresent("id=app-confirmation")): null

2020-05-28 08:29:15 - [TEST_STEP][PASSED] - Thread.sleep(1000): null

2020-05-28 08:29:17 - [TEST_STEP][PASSED] - callTestCase(findTestCase("AHI/_include/get_screenshot"), [:], STOP_ON_FAILURE): Call Test Case 'Test Cases/AHI/_include/get_screenshot' successfully

2020-05-28 08:29:17 - [TEST_CASE][PASSED] - Test Cases/AHI/_include/get_screenshot: Test Cases/AHI/_include/get_screenshot

2020-05-28 08:29:17 - [TEST_STEP][PASSED] - Thread.sleep(1000): null

2020-05-28 08:29:18 - [TEST_STEP][PASSED] - takeScreenshot(screenPath + i + ".png"): Taking screenshot successfully

2020-05-28 08:29:19 - [MESSAGE][PASSED] - Taking screenshot successfully
[[ATTACHMENT|D:\\Test\\AgileTest\\Reports\\AHI\\ahi\\20200528_080044\\../Screenshots/iPhone 6/AHI/Dental - USA Access/20200528_082703/8.png]]

2020-05-28 08:29:19 - [TEST_STEP][PASSED] - (internal.GlobalVariable.i++): null

2020-05-28 08:29:19 - [MESSAGE][PASSED] - Call Test Case 'Test Cases/AHI/_include/get_screenshot' successfully]]></system-out>
         <system-err><![CDATA[]]></system-err>
      </testcase>
      <testcase name="Test Cases/AHI/NEW/HBI" classname="Test Cases/AHI/NEW/HBI" status="PASSED">
         <system-out><![CDATA[2020-05-28 08:29:19 - [TEST_CASE][PASSED] - Test Cases/AHI/NEW/HBI: Test Cases/AHI/NEW/HBI

2020-05-28 08:29:20 - [TEST_STEP][PASSED] - callTestCase(findTestCase("AHI/_include/get_screenPath"), ["productLine":"AHI", "carrierName":"HBI"], CONTINUE_ON_FAILURE): Call Test Case 'Test Cases/AHI/_include/get_screenPath' successfully

2020-05-28 08:29:20 - [TEST_CASE][PASSED] - Test Cases/AHI/_include/get_screenPath: Test Cases/AHI/_include/get_screenPath

2020-05-28 08:29:20 - [TEST_STEP][PASSED] - m = getExecutionProperties(): null

2020-05-28 08:29:20 - [TEST_STEP][PASSED] - deviceName = get("mobileEmulation").get("deviceName"): null

2020-05-28 08:29:20 - [TEST_STEP][PASSED] - println(deviceName): null

2020-05-28 08:29:20 - [TEST_STEP][PASSED] - now = new java.util.Date(): null

2020-05-28 08:29:20 - [TEST_STEP][PASSED] - mydate = now.format("yyyyMMdd_HHmmss"): null

2020-05-28 08:29:20 - [TEST_STEP][PASSED] - screenPath = "../Screenshots/": null

2020-05-28 08:29:20 - [TEST_STEP][PASSED] - screenPath = screenPath + deviceName + "/" + productLine + "/" + carrierName + "/" + mydate + "/": null

2020-05-28 08:29:20 - [TEST_STEP][PASSED] - println(screenPath): null

2020-05-28 08:29:20 - [MESSAGE][PASSED] - Call Test Case 'Test Cases/AHI/_include/get_screenPath' successfully

2020-05-28 08:29:20 - [TEST_STEP][PASSED] - i = 0: null

2020-05-28 08:29:20 - [TEST_STEP][PASSED] - callTestCase(findTestCase("AHI/_include/openWebSite"), [:], CONTINUE_ON_FAILURE): Call Test Case 'Test Cases/AHI/_include/openWebSite' successfully

2020-05-28 08:29:20 - [TEST_CASE][PASSED] - Test Cases/AHI/_include/openWebSite: Test Cases/AHI/_include/openWebSite

2020-05-28 08:29:20 - [TEST_STEP][PASSED] - openBrowser(env): Browser is opened with url: 'https://praetemptatus.agilehealthinsurance.com'

2020-05-28 08:29:20 - [MESSAGE][WARNING] - A browser is already opened. Closing browser and opening a new one

2020-05-28 08:29:23 - [MESSAGE][INFO] - Starting 'Chrome' driver

2020-05-28 08:29:23 - [MESSAGE][INFO] - User set preference: ['mobileEmulation', '{deviceName=iPhone 6}']

2020-05-28 08:29:23 - [MESSAGE][INFO] - User set preference: ['args', '[--incognito, --aggressive-cache-discard, --window-size=375,677, --no-sandbox, --ignore-certificate-errors]']

2020-05-28 08:29:57 - [MESSAGE][PASSED] - Browser is opened with url: 'https://praetemptatus.agilehealthinsurance.com'

2020-05-28 08:29:57 - [TEST_STEP][PASSED] - waitForPageLoad(20): Wait for page load successfully

2020-05-28 08:30:16 - [MESSAGE][PASSED] - Wait for page load successfully

2020-05-28 08:30:16 - [TEST_STEP][PASSED] - callTestCase(findTestCase("AHI/_include/get_screenshot"), [:], STOP_ON_FAILURE): Call Test Case 'Test Cases/AHI/_include/get_screenshot' successfully

2020-05-28 08:30:16 - [TEST_CASE][PASSED] - Test Cases/AHI/_include/get_screenshot: Test Cases/AHI/_include/get_screenshot

2020-05-28 08:30:16 - [TEST_STEP][PASSED] - Thread.sleep(1000): null

2020-05-28 08:30:17 - [TEST_STEP][PASSED] - takeScreenshot(screenPath + i + ".png"): Taking screenshot successfully

2020-05-28 08:30:20 - [MESSAGE][PASSED] - Taking screenshot successfully
[[ATTACHMENT|D:\\Test\\AgileTest\\Reports\\AHI\\ahi\\20200528_080044\\../Screenshots/iPhone 6/AHI/HBI/20200528_082920/0.png]]

2020-05-28 08:30:20 - [TEST_STEP][PASSED] - (internal.GlobalVariable.i++): null

2020-05-28 08:30:20 - [MESSAGE][PASSED] - Call Test Case 'Test Cases/AHI/_include/get_screenshot' successfully

2020-05-28 08:30:20 - [MESSAGE][PASSED] - Call Test Case 'Test Cases/AHI/_include/openWebSite' successfully

2020-05-28 08:30:20 - [TEST_STEP][PASSED] - driver = getWebDriver(): null

2020-05-28 08:30:20 - [TEST_STEP][PASSED] - baseUrl = ENV: null

2020-05-28 08:30:20 - [TEST_STEP][PASSED] - selenium = new com.thoughtworks.selenium.webdriven.WebDriverBackedSelenium(driver, baseUrl): null

2020-05-28 08:30:20 - [TEST_STEP][PASSED] - selenium.click("//*[@class='filter-option-inner-inner']"): null

2020-05-28 08:30:21 - [TEST_STEP][PASSED] - selenium.click("id=bs-select-1-3"): null

2020-05-28 08:30:22 - [TEST_STEP][PASSED] - selenium.click("id=primaryCTA"): null

2020-05-28 08:30:33 - [TEST_STEP][PASSED] - for ([second = 0, second < 10, (second++)]): null

2020-05-28 08:30:33 - [TEST_STEP][PASSED] - try: null

2020-05-28 08:30:33 - [TEST_STEP][PASSED] - if (selenium.isElementPresent("id=js-traffic-to-aiq")): null

2020-05-28 08:30:41 - [TEST_STEP][PASSED] - break: null

2020-05-28 08:30:41 - [TEST_STEP][PASSED] - callTestCase(findTestCase("AHI/_include/get_screenshot"), [:], STOP_ON_FAILURE): Call Test Case 'Test Cases/AHI/_include/get_screenshot' successfully

2020-05-28 08:30:41 - [TEST_CASE][PASSED] - Test Cases/AHI/_include/get_screenshot: Test Cases/AHI/_include/get_screenshot

2020-05-28 08:30:41 - [TEST_STEP][PASSED] - Thread.sleep(1000): null

2020-05-28 08:30:42 - [TEST_STEP][PASSED] - takeScreenshot(screenPath + i + ".png"): Taking screenshot successfully

2020-05-28 08:30:43 - [MESSAGE][PASSED] - Taking screenshot successfully
[[ATTACHMENT|D:\\Test\\AgileTest\\Reports\\AHI\\ahi\\20200528_080044\\../Screenshots/iPhone 6/AHI/HBI/20200528_082920/1.png]]

2020-05-28 08:30:43 - [TEST_STEP][PASSED] - (internal.GlobalVariable.i++): null

2020-05-28 08:30:43 - [MESSAGE][PASSED] - Call Test Case 'Test Cases/AHI/_include/get_screenshot' successfully

2020-05-28 08:30:43 - [TEST_STEP][PASSED] - url = selenium.getAttribute("xpath=(//a[@id='js-traffic-to-aiq'])@href"): null

2020-05-28 08:30:44 - [TEST_STEP][PASSED] - navigateToUrl(url): Navigate to 'https://healthinsurance.net/health?utm_source=hiiq&utm_medium=cpm&utm_campaign=agile' successfully

2020-05-28 08:31:04 - [MESSAGE][PASSED] - Navigate to 'https://healthinsurance.net/health?utm_source=hiiq&utm_medium=cpm&utm_campaign=agile' successfully

2020-05-28 08:31:04 - [TEST_STEP][PASSED] - waitForPageLoad(10): Wait for page load successfully

2020-05-28 08:31:04 - [MESSAGE][PASSED] - Wait for page load successfully

2020-05-28 08:31:04 - [TEST_STEP][PASSED] - callTestCase(findTestCase("AHI/_include/get_screenshot"), [:], STOP_ON_FAILURE): Call Test Case 'Test Cases/AHI/_include/get_screenshot' successfully

2020-05-28 08:31:04 - [TEST_CASE][PASSED] - Test Cases/AHI/_include/get_screenshot: Test Cases/AHI/_include/get_screenshot

2020-05-28 08:31:04 - [TEST_STEP][PASSED] - Thread.sleep(1000): null

2020-05-28 08:31:05 - [TEST_STEP][PASSED] - takeScreenshot(screenPath + i + ".png"): Taking screenshot successfully

2020-05-28 08:31:07 - [MESSAGE][PASSED] - Taking screenshot successfully
[[ATTACHMENT|D:\\Test\\AgileTest\\Reports\\AHI\\ahi\\20200528_080044\\../Screenshots/iPhone 6/AHI/HBI/20200528_082920/2.png]]

2020-05-28 08:31:07 - [TEST_STEP][PASSED] - (internal.GlobalVariable.i++): null

2020-05-28 08:31:07 - [MESSAGE][PASSED] - Call Test Case 'Test Cases/AHI/_include/get_screenshot' successfully]]></system-out>
         <system-err><![CDATA[]]></system-err>
      </testcase>
      <testcase name="Test Cases/AHI/NEW/Medicare" classname="Test Cases/AHI/NEW/Medicare" status="PASSED">
         <system-out><![CDATA[2020-05-28 08:31:07 - [TEST_CASE][PASSED] - Test Cases/AHI/NEW/Medicare: Test Cases/AHI/NEW/Medicare

2020-05-28 08:31:07 - [TEST_STEP][PASSED] - callTestCase(findTestCase("AHI/_include/get_screenPath"), ["productLine":"AHI", "carrierName":"Medicare"], CONTINUE_ON_FAILURE): Call Test Case 'Test Cases/AHI/_include/get_screenPath' successfully

2020-05-28 08:31:07 - [TEST_CASE][PASSED] - Test Cases/AHI/_include/get_screenPath: Test Cases/AHI/_include/get_screenPath

2020-05-28 08:31:07 - [TEST_STEP][PASSED] - m = getExecutionProperties(): null

2020-05-28 08:31:07 - [TEST_STEP][PASSED] - deviceName = get("mobileEmulation").get("deviceName"): null

2020-05-28 08:31:07 - [TEST_STEP][PASSED] - println(deviceName): null

2020-05-28 08:31:07 - [TEST_STEP][PASSED] - now = new java.util.Date(): null

2020-05-28 08:31:07 - [TEST_STEP][PASSED] - mydate = now.format("yyyyMMdd_HHmmss"): null

2020-05-28 08:31:07 - [TEST_STEP][PASSED] - screenPath = "../Screenshots/": null

2020-05-28 08:31:07 - [TEST_STEP][PASSED] - screenPath = screenPath + deviceName + "/" + productLine + "/" + carrierName + "/" + mydate + "/": null

2020-05-28 08:31:07 - [TEST_STEP][PASSED] - println(screenPath): null

2020-05-28 08:31:07 - [MESSAGE][PASSED] - Call Test Case 'Test Cases/AHI/_include/get_screenPath' successfully

2020-05-28 08:31:07 - [TEST_STEP][PASSED] - i = 0: null

2020-05-28 08:31:07 - [TEST_STEP][PASSED] - callTestCase(findTestCase("AHI/_include/openWebSite"), [:], CONTINUE_ON_FAILURE): Call Test Case 'Test Cases/AHI/_include/openWebSite' successfully

2020-05-28 08:31:07 - [TEST_CASE][PASSED] - Test Cases/AHI/_include/openWebSite: Test Cases/AHI/_include/openWebSite

2020-05-28 08:31:07 - [TEST_STEP][PASSED] - openBrowser(env): Browser is opened with url: 'https://praetemptatus.agilehealthinsurance.com'

2020-05-28 08:31:07 - [MESSAGE][WARNING] - A browser is already opened. Closing browser and opening a new one

2020-05-28 08:31:09 - [MESSAGE][INFO] - Starting 'Chrome' driver

2020-05-28 08:31:09 - [MESSAGE][INFO] - User set preference: ['mobileEmulation', '{deviceName=iPhone 6}']

2020-05-28 08:31:09 - [MESSAGE][INFO] - User set preference: ['args', '[--incognito, --aggressive-cache-discard, --window-size=375,677, --no-sandbox, --ignore-certificate-errors]']

2020-05-28 08:31:18 - [MESSAGE][PASSED] - Browser is opened with url: 'https://praetemptatus.agilehealthinsurance.com'

2020-05-28 08:31:18 - [TEST_STEP][PASSED] - waitForPageLoad(20): Wait for page load successfully

2020-05-28 08:31:18 - [MESSAGE][PASSED] - Wait for page load successfully

2020-05-28 08:31:18 - [TEST_STEP][PASSED] - callTestCase(findTestCase("AHI/_include/get_screenshot"), [:], STOP_ON_FAILURE): Call Test Case 'Test Cases/AHI/_include/get_screenshot' successfully

2020-05-28 08:31:18 - [TEST_CASE][PASSED] - Test Cases/AHI/_include/get_screenshot: Test Cases/AHI/_include/get_screenshot

2020-05-28 08:31:18 - [TEST_STEP][PASSED] - Thread.sleep(1000): null

2020-05-28 08:31:20 - [TEST_STEP][PASSED] - takeScreenshot(screenPath + i + ".png"): Taking screenshot successfully

2020-05-28 08:31:21 - [MESSAGE][PASSED] - Taking screenshot successfully
[[ATTACHMENT|D:\\Test\\AgileTest\\Reports\\AHI\\ahi\\20200528_080044\\../Screenshots/iPhone 6/AHI/Medicare/20200528_083107/0.png]]

2020-05-28 08:31:21 - [TEST_STEP][PASSED] - (internal.GlobalVariable.i++): null

2020-05-28 08:31:21 - [MESSAGE][PASSED] - Call Test Case 'Test Cases/AHI/_include/get_screenshot' successfully

2020-05-28 08:31:21 - [MESSAGE][PASSED] - Call Test Case 'Test Cases/AHI/_include/openWebSite' successfully

2020-05-28 08:31:21 - [TEST_STEP][PASSED] - driver = getWebDriver(): null

2020-05-28 08:31:21 - [TEST_STEP][PASSED] - baseUrl = ENV: null

2020-05-28 08:31:21 - [TEST_STEP][PASSED] - selenium = new com.thoughtworks.selenium.webdriven.WebDriverBackedSelenium(driver, baseUrl): null

2020-05-28 08:31:21 - [TEST_STEP][PASSED] - selenium.click("//*[@class='filter-option-inner-inner']"): null

2020-05-28 08:31:21 - [TEST_STEP][PASSED] - selenium.click("id=bs-select-1-4"): null

2020-05-28 08:31:22 - [TEST_STEP][PASSED] - selenium.click("id=primaryCTA"): null

2020-05-28 08:31:22 - [TEST_STEP][PASSED] - for ([second = 0, second < 10, (second++)]): null

2020-05-28 08:31:22 - [TEST_STEP][PASSED] - try: null

2020-05-28 08:31:22 - [TEST_STEP][PASSED] - if (selenium.isElementPresent("//h1[contains(text(),'Compare Medicare health plans')]")): null

2020-05-28 08:31:22 - [TEST_STEP][PASSED] - Thread.sleep(1000): null

2020-05-28 08:31:23 - [TEST_STEP][PASSED] - try: null

2020-05-28 08:31:23 - [TEST_STEP][PASSED] - if (selenium.isElementPresent("//h1[contains(text(),'Compare Medicare health plans')]")): null

2020-05-28 08:31:23 - [TEST_STEP][PASSED] - Thread.sleep(1000): null

2020-05-28 08:31:24 - [TEST_STEP][PASSED] - try: null

2020-05-28 08:31:24 - [TEST_STEP][PASSED] - if (selenium.isElementPresent("//h1[contains(text(),'Compare Medicare health plans')]")): null

2020-05-28 08:31:24 - [TEST_STEP][PASSED] - Thread.sleep(1000): null

2020-05-28 08:31:25 - [TEST_STEP][PASSED] - try: null

2020-05-28 08:31:25 - [TEST_STEP][PASSED] - if (selenium.isElementPresent("//h1[contains(text(),'Compare Medicare health plans')]")): null

2020-05-28 08:31:25 - [TEST_STEP][PASSED] - Thread.sleep(1000): null

2020-05-28 08:31:26 - [TEST_STEP][PASSED] - try: null

2020-05-28 08:31:26 - [TEST_STEP][PASSED] - if (selenium.isElementPresent("//h1[contains(text(),'Compare Medicare health plans')]")): null

2020-05-28 08:31:26 - [TEST_STEP][PASSED] - Thread.sleep(1000): null

2020-05-28 08:31:27 - [TEST_STEP][PASSED] - try: null

2020-05-28 08:31:27 - [TEST_STEP][PASSED] - if (selenium.isElementPresent("//h1[contains(text(),'Compare Medicare health plans')]")): null

2020-05-28 08:31:28 - [TEST_STEP][PASSED] - break: null

2020-05-28 08:31:28 - [TEST_STEP][PASSED] - callTestCase(findTestCase("AHI/_include/get_screenshot"), [:], STOP_ON_FAILURE): Call Test Case 'Test Cases/AHI/_include/get_screenshot' successfully

2020-05-28 08:31:28 - [TEST_CASE][PASSED] - Test Cases/AHI/_include/get_screenshot: Test Cases/AHI/_include/get_screenshot

2020-05-28 08:31:28 - [TEST_STEP][PASSED] - Thread.sleep(1000): null

2020-05-28 08:31:29 - [TEST_STEP][PASSED] - takeScreenshot(screenPath + i + ".png"): Taking screenshot successfully

2020-05-28 08:31:29 - [MESSAGE][PASSED] - Taking screenshot successfully
[[ATTACHMENT|D:\\Test\\AgileTest\\Reports\\AHI\\ahi\\20200528_080044\\../Screenshots/iPhone 6/AHI/Medicare/20200528_083107/1.png]]

2020-05-28 08:31:29 - [TEST_STEP][PASSED] - (internal.GlobalVariable.i++): null

2020-05-28 08:31:29 - [MESSAGE][PASSED] - Call Test Case 'Test Cases/AHI/_include/get_screenshot' successfully]]></system-out>
         <system-err><![CDATA[]]></system-err>
      </testcase>
      <testcase name="Test Cases/AHI/NEW/Pet Insurance" classname="Test Cases/AHI/NEW/Pet Insurance" status="PASSED">
         <system-out><![CDATA[2020-05-28 08:31:29 - [TEST_CASE][PASSED] - Test Cases/AHI/NEW/Pet Insurance: Test Cases/AHI/NEW/Pet Insurance

2020-05-28 08:31:30 - [TEST_STEP][PASSED] - callTestCase(findTestCase("AHI/_include/get_screenPath"), ["productLine":"AHI", "carrierName":"Pet Insurance"], CONTINUE_ON_FAILURE): Call Test Case 'Test Cases/AHI/_include/get_screenPath' successfully

2020-05-28 08:31:30 - [TEST_CASE][PASSED] - Test Cases/AHI/_include/get_screenPath: Test Cases/AHI/_include/get_screenPath

2020-05-28 08:31:30 - [TEST_STEP][PASSED] - m = getExecutionProperties(): null

2020-05-28 08:31:30 - [TEST_STEP][PASSED] - deviceName = get("mobileEmulation").get("deviceName"): null

2020-05-28 08:31:30 - [TEST_STEP][PASSED] - println(deviceName): null

2020-05-28 08:31:30 - [TEST_STEP][PASSED] - now = new java.util.Date(): null

2020-05-28 08:31:30 - [TEST_STEP][PASSED] - mydate = now.format("yyyyMMdd_HHmmss"): null

2020-05-28 08:31:30 - [TEST_STEP][PASSED] - screenPath = "../Screenshots/": null

2020-05-28 08:31:30 - [TEST_STEP][PASSED] - screenPath = screenPath + deviceName + "/" + productLine + "/" + carrierName + "/" + mydate + "/": null

2020-05-28 08:31:30 - [TEST_STEP][PASSED] - println(screenPath): null

2020-05-28 08:31:30 - [MESSAGE][PASSED] - Call Test Case 'Test Cases/AHI/_include/get_screenPath' successfully

2020-05-28 08:31:30 - [TEST_STEP][PASSED] - i = 0: null

2020-05-28 08:31:30 - [TEST_STEP][PASSED] - callTestCase(findTestCase("AHI/_include/openWebSite"), [:], CONTINUE_ON_FAILURE): Call Test Case 'Test Cases/AHI/_include/openWebSite' successfully

2020-05-28 08:31:30 - [TEST_CASE][PASSED] - Test Cases/AHI/_include/openWebSite: Test Cases/AHI/_include/openWebSite

2020-05-28 08:31:30 - [TEST_STEP][PASSED] - openBrowser(env): Browser is opened with url: 'https://praetemptatus.agilehealthinsurance.com'

2020-05-28 08:31:30 - [MESSAGE][WARNING] - A browser is already opened. Closing browser and opening a new one

2020-05-28 08:31:31 - [MESSAGE][INFO] - Starting 'Chrome' driver

2020-05-28 08:31:31 - [MESSAGE][INFO] - User set preference: ['mobileEmulation', '{deviceName=iPhone 6}']

2020-05-28 08:31:31 - [MESSAGE][INFO] - User set preference: ['args', '[--incognito, --aggressive-cache-discard, --window-size=375,677, --no-sandbox, --ignore-certificate-errors]']

2020-05-28 08:31:39 - [MESSAGE][PASSED] - Browser is opened with url: 'https://praetemptatus.agilehealthinsurance.com'

2020-05-28 08:31:39 - [TEST_STEP][PASSED] - waitForPageLoad(20): Wait for page load successfully

2020-05-28 08:31:39 - [MESSAGE][PASSED] - Wait for page load successfully

2020-05-28 08:31:39 - [TEST_STEP][PASSED] - callTestCase(findTestCase("AHI/_include/get_screenshot"), [:], STOP_ON_FAILURE): Call Test Case 'Test Cases/AHI/_include/get_screenshot' successfully

2020-05-28 08:31:39 - [TEST_CASE][PASSED] - Test Cases/AHI/_include/get_screenshot: Test Cases/AHI/_include/get_screenshot

2020-05-28 08:31:39 - [TEST_STEP][PASSED] - Thread.sleep(1000): null

2020-05-28 08:31:40 - [TEST_STEP][PASSED] - takeScreenshot(screenPath + i + ".png"): Taking screenshot successfully

2020-05-28 08:31:42 - [MESSAGE][PASSED] - Taking screenshot successfully
[[ATTACHMENT|D:\\Test\\AgileTest\\Reports\\AHI\\ahi\\20200528_080044\\../Screenshots/iPhone 6/AHI/Pet Insurance/20200528_083130/0.png]]

2020-05-28 08:31:42 - [TEST_STEP][PASSED] - (internal.GlobalVariable.i++): null

2020-05-28 08:31:42 - [MESSAGE][PASSED] - Call Test Case 'Test Cases/AHI/_include/get_screenshot' successfully

2020-05-28 08:31:42 - [MESSAGE][PASSED] - Call Test Case 'Test Cases/AHI/_include/openWebSite' successfully

2020-05-28 08:31:42 - [TEST_STEP][PASSED] - driver = getWebDriver(): null

2020-05-28 08:31:42 - [TEST_STEP][PASSED] - baseUrl = ENV: null

2020-05-28 08:31:42 - [TEST_STEP][PASSED] - selenium = new com.thoughtworks.selenium.webdriven.WebDriverBackedSelenium(driver, baseUrl): null

2020-05-28 08:31:42 - [TEST_STEP][PASSED] - selenium.click("//*[@class='filter-option-inner-inner']"): null

2020-05-28 08:31:42 - [TEST_STEP][PASSED] - selenium.click("id=bs-select-1-5"): null

2020-05-28 08:31:42 - [TEST_STEP][PASSED] - selenium.click("id=primaryCTA"): null

2020-05-28 08:31:43 - [TEST_STEP][PASSED] - for ([second = 0, second < 20, (second++)]): null

2020-05-28 08:31:43 - [TEST_STEP][PASSED] - try: null

2020-05-28 08:31:43 - [TEST_STEP][PASSED] - if (selenium.isElementPresent("id=zip-input")): null

2020-05-28 08:31:45 - [TEST_STEP][PASSED] - break: null

2020-05-28 08:31:45 - [TEST_STEP][PASSED] - callTestCase(findTestCase("AHI/_include/get_screenshot"), [:], STOP_ON_FAILURE): Call Test Case 'Test Cases/AHI/_include/get_screenshot' successfully

2020-05-28 08:31:45 - [TEST_CASE][PASSED] - Test Cases/AHI/_include/get_screenshot: Test Cases/AHI/_include/get_screenshot

2020-05-28 08:31:45 - [TEST_STEP][PASSED] - Thread.sleep(1000): null

2020-05-28 08:31:46 - [TEST_STEP][PASSED] - takeScreenshot(screenPath + i + ".png"): Taking screenshot successfully

2020-05-28 08:31:47 - [MESSAGE][PASSED] - Taking screenshot successfully
[[ATTACHMENT|D:\\Test\\AgileTest\\Reports\\AHI\\ahi\\20200528_080044\\../Screenshots/iPhone 6/AHI/Pet Insurance/20200528_083130/1.png]]

2020-05-28 08:31:47 - [TEST_STEP][PASSED] - (internal.GlobalVariable.i++): null

2020-05-28 08:31:47 - [MESSAGE][PASSED] - Call Test Case 'Test Cases/AHI/_include/get_screenshot' successfully

2020-05-28 08:31:47 - [TEST_STEP][PASSED] - sendKeys(findTestObject("mobileSanity/Cancer Insurance/zip"), "35216"): Keys '35216' sent to object: 'Object Repository/mobileSanity/Cancer Insurance/zip'

2020-05-28 08:31:47 - [MESSAGE][PASSED] - Keys '35216' sent to object: 'Object Repository/mobileSanity/Cancer Insurance/zip'

2020-05-28 08:31:47 - [TEST_STEP][PASSED] - Thread.sleep(3000): null

2020-05-28 08:31:50 - [TEST_STEP][PASSED] - selenium.click("id=js-see-plans"): null

2020-05-28 08:31:50 - [TEST_STEP][PASSED] - for ([second = 0, second < 20, (second++)]): null

2020-05-28 08:31:50 - [TEST_STEP][PASSED] - try: null

2020-05-28 08:31:50 - [TEST_STEP][PASSED] - if (selenium.isElementPresent("id=name-input")): null

2020-05-28 08:31:52 - [TEST_STEP][PASSED] - break: null

2020-05-28 08:31:52 - [TEST_STEP][PASSED] - callTestCase(findTestCase("AHI/_include/get_screenshot"), [:], STOP_ON_FAILURE): Call Test Case 'Test Cases/AHI/_include/get_screenshot' successfully

2020-05-28 08:31:52 - [TEST_CASE][PASSED] - Test Cases/AHI/_include/get_screenshot: Test Cases/AHI/_include/get_screenshot

2020-05-28 08:31:52 - [TEST_STEP][PASSED] - Thread.sleep(1000): null

2020-05-28 08:31:53 - [TEST_STEP][PASSED] - takeScreenshot(screenPath + i + ".png"): Taking screenshot successfully

2020-05-28 08:31:53 - [MESSAGE][PASSED] - Taking screenshot successfully
[[ATTACHMENT|D:\\Test\\AgileTest\\Reports\\AHI\\ahi\\20200528_080044\\../Screenshots/iPhone 6/AHI/Pet Insurance/20200528_083130/2.png]]

2020-05-28 08:31:53 - [TEST_STEP][PASSED] - (internal.GlobalVariable.i++): null

2020-05-28 08:31:54 - [MESSAGE][PASSED] - Call Test Case 'Test Cases/AHI/_include/get_screenshot' successfully

2020-05-28 08:31:54 - [TEST_STEP][PASSED] - setText(findTestObject("mobileSanity/Pet Insurance/name-input"), "Test cat"): Text 'Test cat' is set on object 'Object Repository/mobileSanity/Pet Insurance/name-input'

2020-05-28 08:31:54 - [MESSAGE][PASSED] - Text 'Test cat' is set on object 'Object Repository/mobileSanity/Pet Insurance/name-input'

2020-05-28 08:31:54 - [TEST_STEP][PASSED] - selenium.click("id=js-continue"): null

2020-05-28 08:31:54 - [TEST_STEP][PASSED] - for ([second = 0, second < 20, (second++)]): null

2020-05-28 08:31:54 - [TEST_STEP][PASSED] - try: null

2020-05-28 08:31:54 - [TEST_STEP][PASSED] - if (selenium.isElementPresent("xpath=//label[@for='p-cat']")): null

2020-05-28 08:31:54 - [TEST_STEP][PASSED] - Thread.sleep(1000): null

2020-05-28 08:31:55 - [TEST_STEP][PASSED] - try: null

2020-05-28 08:31:55 - [TEST_STEP][PASSED] - if (selenium.isElementPresent("xpath=//label[@for='p-cat']")): null

2020-05-28 08:31:55 - [TEST_STEP][PASSED] - break: null

2020-05-28 08:31:55 - [TEST_STEP][PASSED] - callTestCase(findTestCase("AHI/_include/get_screenshot"), [:], STOP_ON_FAILURE): Call Test Case 'Test Cases/AHI/_include/get_screenshot' successfully

2020-05-28 08:31:55 - [TEST_CASE][PASSED] - Test Cases/AHI/_include/get_screenshot: Test Cases/AHI/_include/get_screenshot

2020-05-28 08:31:55 - [TEST_STEP][PASSED] - Thread.sleep(1000): null

2020-05-28 08:31:56 - [TEST_STEP][PASSED] - takeScreenshot(screenPath + i + ".png"): Taking screenshot successfully

2020-05-28 08:31:56 - [MESSAGE][PASSED] - Taking screenshot successfully
[[ATTACHMENT|D:\\Test\\AgileTest\\Reports\\AHI\\ahi\\20200528_080044\\../Screenshots/iPhone 6/AHI/Pet Insurance/20200528_083130/3.png]]

2020-05-28 08:31:56 - [TEST_STEP][PASSED] - (internal.GlobalVariable.i++): null

2020-05-28 08:31:56 - [MESSAGE][PASSED] - Call Test Case 'Test Cases/AHI/_include/get_screenshot' successfully

2020-05-28 08:31:56 - [TEST_STEP][PASSED] - selenium.click("//label[@for='p-cat']"): null

2020-05-28 08:31:57 - [TEST_STEP][PASSED] - for ([second = 0, second < 20, (second++)]): null

2020-05-28 08:31:57 - [TEST_STEP][PASSED] - try: null

2020-05-28 08:31:57 - [TEST_STEP][PASSED] - if (selenium.isElementPresent("id=dob-mm-input")): null

2020-05-28 08:31:57 - [TEST_STEP][PASSED] - Thread.sleep(1000): null

2020-05-28 08:31:58 - [TEST_STEP][PASSED] - try: null

2020-05-28 08:31:58 - [TEST_STEP][PASSED] - if (selenium.isElementPresent("id=dob-mm-input")): null

2020-05-28 08:31:58 - [TEST_STEP][PASSED] - break: null

2020-05-28 08:31:58 - [TEST_STEP][PASSED] - callTestCase(findTestCase("AHI/_include/get_screenshot"), [:], STOP_ON_FAILURE): Call Test Case 'Test Cases/AHI/_include/get_screenshot' successfully

2020-05-28 08:31:58 - [TEST_CASE][PASSED] - Test Cases/AHI/_include/get_screenshot: Test Cases/AHI/_include/get_screenshot

2020-05-28 08:31:58 - [TEST_STEP][PASSED] - Thread.sleep(1000): null

2020-05-28 08:31:59 - [TEST_STEP][PASSED] - takeScreenshot(screenPath + i + ".png"): Taking screenshot successfully

2020-05-28 08:32:00 - [MESSAGE][PASSED] - Taking screenshot successfully
[[ATTACHMENT|D:\\Test\\AgileTest\\Reports\\AHI\\ahi\\20200528_080044\\../Screenshots/iPhone 6/AHI/Pet Insurance/20200528_083130/4.png]]

2020-05-28 08:32:00 - [TEST_STEP][PASSED] - (internal.GlobalVariable.i++): null

2020-05-28 08:32:00 - [MESSAGE][PASSED] - Call Test Case 'Test Cases/AHI/_include/get_screenshot' successfully

2020-05-28 08:32:00 - [TEST_STEP][PASSED] - setText(findTestObject("mobileSanity/Pet Insurance/dob-mm-input"), "01"): Text '01' is set on object 'Object Repository/mobileSanity/Pet Insurance/dob-mm-input'

2020-05-28 08:32:00 - [MESSAGE][PASSED] - Text '01' is set on object 'Object Repository/mobileSanity/Pet Insurance/dob-mm-input'

2020-05-28 08:32:00 - [TEST_STEP][PASSED] - setText(findTestObject("mobileSanity/Pet Insurance/dob-dd-input"), "01"): Text '01' is set on object 'Object Repository/mobileSanity/Pet Insurance/dob-dd-input'

2020-05-28 08:32:00 - [MESSAGE][PASSED] - Text '01' is set on object 'Object Repository/mobileSanity/Pet Insurance/dob-dd-input'

2020-05-28 08:32:00 - [TEST_STEP][PASSED] - setText(findTestObject("mobileSanity/Pet Insurance/dob-yyyy-input"), "2016"): Text '2016' is set on object 'Object Repository/mobileSanity/Pet Insurance/dob-yyyy-input'

2020-05-28 08:32:01 - [MESSAGE][PASSED] - Text '2016' is set on object 'Object Repository/mobileSanity/Pet Insurance/dob-yyyy-input'

2020-05-28 08:32:01 - [TEST_STEP][PASSED] - for ([second = 0, second < 20, (second++)]): null

2020-05-28 08:32:01 - [TEST_STEP][PASSED] - try: null

2020-05-28 08:32:01 - [TEST_STEP][PASSED] - if (selenium.isElementPresent("xpath=//label[@for='p-no']")): null

2020-05-28 08:32:01 - [TEST_STEP][PASSED] - Thread.sleep(1000): null

2020-05-28 08:32:02 - [TEST_STEP][PASSED] - try: null

2020-05-28 08:32:02 - [TEST_STEP][PASSED] - if (selenium.isElementPresent("xpath=//label[@for='p-no']")): null

2020-05-28 08:32:02 - [TEST_STEP][PASSED] - break: null

2020-05-28 08:32:02 - [TEST_STEP][PASSED] - callTestCase(findTestCase("AHI/_include/get_screenshot"), [:], STOP_ON_FAILURE): Call Test Case 'Test Cases/AHI/_include/get_screenshot' successfully

2020-05-28 08:32:02 - [TEST_CASE][PASSED] - Test Cases/AHI/_include/get_screenshot: Test Cases/AHI/_include/get_screenshot

2020-05-28 08:32:02 - [TEST_STEP][PASSED] - Thread.sleep(1000): null

2020-05-28 08:32:03 - [TEST_STEP][PASSED] - takeScreenshot(screenPath + i + ".png"): Taking screenshot successfully

2020-05-28 08:32:03 - [MESSAGE][PASSED] - Taking screenshot successfully
[[ATTACHMENT|D:\\Test\\AgileTest\\Reports\\AHI\\ahi\\20200528_080044\\../Screenshots/iPhone 6/AHI/Pet Insurance/20200528_083130/5.png]]

2020-05-28 08:32:03 - [TEST_STEP][PASSED] - (internal.GlobalVariable.i++): null

2020-05-28 08:32:03 - [MESSAGE][PASSED] - Call Test Case 'Test Cases/AHI/_include/get_screenshot' successfully

2020-05-28 08:32:03 - [TEST_STEP][PASSED] - selenium.click("//label[@for='p-no']"): null

2020-05-28 08:32:06 - [TEST_STEP][PASSED] - for ([second = 0, second < 20, (second++)]): null

2020-05-28 08:32:06 - [TEST_STEP][PASSED] - try: null

2020-05-28 08:32:06 - [TEST_STEP][PASSED] - if (selenium.isElementPresent("id=applyCta")): null

2020-05-28 08:32:07 - [TEST_STEP][PASSED] - break: null

2020-05-28 08:32:07 - [TEST_STEP][PASSED] - callTestCase(findTestCase("AHI/_include/get_screenshot"), [:], STOP_ON_FAILURE): Call Test Case 'Test Cases/AHI/_include/get_screenshot' successfully

2020-05-28 08:32:07 - [TEST_CASE][PASSED] - Test Cases/AHI/_include/get_screenshot: Test Cases/AHI/_include/get_screenshot

2020-05-28 08:32:07 - [TEST_STEP][PASSED] - Thread.sleep(1000): null

2020-05-28 08:32:08 - [TEST_STEP][PASSED] - takeScreenshot(screenPath + i + ".png"): Taking screenshot successfully

2020-05-28 08:32:08 - [MESSAGE][PASSED] - Taking screenshot successfully
[[ATTACHMENT|D:\\Test\\AgileTest\\Reports\\AHI\\ahi\\20200528_080044\\../Screenshots/iPhone 6/AHI/Pet Insurance/20200528_083130/6.png]]

2020-05-28 08:32:08 - [TEST_STEP][PASSED] - (internal.GlobalVariable.i++): null

2020-05-28 08:32:08 - [MESSAGE][PASSED] - Call Test Case 'Test Cases/AHI/_include/get_screenshot' successfully

2020-05-28 08:32:08 - [TEST_STEP][PASSED] - selenium.click("id=applyCta"): null

2020-05-28 08:32:09 - [TEST_STEP][PASSED] - for ([second = 0, second < 20, (second++)]): null

2020-05-28 08:32:09 - [TEST_STEP][PASSED] - try: null

2020-05-28 08:32:09 - [TEST_STEP][PASSED] - if (selenium.isElementPresent("id=member-P-1-firstName")): null

2020-05-28 08:32:11 - [TEST_STEP][PASSED] - Thread.sleep(1000): null

2020-05-28 08:32:12 - [TEST_STEP][PASSED] - try: null

2020-05-28 08:32:12 - [TEST_STEP][PASSED] - if (selenium.isElementPresent("id=member-P-1-firstName")): null

2020-05-28 08:32:12 - [TEST_STEP][PASSED] - break: null

2020-05-28 08:32:12 - [TEST_STEP][PASSED] - callTestCase(findTestCase("AHI/_include/get_screenshot"), [:], STOP_ON_FAILURE): Call Test Case 'Test Cases/AHI/_include/get_screenshot' successfully

2020-05-28 08:32:12 - [TEST_CASE][PASSED] - Test Cases/AHI/_include/get_screenshot: Test Cases/AHI/_include/get_screenshot

2020-05-28 08:32:12 - [TEST_STEP][PASSED] - Thread.sleep(1000): null

2020-05-28 08:32:13 - [TEST_STEP][PASSED] - takeScreenshot(screenPath + i + ".png"): Taking screenshot successfully

2020-05-28 08:32:14 - [MESSAGE][PASSED] - Taking screenshot successfully
[[ATTACHMENT|D:\\Test\\AgileTest\\Reports\\AHI\\ahi\\20200528_080044\\../Screenshots/iPhone 6/AHI/Pet Insurance/20200528_083130/7.png]]

2020-05-28 08:32:14 - [TEST_STEP][PASSED] - (internal.GlobalVariable.i++): null

2020-05-28 08:32:14 - [MESSAGE][PASSED] - Call Test Case 'Test Cases/AHI/_include/get_screenshot' successfully

2020-05-28 08:32:14 - [TEST_STEP][PASSED] - callTestCase(findTestCase("AHI/_include/name"), [:], STOP_ON_FAILURE): Call Test Case 'Test Cases/AHI/_include/name' successfully

2020-05-28 08:32:14 - [TEST_CASE][PASSED] - Test Cases/AHI/_include/name: Test Cases/AHI/_include/name

2020-05-28 08:32:14 - [TEST_STEP][PASSED] - driver = getWebDriver(): null

2020-05-28 08:32:14 - [TEST_STEP][PASSED] - selenium = new com.thoughtworks.selenium.webdriven.WebDriverBackedSelenium(driver, internal.GlobalVariable.ENV): null

2020-05-28 08:32:14 - [TEST_STEP][PASSED] - FirstName = "Test-123": null

2020-05-28 08:32:14 - [TEST_STEP][PASSED] - LastName = selenium.getEval("{var x="ABCDEFGHIJKLMNOPQRSTUVWXYZabcdefghijklmnopqrstuvwxyz"; var tmp="ZZ11-"; for (i=0;i<8;i++) tmp+=x.charAt(Math.ceil(51*Math.random()));tmp;}"): null

2020-05-28 08:32:14 - [TEST_STEP][PASSED] - Address = selenium.getEval("{var x="ABCDEFGHIJKLMNOPQRSTUVWXYZabcdefghijklmnopqrstuvwxyz"; var tmp=""; for (i=0;i<8;i++) tmp+=x.charAt(Math.ceil(51*Math.random()));tmp;}"): null

2020-05-28 08:32:14 - [TEST_STEP][PASSED] - City = selenium.getEval("{var x="ABCDEFGHIJKLMNOPQRSTUVWXYZabcdefghijklmnopqrstuvwxyz"; var tmp=""; for (i=0;i<8;i++) tmp+=x.charAt(Math.ceil(51*Math.random()));tmp;}"): null

2020-05-28 08:32:14 - [TEST_STEP][PASSED] - tel1 = selenium.getEval("{var x="123456789"; var tmp=""; for (i=0;i<3;i++) tmp+=x.charAt(Math.ceil(8*Math.random()));tmp;}"): null

2020-05-28 08:32:14 - [TEST_STEP][PASSED] - tel2 = selenium.getEval("{var x="123456789"; var tmp=""; for (i=0;i<3;i++) tmp+=x.charAt(Math.ceil(8*Math.random()));tmp;}"): null

2020-05-28 08:32:14 - [TEST_STEP][PASSED] - tel3 = selenium.getEval("{var x="123456789"; var tmp=""; for (i=0;i<4;i++) tmp+=x.charAt(Math.ceil(8*Math.random()));tmp;}"): null

2020-05-28 08:32:14 - [TEST_STEP][PASSED] - Tel = selenium.getExpression(tel1 + "-" + tel2 + "-" + tel3): null

2020-05-28 08:32:14 - [TEST_STEP][PASSED] - AutoEmail = selenium.getEval("{var x="ABCDEFGHIJKLMNOPQRSTUVWXYZabcdefghijklmnopqrstuvwxyz"; var tmp="test."; for (i=0;i<8;i++) tmp+=x.charAt(Math.ceil(51*Math.random()));tmp+="@suryani.cn";}"): null

2020-05-28 08:32:14 - [TEST_STEP][PASSED] - FirstName = FirstName: null

2020-05-28 08:32:14 - [TEST_STEP][PASSED] - LastName = LastName: null

2020-05-28 08:32:14 - [TEST_STEP][PASSED] - Address = Address: null

2020-05-28 08:32:14 - [TEST_STEP][PASSED] - City = City: null

2020-05-28 08:32:14 - [TEST_STEP][PASSED] - Tel = Tel: null

2020-05-28 08:32:14 - [TEST_STEP][PASSED] - AutoEmail = AutoEmail: null

2020-05-28 08:32:14 - [TEST_STEP][PASSED] - println(FirstName): null

2020-05-28 08:32:14 - [TEST_STEP][PASSED] - println(LastName): null

2020-05-28 08:32:14 - [TEST_STEP][PASSED] - println(Address): null

2020-05-28 08:32:14 - [TEST_STEP][PASSED] - println(City): null

2020-05-28 08:32:14 - [TEST_STEP][PASSED] - println(Tel): null

2020-05-28 08:32:14 - [TEST_STEP][PASSED] - println(AutoEmail): null

2020-05-28 08:32:14 - [MESSAGE][PASSED] - Call Test Case 'Test Cases/AHI/_include/name' successfully

2020-05-28 08:32:14 - [TEST_STEP][PASSED] - selenium.type("id=member-P-1-firstName", FirstName): null

2020-05-28 08:32:14 - [TEST_STEP][PASSED] - selenium.type("id=member-P-1-lastName", LastName): null

2020-05-28 08:32:14 - [TEST_STEP][PASSED] - selenium.type("id=address", Address): null

2020-05-28 08:32:15 - [TEST_STEP][PASSED] - selenium.type("id=city", City): null

2020-05-28 08:32:15 - [TEST_STEP][PASSED] - selenium.type("id=email", AutoEmail): null

2020-05-28 08:32:15 - [TEST_STEP][PASSED] - selenium.type("id=primaryPhone", Tel): null

2020-05-28 08:32:15 - [TEST_STEP][PASSED] - selenium.click("id=pet-veterinary-clinic-flag"): null

2020-05-28 08:32:16 - [TEST_STEP][PASSED] - Thread.sleep(2000): null

2020-05-28 08:32:18 - [TEST_STEP][PASSED] - selenium.click("id=js-app-continue-link"): null

2020-05-28 08:32:18 - [TEST_STEP][PASSED] - for ([second = 0, second < 20, (second++)]): null

2020-05-28 08:32:18 - [TEST_STEP][PASSED] - try: null

2020-05-28 08:32:18 - [TEST_STEP][PASSED] - if (selenium.isElementPresent("id=credit-card-number")): null

2020-05-28 08:32:18 - [TEST_STEP][PASSED] - break: null

2020-05-28 08:32:18 - [TEST_STEP][PASSED] - callTestCase(findTestCase("AHI/_include/get_screenshot"), [:], STOP_ON_FAILURE): Call Test Case 'Test Cases/AHI/_include/get_screenshot' successfully

2020-05-28 08:32:18 - [TEST_CASE][PASSED] - Test Cases/AHI/_include/get_screenshot: Test Cases/AHI/_include/get_screenshot

2020-05-28 08:32:18 - [TEST_STEP][PASSED] - Thread.sleep(1000): null

2020-05-28 08:32:19 - [TEST_STEP][PASSED] - takeScreenshot(screenPath + i + ".png"): Taking screenshot successfully

2020-05-28 08:32:20 - [MESSAGE][PASSED] - Taking screenshot successfully
[[ATTACHMENT|D:\\Test\\AgileTest\\Reports\\AHI\\ahi\\20200528_080044\\../Screenshots/iPhone 6/AHI/Pet Insurance/20200528_083130/8.png]]

2020-05-28 08:32:20 - [TEST_STEP][PASSED] - (internal.GlobalVariable.i++): null

2020-05-28 08:32:20 - [MESSAGE][PASSED] - Call Test Case 'Test Cases/AHI/_include/get_screenshot' successfully

2020-05-28 08:32:20 - [TEST_STEP][PASSED] - selenium.type("id=credit-card-number", "4111111111111111"): null

2020-05-28 08:32:20 - [TEST_STEP][PASSED] - selenium.type("id=credit-card-first", "test"): null

2020-05-28 08:32:20 - [TEST_STEP][PASSED] - selenium.type("id=credit-card-last", "test"): null

2020-05-28 08:32:20 - [TEST_STEP][PASSED] - selenium.select("id=expiration-month", "12"): null

2020-05-28 08:32:20 - [TEST_STEP][PASSED] - selenium.select("id=expiration-year", "2026"): null

2020-05-28 08:32:21 - [TEST_STEP][PASSED] - selenium.type("id=credit-card-cvv", "123"): null

2020-05-28 08:32:21 - [TEST_STEP][PASSED] - selenium.type("id=credit-card-number", "4111111111111111"): null

2020-05-28 08:32:21 - [TEST_STEP][PASSED] - selenium.click("id=js-same-billing"): null

2020-05-28 08:32:21 - [TEST_STEP][PASSED] - selenium.click("id=credit-payment-authorization"): null

2020-05-28 08:32:21 - [TEST_STEP][PASSED] - selenium.click("id=js-app-continue-link"): null

2020-05-28 08:32:21 - [TEST_STEP][PASSED] - for ([second = 0, second < 20, (second++)]): null

2020-05-28 08:32:21 - [TEST_STEP][PASSED] - try: null

2020-05-28 08:32:21 - [TEST_STEP][PASSED] - if (selenium.isElementPresent("id=consent-checkbox-0")): null

2020-05-28 08:32:21 - [TEST_STEP][PASSED] - Thread.sleep(1000): null

2020-05-28 08:32:22 - [TEST_STEP][PASSED] - try: null

2020-05-28 08:32:22 - [TEST_STEP][PASSED] - if (selenium.isElementPresent("id=consent-checkbox-0")): null

2020-05-28 08:32:22 - [TEST_STEP][PASSED] - Thread.sleep(1000): null

2020-05-28 08:32:23 - [TEST_STEP][PASSED] - try: null

2020-05-28 08:32:23 - [TEST_STEP][PASSED] - if (selenium.isElementPresent("id=consent-checkbox-0")): null

2020-05-28 08:32:24 - [TEST_STEP][PASSED] - break: null

2020-05-28 08:32:24 - [TEST_STEP][PASSED] - callTestCase(findTestCase("AHI/_include/get_screenshot"), [:], STOP_ON_FAILURE): Call Test Case 'Test Cases/AHI/_include/get_screenshot' successfully

2020-05-28 08:32:24 - [TEST_CASE][PASSED] - Test Cases/AHI/_include/get_screenshot: Test Cases/AHI/_include/get_screenshot

2020-05-28 08:32:24 - [TEST_STEP][PASSED] - Thread.sleep(1000): null

2020-05-28 08:32:25 - [TEST_STEP][PASSED] - takeScreenshot(screenPath + i + ".png"): Taking screenshot successfully

2020-05-28 08:32:25 - [MESSAGE][PASSED] - Taking screenshot successfully
[[ATTACHMENT|D:\\Test\\AgileTest\\Reports\\AHI\\ahi\\20200528_080044\\../Screenshots/iPhone 6/AHI/Pet Insurance/20200528_083130/9.png]]

2020-05-28 08:32:25 - [TEST_STEP][PASSED] - (internal.GlobalVariable.i++): null

2020-05-28 08:32:25 - [MESSAGE][PASSED] - Call Test Case 'Test Cases/AHI/_include/get_screenshot' successfully

2020-05-28 08:32:25 - [TEST_STEP][PASSED] - selenium.click("id=consent-checkbox-0"): null

2020-05-28 08:32:25 - [TEST_STEP][PASSED] - selenium.click("id=consent-checkbox-1"): null

2020-05-28 08:32:25 - [TEST_STEP][PASSED] - selenium.click("id=consent-checkbox-2"): null

2020-05-28 08:32:25 - [TEST_STEP][PASSED] - selenium.click("id=consent-checkbox-3"): null

2020-05-28 08:32:26 - [TEST_STEP][PASSED] - selenium.click("id=js-signature-tab"): null

2020-05-28 08:32:26 - [TEST_STEP][PASSED] - selenium.click("id=js-app-continue-link"): null

2020-05-28 08:32:29 - [TEST_STEP][PASSED] - for ([second = 0, second < 30, (second++)]): null

2020-05-28 08:32:29 - [TEST_STEP][PASSED] - try: null

2020-05-28 08:32:29 - [TEST_STEP][PASSED] - if (selenium.isElementPresent("xpath=//h2[contains(text(),'Thank You')]")): null

2020-05-28 08:32:29 - [TEST_STEP][PASSED] - Thread.sleep(1000): null

2020-05-28 08:32:30 - [TEST_STEP][PASSED] - try: null

2020-05-28 08:32:30 - [TEST_STEP][PASSED] - if (selenium.isElementPresent("xpath=//h2[contains(text(),'Thank You')]")): null

2020-05-28 08:32:30 - [TEST_STEP][PASSED] - Thread.sleep(1000): null

2020-05-28 08:32:31 - [TEST_STEP][PASSED] - try: null

2020-05-28 08:32:31 - [TEST_STEP][PASSED] - if (selenium.isElementPresent("xpath=//h2[contains(text(),'Thank You')]")): null

2020-05-28 08:32:31 - [TEST_STEP][PASSED] - Thread.sleep(1000): null

2020-05-28 08:32:32 - [TEST_STEP][PASSED] - try: null

2020-05-28 08:32:32 - [TEST_STEP][PASSED] - if (selenium.isElementPresent("xpath=//h2[contains(text(),'Thank You')]")): null

2020-05-28 08:32:32 - [TEST_STEP][PASSED] - Thread.sleep(1000): null

2020-05-28 08:32:33 - [TEST_STEP][PASSED] - try: null

2020-05-28 08:32:33 - [TEST_STEP][PASSED] - if (selenium.isElementPresent("xpath=//h2[contains(text(),'Thank You')]")): null

2020-05-28 08:32:33 - [TEST_STEP][PASSED] - Thread.sleep(1000): null

2020-05-28 08:32:34 - [TEST_STEP][PASSED] - try: null

2020-05-28 08:32:34 - [TEST_STEP][PASSED] - if (selenium.isElementPresent("xpath=//h2[contains(text(),'Thank You')]")): null

2020-05-28 08:32:38 - [TEST_STEP][PASSED] - Thread.sleep(1000): null

2020-05-28 08:32:39 - [TEST_STEP][PASSED] - try: null

2020-05-28 08:32:39 - [TEST_STEP][PASSED] - if (selenium.isElementPresent("xpath=//h2[contains(text(),'Thank You')]")): null

2020-05-28 08:32:40 - [TEST_STEP][PASSED] - Thread.sleep(1000): null

2020-05-28 08:32:42 - [TEST_STEP][PASSED] - try: null

2020-05-28 08:32:42 - [TEST_STEP][PASSED] - if (selenium.isElementPresent("xpath=//h2[contains(text(),'Thank You')]")): null

2020-05-28 08:32:42 - [TEST_STEP][PASSED] - Thread.sleep(1000): null

2020-05-28 08:32:43 - [TEST_STEP][PASSED] - try: null

2020-05-28 08:32:43 - [TEST_STEP][PASSED] - if (selenium.isElementPresent("xpath=//h2[contains(text(),'Thank You')]")): null

2020-05-28 08:32:43 - [TEST_STEP][PASSED] - Thread.sleep(1000): null

2020-05-28 08:32:44 - [TEST_STEP][PASSED] - try: null

2020-05-28 08:32:44 - [TEST_STEP][PASSED] - if (selenium.isElementPresent("xpath=//h2[contains(text(),'Thank You')]")): null

2020-05-28 08:32:45 - [TEST_STEP][PASSED] - Thread.sleep(1000): null

2020-05-28 08:32:46 - [TEST_STEP][PASSED] - try: null

2020-05-28 08:32:46 - [TEST_STEP][PASSED] - if (selenium.isElementPresent("xpath=//h2[contains(text(),'Thank You')]")): null

2020-05-28 08:32:46 - [TEST_STEP][PASSED] - Thread.sleep(1000): null

2020-05-28 08:32:47 - [TEST_STEP][PASSED] - try: null

2020-05-28 08:32:47 - [TEST_STEP][PASSED] - if (selenium.isElementPresent("xpath=//h2[contains(text(),'Thank You')]")): null

2020-05-28 08:32:47 - [TEST_STEP][PASSED] - Thread.sleep(1000): null

2020-05-28 08:32:48 - [TEST_STEP][PASSED] - try: null

2020-05-28 08:32:48 - [TEST_STEP][PASSED] - if (selenium.isElementPresent("xpath=//h2[contains(text(),'Thank You')]")): null

2020-05-28 08:32:49 - [TEST_STEP][PASSED] - Thread.sleep(1000): null

2020-05-28 08:32:50 - [TEST_STEP][PASSED] - try: null

2020-05-28 08:32:50 - [TEST_STEP][PASSED] - if (selenium.isElementPresent("xpath=//h2[contains(text(),'Thank You')]")): null

2020-05-28 08:32:50 - [TEST_STEP][PASSED] - Thread.sleep(1000): null

2020-05-28 08:32:51 - [TEST_STEP][PASSED] - try: null

2020-05-28 08:32:51 - [TEST_STEP][PASSED] - if (selenium.isElementPresent("xpath=//h2[contains(text(),'Thank You')]")): null

2020-05-28 08:32:51 - [TEST_STEP][PASSED] - Thread.sleep(1000): null

2020-05-28 08:32:52 - [TEST_STEP][PASSED] - try: null

2020-05-28 08:32:52 - [TEST_STEP][PASSED] - if (selenium.isElementPresent("xpath=//h2[contains(text(),'Thank You')]")): null

2020-05-28 08:32:52 - [TEST_STEP][PASSED] - Thread.sleep(1000): null

2020-05-28 08:32:53 - [TEST_STEP][PASSED] - try: null

2020-05-28 08:32:53 - [TEST_STEP][PASSED] - if (selenium.isElementPresent("xpath=//h2[contains(text(),'Thank You')]")): null

2020-05-28 08:32:53 - [TEST_STEP][PASSED] - Thread.sleep(1000): null

2020-05-28 08:32:54 - [TEST_STEP][PASSED] - try: null

2020-05-28 08:32:54 - [TEST_STEP][PASSED] - if (selenium.isElementPresent("xpath=//h2[contains(text(),'Thank You')]")): null

2020-05-28 08:32:55 - [TEST_STEP][PASSED] - Thread.sleep(1000): null

2020-05-28 08:32:56 - [TEST_STEP][PASSED] - try: null

2020-05-28 08:32:56 - [TEST_STEP][PASSED] - if (selenium.isElementPresent("xpath=//h2[contains(text(),'Thank You')]")): null

2020-05-28 08:32:56 - [TEST_STEP][PASSED] - Thread.sleep(1000): null

2020-05-28 08:32:57 - [TEST_STEP][PASSED] - try: null

2020-05-28 08:32:57 - [TEST_STEP][PASSED] - if (selenium.isElementPresent("xpath=//h2[contains(text(),'Thank You')]")): null

2020-05-28 08:32:57 - [TEST_STEP][PASSED] - Thread.sleep(1000): null

2020-05-28 08:32:58 - [TEST_STEP][PASSED] - try: null

2020-05-28 08:32:58 - [TEST_STEP][PASSED] - if (selenium.isElementPresent("xpath=//h2[contains(text(),'Thank You')]")): null

2020-05-28 08:32:58 - [TEST_STEP][PASSED] - Thread.sleep(1000): null

2020-05-28 08:32:59 - [TEST_STEP][PASSED] - try: null

2020-05-28 08:32:59 - [TEST_STEP][PASSED] - if (selenium.isElementPresent("xpath=//h2[contains(text(),'Thank You')]")): null

2020-05-28 08:32:59 - [TEST_STEP][PASSED] - Thread.sleep(1000): null

2020-05-28 08:33:00 - [TEST_STEP][PASSED] - try: null

2020-05-28 08:33:00 - [TEST_STEP][PASSED] - if (selenium.isElementPresent("xpath=//h2[contains(text(),'Thank You')]")): null

2020-05-28 08:33:00 - [TEST_STEP][PASSED] - Thread.sleep(1000): null

2020-05-28 08:33:01 - [TEST_STEP][PASSED] - try: null

2020-05-28 08:33:01 - [TEST_STEP][PASSED] - if (selenium.isElementPresent("xpath=//h2[contains(text(),'Thank You')]")): null

2020-05-28 08:33:01 - [TEST_STEP][PASSED] - Thread.sleep(1000): null

2020-05-28 08:33:02 - [TEST_STEP][PASSED] - try: null

2020-05-28 08:33:02 - [TEST_STEP][PASSED] - if (selenium.isElementPresent("xpath=//h2[contains(text(),'Thank You')]")): null

2020-05-28 08:33:03 - [TEST_STEP][PASSED] - Thread.sleep(1000): null

2020-05-28 08:33:04 - [TEST_STEP][PASSED] - try: null

2020-05-28 08:33:04 - [TEST_STEP][PASSED] - if (selenium.isElementPresent("xpath=//h2[contains(text(),'Thank You')]")): null

2020-05-28 08:33:04 - [TEST_STEP][PASSED] - Thread.sleep(1000): null

2020-05-28 08:33:05 - [TEST_STEP][PASSED] - try: null

2020-05-28 08:33:05 - [TEST_STEP][PASSED] - if (selenium.isElementPresent("xpath=//h2[contains(text(),'Thank You')]")): null

2020-05-28 08:33:05 - [TEST_STEP][PASSED] - Thread.sleep(1000): null

2020-05-28 08:33:06 - [TEST_STEP][PASSED] - try: null

2020-05-28 08:33:06 - [TEST_STEP][PASSED] - if (selenium.isElementPresent("xpath=//h2[contains(text(),'Thank You')]")): null

2020-05-28 08:33:06 - [TEST_STEP][PASSED] - Thread.sleep(1000): null

2020-05-28 08:33:07 - [TEST_STEP][PASSED] - try: null

2020-05-28 08:33:07 - [TEST_STEP][PASSED] - if (selenium.isElementPresent("xpath=//h2[contains(text(),'Thank You')]")): null

2020-05-28 08:33:07 - [TEST_STEP][PASSED] - Thread.sleep(1000): null

2020-05-28 08:33:08 - [TEST_STEP][PASSED] - try: null

2020-05-28 08:33:08 - [TEST_STEP][PASSED] - if (selenium.isElementPresent("xpath=//h2[contains(text(),'Thank You')]")): null

2020-05-28 08:33:08 - [TEST_STEP][PASSED] - Thread.sleep(1000): null

2020-05-28 08:33:09 - [TEST_STEP][PASSED] - callTestCase(findTestCase("AHI/_include/get_screenshot"), [:], STOP_ON_FAILURE): Call Test Case 'Test Cases/AHI/_include/get_screenshot' successfully

2020-05-28 08:33:09 - [TEST_CASE][PASSED] - Test Cases/AHI/_include/get_screenshot: Test Cases/AHI/_include/get_screenshot

2020-05-28 08:33:09 - [TEST_STEP][PASSED] - Thread.sleep(1000): null

2020-05-28 08:33:10 - [TEST_STEP][PASSED] - takeScreenshot(screenPath + i + ".png"): Taking screenshot successfully

2020-05-28 08:33:11 - [MESSAGE][PASSED] - Taking screenshot successfully
[[ATTACHMENT|D:\\Test\\AgileTest\\Reports\\AHI\\ahi\\20200528_080044\\../Screenshots/iPhone 6/AHI/Pet Insurance/20200528_083130/10.png]]

2020-05-28 08:33:11 - [TEST_STEP][PASSED] - (internal.GlobalVariable.i++): null

2020-05-28 08:33:11 - [MESSAGE][PASSED] - Call Test Case 'Test Cases/AHI/_include/get_screenshot' successfully]]></system-out>
         <system-err><![CDATA[]]></system-err>
      </testcase>
      <testcase name="Test Cases/AHI/NEW/STM" classname="Test Cases/AHI/NEW/STM" status="PASSED">
         <system-out><![CDATA[2020-05-28 08:33:11 - [TEST_CASE][PASSED] - Test Cases/AHI/NEW/STM: Test Cases/AHI/NEW/STM

2020-05-28 08:33:13 - [TEST_STEP][PASSED] - callTestCase(findTestCase("AHI/_include/get_screenPath"), ["productLine":"AHI", "carrierName":"STM"], CONTINUE_ON_FAILURE): Call Test Case 'Test Cases/AHI/_include/get_screenPath' successfully

2020-05-28 08:33:13 - [TEST_CASE][PASSED] - Test Cases/AHI/_include/get_screenPath: Test Cases/AHI/_include/get_screenPath

2020-05-28 08:33:14 - [TEST_STEP][PASSED] - m = getExecutionProperties(): null

2020-05-28 08:33:14 - [TEST_STEP][PASSED] - deviceName = get("mobileEmulation").get("deviceName"): null

2020-05-28 08:33:14 - [TEST_STEP][PASSED] - println(deviceName): null

2020-05-28 08:33:14 - [TEST_STEP][PASSED] - now = new java.util.Date(): null

2020-05-28 08:33:14 - [TEST_STEP][PASSED] - mydate = now.format("yyyyMMdd_HHmmss"): null

2020-05-28 08:33:14 - [TEST_STEP][PASSED] - screenPath = "../Screenshots/": null

2020-05-28 08:33:14 - [TEST_STEP][PASSED] - screenPath = screenPath + deviceName + "/" + productLine + "/" + carrierName + "/" + mydate + "/": null

2020-05-28 08:33:14 - [TEST_STEP][PASSED] - println(screenPath): null

2020-05-28 08:33:14 - [MESSAGE][PASSED] - Call Test Case 'Test Cases/AHI/_include/get_screenPath' successfully

2020-05-28 08:33:14 - [TEST_STEP][PASSED] - i = 0: null

2020-05-28 08:33:14 - [TEST_STEP][PASSED] - callTestCase(findTestCase("AHI/_include/openWebSite"), [:], CONTINUE_ON_FAILURE): Call Test Case 'Test Cases/AHI/_include/openWebSite' successfully

2020-05-28 08:33:14 - [TEST_CASE][PASSED] - Test Cases/AHI/_include/openWebSite: Test Cases/AHI/_include/openWebSite

2020-05-28 08:33:14 - [TEST_STEP][PASSED] - openBrowser(env): Browser is opened with url: 'https://praetemptatus.agilehealthinsurance.com'

2020-05-28 08:33:14 - [MESSAGE][WARNING] - A browser is already opened. Closing browser and opening a new one

2020-05-28 08:33:16 - [MESSAGE][INFO] - Starting 'Chrome' driver

2020-05-28 08:33:16 - [MESSAGE][INFO] - User set preference: ['mobileEmulation', '{deviceName=iPhone 6}']

2020-05-28 08:33:16 - [MESSAGE][INFO] - User set preference: ['args', '[--incognito, --aggressive-cache-discard, --window-size=375,677, --no-sandbox, --ignore-certificate-errors]']

2020-05-28 08:33:39 - [MESSAGE][PASSED] - Browser is opened with url: 'https://praetemptatus.agilehealthinsurance.com'

2020-05-28 08:33:39 - [TEST_STEP][PASSED] - waitForPageLoad(20): Wait for page load successfully

2020-05-28 08:33:40 - [MESSAGE][PASSED] - Wait for page load successfully

2020-05-28 08:33:40 - [TEST_STEP][PASSED] - callTestCase(findTestCase("AHI/_include/get_screenshot"), [:], STOP_ON_FAILURE): Call Test Case 'Test Cases/AHI/_include/get_screenshot' successfully

2020-05-28 08:33:40 - [TEST_CASE][PASSED] - Test Cases/AHI/_include/get_screenshot: Test Cases/AHI/_include/get_screenshot

2020-05-28 08:33:40 - [TEST_STEP][PASSED] - Thread.sleep(1000): null

2020-05-28 08:33:41 - [TEST_STEP][PASSED] - takeScreenshot(screenPath + i + ".png"): Taking screenshot successfully

2020-05-28 08:33:52 - [MESSAGE][PASSED] - Taking screenshot successfully
[[ATTACHMENT|D:\\Test\\AgileTest\\Reports\\AHI\\ahi\\20200528_080044\\../Screenshots/iPhone 6/AHI/STM/20200528_083314/0.png]]

2020-05-28 08:33:52 - [TEST_STEP][PASSED] - (internal.GlobalVariable.i++): null

2020-05-28 08:33:52 - [MESSAGE][PASSED] - Call Test Case 'Test Cases/AHI/_include/get_screenshot' successfully

2020-05-28 08:33:52 - [MESSAGE][PASSED] - Call Test Case 'Test Cases/AHI/_include/openWebSite' successfully

2020-05-28 08:33:52 - [TEST_STEP][PASSED] - driver = getWebDriver(): null

2020-05-28 08:33:52 - [TEST_STEP][PASSED] - baseUrl = ENV: null

2020-05-28 08:33:52 - [TEST_STEP][PASSED] - selenium = new com.thoughtworks.selenium.webdriven.WebDriverBackedSelenium(driver, baseUrl): null

2020-05-28 08:33:52 - [TEST_STEP][PASSED] - selenium.click("//*[@class='filter-option-inner-inner']"): null

2020-05-28 08:33:53 - [TEST_STEP][PASSED] - selenium.click("id=bs-select-1-6"): null

2020-05-28 08:33:54 - [TEST_STEP][PASSED] - selenium.click("id=primaryCTA"): null

2020-05-28 08:33:59 - [TEST_STEP][PASSED] - for ([second = 0, second < 10, (second++)]): null

2020-05-28 08:33:59 - [TEST_STEP][PASSED] - try: null

2020-05-28 08:33:59 - [TEST_STEP][PASSED] - if (selenium.isElementPresent("id=js-traffic-to-aiq")): null

2020-05-28 08:34:06 - [TEST_STEP][PASSED] - break: null

2020-05-28 08:34:06 - [TEST_STEP][PASSED] - callTestCase(findTestCase("AHI/_include/get_screenshot"), [:], STOP_ON_FAILURE): Call Test Case 'Test Cases/AHI/_include/get_screenshot' successfully

2020-05-28 08:34:06 - [TEST_CASE][PASSED] - Test Cases/AHI/_include/get_screenshot: Test Cases/AHI/_include/get_screenshot

2020-05-28 08:34:06 - [TEST_STEP][PASSED] - Thread.sleep(1000): null

2020-05-28 08:34:07 - [TEST_STEP][PASSED] - takeScreenshot(screenPath + i + ".png"): Taking screenshot successfully

2020-05-28 08:34:09 - [MESSAGE][PASSED] - Taking screenshot successfully
[[ATTACHMENT|D:\\Test\\AgileTest\\Reports\\AHI\\ahi\\20200528_080044\\../Screenshots/iPhone 6/AHI/STM/20200528_083314/1.png]]

2020-05-28 08:34:09 - [TEST_STEP][PASSED] - (internal.GlobalVariable.i++): null

2020-05-28 08:34:09 - [MESSAGE][PASSED] - Call Test Case 'Test Cases/AHI/_include/get_screenshot' successfully

2020-05-28 08:34:09 - [TEST_STEP][PASSED] - url = selenium.getAttribute("xpath=(//a[@id='js-traffic-to-aiq'])@href"): null

2020-05-28 08:34:09 - [TEST_STEP][PASSED] - navigateToUrl(url): Navigate to 'https://healthinsurance.net/health?utm_source=hiiq&utm_medium=cpm&utm_campaign=agile' successfully

2020-05-28 08:34:46 - [MESSAGE][PASSED] - Navigate to 'https://healthinsurance.net/health?utm_source=hiiq&utm_medium=cpm&utm_campaign=agile' successfully

2020-05-28 08:34:46 - [TEST_STEP][PASSED] - waitForPageLoad(10): Wait for page load successfully

2020-05-28 08:34:46 - [MESSAGE][PASSED] - Wait for page load successfully

2020-05-28 08:34:46 - [TEST_STEP][PASSED] - callTestCase(findTestCase("AHI/_include/get_screenshot"), [:], STOP_ON_FAILURE): Call Test Case 'Test Cases/AHI/_include/get_screenshot' successfully

2020-05-28 08:34:46 - [TEST_CASE][PASSED] - Test Cases/AHI/_include/get_screenshot: Test Cases/AHI/_include/get_screenshot

2020-05-28 08:34:46 - [TEST_STEP][PASSED] - Thread.sleep(1000): null

2020-05-28 08:34:47 - [TEST_STEP][PASSED] - takeScreenshot(screenPath + i + ".png"): Taking screenshot successfully

2020-05-28 08:34:48 - [MESSAGE][PASSED] - Taking screenshot successfully
[[ATTACHMENT|D:\\Test\\AgileTest\\Reports\\AHI\\ahi\\20200528_080044\\../Screenshots/iPhone 6/AHI/STM/20200528_083314/2.png]]

2020-05-28 08:34:48 - [TEST_STEP][PASSED] - (internal.GlobalVariable.i++): null

2020-05-28 08:34:48 - [MESSAGE][PASSED] - Call Test Case 'Test Cases/AHI/_include/get_screenshot' successfully]]></system-out>
         <system-err><![CDATA[]]></system-err>
      </testcase>
      <testcase name="Test Cases/AHI/NEW/Teladoc" classname="Test Cases/AHI/NEW/Teladoc" status="FAILED">
         <failure type="FAILED" message="Test Cases/AHI/NEW/Teladoc FAILED.
Reason:
com.kms.katalon.core.exception.StepFailedException: Unable to click on object 'Object Repository/mobileSanity/Teladoc/apply_button' (Root cause: com.kms.katalon.core.webui.exception.WebElementNotFoundException: Web element with id: 'Object Repository/mobileSanity/Teladoc/apply_button' located by 'By.xpath: //*[@id = 'applyButton']' not found)
	at com.kms.katalon.core.keyword.internal.KeywordMain.stepFailed(KeywordMain.groovy:36)
	at com.kms.katalon.core.webui.keyword.internal.WebUIKeywordMain.stepFailed(WebUIKeywordMain.groovy:65)
	at com.kms.katalon.core.webui.keyword.internal.WebUIKeywordMain.runKeyword(WebUIKeywordMain.groovy:27)
	at com.kms.katalon.core.webui.keyword.builtin.ClickKeyword.click(ClickKeyword.groovy:86)
	at com.kms.katalon.core.webui.keyword.builtin.ClickKeyword.execute(ClickKeyword.groovy:67)
	at com.kms.katalon.core.keyword.internal.KeywordExecutor.executeKeywordForPlatform(KeywordExecutor.groovy:53)
	at com.kms.katalon.core.webui.keyword.WebUiBuiltInKeywords.click(WebUiBuiltInKeywords.groovy:616)
	at com.kms.katalon.core.webui.keyword.WebUiBuiltInKeywords$click$5.call(Unknown Source)
	at Teladoc.run(Teladoc:62)
	at com.kms.katalon.core.main.ScriptEngine.run(ScriptEngine.java:194)
	at com.kms.katalon.core.main.ScriptEngine.runScriptAsRawText(ScriptEngine.java:119)
	at com.kms.katalon.core.main.TestCaseExecutor.runScript(TestCaseExecutor.java:328)
	at com.kms.katalon.core.main.TestCaseExecutor.doExecute(TestCaseExecutor.java:319)
	at com.kms.katalon.core.main.TestCaseExecutor.processExecutionPhase(TestCaseExecutor.java:298)
	at com.kms.katalon.core.main.TestCaseExecutor.accessMainPhase(TestCaseExecutor.java:290)
	at com.kms.katalon.core.main.TestCaseExecutor.execute(TestCaseExecutor.java:224)
	at com.kms.katalon.core.main.TestSuiteExecutor.accessTestCaseMainPhase(TestSuiteExecutor.java:129)
	at com.kms.katalon.core.main.TestSuiteExecutor.accessTestSuiteMainPhase(TestSuiteExecutor.java:112)
	at com.kms.katalon.core.main.TestSuiteExecutor.execute(TestSuiteExecutor.java:81)
	at com.kms.katalon.core.main.TestCaseMain.startTestSuite(TestCaseMain.java:149)
	at com.kms.katalon.core.main.TestCaseMain$startTestSuite$0.call(Unknown Source)
	at TempTestSuite1590667244606.run(TempTestSuite1590667244606.groovy:36)
"/>
         <system-out><![CDATA[2020-05-28 08:34:48 - [TEST_CASE][FAILED] - Test Cases/AHI/NEW/Teladoc: Test Cases/AHI/NEW/Teladoc FAILED.
Reason:
com.kms.katalon.core.exception.StepFailedException: Unable to click on object 'Object Repository/mobileSanity/Teladoc/apply_button' (Root cause: com.kms.katalon.core.webui.exception.WebElementNotFoundException: Web element with id: 'Object Repository/mobileSanity/Teladoc/apply_button' located by 'By.xpath: //*[@id = 'applyButton']' not found)
	at com.kms.katalon.core.keyword.internal.KeywordMain.stepFailed(KeywordMain.groovy:36)
	at com.kms.katalon.core.webui.keyword.internal.WebUIKeywordMain.stepFailed(WebUIKeywordMain.groovy:65)
	at com.kms.katalon.core.webui.keyword.internal.WebUIKeywordMain.runKeyword(WebUIKeywordMain.groovy:27)
	at com.kms.katalon.core.webui.keyword.builtin.ClickKeyword.click(ClickKeyword.groovy:86)
	at com.kms.katalon.core.webui.keyword.builtin.ClickKeyword.execute(ClickKeyword.groovy:67)
	at com.kms.katalon.core.keyword.internal.KeywordExecutor.executeKeywordForPlatform(KeywordExecutor.groovy:53)
	at com.kms.katalon.core.webui.keyword.WebUiBuiltInKeywords.click(WebUiBuiltInKeywords.groovy:616)
	at com.kms.katalon.core.webui.keyword.WebUiBuiltInKeywords$click$5.call(Unknown Source)
	at Teladoc.run(Teladoc:62)
	at com.kms.katalon.core.main.ScriptEngine.run(ScriptEngine.java:194)
	at com.kms.katalon.core.main.ScriptEngine.runScriptAsRawText(ScriptEngine.java:119)
	at com.kms.katalon.core.main.TestCaseExecutor.runScript(TestCaseExecutor.java:328)
	at com.kms.katalon.core.main.TestCaseExecutor.doExecute(TestCaseExecutor.java:319)
	at com.kms.katalon.core.main.TestCaseExecutor.processExecutionPhase(TestCaseExecutor.java:298)
	at com.kms.katalon.core.main.TestCaseExecutor.accessMainPhase(TestCaseExecutor.java:290)
	at com.kms.katalon.core.main.TestCaseExecutor.execute(TestCaseExecutor.java:224)
	at com.kms.katalon.core.main.TestSuiteExecutor.accessTestCaseMainPhase(TestSuiteExecutor.java:129)
	at com.kms.katalon.core.main.TestSuiteExecutor.accessTestSuiteMainPhase(TestSuiteExecutor.java:112)
	at com.kms.katalon.core.main.TestSuiteExecutor.execute(TestSuiteExecutor.java:81)
	at com.kms.katalon.core.main.TestCaseMain.startTestSuite(TestCaseMain.java:149)
	at com.kms.katalon.core.main.TestCaseMain$startTestSuite$0.call(Unknown Source)
	at TempTestSuite1590667244606.run(TempTestSuite1590667244606.groovy:36)


2020-05-28 08:34:50 - [TEST_STEP][PASSED] - callTestCase(findTestCase("AHI/_include/get_screenPath"), ["productLine":"AHI", "carrierName":"Teladoc"], CONTINUE_ON_FAILURE): Call Test Case 'Test Cases/AHI/_include/get_screenPath' successfully

2020-05-28 08:34:50 - [TEST_CASE][PASSED] - Test Cases/AHI/_include/get_screenPath: Test Cases/AHI/_include/get_screenPath

2020-05-28 08:34:50 - [TEST_STEP][PASSED] - m = getExecutionProperties(): null

2020-05-28 08:34:50 - [TEST_STEP][PASSED] - deviceName = get("mobileEmulation").get("deviceName"): null

2020-05-28 08:34:50 - [TEST_STEP][PASSED] - println(deviceName): null

2020-05-28 08:34:50 - [TEST_STEP][PASSED] - now = new java.util.Date(): null

2020-05-28 08:34:50 - [TEST_STEP][PASSED] - mydate = now.format("yyyyMMdd_HHmmss"): null

2020-05-28 08:34:50 - [TEST_STEP][PASSED] - screenPath = "../Screenshots/": null

2020-05-28 08:34:50 - [TEST_STEP][PASSED] - screenPath = screenPath + deviceName + "/" + productLine + "/" + carrierName + "/" + mydate + "/": null

2020-05-28 08:34:50 - [TEST_STEP][PASSED] - println(screenPath): null

2020-05-28 08:34:50 - [MESSAGE][PASSED] - Call Test Case 'Test Cases/AHI/_include/get_screenPath' successfully

2020-05-28 08:34:50 - [TEST_STEP][PASSED] - i = 0: null

2020-05-28 08:34:50 - [TEST_STEP][PASSED] - callTestCase(findTestCase("AHI/_include/openWebSite"), [:], STOP_ON_FAILURE): Call Test Case 'Test Cases/AHI/_include/openWebSite' successfully

2020-05-28 08:34:50 - [TEST_CASE][PASSED] - Test Cases/AHI/_include/openWebSite: Test Cases/AHI/_include/openWebSite

2020-05-28 08:34:50 - [TEST_STEP][PASSED] - openBrowser(env): Browser is opened with url: 'https://praetemptatus.agilehealthinsurance.com'

2020-05-28 08:34:50 - [MESSAGE][WARNING] - A browser is already opened. Closing browser and opening a new one

2020-05-28 08:34:53 - [MESSAGE][INFO] - Starting 'Chrome' driver

2020-05-28 08:34:53 - [MESSAGE][INFO] - User set preference: ['mobileEmulation', '{deviceName=iPhone 6}']

2020-05-28 08:34:53 - [MESSAGE][INFO] - User set preference: ['args', '[--incognito, --aggressive-cache-discard, --window-size=375,677, --no-sandbox, --ignore-certificate-errors]']

2020-05-28 08:35:15 - [MESSAGE][PASSED] - Browser is opened with url: 'https://praetemptatus.agilehealthinsurance.com'

2020-05-28 08:35:15 - [TEST_STEP][PASSED] - waitForPageLoad(20): Wait for page load successfully

2020-05-28 08:35:24 - [MESSAGE][PASSED] - Wait for page load successfully

2020-05-28 08:35:24 - [TEST_STEP][PASSED] - callTestCase(findTestCase("AHI/_include/get_screenshot"), [:], STOP_ON_FAILURE): Call Test Case 'Test Cases/AHI/_include/get_screenshot' successfully

2020-05-28 08:35:24 - [TEST_CASE][PASSED] - Test Cases/AHI/_include/get_screenshot: Test Cases/AHI/_include/get_screenshot

2020-05-28 08:35:24 - [TEST_STEP][PASSED] - Thread.sleep(1000): null

2020-05-28 08:35:25 - [TEST_STEP][PASSED] - takeScreenshot(screenPath + i + ".png"): Taking screenshot successfully

2020-05-28 08:35:27 - [MESSAGE][PASSED] - Taking screenshot successfully
[[ATTACHMENT|D:\\Test\\AgileTest\\Reports\\AHI\\ahi\\20200528_080044\\../Screenshots/iPhone 6/AHI/Teladoc/20200528_083450/0.png]]

2020-05-28 08:35:27 - [TEST_STEP][PASSED] - (internal.GlobalVariable.i++): null

2020-05-28 08:35:27 - [MESSAGE][PASSED] - Call Test Case 'Test Cases/AHI/_include/get_screenshot' successfully

2020-05-28 08:35:28 - [MESSAGE][PASSED] - Call Test Case 'Test Cases/AHI/_include/openWebSite' successfully

2020-05-28 08:35:28 - [TEST_STEP][PASSED] - driver = getWebDriver(): null

2020-05-28 08:35:28 - [TEST_STEP][PASSED] - baseUrl = ENV: null

2020-05-28 08:35:28 - [TEST_STEP][PASSED] - selenium = new com.thoughtworks.selenium.webdriven.WebDriverBackedSelenium(driver, baseUrl): null

2020-05-28 08:35:28 - [TEST_STEP][PASSED] - selenium.click("//*[@class='filter-option-inner-inner']"): null

2020-05-28 08:35:29 - [TEST_STEP][PASSED] - selenium.click("id=bs-select-1-7"): null

2020-05-28 08:35:30 - [TEST_STEP][PASSED] - selenium.click("id=primaryCTA"): null

2020-05-28 08:35:48 - [TEST_STEP][PASSED] - waitForElementVisible(findTestObject("mobileSanity/Teladoc/front_door_h1"), 20): Object 'Object Repository/mobileSanity/Teladoc/front_door_h1' is visible

2020-05-28 08:35:48 - [MESSAGE][PASSED] - Object 'Object Repository/mobileSanity/Teladoc/front_door_h1' is visible

2020-05-28 08:35:48 - [TEST_STEP][PASSED] - callTestCase(findTestCase("AHI/_include/get_screenshot"), [:], STOP_ON_FAILURE): Call Test Case 'Test Cases/AHI/_include/get_screenshot' successfully

2020-05-28 08:35:48 - [TEST_CASE][PASSED] - Test Cases/AHI/_include/get_screenshot: Test Cases/AHI/_include/get_screenshot

2020-05-28 08:35:48 - [TEST_STEP][PASSED] - Thread.sleep(1000): null

2020-05-28 08:35:49 - [TEST_STEP][PASSED] - takeScreenshot(screenPath + i + ".png"): Taking screenshot successfully

2020-05-28 08:35:50 - [MESSAGE][PASSED] - Taking screenshot successfully
[[ATTACHMENT|D:\\Test\\AgileTest\\Reports\\AHI\\ahi\\20200528_080044\\../Screenshots/iPhone 6/AHI/Teladoc/20200528_083450/1.png]]

2020-05-28 08:35:50 - [TEST_STEP][PASSED] - (internal.GlobalVariable.i++): null

2020-05-28 08:35:51 - [MESSAGE][PASSED] - Call Test Case 'Test Cases/AHI/_include/get_screenshot' successfully

2020-05-28 08:35:51 - [TEST_STEP][PASSED] - waitForElementVisible(findTestObject("mobileSanity/Teladoc/census/input_Location_zip-input"), 20): Object 'Object Repository/mobileSanity/Teladoc/census/input_Location_zip-input' is visible

2020-05-28 08:35:51 - [MESSAGE][PASSED] - Object 'Object Repository/mobileSanity/Teladoc/census/input_Location_zip-input' is visible

2020-05-28 08:35:51 - [TEST_STEP][PASSED] - sendKeys(findTestObject("mobileSanity/Teladoc/census/input_Location_zip-input"), "35215"): Keys '35215' sent to object: 'Object Repository/mobileSanity/Teladoc/census/input_Location_zip-input'

2020-05-28 08:35:52 - [MESSAGE][PASSED] - Keys '35215' sent to object: 'Object Repository/mobileSanity/Teladoc/census/input_Location_zip-input'

2020-05-28 08:35:52 - [TEST_STEP][PASSED] - Thread.sleep(500): null

2020-05-28 08:35:53 - [TEST_STEP][PASSED] - setText(findTestObject("mobileSanity/Teladoc/census/input_Date of Birth_dob-0"), "12121980"): Text '12121980' is set on object 'Object Repository/mobileSanity/Teladoc/census/input_Date of Birth_dob-0'

2020-05-28 08:35:56 - [MESSAGE][PASSED] - Text '12121980' is set on object 'Object Repository/mobileSanity/Teladoc/census/input_Date of Birth_dob-0'

2020-05-28 08:35:56 - [TEST_STEP][PASSED] - click(findTestObject("mobileSanity/Teladoc/census/label_Male")): Object: 'Object Repository/mobileSanity/Teladoc/census/label_Male' is clicked on

2020-05-28 08:35:56 - [MESSAGE][PASSED] - Object: 'Object Repository/mobileSanity/Teladoc/census/label_Male' is clicked on

2020-05-28 08:35:56 - [TEST_STEP][PASSED] - Thread.sleep(3000): null

2020-05-28 08:35:59 - [TEST_STEP][PASSED] - click(findTestObject("mobileSanity/Teladoc/census/get_a_quote")): Object: 'Object Repository/mobileSanity/Teladoc/census/get_a_quote' is clicked on

2020-05-28 08:36:00 - [MESSAGE][PASSED] - Object: 'Object Repository/mobileSanity/Teladoc/census/get_a_quote' is clicked on

2020-05-28 08:36:00 - [TEST_STEP][PASSED] - waitForElementVisible(findTestObject("mobileSanity/Teladoc/apply_button"), 20): Web element with id: 'Object Repository/mobileSanity/Teladoc/apply_button' located by 'By.xpath: //*[@id = 'applyButton']' not found

2020-05-28 08:36:22 - [MESSAGE][INFO] - Unable to find the element located by 'By.xpath: //*[@id = 'applyButton']'. Please recheck the objects properties to make sure the desired element is located. 

2020-05-28 08:36:22 - [MESSAGE][WARNING] - Web element with id: 'Object Repository/mobileSanity/Teladoc/apply_button' located by 'By.xpath: //*[@id = 'applyButton']' not found

2020-05-28 08:36:22 - [TEST_STEP][PASSED] - callTestCase(findTestCase("AHI/_include/get_screenshot"), [:], STOP_ON_FAILURE): Call Test Case 'Test Cases/AHI/_include/get_screenshot' successfully

2020-05-28 08:36:22 - [TEST_CASE][PASSED] - Test Cases/AHI/_include/get_screenshot: Test Cases/AHI/_include/get_screenshot

2020-05-28 08:36:22 - [TEST_STEP][PASSED] - Thread.sleep(1000): null

2020-05-28 08:36:23 - [TEST_STEP][PASSED] - takeScreenshot(screenPath + i + ".png"): Taking screenshot successfully

2020-05-28 08:36:23 - [MESSAGE][PASSED] - Taking screenshot successfully
[[ATTACHMENT|D:\\Test\\AgileTest\\Reports\\AHI\\ahi\\20200528_080044\\../Screenshots/iPhone 6/AHI/Teladoc/20200528_083450/2.png]]

2020-05-28 08:36:23 - [TEST_STEP][PASSED] - (internal.GlobalVariable.i++): null

2020-05-28 08:36:23 - [MESSAGE][PASSED] - Call Test Case 'Test Cases/AHI/_include/get_screenshot' successfully

2020-05-28 08:36:23 - [TEST_STEP][FAILED] - click(findTestObject("mobileSanity/Teladoc/apply_button")): click(findTestObject("mobileSanity/Teladoc/apply_button")) FAILED.
Reason:
com.kms.katalon.core.exception.StepFailedException: Unable to click on object 'Object Repository/mobileSanity/Teladoc/apply_button' (Root cause: com.kms.katalon.core.webui.exception.WebElementNotFoundException: Web element with id: 'Object Repository/mobileSanity/Teladoc/apply_button' located by 'By.xpath: //*[@id = 'applyButton']' not found)
	at com.kms.katalon.core.keyword.internal.KeywordMain.stepFailed(KeywordMain.groovy:36)
	at com.kms.katalon.core.webui.keyword.internal.WebUIKeywordMain.stepFailed(WebUIKeywordMain.groovy:65)
	at com.kms.katalon.core.webui.keyword.internal.WebUIKeywordMain.runKeyword(WebUIKeywordMain.groovy:27)
	at com.kms.katalon.core.webui.keyword.builtin.ClickKeyword.click(ClickKeyword.groovy:86)
	at com.kms.katalon.core.webui.keyword.builtin.ClickKeyword.execute(ClickKeyword.groovy:67)
	at com.kms.katalon.core.keyword.internal.KeywordExecutor.executeKeywordForPlatform(KeywordExecutor.groovy:53)
	at com.kms.katalon.core.webui.keyword.WebUiBuiltInKeywords.click(WebUiBuiltInKeywords.groovy:616)
	at com.kms.katalon.core.webui.keyword.WebUiBuiltInKeywords$click$5.call(Unknown Source)
	at Teladoc.run(Teladoc:62)
	at com.kms.katalon.core.main.ScriptEngine.run(ScriptEngine.java:194)
	at com.kms.katalon.core.main.ScriptEngine.runScriptAsRawText(ScriptEngine.java:119)
	at com.kms.katalon.core.main.TestCaseExecutor.runScript(TestCaseExecutor.java:328)
	at com.kms.katalon.core.main.TestCaseExecutor.doExecute(TestCaseExecutor.java:319)
	at com.kms.katalon.core.main.TestCaseExecutor.processExecutionPhase(TestCaseExecutor.java:298)
	at com.kms.katalon.core.main.TestCaseExecutor.accessMainPhase(TestCaseExecutor.java:290)
	at com.kms.katalon.core.main.TestCaseExecutor.execute(TestCaseExecutor.java:224)
	at com.kms.katalon.core.main.TestSuiteExecutor.accessTestCaseMainPhase(TestSuiteExecutor.java:129)
	at com.kms.katalon.core.main.TestSuiteExecutor.accessTestSuiteMainPhase(TestSuiteExecutor.java:112)
	at com.kms.katalon.core.main.TestSuiteExecutor.execute(TestSuiteExecutor.java:81)
	at com.kms.katalon.core.main.TestCaseMain.startTestSuite(TestCaseMain.java:149)
	at com.kms.katalon.core.main.TestCaseMain$startTestSuite$0.call(Unknown Source)
	at TempTestSuite1590667244606.run(TempTestSuite1590667244606.groovy:36)


2020-05-28 08:36:44 - [MESSAGE][INFO] - Unable to find the element located by 'By.xpath: //*[@id = 'applyButton']'. Please recheck the objects properties to make sure the desired element is located. 

2020-05-28 08:36:45 - [MESSAGE][FAILED] - Unable to click on object 'Object Repository/mobileSanity/Teladoc/apply_button' (Root cause: com.kms.katalon.core.webui.exception.WebElementNotFoundException: Web element with id: 'Object Repository/mobileSanity/Teladoc/apply_button' located by 'By.xpath: //*[@id = 'applyButton']' not found)
[[ATTACHMENT|D:\\Test\\AgileTest\\Reports\\AHI\\ahi\\20200528_080044\\1590669404917.png]]

2020-05-28 08:36:45 - [MESSAGE][FAILED] - click(findTestObject("mobileSanity/Teladoc/apply_button")) FAILED.
Reason:
com.kms.katalon.core.exception.StepFailedException: Unable to click on object 'Object Repository/mobileSanity/Teladoc/apply_button' (Root cause: com.kms.katalon.core.webui.exception.WebElementNotFoundException: Web element with id: 'Object Repository/mobileSanity/Teladoc/apply_button' located by 'By.xpath: //*[@id = 'applyButton']' not found)
	at com.kms.katalon.core.keyword.internal.KeywordMain.stepFailed(KeywordMain.groovy:36)
	at com.kms.katalon.core.webui.keyword.internal.WebUIKeywordMain.stepFailed(WebUIKeywordMain.groovy:65)
	at com.kms.katalon.core.webui.keyword.internal.WebUIKeywordMain.runKeyword(WebUIKeywordMain.groovy:27)
	at com.kms.katalon.core.webui.keyword.builtin.ClickKeyword.click(ClickKeyword.groovy:86)
	at com.kms.katalon.core.webui.keyword.builtin.ClickKeyword.execute(ClickKeyword.groovy:67)
	at com.kms.katalon.core.keyword.internal.KeywordExecutor.executeKeywordForPlatform(KeywordExecutor.groovy:53)
	at com.kms.katalon.core.webui.keyword.WebUiBuiltInKeywords.click(WebUiBuiltInKeywords.groovy:616)
	at com.kms.katalon.core.webui.keyword.WebUiBuiltInKeywords$click$5.call(Unknown Source)
	at Teladoc.run(Teladoc:62)
	at com.kms.katalon.core.main.ScriptEngine.run(ScriptEngine.java:194)
	at com.kms.katalon.core.main.ScriptEngine.runScriptAsRawText(ScriptEngine.java:119)
	at com.kms.katalon.core.main.TestCaseExecutor.runScript(TestCaseExecutor.java:328)
	at com.kms.katalon.core.main.TestCaseExecutor.doExecute(TestCaseExecutor.java:319)
	at com.kms.katalon.core.main.TestCaseExecutor.processExecutionPhase(TestCaseExecutor.java:298)
	at com.kms.katalon.core.main.TestCaseExecutor.accessMainPhase(TestCaseExecutor.java:290)
	at com.kms.katalon.core.main.TestCaseExecutor.execute(TestCaseExecutor.java:224)
	at com.kms.katalon.core.main.TestSuiteExecutor.accessTestCaseMainPhase(TestSuiteExecutor.java:129)
	at com.kms.katalon.core.main.TestSuiteExecutor.accessTestSuiteMainPhase(TestSuiteExecutor.java:112)
	at com.kms.katalon.core.main.TestSuiteExecutor.execute(TestSuiteExecutor.java:81)
	at com.kms.katalon.core.main.TestCaseMain.startTestSuite(TestCaseMain.java:149)
	at com.kms.katalon.core.main.TestCaseMain$startTestSuite$0.call(Unknown Source)
	at TempTestSuite1590667244606.run(TempTestSuite1590667244606.groovy:36)]]></system-out>
         <system-err><![CDATA[2020-05-28 08:34:48 - [TEST_CASE][FAILED] - Test Cases/AHI/NEW/Teladoc: Test Cases/AHI/NEW/Teladoc FAILED.
Reason:
com.kms.katalon.core.exception.StepFailedException: Unable to click on object 'Object Repository/mobileSanity/Teladoc/apply_button' (Root cause: com.kms.katalon.core.webui.exception.WebElementNotFoundException: Web element with id: 'Object Repository/mobileSanity/Teladoc/apply_button' located by 'By.xpath: //*[@id = 'applyButton']' not found)
	at com.kms.katalon.core.keyword.internal.KeywordMain.stepFailed(KeywordMain.groovy:36)
	at com.kms.katalon.core.webui.keyword.internal.WebUIKeywordMain.stepFailed(WebUIKeywordMain.groovy:65)
	at com.kms.katalon.core.webui.keyword.internal.WebUIKeywordMain.runKeyword(WebUIKeywordMain.groovy:27)
	at com.kms.katalon.core.webui.keyword.builtin.ClickKeyword.click(ClickKeyword.groovy:86)
	at com.kms.katalon.core.webui.keyword.builtin.ClickKeyword.execute(ClickKeyword.groovy:67)
	at com.kms.katalon.core.keyword.internal.KeywordExecutor.executeKeywordForPlatform(KeywordExecutor.groovy:53)
	at com.kms.katalon.core.webui.keyword.WebUiBuiltInKeywords.click(WebUiBuiltInKeywords.groovy:616)
	at com.kms.katalon.core.webui.keyword.WebUiBuiltInKeywords$click$5.call(Unknown Source)
	at Teladoc.run(Teladoc:62)
	at com.kms.katalon.core.main.ScriptEngine.run(ScriptEngine.java:194)
	at com.kms.katalon.core.main.ScriptEngine.runScriptAsRawText(ScriptEngine.java:119)
	at com.kms.katalon.core.main.TestCaseExecutor.runScript(TestCaseExecutor.java:328)
	at com.kms.katalon.core.main.TestCaseExecutor.doExecute(TestCaseExecutor.java:319)
	at com.kms.katalon.core.main.TestCaseExecutor.processExecutionPhase(TestCaseExecutor.java:298)
	at com.kms.katalon.core.main.TestCaseExecutor.accessMainPhase(TestCaseExecutor.java:290)
	at com.kms.katalon.core.main.TestCaseExecutor.execute(TestCaseExecutor.java:224)
	at com.kms.katalon.core.main.TestSuiteExecutor.accessTestCaseMainPhase(TestSuiteExecutor.java:129)
	at com.kms.katalon.core.main.TestSuiteExecutor.accessTestSuiteMainPhase(TestSuiteExecutor.java:112)
	at com.kms.katalon.core.main.TestSuiteExecutor.execute(TestSuiteExecutor.java:81)
	at com.kms.katalon.core.main.TestCaseMain.startTestSuite(TestCaseMain.java:149)
	at com.kms.katalon.core.main.TestCaseMain$startTestSuite$0.call(Unknown Source)
	at TempTestSuite1590667244606.run(TempTestSuite1590667244606.groovy:36)]]></system-err>
      </testcase>
      <system-out><![CDATA[2020-05-28 08:20:07 - [TEST_SUITE][FAILED] - ahi: Test Cases/AHI/NEW/Teladoc FAILED.
Reason:
com.kms.katalon.core.exception.StepFailedException: Unable to click on object 'Object Repository/mobileSanity/Teladoc/apply_button' (Root cause: com.kms.katalon.core.webui.exception.WebElementNotFoundException: Web element with id: 'Object Repository/mobileSanity/Teladoc/apply_button' located by 'By.xpath: //*[@id = 'applyButton']' not found)
	at com.kms.katalon.core.keyword.internal.KeywordMain.stepFailed(KeywordMain.groovy:36)
	at com.kms.katalon.core.webui.keyword.internal.WebUIKeywordMain.stepFailed(WebUIKeywordMain.groovy:65)
	at com.kms.katalon.core.webui.keyword.internal.WebUIKeywordMain.runKeyword(WebUIKeywordMain.groovy:27)
	at com.kms.katalon.core.webui.keyword.builtin.ClickKeyword.click(ClickKeyword.groovy:86)
	at com.kms.katalon.core.webui.keyword.builtin.ClickKeyword.execute(ClickKeyword.groovy:67)
	at com.kms.katalon.core.keyword.internal.KeywordExecutor.executeKeywordForPlatform(KeywordExecutor.groovy:53)
	at com.kms.katalon.core.webui.keyword.WebUiBuiltInKeywords.click(WebUiBuiltInKeywords.groovy:616)
	at com.kms.katalon.core.webui.keyword.WebUiBuiltInKeywords$click$5.call(Unknown Source)
	at Teladoc.run(Teladoc:62)
	at com.kms.katalon.core.main.ScriptEngine.run(ScriptEngine.java:194)
	at com.kms.katalon.core.main.ScriptEngine.runScriptAsRawText(ScriptEngine.java:119)
	at com.kms.katalon.core.main.TestCaseExecutor.runScript(TestCaseExecutor.java:328)
	at com.kms.katalon.core.main.TestCaseExecutor.doExecute(TestCaseExecutor.java:319)
	at com.kms.katalon.core.main.TestCaseExecutor.processExecutionPhase(TestCaseExecutor.java:298)
	at com.kms.katalon.core.main.TestCaseExecutor.accessMainPhase(TestCaseExecutor.java:290)
	at com.kms.katalon.core.main.TestCaseExecutor.execute(TestCaseExecutor.java:224)
	at com.kms.katalon.core.main.TestSuiteExecutor.accessTestCaseMainPhase(TestSuiteExecutor.java:129)
	at com.kms.katalon.core.main.TestSuiteExecutor.accessTestSuiteMainPhase(TestSuiteExecutor.java:112)
	at com.kms.katalon.core.main.TestSuiteExecutor.execute(TestSuiteExecutor.java:81)
	at com.kms.katalon.core.main.TestCaseMain.startTestSuite(TestCaseMain.java:149)
	at com.kms.katalon.core.main.TestCaseMain$startTestSuite$0.call(Unknown Source)
	at TempTestSuite1590667244606.run(TempTestSuite1590667244606.groovy:36)]]></system-out>
      <system-err><![CDATA[2020-05-28 08:20:07 - [TEST_SUITE][FAILED] - ahi: Test Cases/AHI/NEW/Teladoc FAILED.
Reason:
com.kms.katalon.core.exception.StepFailedException: Unable to click on object 'Object Repository/mobileSanity/Teladoc/apply_button' (Root cause: com.kms.katalon.core.webui.exception.WebElementNotFoundException: Web element with id: 'Object Repository/mobileSanity/Teladoc/apply_button' located by 'By.xpath: //*[@id = 'applyButton']' not found)
	at com.kms.katalon.core.keyword.internal.KeywordMain.stepFailed(KeywordMain.groovy:36)
	at com.kms.katalon.core.webui.keyword.internal.WebUIKeywordMain.stepFailed(WebUIKeywordMain.groovy:65)
	at com.kms.katalon.core.webui.keyword.internal.WebUIKeywordMain.runKeyword(WebUIKeywordMain.groovy:27)
	at com.kms.katalon.core.webui.keyword.builtin.ClickKeyword.click(ClickKeyword.groovy:86)
	at com.kms.katalon.core.webui.keyword.builtin.ClickKeyword.execute(ClickKeyword.groovy:67)
	at com.kms.katalon.core.keyword.internal.KeywordExecutor.executeKeywordForPlatform(KeywordExecutor.groovy:53)
	at com.kms.katalon.core.webui.keyword.WebUiBuiltInKeywords.click(WebUiBuiltInKeywords.groovy:616)
	at com.kms.katalon.core.webui.keyword.WebUiBuiltInKeywords$click$5.call(Unknown Source)
	at Teladoc.run(Teladoc:62)
	at com.kms.katalon.core.main.ScriptEngine.run(ScriptEngine.java:194)
	at com.kms.katalon.core.main.ScriptEngine.runScriptAsRawText(ScriptEngine.java:119)
	at com.kms.katalon.core.main.TestCaseExecutor.runScript(TestCaseExecutor.java:328)
	at com.kms.katalon.core.main.TestCaseExecutor.doExecute(TestCaseExecutor.java:319)
	at com.kms.katalon.core.main.TestCaseExecutor.processExecutionPhase(TestCaseExecutor.java:298)
	at com.kms.katalon.core.main.TestCaseExecutor.accessMainPhase(TestCaseExecutor.java:290)
	at com.kms.katalon.core.main.TestCaseExecutor.execute(TestCaseExecutor.java:224)
	at com.kms.katalon.core.main.TestSuiteExecutor.accessTestCaseMainPhase(TestSuiteExecutor.java:129)
	at com.kms.katalon.core.main.TestSuiteExecutor.accessTestSuiteMainPhase(TestSuiteExecutor.java:112)
	at com.kms.katalon.core.main.TestSuiteExecutor.execute(TestSuiteExecutor.java:81)
	at com.kms.katalon.core.main.TestCaseMain.startTestSuite(TestCaseMain.java:149)
	at com.kms.katalon.core.main.TestCaseMain$startTestSuite$0.call(Unknown Source)
	at TempTestSuite1590667244606.run(TempTestSuite1590667244606.groovy:36)]]></system-err>
   </testsuite>
</testsuites>
