<?xml version="1.0" encoding="UTF-8"?>
<testsuites name="hic" time="644" tests="8" failures="0" errors="0">
   <testsuite name="hic" tests="8" failures="0" errors="0" time="644" timestamp="2020-03-31 08:00:39" hostname="Administrator - 172.30.0.53" id="Test Suites/HIC/hic">
      <properties>
         <property name="deviceName" value=""/>
         <property name="devicePlatform" value=""/>
         <property name="logFolder" value="D:\\Test\\AgileTest\\Reports\\HIC\\hic\\20200331_080032"/>
         <property name="logFiles" value="D:\\Test\\AgileTest\\Reports\\HIC\\hic\\20200331_080032\\execution0.log"/>
         <property name="attachments" value="D:\\Test\\AgileTest\\Reports\\HIC\\hic\\20200331_080032\\../Screenshots/iPhone 6/HIC/ACA/ACA/20200331_080044/0.png, D:\\Test\\AgileTest\\Reports\\HIC\\hic\\20200331_080032\\../Screenshots/iPhone 6/HIC/ACA/ACA/20200331_080044/1.png, D:\\Test\\AgileTest\\Reports\\HIC\\hic\\20200331_080032\\../Screenshots/iPhone 6/HIC/ACA/ACA/20200331_080044/2.png, D:\\Test\\AgileTest\\Reports\\HIC\\hic\\20200331_080032\\../Screenshots/iPhone 6/HIC/Cancer/Cancer/20200331_080121/0.png, D:\\Test\\AgileTest\\Reports\\HIC\\hic\\20200331_080032\\../Screenshots/iPhone 6/HIC/Cancer/Cancer/20200331_080121/1.png, D:\\Test\\AgileTest\\Reports\\HIC\\hic\\20200331_080032\\../Screenshots/iPhone 6/HIC/Cancer/Cancer/20200331_080121/2.png, D:\\Test\\AgileTest\\Reports\\HIC\\hic\\20200331_080032\\../Screenshots/iPhone 6/HIC/Cancer/Cancer/20200331_080121/3.png, D:\\Test\\AgileTest\\Reports\\HIC\\hic\\20200331_080032\\../Screenshots/iPhone 6/HIC/Cancer/Cancer/20200331_080121/4.png, D:\\Test\\AgileTest\\Reports\\HIC\\hic\\20200331_080032\\../Screenshots/iPhone 6/HIC/Cancer/Cancer/20200331_080121/5.png, D:\\Test\\AgileTest\\Reports\\HIC\\hic\\20200331_080032\\../Screenshots/iPhone 6/HIC/Cancer/Cancer/20200331_080121/6.png, D:\\Test\\AgileTest\\Reports\\HIC\\hic\\20200331_080032\\../Screenshots/iPhone 6/HIC/Cancer/Cancer/20200331_080121/7.png, D:\\Test\\AgileTest\\Reports\\HIC\\hic\\20200331_080032\\../Screenshots/iPhone 6/HIC/Cancer/Cancer/20200331_080121/8.png, D:\\Test\\AgileTest\\Reports\\HIC\\hic\\20200331_080032\\../Screenshots/iPhone 6/HIC/Cancer/Cancer/20200331_080121/9.png, D:\\Test\\AgileTest\\Reports\\HIC\\hic\\20200331_080032\\../Screenshots/iPhone 6/HIC/Cancer/Cancer/20200331_080121/10.png, D:\\Test\\AgileTest\\Reports\\HIC\\hic\\20200331_080032\\../Screenshots/iPhone 6/HIC/Dental/USA Access/20200331_080320/0.png, D:\\Test\\AgileTest\\Reports\\HIC\\hic\\20200331_080032\\../Screenshots/iPhone 6/HIC/Dental/USA Access/20200331_080320/1.png, D:\\Test\\AgileTest\\Reports\\HIC\\hic\\20200331_080032\\../Screenshots/iPhone 6/HIC/Dental/USA Access/20200331_080320/2.png, D:\\Test\\AgileTest\\Reports\\HIC\\hic\\20200331_080032\\../Screenshots/iPhone 6/HIC/Dental/USA Access/20200331_080320/3.png, D:\\Test\\AgileTest\\Reports\\HIC\\hic\\20200331_080032\\../Screenshots/iPhone 6/HIC/Dental/USA Access/20200331_080320/4.png, D:\\Test\\AgileTest\\Reports\\HIC\\hic\\20200331_080032\\../Screenshots/iPhone 6/HIC/Dental/USA Access/20200331_080320/5.png, D:\\Test\\AgileTest\\Reports\\HIC\\hic\\20200331_080032\\../Screenshots/iPhone 6/HIC/Dental/USA Access/20200331_080320/6.png, D:\\Test\\AgileTest\\Reports\\HIC\\hic\\20200331_080032\\../Screenshots/iPhone 6/HIC/Dental/USA Access/20200331_080320/7.png, D:\\Test\\AgileTest\\Reports\\HIC\\hic\\20200331_080032\\../Screenshots/iPhone 6/HIC/Dental/USA Access/20200331_080320/8.png, D:\\Test\\AgileTest\\Reports\\HIC\\hic\\20200331_080032\\../Screenshots/iPhone 6/HIC/Dental/USA Access/20200331_080320/9.png, D:\\Test\\AgileTest\\Reports\\HIC\\hic\\20200331_080032\\../Screenshots/iPhone 6/HIC/HBI/HBI/20200331_080623/0.png, D:\\Test\\AgileTest\\Reports\\HIC\\hic\\20200331_080032\\../Screenshots/iPhone 6/HIC/HBI/HBI/20200331_080623/1.png, D:\\Test\\AgileTest\\Reports\\HIC\\hic\\20200331_080032\\../Screenshots/iPhone 6/HIC/HBI/HBI/20200331_080623/2.png, D:\\Test\\AgileTest\\Reports\\HIC\\hic\\20200331_080032\\../Screenshots/iPhone 6/HIC/Medicare/Medicare/20200331_080644/0.png, D:\\Test\\AgileTest\\Reports\\HIC\\hic\\20200331_080032\\../Screenshots/iPhone 6/HIC/Medicare/Medicare/20200331_080644/1.png, D:\\Test\\AgileTest\\Reports\\HIC\\hic\\20200331_080032\\../Screenshots/iPhone 6/HIC/Medicare/Medicare/20200331_080644/2.png, D:\\Test\\AgileTest\\Reports\\HIC\\hic\\20200331_080032\\../Screenshots/iPhone 6/HIC/Pet/Pet/20200331_080716/0.png, D:\\Test\\AgileTest\\Reports\\HIC\\hic\\20200331_080032\\../Screenshots/iPhone 6/HIC/Pet/Pet/20200331_080716/1.png, D:\\Test\\AgileTest\\Reports\\HIC\\hic\\20200331_080032\\../Screenshots/iPhone 6/HIC/Pet/Pet/20200331_080716/2.png, D:\\Test\\AgileTest\\Reports\\HIC\\hic\\20200331_080032\\../Screenshots/iPhone 6/HIC/Pet/Pet/20200331_080716/3.png, D:\\Test\\AgileTest\\Reports\\HIC\\hic\\20200331_080032\\../Screenshots/iPhone 6/HIC/Pet/Pet/20200331_080716/4.png, D:\\Test\\AgileTest\\Reports\\HIC\\hic\\20200331_080032\\../Screenshots/iPhone 6/HIC/Pet/Pet/20200331_080716/5.png, D:\\Test\\AgileTest\\Reports\\HIC\\hic\\20200331_080032\\../Screenshots/iPhone 6/HIC/Pet/Pet/20200331_080716/6.png, D:\\Test\\AgileTest\\Reports\\HIC\\hic\\20200331_080032\\../Screenshots/iPhone 6/HIC/Pet/Pet/20200331_080716/7.png, D:\\Test\\AgileTest\\Reports\\HIC\\hic\\20200331_080032\\../Screenshots/iPhone 6/HIC/Pet/Pet/20200331_080716/8.png, D:\\Test\\AgileTest\\Reports\\HIC\\hic\\20200331_080032\\../Screenshots/iPhone 6/HIC/Pet/Pet/20200331_080716/9.png, D:\\Test\\AgileTest\\Reports\\HIC\\hic\\20200331_080032\\../Screenshots/iPhone 6/HIC/Pet/Pet/20200331_080716/10.png, D:\\Test\\AgileTest\\Reports\\HIC\\hic\\20200331_080032\\../Screenshots/iPhone 6/HIC/STM/STM/20200331_080854/0.png, D:\\Test\\AgileTest\\Reports\\HIC\\hic\\20200331_080032\\../Screenshots/iPhone 6/HIC/STM/STM/20200331_080854/1.png, D:\\Test\\AgileTest\\Reports\\HIC\\hic\\20200331_080032\\../Screenshots/iPhone 6/HIC/STM/STM/20200331_080854/2.png, D:\\Test\\AgileTest\\Reports\\HIC\\hic\\20200331_080032\\../Screenshots/iPhone 6/HIC/Teladoc/Teladoc/20200331_080920/0.png, D:\\Test\\AgileTest\\Reports\\HIC\\hic\\20200331_080032\\../Screenshots/iPhone 6/HIC/Teladoc/Teladoc/20200331_080920/1.png, D:\\Test\\AgileTest\\Reports\\HIC\\hic\\20200331_080032\\../Screenshots/iPhone 6/HIC/Teladoc/Teladoc/20200331_080920/2.png, D:\\Test\\AgileTest\\Reports\\HIC\\hic\\20200331_080032\\../Screenshots/iPhone 6/HIC/Teladoc/Teladoc/20200331_080920/3.png, D:\\Test\\AgileTest\\Reports\\HIC\\hic\\20200331_080032\\../Screenshots/iPhone 6/HIC/Teladoc/Teladoc/20200331_080920/4.png, D:\\Test\\AgileTest\\Reports\\HIC\\hic\\20200331_080032\\../Screenshots/iPhone 6/HIC/Teladoc/Teladoc/20200331_080920/5.png, D:\\Test\\AgileTest\\Reports\\HIC\\hic\\20200331_080032\\../Screenshots/iPhone 6/HIC/Teladoc/Teladoc/20200331_080920/6.png, D:\\Test\\AgileTest\\Reports\\HIC\\hic\\20200331_080032\\../Screenshots/iPhone 6/HIC/Teladoc/Teladoc/20200331_080920/7.png"/>
         <property name="hostName" value="Administrator - 172.30.0.53"/>
         <property name="os" value="Windows Server 2012 R2 64bit"/>
         <property name="katalonVersion" value="5.10.1.1"/>
         <property name="browser" value="Safari 11"/>
         <property name="hostAddress" value="172.30.0.53"/>
         <property name="sessionId" value="e3b4c9fa755250ad1d91200d40ab6bbc"/>
         <property name="seleniumVersion" value="3.7.1"/>
         <property name="proxyInformation" value="ProxyInformation{proxyOption=NO_PROXY, proxyServerType=HTTP, password=, proxyServerAddress=, proxyServerPort=0}"/>
         <property name="platform" value="Windows Server 2012 R2"/>
      </properties>
      <testcase name="Test Cases/HIC/New/ACA" classname="Test Cases/HIC/New/ACA" status="PASSED">
         <system-out><![CDATA[2020-03-31 08:00:39 - [TEST_CASE][PASSED] - Test Cases/HIC/New/ACA: Test Cases/HIC/New/ACA

2020-03-31 08:00:43 - [TEST_STEP][PASSED] - callTestCase(findTestCase("HIC/_include/get_hicScreenPath"), ["project":"HIC", "productLine":"ACA", "carrierName":"ACA"], CONTINUE_ON_FAILURE): Call Test Case 'Test Cases/HIC/_include/get_hicScreenPath' successfully

2020-03-31 08:00:44 - [TEST_CASE][PASSED] - Test Cases/HIC/_include/get_hicScreenPath: Test Cases/HIC/_include/get_hicScreenPath

2020-03-31 08:00:44 - [TEST_STEP][PASSED] - m = getExecutionProperties(): null

2020-03-31 08:00:44 - [TEST_STEP][PASSED] - deviceName = get("mobileEmulation").get("deviceName"): null

2020-03-31 08:00:44 - [TEST_STEP][PASSED] - println(deviceName): null

2020-03-31 08:00:44 - [TEST_STEP][PASSED] - now = new java.util.Date(): null

2020-03-31 08:00:44 - [TEST_STEP][PASSED] - mydate = now.format("yyyyMMdd_HHmmss"): null

2020-03-31 08:00:44 - [TEST_STEP][PASSED] - screenPath = "../Screenshots/": null

2020-03-31 08:00:44 - [TEST_STEP][PASSED] - screenPath = screenPath + deviceName + "/" + project + "/" + productLine + "/" + carrierName + "/" + mydate + "/": null

2020-03-31 08:00:44 - [TEST_STEP][PASSED] - println(screenPath): null

2020-03-31 08:00:44 - [MESSAGE][PASSED] - Call Test Case 'Test Cases/HIC/_include/get_hicScreenPath' successfully

2020-03-31 08:00:44 - [TEST_STEP][PASSED] - i = 0: null

2020-03-31 08:00:44 - [TEST_STEP][PASSED] - callTestCase(findTestCase("AHI/_include/openWebSite"), ["env":env], CONTINUE_ON_FAILURE): Call Test Case 'Test Cases/AHI/_include/openWebSite' successfully

2020-03-31 08:00:44 - [TEST_CASE][PASSED] - Test Cases/AHI/_include/openWebSite: Test Cases/AHI/_include/openWebSite

2020-03-31 08:00:44 - [TEST_STEP][PASSED] - openBrowser(env): Browser is opened with url: 'https://qa.healthinsurance.com'

2020-03-31 08:00:46 - [MESSAGE][INFO] - Starting 'Chrome' driver

2020-03-31 08:00:46 - [MESSAGE][INFO] - User set preference: ['mobileEmulation', '{deviceName=iPhone 6}']

2020-03-31 08:00:46 - [MESSAGE][INFO] - User set preference: ['args', '[--incognito, --aggressive-cache-discard, --window-size=375,677, --no-sandbox, --ignore-certificate-errors]']

2020-03-31 08:00:46 - [MESSAGE][INFO] - Action delay is set to 0 seconds

2020-03-31 08:00:58 - [MESSAGE][PASSED] - Browser is opened with url: 'https://qa.healthinsurance.com'

2020-03-31 08:00:58 - [TEST_STEP][PASSED] - waitForPageLoad(20): Wait for page load successfully

2020-03-31 08:00:59 - [MESSAGE][PASSED] - Wait for page load successfully

2020-03-31 08:00:59 - [TEST_STEP][PASSED] - callTestCase(findTestCase("AHI/_include/get_screenshot"), [:], STOP_ON_FAILURE): Call Test Case 'Test Cases/AHI/_include/get_screenshot' successfully

2020-03-31 08:00:59 - [TEST_CASE][PASSED] - Test Cases/AHI/_include/get_screenshot: Test Cases/AHI/_include/get_screenshot

2020-03-31 08:00:59 - [TEST_STEP][PASSED] - Thread.sleep(1000): null

2020-03-31 08:01:00 - [TEST_STEP][PASSED] - takeScreenshot(screenPath + i + ".png"): Taking screenshot successfully

2020-03-31 08:01:01 - [MESSAGE][PASSED] - Taking screenshot successfully
[[ATTACHMENT|D:\\Test\\AgileTest\\Reports\\HIC\\hic\\20200331_080032\\../Screenshots/iPhone 6/HIC/ACA/ACA/20200331_080044/0.png]]

2020-03-31 08:01:01 - [TEST_STEP][PASSED] - (internal.GlobalVariable.i++): null

2020-03-31 08:01:01 - [MESSAGE][PASSED] - Call Test Case 'Test Cases/AHI/_include/get_screenshot' successfully

2020-03-31 08:01:01 - [MESSAGE][PASSED] - Call Test Case 'Test Cases/AHI/_include/openWebSite' successfully

2020-03-31 08:01:01 - [TEST_STEP][PASSED] - driver = getWebDriver(): null

2020-03-31 08:01:01 - [TEST_STEP][PASSED] - baseUrl = env: null

2020-03-31 08:01:01 - [TEST_STEP][PASSED] - selenium = new com.thoughtworks.selenium.webdriven.WebDriverBackedSelenium(driver, baseUrl): null

2020-03-31 08:01:02 - [TEST_STEP][PASSED] - selenium.click("//span[@class='navbar-toggler-icon']"): null

2020-03-31 08:01:02 - [TEST_STEP][PASSED] - selenium.click("//a[@class='dropdown-toggle nav-link']"): null

2020-03-31 08:01:02 - [TEST_STEP][PASSED] - selenium.click("//a[contains(text(),'ACA Health Insurance')]"): null

2020-03-31 08:01:06 - [TEST_STEP][PASSED] - for ([second = 0, second < 10, (second++)]): null

2020-03-31 08:01:06 - [TEST_STEP][PASSED] - try: null

2020-03-31 08:01:06 - [TEST_STEP][PASSED] - if (selenium.isElementPresent("id=zip")): null

2020-03-31 08:01:06 - [TEST_STEP][PASSED] - break: null

2020-03-31 08:01:06 - [TEST_STEP][PASSED] - callTestCase(findTestCase("AHI/_include/get_screenshot"), [:], STOP_ON_FAILURE): Call Test Case 'Test Cases/AHI/_include/get_screenshot' successfully

2020-03-31 08:01:07 - [TEST_CASE][PASSED] - Test Cases/AHI/_include/get_screenshot: Test Cases/AHI/_include/get_screenshot

2020-03-31 08:01:07 - [TEST_STEP][PASSED] - Thread.sleep(1000): null

2020-03-31 08:01:08 - [TEST_STEP][PASSED] - takeScreenshot(screenPath + i + ".png"): Taking screenshot successfully

2020-03-31 08:01:08 - [MESSAGE][PASSED] - Taking screenshot successfully
[[ATTACHMENT|D:\\Test\\AgileTest\\Reports\\HIC\\hic\\20200331_080032\\../Screenshots/iPhone 6/HIC/ACA/ACA/20200331_080044/1.png]]

2020-03-31 08:01:08 - [TEST_STEP][PASSED] - (internal.GlobalVariable.i++): null

2020-03-31 08:01:08 - [MESSAGE][PASSED] - Call Test Case 'Test Cases/AHI/_include/get_screenshot' successfully

2020-03-31 08:01:08 - [TEST_STEP][PASSED] - setText(findTestObject("hic/medicare/zip"), "33186"): Text '33186' is set on object 'Object Repository/hic/medicare/zip'

2020-03-31 08:01:09 - [MESSAGE][PASSED] - Text '33186' is set on object 'Object Repository/hic/medicare/zip'

2020-03-31 08:01:09 - [TEST_STEP][PASSED] - Thread.sleep(3000): null

2020-03-31 08:01:12 - [TEST_STEP][PASSED] - selenium.click("//button[contains(text(),'Compare Plans')]"): null

2020-03-31 08:01:18 - [TEST_STEP][PASSED] - for ([second = 0, second < 10, (second++)]): null

2020-03-31 08:01:18 - [TEST_STEP][PASSED] - try: null

2020-03-31 08:01:18 - [TEST_STEP][PASSED] - if (selenium.isElementPresent("id=js-census-bar")): null

2020-03-31 08:01:18 - [TEST_STEP][PASSED] - break: null

2020-03-31 08:01:18 - [TEST_STEP][PASSED] - callTestCase(findTestCase("AHI/_include/get_screenshot"), [:], STOP_ON_FAILURE): Call Test Case 'Test Cases/AHI/_include/get_screenshot' successfully

2020-03-31 08:01:19 - [TEST_CASE][PASSED] - Test Cases/AHI/_include/get_screenshot: Test Cases/AHI/_include/get_screenshot

2020-03-31 08:01:19 - [TEST_STEP][PASSED] - Thread.sleep(1000): null

2020-03-31 08:01:20 - [TEST_STEP][PASSED] - takeScreenshot(screenPath + i + ".png"): Taking screenshot successfully

2020-03-31 08:01:20 - [MESSAGE][PASSED] - Taking screenshot successfully
[[ATTACHMENT|D:\\Test\\AgileTest\\Reports\\HIC\\hic\\20200331_080032\\../Screenshots/iPhone 6/HIC/ACA/ACA/20200331_080044/2.png]]

2020-03-31 08:01:20 - [TEST_STEP][PASSED] - (internal.GlobalVariable.i++): null

2020-03-31 08:01:20 - [MESSAGE][PASSED] - Call Test Case 'Test Cases/AHI/_include/get_screenshot' successfully]]></system-out>
         <system-err><![CDATA[]]></system-err>
      </testcase>
      <testcase name="Test Cases/HIC/New/Cancer" classname="Test Cases/HIC/New/Cancer" status="PASSED">
         <system-out><![CDATA[2020-03-31 08:01:20 - [TEST_CASE][PASSED] - Test Cases/HIC/New/Cancer: Test Cases/HIC/New/Cancer

2020-03-31 08:01:21 - [TEST_STEP][PASSED] - callTestCase(findTestCase("HIC/_include/get_hicScreenPath"), ["project":"HIC", "productLine":"Cancer", "carrierName":"Cancer"], CONTINUE_ON_FAILURE): Call Test Case 'Test Cases/HIC/_include/get_hicScreenPath' successfully

2020-03-31 08:01:21 - [TEST_CASE][PASSED] - Test Cases/HIC/_include/get_hicScreenPath: Test Cases/HIC/_include/get_hicScreenPath

2020-03-31 08:01:21 - [TEST_STEP][PASSED] - m = getExecutionProperties(): null

2020-03-31 08:01:21 - [TEST_STEP][PASSED] - deviceName = get("mobileEmulation").get("deviceName"): null

2020-03-31 08:01:21 - [TEST_STEP][PASSED] - println(deviceName): null

2020-03-31 08:01:21 - [TEST_STEP][PASSED] - now = new java.util.Date(): null

2020-03-31 08:01:21 - [TEST_STEP][PASSED] - mydate = now.format("yyyyMMdd_HHmmss"): null

2020-03-31 08:01:21 - [TEST_STEP][PASSED] - screenPath = "../Screenshots/": null

2020-03-31 08:01:21 - [TEST_STEP][PASSED] - screenPath = screenPath + deviceName + "/" + project + "/" + productLine + "/" + carrierName + "/" + mydate + "/": null

2020-03-31 08:01:21 - [TEST_STEP][PASSED] - println(screenPath): null

2020-03-31 08:01:21 - [MESSAGE][PASSED] - Call Test Case 'Test Cases/HIC/_include/get_hicScreenPath' successfully

2020-03-31 08:01:21 - [TEST_STEP][PASSED] - i = 0: null

2020-03-31 08:01:21 - [TEST_STEP][PASSED] - callTestCase(findTestCase("AHI/_include/openWebSite"), ["env":env], CONTINUE_ON_FAILURE): Call Test Case 'Test Cases/AHI/_include/openWebSite' successfully

2020-03-31 08:01:22 - [TEST_CASE][PASSED] - Test Cases/AHI/_include/openWebSite: Test Cases/AHI/_include/openWebSite

2020-03-31 08:01:22 - [TEST_STEP][PASSED] - openBrowser(env): Browser is opened with url: 'https://qa.healthinsurance.com'

2020-03-31 08:01:22 - [MESSAGE][WARNING] - A browser is already opened. Closing browser and opening a new one

2020-03-31 08:01:24 - [MESSAGE][INFO] - Starting 'Chrome' driver

2020-03-31 08:01:24 - [MESSAGE][INFO] - User set preference: ['mobileEmulation', '{deviceName=iPhone 6}']

2020-03-31 08:01:24 - [MESSAGE][INFO] - User set preference: ['args', '[--incognito, --aggressive-cache-discard, --window-size=375,677, --no-sandbox, --ignore-certificate-errors]']

2020-03-31 08:01:31 - [MESSAGE][PASSED] - Browser is opened with url: 'https://qa.healthinsurance.com'

2020-03-31 08:01:31 - [TEST_STEP][PASSED] - waitForPageLoad(20): Wait for page load successfully

2020-03-31 08:01:31 - [MESSAGE][PASSED] - Wait for page load successfully

2020-03-31 08:01:31 - [TEST_STEP][PASSED] - callTestCase(findTestCase("AHI/_include/get_screenshot"), [:], STOP_ON_FAILURE): Call Test Case 'Test Cases/AHI/_include/get_screenshot' successfully

2020-03-31 08:01:32 - [TEST_CASE][PASSED] - Test Cases/AHI/_include/get_screenshot: Test Cases/AHI/_include/get_screenshot

2020-03-31 08:01:32 - [TEST_STEP][PASSED] - Thread.sleep(1000): null

2020-03-31 08:01:33 - [TEST_STEP][PASSED] - takeScreenshot(screenPath + i + ".png"): Taking screenshot successfully

2020-03-31 08:01:35 - [MESSAGE][PASSED] - Taking screenshot successfully
[[ATTACHMENT|D:\\Test\\AgileTest\\Reports\\HIC\\hic\\20200331_080032\\../Screenshots/iPhone 6/HIC/Cancer/Cancer/20200331_080121/0.png]]

2020-03-31 08:01:35 - [TEST_STEP][PASSED] - (internal.GlobalVariable.i++): null

2020-03-31 08:01:35 - [MESSAGE][PASSED] - Call Test Case 'Test Cases/AHI/_include/get_screenshot' successfully

2020-03-31 08:01:35 - [MESSAGE][PASSED] - Call Test Case 'Test Cases/AHI/_include/openWebSite' successfully

2020-03-31 08:01:35 - [TEST_STEP][PASSED] - driver = getWebDriver(): null

2020-03-31 08:01:35 - [TEST_STEP][PASSED] - baseUrl = env: null

2020-03-31 08:01:35 - [TEST_STEP][PASSED] - selenium = new com.thoughtworks.selenium.webdriven.WebDriverBackedSelenium(driver, baseUrl): null

2020-03-31 08:01:35 - [TEST_STEP][PASSED] - selenium.click("//span[@class='navbar-toggler-icon']"): null

2020-03-31 08:01:35 - [TEST_STEP][PASSED] - selenium.click("//a[@class='dropdown-toggle nav-link']"): null

2020-03-31 08:01:35 - [TEST_STEP][PASSED] - selenium.click("//a[contains(text(),'Cancer Insurance')]"): null

2020-03-31 08:01:40 - [TEST_STEP][PASSED] - for ([second = 0, second < 10, (second++)]): null

2020-03-31 08:01:40 - [TEST_STEP][PASSED] - try: null

2020-03-31 08:01:40 - [TEST_STEP][PASSED] - if (selenium.isElementPresent("//a[@class='front-door-quote-button']")): null

2020-03-31 08:01:40 - [TEST_STEP][PASSED] - break: null

2020-03-31 08:01:40 - [TEST_STEP][PASSED] - callTestCase(findTestCase("AHI/_include/get_screenshot"), [:], STOP_ON_FAILURE): Call Test Case 'Test Cases/AHI/_include/get_screenshot' successfully

2020-03-31 08:01:40 - [TEST_CASE][PASSED] - Test Cases/AHI/_include/get_screenshot: Test Cases/AHI/_include/get_screenshot

2020-03-31 08:01:40 - [TEST_STEP][PASSED] - Thread.sleep(1000): null

2020-03-31 08:01:41 - [TEST_STEP][PASSED] - takeScreenshot(screenPath + i + ".png"): Taking screenshot successfully

2020-03-31 08:01:45 - [MESSAGE][PASSED] - Taking screenshot successfully
[[ATTACHMENT|D:\\Test\\AgileTest\\Reports\\HIC\\hic\\20200331_080032\\../Screenshots/iPhone 6/HIC/Cancer/Cancer/20200331_080121/1.png]]

2020-03-31 08:01:45 - [TEST_STEP][PASSED] - (internal.GlobalVariable.i++): null

2020-03-31 08:01:45 - [MESSAGE][PASSED] - Call Test Case 'Test Cases/AHI/_include/get_screenshot' successfully

2020-03-31 08:01:45 - [TEST_STEP][PASSED] - selenium.click("//a[@class='front-door-quote-button']"): null

2020-03-31 08:01:48 - [TEST_STEP][PASSED] - for ([second = 0, second < 20, (second++)]): null

2020-03-31 08:01:48 - [TEST_STEP][PASSED] - try: null

2020-03-31 08:01:48 - [TEST_STEP][PASSED] - if (selenium.isElementPresent("id=zip-input")): null

2020-03-31 08:01:50 - [TEST_STEP][PASSED] - break: null

2020-03-31 08:01:50 - [TEST_STEP][PASSED] - callTestCase(findTestCase("AHI/_include/get_screenshot"), [:], STOP_ON_FAILURE): Call Test Case 'Test Cases/AHI/_include/get_screenshot' successfully

2020-03-31 08:01:50 - [TEST_CASE][PASSED] - Test Cases/AHI/_include/get_screenshot: Test Cases/AHI/_include/get_screenshot

2020-03-31 08:01:50 - [TEST_STEP][PASSED] - Thread.sleep(1000): null

2020-03-31 08:01:51 - [TEST_STEP][PASSED] - takeScreenshot(screenPath + i + ".png"): Taking screenshot successfully

2020-03-31 08:01:52 - [MESSAGE][PASSED] - Taking screenshot successfully
[[ATTACHMENT|D:\\Test\\AgileTest\\Reports\\HIC\\hic\\20200331_080032\\../Screenshots/iPhone 6/HIC/Cancer/Cancer/20200331_080121/2.png]]

2020-03-31 08:01:52 - [TEST_STEP][PASSED] - (internal.GlobalVariable.i++): null

2020-03-31 08:01:52 - [MESSAGE][PASSED] - Call Test Case 'Test Cases/AHI/_include/get_screenshot' successfully

2020-03-31 08:01:52 - [TEST_STEP][PASSED] - sendKeys(findTestObject("mobileSanity/Cancer Insurance/zip"), "35216"): Keys '35216' sent to object: 'Object Repository/mobileSanity/Cancer Insurance/zip'

2020-03-31 08:01:53 - [MESSAGE][PASSED] - Keys '35216' sent to object: 'Object Repository/mobileSanity/Cancer Insurance/zip'

2020-03-31 08:01:53 - [TEST_STEP][PASSED] - sendKeys(findTestObject("mobileSanity/Cancer Insurance/dob-0"), "01/01/1990"): Keys '01/01/1990' sent to object: 'Object Repository/mobileSanity/Cancer Insurance/dob-0'

2020-03-31 08:01:54 - [MESSAGE][PASSED] - Keys '01/01/1990' sent to object: 'Object Repository/mobileSanity/Cancer Insurance/dob-0'

2020-03-31 08:01:54 - [TEST_STEP][PASSED] - Thread.sleep(2000): null

2020-03-31 08:01:56 - [TEST_STEP][PASSED] - selenium.click("//label[@for='gender-m-0']"): null

2020-03-31 08:01:56 - [TEST_STEP][PASSED] - Thread.sleep(3000): null

2020-03-31 08:01:59 - [TEST_STEP][PASSED] - selenium.click("id=js-see-plans"): null

2020-03-31 08:02:01 - [TEST_STEP][PASSED] - for ([second = 0, second < 20, (second++)]): null

2020-03-31 08:02:01 - [TEST_STEP][PASSED] - try: null

2020-03-31 08:02:01 - [TEST_STEP][PASSED] - if (selenium.isElementPresent("xpath=//h1[contains(text(),'3 Cancer Insurance Policies Found')]")): null

2020-03-31 08:02:01 - [TEST_STEP][PASSED] - Thread.sleep(1000): null

2020-03-31 08:02:02 - [TEST_STEP][PASSED] - try: null

2020-03-31 08:02:02 - [TEST_STEP][PASSED] - if (selenium.isElementPresent("xpath=//h1[contains(text(),'3 Cancer Insurance Policies Found')]")): null

2020-03-31 08:02:03 - [TEST_STEP][PASSED] - Thread.sleep(1000): null

2020-03-31 08:02:04 - [TEST_STEP][PASSED] - try: null

2020-03-31 08:02:04 - [TEST_STEP][PASSED] - if (selenium.isElementPresent("xpath=//h1[contains(text(),'3 Cancer Insurance Policies Found')]")): null

2020-03-31 08:02:04 - [TEST_STEP][PASSED] - Thread.sleep(1000): null

2020-03-31 08:02:05 - [TEST_STEP][PASSED] - try: null

2020-03-31 08:02:05 - [TEST_STEP][PASSED] - if (selenium.isElementPresent("xpath=//h1[contains(text(),'3 Cancer Insurance Policies Found')]")): null

2020-03-31 08:02:05 - [TEST_STEP][PASSED] - Thread.sleep(1000): null

2020-03-31 08:02:06 - [TEST_STEP][PASSED] - try: null

2020-03-31 08:02:06 - [TEST_STEP][PASSED] - if (selenium.isElementPresent("xpath=//h1[contains(text(),'3 Cancer Insurance Policies Found')]")): null

2020-03-31 08:02:06 - [TEST_STEP][PASSED] - Thread.sleep(1000): null

2020-03-31 08:02:07 - [TEST_STEP][PASSED] - try: null

2020-03-31 08:02:07 - [TEST_STEP][PASSED] - if (selenium.isElementPresent("xpath=//h1[contains(text(),'3 Cancer Insurance Policies Found')]")): null

2020-03-31 08:02:08 - [TEST_STEP][PASSED] - Thread.sleep(1000): null

2020-03-31 08:02:09 - [TEST_STEP][PASSED] - try: null

2020-03-31 08:02:09 - [TEST_STEP][PASSED] - if (selenium.isElementPresent("xpath=//h1[contains(text(),'3 Cancer Insurance Policies Found')]")): null

2020-03-31 08:02:09 - [TEST_STEP][PASSED] - Thread.sleep(1000): null

2020-03-31 08:02:10 - [TEST_STEP][PASSED] - try: null

2020-03-31 08:02:10 - [TEST_STEP][PASSED] - if (selenium.isElementPresent("xpath=//h1[contains(text(),'3 Cancer Insurance Policies Found')]")): null

2020-03-31 08:02:10 - [TEST_STEP][PASSED] - Thread.sleep(1000): null

2020-03-31 08:02:11 - [TEST_STEP][PASSED] - try: null

2020-03-31 08:02:11 - [TEST_STEP][PASSED] - if (selenium.isElementPresent("xpath=//h1[contains(text(),'3 Cancer Insurance Policies Found')]")): null

2020-03-31 08:02:11 - [TEST_STEP][PASSED] - Thread.sleep(1000): null

2020-03-31 08:02:12 - [TEST_STEP][PASSED] - try: null

2020-03-31 08:02:12 - [TEST_STEP][PASSED] - if (selenium.isElementPresent("xpath=//h1[contains(text(),'3 Cancer Insurance Policies Found')]")): null

2020-03-31 08:02:12 - [TEST_STEP][PASSED] - Thread.sleep(1000): null

2020-03-31 08:02:13 - [TEST_STEP][PASSED] - try: null

2020-03-31 08:02:13 - [TEST_STEP][PASSED] - if (selenium.isElementPresent("xpath=//h1[contains(text(),'3 Cancer Insurance Policies Found')]")): null

2020-03-31 08:02:13 - [TEST_STEP][PASSED] - Thread.sleep(1000): null

2020-03-31 08:02:14 - [TEST_STEP][PASSED] - try: null

2020-03-31 08:02:14 - [TEST_STEP][PASSED] - if (selenium.isElementPresent("xpath=//h1[contains(text(),'3 Cancer Insurance Policies Found')]")): null

2020-03-31 08:02:14 - [TEST_STEP][PASSED] - Thread.sleep(1000): null

2020-03-31 08:02:15 - [TEST_STEP][PASSED] - try: null

2020-03-31 08:02:15 - [TEST_STEP][PASSED] - if (selenium.isElementPresent("xpath=//h1[contains(text(),'3 Cancer Insurance Policies Found')]")): null

2020-03-31 08:02:15 - [TEST_STEP][PASSED] - Thread.sleep(1000): null

2020-03-31 08:02:16 - [TEST_STEP][PASSED] - try: null

2020-03-31 08:02:16 - [TEST_STEP][PASSED] - if (selenium.isElementPresent("xpath=//h1[contains(text(),'3 Cancer Insurance Policies Found')]")): null

2020-03-31 08:02:16 - [TEST_STEP][PASSED] - Thread.sleep(1000): null

2020-03-31 08:02:17 - [TEST_STEP][PASSED] - try: null

2020-03-31 08:02:17 - [TEST_STEP][PASSED] - if (selenium.isElementPresent("xpath=//h1[contains(text(),'3 Cancer Insurance Policies Found')]")): null

2020-03-31 08:02:17 - [TEST_STEP][PASSED] - Thread.sleep(1000): null

2020-03-31 08:02:18 - [TEST_STEP][PASSED] - try: null

2020-03-31 08:02:18 - [TEST_STEP][PASSED] - if (selenium.isElementPresent("xpath=//h1[contains(text(),'3 Cancer Insurance Policies Found')]")): null

2020-03-31 08:02:18 - [TEST_STEP][PASSED] - Thread.sleep(1000): null

2020-03-31 08:02:19 - [TEST_STEP][PASSED] - try: null

2020-03-31 08:02:19 - [TEST_STEP][PASSED] - if (selenium.isElementPresent("xpath=//h1[contains(text(),'3 Cancer Insurance Policies Found')]")): null

2020-03-31 08:02:19 - [TEST_STEP][PASSED] - Thread.sleep(1000): null

2020-03-31 08:02:20 - [TEST_STEP][PASSED] - try: null

2020-03-31 08:02:20 - [TEST_STEP][PASSED] - if (selenium.isElementPresent("xpath=//h1[contains(text(),'3 Cancer Insurance Policies Found')]")): null

2020-03-31 08:02:20 - [TEST_STEP][PASSED] - Thread.sleep(1000): null

2020-03-31 08:02:21 - [TEST_STEP][PASSED] - try: null

2020-03-31 08:02:21 - [TEST_STEP][PASSED] - if (selenium.isElementPresent("xpath=//h1[contains(text(),'3 Cancer Insurance Policies Found')]")): null

2020-03-31 08:02:22 - [TEST_STEP][PASSED] - Thread.sleep(1000): null

2020-03-31 08:02:23 - [TEST_STEP][PASSED] - try: null

2020-03-31 08:02:23 - [TEST_STEP][PASSED] - if (selenium.isElementPresent("xpath=//h1[contains(text(),'3 Cancer Insurance Policies Found')]")): null

2020-03-31 08:02:23 - [TEST_STEP][PASSED] - Thread.sleep(1000): null

2020-03-31 08:02:24 - [TEST_STEP][PASSED] - callTestCase(findTestCase("AHI/_include/get_screenshot"), [:], STOP_ON_FAILURE): Call Test Case 'Test Cases/AHI/_include/get_screenshot' successfully

2020-03-31 08:02:24 - [TEST_CASE][PASSED] - Test Cases/AHI/_include/get_screenshot: Test Cases/AHI/_include/get_screenshot

2020-03-31 08:02:24 - [TEST_STEP][PASSED] - Thread.sleep(1000): null

2020-03-31 08:02:25 - [TEST_STEP][PASSED] - takeScreenshot(screenPath + i + ".png"): Taking screenshot successfully

2020-03-31 08:02:25 - [MESSAGE][PASSED] - Taking screenshot successfully
[[ATTACHMENT|D:\\Test\\AgileTest\\Reports\\HIC\\hic\\20200331_080032\\../Screenshots/iPhone 6/HIC/Cancer/Cancer/20200331_080121/3.png]]

2020-03-31 08:02:25 - [TEST_STEP][PASSED] - (internal.GlobalVariable.i++): null

2020-03-31 08:02:25 - [MESSAGE][PASSED] - Call Test Case 'Test Cases/AHI/_include/get_screenshot' successfully

2020-03-31 08:02:25 - [TEST_STEP][PASSED] - selenium.click("xpath=(//a[contains(text(),'Option 1')])[1]"): null

2020-03-31 08:02:27 - [TEST_STEP][PASSED] - for ([second = 0, second < 20, (second++)]): null

2020-03-31 08:02:27 - [TEST_STEP][PASSED] - try: null

2020-03-31 08:02:27 - [TEST_STEP][PASSED] - if (selenium.isElementPresent("id=plan-details-primary-apply")): null

2020-03-31 08:02:28 - [TEST_STEP][PASSED] - break: null

2020-03-31 08:02:28 - [TEST_STEP][PASSED] - callTestCase(findTestCase("AHI/_include/get_screenshot"), [:], STOP_ON_FAILURE): Call Test Case 'Test Cases/AHI/_include/get_screenshot' successfully

2020-03-31 08:02:29 - [TEST_CASE][PASSED] - Test Cases/AHI/_include/get_screenshot: Test Cases/AHI/_include/get_screenshot

2020-03-31 08:02:29 - [TEST_STEP][PASSED] - Thread.sleep(1000): null

2020-03-31 08:02:30 - [TEST_STEP][PASSED] - takeScreenshot(screenPath + i + ".png"): Taking screenshot successfully

2020-03-31 08:02:30 - [MESSAGE][PASSED] - Taking screenshot successfully
[[ATTACHMENT|D:\\Test\\AgileTest\\Reports\\HIC\\hic\\20200331_080032\\../Screenshots/iPhone 6/HIC/Cancer/Cancer/20200331_080121/4.png]]

2020-03-31 08:02:30 - [TEST_STEP][PASSED] - (internal.GlobalVariable.i++): null

2020-03-31 08:02:30 - [MESSAGE][PASSED] - Call Test Case 'Test Cases/AHI/_include/get_screenshot' successfully

2020-03-31 08:02:30 - [TEST_STEP][PASSED] - selenium.click("id=plan-details-primary-apply"): null

2020-03-31 08:02:31 - [TEST_STEP][PASSED] - for ([second = 0, second < 20, (second++)]): null

2020-03-31 08:02:31 - [TEST_STEP][PASSED] - try: null

2020-03-31 08:02:31 - [TEST_STEP][PASSED] - if (selenium.isElementPresent("id=applyButton")): null

2020-03-31 08:02:32 - [TEST_STEP][PASSED] - break: null

2020-03-31 08:02:32 - [TEST_STEP][PASSED] - callTestCase(findTestCase("AHI/_include/get_screenshot"), [:], STOP_ON_FAILURE): Call Test Case 'Test Cases/AHI/_include/get_screenshot' successfully

2020-03-31 08:02:32 - [TEST_CASE][PASSED] - Test Cases/AHI/_include/get_screenshot: Test Cases/AHI/_include/get_screenshot

2020-03-31 08:02:32 - [TEST_STEP][PASSED] - Thread.sleep(1000): null

2020-03-31 08:02:33 - [TEST_STEP][PASSED] - takeScreenshot(screenPath + i + ".png"): Taking screenshot successfully

2020-03-31 08:02:34 - [MESSAGE][PASSED] - Taking screenshot successfully
[[ATTACHMENT|D:\\Test\\AgileTest\\Reports\\HIC\\hic\\20200331_080032\\../Screenshots/iPhone 6/HIC/Cancer/Cancer/20200331_080121/5.png]]

2020-03-31 08:02:34 - [TEST_STEP][PASSED] - (internal.GlobalVariable.i++): null

2020-03-31 08:02:34 - [MESSAGE][PASSED] - Call Test Case 'Test Cases/AHI/_include/get_screenshot' successfully

2020-03-31 08:02:34 - [TEST_STEP][PASSED] - selenium.click("id=applyButton"): null

2020-03-31 08:02:36 - [TEST_STEP][PASSED] - for ([second = 0, second < 20, (second++)]): null

2020-03-31 08:02:36 - [TEST_STEP][PASSED] - try: null

2020-03-31 08:02:36 - [TEST_STEP][PASSED] - if (selenium.isElementPresent("id=member-P-1-firstName")): null

2020-03-31 08:02:37 - [TEST_STEP][PASSED] - break: null

2020-03-31 08:02:37 - [TEST_STEP][PASSED] - callTestCase(findTestCase("AHI/_include/get_screenshot"), [:], STOP_ON_FAILURE): Call Test Case 'Test Cases/AHI/_include/get_screenshot' successfully

2020-03-31 08:02:37 - [TEST_CASE][PASSED] - Test Cases/AHI/_include/get_screenshot: Test Cases/AHI/_include/get_screenshot

2020-03-31 08:02:37 - [TEST_STEP][PASSED] - Thread.sleep(1000): null

2020-03-31 08:02:38 - [TEST_STEP][PASSED] - takeScreenshot(screenPath + i + ".png"): Taking screenshot successfully

2020-03-31 08:02:39 - [MESSAGE][PASSED] - Taking screenshot successfully
[[ATTACHMENT|D:\\Test\\AgileTest\\Reports\\HIC\\hic\\20200331_080032\\../Screenshots/iPhone 6/HIC/Cancer/Cancer/20200331_080121/6.png]]

2020-03-31 08:02:39 - [TEST_STEP][PASSED] - (internal.GlobalVariable.i++): null

2020-03-31 08:02:39 - [MESSAGE][PASSED] - Call Test Case 'Test Cases/AHI/_include/get_screenshot' successfully

2020-03-31 08:02:39 - [TEST_STEP][PASSED] - callTestCase(findTestCase("AHI/_include/name"), [:], STOP_ON_FAILURE): Call Test Case 'Test Cases/AHI/_include/name' successfully

2020-03-31 08:02:39 - [TEST_CASE][PASSED] - Test Cases/AHI/_include/name: Test Cases/AHI/_include/name

2020-03-31 08:02:40 - [TEST_STEP][PASSED] - driver = getWebDriver(): null

2020-03-31 08:02:40 - [TEST_STEP][PASSED] - selenium = new com.thoughtworks.selenium.webdriven.WebDriverBackedSelenium(driver, internal.GlobalVariable.ENV): null

2020-03-31 08:02:40 - [TEST_STEP][PASSED] - FirstName = "Test-123": null

2020-03-31 08:02:40 - [TEST_STEP][PASSED] - LastName = selenium.getEval("{var x="ABCDEFGHIJKLMNOPQRSTUVWXYZabcdefghijklmnopqrstuvwxyz"; var tmp="ZZ11-"; for (i=0;i<8;i++) tmp+=x.charAt(Math.ceil(51*Math.random()));tmp;}"): null

2020-03-31 08:02:40 - [TEST_STEP][PASSED] - Address = selenium.getEval("{var x="ABCDEFGHIJKLMNOPQRSTUVWXYZabcdefghijklmnopqrstuvwxyz"; var tmp=""; for (i=0;i<8;i++) tmp+=x.charAt(Math.ceil(51*Math.random()));tmp;}"): null

2020-03-31 08:02:40 - [TEST_STEP][PASSED] - City = selenium.getEval("{var x="ABCDEFGHIJKLMNOPQRSTUVWXYZabcdefghijklmnopqrstuvwxyz"; var tmp=""; for (i=0;i<8;i++) tmp+=x.charAt(Math.ceil(51*Math.random()));tmp;}"): null

2020-03-31 08:02:40 - [TEST_STEP][PASSED] - tel1 = selenium.getEval("{var x="123456789"; var tmp=""; for (i=0;i<3;i++) tmp+=x.charAt(Math.ceil(8*Math.random()));tmp;}"): null

2020-03-31 08:02:40 - [TEST_STEP][PASSED] - tel2 = selenium.getEval("{var x="123456789"; var tmp=""; for (i=0;i<3;i++) tmp+=x.charAt(Math.ceil(8*Math.random()));tmp;}"): null

2020-03-31 08:02:41 - [TEST_STEP][PASSED] - tel3 = selenium.getEval("{var x="123456789"; var tmp=""; for (i=0;i<4;i++) tmp+=x.charAt(Math.ceil(8*Math.random()));tmp;}"): null

2020-03-31 08:02:41 - [TEST_STEP][PASSED] - Tel = selenium.getExpression(tel1 + "-" + tel2 + "-" + tel3): null

2020-03-31 08:02:41 - [TEST_STEP][PASSED] - AutoEmail = selenium.getEval("{var x="ABCDEFGHIJKLMNOPQRSTUVWXYZabcdefghijklmnopqrstuvwxyz"; var tmp="test."; for (i=0;i<8;i++) tmp+=x.charAt(Math.ceil(51*Math.random()));tmp+="@suryani.cn";}"): null

2020-03-31 08:02:41 - [TEST_STEP][PASSED] - FirstName = FirstName: null

2020-03-31 08:02:41 - [TEST_STEP][PASSED] - LastName = LastName: null

2020-03-31 08:02:41 - [TEST_STEP][PASSED] - Address = Address: null

2020-03-31 08:02:41 - [TEST_STEP][PASSED] - City = City: null

2020-03-31 08:02:41 - [TEST_STEP][PASSED] - Tel = Tel: null

2020-03-31 08:02:41 - [TEST_STEP][PASSED] - AutoEmail = AutoEmail: null

2020-03-31 08:02:41 - [TEST_STEP][PASSED] - println(FirstName): null

2020-03-31 08:02:41 - [TEST_STEP][PASSED] - println(LastName): null

2020-03-31 08:02:41 - [TEST_STEP][PASSED] - println(Address): null

2020-03-31 08:02:41 - [TEST_STEP][PASSED] - println(City): null

2020-03-31 08:02:41 - [TEST_STEP][PASSED] - println(Tel): null

2020-03-31 08:02:41 - [TEST_STEP][PASSED] - println(AutoEmail): null

2020-03-31 08:02:41 - [MESSAGE][PASSED] - Call Test Case 'Test Cases/AHI/_include/name' successfully

2020-03-31 08:02:41 - [TEST_STEP][PASSED] - selenium.type("id=member-P-1-firstName", FirstName): null

2020-03-31 08:02:41 - [TEST_STEP][PASSED] - selenium.type("id=member-P-1-lastName", LastName): null

2020-03-31 08:02:41 - [TEST_STEP][PASSED] - selenium.type("id=address", Address): null

2020-03-31 08:02:41 - [TEST_STEP][PASSED] - selenium.type("id=city", City): null

2020-03-31 08:02:41 - [TEST_STEP][PASSED] - selenium.type("id=email", AutoEmail): null

2020-03-31 08:02:42 - [TEST_STEP][PASSED] - selenium.type("id=primaryPhone", Tel): null

2020-03-31 08:02:42 - [TEST_STEP][PASSED] - selenium.click("id=js-app-continue-link"): null

2020-03-31 08:02:42 - [TEST_STEP][PASSED] - for ([second = 0, second < 20, (second++)]): null

2020-03-31 08:02:42 - [TEST_STEP][PASSED] - try: null

2020-03-31 08:02:42 - [TEST_STEP][PASSED] - if (selenium.isElementPresent("xpath=(//*[@class='js-question js-app-page-medical-question-wrapper'])[1]/div/button[1]")): null

2020-03-31 08:02:42 - [TEST_STEP][PASSED] - Thread.sleep(1000): null

2020-03-31 08:02:43 - [TEST_STEP][PASSED] - try: null

2020-03-31 08:02:43 - [TEST_STEP][PASSED] - if (selenium.isElementPresent("xpath=(//*[@class='js-question js-app-page-medical-question-wrapper'])[1]/div/button[1]")): null

2020-03-31 08:02:44 - [TEST_STEP][PASSED] - break: null

2020-03-31 08:02:44 - [TEST_STEP][PASSED] - callTestCase(findTestCase("AHI/_include/get_screenshot"), [:], STOP_ON_FAILURE): Call Test Case 'Test Cases/AHI/_include/get_screenshot' successfully

2020-03-31 08:02:44 - [TEST_CASE][PASSED] - Test Cases/AHI/_include/get_screenshot: Test Cases/AHI/_include/get_screenshot

2020-03-31 08:02:44 - [TEST_STEP][PASSED] - Thread.sleep(1000): null

2020-03-31 08:02:45 - [TEST_STEP][PASSED] - takeScreenshot(screenPath + i + ".png"): Taking screenshot successfully

2020-03-31 08:02:46 - [MESSAGE][PASSED] - Taking screenshot successfully
[[ATTACHMENT|D:\\Test\\AgileTest\\Reports\\HIC\\hic\\20200331_080032\\../Screenshots/iPhone 6/HIC/Cancer/Cancer/20200331_080121/7.png]]

2020-03-31 08:02:46 - [TEST_STEP][PASSED] - (internal.GlobalVariable.i++): null

2020-03-31 08:02:46 - [MESSAGE][PASSED] - Call Test Case 'Test Cases/AHI/_include/get_screenshot' successfully

2020-03-31 08:02:46 - [TEST_STEP][PASSED] - for ([i = 1, i < 12, (i++)]): null

2020-03-31 08:02:46 - [TEST_STEP][PASSED] - selenium.click("xpath=(//*[@class='js-question js-app-page-medical-question-wrapper'])[" + i + "]/div/button[1]"): null

2020-03-31 08:02:47 - [TEST_STEP][PASSED] - selenium.click("xpath=(//*[@class='js-question js-app-page-medical-question-wrapper'])[" + i + "]/div/button[1]"): null

2020-03-31 08:02:47 - [TEST_STEP][PASSED] - selenium.click("xpath=(//*[@class='js-question js-app-page-medical-question-wrapper'])[" + i + "]/div/button[1]"): null

2020-03-31 08:02:48 - [TEST_STEP][PASSED] - selenium.click("xpath=(//*[@class='js-question js-app-page-medical-question-wrapper'])[" + i + "]/div/button[1]"): null

2020-03-31 08:02:48 - [TEST_STEP][PASSED] - selenium.click("xpath=(//*[@class='js-question js-app-page-medical-question-wrapper'])[" + i + "]/div/button[1]"): null

2020-03-31 08:02:48 - [TEST_STEP][PASSED] - selenium.click("xpath=(//*[@class='js-question js-app-page-medical-question-wrapper'])[" + i + "]/div/button[1]"): null

2020-03-31 08:02:49 - [TEST_STEP][PASSED] - selenium.click("xpath=(//*[@class='js-question js-app-page-medical-question-wrapper'])[" + i + "]/div/button[1]"): null

2020-03-31 08:02:49 - [TEST_STEP][PASSED] - selenium.click("xpath=(//*[@class='js-question js-app-page-medical-question-wrapper'])[" + i + "]/div/button[1]"): null

2020-03-31 08:02:50 - [TEST_STEP][PASSED] - selenium.click("xpath=(//*[@class='js-question js-app-page-medical-question-wrapper'])[" + i + "]/div/button[1]"): null

2020-03-31 08:02:51 - [TEST_STEP][PASSED] - selenium.click("xpath=(//*[@class='js-question js-app-page-medical-question-wrapper'])[" + i + "]/div/button[1]"): null

2020-03-31 08:02:52 - [TEST_STEP][PASSED] - selenium.click("xpath=(//*[@class='js-question js-app-page-medical-question-wrapper'])[" + i + "]/div/button[1]"): null

2020-03-31 08:02:53 - [TEST_STEP][PASSED] - selenium.click("id=js-app-continue-link"): null

2020-03-31 08:02:54 - [TEST_STEP][PASSED] - for ([second = 0, second < 20, (second++)]): null

2020-03-31 08:02:54 - [TEST_STEP][PASSED] - try: null

2020-03-31 08:02:54 - [TEST_STEP][PASSED] - if (selenium.isElementPresent("id=credit-card-number")): null

2020-03-31 08:02:54 - [TEST_STEP][PASSED] - Thread.sleep(1000): null

2020-03-31 08:02:55 - [TEST_STEP][PASSED] - try: null

2020-03-31 08:02:55 - [TEST_STEP][PASSED] - if (selenium.isElementPresent("id=credit-card-number")): null

2020-03-31 08:02:55 - [TEST_STEP][PASSED] - break: null

2020-03-31 08:02:55 - [TEST_STEP][PASSED] - callTestCase(findTestCase("AHI/_include/get_screenshot"), [:], STOP_ON_FAILURE): Call Test Case 'Test Cases/AHI/_include/get_screenshot' successfully

2020-03-31 08:02:56 - [TEST_CASE][PASSED] - Test Cases/AHI/_include/get_screenshot: Test Cases/AHI/_include/get_screenshot

2020-03-31 08:02:56 - [TEST_STEP][PASSED] - Thread.sleep(1000): null

2020-03-31 08:02:57 - [TEST_STEP][PASSED] - takeScreenshot(screenPath + i + ".png"): Taking screenshot successfully

2020-03-31 08:02:57 - [MESSAGE][PASSED] - Taking screenshot successfully
[[ATTACHMENT|D:\\Test\\AgileTest\\Reports\\HIC\\hic\\20200331_080032\\../Screenshots/iPhone 6/HIC/Cancer/Cancer/20200331_080121/8.png]]

2020-03-31 08:02:57 - [TEST_STEP][PASSED] - (internal.GlobalVariable.i++): null

2020-03-31 08:02:57 - [MESSAGE][PASSED] - Call Test Case 'Test Cases/AHI/_include/get_screenshot' successfully

2020-03-31 08:02:57 - [TEST_STEP][PASSED] - selenium.type("id=credit-card-number", "4111123123123123"): null

2020-03-31 08:02:57 - [TEST_STEP][PASSED] - selenium.type("id=credit-card-first", "test"): null

2020-03-31 08:02:57 - [TEST_STEP][PASSED] - selenium.type("id=credit-card-last", "test"): null

2020-03-31 08:02:58 - [TEST_STEP][PASSED] - selenium.select("id=expiration-month", "12"): null

2020-03-31 08:02:59 - [TEST_STEP][PASSED] - selenium.select("id=expiration-year", "2026"): null

2020-03-31 08:02:59 - [TEST_STEP][PASSED] - selenium.type("id=credit-card-cvv", "123"): null

2020-03-31 08:02:59 - [TEST_STEP][PASSED] - selenium.type("id=credit-card-number", "4111123123123123"): null

2020-03-31 08:03:00 - [TEST_STEP][PASSED] - selenium.click("id=js-same-billing"): null

2020-03-31 08:03:00 - [TEST_STEP][PASSED] - selenium.click("id=credit-payment-authorization"): null

2020-03-31 08:03:00 - [TEST_STEP][PASSED] - selenium.click("id=js-app-continue-link"): null

2020-03-31 08:03:00 - [TEST_STEP][PASSED] - for ([second = 0, second < 20, (second++)]): null

2020-03-31 08:03:00 - [TEST_STEP][PASSED] - try: null

2020-03-31 08:03:00 - [TEST_STEP][PASSED] - if (selenium.isElementPresent("id=consent-checkbox-0")): null

2020-03-31 08:03:01 - [TEST_STEP][PASSED] - Thread.sleep(1000): null

2020-03-31 08:03:02 - [TEST_STEP][PASSED] - try: null

2020-03-31 08:03:02 - [TEST_STEP][PASSED] - if (selenium.isElementPresent("id=consent-checkbox-0")): null

2020-03-31 08:03:02 - [TEST_STEP][PASSED] - break: null

2020-03-31 08:03:02 - [TEST_STEP][PASSED] - callTestCase(findTestCase("AHI/_include/get_screenshot"), [:], STOP_ON_FAILURE): Call Test Case 'Test Cases/AHI/_include/get_screenshot' successfully

2020-03-31 08:03:02 - [TEST_CASE][PASSED] - Test Cases/AHI/_include/get_screenshot: Test Cases/AHI/_include/get_screenshot

2020-03-31 08:03:02 - [TEST_STEP][PASSED] - Thread.sleep(1000): null

2020-03-31 08:03:03 - [TEST_STEP][PASSED] - takeScreenshot(screenPath + i + ".png"): Taking screenshot successfully

2020-03-31 08:03:04 - [MESSAGE][PASSED] - Taking screenshot successfully
[[ATTACHMENT|D:\\Test\\AgileTest\\Reports\\HIC\\hic\\20200331_080032\\../Screenshots/iPhone 6/HIC/Cancer/Cancer/20200331_080121/9.png]]

2020-03-31 08:03:04 - [TEST_STEP][PASSED] - (internal.GlobalVariable.i++): null

2020-03-31 08:03:04 - [MESSAGE][PASSED] - Call Test Case 'Test Cases/AHI/_include/get_screenshot' successfully

2020-03-31 08:03:04 - [TEST_STEP][PASSED] - selenium.click("id=consent-checkbox-0"): null

2020-03-31 08:03:04 - [TEST_STEP][PASSED] - selenium.click("id=js-signature-tab"): null

2020-03-31 08:03:05 - [TEST_STEP][PASSED] - selenium.click("id=js-app-continue-link"): null

2020-03-31 08:03:05 - [TEST_STEP][PASSED] - for ([second = 0, second < 30, (second++)]): null

2020-03-31 08:03:05 - [TEST_STEP][PASSED] - try: null

2020-03-31 08:03:05 - [TEST_STEP][PASSED] - if (selenium.isElementPresent("xpath=//h2[contains(text(),'Thank You')]")): null

2020-03-31 08:03:05 - [TEST_STEP][PASSED] - Thread.sleep(1000): null

2020-03-31 08:03:07 - [TEST_STEP][PASSED] - try: null

2020-03-31 08:03:07 - [TEST_STEP][PASSED] - if (selenium.isElementPresent("xpath=//h2[contains(text(),'Thank You')]")): null

2020-03-31 08:03:07 - [TEST_STEP][PASSED] - Thread.sleep(1000): null

2020-03-31 08:03:08 - [TEST_STEP][PASSED] - try: null

2020-03-31 08:03:08 - [TEST_STEP][PASSED] - if (selenium.isElementPresent("xpath=//h2[contains(text(),'Thank You')]")): null

2020-03-31 08:03:08 - [TEST_STEP][PASSED] - Thread.sleep(1000): null

2020-03-31 08:03:09 - [TEST_STEP][PASSED] - try: null

2020-03-31 08:03:09 - [TEST_STEP][PASSED] - if (selenium.isElementPresent("xpath=//h2[contains(text(),'Thank You')]")): null

2020-03-31 08:03:09 - [TEST_STEP][PASSED] - Thread.sleep(1000): null

2020-03-31 08:03:10 - [TEST_STEP][PASSED] - try: null

2020-03-31 08:03:10 - [TEST_STEP][PASSED] - if (selenium.isElementPresent("xpath=//h2[contains(text(),'Thank You')]")): null

2020-03-31 08:03:10 - [TEST_STEP][PASSED] - Thread.sleep(1000): null

2020-03-31 08:03:11 - [TEST_STEP][PASSED] - try: null

2020-03-31 08:03:11 - [TEST_STEP][PASSED] - if (selenium.isElementPresent("xpath=//h2[contains(text(),'Thank You')]")): null

2020-03-31 08:03:11 - [TEST_STEP][PASSED] - Thread.sleep(1000): null

2020-03-31 08:03:12 - [TEST_STEP][PASSED] - try: null

2020-03-31 08:03:12 - [TEST_STEP][PASSED] - if (selenium.isElementPresent("xpath=//h2[contains(text(),'Thank You')]")): null

2020-03-31 08:03:12 - [TEST_STEP][PASSED] - Thread.sleep(1000): null

2020-03-31 08:03:13 - [TEST_STEP][PASSED] - try: null

2020-03-31 08:03:13 - [TEST_STEP][PASSED] - if (selenium.isElementPresent("xpath=//h2[contains(text(),'Thank You')]")): null

2020-03-31 08:03:13 - [TEST_STEP][PASSED] - Thread.sleep(1000): null

2020-03-31 08:03:14 - [TEST_STEP][PASSED] - try: null

2020-03-31 08:03:14 - [TEST_STEP][PASSED] - if (selenium.isElementPresent("xpath=//h2[contains(text(),'Thank You')]")): null

2020-03-31 08:03:14 - [TEST_STEP][PASSED] - Thread.sleep(1000): null

2020-03-31 08:03:15 - [TEST_STEP][PASSED] - try: null

2020-03-31 08:03:15 - [TEST_STEP][PASSED] - if (selenium.isElementPresent("xpath=//h2[contains(text(),'Thank You')]")): null

2020-03-31 08:03:15 - [TEST_STEP][PASSED] - Thread.sleep(1000): null

2020-03-31 08:03:16 - [TEST_STEP][PASSED] - try: null

2020-03-31 08:03:16 - [TEST_STEP][PASSED] - if (selenium.isElementPresent("xpath=//h2[contains(text(),'Thank You')]")): null

2020-03-31 08:03:16 - [TEST_STEP][PASSED] - Thread.sleep(1000): null

2020-03-31 08:03:17 - [TEST_STEP][PASSED] - try: null

2020-03-31 08:03:17 - [TEST_STEP][PASSED] - if (selenium.isElementPresent("xpath=//h2[contains(text(),'Thank You')]")): null

2020-03-31 08:03:17 - [TEST_STEP][PASSED] - Thread.sleep(1000): null

2020-03-31 08:03:18 - [TEST_STEP][PASSED] - try: null

2020-03-31 08:03:18 - [TEST_STEP][PASSED] - if (selenium.isElementPresent("xpath=//h2[contains(text(),'Thank You')]")): null

2020-03-31 08:03:19 - [TEST_STEP][PASSED] - break: null

2020-03-31 08:03:19 - [TEST_STEP][PASSED] - callTestCase(findTestCase("AHI/_include/get_screenshot"), [:], STOP_ON_FAILURE): Call Test Case 'Test Cases/AHI/_include/get_screenshot' successfully

2020-03-31 08:03:19 - [TEST_CASE][PASSED] - Test Cases/AHI/_include/get_screenshot: Test Cases/AHI/_include/get_screenshot

2020-03-31 08:03:19 - [TEST_STEP][PASSED] - Thread.sleep(1000): null

2020-03-31 08:03:20 - [TEST_STEP][PASSED] - takeScreenshot(screenPath + i + ".png"): Taking screenshot successfully

2020-03-31 08:03:20 - [MESSAGE][PASSED] - Taking screenshot successfully
[[ATTACHMENT|D:\\Test\\AgileTest\\Reports\\HIC\\hic\\20200331_080032\\../Screenshots/iPhone 6/HIC/Cancer/Cancer/20200331_080121/10.png]]

2020-03-31 08:03:20 - [TEST_STEP][PASSED] - (internal.GlobalVariable.i++): null

2020-03-31 08:03:20 - [MESSAGE][PASSED] - Call Test Case 'Test Cases/AHI/_include/get_screenshot' successfully]]></system-out>
         <system-err><![CDATA[]]></system-err>
      </testcase>
      <testcase name="Test Cases/HIC/New/Dental" classname="Test Cases/HIC/New/Dental" status="PASSED">
         <system-out><![CDATA[2020-03-31 08:03:20 - [TEST_CASE][PASSED] - Test Cases/HIC/New/Dental: Test Cases/HIC/New/Dental

2020-03-31 08:03:20 - [TEST_STEP][PASSED] - callTestCase(findTestCase("HIC/_include/get_hicScreenPath"), ["project":"HIC", "productLine":"Dental", "carrierName":"USA Access"], CONTINUE_ON_FAILURE): Call Test Case 'Test Cases/HIC/_include/get_hicScreenPath' successfully

2020-03-31 08:03:20 - [TEST_CASE][PASSED] - Test Cases/HIC/_include/get_hicScreenPath: Test Cases/HIC/_include/get_hicScreenPath

2020-03-31 08:03:20 - [TEST_STEP][PASSED] - m = getExecutionProperties(): null

2020-03-31 08:03:20 - [TEST_STEP][PASSED] - deviceName = get("mobileEmulation").get("deviceName"): null

2020-03-31 08:03:20 - [TEST_STEP][PASSED] - println(deviceName): null

2020-03-31 08:03:20 - [TEST_STEP][PASSED] - now = new java.util.Date(): null

2020-03-31 08:03:20 - [TEST_STEP][PASSED] - mydate = now.format("yyyyMMdd_HHmmss"): null

2020-03-31 08:03:20 - [TEST_STEP][PASSED] - screenPath = "../Screenshots/": null

2020-03-31 08:03:20 - [TEST_STEP][PASSED] - screenPath = screenPath + deviceName + "/" + project + "/" + productLine + "/" + carrierName + "/" + mydate + "/": null

2020-03-31 08:03:20 - [TEST_STEP][PASSED] - println(screenPath): null

2020-03-31 08:03:20 - [MESSAGE][PASSED] - Call Test Case 'Test Cases/HIC/_include/get_hicScreenPath' successfully

2020-03-31 08:03:20 - [TEST_STEP][PASSED] - i = 0: null

2020-03-31 08:03:20 - [TEST_STEP][PASSED] - callTestCase(findTestCase("AHI/_include/openWebSite"), ["env":env], CONTINUE_ON_FAILURE): Call Test Case 'Test Cases/AHI/_include/openWebSite' successfully

2020-03-31 08:03:21 - [TEST_CASE][PASSED] - Test Cases/AHI/_include/openWebSite: Test Cases/AHI/_include/openWebSite

2020-03-31 08:03:21 - [TEST_STEP][PASSED] - openBrowser(env): Browser is opened with url: 'https://qa.healthinsurance.com'

2020-03-31 08:03:21 - [MESSAGE][WARNING] - A browser is already opened. Closing browser and opening a new one

2020-03-31 08:03:21 - [MESSAGE][INFO] - Starting 'Chrome' driver

2020-03-31 08:03:21 - [MESSAGE][INFO] - User set preference: ['mobileEmulation', '{deviceName=iPhone 6}']

2020-03-31 08:03:21 - [MESSAGE][INFO] - User set preference: ['args', '[--incognito, --aggressive-cache-discard, --window-size=375,677, --no-sandbox, --ignore-certificate-errors]']

2020-03-31 08:03:28 - [MESSAGE][PASSED] - Browser is opened with url: 'https://qa.healthinsurance.com'

2020-03-31 08:03:28 - [TEST_STEP][PASSED] - waitForPageLoad(20): Wait for page load successfully

2020-03-31 08:03:28 - [MESSAGE][PASSED] - Wait for page load successfully

2020-03-31 08:03:28 - [TEST_STEP][PASSED] - callTestCase(findTestCase("AHI/_include/get_screenshot"), [:], STOP_ON_FAILURE): Call Test Case 'Test Cases/AHI/_include/get_screenshot' successfully

2020-03-31 08:03:28 - [TEST_CASE][PASSED] - Test Cases/AHI/_include/get_screenshot: Test Cases/AHI/_include/get_screenshot

2020-03-31 08:03:28 - [TEST_STEP][PASSED] - Thread.sleep(1000): null

2020-03-31 08:03:29 - [TEST_STEP][PASSED] - takeScreenshot(screenPath + i + ".png"): Taking screenshot successfully

2020-03-31 08:03:29 - [MESSAGE][PASSED] - Taking screenshot successfully
[[ATTACHMENT|D:\\Test\\AgileTest\\Reports\\HIC\\hic\\20200331_080032\\../Screenshots/iPhone 6/HIC/Dental/USA Access/20200331_080320/0.png]]

2020-03-31 08:03:29 - [TEST_STEP][PASSED] - (internal.GlobalVariable.i++): null

2020-03-31 08:03:29 - [MESSAGE][PASSED] - Call Test Case 'Test Cases/AHI/_include/get_screenshot' successfully

2020-03-31 08:03:29 - [MESSAGE][PASSED] - Call Test Case 'Test Cases/AHI/_include/openWebSite' successfully

2020-03-31 08:03:29 - [TEST_STEP][PASSED] - driver = getWebDriver(): null

2020-03-31 08:03:29 - [TEST_STEP][PASSED] - baseUrl = env: null

2020-03-31 08:03:29 - [TEST_STEP][PASSED] - selenium = new com.thoughtworks.selenium.webdriven.WebDriverBackedSelenium(driver, baseUrl): null

2020-03-31 08:03:29 - [TEST_STEP][PASSED] - selenium.click("//span[@class='navbar-toggler-icon']"): null

2020-03-31 08:03:29 - [TEST_STEP][PASSED] - selenium.click("//a[@class='dropdown-toggle nav-link']"): null

2020-03-31 08:03:29 - [TEST_STEP][PASSED] - selenium.click("//a[contains(text(),'Dental')]"): null

2020-03-31 08:03:30 - [TEST_STEP][PASSED] - for ([second = 0, second < 10, (second++)]): null

2020-03-31 08:03:30 - [TEST_STEP][PASSED] - try: null

2020-03-31 08:03:30 - [TEST_STEP][PASSED] - if (selenium.isElementPresent("id=zip")): null

2020-03-31 08:03:31 - [TEST_STEP][PASSED] - break: null

2020-03-31 08:03:31 - [TEST_STEP][PASSED] - callTestCase(findTestCase("AHI/_include/get_screenshot"), [:], STOP_ON_FAILURE): Call Test Case 'Test Cases/AHI/_include/get_screenshot' successfully

2020-03-31 08:03:31 - [TEST_CASE][PASSED] - Test Cases/AHI/_include/get_screenshot: Test Cases/AHI/_include/get_screenshot

2020-03-31 08:03:31 - [TEST_STEP][PASSED] - Thread.sleep(1000): null

2020-03-31 08:03:32 - [TEST_STEP][PASSED] - takeScreenshot(screenPath + i + ".png"): Taking screenshot successfully

2020-03-31 08:03:33 - [MESSAGE][PASSED] - Taking screenshot successfully
[[ATTACHMENT|D:\\Test\\AgileTest\\Reports\\HIC\\hic\\20200331_080032\\../Screenshots/iPhone 6/HIC/Dental/USA Access/20200331_080320/1.png]]

2020-03-31 08:03:33 - [TEST_STEP][PASSED] - (internal.GlobalVariable.i++): null

2020-03-31 08:03:33 - [MESSAGE][PASSED] - Call Test Case 'Test Cases/AHI/_include/get_screenshot' successfully

2020-03-31 08:03:33 - [TEST_STEP][PASSED] - Thread.sleep(2000): null

2020-03-31 08:03:35 - [TEST_STEP][PASSED] - callTestCase(findTestCase("HIC/_include/stm_census"), ["zipcode":"35215"], STOP_ON_FAILURE): Call Test Case 'Test Cases/HIC/_include/stm_census' successfully

2020-03-31 08:03:35 - [TEST_CASE][PASSED] - Test Cases/HIC/_include/stm_census: Test Cases/HIC/_include/stm_census

2020-03-31 08:03:35 - [TEST_STEP][PASSED] - Thread.sleep(2000): null

2020-03-31 08:03:37 - [TEST_STEP][PASSED] - setText(findTestObject("hic/stm/census/zip"), zipcode): Text '35215' is set on object 'Object Repository/hic/stm/census/zip'

2020-03-31 08:03:38 - [MESSAGE][PASSED] - Text '35215' is set on object 'Object Repository/hic/stm/census/zip'

2020-03-31 08:03:38 - [TEST_STEP][PASSED] - Thread.sleep(500): null

2020-03-31 08:03:38 - [TEST_STEP][PASSED] - setText(findTestObject("hic/stm/census/primaryDOB"), "03031987"): Text '03031987' is set on object 'Object Repository/hic/stm/census/primaryDOB'

2020-03-31 08:03:40 - [MESSAGE][PASSED] - Text '03031987' is set on object 'Object Repository/hic/stm/census/primaryDOB'

2020-03-31 08:03:40 - [TEST_STEP][PASSED] - click(findTestObject("hic/stm/census/female")): Object: 'Object Repository/hic/stm/census/female' is clicked on

2020-03-31 08:03:40 - [MESSAGE][PASSED] - Object: 'Object Repository/hic/stm/census/female' is clicked on

2020-03-31 08:03:40 - [TEST_STEP][PASSED] - Thread.sleep(3000): null

2020-03-31 08:03:43 - [TEST_STEP][PASSED] - waitForElementClickable(findTestObject("hic/stm/census/submitButton"), 20): Object 'Object Repository/hic/stm/census/submitButton' is clickable

2020-03-31 08:03:44 - [MESSAGE][PASSED] - Object 'Object Repository/hic/stm/census/submitButton' is clickable

2020-03-31 08:03:44 - [TEST_STEP][PASSED] - click(findTestObject("hic/stm/census/submitButton")): Object: 'Object Repository/hic/stm/census/submitButton' is clicked on

2020-03-31 08:03:47 - [MESSAGE][PASSED] - Object: 'Object Repository/hic/stm/census/submitButton' is clicked on

2020-03-31 08:03:47 - [TEST_STEP][PASSED] - Thread.sleep(6000): null

2020-03-31 08:03:53 - [TEST_STEP][PASSED] - callTestCase(findTestCase("AHI/_include/check_quoteleadform"), [:], STOP_ON_FAILURE): Call Test Case 'Test Cases/AHI/_include/check_quoteleadform' successfully

2020-03-31 08:03:53 - [TEST_CASE][PASSED] - Test Cases/AHI/_include/check_quoteleadform: Test Cases/AHI/_include/check_quoteleadform

2020-03-31 08:03:54 - [TEST_STEP][PASSED] - callTestCase(findTestCase("AHI/_include/name"), [:], CONTINUE_ON_FAILURE): Call Test Case 'Test Cases/AHI/_include/name' successfully

2020-03-31 08:03:54 - [TEST_CASE][PASSED] - Test Cases/AHI/_include/name: Test Cases/AHI/_include/name

2020-03-31 08:03:54 - [TEST_STEP][PASSED] - driver = getWebDriver(): null

2020-03-31 08:03:54 - [TEST_STEP][PASSED] - selenium = new com.thoughtworks.selenium.webdriven.WebDriverBackedSelenium(driver, internal.GlobalVariable.ENV): null

2020-03-31 08:03:54 - [TEST_STEP][PASSED] - FirstName = "Test-123": null

2020-03-31 08:03:54 - [TEST_STEP][PASSED] - LastName = selenium.getEval("{var x="ABCDEFGHIJKLMNOPQRSTUVWXYZabcdefghijklmnopqrstuvwxyz"; var tmp="ZZ11-"; for (i=0;i<8;i++) tmp+=x.charAt(Math.ceil(51*Math.random()));tmp;}"): null

2020-03-31 08:03:54 - [TEST_STEP][PASSED] - Address = selenium.getEval("{var x="ABCDEFGHIJKLMNOPQRSTUVWXYZabcdefghijklmnopqrstuvwxyz"; var tmp=""; for (i=0;i<8;i++) tmp+=x.charAt(Math.ceil(51*Math.random()));tmp;}"): null

2020-03-31 08:03:54 - [TEST_STEP][PASSED] - City = selenium.getEval("{var x="ABCDEFGHIJKLMNOPQRSTUVWXYZabcdefghijklmnopqrstuvwxyz"; var tmp=""; for (i=0;i<8;i++) tmp+=x.charAt(Math.ceil(51*Math.random()));tmp;}"): null

2020-03-31 08:03:54 - [TEST_STEP][PASSED] - tel1 = selenium.getEval("{var x="123456789"; var tmp=""; for (i=0;i<3;i++) tmp+=x.charAt(Math.ceil(8*Math.random()));tmp;}"): null

2020-03-31 08:03:54 - [TEST_STEP][PASSED] - tel2 = selenium.getEval("{var x="123456789"; var tmp=""; for (i=0;i<3;i++) tmp+=x.charAt(Math.ceil(8*Math.random()));tmp;}"): null

2020-03-31 08:03:54 - [TEST_STEP][PASSED] - tel3 = selenium.getEval("{var x="123456789"; var tmp=""; for (i=0;i<4;i++) tmp+=x.charAt(Math.ceil(8*Math.random()));tmp;}"): null

2020-03-31 08:03:54 - [TEST_STEP][PASSED] - Tel = selenium.getExpression(tel1 + "-" + tel2 + "-" + tel3): null

2020-03-31 08:03:54 - [TEST_STEP][PASSED] - AutoEmail = selenium.getEval("{var x="ABCDEFGHIJKLMNOPQRSTUVWXYZabcdefghijklmnopqrstuvwxyz"; var tmp="test."; for (i=0;i<8;i++) tmp+=x.charAt(Math.ceil(51*Math.random()));tmp+="@suryani.cn";}"): null

2020-03-31 08:03:54 - [TEST_STEP][PASSED] - FirstName = FirstName: null

2020-03-31 08:03:54 - [TEST_STEP][PASSED] - LastName = LastName: null

2020-03-31 08:03:54 - [TEST_STEP][PASSED] - Address = Address: null

2020-03-31 08:03:54 - [TEST_STEP][PASSED] - City = City: null

2020-03-31 08:03:54 - [TEST_STEP][PASSED] - Tel = Tel: null

2020-03-31 08:03:54 - [TEST_STEP][PASSED] - AutoEmail = AutoEmail: null

2020-03-31 08:03:54 - [TEST_STEP][PASSED] - println(FirstName): null

2020-03-31 08:03:54 - [TEST_STEP][PASSED] - println(LastName): null

2020-03-31 08:03:54 - [TEST_STEP][PASSED] - println(Address): null

2020-03-31 08:03:54 - [TEST_STEP][PASSED] - println(City): null

2020-03-31 08:03:54 - [TEST_STEP][PASSED] - println(Tel): null

2020-03-31 08:03:54 - [TEST_STEP][PASSED] - println(AutoEmail): null

2020-03-31 08:03:54 - [MESSAGE][PASSED] - Call Test Case 'Test Cases/AHI/_include/name' successfully

2020-03-31 08:03:54 - [TEST_STEP][PASSED] - leadform_exist = test.MobileKeywords.isElementPresent_Web(findTestObject("mobileSanity/quote lead form/lead_form"), 20): test.MobileKeywords.isElementPresent_Web is PASSED

2020-03-31 08:04:20 - [MESSAGE][INFO] - Unable to find the element located by 'By.xpath: //*[@id = 'lightboxLeadForm']'. Please recheck the objects properties to make sure the desired element is located. 

2020-03-31 08:04:20 - [MESSAGE][PASSED] - test.MobileKeywords.isElementPresent_Web is PASSED

2020-03-31 08:04:20 - [TEST_STEP][PASSED] - if (leadform_exist): null

2020-03-31 08:04:20 - [MESSAGE][PASSED] - Call Test Case 'Test Cases/AHI/_include/check_quoteleadform' successfully

2020-03-31 08:04:20 - [TEST_STEP][PASSED] - callTestCase(findTestCase("AHI/_include/get_screenshot"), [:], STOP_ON_FAILURE): Call Test Case 'Test Cases/AHI/_include/get_screenshot' successfully

2020-03-31 08:04:20 - [TEST_CASE][PASSED] - Test Cases/AHI/_include/get_screenshot: Test Cases/AHI/_include/get_screenshot

2020-03-31 08:04:20 - [TEST_STEP][PASSED] - Thread.sleep(1000): null

2020-03-31 08:04:21 - [TEST_STEP][PASSED] - takeScreenshot(screenPath + i + ".png"): Taking screenshot successfully

2020-03-31 08:04:21 - [MESSAGE][PASSED] - Taking screenshot successfully
[[ATTACHMENT|D:\\Test\\AgileTest\\Reports\\HIC\\hic\\20200331_080032\\../Screenshots/iPhone 6/HIC/Dental/USA Access/20200331_080320/2.png]]

2020-03-31 08:04:21 - [TEST_STEP][PASSED] - (internal.GlobalVariable.i++): null

2020-03-31 08:04:21 - [MESSAGE][PASSED] - Call Test Case 'Test Cases/AHI/_include/get_screenshot' successfully

2020-03-31 08:04:21 - [TEST_STEP][PASSED] - Thread.sleep(1000): null

2020-03-31 08:04:22 - [MESSAGE][PASSED] - Call Test Case 'Test Cases/HIC/_include/stm_census' successfully

2020-03-31 08:04:22 - [TEST_STEP][PASSED] - click(findTestObject("mobileSanity/Dental/filter/btn_filter")): Object: 'Object Repository/mobileSanity/Dental/filter/btn_filter' is clicked on

2020-03-31 08:04:24 - [MESSAGE][PASSED] - Object: 'Object Repository/mobileSanity/Dental/filter/btn_filter' is clicked on

2020-03-31 08:04:24 - [TEST_STEP][PASSED] - waitForElementVisible(findTestObject("mobileSanity/Dental/filter/btn_company"), 10): Object 'Object Repository/mobileSanity/Dental/filter/btn_company' is visible

2020-03-31 08:04:24 - [MESSAGE][PASSED] - Object 'Object Repository/mobileSanity/Dental/filter/btn_company' is visible

2020-03-31 08:04:24 - [TEST_STEP][PASSED] - click(findTestObject("mobileSanity/Dental/filter/btn_company")): Object: 'Object Repository/mobileSanity/Dental/filter/btn_company' is clicked on

2020-03-31 08:04:24 - [MESSAGE][PASSED] - Object: 'Object Repository/mobileSanity/Dental/filter/btn_company' is clicked on

2020-03-31 08:04:24 - [TEST_STEP][PASSED] - Thread.sleep(2000): null

2020-03-31 08:04:26 - [TEST_STEP][PASSED] - click(findTestObject("mobileSanity/Dental/filter/btn_usa")): Object: 'Object Repository/mobileSanity/Dental/filter/btn_usa' is clicked on

2020-03-31 08:04:28 - [MESSAGE][PASSED] - Object: 'Object Repository/mobileSanity/Dental/filter/btn_usa' is clicked on

2020-03-31 08:04:28 - [TEST_STEP][PASSED] - waitForJQueryLoad(20, STOP_ON_FAILURE): jQuery is ready.

2020-03-31 08:04:30 - [MESSAGE][PASSED] - jQuery is ready.

2020-03-31 08:04:30 - [TEST_STEP][PASSED] - callTestCase(findTestCase("AHI/_include/get_screenshot"), [:], STOP_ON_FAILURE): Call Test Case 'Test Cases/AHI/_include/get_screenshot' successfully

2020-03-31 08:04:30 - [TEST_CASE][PASSED] - Test Cases/AHI/_include/get_screenshot: Test Cases/AHI/_include/get_screenshot

2020-03-31 08:04:30 - [TEST_STEP][PASSED] - Thread.sleep(1000): null

2020-03-31 08:04:31 - [TEST_STEP][PASSED] - takeScreenshot(screenPath + i + ".png"): Taking screenshot successfully

2020-03-31 08:04:32 - [MESSAGE][PASSED] - Taking screenshot successfully
[[ATTACHMENT|D:\\Test\\AgileTest\\Reports\\HIC\\hic\\20200331_080032\\../Screenshots/iPhone 6/HIC/Dental/USA Access/20200331_080320/3.png]]

2020-03-31 08:04:32 - [TEST_STEP][PASSED] - (internal.GlobalVariable.i++): null

2020-03-31 08:04:32 - [MESSAGE][PASSED] - Call Test Case 'Test Cases/AHI/_include/get_screenshot' successfully

2020-03-31 08:04:32 - [TEST_STEP][PASSED] - click(findTestObject("mobileSanity/Dental/filter/btn_filter")): Object: 'Object Repository/mobileSanity/Dental/filter/btn_filter' is clicked on

2020-03-31 08:04:32 - [MESSAGE][PASSED] - Object: 'Object Repository/mobileSanity/Dental/filter/btn_filter' is clicked on

2020-03-31 08:04:32 - [TEST_STEP][PASSED] - Thread.sleep(2000): null

2020-03-31 08:04:34 - [TEST_STEP][PASSED] - scrollToPosition(0, 600): Browser is scrolled to position x = 0, y = 600

2020-03-31 08:04:35 - [MESSAGE][PASSED] - Browser is scrolled to position x = 0, y = 600

2020-03-31 08:04:35 - [TEST_STEP][PASSED] - Thread.sleep(2000): null

2020-03-31 08:04:37 - [TEST_STEP][PASSED] - click(findTestObject("mobileSanity/Dental/quote/a_Select This Plan")): Object: 'Object Repository/mobileSanity/Dental/quote/a_Select This Plan' is clicked on

2020-03-31 08:04:39 - [MESSAGE][PASSED] - Object: 'Object Repository/mobileSanity/Dental/quote/a_Select This Plan' is clicked on

2020-03-31 08:04:39 - [TEST_STEP][PASSED] - waitForPageLoad(10): Wait for page load successfully

2020-03-31 08:04:39 - [MESSAGE][PASSED] - Wait for page load successfully

2020-03-31 08:04:39 - [TEST_STEP][PASSED] - callTestCase(findTestCase("AHI/_include/get_screenshot"), [:], STOP_ON_FAILURE): Call Test Case 'Test Cases/AHI/_include/get_screenshot' successfully

2020-03-31 08:04:40 - [TEST_CASE][PASSED] - Test Cases/AHI/_include/get_screenshot: Test Cases/AHI/_include/get_screenshot

2020-03-31 08:04:40 - [TEST_STEP][PASSED] - Thread.sleep(1000): null

2020-03-31 08:04:41 - [TEST_STEP][PASSED] - takeScreenshot(screenPath + i + ".png"): Taking screenshot successfully

2020-03-31 08:04:41 - [MESSAGE][PASSED] - Taking screenshot successfully
[[ATTACHMENT|D:\\Test\\AgileTest\\Reports\\HIC\\hic\\20200331_080032\\../Screenshots/iPhone 6/HIC/Dental/USA Access/20200331_080320/4.png]]

2020-03-31 08:04:41 - [TEST_STEP][PASSED] - (internal.GlobalVariable.i++): null

2020-03-31 08:04:41 - [MESSAGE][PASSED] - Call Test Case 'Test Cases/AHI/_include/get_screenshot' successfully

2020-03-31 08:04:41 - [TEST_STEP][PASSED] - Thread.sleep(2000): null

2020-03-31 08:04:43 - [TEST_STEP][PASSED] - click(findTestObject("mobileSanity/Dental/apply/span_Start Secure Application")): Object: 'Object Repository/mobileSanity/Dental/apply/span_Start Secure Application' is clicked on

2020-03-31 08:04:44 - [MESSAGE][PASSED] - Object: 'Object Repository/mobileSanity/Dental/apply/span_Start Secure Application' is clicked on

2020-03-31 08:04:44 - [TEST_STEP][PASSED] - waitForPageLoad(10): Wait for page load successfully

2020-03-31 08:04:45 - [MESSAGE][PASSED] - Wait for page load successfully

2020-03-31 08:04:45 - [TEST_STEP][PASSED] - Thread.sleep(2000): null

2020-03-31 08:04:47 - [TEST_STEP][PASSED] - callTestCase(findTestCase("AHI/_include/get_screenshot"), [:], STOP_ON_FAILURE): Call Test Case 'Test Cases/AHI/_include/get_screenshot' successfully

2020-03-31 08:04:47 - [TEST_CASE][PASSED] - Test Cases/AHI/_include/get_screenshot: Test Cases/AHI/_include/get_screenshot

2020-03-31 08:04:47 - [TEST_STEP][PASSED] - Thread.sleep(1000): null

2020-03-31 08:04:48 - [TEST_STEP][PASSED] - takeScreenshot(screenPath + i + ".png"): Taking screenshot successfully

2020-03-31 08:04:48 - [MESSAGE][PASSED] - Taking screenshot successfully
[[ATTACHMENT|D:\\Test\\AgileTest\\Reports\\HIC\\hic\\20200331_080032\\../Screenshots/iPhone 6/HIC/Dental/USA Access/20200331_080320/5.png]]

2020-03-31 08:04:48 - [TEST_STEP][PASSED] - (internal.GlobalVariable.i++): null

2020-03-31 08:04:48 - [MESSAGE][PASSED] - Call Test Case 'Test Cases/AHI/_include/get_screenshot' successfully

2020-03-31 08:04:48 - [TEST_STEP][PASSED] - callTestCase(findTestCase("AHI/_include/goToEnd_dental"), ["carrier":"usa"], CONTINUE_ON_FAILURE): Call Test Case 'Test Cases/AHI/_include/goToEnd_dental' successfully

2020-03-31 08:04:48 - [TEST_CASE][PASSED] - Test Cases/AHI/_include/goToEnd_dental: Test Cases/AHI/_include/goToEnd_dental

2020-03-31 08:04:48 - [TEST_STEP][PASSED] - callTestCase(findTestCase("AHI/_include/name"), [:], CONTINUE_ON_FAILURE): Call Test Case 'Test Cases/AHI/_include/name' successfully

2020-03-31 08:04:48 - [TEST_CASE][PASSED] - Test Cases/AHI/_include/name: Test Cases/AHI/_include/name

2020-03-31 08:04:48 - [TEST_STEP][PASSED] - driver = getWebDriver(): null

2020-03-31 08:04:48 - [TEST_STEP][PASSED] - selenium = new com.thoughtworks.selenium.webdriven.WebDriverBackedSelenium(driver, internal.GlobalVariable.ENV): null

2020-03-31 08:04:48 - [TEST_STEP][PASSED] - FirstName = "Test-123": null

2020-03-31 08:04:48 - [TEST_STEP][PASSED] - LastName = selenium.getEval("{var x="ABCDEFGHIJKLMNOPQRSTUVWXYZabcdefghijklmnopqrstuvwxyz"; var tmp="ZZ11-"; for (i=0;i<8;i++) tmp+=x.charAt(Math.ceil(51*Math.random()));tmp;}"): null

2020-03-31 08:04:48 - [TEST_STEP][PASSED] - Address = selenium.getEval("{var x="ABCDEFGHIJKLMNOPQRSTUVWXYZabcdefghijklmnopqrstuvwxyz"; var tmp=""; for (i=0;i<8;i++) tmp+=x.charAt(Math.ceil(51*Math.random()));tmp;}"): null

2020-03-31 08:04:48 - [TEST_STEP][PASSED] - City = selenium.getEval("{var x="ABCDEFGHIJKLMNOPQRSTUVWXYZabcdefghijklmnopqrstuvwxyz"; var tmp=""; for (i=0;i<8;i++) tmp+=x.charAt(Math.ceil(51*Math.random()));tmp;}"): null

2020-03-31 08:04:48 - [TEST_STEP][PASSED] - tel1 = selenium.getEval("{var x="123456789"; var tmp=""; for (i=0;i<3;i++) tmp+=x.charAt(Math.ceil(8*Math.random()));tmp;}"): null

2020-03-31 08:04:49 - [TEST_STEP][PASSED] - tel2 = selenium.getEval("{var x="123456789"; var tmp=""; for (i=0;i<3;i++) tmp+=x.charAt(Math.ceil(8*Math.random()));tmp;}"): null

2020-03-31 08:04:49 - [TEST_STEP][PASSED] - tel3 = selenium.getEval("{var x="123456789"; var tmp=""; for (i=0;i<4;i++) tmp+=x.charAt(Math.ceil(8*Math.random()));tmp;}"): null

2020-03-31 08:04:49 - [TEST_STEP][PASSED] - Tel = selenium.getExpression(tel1 + "-" + tel2 + "-" + tel3): null

2020-03-31 08:04:49 - [TEST_STEP][PASSED] - AutoEmail = selenium.getEval("{var x="ABCDEFGHIJKLMNOPQRSTUVWXYZabcdefghijklmnopqrstuvwxyz"; var tmp="test."; for (i=0;i<8;i++) tmp+=x.charAt(Math.ceil(51*Math.random()));tmp+="@suryani.cn";}"): null

2020-03-31 08:04:49 - [TEST_STEP][PASSED] - FirstName = FirstName: null

2020-03-31 08:04:49 - [TEST_STEP][PASSED] - LastName = LastName: null

2020-03-31 08:04:49 - [TEST_STEP][PASSED] - Address = Address: null

2020-03-31 08:04:49 - [TEST_STEP][PASSED] - City = City: null

2020-03-31 08:04:49 - [TEST_STEP][PASSED] - Tel = Tel: null

2020-03-31 08:04:49 - [TEST_STEP][PASSED] - AutoEmail = AutoEmail: null

2020-03-31 08:04:49 - [TEST_STEP][PASSED] - println(FirstName): null

2020-03-31 08:04:49 - [TEST_STEP][PASSED] - println(LastName): null

2020-03-31 08:04:49 - [TEST_STEP][PASSED] - println(Address): null

2020-03-31 08:04:49 - [TEST_STEP][PASSED] - println(City): null

2020-03-31 08:04:49 - [TEST_STEP][PASSED] - println(Tel): null

2020-03-31 08:04:49 - [TEST_STEP][PASSED] - println(AutoEmail): null

2020-03-31 08:04:49 - [MESSAGE][PASSED] - Call Test Case 'Test Cases/AHI/_include/name' successfully

2020-03-31 08:04:49 - [TEST_STEP][PASSED] - Thread.sleep(3000): null

2020-03-31 08:04:52 - [TEST_STEP][PASSED] - setText(findTestObject("mobileSanity/Dental/app_page1/input__member-P-1-firstName"), FirstName): Text 'Test-123' is set on object 'Object Repository/mobileSanity/Dental/app_page1/input__member-P-1-firstName'

2020-03-31 08:04:54 - [MESSAGE][PASSED] - Text 'Test-123' is set on object 'Object Repository/mobileSanity/Dental/app_page1/input__member-P-1-firstName'

2020-03-31 08:04:54 - [TEST_STEP][PASSED] - setText(findTestObject("mobileSanity/Dental/app_page1/input__member-P-1-lastName"), LastName): Text 'ZZ11-HoNtPWaK' is set on object 'Object Repository/mobileSanity/Dental/app_page1/input__member-P-1-lastName'

2020-03-31 08:04:57 - [MESSAGE][PASSED] - Text 'ZZ11-HoNtPWaK' is set on object 'Object Repository/mobileSanity/Dental/app_page1/input__member-P-1-lastName'

2020-03-31 08:04:57 - [TEST_STEP][PASSED] - setText(findTestObject("mobileSanity/Dental/app_page1/input__address"), Address): Text 'buuUgCQF' is set on object 'Object Repository/mobileSanity/Dental/app_page1/input__address'

2020-03-31 08:04:57 - [MESSAGE][PASSED] - Text 'buuUgCQF' is set on object 'Object Repository/mobileSanity/Dental/app_page1/input__address'

2020-03-31 08:04:57 - [TEST_STEP][PASSED] - setText(findTestObject("mobileSanity/Dental/app_page1/input__city"), City): Text 'SClFqXyP' is set on object 'Object Repository/mobileSanity/Dental/app_page1/input__city'

2020-03-31 08:04:57 - [MESSAGE][PASSED] - Text 'SClFqXyP' is set on object 'Object Repository/mobileSanity/Dental/app_page1/input__city'

2020-03-31 08:04:57 - [TEST_STEP][PASSED] - setText(findTestObject("mobileSanity/Dental/app_page1/input__email"), AutoEmail): Text 'test.tmqmJhVw@suryani.cn' is set on object 'Object Repository/mobileSanity/Dental/app_page1/input__email'

2020-03-31 08:04:57 - [MESSAGE][PASSED] - Text 'test.tmqmJhVw@suryani.cn' is set on object 'Object Repository/mobileSanity/Dental/app_page1/input__email'

2020-03-31 08:04:57 - [TEST_STEP][PASSED] - setText(findTestObject("mobileSanity/Dental/app_page1/input_phone"), Tel): Text '866-689-5498' is set on object 'Object Repository/mobileSanity/Dental/app_page1/input_phone'

2020-03-31 08:04:58 - [MESSAGE][PASSED] - Text '866-689-5498' is set on object 'Object Repository/mobileSanity/Dental/app_page1/input_phone'

2020-03-31 08:04:58 - [TEST_STEP][PASSED] - click(findTestObject("mobileSanity/Dental/app_page1/a_Continue to Step 2 - Payment")): Object: 'Object Repository/mobileSanity/Dental/app_page1/a_Continue to Step 2 - Payment' is clicked on

2020-03-31 08:04:58 - [MESSAGE][PASSED] - Object: 'Object Repository/mobileSanity/Dental/app_page1/a_Continue to Step 2 - Payment' is clicked on

2020-03-31 08:04:58 - [TEST_STEP][PASSED] - waitForPageLoad(10): Wait for page load successfully

2020-03-31 08:04:58 - [MESSAGE][PASSED] - Wait for page load successfully

2020-03-31 08:04:58 - [TEST_STEP][PASSED] - Thread.sleep(2000): null

2020-03-31 08:05:00 - [TEST_STEP][PASSED] - if (carrier == "usa"): null

2020-03-31 08:05:00 - [TEST_STEP][PASSED] - callTestCase(findTestCase("AHI/_include/get_screenshot"), [:], STOP_ON_FAILURE): Call Test Case 'Test Cases/AHI/_include/get_screenshot' successfully

2020-03-31 08:05:00 - [TEST_CASE][PASSED] - Test Cases/AHI/_include/get_screenshot: Test Cases/AHI/_include/get_screenshot

2020-03-31 08:05:00 - [TEST_STEP][PASSED] - Thread.sleep(1000): null

2020-03-31 08:05:01 - [TEST_STEP][PASSED] - takeScreenshot(screenPath + i + ".png"): Taking screenshot successfully

2020-03-31 08:05:01 - [MESSAGE][PASSED] - Taking screenshot successfully
[[ATTACHMENT|D:\\Test\\AgileTest\\Reports\\HIC\\hic\\20200331_080032\\../Screenshots/iPhone 6/HIC/Dental/USA Access/20200331_080320/6.png]]

2020-03-31 08:05:01 - [TEST_STEP][PASSED] - (internal.GlobalVariable.i++): null

2020-03-31 08:05:01 - [MESSAGE][PASSED] - Call Test Case 'Test Cases/AHI/_include/get_screenshot' successfully

2020-03-31 08:05:01 - [TEST_STEP][PASSED] - click(findTestObject("mobileSanity/Dental/app_page2/membership/label_ihaveread")): Object: 'Object Repository/mobileSanity/Dental/app_page2/membership/label_ihaveread' is clicked on

2020-03-31 08:05:02 - [MESSAGE][PASSED] - Object: 'Object Repository/mobileSanity/Dental/app_page2/membership/label_ihaveread' is clicked on

2020-03-31 08:05:02 - [TEST_STEP][PASSED] - click(findTestObject("mobileSanity/Dental/app_page2/membership/a_ok")): Object: 'Object Repository/mobileSanity/Dental/app_page2/membership/a_ok' is clicked on

2020-03-31 08:05:02 - [MESSAGE][PASSED] - Object: 'Object Repository/mobileSanity/Dental/app_page2/membership/a_ok' is clicked on

2020-03-31 08:05:02 - [TEST_STEP][PASSED] - Thread.sleep(3000): null

2020-03-31 08:05:05 - [TEST_STEP][PASSED] - callTestCase(findTestCase("AHI/_include/get_screenshot"), [:], STOP_ON_FAILURE): Call Test Case 'Test Cases/AHI/_include/get_screenshot' successfully

2020-03-31 08:05:05 - [TEST_CASE][PASSED] - Test Cases/AHI/_include/get_screenshot: Test Cases/AHI/_include/get_screenshot

2020-03-31 08:05:05 - [TEST_STEP][PASSED] - Thread.sleep(1000): null

2020-03-31 08:05:06 - [TEST_STEP][PASSED] - takeScreenshot(screenPath + i + ".png"): Taking screenshot successfully

2020-03-31 08:05:08 - [MESSAGE][PASSED] - Taking screenshot successfully
[[ATTACHMENT|D:\\Test\\AgileTest\\Reports\\HIC\\hic\\20200331_080032\\../Screenshots/iPhone 6/HIC/Dental/USA Access/20200331_080320/7.png]]

2020-03-31 08:05:08 - [TEST_STEP][PASSED] - (internal.GlobalVariable.i++): null

2020-03-31 08:05:08 - [MESSAGE][PASSED] - Call Test Case 'Test Cases/AHI/_include/get_screenshot' successfully

2020-03-31 08:05:08 - [TEST_STEP][PASSED] - setText(findTestObject("mobileSanity/Dental/app_page2/input__credit-card-first"), FirstName): Text 'Test-123' is set on object 'Object Repository/mobileSanity/Dental/app_page2/input__credit-card-first'

2020-03-31 08:05:08 - [MESSAGE][PASSED] - Text 'Test-123' is set on object 'Object Repository/mobileSanity/Dental/app_page2/input__credit-card-first'

2020-03-31 08:05:08 - [TEST_STEP][PASSED] - setText(findTestObject("mobileSanity/Dental/app_page2/input__credit-card-last"), LastName): Text 'ZZ11-HoNtPWaK' is set on object 'Object Repository/mobileSanity/Dental/app_page2/input__credit-card-last'

2020-03-31 08:05:09 - [MESSAGE][PASSED] - Text 'ZZ11-HoNtPWaK' is set on object 'Object Repository/mobileSanity/Dental/app_page2/input__credit-card-last'

2020-03-31 08:05:09 - [TEST_STEP][PASSED] - selectOptionByValue(findTestObject("mobileSanity/Dental/app_page2/select_MM010203040506070809101"), "12", true): All options with value '12' are selected in object 'Object Repository/mobileSanity/Dental/app_page2/select_MM010203040506070809101'  using regular expression

2020-03-31 08:05:11 - [MESSAGE][PASSED] - All options with value '12' are selected in object 'Object Repository/mobileSanity/Dental/app_page2/select_MM010203040506070809101'  using regular expression

2020-03-31 08:05:11 - [TEST_STEP][PASSED] - selectOptionByValue(findTestObject("mobileSanity/Dental/app_page2/select_YYYY2019202020212022202"), "2026", true): All options with value '2026' are selected in object 'Object Repository/mobileSanity/Dental/app_page2/select_YYYY2019202020212022202'  using regular expression

2020-03-31 08:05:12 - [MESSAGE][PASSED] - All options with value '2026' are selected in object 'Object Repository/mobileSanity/Dental/app_page2/select_YYYY2019202020212022202'  using regular expression

2020-03-31 08:05:12 - [TEST_STEP][PASSED] - setText(findTestObject("mobileSanity/Dental/app_page2/input__credit-card-number"), "4111111111111111"): Text '4111111111111111' is set on object 'Object Repository/mobileSanity/Dental/app_page2/input__credit-card-number'

2020-03-31 08:05:13 - [MESSAGE][PASSED] - Text '4111111111111111' is set on object 'Object Repository/mobileSanity/Dental/app_page2/input__credit-card-number'

2020-03-31 08:05:13 - [TEST_STEP][PASSED] - setText(findTestObject("mobileSanity/Dental/app_page2/input__cvv"), "123"): Text '123' is set on object 'Object Repository/mobileSanity/Dental/app_page2/input__cvv'

2020-03-31 08:05:13 - [MESSAGE][PASSED] - Text '123' is set on object 'Object Repository/mobileSanity/Dental/app_page2/input__cvv'

2020-03-31 08:05:13 - [TEST_STEP][PASSED] - click(findTestObject("mobileSanity/Dental/app_page2/label_My billing address is th")): Object: 'Object Repository/mobileSanity/Dental/app_page2/label_My billing address is th' is clicked on

2020-03-31 08:05:14 - [MESSAGE][PASSED] - Object: 'Object Repository/mobileSanity/Dental/app_page2/label_My billing address is th' is clicked on

2020-03-31 08:05:14 - [TEST_STEP][PASSED] - click(findTestObject("mobileSanity/Dental/app_page2/label_I Accept Authorization f")): Object: 'Object Repository/mobileSanity/Dental/app_page2/label_I Accept Authorization f' is clicked on

2020-03-31 08:05:14 - [MESSAGE][PASSED] - Object: 'Object Repository/mobileSanity/Dental/app_page2/label_I Accept Authorization f' is clicked on

2020-03-31 08:05:14 - [TEST_STEP][PASSED] - click(findTestObject("mobileSanity/Dental/app_page2/a_Continue to Step 3 - Review")): Object: 'Object Repository/mobileSanity/Dental/app_page2/a_Continue to Step 3 - Review' is clicked on

2020-03-31 08:05:15 - [MESSAGE][PASSED] - Object: 'Object Repository/mobileSanity/Dental/app_page2/a_Continue to Step 3 - Review' is clicked on

2020-03-31 08:05:15 - [TEST_STEP][PASSED] - waitForPageLoad(20): Wait for page load successfully

2020-03-31 08:05:15 - [MESSAGE][PASSED] - Wait for page load successfully

2020-03-31 08:05:15 - [TEST_STEP][PASSED] - Thread.sleep(2000): null

2020-03-31 08:05:17 - [TEST_STEP][PASSED] - waitForElementClickable(findTestObject("mobileSanity/Dental/app_page3/label"), 20): Object 'Object Repository/mobileSanity/Dental/app_page3/label' is clickable

2020-03-31 08:05:26 - [MESSAGE][PASSED] - Object 'Object Repository/mobileSanity/Dental/app_page3/label' is clickable

2020-03-31 08:05:26 - [TEST_STEP][PASSED] - callTestCase(findTestCase("AHI/_include/get_screenshot"), [:], STOP_ON_FAILURE): Call Test Case 'Test Cases/AHI/_include/get_screenshot' successfully

2020-03-31 08:05:26 - [TEST_CASE][PASSED] - Test Cases/AHI/_include/get_screenshot: Test Cases/AHI/_include/get_screenshot

2020-03-31 08:05:26 - [TEST_STEP][PASSED] - Thread.sleep(1000): null

2020-03-31 08:05:27 - [TEST_STEP][PASSED] - takeScreenshot(screenPath + i + ".png"): Taking screenshot successfully

2020-03-31 08:05:28 - [MESSAGE][PASSED] - Taking screenshot successfully
[[ATTACHMENT|D:\\Test\\AgileTest\\Reports\\HIC\\hic\\20200331_080032\\../Screenshots/iPhone 6/HIC/Dental/USA Access/20200331_080320/8.png]]

2020-03-31 08:05:28 - [TEST_STEP][PASSED] - (internal.GlobalVariable.i++): null

2020-03-31 08:05:28 - [MESSAGE][PASSED] - Call Test Case 'Test Cases/AHI/_include/get_screenshot' successfully

2020-03-31 08:05:28 - [TEST_STEP][PASSED] - click(findTestObject("mobileSanity/Dental/app_page3/label")): Object: 'Object Repository/mobileSanity/Dental/app_page3/label' is clicked on

2020-03-31 08:05:28 - [MESSAGE][PASSED] - Object: 'Object Repository/mobileSanity/Dental/app_page3/label' is clicked on

2020-03-31 08:05:28 - [TEST_STEP][PASSED] - click(findTestObject("mobileSanity/Dental/app_page3/p_CLICK TO SIGN")): Object: 'Object Repository/mobileSanity/Dental/app_page3/p_CLICK TO SIGN' is clicked on

2020-03-31 08:05:28 - [MESSAGE][PASSED] - Object: 'Object Repository/mobileSanity/Dental/app_page3/p_CLICK TO SIGN' is clicked on

2020-03-31 08:05:28 - [TEST_STEP][PASSED] - click(findTestObject("mobileSanity/Dental/app_page3/a_Submit Your Application")): Object: 'Object Repository/mobileSanity/Dental/app_page3/a_Submit Your Application' is clicked on

2020-03-31 08:05:29 - [MESSAGE][PASSED] - Object: 'Object Repository/mobileSanity/Dental/app_page3/a_Submit Your Application' is clicked on

2020-03-31 08:05:29 - [TEST_STEP][PASSED] - Thread.sleep(50000): null

2020-03-31 08:06:19 - [TEST_STEP][PASSED] - waitForElementPresent(findTestObject("mobileSanity/Dental/app_page4/js-app-confirmation"), 20): Object 'Object Repository/mobileSanity/Dental/app_page4/js-app-confirmation' is present

2020-03-31 08:06:20 - [MESSAGE][PASSED] - Object 'Object Repository/mobileSanity/Dental/app_page4/js-app-confirmation' is present

2020-03-31 08:06:20 - [TEST_STEP][PASSED] - callTestCase(findTestCase("AHI/_include/get_screenshot"), [:], STOP_ON_FAILURE): Call Test Case 'Test Cases/AHI/_include/get_screenshot' successfully

2020-03-31 08:06:20 - [TEST_CASE][PASSED] - Test Cases/AHI/_include/get_screenshot: Test Cases/AHI/_include/get_screenshot

2020-03-31 08:06:20 - [TEST_STEP][PASSED] - Thread.sleep(1000): null

2020-03-31 08:06:21 - [TEST_STEP][PASSED] - takeScreenshot(screenPath + i + ".png"): Taking screenshot successfully

2020-03-31 08:06:22 - [MESSAGE][PASSED] - Taking screenshot successfully
[[ATTACHMENT|D:\\Test\\AgileTest\\Reports\\HIC\\hic\\20200331_080032\\../Screenshots/iPhone 6/HIC/Dental/USA Access/20200331_080320/9.png]]

2020-03-31 08:06:22 - [TEST_STEP][PASSED] - (internal.GlobalVariable.i++): null

2020-03-31 08:06:22 - [MESSAGE][PASSED] - Call Test Case 'Test Cases/AHI/_include/get_screenshot' successfully

2020-03-31 08:06:22 - [MESSAGE][PASSED] - Call Test Case 'Test Cases/AHI/_include/goToEnd_dental' successfully]]></system-out>
         <system-err><![CDATA[]]></system-err>
      </testcase>
      <testcase name="Test Cases/HIC/New/HBI" classname="Test Cases/HIC/New/HBI" status="PASSED">
         <system-out><![CDATA[2020-03-31 08:06:22 - [TEST_CASE][PASSED] - Test Cases/HIC/New/HBI: Test Cases/HIC/New/HBI

2020-03-31 08:06:23 - [TEST_STEP][PASSED] - callTestCase(findTestCase("HIC/_include/get_hicScreenPath"), ["project":"HIC", "productLine":"HBI", "carrierName":"HBI"], CONTINUE_ON_FAILURE): Call Test Case 'Test Cases/HIC/_include/get_hicScreenPath' successfully

2020-03-31 08:06:23 - [TEST_CASE][PASSED] - Test Cases/HIC/_include/get_hicScreenPath: Test Cases/HIC/_include/get_hicScreenPath

2020-03-31 08:06:23 - [TEST_STEP][PASSED] - m = getExecutionProperties(): null

2020-03-31 08:06:23 - [TEST_STEP][PASSED] - deviceName = get("mobileEmulation").get("deviceName"): null

2020-03-31 08:06:23 - [TEST_STEP][PASSED] - println(deviceName): null

2020-03-31 08:06:23 - [TEST_STEP][PASSED] - now = new java.util.Date(): null

2020-03-31 08:06:23 - [TEST_STEP][PASSED] - mydate = now.format("yyyyMMdd_HHmmss"): null

2020-03-31 08:06:23 - [TEST_STEP][PASSED] - screenPath = "../Screenshots/": null

2020-03-31 08:06:23 - [TEST_STEP][PASSED] - screenPath = screenPath + deviceName + "/" + project + "/" + productLine + "/" + carrierName + "/" + mydate + "/": null

2020-03-31 08:06:23 - [TEST_STEP][PASSED] - println(screenPath): null

2020-03-31 08:06:23 - [MESSAGE][PASSED] - Call Test Case 'Test Cases/HIC/_include/get_hicScreenPath' successfully

2020-03-31 08:06:23 - [TEST_STEP][PASSED] - i = 0: null

2020-03-31 08:06:23 - [TEST_STEP][PASSED] - callTestCase(findTestCase("AHI/_include/openWebSite"), ["env":env], CONTINUE_ON_FAILURE): Call Test Case 'Test Cases/AHI/_include/openWebSite' successfully

2020-03-31 08:06:23 - [TEST_CASE][PASSED] - Test Cases/AHI/_include/openWebSite: Test Cases/AHI/_include/openWebSite

2020-03-31 08:06:23 - [TEST_STEP][PASSED] - openBrowser(env): Browser is opened with url: 'https://qa.healthinsurance.com'

2020-03-31 08:06:23 - [MESSAGE][WARNING] - A browser is already opened. Closing browser and opening a new one

2020-03-31 08:06:24 - [MESSAGE][INFO] - Starting 'Chrome' driver

2020-03-31 08:06:24 - [MESSAGE][INFO] - User set preference: ['mobileEmulation', '{deviceName=iPhone 6}']

2020-03-31 08:06:24 - [MESSAGE][INFO] - User set preference: ['args', '[--incognito, --aggressive-cache-discard, --window-size=375,677, --no-sandbox, --ignore-certificate-errors]']

2020-03-31 08:06:29 - [MESSAGE][PASSED] - Browser is opened with url: 'https://qa.healthinsurance.com'

2020-03-31 08:06:29 - [TEST_STEP][PASSED] - waitForPageLoad(20): Wait for page load successfully

2020-03-31 08:06:29 - [MESSAGE][PASSED] - Wait for page load successfully

2020-03-31 08:06:29 - [TEST_STEP][PASSED] - callTestCase(findTestCase("AHI/_include/get_screenshot"), [:], STOP_ON_FAILURE): Call Test Case 'Test Cases/AHI/_include/get_screenshot' successfully

2020-03-31 08:06:29 - [TEST_CASE][PASSED] - Test Cases/AHI/_include/get_screenshot: Test Cases/AHI/_include/get_screenshot

2020-03-31 08:06:29 - [TEST_STEP][PASSED] - Thread.sleep(1000): null

2020-03-31 08:06:30 - [TEST_STEP][PASSED] - takeScreenshot(screenPath + i + ".png"): Taking screenshot successfully

2020-03-31 08:06:31 - [MESSAGE][PASSED] - Taking screenshot successfully
[[ATTACHMENT|D:\\Test\\AgileTest\\Reports\\HIC\\hic\\20200331_080032\\../Screenshots/iPhone 6/HIC/HBI/HBI/20200331_080623/0.png]]

2020-03-31 08:06:31 - [TEST_STEP][PASSED] - (internal.GlobalVariable.i++): null

2020-03-31 08:06:31 - [MESSAGE][PASSED] - Call Test Case 'Test Cases/AHI/_include/get_screenshot' successfully

2020-03-31 08:06:31 - [MESSAGE][PASSED] - Call Test Case 'Test Cases/AHI/_include/openWebSite' successfully

2020-03-31 08:06:31 - [TEST_STEP][PASSED] - driver = getWebDriver(): null

2020-03-31 08:06:31 - [TEST_STEP][PASSED] - baseUrl = env: null

2020-03-31 08:06:31 - [TEST_STEP][PASSED] - selenium = new com.thoughtworks.selenium.webdriven.WebDriverBackedSelenium(driver, baseUrl): null

2020-03-31 08:06:31 - [TEST_STEP][PASSED] - selenium.click("//span[@class='navbar-toggler-icon']"): null

2020-03-31 08:06:31 - [TEST_STEP][PASSED] - selenium.click("//a[@class='dropdown-toggle nav-link']"): null

2020-03-31 08:06:31 - [TEST_STEP][PASSED] - selenium.click("//a[contains(text(),'Hospital Indemnity Plans')]"): null

2020-03-31 08:06:32 - [TEST_STEP][PASSED] - for ([second = 0, second < 10, (second++)]): null

2020-03-31 08:06:32 - [TEST_STEP][PASSED] - try: null

2020-03-31 08:06:32 - [TEST_STEP][PASSED] - if (selenium.isElementPresent("xpath=//button[contains(text(),'GET QUOTES')]")): null

2020-03-31 08:06:32 - [TEST_STEP][PASSED] - break: null

2020-03-31 08:06:32 - [TEST_STEP][PASSED] - callTestCase(findTestCase("AHI/_include/get_screenshot"), [:], STOP_ON_FAILURE): Call Test Case 'Test Cases/AHI/_include/get_screenshot' successfully

2020-03-31 08:06:32 - [TEST_CASE][PASSED] - Test Cases/AHI/_include/get_screenshot: Test Cases/AHI/_include/get_screenshot

2020-03-31 08:06:32 - [TEST_STEP][PASSED] - Thread.sleep(1000): null

2020-03-31 08:06:33 - [TEST_STEP][PASSED] - takeScreenshot(screenPath + i + ".png"): Taking screenshot successfully

2020-03-31 08:06:33 - [MESSAGE][PASSED] - Taking screenshot successfully
[[ATTACHMENT|D:\\Test\\AgileTest\\Reports\\HIC\\hic\\20200331_080032\\../Screenshots/iPhone 6/HIC/HBI/HBI/20200331_080623/1.png]]

2020-03-31 08:06:33 - [TEST_STEP][PASSED] - (internal.GlobalVariable.i++): null

2020-03-31 08:06:33 - [MESSAGE][PASSED] - Call Test Case 'Test Cases/AHI/_include/get_screenshot' successfully

2020-03-31 08:06:33 - [TEST_STEP][PASSED] - selenium.click("xpath=//button[contains(text(),'GET QUOTES')]"): null

2020-03-31 08:06:33 - [TEST_STEP][PASSED] - Thread.sleep(3000): null

2020-03-31 08:06:36 - [TEST_STEP][PASSED] - selenium.selectWindow("HealthInsurance.net | Get a Quote"): null

2020-03-31 08:06:39 - [TEST_STEP][PASSED] - Thread.sleep(3000): null

2020-03-31 08:06:42 - [TEST_STEP][PASSED] - callTestCase(findTestCase("AHI/_include/get_screenshot"), [:], STOP_ON_FAILURE): Call Test Case 'Test Cases/AHI/_include/get_screenshot' successfully

2020-03-31 08:06:42 - [TEST_CASE][PASSED] - Test Cases/AHI/_include/get_screenshot: Test Cases/AHI/_include/get_screenshot

2020-03-31 08:06:42 - [TEST_STEP][PASSED] - Thread.sleep(1000): null

2020-03-31 08:06:43 - [TEST_STEP][PASSED] - takeScreenshot(screenPath + i + ".png"): Taking screenshot successfully

2020-03-31 08:06:44 - [MESSAGE][PASSED] - Taking screenshot successfully
[[ATTACHMENT|D:\\Test\\AgileTest\\Reports\\HIC\\hic\\20200331_080032\\../Screenshots/iPhone 6/HIC/HBI/HBI/20200331_080623/2.png]]

2020-03-31 08:06:44 - [TEST_STEP][PASSED] - (internal.GlobalVariable.i++): null

2020-03-31 08:06:44 - [MESSAGE][PASSED] - Call Test Case 'Test Cases/AHI/_include/get_screenshot' successfully]]></system-out>
         <system-err><![CDATA[]]></system-err>
      </testcase>
      <testcase name="Test Cases/HIC/New/Medicare" classname="Test Cases/HIC/New/Medicare" status="PASSED">
         <system-out><![CDATA[2020-03-31 08:06:44 - [TEST_CASE][PASSED] - Test Cases/HIC/New/Medicare: Test Cases/HIC/New/Medicare

2020-03-31 08:06:44 - [TEST_STEP][PASSED] - callTestCase(findTestCase("HIC/_include/get_hicScreenPath"), ["project":"HIC", "productLine":"Medicare", "carrierName":"Medicare"], CONTINUE_ON_FAILURE): Call Test Case 'Test Cases/HIC/_include/get_hicScreenPath' successfully

2020-03-31 08:06:44 - [TEST_CASE][PASSED] - Test Cases/HIC/_include/get_hicScreenPath: Test Cases/HIC/_include/get_hicScreenPath

2020-03-31 08:06:44 - [TEST_STEP][PASSED] - m = getExecutionProperties(): null

2020-03-31 08:06:44 - [TEST_STEP][PASSED] - deviceName = get("mobileEmulation").get("deviceName"): null

2020-03-31 08:06:44 - [TEST_STEP][PASSED] - println(deviceName): null

2020-03-31 08:06:44 - [TEST_STEP][PASSED] - now = new java.util.Date(): null

2020-03-31 08:06:44 - [TEST_STEP][PASSED] - mydate = now.format("yyyyMMdd_HHmmss"): null

2020-03-31 08:06:44 - [TEST_STEP][PASSED] - screenPath = "../Screenshots/": null

2020-03-31 08:06:44 - [TEST_STEP][PASSED] - screenPath = screenPath + deviceName + "/" + project + "/" + productLine + "/" + carrierName + "/" + mydate + "/": null

2020-03-31 08:06:44 - [TEST_STEP][PASSED] - println(screenPath): null

2020-03-31 08:06:44 - [MESSAGE][PASSED] - Call Test Case 'Test Cases/HIC/_include/get_hicScreenPath' successfully

2020-03-31 08:06:44 - [TEST_STEP][PASSED] - i = 0: null

2020-03-31 08:06:44 - [TEST_STEP][PASSED] - callTestCase(findTestCase("AHI/_include/openWebSite"), ["env":env], CONTINUE_ON_FAILURE): Call Test Case 'Test Cases/AHI/_include/openWebSite' successfully

2020-03-31 08:06:44 - [TEST_CASE][PASSED] - Test Cases/AHI/_include/openWebSite: Test Cases/AHI/_include/openWebSite

2020-03-31 08:06:44 - [TEST_STEP][PASSED] - openBrowser(env): Browser is opened with url: 'https://qa.healthinsurance.com/'

2020-03-31 08:06:44 - [MESSAGE][WARNING] - A browser is already opened. Closing browser and opening a new one

2020-03-31 08:06:45 - [MESSAGE][INFO] - Starting 'Chrome' driver

2020-03-31 08:06:45 - [MESSAGE][INFO] - User set preference: ['mobileEmulation', '{deviceName=iPhone 6}']

2020-03-31 08:06:45 - [MESSAGE][INFO] - User set preference: ['args', '[--incognito, --aggressive-cache-discard, --window-size=375,677, --no-sandbox, --ignore-certificate-errors]']

2020-03-31 08:06:49 - [MESSAGE][PASSED] - Browser is opened with url: 'https://qa.healthinsurance.com/'

2020-03-31 08:06:49 - [TEST_STEP][PASSED] - waitForPageLoad(20): Wait for page load successfully

2020-03-31 08:06:49 - [MESSAGE][PASSED] - Wait for page load successfully

2020-03-31 08:06:49 - [TEST_STEP][PASSED] - callTestCase(findTestCase("AHI/_include/get_screenshot"), [:], STOP_ON_FAILURE): Call Test Case 'Test Cases/AHI/_include/get_screenshot' successfully

2020-03-31 08:06:49 - [TEST_CASE][PASSED] - Test Cases/AHI/_include/get_screenshot: Test Cases/AHI/_include/get_screenshot

2020-03-31 08:06:49 - [TEST_STEP][PASSED] - Thread.sleep(1000): null

2020-03-31 08:06:50 - [TEST_STEP][PASSED] - takeScreenshot(screenPath + i + ".png"): Taking screenshot successfully

2020-03-31 08:06:51 - [MESSAGE][PASSED] - Taking screenshot successfully
[[ATTACHMENT|D:\\Test\\AgileTest\\Reports\\HIC\\hic\\20200331_080032\\../Screenshots/iPhone 6/HIC/Medicare/Medicare/20200331_080644/0.png]]

2020-03-31 08:06:51 - [TEST_STEP][PASSED] - (internal.GlobalVariable.i++): null

2020-03-31 08:06:51 - [MESSAGE][PASSED] - Call Test Case 'Test Cases/AHI/_include/get_screenshot' successfully

2020-03-31 08:06:51 - [MESSAGE][PASSED] - Call Test Case 'Test Cases/AHI/_include/openWebSite' successfully

2020-03-31 08:06:51 - [TEST_STEP][PASSED] - driver = getWebDriver(): null

2020-03-31 08:06:51 - [TEST_STEP][PASSED] - baseUrl = env: null

2020-03-31 08:06:51 - [TEST_STEP][PASSED] - selenium = new com.thoughtworks.selenium.webdriven.WebDriverBackedSelenium(driver, baseUrl): null

2020-03-31 08:06:51 - [TEST_STEP][PASSED] - selenium.click("//span[@class='navbar-toggler-icon']"): null

2020-03-31 08:06:51 - [TEST_STEP][PASSED] - selenium.click("//a[@class='dropdown-toggle nav-link']"): null

2020-03-31 08:06:51 - [TEST_STEP][PASSED] - selenium.click("//a[contains(text(),'Medicare')]"): null

2020-03-31 08:06:52 - [TEST_STEP][PASSED] - for ([second = 0, second < 10, (second++)]): null

2020-03-31 08:06:52 - [TEST_STEP][PASSED] - try: null

2020-03-31 08:06:52 - [TEST_STEP][PASSED] - if (selenium.isElementPresent("id=zip")): null

2020-03-31 08:06:52 - [TEST_STEP][PASSED] - break: null

2020-03-31 08:06:52 - [TEST_STEP][PASSED] - callTestCase(findTestCase("AHI/_include/get_screenshot"), [:], STOP_ON_FAILURE): Call Test Case 'Test Cases/AHI/_include/get_screenshot' successfully

2020-03-31 08:06:52 - [TEST_CASE][PASSED] - Test Cases/AHI/_include/get_screenshot: Test Cases/AHI/_include/get_screenshot

2020-03-31 08:06:52 - [TEST_STEP][PASSED] - Thread.sleep(1000): null

2020-03-31 08:06:53 - [TEST_STEP][PASSED] - takeScreenshot(screenPath + i + ".png"): Taking screenshot successfully

2020-03-31 08:06:54 - [MESSAGE][PASSED] - Taking screenshot successfully
[[ATTACHMENT|D:\\Test\\AgileTest\\Reports\\HIC\\hic\\20200331_080032\\../Screenshots/iPhone 6/HIC/Medicare/Medicare/20200331_080644/1.png]]

2020-03-31 08:06:54 - [TEST_STEP][PASSED] - (internal.GlobalVariable.i++): null

2020-03-31 08:06:54 - [MESSAGE][PASSED] - Call Test Case 'Test Cases/AHI/_include/get_screenshot' successfully

2020-03-31 08:06:54 - [TEST_STEP][PASSED] - setText(findTestObject("hic/medicare/zip"), "33186"): Text '33186' is set on object 'Object Repository/hic/medicare/zip'

2020-03-31 08:06:54 - [MESSAGE][PASSED] - Text '33186' is set on object 'Object Repository/hic/medicare/zip'

2020-03-31 08:06:54 - [TEST_STEP][PASSED] - Thread.sleep(3000): null

2020-03-31 08:06:57 - [TEST_STEP][PASSED] - selenium.click("//button[contains(text(),'Compare Plans')]"): null

2020-03-31 08:07:01 - [TEST_STEP][PASSED] - for ([second = 0, second < 10, (second++)]): null

2020-03-31 08:07:01 - [TEST_STEP][PASSED] - try: null

2020-03-31 08:07:01 - [TEST_STEP][PASSED] - if (selenium.isElementPresent("id=planTypeSelect")): null

2020-03-31 08:07:02 - [TEST_STEP][PASSED] - Thread.sleep(1000): null

2020-03-31 08:07:03 - [TEST_STEP][PASSED] - try: null

2020-03-31 08:07:03 - [TEST_STEP][PASSED] - if (selenium.isElementPresent("id=planTypeSelect")): null

2020-03-31 08:07:03 - [TEST_STEP][PASSED] - Thread.sleep(1000): null

2020-03-31 08:07:04 - [TEST_STEP][PASSED] - try: null

2020-03-31 08:07:04 - [TEST_STEP][PASSED] - if (selenium.isElementPresent("id=planTypeSelect")): null

2020-03-31 08:07:05 - [TEST_STEP][PASSED] - Thread.sleep(1000): null

2020-03-31 08:07:06 - [TEST_STEP][PASSED] - try: null

2020-03-31 08:07:06 - [TEST_STEP][PASSED] - if (selenium.isElementPresent("id=planTypeSelect")): null

2020-03-31 08:07:06 - [TEST_STEP][PASSED] - Thread.sleep(1000): null

2020-03-31 08:07:07 - [TEST_STEP][PASSED] - try: null

2020-03-31 08:07:07 - [TEST_STEP][PASSED] - if (selenium.isElementPresent("id=planTypeSelect")): null

2020-03-31 08:07:08 - [TEST_STEP][PASSED] - Thread.sleep(1000): null

2020-03-31 08:07:09 - [TEST_STEP][PASSED] - try: null

2020-03-31 08:07:09 - [TEST_STEP][PASSED] - if (selenium.isElementPresent("id=planTypeSelect")): null

2020-03-31 08:07:09 - [TEST_STEP][PASSED] - Thread.sleep(1000): null

2020-03-31 08:07:10 - [TEST_STEP][PASSED] - try: null

2020-03-31 08:07:10 - [TEST_STEP][PASSED] - if (selenium.isElementPresent("id=planTypeSelect")): null

2020-03-31 08:07:10 - [TEST_STEP][PASSED] - Thread.sleep(1000): null

2020-03-31 08:07:11 - [TEST_STEP][PASSED] - try: null

2020-03-31 08:07:11 - [TEST_STEP][PASSED] - if (selenium.isElementPresent("id=planTypeSelect")): null

2020-03-31 08:07:11 - [TEST_STEP][PASSED] - Thread.sleep(1000): null

2020-03-31 08:07:12 - [TEST_STEP][PASSED] - try: null

2020-03-31 08:07:12 - [TEST_STEP][PASSED] - if (selenium.isElementPresent("id=planTypeSelect")): null

2020-03-31 08:07:12 - [TEST_STEP][PASSED] - Thread.sleep(1000): null

2020-03-31 08:07:13 - [TEST_STEP][PASSED] - try: null

2020-03-31 08:07:13 - [TEST_STEP][PASSED] - if (selenium.isElementPresent("id=planTypeSelect")): null

2020-03-31 08:07:13 - [TEST_STEP][PASSED] - Thread.sleep(1000): null

2020-03-31 08:07:14 - [TEST_STEP][PASSED] - callTestCase(findTestCase("AHI/_include/get_screenshot"), [:], STOP_ON_FAILURE): Call Test Case 'Test Cases/AHI/_include/get_screenshot' successfully

2020-03-31 08:07:14 - [TEST_CASE][PASSED] - Test Cases/AHI/_include/get_screenshot: Test Cases/AHI/_include/get_screenshot

2020-03-31 08:07:14 - [TEST_STEP][PASSED] - Thread.sleep(1000): null

2020-03-31 08:07:15 - [TEST_STEP][PASSED] - takeScreenshot(screenPath + i + ".png"): Taking screenshot successfully

2020-03-31 08:07:15 - [MESSAGE][PASSED] - Taking screenshot successfully
[[ATTACHMENT|D:\\Test\\AgileTest\\Reports\\HIC\\hic\\20200331_080032\\../Screenshots/iPhone 6/HIC/Medicare/Medicare/20200331_080644/2.png]]

2020-03-31 08:07:15 - [TEST_STEP][PASSED] - (internal.GlobalVariable.i++): null

2020-03-31 08:07:15 - [MESSAGE][PASSED] - Call Test Case 'Test Cases/AHI/_include/get_screenshot' successfully]]></system-out>
         <system-err><![CDATA[]]></system-err>
      </testcase>
      <testcase name="Test Cases/HIC/New/Pet" classname="Test Cases/HIC/New/Pet" status="PASSED">
         <system-out><![CDATA[2020-03-31 08:07:15 - [TEST_CASE][PASSED] - Test Cases/HIC/New/Pet: Test Cases/HIC/New/Pet

2020-03-31 08:07:16 - [TEST_STEP][PASSED] - callTestCase(findTestCase("HIC/_include/get_hicScreenPath"), ["project":"HIC", "productLine":"Pet", "carrierName":"Pet"], CONTINUE_ON_FAILURE): Call Test Case 'Test Cases/HIC/_include/get_hicScreenPath' successfully

2020-03-31 08:07:16 - [TEST_CASE][PASSED] - Test Cases/HIC/_include/get_hicScreenPath: Test Cases/HIC/_include/get_hicScreenPath

2020-03-31 08:07:16 - [TEST_STEP][PASSED] - m = getExecutionProperties(): null

2020-03-31 08:07:16 - [TEST_STEP][PASSED] - deviceName = get("mobileEmulation").get("deviceName"): null

2020-03-31 08:07:16 - [TEST_STEP][PASSED] - println(deviceName): null

2020-03-31 08:07:16 - [TEST_STEP][PASSED] - now = new java.util.Date(): null

2020-03-31 08:07:16 - [TEST_STEP][PASSED] - mydate = now.format("yyyyMMdd_HHmmss"): null

2020-03-31 08:07:16 - [TEST_STEP][PASSED] - screenPath = "../Screenshots/": null

2020-03-31 08:07:16 - [TEST_STEP][PASSED] - screenPath = screenPath + deviceName + "/" + project + "/" + productLine + "/" + carrierName + "/" + mydate + "/": null

2020-03-31 08:07:16 - [TEST_STEP][PASSED] - println(screenPath): null

2020-03-31 08:07:16 - [MESSAGE][PASSED] - Call Test Case 'Test Cases/HIC/_include/get_hicScreenPath' successfully

2020-03-31 08:07:16 - [TEST_STEP][PASSED] - i = 0: null

2020-03-31 08:07:16 - [TEST_STEP][PASSED] - callTestCase(findTestCase("AHI/_include/openWebSite"), ["env":env], CONTINUE_ON_FAILURE): Call Test Case 'Test Cases/AHI/_include/openWebSite' successfully

2020-03-31 08:07:16 - [TEST_CASE][PASSED] - Test Cases/AHI/_include/openWebSite: Test Cases/AHI/_include/openWebSite

2020-03-31 08:07:16 - [TEST_STEP][PASSED] - openBrowser(env): Browser is opened with url: 'https://qa.healthinsurance.com'

2020-03-31 08:07:16 - [MESSAGE][WARNING] - A browser is already opened. Closing browser and opening a new one

2020-03-31 08:07:17 - [MESSAGE][INFO] - Starting 'Chrome' driver

2020-03-31 08:07:17 - [MESSAGE][INFO] - User set preference: ['mobileEmulation', '{deviceName=iPhone 6}']

2020-03-31 08:07:17 - [MESSAGE][INFO] - User set preference: ['args', '[--incognito, --aggressive-cache-discard, --window-size=375,677, --no-sandbox, --ignore-certificate-errors]']

2020-03-31 08:07:24 - [MESSAGE][PASSED] - Browser is opened with url: 'https://qa.healthinsurance.com'

2020-03-31 08:07:24 - [TEST_STEP][PASSED] - waitForPageLoad(20): Wait for page load successfully

2020-03-31 08:07:24 - [MESSAGE][PASSED] - Wait for page load successfully

2020-03-31 08:07:24 - [TEST_STEP][PASSED] - callTestCase(findTestCase("AHI/_include/get_screenshot"), [:], STOP_ON_FAILURE): Call Test Case 'Test Cases/AHI/_include/get_screenshot' successfully

2020-03-31 08:07:24 - [TEST_CASE][PASSED] - Test Cases/AHI/_include/get_screenshot: Test Cases/AHI/_include/get_screenshot

2020-03-31 08:07:24 - [TEST_STEP][PASSED] - Thread.sleep(1000): null

2020-03-31 08:07:25 - [TEST_STEP][PASSED] - takeScreenshot(screenPath + i + ".png"): Taking screenshot successfully

2020-03-31 08:07:26 - [MESSAGE][PASSED] - Taking screenshot successfully
[[ATTACHMENT|D:\\Test\\AgileTest\\Reports\\HIC\\hic\\20200331_080032\\../Screenshots/iPhone 6/HIC/Pet/Pet/20200331_080716/0.png]]

2020-03-31 08:07:26 - [TEST_STEP][PASSED] - (internal.GlobalVariable.i++): null

2020-03-31 08:07:26 - [MESSAGE][PASSED] - Call Test Case 'Test Cases/AHI/_include/get_screenshot' successfully

2020-03-31 08:07:26 - [MESSAGE][PASSED] - Call Test Case 'Test Cases/AHI/_include/openWebSite' successfully

2020-03-31 08:07:26 - [TEST_STEP][PASSED] - driver = getWebDriver(): null

2020-03-31 08:07:26 - [TEST_STEP][PASSED] - baseUrl = env: null

2020-03-31 08:07:26 - [TEST_STEP][PASSED] - selenium = new com.thoughtworks.selenium.webdriven.WebDriverBackedSelenium(driver, baseUrl): null

2020-03-31 08:07:26 - [TEST_STEP][PASSED] - selenium.click("//span[@class='navbar-toggler-icon']"): null

2020-03-31 08:07:26 - [TEST_STEP][PASSED] - selenium.click("//a[@class='dropdown-toggle nav-link']"): null

2020-03-31 08:07:26 - [TEST_STEP][PASSED] - selenium.click("//a[contains(text(),'Pet Insurance')]"): null

2020-03-31 08:07:27 - [TEST_STEP][PASSED] - for ([second = 0, second < 20, (second++)]): null

2020-03-31 08:07:27 - [TEST_STEP][PASSED] - try: null

2020-03-31 08:07:27 - [TEST_STEP][PASSED] - if (selenium.isElementPresent("id=zip-input")): null

2020-03-31 08:07:28 - [TEST_STEP][PASSED] - break: null

2020-03-31 08:07:28 - [TEST_STEP][PASSED] - callTestCase(findTestCase("AHI/_include/get_screenshot"), [:], STOP_ON_FAILURE): Call Test Case 'Test Cases/AHI/_include/get_screenshot' successfully

2020-03-31 08:07:28 - [TEST_CASE][PASSED] - Test Cases/AHI/_include/get_screenshot: Test Cases/AHI/_include/get_screenshot

2020-03-31 08:07:28 - [TEST_STEP][PASSED] - Thread.sleep(1000): null

2020-03-31 08:07:29 - [TEST_STEP][PASSED] - takeScreenshot(screenPath + i + ".png"): Taking screenshot successfully

2020-03-31 08:07:32 - [MESSAGE][PASSED] - Taking screenshot successfully
[[ATTACHMENT|D:\\Test\\AgileTest\\Reports\\HIC\\hic\\20200331_080032\\../Screenshots/iPhone 6/HIC/Pet/Pet/20200331_080716/1.png]]

2020-03-31 08:07:32 - [TEST_STEP][PASSED] - (internal.GlobalVariable.i++): null

2020-03-31 08:07:32 - [MESSAGE][PASSED] - Call Test Case 'Test Cases/AHI/_include/get_screenshot' successfully

2020-03-31 08:07:32 - [TEST_STEP][PASSED] - sendKeys(findTestObject("mobileSanity/Cancer Insurance/zip"), "35216"): Keys '35216' sent to object: 'Object Repository/mobileSanity/Cancer Insurance/zip'

2020-03-31 08:07:32 - [MESSAGE][PASSED] - Keys '35216' sent to object: 'Object Repository/mobileSanity/Cancer Insurance/zip'

2020-03-31 08:07:32 - [TEST_STEP][PASSED] - Thread.sleep(3000): null

2020-03-31 08:07:35 - [TEST_STEP][PASSED] - selenium.click("id=js-see-plans"): null

2020-03-31 08:07:36 - [TEST_STEP][PASSED] - for ([second = 0, second < 20, (second++)]): null

2020-03-31 08:07:36 - [TEST_STEP][PASSED] - try: null

2020-03-31 08:07:36 - [TEST_STEP][PASSED] - if (selenium.isElementPresent("id=name-input")): null

2020-03-31 08:07:37 - [TEST_STEP][PASSED] - break: null

2020-03-31 08:07:37 - [TEST_STEP][PASSED] - callTestCase(findTestCase("AHI/_include/get_screenshot"), [:], STOP_ON_FAILURE): Call Test Case 'Test Cases/AHI/_include/get_screenshot' successfully

2020-03-31 08:07:37 - [TEST_CASE][PASSED] - Test Cases/AHI/_include/get_screenshot: Test Cases/AHI/_include/get_screenshot

2020-03-31 08:07:37 - [TEST_STEP][PASSED] - Thread.sleep(1000): null

2020-03-31 08:07:38 - [TEST_STEP][PASSED] - takeScreenshot(screenPath + i + ".png"): Taking screenshot successfully

2020-03-31 08:07:38 - [MESSAGE][PASSED] - Taking screenshot successfully
[[ATTACHMENT|D:\\Test\\AgileTest\\Reports\\HIC\\hic\\20200331_080032\\../Screenshots/iPhone 6/HIC/Pet/Pet/20200331_080716/2.png]]

2020-03-31 08:07:38 - [TEST_STEP][PASSED] - (internal.GlobalVariable.i++): null

2020-03-31 08:07:38 - [MESSAGE][PASSED] - Call Test Case 'Test Cases/AHI/_include/get_screenshot' successfully

2020-03-31 08:07:38 - [TEST_STEP][PASSED] - setText(findTestObject("mobileSanity/Pet Insurance/name-input"), "Test cat"): Text 'Test cat' is set on object 'Object Repository/mobileSanity/Pet Insurance/name-input'

2020-03-31 08:07:38 - [MESSAGE][PASSED] - Text 'Test cat' is set on object 'Object Repository/mobileSanity/Pet Insurance/name-input'

2020-03-31 08:07:38 - [TEST_STEP][PASSED] - selenium.click("id=js-continue"): null

2020-03-31 08:07:39 - [TEST_STEP][PASSED] - for ([second = 0, second < 20, (second++)]): null

2020-03-31 08:07:39 - [TEST_STEP][PASSED] - try: null

2020-03-31 08:07:39 - [TEST_STEP][PASSED] - if (selenium.isElementPresent("xpath=//label[@for='p-cat']")): null

2020-03-31 08:07:39 - [TEST_STEP][PASSED] - Thread.sleep(1000): null

2020-03-31 08:07:40 - [TEST_STEP][PASSED] - try: null

2020-03-31 08:07:40 - [TEST_STEP][PASSED] - if (selenium.isElementPresent("xpath=//label[@for='p-cat']")): null

2020-03-31 08:07:40 - [TEST_STEP][PASSED] - break: null

2020-03-31 08:07:40 - [TEST_STEP][PASSED] - callTestCase(findTestCase("AHI/_include/get_screenshot"), [:], STOP_ON_FAILURE): Call Test Case 'Test Cases/AHI/_include/get_screenshot' successfully

2020-03-31 08:07:40 - [TEST_CASE][PASSED] - Test Cases/AHI/_include/get_screenshot: Test Cases/AHI/_include/get_screenshot

2020-03-31 08:07:40 - [TEST_STEP][PASSED] - Thread.sleep(1000): null

2020-03-31 08:07:41 - [TEST_STEP][PASSED] - takeScreenshot(screenPath + i + ".png"): Taking screenshot successfully

2020-03-31 08:07:41 - [MESSAGE][PASSED] - Taking screenshot successfully
[[ATTACHMENT|D:\\Test\\AgileTest\\Reports\\HIC\\hic\\20200331_080032\\../Screenshots/iPhone 6/HIC/Pet/Pet/20200331_080716/3.png]]

2020-03-31 08:07:41 - [TEST_STEP][PASSED] - (internal.GlobalVariable.i++): null

2020-03-31 08:07:41 - [MESSAGE][PASSED] - Call Test Case 'Test Cases/AHI/_include/get_screenshot' successfully

2020-03-31 08:07:41 - [TEST_STEP][PASSED] - selenium.click("//label[@for='p-cat']"): null

2020-03-31 08:07:41 - [TEST_STEP][PASSED] - for ([second = 0, second < 20, (second++)]): null

2020-03-31 08:07:41 - [TEST_STEP][PASSED] - try: null

2020-03-31 08:07:41 - [TEST_STEP][PASSED] - if (selenium.isElementPresent("id=dob-mm-input")): null

2020-03-31 08:07:41 - [TEST_STEP][PASSED] - Thread.sleep(1000): null

2020-03-31 08:07:42 - [TEST_STEP][PASSED] - try: null

2020-03-31 08:07:42 - [TEST_STEP][PASSED] - if (selenium.isElementPresent("id=dob-mm-input")): null

2020-03-31 08:07:42 - [TEST_STEP][PASSED] - break: null

2020-03-31 08:07:42 - [TEST_STEP][PASSED] - callTestCase(findTestCase("AHI/_include/get_screenshot"), [:], STOP_ON_FAILURE): Call Test Case 'Test Cases/AHI/_include/get_screenshot' successfully

2020-03-31 08:07:43 - [TEST_CASE][PASSED] - Test Cases/AHI/_include/get_screenshot: Test Cases/AHI/_include/get_screenshot

2020-03-31 08:07:43 - [TEST_STEP][PASSED] - Thread.sleep(1000): null

2020-03-31 08:07:44 - [TEST_STEP][PASSED] - takeScreenshot(screenPath + i + ".png"): Taking screenshot successfully

2020-03-31 08:07:44 - [MESSAGE][PASSED] - Taking screenshot successfully
[[ATTACHMENT|D:\\Test\\AgileTest\\Reports\\HIC\\hic\\20200331_080032\\../Screenshots/iPhone 6/HIC/Pet/Pet/20200331_080716/4.png]]

2020-03-31 08:07:44 - [TEST_STEP][PASSED] - (internal.GlobalVariable.i++): null

2020-03-31 08:07:44 - [MESSAGE][PASSED] - Call Test Case 'Test Cases/AHI/_include/get_screenshot' successfully

2020-03-31 08:07:44 - [TEST_STEP][PASSED] - setText(findTestObject("mobileSanity/Pet Insurance/dob-mm-input"), "01"): Text '01' is set on object 'Object Repository/mobileSanity/Pet Insurance/dob-mm-input'

2020-03-31 08:07:44 - [MESSAGE][PASSED] - Text '01' is set on object 'Object Repository/mobileSanity/Pet Insurance/dob-mm-input'

2020-03-31 08:07:44 - [TEST_STEP][PASSED] - setText(findTestObject("mobileSanity/Pet Insurance/dob-dd-input"), "01"): Text '01' is set on object 'Object Repository/mobileSanity/Pet Insurance/dob-dd-input'

2020-03-31 08:07:45 - [MESSAGE][PASSED] - Text '01' is set on object 'Object Repository/mobileSanity/Pet Insurance/dob-dd-input'

2020-03-31 08:07:45 - [TEST_STEP][PASSED] - setText(findTestObject("mobileSanity/Pet Insurance/dob-yyyy-input"), "2016"): Text '2016' is set on object 'Object Repository/mobileSanity/Pet Insurance/dob-yyyy-input'

2020-03-31 08:07:45 - [MESSAGE][PASSED] - Text '2016' is set on object 'Object Repository/mobileSanity/Pet Insurance/dob-yyyy-input'

2020-03-31 08:07:45 - [TEST_STEP][PASSED] - for ([second = 0, second < 20, (second++)]): null

2020-03-31 08:07:45 - [TEST_STEP][PASSED] - try: null

2020-03-31 08:07:45 - [TEST_STEP][PASSED] - if (selenium.isElementPresent("xpath=//label[@for='p-no']")): null

2020-03-31 08:07:45 - [TEST_STEP][PASSED] - Thread.sleep(1000): null

2020-03-31 08:07:46 - [TEST_STEP][PASSED] - try: null

2020-03-31 08:07:46 - [TEST_STEP][PASSED] - if (selenium.isElementPresent("xpath=//label[@for='p-no']")): null

2020-03-31 08:07:46 - [TEST_STEP][PASSED] - break: null

2020-03-31 08:07:46 - [TEST_STEP][PASSED] - callTestCase(findTestCase("AHI/_include/get_screenshot"), [:], STOP_ON_FAILURE): Call Test Case 'Test Cases/AHI/_include/get_screenshot' successfully

2020-03-31 08:07:46 - [TEST_CASE][PASSED] - Test Cases/AHI/_include/get_screenshot: Test Cases/AHI/_include/get_screenshot

2020-03-31 08:07:46 - [TEST_STEP][PASSED] - Thread.sleep(1000): null

2020-03-31 08:07:47 - [TEST_STEP][PASSED] - takeScreenshot(screenPath + i + ".png"): Taking screenshot successfully

2020-03-31 08:07:48 - [MESSAGE][PASSED] - Taking screenshot successfully
[[ATTACHMENT|D:\\Test\\AgileTest\\Reports\\HIC\\hic\\20200331_080032\\../Screenshots/iPhone 6/HIC/Pet/Pet/20200331_080716/5.png]]

2020-03-31 08:07:48 - [TEST_STEP][PASSED] - (internal.GlobalVariable.i++): null

2020-03-31 08:07:48 - [MESSAGE][PASSED] - Call Test Case 'Test Cases/AHI/_include/get_screenshot' successfully

2020-03-31 08:07:48 - [TEST_STEP][PASSED] - selenium.click("//label[@for='p-no']"): null

2020-03-31 08:07:48 - [TEST_STEP][PASSED] - for ([second = 0, second < 20, (second++)]): null

2020-03-31 08:07:48 - [TEST_STEP][PASSED] - try: null

2020-03-31 08:07:48 - [TEST_STEP][PASSED] - if (selenium.isElementPresent("id=applyCta")): null

2020-03-31 08:07:50 - [TEST_STEP][PASSED] - break: null

2020-03-31 08:07:50 - [TEST_STEP][PASSED] - callTestCase(findTestCase("AHI/_include/get_screenshot"), [:], STOP_ON_FAILURE): Call Test Case 'Test Cases/AHI/_include/get_screenshot' successfully

2020-03-31 08:07:50 - [TEST_CASE][PASSED] - Test Cases/AHI/_include/get_screenshot: Test Cases/AHI/_include/get_screenshot

2020-03-31 08:07:50 - [TEST_STEP][PASSED] - Thread.sleep(1000): null

2020-03-31 08:07:51 - [TEST_STEP][PASSED] - takeScreenshot(screenPath + i + ".png"): Taking screenshot successfully

2020-03-31 08:07:52 - [MESSAGE][PASSED] - Taking screenshot successfully
[[ATTACHMENT|D:\\Test\\AgileTest\\Reports\\HIC\\hic\\20200331_080032\\../Screenshots/iPhone 6/HIC/Pet/Pet/20200331_080716/6.png]]

2020-03-31 08:07:52 - [TEST_STEP][PASSED] - (internal.GlobalVariable.i++): null

2020-03-31 08:07:52 - [MESSAGE][PASSED] - Call Test Case 'Test Cases/AHI/_include/get_screenshot' successfully

2020-03-31 08:07:52 - [TEST_STEP][PASSED] - selenium.click("id=applyCta"): null

2020-03-31 08:07:53 - [TEST_STEP][PASSED] - for ([second = 0, second < 20, (second++)]): null

2020-03-31 08:07:53 - [TEST_STEP][PASSED] - try: null

2020-03-31 08:07:53 - [TEST_STEP][PASSED] - if (selenium.isElementPresent("id=member-P-1-firstName")): null

2020-03-31 08:07:54 - [TEST_STEP][PASSED] - Thread.sleep(1000): null

2020-03-31 08:07:55 - [TEST_STEP][PASSED] - try: null

2020-03-31 08:07:55 - [TEST_STEP][PASSED] - if (selenium.isElementPresent("id=member-P-1-firstName")): null

2020-03-31 08:07:55 - [TEST_STEP][PASSED] - break: null

2020-03-31 08:07:55 - [TEST_STEP][PASSED] - callTestCase(findTestCase("AHI/_include/get_screenshot"), [:], STOP_ON_FAILURE): Call Test Case 'Test Cases/AHI/_include/get_screenshot' successfully

2020-03-31 08:07:55 - [TEST_CASE][PASSED] - Test Cases/AHI/_include/get_screenshot: Test Cases/AHI/_include/get_screenshot

2020-03-31 08:07:55 - [TEST_STEP][PASSED] - Thread.sleep(1000): null

2020-03-31 08:07:56 - [TEST_STEP][PASSED] - takeScreenshot(screenPath + i + ".png"): Taking screenshot successfully

2020-03-31 08:07:56 - [MESSAGE][PASSED] - Taking screenshot successfully
[[ATTACHMENT|D:\\Test\\AgileTest\\Reports\\HIC\\hic\\20200331_080032\\../Screenshots/iPhone 6/HIC/Pet/Pet/20200331_080716/7.png]]

2020-03-31 08:07:56 - [TEST_STEP][PASSED] - (internal.GlobalVariable.i++): null

2020-03-31 08:07:56 - [MESSAGE][PASSED] - Call Test Case 'Test Cases/AHI/_include/get_screenshot' successfully

2020-03-31 08:07:56 - [TEST_STEP][PASSED] - callTestCase(findTestCase("AHI/_include/name"), [:], STOP_ON_FAILURE): Call Test Case 'Test Cases/AHI/_include/name' successfully

2020-03-31 08:07:56 - [TEST_CASE][PASSED] - Test Cases/AHI/_include/name: Test Cases/AHI/_include/name

2020-03-31 08:07:56 - [TEST_STEP][PASSED] - driver = getWebDriver(): null

2020-03-31 08:07:56 - [TEST_STEP][PASSED] - selenium = new com.thoughtworks.selenium.webdriven.WebDriverBackedSelenium(driver, internal.GlobalVariable.ENV): null

2020-03-31 08:07:56 - [TEST_STEP][PASSED] - FirstName = "Test-123": null

2020-03-31 08:07:56 - [TEST_STEP][PASSED] - LastName = selenium.getEval("{var x="ABCDEFGHIJKLMNOPQRSTUVWXYZabcdefghijklmnopqrstuvwxyz"; var tmp="ZZ11-"; for (i=0;i<8;i++) tmp+=x.charAt(Math.ceil(51*Math.random()));tmp;}"): null

2020-03-31 08:07:56 - [TEST_STEP][PASSED] - Address = selenium.getEval("{var x="ABCDEFGHIJKLMNOPQRSTUVWXYZabcdefghijklmnopqrstuvwxyz"; var tmp=""; for (i=0;i<8;i++) tmp+=x.charAt(Math.ceil(51*Math.random()));tmp;}"): null

2020-03-31 08:07:56 - [TEST_STEP][PASSED] - City = selenium.getEval("{var x="ABCDEFGHIJKLMNOPQRSTUVWXYZabcdefghijklmnopqrstuvwxyz"; var tmp=""; for (i=0;i<8;i++) tmp+=x.charAt(Math.ceil(51*Math.random()));tmp;}"): null

2020-03-31 08:07:56 - [TEST_STEP][PASSED] - tel1 = selenium.getEval("{var x="123456789"; var tmp=""; for (i=0;i<3;i++) tmp+=x.charAt(Math.ceil(8*Math.random()));tmp;}"): null

2020-03-31 08:07:56 - [TEST_STEP][PASSED] - tel2 = selenium.getEval("{var x="123456789"; var tmp=""; for (i=0;i<3;i++) tmp+=x.charAt(Math.ceil(8*Math.random()));tmp;}"): null

2020-03-31 08:07:56 - [TEST_STEP][PASSED] - tel3 = selenium.getEval("{var x="123456789"; var tmp=""; for (i=0;i<4;i++) tmp+=x.charAt(Math.ceil(8*Math.random()));tmp;}"): null

2020-03-31 08:07:56 - [TEST_STEP][PASSED] - Tel = selenium.getExpression(tel1 + "-" + tel2 + "-" + tel3): null

2020-03-31 08:07:56 - [TEST_STEP][PASSED] - AutoEmail = selenium.getEval("{var x="ABCDEFGHIJKLMNOPQRSTUVWXYZabcdefghijklmnopqrstuvwxyz"; var tmp="test."; for (i=0;i<8;i++) tmp+=x.charAt(Math.ceil(51*Math.random()));tmp+="@suryani.cn";}"): null

2020-03-31 08:07:56 - [TEST_STEP][PASSED] - FirstName = FirstName: null

2020-03-31 08:07:56 - [TEST_STEP][PASSED] - LastName = LastName: null

2020-03-31 08:07:56 - [TEST_STEP][PASSED] - Address = Address: null

2020-03-31 08:07:56 - [TEST_STEP][PASSED] - City = City: null

2020-03-31 08:07:56 - [TEST_STEP][PASSED] - Tel = Tel: null

2020-03-31 08:07:56 - [TEST_STEP][PASSED] - AutoEmail = AutoEmail: null

2020-03-31 08:07:56 - [TEST_STEP][PASSED] - println(FirstName): null

2020-03-31 08:07:56 - [TEST_STEP][PASSED] - println(LastName): null

2020-03-31 08:07:56 - [TEST_STEP][PASSED] - println(Address): null

2020-03-31 08:07:56 - [TEST_STEP][PASSED] - println(City): null

2020-03-31 08:07:56 - [TEST_STEP][PASSED] - println(Tel): null

2020-03-31 08:07:57 - [TEST_STEP][PASSED] - println(AutoEmail): null

2020-03-31 08:07:57 - [MESSAGE][PASSED] - Call Test Case 'Test Cases/AHI/_include/name' successfully

2020-03-31 08:07:57 - [TEST_STEP][PASSED] - selenium.type("id=member-P-1-firstName", FirstName): null

2020-03-31 08:07:57 - [TEST_STEP][PASSED] - selenium.type("id=member-P-1-lastName", LastName): null

2020-03-31 08:07:57 - [TEST_STEP][PASSED] - selenium.type("id=address", Address): null

2020-03-31 08:07:57 - [TEST_STEP][PASSED] - selenium.type("id=city", City): null

2020-03-31 08:07:57 - [TEST_STEP][PASSED] - selenium.type("id=email", AutoEmail): null

2020-03-31 08:07:57 - [TEST_STEP][PASSED] - selenium.type("id=primaryPhone", Tel): null

2020-03-31 08:07:57 - [TEST_STEP][PASSED] - selenium.click("id=pet-veterinary-clinic-flag"): null

2020-03-31 08:07:58 - [TEST_STEP][PASSED] - Thread.sleep(2000): null

2020-03-31 08:08:00 - [TEST_STEP][PASSED] - selenium.click("id=js-app-continue-link"): null

2020-03-31 08:08:00 - [TEST_STEP][PASSED] - for ([second = 0, second < 20, (second++)]): null

2020-03-31 08:08:00 - [TEST_STEP][PASSED] - try: null

2020-03-31 08:08:00 - [TEST_STEP][PASSED] - if (selenium.isElementPresent("id=credit-card-number")): null

2020-03-31 08:08:00 - [TEST_STEP][PASSED] - Thread.sleep(1000): null

2020-03-31 08:08:01 - [TEST_STEP][PASSED] - try: null

2020-03-31 08:08:01 - [TEST_STEP][PASSED] - if (selenium.isElementPresent("id=credit-card-number")): null

2020-03-31 08:08:01 - [TEST_STEP][PASSED] - break: null

2020-03-31 08:08:01 - [TEST_STEP][PASSED] - callTestCase(findTestCase("AHI/_include/get_screenshot"), [:], STOP_ON_FAILURE): Call Test Case 'Test Cases/AHI/_include/get_screenshot' successfully

2020-03-31 08:08:01 - [TEST_CASE][PASSED] - Test Cases/AHI/_include/get_screenshot: Test Cases/AHI/_include/get_screenshot

2020-03-31 08:08:01 - [TEST_STEP][PASSED] - Thread.sleep(1000): null

2020-03-31 08:08:02 - [TEST_STEP][PASSED] - takeScreenshot(screenPath + i + ".png"): Taking screenshot successfully

2020-03-31 08:08:03 - [MESSAGE][PASSED] - Taking screenshot successfully
[[ATTACHMENT|D:\\Test\\AgileTest\\Reports\\HIC\\hic\\20200331_080032\\../Screenshots/iPhone 6/HIC/Pet/Pet/20200331_080716/8.png]]

2020-03-31 08:08:03 - [TEST_STEP][PASSED] - (internal.GlobalVariable.i++): null

2020-03-31 08:08:03 - [MESSAGE][PASSED] - Call Test Case 'Test Cases/AHI/_include/get_screenshot' successfully

2020-03-31 08:08:03 - [TEST_STEP][PASSED] - selenium.type("id=credit-card-number", "4111111111111111"): null

2020-03-31 08:08:04 - [TEST_STEP][PASSED] - selenium.type("id=credit-card-first", "test"): null

2020-03-31 08:08:05 - [TEST_STEP][PASSED] - selenium.type("id=credit-card-last", "test"): null

2020-03-31 08:08:05 - [TEST_STEP][PASSED] - selenium.select("id=expiration-month", "12"): null

2020-03-31 08:08:06 - [TEST_STEP][PASSED] - selenium.select("id=expiration-year", "2026"): null

2020-03-31 08:08:07 - [TEST_STEP][PASSED] - selenium.type("id=credit-card-cvv", "123"): null

2020-03-31 08:08:07 - [TEST_STEP][PASSED] - selenium.type("id=credit-card-number", "4111111111111111"): null

2020-03-31 08:08:07 - [TEST_STEP][PASSED] - selenium.click("id=js-same-billing"): null

2020-03-31 08:08:08 - [TEST_STEP][PASSED] - selenium.click("id=credit-payment-authorization"): null

2020-03-31 08:08:08 - [TEST_STEP][PASSED] - selenium.click("id=js-app-continue-link"): null

2020-03-31 08:08:09 - [TEST_STEP][PASSED] - for ([second = 0, second < 20, (second++)]): null

2020-03-31 08:08:09 - [TEST_STEP][PASSED] - try: null

2020-03-31 08:08:09 - [TEST_STEP][PASSED] - if (selenium.isElementPresent("id=consent-checkbox-0")): null

2020-03-31 08:08:09 - [TEST_STEP][PASSED] - Thread.sleep(1000): null

2020-03-31 08:08:10 - [TEST_STEP][PASSED] - try: null

2020-03-31 08:08:10 - [TEST_STEP][PASSED] - if (selenium.isElementPresent("id=consent-checkbox-0")): null

2020-03-31 08:08:11 - [TEST_STEP][PASSED] - Thread.sleep(1000): null

2020-03-31 08:08:12 - [TEST_STEP][PASSED] - try: null

2020-03-31 08:08:12 - [TEST_STEP][PASSED] - if (selenium.isElementPresent("id=consent-checkbox-0")): null

2020-03-31 08:08:12 - [TEST_STEP][PASSED] - break: null

2020-03-31 08:08:12 - [TEST_STEP][PASSED] - callTestCase(findTestCase("AHI/_include/get_screenshot"), [:], STOP_ON_FAILURE): Call Test Case 'Test Cases/AHI/_include/get_screenshot' successfully

2020-03-31 08:08:12 - [TEST_CASE][PASSED] - Test Cases/AHI/_include/get_screenshot: Test Cases/AHI/_include/get_screenshot

2020-03-31 08:08:12 - [TEST_STEP][PASSED] - Thread.sleep(1000): null

2020-03-31 08:08:13 - [TEST_STEP][PASSED] - takeScreenshot(screenPath + i + ".png"): Taking screenshot successfully

2020-03-31 08:08:15 - [MESSAGE][PASSED] - Taking screenshot successfully
[[ATTACHMENT|D:\\Test\\AgileTest\\Reports\\HIC\\hic\\20200331_080032\\../Screenshots/iPhone 6/HIC/Pet/Pet/20200331_080716/9.png]]

2020-03-31 08:08:15 - [TEST_STEP][PASSED] - (internal.GlobalVariable.i++): null

2020-03-31 08:08:15 - [MESSAGE][PASSED] - Call Test Case 'Test Cases/AHI/_include/get_screenshot' successfully

2020-03-31 08:08:15 - [TEST_STEP][PASSED] - selenium.click("id=consent-checkbox-0"): null

2020-03-31 08:08:15 - [TEST_STEP][PASSED] - selenium.click("id=consent-checkbox-1"): null

2020-03-31 08:08:16 - [TEST_STEP][PASSED] - selenium.click("id=consent-checkbox-2"): null

2020-03-31 08:08:17 - [TEST_STEP][PASSED] - selenium.click("id=consent-checkbox-3"): null

2020-03-31 08:08:18 - [TEST_STEP][PASSED] - selenium.click("id=js-signature-tab"): null

2020-03-31 08:08:18 - [TEST_STEP][PASSED] - selenium.click("id=js-app-continue-link"): null

2020-03-31 08:08:19 - [TEST_STEP][PASSED] - for ([second = 0, second < 30, (second++)]): null

2020-03-31 08:08:19 - [TEST_STEP][PASSED] - try: null

2020-03-31 08:08:19 - [TEST_STEP][PASSED] - if (selenium.isElementPresent("xpath=//h2[contains(text(),'Thank You')]")): null

2020-03-31 08:08:19 - [TEST_STEP][PASSED] - Thread.sleep(1000): null

2020-03-31 08:08:20 - [TEST_STEP][PASSED] - try: null

2020-03-31 08:08:20 - [TEST_STEP][PASSED] - if (selenium.isElementPresent("xpath=//h2[contains(text(),'Thank You')]")): null

2020-03-31 08:08:20 - [TEST_STEP][PASSED] - Thread.sleep(1000): null

2020-03-31 08:08:21 - [TEST_STEP][PASSED] - try: null

2020-03-31 08:08:21 - [TEST_STEP][PASSED] - if (selenium.isElementPresent("xpath=//h2[contains(text(),'Thank You')]")): null

2020-03-31 08:08:21 - [TEST_STEP][PASSED] - Thread.sleep(1000): null

2020-03-31 08:08:22 - [TEST_STEP][PASSED] - try: null

2020-03-31 08:08:22 - [TEST_STEP][PASSED] - if (selenium.isElementPresent("xpath=//h2[contains(text(),'Thank You')]")): null

2020-03-31 08:08:22 - [TEST_STEP][PASSED] - Thread.sleep(1000): null

2020-03-31 08:08:23 - [TEST_STEP][PASSED] - try: null

2020-03-31 08:08:23 - [TEST_STEP][PASSED] - if (selenium.isElementPresent("xpath=//h2[contains(text(),'Thank You')]")): null

2020-03-31 08:08:23 - [TEST_STEP][PASSED] - Thread.sleep(1000): null

2020-03-31 08:08:24 - [TEST_STEP][PASSED] - try: null

2020-03-31 08:08:24 - [TEST_STEP][PASSED] - if (selenium.isElementPresent("xpath=//h2[contains(text(),'Thank You')]")): null

2020-03-31 08:08:24 - [TEST_STEP][PASSED] - Thread.sleep(1000): null

2020-03-31 08:08:25 - [TEST_STEP][PASSED] - try: null

2020-03-31 08:08:25 - [TEST_STEP][PASSED] - if (selenium.isElementPresent("xpath=//h2[contains(text(),'Thank You')]")): null

2020-03-31 08:08:25 - [TEST_STEP][PASSED] - Thread.sleep(1000): null

2020-03-31 08:08:26 - [TEST_STEP][PASSED] - try: null

2020-03-31 08:08:26 - [TEST_STEP][PASSED] - if (selenium.isElementPresent("xpath=//h2[contains(text(),'Thank You')]")): null

2020-03-31 08:08:26 - [TEST_STEP][PASSED] - Thread.sleep(1000): null

2020-03-31 08:08:27 - [TEST_STEP][PASSED] - try: null

2020-03-31 08:08:27 - [TEST_STEP][PASSED] - if (selenium.isElementPresent("xpath=//h2[contains(text(),'Thank You')]")): null

2020-03-31 08:08:27 - [TEST_STEP][PASSED] - Thread.sleep(1000): null

2020-03-31 08:08:28 - [TEST_STEP][PASSED] - try: null

2020-03-31 08:08:28 - [TEST_STEP][PASSED] - if (selenium.isElementPresent("xpath=//h2[contains(text(),'Thank You')]")): null

2020-03-31 08:08:28 - [TEST_STEP][PASSED] - Thread.sleep(1000): null

2020-03-31 08:08:29 - [TEST_STEP][PASSED] - try: null

2020-03-31 08:08:29 - [TEST_STEP][PASSED] - if (selenium.isElementPresent("xpath=//h2[contains(text(),'Thank You')]")): null

2020-03-31 08:08:29 - [TEST_STEP][PASSED] - Thread.sleep(1000): null

2020-03-31 08:08:31 - [TEST_STEP][PASSED] - try: null

2020-03-31 08:08:31 - [TEST_STEP][PASSED] - if (selenium.isElementPresent("xpath=//h2[contains(text(),'Thank You')]")): null

2020-03-31 08:08:31 - [TEST_STEP][PASSED] - Thread.sleep(1000): null

2020-03-31 08:08:32 - [TEST_STEP][PASSED] - try: null

2020-03-31 08:08:32 - [TEST_STEP][PASSED] - if (selenium.isElementPresent("xpath=//h2[contains(text(),'Thank You')]")): null

2020-03-31 08:08:32 - [TEST_STEP][PASSED] - Thread.sleep(1000): null

2020-03-31 08:08:33 - [TEST_STEP][PASSED] - try: null

2020-03-31 08:08:33 - [TEST_STEP][PASSED] - if (selenium.isElementPresent("xpath=//h2[contains(text(),'Thank You')]")): null

2020-03-31 08:08:33 - [TEST_STEP][PASSED] - Thread.sleep(1000): null

2020-03-31 08:08:34 - [TEST_STEP][PASSED] - try: null

2020-03-31 08:08:34 - [TEST_STEP][PASSED] - if (selenium.isElementPresent("xpath=//h2[contains(text(),'Thank You')]")): null

2020-03-31 08:08:35 - [TEST_STEP][PASSED] - Thread.sleep(1000): null

2020-03-31 08:08:36 - [TEST_STEP][PASSED] - try: null

2020-03-31 08:08:36 - [TEST_STEP][PASSED] - if (selenium.isElementPresent("xpath=//h2[contains(text(),'Thank You')]")): null

2020-03-31 08:08:37 - [TEST_STEP][PASSED] - Thread.sleep(1000): null

2020-03-31 08:08:38 - [TEST_STEP][PASSED] - try: null

2020-03-31 08:08:38 - [TEST_STEP][PASSED] - if (selenium.isElementPresent("xpath=//h2[contains(text(),'Thank You')]")): null

2020-03-31 08:08:38 - [TEST_STEP][PASSED] - Thread.sleep(1000): null

2020-03-31 08:08:39 - [TEST_STEP][PASSED] - try: null

2020-03-31 08:08:39 - [TEST_STEP][PASSED] - if (selenium.isElementPresent("xpath=//h2[contains(text(),'Thank You')]")): null

2020-03-31 08:08:39 - [TEST_STEP][PASSED] - Thread.sleep(1000): null

2020-03-31 08:08:40 - [TEST_STEP][PASSED] - try: null

2020-03-31 08:08:40 - [TEST_STEP][PASSED] - if (selenium.isElementPresent("xpath=//h2[contains(text(),'Thank You')]")): null

2020-03-31 08:08:40 - [TEST_STEP][PASSED] - Thread.sleep(1000): null

2020-03-31 08:08:41 - [TEST_STEP][PASSED] - try: null

2020-03-31 08:08:41 - [TEST_STEP][PASSED] - if (selenium.isElementPresent("xpath=//h2[contains(text(),'Thank You')]")): null

2020-03-31 08:08:41 - [TEST_STEP][PASSED] - Thread.sleep(1000): null

2020-03-31 08:08:42 - [TEST_STEP][PASSED] - try: null

2020-03-31 08:08:42 - [TEST_STEP][PASSED] - if (selenium.isElementPresent("xpath=//h2[contains(text(),'Thank You')]")): null

2020-03-31 08:08:42 - [TEST_STEP][PASSED] - Thread.sleep(1000): null

2020-03-31 08:08:43 - [TEST_STEP][PASSED] - try: null

2020-03-31 08:08:43 - [TEST_STEP][PASSED] - if (selenium.isElementPresent("xpath=//h2[contains(text(),'Thank You')]")): null

2020-03-31 08:08:43 - [TEST_STEP][PASSED] - Thread.sleep(1000): null

2020-03-31 08:08:44 - [TEST_STEP][PASSED] - try: null

2020-03-31 08:08:44 - [TEST_STEP][PASSED] - if (selenium.isElementPresent("xpath=//h2[contains(text(),'Thank You')]")): null

2020-03-31 08:08:44 - [TEST_STEP][PASSED] - Thread.sleep(1000): null

2020-03-31 08:08:45 - [TEST_STEP][PASSED] - try: null

2020-03-31 08:08:45 - [TEST_STEP][PASSED] - if (selenium.isElementPresent("xpath=//h2[contains(text(),'Thank You')]")): null

2020-03-31 08:08:45 - [TEST_STEP][PASSED] - Thread.sleep(1000): null

2020-03-31 08:08:46 - [TEST_STEP][PASSED] - try: null

2020-03-31 08:08:46 - [TEST_STEP][PASSED] - if (selenium.isElementPresent("xpath=//h2[contains(text(),'Thank You')]")): null

2020-03-31 08:08:46 - [TEST_STEP][PASSED] - Thread.sleep(1000): null

2020-03-31 08:08:47 - [TEST_STEP][PASSED] - try: null

2020-03-31 08:08:47 - [TEST_STEP][PASSED] - if (selenium.isElementPresent("xpath=//h2[contains(text(),'Thank You')]")): null

2020-03-31 08:08:47 - [TEST_STEP][PASSED] - Thread.sleep(1000): null

2020-03-31 08:08:48 - [TEST_STEP][PASSED] - try: null

2020-03-31 08:08:48 - [TEST_STEP][PASSED] - if (selenium.isElementPresent("xpath=//h2[contains(text(),'Thank You')]")): null

2020-03-31 08:08:48 - [TEST_STEP][PASSED] - Thread.sleep(1000): null

2020-03-31 08:08:49 - [TEST_STEP][PASSED] - try: null

2020-03-31 08:08:49 - [TEST_STEP][PASSED] - if (selenium.isElementPresent("xpath=//h2[contains(text(),'Thank You')]")): null

2020-03-31 08:08:49 - [TEST_STEP][PASSED] - Thread.sleep(1000): null

2020-03-31 08:08:50 - [TEST_STEP][PASSED] - try: null

2020-03-31 08:08:50 - [TEST_STEP][PASSED] - if (selenium.isElementPresent("xpath=//h2[contains(text(),'Thank You')]")): null

2020-03-31 08:08:50 - [TEST_STEP][PASSED] - Thread.sleep(1000): null

2020-03-31 08:08:51 - [TEST_STEP][PASSED] - try: null

2020-03-31 08:08:51 - [TEST_STEP][PASSED] - if (selenium.isElementPresent("xpath=//h2[contains(text(),'Thank You')]")): null

2020-03-31 08:08:51 - [TEST_STEP][PASSED] - Thread.sleep(1000): null

2020-03-31 08:08:52 - [TEST_STEP][PASSED] - callTestCase(findTestCase("AHI/_include/get_screenshot"), [:], STOP_ON_FAILURE): Call Test Case 'Test Cases/AHI/_include/get_screenshot' successfully

2020-03-31 08:08:52 - [TEST_CASE][PASSED] - Test Cases/AHI/_include/get_screenshot: Test Cases/AHI/_include/get_screenshot

2020-03-31 08:08:52 - [TEST_STEP][PASSED] - Thread.sleep(1000): null

2020-03-31 08:08:53 - [TEST_STEP][PASSED] - takeScreenshot(screenPath + i + ".png"): Taking screenshot successfully

2020-03-31 08:08:54 - [MESSAGE][PASSED] - Taking screenshot successfully
[[ATTACHMENT|D:\\Test\\AgileTest\\Reports\\HIC\\hic\\20200331_080032\\../Screenshots/iPhone 6/HIC/Pet/Pet/20200331_080716/10.png]]

2020-03-31 08:08:54 - [TEST_STEP][PASSED] - (internal.GlobalVariable.i++): null

2020-03-31 08:08:54 - [MESSAGE][PASSED] - Call Test Case 'Test Cases/AHI/_include/get_screenshot' successfully]]></system-out>
         <system-err><![CDATA[]]></system-err>
      </testcase>
      <testcase name="Test Cases/HIC/New/STM" classname="Test Cases/HIC/New/STM" status="PASSED">
         <system-out><![CDATA[2020-03-31 08:08:54 - [TEST_CASE][PASSED] - Test Cases/HIC/New/STM: Test Cases/HIC/New/STM

2020-03-31 08:08:54 - [TEST_STEP][PASSED] - callTestCase(findTestCase("HIC/_include/get_hicScreenPath"), ["project":"HIC", "productLine":"STM", "carrierName":"STM"], CONTINUE_ON_FAILURE): Call Test Case 'Test Cases/HIC/_include/get_hicScreenPath' successfully

2020-03-31 08:08:54 - [TEST_CASE][PASSED] - Test Cases/HIC/_include/get_hicScreenPath: Test Cases/HIC/_include/get_hicScreenPath

2020-03-31 08:08:54 - [TEST_STEP][PASSED] - m = getExecutionProperties(): null

2020-03-31 08:08:54 - [TEST_STEP][PASSED] - deviceName = get("mobileEmulation").get("deviceName"): null

2020-03-31 08:08:54 - [TEST_STEP][PASSED] - println(deviceName): null

2020-03-31 08:08:54 - [TEST_STEP][PASSED] - now = new java.util.Date(): null

2020-03-31 08:08:54 - [TEST_STEP][PASSED] - mydate = now.format("yyyyMMdd_HHmmss"): null

2020-03-31 08:08:54 - [TEST_STEP][PASSED] - screenPath = "../Screenshots/": null

2020-03-31 08:08:54 - [TEST_STEP][PASSED] - screenPath = screenPath + deviceName + "/" + project + "/" + productLine + "/" + carrierName + "/" + mydate + "/": null

2020-03-31 08:08:54 - [TEST_STEP][PASSED] - println(screenPath): null

2020-03-31 08:08:54 - [MESSAGE][PASSED] - Call Test Case 'Test Cases/HIC/_include/get_hicScreenPath' successfully

2020-03-31 08:08:54 - [TEST_STEP][PASSED] - i = 0: null

2020-03-31 08:08:54 - [TEST_STEP][PASSED] - callTestCase(findTestCase("AHI/_include/openWebSite"), ["env":env], CONTINUE_ON_FAILURE): Call Test Case 'Test Cases/AHI/_include/openWebSite' successfully

2020-03-31 08:08:54 - [TEST_CASE][PASSED] - Test Cases/AHI/_include/openWebSite: Test Cases/AHI/_include/openWebSite

2020-03-31 08:08:54 - [TEST_STEP][PASSED] - openBrowser(env): Browser is opened with url: 'https://qa.healthinsurance.com'

2020-03-31 08:08:54 - [MESSAGE][WARNING] - A browser is already opened. Closing browser and opening a new one

2020-03-31 08:08:55 - [MESSAGE][INFO] - Starting 'Chrome' driver

2020-03-31 08:08:55 - [MESSAGE][INFO] - User set preference: ['mobileEmulation', '{deviceName=iPhone 6}']

2020-03-31 08:08:55 - [MESSAGE][INFO] - User set preference: ['args', '[--incognito, --aggressive-cache-discard, --window-size=375,677, --no-sandbox, --ignore-certificate-errors]']

2020-03-31 08:09:02 - [MESSAGE][PASSED] - Browser is opened with url: 'https://qa.healthinsurance.com'

2020-03-31 08:09:02 - [TEST_STEP][PASSED] - waitForPageLoad(20): Wait for page load successfully

2020-03-31 08:09:02 - [MESSAGE][PASSED] - Wait for page load successfully

2020-03-31 08:09:02 - [TEST_STEP][PASSED] - callTestCase(findTestCase("AHI/_include/get_screenshot"), [:], STOP_ON_FAILURE): Call Test Case 'Test Cases/AHI/_include/get_screenshot' successfully

2020-03-31 08:09:02 - [TEST_CASE][PASSED] - Test Cases/AHI/_include/get_screenshot: Test Cases/AHI/_include/get_screenshot

2020-03-31 08:09:02 - [TEST_STEP][PASSED] - Thread.sleep(1000): null

2020-03-31 08:09:03 - [TEST_STEP][PASSED] - takeScreenshot(screenPath + i + ".png"): Taking screenshot successfully

2020-03-31 08:09:03 - [MESSAGE][PASSED] - Taking screenshot successfully
[[ATTACHMENT|D:\\Test\\AgileTest\\Reports\\HIC\\hic\\20200331_080032\\../Screenshots/iPhone 6/HIC/STM/STM/20200331_080854/0.png]]

2020-03-31 08:09:03 - [TEST_STEP][PASSED] - (internal.GlobalVariable.i++): null

2020-03-31 08:09:03 - [MESSAGE][PASSED] - Call Test Case 'Test Cases/AHI/_include/get_screenshot' successfully

2020-03-31 08:09:03 - [MESSAGE][PASSED] - Call Test Case 'Test Cases/AHI/_include/openWebSite' successfully

2020-03-31 08:09:03 - [TEST_STEP][PASSED] - driver = getWebDriver(): null

2020-03-31 08:09:03 - [TEST_STEP][PASSED] - baseUrl = env: null

2020-03-31 08:09:03 - [TEST_STEP][PASSED] - selenium = new com.thoughtworks.selenium.webdriven.WebDriverBackedSelenium(driver, baseUrl): null

2020-03-31 08:09:04 - [TEST_STEP][PASSED] - selenium.click("//span[@class='navbar-toggler-icon']"): null

2020-03-31 08:09:04 - [TEST_STEP][PASSED] - selenium.click("//a[@class='dropdown-toggle nav-link']"): null

2020-03-31 08:09:04 - [TEST_STEP][PASSED] - selenium.click("//a[contains(text(),'Short Term Insurance')]"): null

2020-03-31 08:09:05 - [TEST_STEP][PASSED] - for ([second = 0, second < 10, (second++)]): null

2020-03-31 08:09:05 - [TEST_STEP][PASSED] - try: null

2020-03-31 08:09:05 - [TEST_STEP][PASSED] - if (selenium.isElementPresent("xpath=//button[contains(text(),'GET QUOTES')]")): null

2020-03-31 08:09:05 - [TEST_STEP][PASSED] - break: null

2020-03-31 08:09:05 - [TEST_STEP][PASSED] - callTestCase(findTestCase("AHI/_include/get_screenshot"), [:], STOP_ON_FAILURE): Call Test Case 'Test Cases/AHI/_include/get_screenshot' successfully

2020-03-31 08:09:05 - [TEST_CASE][PASSED] - Test Cases/AHI/_include/get_screenshot: Test Cases/AHI/_include/get_screenshot

2020-03-31 08:09:05 - [TEST_STEP][PASSED] - Thread.sleep(1000): null

2020-03-31 08:09:06 - [TEST_STEP][PASSED] - takeScreenshot(screenPath + i + ".png"): Taking screenshot successfully

2020-03-31 08:09:07 - [MESSAGE][PASSED] - Taking screenshot successfully
[[ATTACHMENT|D:\\Test\\AgileTest\\Reports\\HIC\\hic\\20200331_080032\\../Screenshots/iPhone 6/HIC/STM/STM/20200331_080854/1.png]]

2020-03-31 08:09:07 - [TEST_STEP][PASSED] - (internal.GlobalVariable.i++): null

2020-03-31 08:09:07 - [MESSAGE][PASSED] - Call Test Case 'Test Cases/AHI/_include/get_screenshot' successfully

2020-03-31 08:09:07 - [TEST_STEP][PASSED] - selenium.click("xpath=//button[contains(text(),'GET QUOTES')]"): null

2020-03-31 08:09:07 - [TEST_STEP][PASSED] - Thread.sleep(3000): null

2020-03-31 08:09:10 - [TEST_STEP][PASSED] - selenium.selectWindow("HealthInsurance.net | Get a Quote"): null

2020-03-31 08:09:15 - [TEST_STEP][PASSED] - Thread.sleep(3000): null

2020-03-31 08:09:18 - [TEST_STEP][PASSED] - callTestCase(findTestCase("AHI/_include/get_screenshot"), [:], STOP_ON_FAILURE): Call Test Case 'Test Cases/AHI/_include/get_screenshot' successfully

2020-03-31 08:09:18 - [TEST_CASE][PASSED] - Test Cases/AHI/_include/get_screenshot: Test Cases/AHI/_include/get_screenshot

2020-03-31 08:09:18 - [TEST_STEP][PASSED] - Thread.sleep(1000): null

2020-03-31 08:09:19 - [TEST_STEP][PASSED] - takeScreenshot(screenPath + i + ".png"): Taking screenshot successfully

2020-03-31 08:09:20 - [MESSAGE][PASSED] - Taking screenshot successfully
[[ATTACHMENT|D:\\Test\\AgileTest\\Reports\\HIC\\hic\\20200331_080032\\../Screenshots/iPhone 6/HIC/STM/STM/20200331_080854/2.png]]

2020-03-31 08:09:20 - [TEST_STEP][PASSED] - (internal.GlobalVariable.i++): null

2020-03-31 08:09:20 - [MESSAGE][PASSED] - Call Test Case 'Test Cases/AHI/_include/get_screenshot' successfully]]></system-out>
         <system-err><![CDATA[]]></system-err>
      </testcase>
      <testcase name="Test Cases/HIC/New/Teladoc" classname="Test Cases/HIC/New/Teladoc" status="PASSED">
         <system-out><![CDATA[2020-03-31 08:09:20 - [TEST_CASE][PASSED] - Test Cases/HIC/New/Teladoc: Test Cases/HIC/New/Teladoc

2020-03-31 08:09:20 - [TEST_STEP][PASSED] - callTestCase(findTestCase("HIC/_include/get_hicScreenPath"), ["project":"HIC", "productLine":"Teladoc", "carrierName":"Teladoc"], CONTINUE_ON_FAILURE): Call Test Case 'Test Cases/HIC/_include/get_hicScreenPath' successfully

2020-03-31 08:09:20 - [TEST_CASE][PASSED] - Test Cases/HIC/_include/get_hicScreenPath: Test Cases/HIC/_include/get_hicScreenPath

2020-03-31 08:09:20 - [TEST_STEP][PASSED] - m = getExecutionProperties(): null

2020-03-31 08:09:20 - [TEST_STEP][PASSED] - deviceName = get("mobileEmulation").get("deviceName"): null

2020-03-31 08:09:20 - [TEST_STEP][PASSED] - println(deviceName): null

2020-03-31 08:09:20 - [TEST_STEP][PASSED] - now = new java.util.Date(): null

2020-03-31 08:09:20 - [TEST_STEP][PASSED] - mydate = now.format("yyyyMMdd_HHmmss"): null

2020-03-31 08:09:20 - [TEST_STEP][PASSED] - screenPath = "../Screenshots/": null

2020-03-31 08:09:20 - [TEST_STEP][PASSED] - screenPath = screenPath + deviceName + "/" + project + "/" + productLine + "/" + carrierName + "/" + mydate + "/": null

2020-03-31 08:09:20 - [TEST_STEP][PASSED] - println(screenPath): null

2020-03-31 08:09:20 - [MESSAGE][PASSED] - Call Test Case 'Test Cases/HIC/_include/get_hicScreenPath' successfully

2020-03-31 08:09:20 - [TEST_STEP][PASSED] - i = 0: null

2020-03-31 08:09:20 - [TEST_STEP][PASSED] - callTestCase(findTestCase("AHI/_include/openWebSite"), ["env":env], CONTINUE_ON_FAILURE): Call Test Case 'Test Cases/AHI/_include/openWebSite' successfully

2020-03-31 08:09:20 - [TEST_CASE][PASSED] - Test Cases/AHI/_include/openWebSite: Test Cases/AHI/_include/openWebSite

2020-03-31 08:09:20 - [TEST_STEP][PASSED] - openBrowser(env): Browser is opened with url: 'https://qa.healthinsurance.com'

2020-03-31 08:09:20 - [MESSAGE][WARNING] - A browser is already opened. Closing browser and opening a new one

2020-03-31 08:09:21 - [MESSAGE][INFO] - Starting 'Chrome' driver

2020-03-31 08:09:21 - [MESSAGE][INFO] - User set preference: ['mobileEmulation', '{deviceName=iPhone 6}']

2020-03-31 08:09:21 - [MESSAGE][INFO] - User set preference: ['args', '[--incognito, --aggressive-cache-discard, --window-size=375,677, --no-sandbox, --ignore-certificate-errors]']

2020-03-31 08:09:25 - [MESSAGE][PASSED] - Browser is opened with url: 'https://qa.healthinsurance.com'

2020-03-31 08:09:25 - [TEST_STEP][PASSED] - waitForPageLoad(20): Wait for page load successfully

2020-03-31 08:09:25 - [MESSAGE][PASSED] - Wait for page load successfully

2020-03-31 08:09:25 - [TEST_STEP][PASSED] - callTestCase(findTestCase("AHI/_include/get_screenshot"), [:], STOP_ON_FAILURE): Call Test Case 'Test Cases/AHI/_include/get_screenshot' successfully

2020-03-31 08:09:26 - [TEST_CASE][PASSED] - Test Cases/AHI/_include/get_screenshot: Test Cases/AHI/_include/get_screenshot

2020-03-31 08:09:26 - [TEST_STEP][PASSED] - Thread.sleep(1000): null

2020-03-31 08:09:27 - [TEST_STEP][PASSED] - takeScreenshot(screenPath + i + ".png"): Taking screenshot successfully

2020-03-31 08:09:28 - [MESSAGE][PASSED] - Taking screenshot successfully
[[ATTACHMENT|D:\\Test\\AgileTest\\Reports\\HIC\\hic\\20200331_080032\\../Screenshots/iPhone 6/HIC/Teladoc/Teladoc/20200331_080920/0.png]]

2020-03-31 08:09:28 - [TEST_STEP][PASSED] - (internal.GlobalVariable.i++): null

2020-03-31 08:09:28 - [MESSAGE][PASSED] - Call Test Case 'Test Cases/AHI/_include/get_screenshot' successfully

2020-03-31 08:09:28 - [MESSAGE][PASSED] - Call Test Case 'Test Cases/AHI/_include/openWebSite' successfully

2020-03-31 08:09:28 - [TEST_STEP][PASSED] - driver = getWebDriver(): null

2020-03-31 08:09:28 - [TEST_STEP][PASSED] - baseUrl = env: null

2020-03-31 08:09:29 - [TEST_STEP][PASSED] - selenium = new com.thoughtworks.selenium.webdriven.WebDriverBackedSelenium(driver, baseUrl): null

2020-03-31 08:09:29 - [TEST_STEP][PASSED] - selenium.click("//span[@class='navbar-toggler-icon']"): null

2020-03-31 08:09:29 - [TEST_STEP][PASSED] - selenium.click("//a[@class='dropdown-toggle nav-link']"): null

2020-03-31 08:09:29 - [TEST_STEP][PASSED] - selenium.click("//a[contains(text(),'Telemedicine')]"): null

2020-03-31 08:09:30 - [TEST_STEP][PASSED] - for ([second = 0, second < 10, (second++)]): null

2020-03-31 08:09:30 - [TEST_STEP][PASSED] - try: null

2020-03-31 08:09:30 - [TEST_STEP][PASSED] - if (selenium.isElementPresent("id=zip")): null

2020-03-31 08:09:30 - [TEST_STEP][PASSED] - break: null

2020-03-31 08:09:30 - [TEST_STEP][PASSED] - callTestCase(findTestCase("AHI/_include/get_screenshot"), [:], STOP_ON_FAILURE): Call Test Case 'Test Cases/AHI/_include/get_screenshot' successfully

2020-03-31 08:09:30 - [TEST_CASE][PASSED] - Test Cases/AHI/_include/get_screenshot: Test Cases/AHI/_include/get_screenshot

2020-03-31 08:09:30 - [TEST_STEP][PASSED] - Thread.sleep(1000): null

2020-03-31 08:09:31 - [TEST_STEP][PASSED] - takeScreenshot(screenPath + i + ".png"): Taking screenshot successfully

2020-03-31 08:09:32 - [MESSAGE][PASSED] - Taking screenshot successfully
[[ATTACHMENT|D:\\Test\\AgileTest\\Reports\\HIC\\hic\\20200331_080032\\../Screenshots/iPhone 6/HIC/Teladoc/Teladoc/20200331_080920/1.png]]

2020-03-31 08:09:32 - [TEST_STEP][PASSED] - (internal.GlobalVariable.i++): null

2020-03-31 08:09:32 - [MESSAGE][PASSED] - Call Test Case 'Test Cases/AHI/_include/get_screenshot' successfully

2020-03-31 08:09:32 - [TEST_STEP][PASSED] - Thread.sleep(2000): null

2020-03-31 08:09:34 - [TEST_STEP][PASSED] - setText(findTestObject("hic/stm/census/zip"), "33186"): Text '33186' is set on object 'Object Repository/hic/stm/census/zip'

2020-03-31 08:09:34 - [MESSAGE][PASSED] - Text '33186' is set on object 'Object Repository/hic/stm/census/zip'

2020-03-31 08:09:34 - [TEST_STEP][PASSED] - Thread.sleep(500): null

2020-03-31 08:09:35 - [TEST_STEP][PASSED] - setText(findTestObject("hic/stm/census/primaryDOB"), "03031987"): Text '03031987' is set on object 'Object Repository/hic/stm/census/primaryDOB'

2020-03-31 08:09:35 - [MESSAGE][PASSED] - Text '03031987' is set on object 'Object Repository/hic/stm/census/primaryDOB'

2020-03-31 08:09:35 - [TEST_STEP][PASSED] - click(findTestObject("hic/stm/census/female")): Object: 'Object Repository/hic/stm/census/female' is clicked on

2020-03-31 08:09:35 - [MESSAGE][PASSED] - Object: 'Object Repository/hic/stm/census/female' is clicked on

2020-03-31 08:09:35 - [TEST_STEP][PASSED] - Thread.sleep(3000): null

2020-03-31 08:09:38 - [TEST_STEP][PASSED] - click(findTestObject("hic/teladoc/seePlans")): Object: 'Object Repository/hic/teladoc/seePlans' is clicked on

2020-03-31 08:09:39 - [MESSAGE][PASSED] - Object: 'Object Repository/hic/teladoc/seePlans' is clicked on

2020-03-31 08:09:39 - [TEST_STEP][PASSED] - Thread.sleep(6000): null

2020-03-31 08:09:45 - [TEST_STEP][PASSED] - callTestCase(findTestCase("AHI/_include/get_screenshot"), [:], STOP_ON_FAILURE): Call Test Case 'Test Cases/AHI/_include/get_screenshot' successfully

2020-03-31 08:09:46 - [TEST_CASE][PASSED] - Test Cases/AHI/_include/get_screenshot: Test Cases/AHI/_include/get_screenshot

2020-03-31 08:09:46 - [TEST_STEP][PASSED] - Thread.sleep(1000): null

2020-03-31 08:09:47 - [TEST_STEP][PASSED] - takeScreenshot(screenPath + i + ".png"): Taking screenshot successfully

2020-03-31 08:09:47 - [MESSAGE][PASSED] - Taking screenshot successfully
[[ATTACHMENT|D:\\Test\\AgileTest\\Reports\\HIC\\hic\\20200331_080032\\../Screenshots/iPhone 6/HIC/Teladoc/Teladoc/20200331_080920/2.png]]

2020-03-31 08:09:47 - [TEST_STEP][PASSED] - (internal.GlobalVariable.i++): null

2020-03-31 08:09:47 - [MESSAGE][PASSED] - Call Test Case 'Test Cases/AHI/_include/get_screenshot' successfully

2020-03-31 08:09:47 - [TEST_STEP][PASSED] - Thread.sleep(1000): null

2020-03-31 08:09:48 - [TEST_STEP][PASSED] - waitForPageLoad(20): Wait for page load successfully

2020-03-31 08:09:48 - [MESSAGE][PASSED] - Wait for page load successfully

2020-03-31 08:09:48 - [TEST_STEP][PASSED] - waitForElementVisible(findTestObject("mobileSanity/Teladoc/apply_button"), 20): Object 'Object Repository/mobileSanity/Teladoc/apply_button' is visible

2020-03-31 08:09:48 - [MESSAGE][PASSED] - Object 'Object Repository/mobileSanity/Teladoc/apply_button' is visible

2020-03-31 08:09:48 - [TEST_STEP][PASSED] - callTestCase(findTestCase("AHI/_include/get_screenshot"), [:], STOP_ON_FAILURE): Call Test Case 'Test Cases/AHI/_include/get_screenshot' successfully

2020-03-31 08:09:48 - [TEST_CASE][PASSED] - Test Cases/AHI/_include/get_screenshot: Test Cases/AHI/_include/get_screenshot

2020-03-31 08:09:48 - [TEST_STEP][PASSED] - Thread.sleep(1000): null

2020-03-31 08:09:49 - [TEST_STEP][PASSED] - takeScreenshot(screenPath + i + ".png"): Taking screenshot successfully

2020-03-31 08:09:50 - [MESSAGE][PASSED] - Taking screenshot successfully
[[ATTACHMENT|D:\\Test\\AgileTest\\Reports\\HIC\\hic\\20200331_080032\\../Screenshots/iPhone 6/HIC/Teladoc/Teladoc/20200331_080920/3.png]]

2020-03-31 08:09:50 - [TEST_STEP][PASSED] - (internal.GlobalVariable.i++): null

2020-03-31 08:09:50 - [MESSAGE][PASSED] - Call Test Case 'Test Cases/AHI/_include/get_screenshot' successfully

2020-03-31 08:09:50 - [TEST_STEP][PASSED] - click(findTestObject("mobileSanity/Teladoc/apply_button")): Object: 'Object Repository/mobileSanity/Teladoc/apply_button' is clicked on

2020-03-31 08:09:50 - [MESSAGE][PASSED] - Object: 'Object Repository/mobileSanity/Teladoc/apply_button' is clicked on

2020-03-31 08:09:50 - [TEST_STEP][PASSED] - waitForPageLoad(20): Wait for page load successfully

2020-03-31 08:09:52 - [MESSAGE][PASSED] - Wait for page load successfully

2020-03-31 08:09:52 - [TEST_STEP][PASSED] - waitForElementPresent(findTestObject("mobileSanity/Teladoc/Page_App Page 1/input__member-P-1-firstName"), 20): Object 'Object Repository/mobileSanity/Teladoc/Page_App Page 1/input__member-P-1-firstName' is present

2020-03-31 08:09:52 - [MESSAGE][PASSED] - Object 'Object Repository/mobileSanity/Teladoc/Page_App Page 1/input__member-P-1-firstName' is present

2020-03-31 08:09:52 - [TEST_STEP][PASSED] - callTestCase(findTestCase("AHI/_include/get_screenshot"), [:], STOP_ON_FAILURE): Call Test Case 'Test Cases/AHI/_include/get_screenshot' successfully

2020-03-31 08:09:52 - [TEST_CASE][PASSED] - Test Cases/AHI/_include/get_screenshot: Test Cases/AHI/_include/get_screenshot

2020-03-31 08:09:52 - [TEST_STEP][PASSED] - Thread.sleep(1000): null

2020-03-31 08:09:53 - [TEST_STEP][PASSED] - takeScreenshot(screenPath + i + ".png"): Taking screenshot successfully

2020-03-31 08:09:53 - [MESSAGE][PASSED] - Taking screenshot successfully
[[ATTACHMENT|D:\\Test\\AgileTest\\Reports\\HIC\\hic\\20200331_080032\\../Screenshots/iPhone 6/HIC/Teladoc/Teladoc/20200331_080920/4.png]]

2020-03-31 08:09:53 - [TEST_STEP][PASSED] - (internal.GlobalVariable.i++): null

2020-03-31 08:09:53 - [MESSAGE][PASSED] - Call Test Case 'Test Cases/AHI/_include/get_screenshot' successfully

2020-03-31 08:09:53 - [TEST_STEP][PASSED] - callTestCase(findTestCase("AHI/_include/name"), [:], STOP_ON_FAILURE): Call Test Case 'Test Cases/AHI/_include/name' successfully

2020-03-31 08:09:54 - [TEST_CASE][PASSED] - Test Cases/AHI/_include/name: Test Cases/AHI/_include/name

2020-03-31 08:09:54 - [TEST_STEP][PASSED] - driver = getWebDriver(): null

2020-03-31 08:09:54 - [TEST_STEP][PASSED] - selenium = new com.thoughtworks.selenium.webdriven.WebDriverBackedSelenium(driver, internal.GlobalVariable.ENV): null

2020-03-31 08:09:54 - [TEST_STEP][PASSED] - FirstName = "Test-123": null

2020-03-31 08:09:54 - [TEST_STEP][PASSED] - LastName = selenium.getEval("{var x="ABCDEFGHIJKLMNOPQRSTUVWXYZabcdefghijklmnopqrstuvwxyz"; var tmp="ZZ11-"; for (i=0;i<8;i++) tmp+=x.charAt(Math.ceil(51*Math.random()));tmp;}"): null

2020-03-31 08:09:54 - [TEST_STEP][PASSED] - Address = selenium.getEval("{var x="ABCDEFGHIJKLMNOPQRSTUVWXYZabcdefghijklmnopqrstuvwxyz"; var tmp=""; for (i=0;i<8;i++) tmp+=x.charAt(Math.ceil(51*Math.random()));tmp;}"): null

2020-03-31 08:09:54 - [TEST_STEP][PASSED] - City = selenium.getEval("{var x="ABCDEFGHIJKLMNOPQRSTUVWXYZabcdefghijklmnopqrstuvwxyz"; var tmp=""; for (i=0;i<8;i++) tmp+=x.charAt(Math.ceil(51*Math.random()));tmp;}"): null

2020-03-31 08:09:54 - [TEST_STEP][PASSED] - tel1 = selenium.getEval("{var x="123456789"; var tmp=""; for (i=0;i<3;i++) tmp+=x.charAt(Math.ceil(8*Math.random()));tmp;}"): null

2020-03-31 08:09:54 - [TEST_STEP][PASSED] - tel2 = selenium.getEval("{var x="123456789"; var tmp=""; for (i=0;i<3;i++) tmp+=x.charAt(Math.ceil(8*Math.random()));tmp;}"): null

2020-03-31 08:09:54 - [TEST_STEP][PASSED] - tel3 = selenium.getEval("{var x="123456789"; var tmp=""; for (i=0;i<4;i++) tmp+=x.charAt(Math.ceil(8*Math.random()));tmp;}"): null

2020-03-31 08:09:54 - [TEST_STEP][PASSED] - Tel = selenium.getExpression(tel1 + "-" + tel2 + "-" + tel3): null

2020-03-31 08:09:54 - [TEST_STEP][PASSED] - AutoEmail = selenium.getEval("{var x="ABCDEFGHIJKLMNOPQRSTUVWXYZabcdefghijklmnopqrstuvwxyz"; var tmp="test."; for (i=0;i<8;i++) tmp+=x.charAt(Math.ceil(51*Math.random()));tmp+="@suryani.cn";}"): null

2020-03-31 08:09:54 - [TEST_STEP][PASSED] - FirstName = FirstName: null

2020-03-31 08:09:54 - [TEST_STEP][PASSED] - LastName = LastName: null

2020-03-31 08:09:54 - [TEST_STEP][PASSED] - Address = Address: null

2020-03-31 08:09:54 - [TEST_STEP][PASSED] - City = City: null

2020-03-31 08:09:54 - [TEST_STEP][PASSED] - Tel = Tel: null

2020-03-31 08:09:54 - [TEST_STEP][PASSED] - AutoEmail = AutoEmail: null

2020-03-31 08:09:54 - [TEST_STEP][PASSED] - println(FirstName): null

2020-03-31 08:09:54 - [TEST_STEP][PASSED] - println(LastName): null

2020-03-31 08:09:54 - [TEST_STEP][PASSED] - println(Address): null

2020-03-31 08:09:54 - [TEST_STEP][PASSED] - println(City): null

2020-03-31 08:09:54 - [TEST_STEP][PASSED] - println(Tel): null

2020-03-31 08:09:54 - [TEST_STEP][PASSED] - println(AutoEmail): null

2020-03-31 08:09:54 - [MESSAGE][PASSED] - Call Test Case 'Test Cases/AHI/_include/name' successfully

2020-03-31 08:09:54 - [TEST_STEP][PASSED] - setText(findTestObject("mobileSanity/Teladoc/Page_App Page 1/input__member-P-1-firstName"), FirstName): Text 'Test-123' is set on object 'Object Repository/mobileSanity/Teladoc/Page_App Page 1/input__member-P-1-firstName'

2020-03-31 08:09:54 - [MESSAGE][PASSED] - Text 'Test-123' is set on object 'Object Repository/mobileSanity/Teladoc/Page_App Page 1/input__member-P-1-firstName'

2020-03-31 08:09:54 - [TEST_STEP][PASSED] - setText(findTestObject("mobileSanity/Teladoc/Page_App Page 1/input__member-P-1-lastName"), LastName): Text 'ZZ11-wLDsLiRp' is set on object 'Object Repository/mobileSanity/Teladoc/Page_App Page 1/input__member-P-1-lastName'

2020-03-31 08:09:55 - [MESSAGE][PASSED] - Text 'ZZ11-wLDsLiRp' is set on object 'Object Repository/mobileSanity/Teladoc/Page_App Page 1/input__member-P-1-lastName'

2020-03-31 08:09:55 - [TEST_STEP][PASSED] - selectOptionByValue(findTestObject("mobileSanity/Teladoc/Page_App Page 1/select_01020304050607"), "05", true): All options with value '05' are selected in object 'Object Repository/mobileSanity/Teladoc/Page_App Page 1/select_01020304050607'  using regular expression

2020-03-31 08:09:55 - [MESSAGE][PASSED] - All options with value '05' are selected in object 'Object Repository/mobileSanity/Teladoc/Page_App Page 1/select_01020304050607'  using regular expression

2020-03-31 08:09:55 - [TEST_STEP][PASSED] - selectOptionByValue(findTestObject("mobileSanity/Teladoc/Page_App Page 1/select_00102030405060708091011"), "06", true): All options with value '06' are selected in object 'Object Repository/mobileSanity/Teladoc/Page_App Page 1/select_00102030405060708091011'  using regular expression

2020-03-31 08:09:57 - [MESSAGE][PASSED] - All options with value '06' are selected in object 'Object Repository/mobileSanity/Teladoc/Page_App Page 1/select_00102030405060708091011'  using regular expression

2020-03-31 08:09:57 - [TEST_STEP][PASSED] - setText(findTestObject("mobileSanity/Teladoc/Page_App Page 1/input_lbs"), "180"): Text '180' is set on object 'Object Repository/mobileSanity/Teladoc/Page_App Page 1/input_lbs'

2020-03-31 08:09:57 - [MESSAGE][PASSED] - Text '180' is set on object 'Object Repository/mobileSanity/Teladoc/Page_App Page 1/input_lbs'

2020-03-31 08:09:57 - [TEST_STEP][PASSED] - setText(findTestObject("mobileSanity/Teladoc/Page_App Page 1/input__address"), Address): Text 'xzOvOffw' is set on object 'Object Repository/mobileSanity/Teladoc/Page_App Page 1/input__address'

2020-03-31 08:09:58 - [MESSAGE][PASSED] - Text 'xzOvOffw' is set on object 'Object Repository/mobileSanity/Teladoc/Page_App Page 1/input__address'

2020-03-31 08:09:58 - [TEST_STEP][PASSED] - setText(findTestObject("mobileSanity/Teladoc/Page_App Page 1/input__city"), City): Text 'RHTWLjLB' is set on object 'Object Repository/mobileSanity/Teladoc/Page_App Page 1/input__city'

2020-03-31 08:09:59 - [MESSAGE][PASSED] - Text 'RHTWLjLB' is set on object 'Object Repository/mobileSanity/Teladoc/Page_App Page 1/input__city'

2020-03-31 08:09:59 - [TEST_STEP][PASSED] - setText(findTestObject("mobileSanity/Teladoc/Page_App Page 1/input__email"), AutoEmail): Text 'test.IkjmDwRU@suryani.cn' is set on object 'Object Repository/mobileSanity/Teladoc/Page_App Page 1/input__email'

2020-03-31 08:09:59 - [MESSAGE][PASSED] - Text 'test.IkjmDwRU@suryani.cn' is set on object 'Object Repository/mobileSanity/Teladoc/Page_App Page 1/input__email'

2020-03-31 08:09:59 - [TEST_STEP][PASSED] - setText(findTestObject("mobileSanity/Teladoc/Page_App Page 1/input_phone number"), Tel): Text '243-534-2562' is set on object 'Object Repository/mobileSanity/Teladoc/Page_App Page 1/input_phone number'

2020-03-31 08:10:01 - [MESSAGE][PASSED] - Text '243-534-2562' is set on object 'Object Repository/mobileSanity/Teladoc/Page_App Page 1/input_phone number'

2020-03-31 08:10:01 - [TEST_STEP][PASSED] - Thread.sleep(2000): null

2020-03-31 08:10:03 - [TEST_STEP][PASSED] - scrollToElement(findTestObject("mobileSanity/Teladoc/Page_App Page 1/a_Continue to Step 2 - Payment"), 10): Scroll to object 'Object Repository/mobileSanity/Teladoc/Page_App Page 1/a_Continue to Step 2 - Payment' successfully

2020-03-31 08:10:03 - [MESSAGE][PASSED] - Scroll to object 'Object Repository/mobileSanity/Teladoc/Page_App Page 1/a_Continue to Step 2 - Payment' successfully

2020-03-31 08:10:03 - [TEST_STEP][PASSED] - click(findTestObject("mobileSanity/Teladoc/Page_App Page 1/a_Continue to Step 2 - Payment")): Object: 'Object Repository/mobileSanity/Teladoc/Page_App Page 1/a_Continue to Step 2 - Payment' is clicked on

2020-03-31 08:10:04 - [MESSAGE][PASSED] - Object: 'Object Repository/mobileSanity/Teladoc/Page_App Page 1/a_Continue to Step 2 - Payment' is clicked on

2020-03-31 08:10:04 - [TEST_STEP][PASSED] - waitForPageLoad(20): Wait for page load successfully

2020-03-31 08:10:04 - [MESSAGE][PASSED] - Wait for page load successfully

2020-03-31 08:10:04 - [TEST_STEP][PASSED] - waitForElementVisible(findTestObject("mobileSanity/Teladoc/Page_App Page 2/input__credit-card-first"), 20): Object 'Object Repository/mobileSanity/Teladoc/Page_App Page 2/input__credit-card-first' is visible

2020-03-31 08:10:04 - [MESSAGE][PASSED] - Object 'Object Repository/mobileSanity/Teladoc/Page_App Page 2/input__credit-card-first' is visible

2020-03-31 08:10:04 - [TEST_STEP][PASSED] - callTestCase(findTestCase("AHI/_include/get_screenshot"), [:], STOP_ON_FAILURE): Call Test Case 'Test Cases/AHI/_include/get_screenshot' successfully

2020-03-31 08:10:05 - [TEST_CASE][PASSED] - Test Cases/AHI/_include/get_screenshot: Test Cases/AHI/_include/get_screenshot

2020-03-31 08:10:05 - [TEST_STEP][PASSED] - Thread.sleep(1000): null

2020-03-31 08:10:06 - [TEST_STEP][PASSED] - takeScreenshot(screenPath + i + ".png"): Taking screenshot successfully

2020-03-31 08:10:06 - [MESSAGE][PASSED] - Taking screenshot successfully
[[ATTACHMENT|D:\\Test\\AgileTest\\Reports\\HIC\\hic\\20200331_080032\\../Screenshots/iPhone 6/HIC/Teladoc/Teladoc/20200331_080920/5.png]]

2020-03-31 08:10:06 - [TEST_STEP][PASSED] - (internal.GlobalVariable.i++): null

2020-03-31 08:10:06 - [MESSAGE][PASSED] - Call Test Case 'Test Cases/AHI/_include/get_screenshot' successfully

2020-03-31 08:10:06 - [TEST_STEP][PASSED] - setText(findTestObject("mobileSanity/Teladoc/Page_App Page 2/input__credit-card-first"), FirstName): Text 'Test-123' is set on object 'Object Repository/mobileSanity/Teladoc/Page_App Page 2/input__credit-card-first'

2020-03-31 08:10:07 - [MESSAGE][PASSED] - Text 'Test-123' is set on object 'Object Repository/mobileSanity/Teladoc/Page_App Page 2/input__credit-card-first'

2020-03-31 08:10:07 - [TEST_STEP][PASSED] - setText(findTestObject("mobileSanity/Teladoc/Page_App Page 2/input__credit-card-last"), LastName): Text 'ZZ11-wLDsLiRp' is set on object 'Object Repository/mobileSanity/Teladoc/Page_App Page 2/input__credit-card-last'

2020-03-31 08:10:07 - [MESSAGE][PASSED] - Text 'ZZ11-wLDsLiRp' is set on object 'Object Repository/mobileSanity/Teladoc/Page_App Page 2/input__credit-card-last'

2020-03-31 08:10:07 - [TEST_STEP][PASSED] - selectOptionByValue(findTestObject("mobileSanity/Teladoc/Page_App Page 2/select_MM010203040506070809101"), "12", true): All options with value '12' are selected in object 'Object Repository/mobileSanity/Teladoc/Page_App Page 2/select_MM010203040506070809101'  using regular expression

2020-03-31 08:10:09 - [MESSAGE][PASSED] - All options with value '12' are selected in object 'Object Repository/mobileSanity/Teladoc/Page_App Page 2/select_MM010203040506070809101'  using regular expression

2020-03-31 08:10:09 - [TEST_STEP][PASSED] - selectOptionByValue(findTestObject("mobileSanity/Teladoc/Page_App Page 2/select_YYYY2019202020212022202"), "2026", true): All options with value '2026' are selected in object 'Object Repository/mobileSanity/Teladoc/Page_App Page 2/select_YYYY2019202020212022202'  using regular expression

2020-03-31 08:10:10 - [MESSAGE][PASSED] - All options with value '2026' are selected in object 'Object Repository/mobileSanity/Teladoc/Page_App Page 2/select_YYYY2019202020212022202'  using regular expression

2020-03-31 08:10:10 - [TEST_STEP][PASSED] - setText(findTestObject("mobileSanity/Teladoc/Page_App Page 2/input__credit-card-number"), "4111111111111111"): Text '4111111111111111' is set on object 'Object Repository/mobileSanity/Teladoc/Page_App Page 2/input__credit-card-number'

2020-03-31 08:10:10 - [MESSAGE][PASSED] - Text '4111111111111111' is set on object 'Object Repository/mobileSanity/Teladoc/Page_App Page 2/input__credit-card-number'

2020-03-31 08:10:10 - [TEST_STEP][PASSED] - setText(findTestObject("mobileSanity/Teladoc/Page_App Page 2/input__credit-card-cvv"), "122"): Text '122' is set on object 'Object Repository/mobileSanity/Teladoc/Page_App Page 2/input__credit-card-cvv'

2020-03-31 08:10:10 - [MESSAGE][PASSED] - Text '122' is set on object 'Object Repository/mobileSanity/Teladoc/Page_App Page 2/input__credit-card-cvv'

2020-03-31 08:10:10 - [TEST_STEP][PASSED] - click(findTestObject("mobileSanity/Teladoc/Page_App Page 2/label_My billing address is th")): Object: 'Object Repository/mobileSanity/Teladoc/Page_App Page 2/label_My billing address is th' is clicked on

2020-03-31 08:10:11 - [MESSAGE][PASSED] - Object: 'Object Repository/mobileSanity/Teladoc/Page_App Page 2/label_My billing address is th' is clicked on

2020-03-31 08:10:11 - [TEST_STEP][PASSED] - click(findTestObject("mobileSanity/Teladoc/Page_App Page 2/label_I Accept Authorization f")): Object: 'Object Repository/mobileSanity/Teladoc/Page_App Page 2/label_I Accept Authorization f' is clicked on

2020-03-31 08:10:11 - [MESSAGE][PASSED] - Object: 'Object Repository/mobileSanity/Teladoc/Page_App Page 2/label_I Accept Authorization f' is clicked on

2020-03-31 08:10:11 - [TEST_STEP][PASSED] - click(findTestObject("mobileSanity/Teladoc/Page_App Page 2/a_Continue to Step 3 - Review")): Object: 'Object Repository/mobileSanity/Teladoc/Page_App Page 2/a_Continue to Step 3 - Review' is clicked on

2020-03-31 08:10:11 - [MESSAGE][PASSED] - Object: 'Object Repository/mobileSanity/Teladoc/Page_App Page 2/a_Continue to Step 3 - Review' is clicked on

2020-03-31 08:10:11 - [TEST_STEP][PASSED] - waitForPageLoad(20): Wait for page load successfully

2020-03-31 08:10:12 - [MESSAGE][PASSED] - Wait for page load successfully

2020-03-31 08:10:12 - [TEST_STEP][PASSED] - waitForElementPresent(findTestObject("mobileSanity/Teladoc/Page_App Page 3/label"), 20): Object 'Object Repository/mobileSanity/Teladoc/Page_App Page 3/label' is present

2020-03-31 08:10:23 - [MESSAGE][PASSED] - Object 'Object Repository/mobileSanity/Teladoc/Page_App Page 3/label' is present

2020-03-31 08:10:23 - [TEST_STEP][PASSED] - Thread.sleep(5000): null

2020-03-31 08:10:28 - [TEST_STEP][PASSED] - callTestCase(findTestCase("AHI/_include/get_screenshot"), [:], STOP_ON_FAILURE): Call Test Case 'Test Cases/AHI/_include/get_screenshot' successfully

2020-03-31 08:10:28 - [TEST_CASE][PASSED] - Test Cases/AHI/_include/get_screenshot: Test Cases/AHI/_include/get_screenshot

2020-03-31 08:10:28 - [TEST_STEP][PASSED] - Thread.sleep(1000): null

2020-03-31 08:10:29 - [TEST_STEP][PASSED] - takeScreenshot(screenPath + i + ".png"): Taking screenshot successfully

2020-03-31 08:10:29 - [MESSAGE][PASSED] - Taking screenshot successfully
[[ATTACHMENT|D:\\Test\\AgileTest\\Reports\\HIC\\hic\\20200331_080032\\../Screenshots/iPhone 6/HIC/Teladoc/Teladoc/20200331_080920/6.png]]

2020-03-31 08:10:29 - [TEST_STEP][PASSED] - (internal.GlobalVariable.i++): null

2020-03-31 08:10:29 - [MESSAGE][PASSED] - Call Test Case 'Test Cases/AHI/_include/get_screenshot' successfully

2020-03-31 08:10:29 - [TEST_STEP][PASSED] - scrollToElement(findTestObject("mobileSanity/Teladoc/Page_App Page 3/label"), 10): Scroll to object 'Object Repository/mobileSanity/Teladoc/Page_App Page 3/label' successfully

2020-03-31 08:10:29 - [MESSAGE][PASSED] - Scroll to object 'Object Repository/mobileSanity/Teladoc/Page_App Page 3/label' successfully

2020-03-31 08:10:29 - [TEST_STEP][PASSED] - waitForElementClickable(findTestObject("mobileSanity/Teladoc/Page_App Page 3/label"), 10): Object 'Object Repository/mobileSanity/Teladoc/Page_App Page 3/label' is clickable

2020-03-31 08:10:29 - [MESSAGE][PASSED] - Object 'Object Repository/mobileSanity/Teladoc/Page_App Page 3/label' is clickable

2020-03-31 08:10:29 - [TEST_STEP][PASSED] - click(findTestObject("mobileSanity/Teladoc/Page_App Page 3/label")): Object: 'Object Repository/mobileSanity/Teladoc/Page_App Page 3/label' is clicked on

2020-03-31 08:10:30 - [MESSAGE][PASSED] - Object: 'Object Repository/mobileSanity/Teladoc/Page_App Page 3/label' is clicked on

2020-03-31 08:10:30 - [TEST_STEP][PASSED] - click(findTestObject("mobileSanity/Teladoc/Page_App Page 3/p_")): Object: 'Object Repository/mobileSanity/Teladoc/Page_App Page 3/p_' is clicked on

2020-03-31 08:10:30 - [MESSAGE][PASSED] - Object: 'Object Repository/mobileSanity/Teladoc/Page_App Page 3/p_' is clicked on

2020-03-31 08:10:30 - [TEST_STEP][PASSED] - click(findTestObject("mobileSanity/Teladoc/Page_App Page 3/a_Submit Your Application")): Object: 'Object Repository/mobileSanity/Teladoc/Page_App Page 3/a_Submit Your Application' is clicked on

2020-03-31 08:10:30 - [MESSAGE][PASSED] - Object: 'Object Repository/mobileSanity/Teladoc/Page_App Page 3/a_Submit Your Application' is clicked on

2020-03-31 08:10:30 - [TEST_STEP][PASSED] - Thread.sleep(50000): null

2020-03-31 08:11:20 - [TEST_STEP][PASSED] - callTestCase(findTestCase("AHI/_include/get_screenshot"), [:], STOP_ON_FAILURE): Call Test Case 'Test Cases/AHI/_include/get_screenshot' successfully

2020-03-31 08:11:20 - [TEST_CASE][PASSED] - Test Cases/AHI/_include/get_screenshot: Test Cases/AHI/_include/get_screenshot

2020-03-31 08:11:20 - [TEST_STEP][PASSED] - Thread.sleep(1000): null

2020-03-31 08:11:21 - [TEST_STEP][PASSED] - takeScreenshot(screenPath + i + ".png"): Taking screenshot successfully

2020-03-31 08:11:22 - [MESSAGE][PASSED] - Taking screenshot successfully
[[ATTACHMENT|D:\\Test\\AgileTest\\Reports\\HIC\\hic\\20200331_080032\\../Screenshots/iPhone 6/HIC/Teladoc/Teladoc/20200331_080920/7.png]]

2020-03-31 08:11:22 - [TEST_STEP][PASSED] - (internal.GlobalVariable.i++): null

2020-03-31 08:11:22 - [MESSAGE][PASSED] - Call Test Case 'Test Cases/AHI/_include/get_screenshot' successfully

2020-03-31 08:11:22 - [TEST_STEP][PASSED] - verifyTextPresent("Congratulations", false): Text 'Congratulations' is present on page 

2020-03-31 08:11:22 - [MESSAGE][PASSED] - Text 'Congratulations' is present on page]]></system-out>
         <system-err><![CDATA[]]></system-err>
      </testcase>
      <system-out><![CDATA[2020-03-31 08:00:39 - [TEST_SUITE][PASSED] - hic: Test Cases/HIC/New/Teladoc]]></system-out>
      <system-err><![CDATA[]]></system-err>
   </testsuite>
</testsuites>
