<?xml version="1.0" encoding="UTF-8"?>
<testsuites name="Spark" time="654" tests="4" failures="0" errors="0">
   <testsuite name="Spark" tests="4" failures="0" errors="0" time="654" timestamp="2020-05-19 08:11:17" hostname="Administrator - 172.30.0.53" id="Test Suites/PrivateLabel/Spark">
      <properties>
         <property name="deviceName" value=""/>
         <property name="devicePlatform" value=""/>
         <property name="logFolder" value="D:\\Test\\AgileTest\\Reports\\PrivateLabel\\Spark\\20200519_080058"/>
         <property name="logFiles" value="D:\\Test\\AgileTest\\Reports\\PrivateLabel\\Spark\\20200519_080058\\execution0.log"/>
         <property name="attachments" value="D:\\Test\\AgileTest\\Reports\\PrivateLabel\\Spark\\20200519_080058\\../Screenshots/iPhone 6/Spark/Health Choice/20200519_081121/0.png, D:\\Test\\AgileTest\\Reports\\PrivateLabel\\Spark\\20200519_080058\\../Screenshots/iPhone 6/Spark/Health Choice/20200519_081121/1.png, D:\\Test\\AgileTest\\Reports\\PrivateLabel\\Spark\\20200519_080058\\../Screenshots/iPhone 6/Spark/Health Choice/20200519_081121/2.png, D:\\Test\\AgileTest\\Reports\\PrivateLabel\\Spark\\20200519_080058\\../Screenshots/iPhone 6/Spark/Health Choice/20200519_081121/3.png, D:\\Test\\AgileTest\\Reports\\PrivateLabel\\Spark\\20200519_080058\\../Screenshots/iPhone 6/Spark/Health Choice/20200519_081121/4.png, D:\\Test\\AgileTest\\Reports\\PrivateLabel\\Spark\\20200519_080058\\../Screenshots/iPhone 6/Spark/Health Choice/20200519_081121/5.png, D:\\Test\\AgileTest\\Reports\\PrivateLabel\\Spark\\20200519_080058\\../Screenshots/iPhone 6/Spark/Health Choice/20200519_081121/6.png, D:\\Test\\AgileTest\\Reports\\PrivateLabel\\Spark\\20200519_080058\\../Screenshots/iPhone 6/Spark/Health Choice/20200519_081121/7.png, D:\\Test\\AgileTest\\Reports\\PrivateLabel\\Spark\\20200519_080058\\../Screenshots/iPhone 6/Spark/Health Choice/20200519_081121/8.png, D:\\Test\\AgileTest\\Reports\\PrivateLabel\\Spark\\20200519_080058\\../Screenshots/iPhone 6/Spark/Health Choice/20200519_081121/9.png, D:\\Test\\AgileTest\\Reports\\PrivateLabel\\Spark\\20200519_080058\\../Screenshots/iPhone 6/Spark/Vitala Care/20200519_081341/0.png, D:\\Test\\AgileTest\\Reports\\PrivateLabel\\Spark\\20200519_080058\\../Screenshots/iPhone 6/Spark/Vitala Care/20200519_081341/1.png, D:\\Test\\AgileTest\\Reports\\PrivateLabel\\Spark\\20200519_080058\\../Screenshots/iPhone 6/Spark/Vitala Care/20200519_081341/2.png, D:\\Test\\AgileTest\\Reports\\PrivateLabel\\Spark\\20200519_080058\\../Screenshots/iPhone 6/Spark/Vitala Care/20200519_081341/3.png, D:\\Test\\AgileTest\\Reports\\PrivateLabel\\Spark\\20200519_080058\\../Screenshots/iPhone 6/Spark/Vitala Care/20200519_081341/4.png, D:\\Test\\AgileTest\\Reports\\PrivateLabel\\Spark\\20200519_080058\\../Screenshots/iPhone 6/Spark/Vitala Care/20200519_081341/5.png, D:\\Test\\AgileTest\\Reports\\PrivateLabel\\Spark\\20200519_080058\\../Screenshots/iPhone 6/Spark/Vitala Care/20200519_081341/6.png, D:\\Test\\AgileTest\\Reports\\PrivateLabel\\Spark\\20200519_080058\\../Screenshots/iPhone 6/Spark/Vitala Care/20200519_081341/7.png, D:\\Test\\AgileTest\\Reports\\PrivateLabel\\Spark\\20200519_080058\\../Screenshots/iPhone 6/Spark/Vitala Care/20200519_081341/8.png, D:\\Test\\AgileTest\\Reports\\PrivateLabel\\Spark\\20200519_080058\\../Screenshots/iPhone 6/Spark/Vitala Care/20200519_081341/9.png, D:\\Test\\AgileTest\\Reports\\PrivateLabel\\Spark\\20200519_080058\\../Screenshots/iPhone 6/Spark/Vitala Care/20200519_081341/10.png, D:\\Test\\AgileTest\\Reports\\PrivateLabel\\Spark\\20200519_080058\\../Screenshots/iPhone 6/Spark/AdvantHealth/20200519_081611/0.png, D:\\Test\\AgileTest\\Reports\\PrivateLabel\\Spark\\20200519_080058\\../Screenshots/iPhone 6/Spark/AdvantHealth/20200519_081611/1.png, D:\\Test\\AgileTest\\Reports\\PrivateLabel\\Spark\\20200519_080058\\../Screenshots/iPhone 6/Spark/AdvantHealth/20200519_081611/2.png, D:\\Test\\AgileTest\\Reports\\PrivateLabel\\Spark\\20200519_080058\\../Screenshots/iPhone 6/Spark/AdvantHealth/20200519_081611/3.png, D:\\Test\\AgileTest\\Reports\\PrivateLabel\\Spark\\20200519_080058\\../Screenshots/iPhone 6/Spark/AdvantHealth/20200519_081611/4.png, D:\\Test\\AgileTest\\Reports\\PrivateLabel\\Spark\\20200519_080058\\../Screenshots/iPhone 6/Spark/AdvantHealth/20200519_081611/5.png, D:\\Test\\AgileTest\\Reports\\PrivateLabel\\Spark\\20200519_080058\\../Screenshots/iPhone 6/Spark/AdvantHealth/20200519_081611/6.png, D:\\Test\\AgileTest\\Reports\\PrivateLabel\\Spark\\20200519_080058\\../Screenshots/iPhone 6/Spark/AdvantHealth/20200519_081611/7.png, D:\\Test\\AgileTest\\Reports\\PrivateLabel\\Spark\\20200519_080058\\../Screenshots/iPhone 6/Spark/AdvantHealth/20200519_081611/8.png, D:\\Test\\AgileTest\\Reports\\PrivateLabel\\Spark\\20200519_080058\\../Screenshots/iPhone 6/Spark/AdvantHealth/20200519_081611/9.png, D:\\Test\\AgileTest\\Reports\\PrivateLabel\\Spark\\20200519_080058\\../Screenshots/iPhone 6/Spark/AdvantHealth/20200519_081611/10.png, D:\\Test\\AgileTest\\Reports\\PrivateLabel\\Spark\\20200519_080058\\../Screenshots/iPhone 6/Spark/AdvantHealth/20200519_081611/11.png, D:\\Test\\AgileTest\\Reports\\PrivateLabel\\Spark\\20200519_080058\\../Screenshots/iPhone 6/Spark/Everest Prime/20200519_081919/0.png, D:\\Test\\AgileTest\\Reports\\PrivateLabel\\Spark\\20200519_080058\\../Screenshots/iPhone 6/Spark/Everest Prime/20200519_081919/1.png, D:\\Test\\AgileTest\\Reports\\PrivateLabel\\Spark\\20200519_080058\\../Screenshots/iPhone 6/Spark/Everest Prime/20200519_081919/2.png, D:\\Test\\AgileTest\\Reports\\PrivateLabel\\Spark\\20200519_080058\\../Screenshots/iPhone 6/Spark/Everest Prime/20200519_081919/3.png, D:\\Test\\AgileTest\\Reports\\PrivateLabel\\Spark\\20200519_080058\\../Screenshots/iPhone 6/Spark/Everest Prime/20200519_081919/4.png, D:\\Test\\AgileTest\\Reports\\PrivateLabel\\Spark\\20200519_080058\\../Screenshots/iPhone 6/Spark/Everest Prime/20200519_081919/5.png, D:\\Test\\AgileTest\\Reports\\PrivateLabel\\Spark\\20200519_080058\\../Screenshots/iPhone 6/Spark/Everest Prime/20200519_081919/6.png, D:\\Test\\AgileTest\\Reports\\PrivateLabel\\Spark\\20200519_080058\\1589890830197.png, D:\\Test\\AgileTest\\Reports\\PrivateLabel\\Spark\\20200519_080058\\../Screenshots/iPhone 6/Spark/Everest Prime/20200519_081919/7.png, D:\\Test\\AgileTest\\Reports\\PrivateLabel\\Spark\\20200519_080058\\../Screenshots/iPhone 6/Spark/Everest Prime/20200519_081919/8.png, D:\\Test\\AgileTest\\Reports\\PrivateLabel\\Spark\\20200519_080058\\../Screenshots/iPhone 6/Spark/Everest Prime/20200519_081919/9.png, D:\\Test\\AgileTest\\Reports\\PrivateLabel\\Spark\\20200519_080058\\../Screenshots/iPhone 6/Spark/Everest Prime/20200519_081919/10.png"/>
         <property name="hostName" value="Administrator - 172.30.0.53"/>
         <property name="os" value="Windows Server 2012 R2 64bit"/>
         <property name="katalonVersion" value="5.10.1.1"/>
         <property name="browser" value="Safari 11"/>
         <property name="hostAddress" value="172.30.0.53"/>
         <property name="sessionId" value="1c9550b7d96eb8983c39faa060a966b3"/>
         <property name="seleniumVersion" value="3.7.1"/>
         <property name="proxyInformation" value="ProxyInformation{proxyOption=NO_PROXY, proxyServerType=HTTP, password=, proxyServerAddress=, proxyServerPort=0}"/>
         <property name="platform" value="Windows Server 2012 R2"/>
      </properties>
      <testcase name="Test Cases/PL Site/Spark/hbi/Health Choice" classname="Test Cases/PL Site/Spark/hbi/Health Choice" status="PASSED">
         <system-out><![CDATA[2020-05-19 08:11:18 - [TEST_CASE][PASSED] - Test Cases/PL Site/Spark/hbi/Health Choice: Test Cases/PL Site/Spark/hbi/Health Choice

2020-05-19 08:11:18 - [TEST_STEP][PASSED] - callTestCase(findTestCase("AHI/_include/get_screenPath"), ["productLine":"Spark", "carrierName":"Health Choice"], CONTINUE_ON_FAILURE): Call Test Case 'Test Cases/AHI/_include/get_screenPath' successfully

2020-05-19 08:11:20 - [TEST_CASE][PASSED] - Test Cases/AHI/_include/get_screenPath: Test Cases/AHI/_include/get_screenPath

2020-05-19 08:11:21 - [TEST_STEP][PASSED] - m = getExecutionProperties(): null

2020-05-19 08:11:21 - [TEST_STEP][PASSED] - deviceName = get("mobileEmulation").get("deviceName"): null

2020-05-19 08:11:21 - [TEST_STEP][PASSED] - println(deviceName): null

2020-05-19 08:11:21 - [TEST_STEP][PASSED] - now = new java.util.Date(): null

2020-05-19 08:11:21 - [TEST_STEP][PASSED] - mydate = now.format("yyyyMMdd_HHmmss"): null

2020-05-19 08:11:21 - [TEST_STEP][PASSED] - screenPath = "../Screenshots/": null

2020-05-19 08:11:21 - [TEST_STEP][PASSED] - screenPath = screenPath + deviceName + "/" + productLine + "/" + carrierName + "/" + mydate + "/": null

2020-05-19 08:11:21 - [TEST_STEP][PASSED] - println(screenPath): null

2020-05-19 08:11:21 - [MESSAGE][PASSED] - Call Test Case 'Test Cases/AHI/_include/get_screenPath' successfully

2020-05-19 08:11:21 - [TEST_STEP][PASSED] - i = 0: null

2020-05-19 08:11:21 - [TEST_STEP][PASSED] - callTestCase(findTestCase("AHI/_include/openWebSite"), ["env":"https://spark--qa.storefront.mybenefitskeeper.com"], STOP_ON_FAILURE): Call Test Case 'Test Cases/AHI/_include/openWebSite' successfully

2020-05-19 08:11:21 - [TEST_CASE][PASSED] - Test Cases/AHI/_include/openWebSite: Test Cases/AHI/_include/openWebSite

2020-05-19 08:11:21 - [TEST_STEP][PASSED] - openBrowser(env): Browser is opened with url: 'https://spark--qa.storefront.mybenefitskeeper.com'

2020-05-19 08:11:23 - [MESSAGE][INFO] - Starting 'Chrome' driver

2020-05-19 08:11:23 - [MESSAGE][INFO] - User set preference: ['mobileEmulation', '{deviceName=iPhone 6}']

2020-05-19 08:11:23 - [MESSAGE][INFO] - User set preference: ['args', '[--incognito, --aggressive-cache-discard, --window-size=375,677, --no-sandbox, --ignore-certificate-errors]']

2020-05-19 08:11:23 - [MESSAGE][INFO] - Action delay is set to 0 seconds

2020-05-19 08:11:54 - [MESSAGE][PASSED] - Browser is opened with url: 'https://spark--qa.storefront.mybenefitskeeper.com'

2020-05-19 08:11:54 - [TEST_STEP][PASSED] - waitForPageLoad(20): Wait for page load successfully

2020-05-19 08:11:54 - [MESSAGE][PASSED] - Wait for page load successfully

2020-05-19 08:11:54 - [TEST_STEP][PASSED] - callTestCase(findTestCase("AHI/_include/get_screenshot"), [:], STOP_ON_FAILURE): Call Test Case 'Test Cases/AHI/_include/get_screenshot' successfully

2020-05-19 08:11:54 - [TEST_CASE][PASSED] - Test Cases/AHI/_include/get_screenshot: Test Cases/AHI/_include/get_screenshot

2020-05-19 08:11:55 - [TEST_STEP][PASSED] - Thread.sleep(1000): null

2020-05-19 08:11:56 - [TEST_STEP][PASSED] - takeScreenshot(screenPath + i + ".png"): Taking screenshot successfully

2020-05-19 08:11:57 - [MESSAGE][PASSED] - Taking screenshot successfully
[[ATTACHMENT|D:\\Test\\AgileTest\\Reports\\PrivateLabel\\Spark\\20200519_080058\\../Screenshots/iPhone 6/Spark/Health Choice/20200519_081121/0.png]]

2020-05-19 08:11:57 - [TEST_STEP][PASSED] - (internal.GlobalVariable.i++): null

2020-05-19 08:11:57 - [MESSAGE][PASSED] - Call Test Case 'Test Cases/AHI/_include/get_screenshot' successfully

2020-05-19 08:11:57 - [MESSAGE][PASSED] - Call Test Case 'Test Cases/AHI/_include/openWebSite' successfully

2020-05-19 08:11:57 - [TEST_STEP][PASSED] - callTestCase(findTestCase("PL Site/_include/census_hbi"), ["zipcode":"35215"], CONTINUE_ON_FAILURE): Call Test Case 'Test Cases/PL Site/_include/census_hbi' successfully

2020-05-19 08:11:57 - [TEST_CASE][PASSED] - Test Cases/PL Site/_include/census_hbi: Test Cases/PL Site/_include/census_hbi

2020-05-19 08:11:57 - [TEST_STEP][PASSED] - click(findTestObject("mobileSanity/Common/side_nav/menu")): Object: 'Object Repository/mobileSanity/Common/side_nav/menu' is clicked on

2020-05-19 08:11:58 - [MESSAGE][PASSED] - Object: 'Object Repository/mobileSanity/Common/side_nav/menu' is clicked on

2020-05-19 08:11:58 - [TEST_STEP][PASSED] - Thread.sleep(3000): null

2020-05-19 08:12:01 - [TEST_STEP][PASSED] - callTestCase(findTestCase("AHI/_include/get_screenshot"), [:], STOP_ON_FAILURE): Call Test Case 'Test Cases/AHI/_include/get_screenshot' successfully

2020-05-19 08:12:01 - [TEST_CASE][PASSED] - Test Cases/AHI/_include/get_screenshot: Test Cases/AHI/_include/get_screenshot

2020-05-19 08:12:01 - [TEST_STEP][PASSED] - Thread.sleep(1000): null

2020-05-19 08:12:02 - [TEST_STEP][PASSED] - takeScreenshot(screenPath + i + ".png"): Taking screenshot successfully

2020-05-19 08:12:03 - [MESSAGE][PASSED] - Taking screenshot successfully
[[ATTACHMENT|D:\\Test\\AgileTest\\Reports\\PrivateLabel\\Spark\\20200519_080058\\../Screenshots/iPhone 6/Spark/Health Choice/20200519_081121/1.png]]

2020-05-19 08:12:03 - [TEST_STEP][PASSED] - (internal.GlobalVariable.i++): null

2020-05-19 08:12:03 - [MESSAGE][PASSED] - Call Test Case 'Test Cases/AHI/_include/get_screenshot' successfully

2020-05-19 08:12:03 - [TEST_STEP][PASSED] - click(findTestObject("PLSite/pl_nav_hbi")): Object: 'Object Repository/PLSite/pl_nav_hbi' is clicked on

2020-05-19 08:12:04 - [MESSAGE][PASSED] - Object: 'Object Repository/PLSite/pl_nav_hbi' is clicked on

2020-05-19 08:12:04 - [TEST_STEP][PASSED] - waitForPageLoad(10): Wait for page load successfully

2020-05-19 08:12:04 - [MESSAGE][PASSED] - Wait for page load successfully

2020-05-19 08:12:04 - [TEST_STEP][PASSED] - Thread.sleep(3000): null

2020-05-19 08:12:07 - [TEST_STEP][PASSED] - callTestCase(findTestCase("AHI/_include/get_screenshot"), [:], STOP_ON_FAILURE): Call Test Case 'Test Cases/AHI/_include/get_screenshot' successfully

2020-05-19 08:12:07 - [TEST_CASE][PASSED] - Test Cases/AHI/_include/get_screenshot: Test Cases/AHI/_include/get_screenshot

2020-05-19 08:12:07 - [TEST_STEP][PASSED] - Thread.sleep(1000): null

2020-05-19 08:12:08 - [TEST_STEP][PASSED] - takeScreenshot(screenPath + i + ".png"): Taking screenshot successfully

2020-05-19 08:12:09 - [MESSAGE][PASSED] - Taking screenshot successfully
[[ATTACHMENT|D:\\Test\\AgileTest\\Reports\\PrivateLabel\\Spark\\20200519_080058\\../Screenshots/iPhone 6/Spark/Health Choice/20200519_081121/2.png]]

2020-05-19 08:12:09 - [TEST_STEP][PASSED] - (internal.GlobalVariable.i++): null

2020-05-19 08:12:09 - [MESSAGE][PASSED] - Call Test Case 'Test Cases/AHI/_include/get_screenshot' successfully

2020-05-19 08:12:09 - [TEST_STEP][PASSED] - setText(findTestObject("mobileSanity/HBI/census/input_Location_zip-input"), zipcode): Text '35215' is set on object 'Object Repository/mobileSanity/HBI/census/input_Location_zip-input'

2020-05-19 08:12:11 - [MESSAGE][PASSED] - Text '35215' is set on object 'Object Repository/mobileSanity/HBI/census/input_Location_zip-input'

2020-05-19 08:12:11 - [TEST_STEP][PASSED] - Thread.sleep(500): null

2020-05-19 08:12:11 - [TEST_STEP][PASSED] - setText(findTestObject("mobileSanity/HBI/census/input_Date of Birth_dob-0"), "12121980"): Text '12121980' is set on object 'Object Repository/mobileSanity/HBI/census/input_Date of Birth_dob-0'

2020-05-19 08:12:12 - [MESSAGE][PASSED] - Text '12121980' is set on object 'Object Repository/mobileSanity/HBI/census/input_Date of Birth_dob-0'

2020-05-19 08:12:12 - [TEST_STEP][PASSED] - click(findTestObject("mobileSanity/HBI/census/label_Male")): Object: 'Object Repository/mobileSanity/HBI/census/label_Male' is clicked on

2020-05-19 08:12:12 - [MESSAGE][PASSED] - Object: 'Object Repository/mobileSanity/HBI/census/label_Male' is clicked on

2020-05-19 08:12:12 - [TEST_STEP][PASSED] - click(findTestObject("mobileSanity/HBI/census/label_Get a Quote")): Object: 'Object Repository/mobileSanity/HBI/census/label_Get a Quote' is clicked on

2020-05-19 08:12:14 - [MESSAGE][PASSED] - Object: 'Object Repository/mobileSanity/HBI/census/label_Get a Quote' is clicked on

2020-05-19 08:12:14 - [TEST_STEP][PASSED] - waitForPageLoad(20): Wait for page load successfully

2020-05-19 08:12:14 - [MESSAGE][PASSED] - Wait for page load successfully

2020-05-19 08:12:14 - [TEST_STEP][PASSED] - Thread.sleep(3000): null

2020-05-19 08:12:17 - [TEST_STEP][PASSED] - callTestCase(findTestCase("AHI/_include/check_quoteleadform"), [:], STOP_ON_FAILURE): Call Test Case 'Test Cases/AHI/_include/check_quoteleadform' successfully

2020-05-19 08:12:17 - [TEST_CASE][PASSED] - Test Cases/AHI/_include/check_quoteleadform: Test Cases/AHI/_include/check_quoteleadform

2020-05-19 08:12:18 - [TEST_STEP][PASSED] - callTestCase(findTestCase("AHI/_include/name"), [:], CONTINUE_ON_FAILURE): Call Test Case 'Test Cases/AHI/_include/name' successfully

2020-05-19 08:12:18 - [TEST_CASE][PASSED] - Test Cases/AHI/_include/name: Test Cases/AHI/_include/name

2020-05-19 08:12:19 - [TEST_STEP][PASSED] - driver = getWebDriver(): null

2020-05-19 08:12:19 - [TEST_STEP][PASSED] - selenium = new com.thoughtworks.selenium.webdriven.WebDriverBackedSelenium(driver, internal.GlobalVariable.ENV): null

2020-05-19 08:12:21 - [TEST_STEP][PASSED] - FirstName = "Test-123": null

2020-05-19 08:12:21 - [TEST_STEP][PASSED] - LastName = selenium.getEval("{var x="ABCDEFGHIJKLMNOPQRSTUVWXYZabcdefghijklmnopqrstuvwxyz"; var tmp="ZZ11-"; for (i=0;i<8;i++) tmp+=x.charAt(Math.ceil(51*Math.random()));tmp;}"): null

2020-05-19 08:12:21 - [TEST_STEP][PASSED] - Address = selenium.getEval("{var x="ABCDEFGHIJKLMNOPQRSTUVWXYZabcdefghijklmnopqrstuvwxyz"; var tmp=""; for (i=0;i<8;i++) tmp+=x.charAt(Math.ceil(51*Math.random()));tmp;}"): null

2020-05-19 08:12:21 - [TEST_STEP][PASSED] - City = selenium.getEval("{var x="ABCDEFGHIJKLMNOPQRSTUVWXYZabcdefghijklmnopqrstuvwxyz"; var tmp=""; for (i=0;i<8;i++) tmp+=x.charAt(Math.ceil(51*Math.random()));tmp;}"): null

2020-05-19 08:12:21 - [TEST_STEP][PASSED] - tel1 = selenium.getEval("{var x="123456789"; var tmp=""; for (i=0;i<3;i++) tmp+=x.charAt(Math.ceil(8*Math.random()));tmp;}"): null

2020-05-19 08:12:21 - [TEST_STEP][PASSED] - tel2 = selenium.getEval("{var x="123456789"; var tmp=""; for (i=0;i<3;i++) tmp+=x.charAt(Math.ceil(8*Math.random()));tmp;}"): null

2020-05-19 08:12:21 - [TEST_STEP][PASSED] - tel3 = selenium.getEval("{var x="123456789"; var tmp=""; for (i=0;i<4;i++) tmp+=x.charAt(Math.ceil(8*Math.random()));tmp;}"): null

2020-05-19 08:12:21 - [TEST_STEP][PASSED] - Tel = selenium.getExpression(tel1 + "-" + tel2 + "-" + tel3): null

2020-05-19 08:12:21 - [TEST_STEP][PASSED] - AutoEmail = selenium.getEval("{var x="ABCDEFGHIJKLMNOPQRSTUVWXYZabcdefghijklmnopqrstuvwxyz"; var tmp="test."; for (i=0;i<8;i++) tmp+=x.charAt(Math.ceil(51*Math.random()));tmp+="@suryani.cn";}"): null

2020-05-19 08:12:21 - [TEST_STEP][PASSED] - FirstName = FirstName: null

2020-05-19 08:12:21 - [TEST_STEP][PASSED] - LastName = LastName: null

2020-05-19 08:12:21 - [TEST_STEP][PASSED] - Address = Address: null

2020-05-19 08:12:21 - [TEST_STEP][PASSED] - City = City: null

2020-05-19 08:12:21 - [TEST_STEP][PASSED] - Tel = Tel: null

2020-05-19 08:12:21 - [TEST_STEP][PASSED] - AutoEmail = AutoEmail: null

2020-05-19 08:12:21 - [TEST_STEP][PASSED] - println(FirstName): null

2020-05-19 08:12:21 - [TEST_STEP][PASSED] - println(LastName): null

2020-05-19 08:12:21 - [TEST_STEP][PASSED] - println(Address): null

2020-05-19 08:12:21 - [TEST_STEP][PASSED] - println(City): null

2020-05-19 08:12:21 - [TEST_STEP][PASSED] - println(Tel): null

2020-05-19 08:12:21 - [TEST_STEP][PASSED] - println(AutoEmail): null

2020-05-19 08:12:21 - [MESSAGE][PASSED] - Call Test Case 'Test Cases/AHI/_include/name' successfully

2020-05-19 08:12:21 - [TEST_STEP][PASSED] - leadform_exist = test.MobileKeywords.isElementPresent_Web(findTestObject("mobileSanity/quote lead form/lead_form"), 20): test.MobileKeywords.isElementPresent_Web is PASSED

2020-05-19 08:12:48 - [MESSAGE][INFO] - Unable to find the element located by 'By.xpath: //*[@id = 'lightboxLeadForm']'. Please recheck the objects properties to make sure the desired element is located. 

2020-05-19 08:12:48 - [MESSAGE][PASSED] - test.MobileKeywords.isElementPresent_Web is PASSED

2020-05-19 08:12:48 - [TEST_STEP][PASSED] - if (leadform_exist): null

2020-05-19 08:12:48 - [MESSAGE][PASSED] - Call Test Case 'Test Cases/AHI/_include/check_quoteleadform' successfully

2020-05-19 08:12:48 - [TEST_STEP][PASSED] - callTestCase(findTestCase("AHI/_include/get_screenshot"), [:], STOP_ON_FAILURE): Call Test Case 'Test Cases/AHI/_include/get_screenshot' successfully

2020-05-19 08:12:48 - [TEST_CASE][PASSED] - Test Cases/AHI/_include/get_screenshot: Test Cases/AHI/_include/get_screenshot

2020-05-19 08:12:48 - [TEST_STEP][PASSED] - Thread.sleep(1000): null

2020-05-19 08:12:50 - [TEST_STEP][PASSED] - takeScreenshot(screenPath + i + ".png"): Taking screenshot successfully

2020-05-19 08:12:51 - [MESSAGE][PASSED] - Taking screenshot successfully
[[ATTACHMENT|D:\\Test\\AgileTest\\Reports\\PrivateLabel\\Spark\\20200519_080058\\../Screenshots/iPhone 6/Spark/Health Choice/20200519_081121/3.png]]

2020-05-19 08:12:51 - [TEST_STEP][PASSED] - (internal.GlobalVariable.i++): null

2020-05-19 08:12:51 - [MESSAGE][PASSED] - Call Test Case 'Test Cases/AHI/_include/get_screenshot' successfully

2020-05-19 08:12:51 - [MESSAGE][PASSED] - Call Test Case 'Test Cases/PL Site/_include/census_hbi' successfully

2020-05-19 08:12:51 - [TEST_STEP][PASSED] - Thread.sleep(5000): null

2020-05-19 08:12:56 - [TEST_STEP][PASSED] - scrollToPosition(200, 2300): Browser is scrolled to position x = 200, y = 2300

2020-05-19 08:12:56 - [MESSAGE][PASSED] - Browser is scrolled to position x = 200, y = 2300

2020-05-19 08:12:56 - [TEST_STEP][PASSED] - click(findTestObject("mobileSanity/HBI/quote/a_Health Choice")): Object: 'Object Repository/mobileSanity/HBI/quote/a_Health Choice' is clicked on

2020-05-19 08:12:56 - [MESSAGE][PASSED] - Object: 'Object Repository/mobileSanity/HBI/quote/a_Health Choice' is clicked on

2020-05-19 08:12:57 - [TEST_STEP][PASSED] - waitForPageLoad(10): Wait for page load successfully

2020-05-19 08:12:57 - [MESSAGE][PASSED] - Wait for page load successfully

2020-05-19 08:12:57 - [TEST_STEP][PASSED] - callTestCase(findTestCase("AHI/_include/get_screenshot"), [:], STOP_ON_FAILURE): Call Test Case 'Test Cases/AHI/_include/get_screenshot' successfully

2020-05-19 08:12:57 - [TEST_CASE][PASSED] - Test Cases/AHI/_include/get_screenshot: Test Cases/AHI/_include/get_screenshot

2020-05-19 08:12:57 - [TEST_STEP][PASSED] - Thread.sleep(1000): null

2020-05-19 08:12:58 - [TEST_STEP][PASSED] - takeScreenshot(screenPath + i + ".png"): Taking screenshot successfully

2020-05-19 08:12:58 - [MESSAGE][PASSED] - Taking screenshot successfully
[[ATTACHMENT|D:\\Test\\AgileTest\\Reports\\PrivateLabel\\Spark\\20200519_080058\\../Screenshots/iPhone 6/Spark/Health Choice/20200519_081121/4.png]]

2020-05-19 08:12:58 - [TEST_STEP][PASSED] - (internal.GlobalVariable.i++): null

2020-05-19 08:12:58 - [MESSAGE][PASSED] - Call Test Case 'Test Cases/AHI/_include/get_screenshot' successfully

2020-05-19 08:12:58 - [TEST_STEP][PASSED] - click(findTestObject("mobileSanity/HBI/detail/a_Apply for This Plan")): Object: 'Object Repository/mobileSanity/HBI/detail/a_Apply for This Plan' is clicked on

2020-05-19 08:13:00 - [MESSAGE][PASSED] - Object: 'Object Repository/mobileSanity/HBI/detail/a_Apply for This Plan' is clicked on

2020-05-19 08:13:00 - [TEST_STEP][PASSED] - waitForPageLoad(10): Wait for page load successfully

2020-05-19 08:13:00 - [MESSAGE][PASSED] - Wait for page load successfully

2020-05-19 08:13:00 - [TEST_STEP][PASSED] - callTestCase(findTestCase("AHI/_include/get_screenshot"), [:], STOP_ON_FAILURE): Call Test Case 'Test Cases/AHI/_include/get_screenshot' successfully

2020-05-19 08:13:00 - [TEST_CASE][PASSED] - Test Cases/AHI/_include/get_screenshot: Test Cases/AHI/_include/get_screenshot

2020-05-19 08:13:00 - [TEST_STEP][PASSED] - Thread.sleep(1000): null

2020-05-19 08:13:01 - [TEST_STEP][PASSED] - takeScreenshot(screenPath + i + ".png"): Taking screenshot successfully

2020-05-19 08:13:02 - [MESSAGE][PASSED] - Taking screenshot successfully
[[ATTACHMENT|D:\\Test\\AgileTest\\Reports\\PrivateLabel\\Spark\\20200519_080058\\../Screenshots/iPhone 6/Spark/Health Choice/20200519_081121/5.png]]

2020-05-19 08:13:02 - [TEST_STEP][PASSED] - (internal.GlobalVariable.i++): null

2020-05-19 08:13:02 - [MESSAGE][PASSED] - Call Test Case 'Test Cases/AHI/_include/get_screenshot' successfully

2020-05-19 08:13:02 - [TEST_STEP][PASSED] - click(findTestObject("mobileSanity/HBI/Page_Apply/span_Start Secure Application")): Object: 'Object Repository/mobileSanity/HBI/Page_Apply/span_Start Secure Application' is clicked on

2020-05-19 08:13:03 - [MESSAGE][PASSED] - Object: 'Object Repository/mobileSanity/HBI/Page_Apply/span_Start Secure Application' is clicked on

2020-05-19 08:13:03 - [TEST_STEP][PASSED] - waitForPageLoad(10): Wait for page load successfully

2020-05-19 08:13:03 - [MESSAGE][PASSED] - Wait for page load successfully

2020-05-19 08:13:03 - [TEST_STEP][PASSED] - callTestCase(findTestCase("AHI/_include/get_screenshot"), [:], STOP_ON_FAILURE): Call Test Case 'Test Cases/AHI/_include/get_screenshot' successfully

2020-05-19 08:13:04 - [TEST_CASE][PASSED] - Test Cases/AHI/_include/get_screenshot: Test Cases/AHI/_include/get_screenshot

2020-05-19 08:13:04 - [TEST_STEP][PASSED] - Thread.sleep(1000): null

2020-05-19 08:13:05 - [TEST_STEP][PASSED] - takeScreenshot(screenPath + i + ".png"): Taking screenshot successfully

2020-05-19 08:13:06 - [MESSAGE][PASSED] - Taking screenshot successfully
[[ATTACHMENT|D:\\Test\\AgileTest\\Reports\\PrivateLabel\\Spark\\20200519_080058\\../Screenshots/iPhone 6/Spark/Health Choice/20200519_081121/6.png]]

2020-05-19 08:13:06 - [TEST_STEP][PASSED] - (internal.GlobalVariable.i++): null

2020-05-19 08:13:06 - [MESSAGE][PASSED] - Call Test Case 'Test Cases/AHI/_include/get_screenshot' successfully

2020-05-19 08:13:06 - [TEST_STEP][PASSED] - callTestCase(findTestCase("AHI/_include/goToEnd_hbi"), ["carrier":"healthchoiceplus"], CONTINUE_ON_FAILURE): Call Test Case 'Test Cases/AHI/_include/goToEnd_hbi' successfully

2020-05-19 08:13:06 - [TEST_CASE][PASSED] - Test Cases/AHI/_include/goToEnd_hbi: Test Cases/AHI/_include/goToEnd_hbi

2020-05-19 08:13:07 - [TEST_STEP][PASSED] - if (state == "ca"): null

2020-05-19 08:13:07 - [TEST_STEP][PASSED] - callTestCase(findTestCase("AHI/_include/name"), [:], CONTINUE_ON_FAILURE): Call Test Case 'Test Cases/AHI/_include/name' successfully

2020-05-19 08:13:07 - [TEST_CASE][PASSED] - Test Cases/AHI/_include/name: Test Cases/AHI/_include/name

2020-05-19 08:13:07 - [TEST_STEP][PASSED] - driver = getWebDriver(): null

2020-05-19 08:13:07 - [TEST_STEP][PASSED] - selenium = new com.thoughtworks.selenium.webdriven.WebDriverBackedSelenium(driver, internal.GlobalVariable.ENV): null

2020-05-19 08:13:07 - [TEST_STEP][PASSED] - FirstName = "Test-123": null

2020-05-19 08:13:07 - [TEST_STEP][PASSED] - LastName = selenium.getEval("{var x="ABCDEFGHIJKLMNOPQRSTUVWXYZabcdefghijklmnopqrstuvwxyz"; var tmp="ZZ11-"; for (i=0;i<8;i++) tmp+=x.charAt(Math.ceil(51*Math.random()));tmp;}"): null

2020-05-19 08:13:07 - [TEST_STEP][PASSED] - Address = selenium.getEval("{var x="ABCDEFGHIJKLMNOPQRSTUVWXYZabcdefghijklmnopqrstuvwxyz"; var tmp=""; for (i=0;i<8;i++) tmp+=x.charAt(Math.ceil(51*Math.random()));tmp;}"): null

2020-05-19 08:13:07 - [TEST_STEP][PASSED] - City = selenium.getEval("{var x="ABCDEFGHIJKLMNOPQRSTUVWXYZabcdefghijklmnopqrstuvwxyz"; var tmp=""; for (i=0;i<8;i++) tmp+=x.charAt(Math.ceil(51*Math.random()));tmp;}"): null

2020-05-19 08:13:07 - [TEST_STEP][PASSED] - tel1 = selenium.getEval("{var x="123456789"; var tmp=""; for (i=0;i<3;i++) tmp+=x.charAt(Math.ceil(8*Math.random()));tmp;}"): null

2020-05-19 08:13:07 - [TEST_STEP][PASSED] - tel2 = selenium.getEval("{var x="123456789"; var tmp=""; for (i=0;i<3;i++) tmp+=x.charAt(Math.ceil(8*Math.random()));tmp;}"): null

2020-05-19 08:13:07 - [TEST_STEP][PASSED] - tel3 = selenium.getEval("{var x="123456789"; var tmp=""; for (i=0;i<4;i++) tmp+=x.charAt(Math.ceil(8*Math.random()));tmp;}"): null

2020-05-19 08:13:07 - [TEST_STEP][PASSED] - Tel = selenium.getExpression(tel1 + "-" + tel2 + "-" + tel3): null

2020-05-19 08:13:07 - [TEST_STEP][PASSED] - AutoEmail = selenium.getEval("{var x="ABCDEFGHIJKLMNOPQRSTUVWXYZabcdefghijklmnopqrstuvwxyz"; var tmp="test."; for (i=0;i<8;i++) tmp+=x.charAt(Math.ceil(51*Math.random()));tmp+="@suryani.cn";}"): null

2020-05-19 08:13:07 - [TEST_STEP][PASSED] - FirstName = FirstName: null

2020-05-19 08:13:07 - [TEST_STEP][PASSED] - LastName = LastName: null

2020-05-19 08:13:07 - [TEST_STEP][PASSED] - Address = Address: null

2020-05-19 08:13:07 - [TEST_STEP][PASSED] - City = City: null

2020-05-19 08:13:07 - [TEST_STEP][PASSED] - Tel = Tel: null

2020-05-19 08:13:07 - [TEST_STEP][PASSED] - AutoEmail = AutoEmail: null

2020-05-19 08:13:07 - [TEST_STEP][PASSED] - println(FirstName): null

2020-05-19 08:13:07 - [TEST_STEP][PASSED] - println(LastName): null

2020-05-19 08:13:07 - [TEST_STEP][PASSED] - println(Address): null

2020-05-19 08:13:07 - [TEST_STEP][PASSED] - println(City): null

2020-05-19 08:13:07 - [TEST_STEP][PASSED] - println(Tel): null

2020-05-19 08:13:07 - [TEST_STEP][PASSED] - println(AutoEmail): null

2020-05-19 08:13:07 - [MESSAGE][PASSED] - Call Test Case 'Test Cases/AHI/_include/name' successfully

2020-05-19 08:13:07 - [TEST_STEP][PASSED] - setText(findTestObject("mobileSanity/HBI/Page_App Page 1/input__member-P-1-firstName"), FirstName): Text 'Test-123' is set on object 'Object Repository/mobileSanity/HBI/Page_App Page 1/input__member-P-1-firstName'

2020-05-19 08:13:07 - [MESSAGE][PASSED] - Text 'Test-123' is set on object 'Object Repository/mobileSanity/HBI/Page_App Page 1/input__member-P-1-firstName'

2020-05-19 08:13:07 - [TEST_STEP][PASSED] - setText(findTestObject("mobileSanity/HBI/Page_App Page 1/input__member-P-1-lastName"), LastName): Text 'ZZ11-dGQXQMNu' is set on object 'Object Repository/mobileSanity/HBI/Page_App Page 1/input__member-P-1-lastName'

2020-05-19 08:13:07 - [MESSAGE][PASSED] - Text 'ZZ11-dGQXQMNu' is set on object 'Object Repository/mobileSanity/HBI/Page_App Page 1/input__member-P-1-lastName'

2020-05-19 08:13:07 - [TEST_STEP][PASSED] - if (carrier == "agileone" || carrier == "agilesecure"): null

2020-05-19 08:13:07 - [TEST_STEP][PASSED] - setText(findTestObject("mobileSanity/HBI/Page_App Page 1/input__address"), Address): Text 'EgURlWXy' is set on object 'Object Repository/mobileSanity/HBI/Page_App Page 1/input__address'

2020-05-19 08:13:08 - [MESSAGE][PASSED] - Text 'EgURlWXy' is set on object 'Object Repository/mobileSanity/HBI/Page_App Page 1/input__address'

2020-05-19 08:13:08 - [TEST_STEP][PASSED] - setText(findTestObject("mobileSanity/HBI/Page_App Page 1/input__city"), City): Text 'zhouBTiR' is set on object 'Object Repository/mobileSanity/HBI/Page_App Page 1/input__city'

2020-05-19 08:13:08 - [MESSAGE][PASSED] - Text 'zhouBTiR' is set on object 'Object Repository/mobileSanity/HBI/Page_App Page 1/input__city'

2020-05-19 08:13:08 - [TEST_STEP][PASSED] - setText(findTestObject("mobileSanity/HBI/Page_App Page 1/input__email"), AutoEmail): Text 'test.EJdwDmZL@suryani.cn' is set on object 'Object Repository/mobileSanity/HBI/Page_App Page 1/input__email'

2020-05-19 08:13:09 - [MESSAGE][PASSED] - Text 'test.EJdwDmZL@suryani.cn' is set on object 'Object Repository/mobileSanity/HBI/Page_App Page 1/input__email'

2020-05-19 08:13:09 - [TEST_STEP][PASSED] - setText(findTestObject("mobileSanity/HBI/Page_App Page 1/input_tel"), Tel): Text '353-658-2877' is set on object 'Object Repository/mobileSanity/HBI/Page_App Page 1/input_tel'

2020-05-19 08:13:09 - [MESSAGE][PASSED] - Text '353-658-2877' is set on object 'Object Repository/mobileSanity/HBI/Page_App Page 1/input_tel'

2020-05-19 08:13:09 - [TEST_STEP][PASSED] - Thread.sleep(5000): null

2020-05-19 08:13:14 - [TEST_STEP][PASSED] - click(findTestObject("mobileSanity/HBI/Page_App Page 1/a_Continue to Step 2 - Payment")): Object: 'Object Repository/mobileSanity/HBI/Page_App Page 1/a_Continue to Step 2 - Payment' is clicked on

2020-05-19 08:13:14 - [MESSAGE][PASSED] - Object: 'Object Repository/mobileSanity/HBI/Page_App Page 1/a_Continue to Step 2 - Payment' is clicked on

2020-05-19 08:13:14 - [TEST_STEP][PASSED] - waitForPageLoad(20): Wait for page load successfully

2020-05-19 08:13:14 - [MESSAGE][PASSED] - Wait for page load successfully

2020-05-19 08:13:14 - [TEST_STEP][PASSED] - Thread.sleep(2000): null

2020-05-19 08:13:16 - [TEST_STEP][PASSED] - waitForElementVisible(findTestObject("mobileSanity/HBI/Page_App Page 2/input__credit-card-first"), 20): Object 'Object Repository/mobileSanity/HBI/Page_App Page 2/input__credit-card-first' is visible

2020-05-19 08:13:16 - [MESSAGE][PASSED] - Object 'Object Repository/mobileSanity/HBI/Page_App Page 2/input__credit-card-first' is visible

2020-05-19 08:13:16 - [TEST_STEP][PASSED] - callTestCase(findTestCase("AHI/_include/get_screenshot"), [:], STOP_ON_FAILURE): Call Test Case 'Test Cases/AHI/_include/get_screenshot' successfully

2020-05-19 08:13:16 - [TEST_CASE][PASSED] - Test Cases/AHI/_include/get_screenshot: Test Cases/AHI/_include/get_screenshot

2020-05-19 08:13:16 - [TEST_STEP][PASSED] - Thread.sleep(1000): null

2020-05-19 08:13:17 - [TEST_STEP][PASSED] - takeScreenshot(screenPath + i + ".png"): Taking screenshot successfully

2020-05-19 08:13:18 - [MESSAGE][PASSED] - Taking screenshot successfully
[[ATTACHMENT|D:\\Test\\AgileTest\\Reports\\PrivateLabel\\Spark\\20200519_080058\\../Screenshots/iPhone 6/Spark/Health Choice/20200519_081121/7.png]]

2020-05-19 08:13:18 - [TEST_STEP][PASSED] - (internal.GlobalVariable.i++): null

2020-05-19 08:13:18 - [MESSAGE][PASSED] - Call Test Case 'Test Cases/AHI/_include/get_screenshot' successfully

2020-05-19 08:13:18 - [TEST_STEP][PASSED] - setText(findTestObject("mobileSanity/HBI/Page_App Page 2/input__credit-card-first"), FirstName): Text 'Test-123' is set on object 'Object Repository/mobileSanity/HBI/Page_App Page 2/input__credit-card-first'

2020-05-19 08:13:18 - [MESSAGE][PASSED] - Text 'Test-123' is set on object 'Object Repository/mobileSanity/HBI/Page_App Page 2/input__credit-card-first'

2020-05-19 08:13:18 - [TEST_STEP][PASSED] - setText(findTestObject("mobileSanity/HBI/Page_App Page 2/input__credit-card-last"), LastName): Text 'ZZ11-dGQXQMNu' is set on object 'Object Repository/mobileSanity/HBI/Page_App Page 2/input__credit-card-last'

2020-05-19 08:13:19 - [MESSAGE][PASSED] - Text 'ZZ11-dGQXQMNu' is set on object 'Object Repository/mobileSanity/HBI/Page_App Page 2/input__credit-card-last'

2020-05-19 08:13:19 - [TEST_STEP][PASSED] - selectOptionByValue(findTestObject("mobileSanity/HBI/Page_App Page 2/select_MM010203040506070809101"), "12", true): All options with value '12' are selected in object 'Object Repository/mobileSanity/HBI/Page_App Page 2/select_MM010203040506070809101'  using regular expression

2020-05-19 08:13:20 - [MESSAGE][PASSED] - All options with value '12' are selected in object 'Object Repository/mobileSanity/HBI/Page_App Page 2/select_MM010203040506070809101'  using regular expression

2020-05-19 08:13:20 - [TEST_STEP][PASSED] - selectOptionByValue(findTestObject("mobileSanity/HBI/Page_App Page 2/select_YYYY2019202020212022202"), "2026", true): All options with value '2026' are selected in object 'Object Repository/mobileSanity/HBI/Page_App Page 2/select_YYYY2019202020212022202'  using regular expression

2020-05-19 08:13:20 - [MESSAGE][PASSED] - All options with value '2026' are selected in object 'Object Repository/mobileSanity/HBI/Page_App Page 2/select_YYYY2019202020212022202'  using regular expression

2020-05-19 08:13:20 - [TEST_STEP][PASSED] - setText(findTestObject("mobileSanity/HBI/Page_App Page 2/input__credit-card-number"), "4111111111111111"): Text '4111111111111111' is set on object 'Object Repository/mobileSanity/HBI/Page_App Page 2/input__credit-card-number'

2020-05-19 08:13:21 - [MESSAGE][PASSED] - Text '4111111111111111' is set on object 'Object Repository/mobileSanity/HBI/Page_App Page 2/input__credit-card-number'

2020-05-19 08:13:21 - [TEST_STEP][PASSED] - setText(findTestObject("mobileSanity/HBI/Page_App Page 2/input__cvv"), "123"): Text '123' is set on object 'Object Repository/mobileSanity/HBI/Page_App Page 2/input__cvv'

2020-05-19 08:13:21 - [MESSAGE][PASSED] - Text '123' is set on object 'Object Repository/mobileSanity/HBI/Page_App Page 2/input__cvv'

2020-05-19 08:13:21 - [TEST_STEP][PASSED] - click(findTestObject("mobileSanity/HBI/Page_App Page 2/label_My billing address is th")): Object: 'Object Repository/mobileSanity/HBI/Page_App Page 2/label_My billing address is th' is clicked on

2020-05-19 08:13:21 - [MESSAGE][PASSED] - Object: 'Object Repository/mobileSanity/HBI/Page_App Page 2/label_My billing address is th' is clicked on

2020-05-19 08:13:21 - [TEST_STEP][PASSED] - click(findTestObject("mobileSanity/HBI/Page_App Page 2/label_I Accept Authorization f")): Object: 'Object Repository/mobileSanity/HBI/Page_App Page 2/label_I Accept Authorization f' is clicked on

2020-05-19 08:13:21 - [MESSAGE][PASSED] - Object: 'Object Repository/mobileSanity/HBI/Page_App Page 2/label_I Accept Authorization f' is clicked on

2020-05-19 08:13:21 - [TEST_STEP][PASSED] - click(findTestObject("mobileSanity/HBI/Page_App Page 2/a_Continue to Step 3 - Review")): Object: 'Object Repository/mobileSanity/HBI/Page_App Page 2/a_Continue to Step 3 - Review' is clicked on

2020-05-19 08:13:21 - [MESSAGE][PASSED] - Object: 'Object Repository/mobileSanity/HBI/Page_App Page 2/a_Continue to Step 3 - Review' is clicked on

2020-05-19 08:13:21 - [TEST_STEP][PASSED] - waitForPageLoad(20): Wait for page load successfully

2020-05-19 08:13:21 - [MESSAGE][PASSED] - Wait for page load successfully

2020-05-19 08:13:21 - [TEST_STEP][PASSED] - Thread.sleep(10000): null

2020-05-19 08:13:31 - [TEST_STEP][PASSED] - waitForElementPresent(findTestObject("mobileSanity/HBI/Page_App Page 3/label"), 20): Object 'Object Repository/mobileSanity/HBI/Page_App Page 3/label' is present

2020-05-19 08:13:33 - [MESSAGE][PASSED] - Object 'Object Repository/mobileSanity/HBI/Page_App Page 3/label' is present

2020-05-19 08:13:33 - [TEST_STEP][PASSED] - callTestCase(findTestCase("AHI/_include/get_screenshot"), [:], STOP_ON_FAILURE): Call Test Case 'Test Cases/AHI/_include/get_screenshot' successfully

2020-05-19 08:13:33 - [TEST_CASE][PASSED] - Test Cases/AHI/_include/get_screenshot: Test Cases/AHI/_include/get_screenshot

2020-05-19 08:13:33 - [TEST_STEP][PASSED] - Thread.sleep(1000): null

2020-05-19 08:13:34 - [TEST_STEP][PASSED] - takeScreenshot(screenPath + i + ".png"): Taking screenshot successfully

2020-05-19 08:13:35 - [MESSAGE][PASSED] - Taking screenshot successfully
[[ATTACHMENT|D:\\Test\\AgileTest\\Reports\\PrivateLabel\\Spark\\20200519_080058\\../Screenshots/iPhone 6/Spark/Health Choice/20200519_081121/8.png]]

2020-05-19 08:13:35 - [TEST_STEP][PASSED] - (internal.GlobalVariable.i++): null

2020-05-19 08:13:35 - [MESSAGE][PASSED] - Call Test Case 'Test Cases/AHI/_include/get_screenshot' successfully

2020-05-19 08:13:35 - [TEST_STEP][PASSED] - click(findTestObject("mobileSanity/HBI/Page_App Page 3/label")): Object: 'Object Repository/mobileSanity/HBI/Page_App Page 3/label' is clicked on

2020-05-19 08:13:36 - [MESSAGE][PASSED] - Object: 'Object Repository/mobileSanity/HBI/Page_App Page 3/label' is clicked on

2020-05-19 08:13:36 - [TEST_STEP][PASSED] - click(findTestObject("mobileSanity/HBI/Page_App Page 3/p_CLICK TO SIGN")): Object: 'Object Repository/mobileSanity/HBI/Page_App Page 3/p_CLICK TO SIGN' is clicked on

2020-05-19 08:13:36 - [MESSAGE][PASSED] - Object: 'Object Repository/mobileSanity/HBI/Page_App Page 3/p_CLICK TO SIGN' is clicked on

2020-05-19 08:13:36 - [TEST_STEP][PASSED] - click(findTestObject("mobileSanity/HBI/Page_App Page 3/a_Submit Your Application")): Object: 'Object Repository/mobileSanity/HBI/Page_App Page 3/a_Submit Your Application' is clicked on

2020-05-19 08:13:36 - [MESSAGE][PASSED] - Object: 'Object Repository/mobileSanity/HBI/Page_App Page 3/a_Submit Your Application' is clicked on

2020-05-19 08:13:36 - [TEST_STEP][PASSED] - waitForElementPresent(findTestObject("mobileSanity/Common/app-confirmation"), 20): Object 'Object Repository/mobileSanity/Common/app-confirmation' is present

2020-05-19 08:13:39 - [MESSAGE][PASSED] - Object 'Object Repository/mobileSanity/Common/app-confirmation' is present

2020-05-19 08:13:39 - [TEST_STEP][PASSED] - callTestCase(findTestCase("AHI/_include/get_screenshot"), [:], STOP_ON_FAILURE): Call Test Case 'Test Cases/AHI/_include/get_screenshot' successfully

2020-05-19 08:13:39 - [TEST_CASE][PASSED] - Test Cases/AHI/_include/get_screenshot: Test Cases/AHI/_include/get_screenshot

2020-05-19 08:13:39 - [TEST_STEP][PASSED] - Thread.sleep(1000): null

2020-05-19 08:13:40 - [TEST_STEP][PASSED] - takeScreenshot(screenPath + i + ".png"): Taking screenshot successfully

2020-05-19 08:13:41 - [MESSAGE][PASSED] - Taking screenshot successfully
[[ATTACHMENT|D:\\Test\\AgileTest\\Reports\\PrivateLabel\\Spark\\20200519_080058\\../Screenshots/iPhone 6/Spark/Health Choice/20200519_081121/9.png]]

2020-05-19 08:13:41 - [TEST_STEP][PASSED] - (internal.GlobalVariable.i++): null

2020-05-19 08:13:41 - [MESSAGE][PASSED] - Call Test Case 'Test Cases/AHI/_include/get_screenshot' successfully

2020-05-19 08:13:41 - [MESSAGE][PASSED] - Call Test Case 'Test Cases/AHI/_include/goToEnd_hbi' successfully]]></system-out>
         <system-err><![CDATA[]]></system-err>
      </testcase>
      <testcase name="Test Cases/PL Site/Spark/hbi/Vitala Care" classname="Test Cases/PL Site/Spark/hbi/Vitala Care" status="PASSED">
         <system-out><![CDATA[2020-05-19 08:13:41 - [TEST_CASE][PASSED] - Test Cases/PL Site/Spark/hbi/Vitala Care: Test Cases/PL Site/Spark/hbi/Vitala Care

2020-05-19 08:13:41 - [TEST_STEP][PASSED] - callTestCase(findTestCase("AHI/_include/get_screenPath"), ["productLine":"Spark", "carrierName":"Vitala Care"], CONTINUE_ON_FAILURE): Call Test Case 'Test Cases/AHI/_include/get_screenPath' successfully

2020-05-19 08:13:41 - [TEST_CASE][PASSED] - Test Cases/AHI/_include/get_screenPath: Test Cases/AHI/_include/get_screenPath

2020-05-19 08:13:41 - [TEST_STEP][PASSED] - m = getExecutionProperties(): null

2020-05-19 08:13:41 - [TEST_STEP][PASSED] - deviceName = get("mobileEmulation").get("deviceName"): null

2020-05-19 08:13:41 - [TEST_STEP][PASSED] - println(deviceName): null

2020-05-19 08:13:41 - [TEST_STEP][PASSED] - now = new java.util.Date(): null

2020-05-19 08:13:41 - [TEST_STEP][PASSED] - mydate = now.format("yyyyMMdd_HHmmss"): null

2020-05-19 08:13:41 - [TEST_STEP][PASSED] - screenPath = "../Screenshots/": null

2020-05-19 08:13:41 - [TEST_STEP][PASSED] - screenPath = screenPath + deviceName + "/" + productLine + "/" + carrierName + "/" + mydate + "/": null

2020-05-19 08:13:41 - [TEST_STEP][PASSED] - println(screenPath): null

2020-05-19 08:13:41 - [MESSAGE][PASSED] - Call Test Case 'Test Cases/AHI/_include/get_screenPath' successfully

2020-05-19 08:13:41 - [TEST_STEP][PASSED] - i = 0: null

2020-05-19 08:13:41 - [TEST_STEP][PASSED] - callTestCase(findTestCase("AHI/_include/openWebSite"), ["env":"https://spark--qa.storefront.mybenefitskeeper.com"], STOP_ON_FAILURE): Call Test Case 'Test Cases/AHI/_include/openWebSite' successfully

2020-05-19 08:13:41 - [TEST_CASE][PASSED] - Test Cases/AHI/_include/openWebSite: Test Cases/AHI/_include/openWebSite

2020-05-19 08:13:41 - [TEST_STEP][PASSED] - openBrowser(env): Browser is opened with url: 'https://spark--qa.storefront.mybenefitskeeper.com'

2020-05-19 08:13:41 - [MESSAGE][WARNING] - A browser is already opened. Closing browser and opening a new one

2020-05-19 08:13:43 - [MESSAGE][INFO] - Starting 'Chrome' driver

2020-05-19 08:13:43 - [MESSAGE][INFO] - User set preference: ['mobileEmulation', '{deviceName=iPhone 6}']

2020-05-19 08:13:43 - [MESSAGE][INFO] - User set preference: ['args', '[--incognito, --aggressive-cache-discard, --window-size=375,677, --no-sandbox, --ignore-certificate-errors]']

2020-05-19 08:14:10 - [MESSAGE][PASSED] - Browser is opened with url: 'https://spark--qa.storefront.mybenefitskeeper.com'

2020-05-19 08:14:10 - [TEST_STEP][PASSED] - waitForPageLoad(20): Wait for page load successfully

2020-05-19 08:14:10 - [MESSAGE][PASSED] - Wait for page load successfully

2020-05-19 08:14:10 - [TEST_STEP][PASSED] - callTestCase(findTestCase("AHI/_include/get_screenshot"), [:], STOP_ON_FAILURE): Call Test Case 'Test Cases/AHI/_include/get_screenshot' successfully

2020-05-19 08:14:10 - [TEST_CASE][PASSED] - Test Cases/AHI/_include/get_screenshot: Test Cases/AHI/_include/get_screenshot

2020-05-19 08:14:10 - [TEST_STEP][PASSED] - Thread.sleep(1000): null

2020-05-19 08:14:11 - [TEST_STEP][PASSED] - takeScreenshot(screenPath + i + ".png"): Taking screenshot successfully

2020-05-19 08:14:14 - [MESSAGE][PASSED] - Taking screenshot successfully
[[ATTACHMENT|D:\\Test\\AgileTest\\Reports\\PrivateLabel\\Spark\\20200519_080058\\../Screenshots/iPhone 6/Spark/Vitala Care/20200519_081341/0.png]]

2020-05-19 08:14:14 - [TEST_STEP][PASSED] - (internal.GlobalVariable.i++): null

2020-05-19 08:14:14 - [MESSAGE][PASSED] - Call Test Case 'Test Cases/AHI/_include/get_screenshot' successfully

2020-05-19 08:14:14 - [MESSAGE][PASSED] - Call Test Case 'Test Cases/AHI/_include/openWebSite' successfully

2020-05-19 08:14:14 - [TEST_STEP][PASSED] - callTestCase(findTestCase("PL Site/_include/census_hbi"), ["zipcode":"90011"], CONTINUE_ON_FAILURE): Call Test Case 'Test Cases/PL Site/_include/census_hbi' successfully

2020-05-19 08:14:14 - [TEST_CASE][PASSED] - Test Cases/PL Site/_include/census_hbi: Test Cases/PL Site/_include/census_hbi

2020-05-19 08:14:14 - [TEST_STEP][PASSED] - click(findTestObject("mobileSanity/Common/side_nav/menu")): Object: 'Object Repository/mobileSanity/Common/side_nav/menu' is clicked on

2020-05-19 08:14:14 - [MESSAGE][PASSED] - Object: 'Object Repository/mobileSanity/Common/side_nav/menu' is clicked on

2020-05-19 08:14:14 - [TEST_STEP][PASSED] - Thread.sleep(3000): null

2020-05-19 08:14:17 - [TEST_STEP][PASSED] - callTestCase(findTestCase("AHI/_include/get_screenshot"), [:], STOP_ON_FAILURE): Call Test Case 'Test Cases/AHI/_include/get_screenshot' successfully

2020-05-19 08:14:17 - [TEST_CASE][PASSED] - Test Cases/AHI/_include/get_screenshot: Test Cases/AHI/_include/get_screenshot

2020-05-19 08:14:17 - [TEST_STEP][PASSED] - Thread.sleep(1000): null

2020-05-19 08:14:18 - [TEST_STEP][PASSED] - takeScreenshot(screenPath + i + ".png"): Taking screenshot successfully

2020-05-19 08:14:19 - [MESSAGE][PASSED] - Taking screenshot successfully
[[ATTACHMENT|D:\\Test\\AgileTest\\Reports\\PrivateLabel\\Spark\\20200519_080058\\../Screenshots/iPhone 6/Spark/Vitala Care/20200519_081341/1.png]]

2020-05-19 08:14:19 - [TEST_STEP][PASSED] - (internal.GlobalVariable.i++): null

2020-05-19 08:14:19 - [MESSAGE][PASSED] - Call Test Case 'Test Cases/AHI/_include/get_screenshot' successfully

2020-05-19 08:14:19 - [TEST_STEP][PASSED] - click(findTestObject("PLSite/pl_nav_hbi")): Object: 'Object Repository/PLSite/pl_nav_hbi' is clicked on

2020-05-19 08:14:20 - [MESSAGE][PASSED] - Object: 'Object Repository/PLSite/pl_nav_hbi' is clicked on

2020-05-19 08:14:20 - [TEST_STEP][PASSED] - waitForPageLoad(10): Wait for page load successfully

2020-05-19 08:14:20 - [MESSAGE][PASSED] - Wait for page load successfully

2020-05-19 08:14:20 - [TEST_STEP][PASSED] - Thread.sleep(3000): null

2020-05-19 08:14:23 - [TEST_STEP][PASSED] - callTestCase(findTestCase("AHI/_include/get_screenshot"), [:], STOP_ON_FAILURE): Call Test Case 'Test Cases/AHI/_include/get_screenshot' successfully

2020-05-19 08:14:23 - [TEST_CASE][PASSED] - Test Cases/AHI/_include/get_screenshot: Test Cases/AHI/_include/get_screenshot

2020-05-19 08:14:23 - [TEST_STEP][PASSED] - Thread.sleep(1000): null

2020-05-19 08:14:24 - [TEST_STEP][PASSED] - takeScreenshot(screenPath + i + ".png"): Taking screenshot successfully

2020-05-19 08:14:26 - [MESSAGE][PASSED] - Taking screenshot successfully
[[ATTACHMENT|D:\\Test\\AgileTest\\Reports\\PrivateLabel\\Spark\\20200519_080058\\../Screenshots/iPhone 6/Spark/Vitala Care/20200519_081341/2.png]]

2020-05-19 08:14:26 - [TEST_STEP][PASSED] - (internal.GlobalVariable.i++): null

2020-05-19 08:14:26 - [MESSAGE][PASSED] - Call Test Case 'Test Cases/AHI/_include/get_screenshot' successfully

2020-05-19 08:14:26 - [TEST_STEP][PASSED] - setText(findTestObject("mobileSanity/HBI/census/input_Location_zip-input"), zipcode): Text '90011' is set on object 'Object Repository/mobileSanity/HBI/census/input_Location_zip-input'

2020-05-19 08:14:27 - [MESSAGE][PASSED] - Text '90011' is set on object 'Object Repository/mobileSanity/HBI/census/input_Location_zip-input'

2020-05-19 08:14:27 - [TEST_STEP][PASSED] - Thread.sleep(500): null

2020-05-19 08:14:27 - [TEST_STEP][PASSED] - setText(findTestObject("mobileSanity/HBI/census/input_Date of Birth_dob-0"), "12121980"): Text '12121980' is set on object 'Object Repository/mobileSanity/HBI/census/input_Date of Birth_dob-0'

2020-05-19 08:14:28 - [MESSAGE][PASSED] - Text '12121980' is set on object 'Object Repository/mobileSanity/HBI/census/input_Date of Birth_dob-0'

2020-05-19 08:14:28 - [TEST_STEP][PASSED] - click(findTestObject("mobileSanity/HBI/census/label_Male")): Object: 'Object Repository/mobileSanity/HBI/census/label_Male' is clicked on

2020-05-19 08:14:28 - [MESSAGE][PASSED] - Object: 'Object Repository/mobileSanity/HBI/census/label_Male' is clicked on

2020-05-19 08:14:28 - [TEST_STEP][PASSED] - click(findTestObject("mobileSanity/HBI/census/label_Get a Quote")): Object: 'Object Repository/mobileSanity/HBI/census/label_Get a Quote' is clicked on

2020-05-19 08:14:30 - [MESSAGE][PASSED] - Object: 'Object Repository/mobileSanity/HBI/census/label_Get a Quote' is clicked on

2020-05-19 08:14:30 - [TEST_STEP][PASSED] - waitForPageLoad(20): Wait for page load successfully

2020-05-19 08:14:30 - [MESSAGE][PASSED] - Wait for page load successfully

2020-05-19 08:14:30 - [TEST_STEP][PASSED] - Thread.sleep(3000): null

2020-05-19 08:14:33 - [TEST_STEP][PASSED] - callTestCase(findTestCase("AHI/_include/check_quoteleadform"), [:], STOP_ON_FAILURE): Call Test Case 'Test Cases/AHI/_include/check_quoteleadform' successfully

2020-05-19 08:14:33 - [TEST_CASE][PASSED] - Test Cases/AHI/_include/check_quoteleadform: Test Cases/AHI/_include/check_quoteleadform

2020-05-19 08:14:33 - [TEST_STEP][PASSED] - callTestCase(findTestCase("AHI/_include/name"), [:], CONTINUE_ON_FAILURE): Call Test Case 'Test Cases/AHI/_include/name' successfully

2020-05-19 08:14:34 - [TEST_CASE][PASSED] - Test Cases/AHI/_include/name: Test Cases/AHI/_include/name

2020-05-19 08:14:34 - [TEST_STEP][PASSED] - driver = getWebDriver(): null

2020-05-19 08:14:34 - [TEST_STEP][PASSED] - selenium = new com.thoughtworks.selenium.webdriven.WebDriverBackedSelenium(driver, internal.GlobalVariable.ENV): null

2020-05-19 08:14:34 - [TEST_STEP][PASSED] - FirstName = "Test-123": null

2020-05-19 08:14:34 - [TEST_STEP][PASSED] - LastName = selenium.getEval("{var x="ABCDEFGHIJKLMNOPQRSTUVWXYZabcdefghijklmnopqrstuvwxyz"; var tmp="ZZ11-"; for (i=0;i<8;i++) tmp+=x.charAt(Math.ceil(51*Math.random()));tmp;}"): null

2020-05-19 08:14:34 - [TEST_STEP][PASSED] - Address = selenium.getEval("{var x="ABCDEFGHIJKLMNOPQRSTUVWXYZabcdefghijklmnopqrstuvwxyz"; var tmp=""; for (i=0;i<8;i++) tmp+=x.charAt(Math.ceil(51*Math.random()));tmp;}"): null

2020-05-19 08:14:34 - [TEST_STEP][PASSED] - City = selenium.getEval("{var x="ABCDEFGHIJKLMNOPQRSTUVWXYZabcdefghijklmnopqrstuvwxyz"; var tmp=""; for (i=0;i<8;i++) tmp+=x.charAt(Math.ceil(51*Math.random()));tmp;}"): null

2020-05-19 08:14:34 - [TEST_STEP][PASSED] - tel1 = selenium.getEval("{var x="123456789"; var tmp=""; for (i=0;i<3;i++) tmp+=x.charAt(Math.ceil(8*Math.random()));tmp;}"): null

2020-05-19 08:14:34 - [TEST_STEP][PASSED] - tel2 = selenium.getEval("{var x="123456789"; var tmp=""; for (i=0;i<3;i++) tmp+=x.charAt(Math.ceil(8*Math.random()));tmp;}"): null

2020-05-19 08:14:34 - [TEST_STEP][PASSED] - tel3 = selenium.getEval("{var x="123456789"; var tmp=""; for (i=0;i<4;i++) tmp+=x.charAt(Math.ceil(8*Math.random()));tmp;}"): null

2020-05-19 08:14:34 - [TEST_STEP][PASSED] - Tel = selenium.getExpression(tel1 + "-" + tel2 + "-" + tel3): null

2020-05-19 08:14:34 - [TEST_STEP][PASSED] - AutoEmail = selenium.getEval("{var x="ABCDEFGHIJKLMNOPQRSTUVWXYZabcdefghijklmnopqrstuvwxyz"; var tmp="test."; for (i=0;i<8;i++) tmp+=x.charAt(Math.ceil(51*Math.random()));tmp+="@suryani.cn";}"): null

2020-05-19 08:14:34 - [TEST_STEP][PASSED] - FirstName = FirstName: null

2020-05-19 08:14:34 - [TEST_STEP][PASSED] - LastName = LastName: null

2020-05-19 08:14:34 - [TEST_STEP][PASSED] - Address = Address: null

2020-05-19 08:14:34 - [TEST_STEP][PASSED] - City = City: null

2020-05-19 08:14:34 - [TEST_STEP][PASSED] - Tel = Tel: null

2020-05-19 08:14:34 - [TEST_STEP][PASSED] - AutoEmail = AutoEmail: null

2020-05-19 08:14:34 - [TEST_STEP][PASSED] - println(FirstName): null

2020-05-19 08:14:34 - [TEST_STEP][PASSED] - println(LastName): null

2020-05-19 08:14:34 - [TEST_STEP][PASSED] - println(Address): null

2020-05-19 08:14:34 - [TEST_STEP][PASSED] - println(City): null

2020-05-19 08:14:34 - [TEST_STEP][PASSED] - println(Tel): null

2020-05-19 08:14:34 - [TEST_STEP][PASSED] - println(AutoEmail): null

2020-05-19 08:14:34 - [MESSAGE][PASSED] - Call Test Case 'Test Cases/AHI/_include/name' successfully

2020-05-19 08:14:34 - [TEST_STEP][PASSED] - leadform_exist = test.MobileKeywords.isElementPresent_Web(findTestObject("mobileSanity/quote lead form/lead_form"), 20): test.MobileKeywords.isElementPresent_Web is PASSED

2020-05-19 08:15:03 - [MESSAGE][INFO] - Unable to find the element located by 'By.xpath: //*[@id = 'lightboxLeadForm']'. Please recheck the objects properties to make sure the desired element is located. 

2020-05-19 08:15:03 - [MESSAGE][PASSED] - test.MobileKeywords.isElementPresent_Web is PASSED

2020-05-19 08:15:03 - [TEST_STEP][PASSED] - if (leadform_exist): null

2020-05-19 08:15:03 - [MESSAGE][PASSED] - Call Test Case 'Test Cases/AHI/_include/check_quoteleadform' successfully

2020-05-19 08:15:03 - [TEST_STEP][PASSED] - callTestCase(findTestCase("AHI/_include/get_screenshot"), [:], STOP_ON_FAILURE): Call Test Case 'Test Cases/AHI/_include/get_screenshot' successfully

2020-05-19 08:15:03 - [TEST_CASE][PASSED] - Test Cases/AHI/_include/get_screenshot: Test Cases/AHI/_include/get_screenshot

2020-05-19 08:15:03 - [TEST_STEP][PASSED] - Thread.sleep(1000): null

2020-05-19 08:15:04 - [TEST_STEP][PASSED] - takeScreenshot(screenPath + i + ".png"): Taking screenshot successfully

2020-05-19 08:15:05 - [MESSAGE][PASSED] - Taking screenshot successfully
[[ATTACHMENT|D:\\Test\\AgileTest\\Reports\\PrivateLabel\\Spark\\20200519_080058\\../Screenshots/iPhone 6/Spark/Vitala Care/20200519_081341/3.png]]

2020-05-19 08:15:05 - [TEST_STEP][PASSED] - (internal.GlobalVariable.i++): null

2020-05-19 08:15:05 - [MESSAGE][PASSED] - Call Test Case 'Test Cases/AHI/_include/get_screenshot' successfully

2020-05-19 08:15:05 - [MESSAGE][PASSED] - Call Test Case 'Test Cases/PL Site/_include/census_hbi' successfully

2020-05-19 08:15:05 - [TEST_STEP][PASSED] - Thread.sleep(5000): null

2020-05-19 08:15:10 - [TEST_STEP][PASSED] - scrollToPosition(200, 2300): Browser is scrolled to position x = 200, y = 2300

2020-05-19 08:15:10 - [MESSAGE][PASSED] - Browser is scrolled to position x = 200, y = 2300

2020-05-19 08:15:10 - [TEST_STEP][PASSED] - click(findTestObject("mobileSanity/HBI/quote/a_Vitala Care")): Object: 'Object Repository/mobileSanity/HBI/quote/a_Vitala Care' is clicked on

2020-05-19 08:15:11 - [MESSAGE][PASSED] - Object: 'Object Repository/mobileSanity/HBI/quote/a_Vitala Care' is clicked on

2020-05-19 08:15:11 - [TEST_STEP][PASSED] - waitForPageLoad(10): Wait for page load successfully

2020-05-19 08:15:11 - [MESSAGE][PASSED] - Wait for page load successfully

2020-05-19 08:15:11 - [TEST_STEP][PASSED] - callTestCase(findTestCase("AHI/_include/get_screenshot"), [:], STOP_ON_FAILURE): Call Test Case 'Test Cases/AHI/_include/get_screenshot' successfully

2020-05-19 08:15:11 - [TEST_CASE][PASSED] - Test Cases/AHI/_include/get_screenshot: Test Cases/AHI/_include/get_screenshot

2020-05-19 08:15:11 - [TEST_STEP][PASSED] - Thread.sleep(1000): null

2020-05-19 08:15:12 - [TEST_STEP][PASSED] - takeScreenshot(screenPath + i + ".png"): Taking screenshot successfully

2020-05-19 08:15:12 - [MESSAGE][PASSED] - Taking screenshot successfully
[[ATTACHMENT|D:\\Test\\AgileTest\\Reports\\PrivateLabel\\Spark\\20200519_080058\\../Screenshots/iPhone 6/Spark/Vitala Care/20200519_081341/4.png]]

2020-05-19 08:15:12 - [TEST_STEP][PASSED] - (internal.GlobalVariable.i++): null

2020-05-19 08:15:12 - [MESSAGE][PASSED] - Call Test Case 'Test Cases/AHI/_include/get_screenshot' successfully

2020-05-19 08:15:12 - [TEST_STEP][PASSED] - click(findTestObject("mobileSanity/HBI/detail/a_Apply for This Plan")): Object: 'Object Repository/mobileSanity/HBI/detail/a_Apply for This Plan' is clicked on

2020-05-19 08:15:13 - [MESSAGE][PASSED] - Object: 'Object Repository/mobileSanity/HBI/detail/a_Apply for This Plan' is clicked on

2020-05-19 08:15:13 - [TEST_STEP][PASSED] - waitForPageLoad(10): Wait for page load successfully

2020-05-19 08:15:13 - [MESSAGE][PASSED] - Wait for page load successfully

2020-05-19 08:15:13 - [TEST_STEP][PASSED] - callTestCase(findTestCase("AHI/_include/get_screenshot"), [:], STOP_ON_FAILURE): Call Test Case 'Test Cases/AHI/_include/get_screenshot' successfully

2020-05-19 08:15:13 - [TEST_CASE][PASSED] - Test Cases/AHI/_include/get_screenshot: Test Cases/AHI/_include/get_screenshot

2020-05-19 08:15:13 - [TEST_STEP][PASSED] - Thread.sleep(1000): null

2020-05-19 08:15:14 - [TEST_STEP][PASSED] - takeScreenshot(screenPath + i + ".png"): Taking screenshot successfully

2020-05-19 08:15:16 - [MESSAGE][PASSED] - Taking screenshot successfully
[[ATTACHMENT|D:\\Test\\AgileTest\\Reports\\PrivateLabel\\Spark\\20200519_080058\\../Screenshots/iPhone 6/Spark/Vitala Care/20200519_081341/5.png]]

2020-05-19 08:15:16 - [TEST_STEP][PASSED] - (internal.GlobalVariable.i++): null

2020-05-19 08:15:16 - [MESSAGE][PASSED] - Call Test Case 'Test Cases/AHI/_include/get_screenshot' successfully

2020-05-19 08:15:16 - [TEST_STEP][PASSED] - click(findTestObject("mobileSanity/HBI/Page_Apply/span_Start Secure Application")): Object: 'Object Repository/mobileSanity/HBI/Page_Apply/span_Start Secure Application' is clicked on

2020-05-19 08:15:17 - [MESSAGE][PASSED] - Object: 'Object Repository/mobileSanity/HBI/Page_Apply/span_Start Secure Application' is clicked on

2020-05-19 08:15:17 - [TEST_STEP][PASSED] - waitForPageLoad(10): Wait for page load successfully

2020-05-19 08:15:17 - [MESSAGE][PASSED] - Wait for page load successfully

2020-05-19 08:15:17 - [TEST_STEP][PASSED] - callTestCase(findTestCase("AHI/_include/get_screenshot"), [:], STOP_ON_FAILURE): Call Test Case 'Test Cases/AHI/_include/get_screenshot' successfully

2020-05-19 08:15:17 - [TEST_CASE][PASSED] - Test Cases/AHI/_include/get_screenshot: Test Cases/AHI/_include/get_screenshot

2020-05-19 08:15:17 - [TEST_STEP][PASSED] - Thread.sleep(1000): null

2020-05-19 08:15:18 - [TEST_STEP][PASSED] - takeScreenshot(screenPath + i + ".png"): Taking screenshot successfully

2020-05-19 08:15:19 - [MESSAGE][PASSED] - Taking screenshot successfully
[[ATTACHMENT|D:\\Test\\AgileTest\\Reports\\PrivateLabel\\Spark\\20200519_080058\\../Screenshots/iPhone 6/Spark/Vitala Care/20200519_081341/6.png]]

2020-05-19 08:15:19 - [TEST_STEP][PASSED] - (internal.GlobalVariable.i++): null

2020-05-19 08:15:19 - [MESSAGE][PASSED] - Call Test Case 'Test Cases/AHI/_include/get_screenshot' successfully

2020-05-19 08:15:19 - [TEST_STEP][PASSED] - callTestCase(findTestCase("AHI/_include/goToEnd_hbi"), ["carrier":"vitalacare", "state":"ca"], CONTINUE_ON_FAILURE): Call Test Case 'Test Cases/AHI/_include/goToEnd_hbi' successfully

2020-05-19 08:15:19 - [TEST_CASE][PASSED] - Test Cases/AHI/_include/goToEnd_hbi: Test Cases/AHI/_include/goToEnd_hbi

2020-05-19 08:15:19 - [TEST_STEP][PASSED] - if (state == "ca"): Call Test Case 'Test Cases/AHI/_include/get_screenshot' successfully

2020-05-19 08:15:19 - [TEST_STEP][PASSED] - Thread.sleep(3000): null

2020-05-19 08:15:22 - [TEST_STEP][PASSED] - click(findTestObject("mobileSanity/HBI/Page_App Page 1/yes_question_1")): Object: 'Object Repository/mobileSanity/HBI/Page_App Page 1/yes_question_1' is clicked on

2020-05-19 08:15:23 - [MESSAGE][PASSED] - Object: 'Object Repository/mobileSanity/HBI/Page_App Page 1/yes_question_1' is clicked on

2020-05-19 08:15:23 - [TEST_STEP][PASSED] - click(findTestObject("mobileSanity/HBI/Page_App Page 1/continue_to_app_info")): Object: 'Object Repository/mobileSanity/HBI/Page_App Page 1/continue_to_app_info' is clicked on

2020-05-19 08:15:23 - [MESSAGE][PASSED] - Object: 'Object Repository/mobileSanity/HBI/Page_App Page 1/continue_to_app_info' is clicked on

2020-05-19 08:15:23 - [TEST_STEP][PASSED] - waitForPageLoad(20): Wait for page load successfully

2020-05-19 08:15:24 - [MESSAGE][PASSED] - Wait for page load successfully

2020-05-19 08:15:24 - [TEST_STEP][PASSED] - Thread.sleep(3000): null

2020-05-19 08:15:27 - [TEST_STEP][PASSED] - callTestCase(findTestCase("AHI/_include/get_screenshot"), [:], STOP_ON_FAILURE): Call Test Case 'Test Cases/AHI/_include/get_screenshot' successfully

2020-05-19 08:15:27 - [TEST_CASE][PASSED] - Test Cases/AHI/_include/get_screenshot: Test Cases/AHI/_include/get_screenshot

2020-05-19 08:15:27 - [TEST_STEP][PASSED] - Thread.sleep(1000): null

2020-05-19 08:15:28 - [TEST_STEP][PASSED] - takeScreenshot(screenPath + i + ".png"): Taking screenshot successfully

2020-05-19 08:15:29 - [MESSAGE][PASSED] - Taking screenshot successfully
[[ATTACHMENT|D:\\Test\\AgileTest\\Reports\\PrivateLabel\\Spark\\20200519_080058\\../Screenshots/iPhone 6/Spark/Vitala Care/20200519_081341/7.png]]

2020-05-19 08:15:29 - [TEST_STEP][PASSED] - (internal.GlobalVariable.i++): null

2020-05-19 08:15:29 - [MESSAGE][PASSED] - Call Test Case 'Test Cases/AHI/_include/get_screenshot' successfully

2020-05-19 08:15:29 - [TEST_STEP][PASSED] - callTestCase(findTestCase("AHI/_include/name"), [:], CONTINUE_ON_FAILURE): Call Test Case 'Test Cases/AHI/_include/name' successfully

2020-05-19 08:15:29 - [TEST_CASE][PASSED] - Test Cases/AHI/_include/name: Test Cases/AHI/_include/name

2020-05-19 08:15:29 - [TEST_STEP][PASSED] - driver = getWebDriver(): null

2020-05-19 08:15:29 - [TEST_STEP][PASSED] - selenium = new com.thoughtworks.selenium.webdriven.WebDriverBackedSelenium(driver, internal.GlobalVariable.ENV): null

2020-05-19 08:15:30 - [TEST_STEP][PASSED] - FirstName = "Test-123": null

2020-05-19 08:15:30 - [TEST_STEP][PASSED] - LastName = selenium.getEval("{var x="ABCDEFGHIJKLMNOPQRSTUVWXYZabcdefghijklmnopqrstuvwxyz"; var tmp="ZZ11-"; for (i=0;i<8;i++) tmp+=x.charAt(Math.ceil(51*Math.random()));tmp;}"): null

2020-05-19 08:15:30 - [TEST_STEP][PASSED] - Address = selenium.getEval("{var x="ABCDEFGHIJKLMNOPQRSTUVWXYZabcdefghijklmnopqrstuvwxyz"; var tmp=""; for (i=0;i<8;i++) tmp+=x.charAt(Math.ceil(51*Math.random()));tmp;}"): null

2020-05-19 08:15:30 - [TEST_STEP][PASSED] - City = selenium.getEval("{var x="ABCDEFGHIJKLMNOPQRSTUVWXYZabcdefghijklmnopqrstuvwxyz"; var tmp=""; for (i=0;i<8;i++) tmp+=x.charAt(Math.ceil(51*Math.random()));tmp;}"): null

2020-05-19 08:15:30 - [TEST_STEP][PASSED] - tel1 = selenium.getEval("{var x="123456789"; var tmp=""; for (i=0;i<3;i++) tmp+=x.charAt(Math.ceil(8*Math.random()));tmp;}"): null

2020-05-19 08:15:30 - [TEST_STEP][PASSED] - tel2 = selenium.getEval("{var x="123456789"; var tmp=""; for (i=0;i<3;i++) tmp+=x.charAt(Math.ceil(8*Math.random()));tmp;}"): null

2020-05-19 08:15:30 - [TEST_STEP][PASSED] - tel3 = selenium.getEval("{var x="123456789"; var tmp=""; for (i=0;i<4;i++) tmp+=x.charAt(Math.ceil(8*Math.random()));tmp;}"): null

2020-05-19 08:15:30 - [TEST_STEP][PASSED] - Tel = selenium.getExpression(tel1 + "-" + tel2 + "-" + tel3): null

2020-05-19 08:15:30 - [TEST_STEP][PASSED] - AutoEmail = selenium.getEval("{var x="ABCDEFGHIJKLMNOPQRSTUVWXYZabcdefghijklmnopqrstuvwxyz"; var tmp="test."; for (i=0;i<8;i++) tmp+=x.charAt(Math.ceil(51*Math.random()));tmp+="@suryani.cn";}"): null

2020-05-19 08:15:30 - [TEST_STEP][PASSED] - FirstName = FirstName: null

2020-05-19 08:15:30 - [TEST_STEP][PASSED] - LastName = LastName: null

2020-05-19 08:15:30 - [TEST_STEP][PASSED] - Address = Address: null

2020-05-19 08:15:30 - [TEST_STEP][PASSED] - City = City: null

2020-05-19 08:15:30 - [TEST_STEP][PASSED] - Tel = Tel: null

2020-05-19 08:15:30 - [TEST_STEP][PASSED] - AutoEmail = AutoEmail: null

2020-05-19 08:15:30 - [TEST_STEP][PASSED] - println(FirstName): null

2020-05-19 08:15:30 - [TEST_STEP][PASSED] - println(LastName): null

2020-05-19 08:15:30 - [TEST_STEP][PASSED] - println(Address): null

2020-05-19 08:15:30 - [TEST_STEP][PASSED] - println(City): null

2020-05-19 08:15:30 - [TEST_STEP][PASSED] - println(Tel): null

2020-05-19 08:15:30 - [TEST_STEP][PASSED] - println(AutoEmail): null

2020-05-19 08:15:30 - [MESSAGE][PASSED] - Call Test Case 'Test Cases/AHI/_include/name' successfully

2020-05-19 08:15:30 - [TEST_STEP][PASSED] - setText(findTestObject("mobileSanity/HBI/Page_App Page 1/input__member-P-1-firstName"), FirstName): Text 'Test-123' is set on object 'Object Repository/mobileSanity/HBI/Page_App Page 1/input__member-P-1-firstName'

2020-05-19 08:15:30 - [MESSAGE][PASSED] - Text 'Test-123' is set on object 'Object Repository/mobileSanity/HBI/Page_App Page 1/input__member-P-1-firstName'

2020-05-19 08:15:30 - [TEST_STEP][PASSED] - setText(findTestObject("mobileSanity/HBI/Page_App Page 1/input__member-P-1-lastName"), LastName): Text 'ZZ11-plTbYwNJ' is set on object 'Object Repository/mobileSanity/HBI/Page_App Page 1/input__member-P-1-lastName'

2020-05-19 08:15:31 - [MESSAGE][PASSED] - Text 'ZZ11-plTbYwNJ' is set on object 'Object Repository/mobileSanity/HBI/Page_App Page 1/input__member-P-1-lastName'

2020-05-19 08:15:31 - [TEST_STEP][PASSED] - if (carrier == "agileone" || carrier == "agilesecure"): null

2020-05-19 08:15:31 - [TEST_STEP][PASSED] - setText(findTestObject("mobileSanity/HBI/Page_App Page 1/input__address"), Address): Text 'GBrLDoOR' is set on object 'Object Repository/mobileSanity/HBI/Page_App Page 1/input__address'

2020-05-19 08:15:31 - [MESSAGE][PASSED] - Text 'GBrLDoOR' is set on object 'Object Repository/mobileSanity/HBI/Page_App Page 1/input__address'

2020-05-19 08:15:31 - [TEST_STEP][PASSED] - setText(findTestObject("mobileSanity/HBI/Page_App Page 1/input__city"), City): Text 'ZWwMPQIv' is set on object 'Object Repository/mobileSanity/HBI/Page_App Page 1/input__city'

2020-05-19 08:15:31 - [MESSAGE][PASSED] - Text 'ZWwMPQIv' is set on object 'Object Repository/mobileSanity/HBI/Page_App Page 1/input__city'

2020-05-19 08:15:31 - [TEST_STEP][PASSED] - setText(findTestObject("mobileSanity/HBI/Page_App Page 1/input__email"), AutoEmail): Text 'test.XSVeMaxU@suryani.cn' is set on object 'Object Repository/mobileSanity/HBI/Page_App Page 1/input__email'

2020-05-19 08:15:32 - [MESSAGE][PASSED] - Text 'test.XSVeMaxU@suryani.cn' is set on object 'Object Repository/mobileSanity/HBI/Page_App Page 1/input__email'

2020-05-19 08:15:32 - [TEST_STEP][PASSED] - setText(findTestObject("mobileSanity/HBI/Page_App Page 1/input_tel"), Tel): Text '342-474-7985' is set on object 'Object Repository/mobileSanity/HBI/Page_App Page 1/input_tel'

2020-05-19 08:15:32 - [MESSAGE][PASSED] - Text '342-474-7985' is set on object 'Object Repository/mobileSanity/HBI/Page_App Page 1/input_tel'

2020-05-19 08:15:32 - [TEST_STEP][PASSED] - Thread.sleep(5000): null

2020-05-19 08:15:38 - [TEST_STEP][PASSED] - click(findTestObject("mobileSanity/HBI/Page_App Page 1/a_Continue to Step 2 - Payment")): Object: 'Object Repository/mobileSanity/HBI/Page_App Page 1/a_Continue to Step 2 - Payment' is clicked on

2020-05-19 08:15:38 - [MESSAGE][PASSED] - Object: 'Object Repository/mobileSanity/HBI/Page_App Page 1/a_Continue to Step 2 - Payment' is clicked on

2020-05-19 08:15:38 - [TEST_STEP][PASSED] - waitForPageLoad(20): Wait for page load successfully

2020-05-19 08:15:38 - [MESSAGE][PASSED] - Wait for page load successfully

2020-05-19 08:15:38 - [TEST_STEP][PASSED] - Thread.sleep(2000): null

2020-05-19 08:15:40 - [TEST_STEP][PASSED] - waitForElementVisible(findTestObject("mobileSanity/HBI/Page_App Page 2/input__credit-card-first"), 20): Object 'Object Repository/mobileSanity/HBI/Page_App Page 2/input__credit-card-first' is visible

2020-05-19 08:15:41 - [MESSAGE][PASSED] - Object 'Object Repository/mobileSanity/HBI/Page_App Page 2/input__credit-card-first' is visible

2020-05-19 08:15:41 - [TEST_STEP][PASSED] - callTestCase(findTestCase("AHI/_include/get_screenshot"), [:], STOP_ON_FAILURE): Call Test Case 'Test Cases/AHI/_include/get_screenshot' successfully

2020-05-19 08:15:41 - [TEST_CASE][PASSED] - Test Cases/AHI/_include/get_screenshot: Test Cases/AHI/_include/get_screenshot

2020-05-19 08:15:41 - [TEST_STEP][PASSED] - Thread.sleep(1000): null

2020-05-19 08:15:42 - [TEST_STEP][PASSED] - takeScreenshot(screenPath + i + ".png"): Taking screenshot successfully

2020-05-19 08:15:42 - [MESSAGE][PASSED] - Taking screenshot successfully
[[ATTACHMENT|D:\\Test\\AgileTest\\Reports\\PrivateLabel\\Spark\\20200519_080058\\../Screenshots/iPhone 6/Spark/Vitala Care/20200519_081341/8.png]]

2020-05-19 08:15:42 - [TEST_STEP][PASSED] - (internal.GlobalVariable.i++): null

2020-05-19 08:15:42 - [MESSAGE][PASSED] - Call Test Case 'Test Cases/AHI/_include/get_screenshot' successfully

2020-05-19 08:15:42 - [TEST_STEP][PASSED] - setText(findTestObject("mobileSanity/HBI/Page_App Page 2/input__credit-card-first"), FirstName): Text 'Test-123' is set on object 'Object Repository/mobileSanity/HBI/Page_App Page 2/input__credit-card-first'

2020-05-19 08:15:42 - [MESSAGE][PASSED] - Text 'Test-123' is set on object 'Object Repository/mobileSanity/HBI/Page_App Page 2/input__credit-card-first'

2020-05-19 08:15:42 - [TEST_STEP][PASSED] - setText(findTestObject("mobileSanity/HBI/Page_App Page 2/input__credit-card-last"), LastName): Text 'ZZ11-plTbYwNJ' is set on object 'Object Repository/mobileSanity/HBI/Page_App Page 2/input__credit-card-last'

2020-05-19 08:15:43 - [MESSAGE][PASSED] - Text 'ZZ11-plTbYwNJ' is set on object 'Object Repository/mobileSanity/HBI/Page_App Page 2/input__credit-card-last'

2020-05-19 08:15:43 - [TEST_STEP][PASSED] - selectOptionByValue(findTestObject("mobileSanity/HBI/Page_App Page 2/select_MM010203040506070809101"), "12", true): All options with value '12' are selected in object 'Object Repository/mobileSanity/HBI/Page_App Page 2/select_MM010203040506070809101'  using regular expression

2020-05-19 08:15:44 - [MESSAGE][PASSED] - All options with value '12' are selected in object 'Object Repository/mobileSanity/HBI/Page_App Page 2/select_MM010203040506070809101'  using regular expression

2020-05-19 08:15:44 - [TEST_STEP][PASSED] - selectOptionByValue(findTestObject("mobileSanity/HBI/Page_App Page 2/select_YYYY2019202020212022202"), "2026", true): All options with value '2026' are selected in object 'Object Repository/mobileSanity/HBI/Page_App Page 2/select_YYYY2019202020212022202'  using regular expression

2020-05-19 08:15:50 - [MESSAGE][PASSED] - All options with value '2026' are selected in object 'Object Repository/mobileSanity/HBI/Page_App Page 2/select_YYYY2019202020212022202'  using regular expression

2020-05-19 08:15:50 - [TEST_STEP][PASSED] - setText(findTestObject("mobileSanity/HBI/Page_App Page 2/input__credit-card-number"), "4111111111111111"): Text '4111111111111111' is set on object 'Object Repository/mobileSanity/HBI/Page_App Page 2/input__credit-card-number'

2020-05-19 08:15:50 - [MESSAGE][PASSED] - Text '4111111111111111' is set on object 'Object Repository/mobileSanity/HBI/Page_App Page 2/input__credit-card-number'

2020-05-19 08:15:50 - [TEST_STEP][PASSED] - setText(findTestObject("mobileSanity/HBI/Page_App Page 2/input__cvv"), "123"): Text '123' is set on object 'Object Repository/mobileSanity/HBI/Page_App Page 2/input__cvv'

2020-05-19 08:15:51 - [MESSAGE][PASSED] - Text '123' is set on object 'Object Repository/mobileSanity/HBI/Page_App Page 2/input__cvv'

2020-05-19 08:15:51 - [TEST_STEP][PASSED] - click(findTestObject("mobileSanity/HBI/Page_App Page 2/label_My billing address is th")): Object: 'Object Repository/mobileSanity/HBI/Page_App Page 2/label_My billing address is th' is clicked on

2020-05-19 08:15:51 - [MESSAGE][PASSED] - Object: 'Object Repository/mobileSanity/HBI/Page_App Page 2/label_My billing address is th' is clicked on

2020-05-19 08:15:51 - [TEST_STEP][PASSED] - click(findTestObject("mobileSanity/HBI/Page_App Page 2/label_I Accept Authorization f")): Object: 'Object Repository/mobileSanity/HBI/Page_App Page 2/label_I Accept Authorization f' is clicked on

2020-05-19 08:15:51 - [MESSAGE][PASSED] - Object: 'Object Repository/mobileSanity/HBI/Page_App Page 2/label_I Accept Authorization f' is clicked on

2020-05-19 08:15:51 - [TEST_STEP][PASSED] - click(findTestObject("mobileSanity/HBI/Page_App Page 2/a_Continue to Step 3 - Review")): Object: 'Object Repository/mobileSanity/HBI/Page_App Page 2/a_Continue to Step 3 - Review' is clicked on

2020-05-19 08:15:51 - [MESSAGE][PASSED] - Object: 'Object Repository/mobileSanity/HBI/Page_App Page 2/a_Continue to Step 3 - Review' is clicked on

2020-05-19 08:15:51 - [TEST_STEP][PASSED] - waitForPageLoad(20): Wait for page load successfully

2020-05-19 08:15:51 - [MESSAGE][PASSED] - Wait for page load successfully

2020-05-19 08:15:51 - [TEST_STEP][PASSED] - Thread.sleep(10000): null

2020-05-19 08:16:02 - [TEST_STEP][PASSED] - waitForElementPresent(findTestObject("mobileSanity/HBI/Page_App Page 3/label"), 20): Object 'Object Repository/mobileSanity/HBI/Page_App Page 3/label' is present

2020-05-19 08:16:04 - [MESSAGE][PASSED] - Object 'Object Repository/mobileSanity/HBI/Page_App Page 3/label' is present

2020-05-19 08:16:04 - [TEST_STEP][PASSED] - callTestCase(findTestCase("AHI/_include/get_screenshot"), [:], STOP_ON_FAILURE): Call Test Case 'Test Cases/AHI/_include/get_screenshot' successfully

2020-05-19 08:16:04 - [TEST_CASE][PASSED] - Test Cases/AHI/_include/get_screenshot: Test Cases/AHI/_include/get_screenshot

2020-05-19 08:16:04 - [TEST_STEP][PASSED] - Thread.sleep(1000): null

2020-05-19 08:16:05 - [TEST_STEP][PASSED] - takeScreenshot(screenPath + i + ".png"): Taking screenshot successfully

2020-05-19 08:16:05 - [MESSAGE][PASSED] - Taking screenshot successfully
[[ATTACHMENT|D:\\Test\\AgileTest\\Reports\\PrivateLabel\\Spark\\20200519_080058\\../Screenshots/iPhone 6/Spark/Vitala Care/20200519_081341/9.png]]

2020-05-19 08:16:05 - [TEST_STEP][PASSED] - (internal.GlobalVariable.i++): null

2020-05-19 08:16:05 - [MESSAGE][PASSED] - Call Test Case 'Test Cases/AHI/_include/get_screenshot' successfully

2020-05-19 08:16:05 - [TEST_STEP][PASSED] - click(findTestObject("mobileSanity/HBI/Page_App Page 3/label")): Object: 'Object Repository/mobileSanity/HBI/Page_App Page 3/label' is clicked on

2020-05-19 08:16:05 - [MESSAGE][PASSED] - Object: 'Object Repository/mobileSanity/HBI/Page_App Page 3/label' is clicked on

2020-05-19 08:16:05 - [TEST_STEP][PASSED] - click(findTestObject("mobileSanity/HBI/Page_App Page 3/p_CLICK TO SIGN")): Object: 'Object Repository/mobileSanity/HBI/Page_App Page 3/p_CLICK TO SIGN' is clicked on

2020-05-19 08:16:06 - [MESSAGE][PASSED] - Object: 'Object Repository/mobileSanity/HBI/Page_App Page 3/p_CLICK TO SIGN' is clicked on

2020-05-19 08:16:06 - [TEST_STEP][PASSED] - click(findTestObject("mobileSanity/HBI/Page_App Page 3/a_Submit Your Application")): Object: 'Object Repository/mobileSanity/HBI/Page_App Page 3/a_Submit Your Application' is clicked on

2020-05-19 08:16:06 - [MESSAGE][PASSED] - Object: 'Object Repository/mobileSanity/HBI/Page_App Page 3/a_Submit Your Application' is clicked on

2020-05-19 08:16:06 - [TEST_STEP][PASSED] - waitForElementPresent(findTestObject("mobileSanity/Common/app-confirmation"), 20): Object 'Object Repository/mobileSanity/Common/app-confirmation' is present

2020-05-19 08:16:08 - [MESSAGE][PASSED] - Object 'Object Repository/mobileSanity/Common/app-confirmation' is present

2020-05-19 08:16:08 - [TEST_STEP][PASSED] - callTestCase(findTestCase("AHI/_include/get_screenshot"), [:], STOP_ON_FAILURE): Call Test Case 'Test Cases/AHI/_include/get_screenshot' successfully

2020-05-19 08:16:08 - [TEST_CASE][PASSED] - Test Cases/AHI/_include/get_screenshot: Test Cases/AHI/_include/get_screenshot

2020-05-19 08:16:08 - [TEST_STEP][PASSED] - Thread.sleep(1000): null

2020-05-19 08:16:09 - [TEST_STEP][PASSED] - takeScreenshot(screenPath + i + ".png"): Taking screenshot successfully

2020-05-19 08:16:10 - [MESSAGE][PASSED] - Taking screenshot successfully
[[ATTACHMENT|D:\\Test\\AgileTest\\Reports\\PrivateLabel\\Spark\\20200519_080058\\../Screenshots/iPhone 6/Spark/Vitala Care/20200519_081341/10.png]]

2020-05-19 08:16:10 - [TEST_STEP][PASSED] - (internal.GlobalVariable.i++): null

2020-05-19 08:16:10 - [MESSAGE][PASSED] - Call Test Case 'Test Cases/AHI/_include/get_screenshot' successfully

2020-05-19 08:16:10 - [MESSAGE][PASSED] - Call Test Case 'Test Cases/AHI/_include/goToEnd_hbi' successfully]]></system-out>
         <system-err><![CDATA[]]></system-err>
      </testcase>
      <testcase name="Test Cases/PL Site/Spark/stm/AdvantHealth" classname="Test Cases/PL Site/Spark/stm/AdvantHealth" status="PASSED">
         <system-out><![CDATA[2020-05-19 08:16:10 - [TEST_CASE][PASSED] - Test Cases/PL Site/Spark/stm/AdvantHealth: Test Cases/PL Site/Spark/stm/AdvantHealth

2020-05-19 08:16:11 - [TEST_STEP][PASSED] - callTestCase(findTestCase("AHI/_include/get_screenPath"), ["productLine":"Spark", "carrierName":"AdvantHealth"], CONTINUE_ON_FAILURE): Call Test Case 'Test Cases/AHI/_include/get_screenPath' successfully

2020-05-19 08:16:11 - [TEST_CASE][PASSED] - Test Cases/AHI/_include/get_screenPath: Test Cases/AHI/_include/get_screenPath

2020-05-19 08:16:11 - [TEST_STEP][PASSED] - m = getExecutionProperties(): null

2020-05-19 08:16:11 - [TEST_STEP][PASSED] - deviceName = get("mobileEmulation").get("deviceName"): null

2020-05-19 08:16:11 - [TEST_STEP][PASSED] - println(deviceName): null

2020-05-19 08:16:11 - [TEST_STEP][PASSED] - now = new java.util.Date(): null

2020-05-19 08:16:11 - [TEST_STEP][PASSED] - mydate = now.format("yyyyMMdd_HHmmss"): null

2020-05-19 08:16:11 - [TEST_STEP][PASSED] - screenPath = "../Screenshots/": null

2020-05-19 08:16:11 - [TEST_STEP][PASSED] - screenPath = screenPath + deviceName + "/" + productLine + "/" + carrierName + "/" + mydate + "/": null

2020-05-19 08:16:11 - [TEST_STEP][PASSED] - println(screenPath): null

2020-05-19 08:16:11 - [MESSAGE][PASSED] - Call Test Case 'Test Cases/AHI/_include/get_screenPath' successfully

2020-05-19 08:16:11 - [TEST_STEP][PASSED] - i = 0: null

2020-05-19 08:16:11 - [TEST_STEP][PASSED] - callTestCase(findTestCase("AHI/_include/openWebSite"), ["env":"https://spark--qa.storefront.mybenefitskeeper.com"], CONTINUE_ON_FAILURE): Call Test Case 'Test Cases/AHI/_include/openWebSite' successfully

2020-05-19 08:16:11 - [TEST_CASE][PASSED] - Test Cases/AHI/_include/openWebSite: Test Cases/AHI/_include/openWebSite

2020-05-19 08:16:11 - [TEST_STEP][PASSED] - openBrowser(env): Browser is opened with url: 'https://spark--qa.storefront.mybenefitskeeper.com'

2020-05-19 08:16:11 - [MESSAGE][WARNING] - A browser is already opened. Closing browser and opening a new one

2020-05-19 08:16:13 - [MESSAGE][INFO] - Starting 'Chrome' driver

2020-05-19 08:16:13 - [MESSAGE][INFO] - User set preference: ['mobileEmulation', '{deviceName=iPhone 6}']

2020-05-19 08:16:13 - [MESSAGE][INFO] - User set preference: ['args', '[--incognito, --aggressive-cache-discard, --window-size=375,677, --no-sandbox, --ignore-certificate-errors]']

2020-05-19 08:16:31 - [MESSAGE][PASSED] - Browser is opened with url: 'https://spark--qa.storefront.mybenefitskeeper.com'

2020-05-19 08:16:31 - [TEST_STEP][PASSED] - waitForPageLoad(20): Wait for page load successfully

2020-05-19 08:16:31 - [MESSAGE][PASSED] - Wait for page load successfully

2020-05-19 08:16:31 - [TEST_STEP][PASSED] - callTestCase(findTestCase("AHI/_include/get_screenshot"), [:], STOP_ON_FAILURE): Call Test Case 'Test Cases/AHI/_include/get_screenshot' successfully

2020-05-19 08:16:31 - [TEST_CASE][PASSED] - Test Cases/AHI/_include/get_screenshot: Test Cases/AHI/_include/get_screenshot

2020-05-19 08:16:31 - [TEST_STEP][PASSED] - Thread.sleep(1000): null

2020-05-19 08:16:32 - [TEST_STEP][PASSED] - takeScreenshot(screenPath + i + ".png"): Taking screenshot successfully

2020-05-19 08:16:33 - [MESSAGE][PASSED] - Taking screenshot successfully
[[ATTACHMENT|D:\\Test\\AgileTest\\Reports\\PrivateLabel\\Spark\\20200519_080058\\../Screenshots/iPhone 6/Spark/AdvantHealth/20200519_081611/0.png]]

2020-05-19 08:16:33 - [TEST_STEP][PASSED] - (internal.GlobalVariable.i++): null

2020-05-19 08:16:33 - [MESSAGE][PASSED] - Call Test Case 'Test Cases/AHI/_include/get_screenshot' successfully

2020-05-19 08:16:33 - [MESSAGE][PASSED] - Call Test Case 'Test Cases/AHI/_include/openWebSite' successfully

2020-05-19 08:16:33 - [TEST_STEP][PASSED] - callTestCase(findTestCase("AHI/_include/census_stm"), ["zipcode":"35215"], STOP_ON_FAILURE): Call Test Case 'Test Cases/AHI/_include/census_stm' successfully

2020-05-19 08:16:33 - [TEST_CASE][PASSED] - Test Cases/AHI/_include/census_stm: Test Cases/AHI/_include/census_stm

2020-05-19 08:16:34 - [TEST_STEP][PASSED] - waitForElementClickable(findTestObject("mobileSanity/STM/Home Page/a_Quote  Save Today"), 10): Object 'Object Repository/mobileSanity/STM/Home Page/a_Quote  Save Today' is clickable

2020-05-19 08:16:34 - [MESSAGE][PASSED] - Object 'Object Repository/mobileSanity/STM/Home Page/a_Quote  Save Today' is clickable

2020-05-19 08:16:34 - [TEST_STEP][PASSED] - click(findTestObject("mobileSanity/STM/Home Page/a_Quote  Save Today")): Object: 'Object Repository/mobileSanity/STM/Home Page/a_Quote  Save Today' is clicked on

2020-05-19 08:16:36 - [MESSAGE][PASSED] - Object: 'Object Repository/mobileSanity/STM/Home Page/a_Quote  Save Today' is clicked on

2020-05-19 08:16:36 - [TEST_STEP][PASSED] - waitForElementPresent(findTestObject("mobileSanity/STM/STM Census Page/input_Location_zip-input"), 20): Object 'Object Repository/mobileSanity/STM/STM Census Page/input_Location_zip-input' is present

2020-05-19 08:16:37 - [MESSAGE][PASSED] - Object 'Object Repository/mobileSanity/STM/STM Census Page/input_Location_zip-input' is present

2020-05-19 08:16:37 - [TEST_STEP][PASSED] - callTestCase(findTestCase("AHI/_include/get_screenshot"), [:], STOP_ON_FAILURE): Call Test Case 'Test Cases/AHI/_include/get_screenshot' successfully

2020-05-19 08:16:37 - [TEST_CASE][PASSED] - Test Cases/AHI/_include/get_screenshot: Test Cases/AHI/_include/get_screenshot

2020-05-19 08:16:37 - [TEST_STEP][PASSED] - Thread.sleep(1000): null

2020-05-19 08:16:38 - [TEST_STEP][PASSED] - takeScreenshot(screenPath + i + ".png"): Taking screenshot successfully

2020-05-19 08:16:39 - [MESSAGE][PASSED] - Taking screenshot successfully
[[ATTACHMENT|D:\\Test\\AgileTest\\Reports\\PrivateLabel\\Spark\\20200519_080058\\../Screenshots/iPhone 6/Spark/AdvantHealth/20200519_081611/1.png]]

2020-05-19 08:16:39 - [TEST_STEP][PASSED] - (internal.GlobalVariable.i++): null

2020-05-19 08:16:39 - [MESSAGE][PASSED] - Call Test Case 'Test Cases/AHI/_include/get_screenshot' successfully

2020-05-19 08:16:39 - [TEST_STEP][PASSED] - setText(findTestObject("mobileSanity/STM/STM Census Page/input_Location_zip-input"), zipcode): Text '35215' is set on object 'Object Repository/mobileSanity/STM/STM Census Page/input_Location_zip-input'

2020-05-19 08:16:39 - [MESSAGE][PASSED] - Text '35215' is set on object 'Object Repository/mobileSanity/STM/STM Census Page/input_Location_zip-input'

2020-05-19 08:16:39 - [TEST_STEP][PASSED] - Thread.sleep(500): null

2020-05-19 08:16:40 - [TEST_STEP][PASSED] - setText(findTestObject("mobileSanity/STM/STM Census Page/input_Date of Birth_dob-0"), "03031987"): Text '03031987' is set on object 'Object Repository/mobileSanity/STM/STM Census Page/input_Date of Birth_dob-0'

2020-05-19 08:16:40 - [MESSAGE][PASSED] - Text '03031987' is set on object 'Object Repository/mobileSanity/STM/STM Census Page/input_Date of Birth_dob-0'

2020-05-19 08:16:40 - [TEST_STEP][PASSED] - click(findTestObject("mobileSanity/STM/STM Census Page/label_Male")): Object: 'Object Repository/mobileSanity/STM/STM Census Page/label_Male' is clicked on

2020-05-19 08:16:40 - [MESSAGE][PASSED] - Object: 'Object Repository/mobileSanity/STM/STM Census Page/label_Male' is clicked on

2020-05-19 08:16:40 - [TEST_STEP][PASSED] - Thread.sleep(2000): null

2020-05-19 08:16:42 - [TEST_STEP][PASSED] - click(findTestObject("mobileSanity/STM/STM Census Page/label_Compare Plans")): Object: 'Object Repository/mobileSanity/STM/STM Census Page/label_Compare Plans' is clicked on

2020-05-19 08:16:45 - [MESSAGE][PASSED] - Object: 'Object Repository/mobileSanity/STM/STM Census Page/label_Compare Plans' is clicked on

2020-05-19 08:16:45 - [TEST_STEP][PASSED] - waitForElementVisible(findTestObject("mobileSanity/STM/STM Quote Page/button_sort"), 20): Object 'Object Repository/mobileSanity/STM/STM Quote Page/button_sort' is visible

2020-05-19 08:16:45 - [MESSAGE][PASSED] - Object 'Object Repository/mobileSanity/STM/STM Quote Page/button_sort' is visible

2020-05-19 08:16:45 - [TEST_STEP][PASSED] - Thread.sleep(3000): null

2020-05-19 08:16:48 - [TEST_STEP][PASSED] - callTestCase(findTestCase("AHI/_include/get_screenshot"), [:], STOP_ON_FAILURE): Call Test Case 'Test Cases/AHI/_include/get_screenshot' successfully

2020-05-19 08:16:48 - [TEST_CASE][PASSED] - Test Cases/AHI/_include/get_screenshot: Test Cases/AHI/_include/get_screenshot

2020-05-19 08:16:48 - [TEST_STEP][PASSED] - Thread.sleep(1000): null

2020-05-19 08:16:49 - [TEST_STEP][PASSED] - takeScreenshot(screenPath + i + ".png"): Taking screenshot successfully

2020-05-19 08:16:52 - [MESSAGE][PASSED] - Taking screenshot successfully
[[ATTACHMENT|D:\\Test\\AgileTest\\Reports\\PrivateLabel\\Spark\\20200519_080058\\../Screenshots/iPhone 6/Spark/AdvantHealth/20200519_081611/2.png]]

2020-05-19 08:16:52 - [TEST_STEP][PASSED] - (internal.GlobalVariable.i++): null

2020-05-19 08:16:52 - [MESSAGE][PASSED] - Call Test Case 'Test Cases/AHI/_include/get_screenshot' successfully

2020-05-19 08:16:52 - [TEST_STEP][PASSED] - Thread.sleep(1000): null

2020-05-19 08:16:53 - [MESSAGE][PASSED] - Call Test Case 'Test Cases/AHI/_include/census_stm' successfully

2020-05-19 08:16:53 - [TEST_STEP][PASSED] - callTestCase(findTestCase("AHI/_include/filter_stm"), ["carrier":"advanthealth"], STOP_ON_FAILURE): Call Test Case 'Test Cases/AHI/_include/filter_stm' successfully

2020-05-19 08:16:53 - [TEST_CASE][PASSED] - Test Cases/AHI/_include/filter_stm: Test Cases/AHI/_include/filter_stm

2020-05-19 08:16:53 - [TEST_STEP][PASSED] - driver = getWebDriver(): null

2020-05-19 08:16:53 - [TEST_STEP][PASSED] - selenium = new com.thoughtworks.selenium.webdriven.WebDriverBackedSelenium(driver, internal.GlobalVariable.ENV): null

2020-05-19 08:16:53 - [TEST_STEP][PASSED] - Thread.sleep(1000): null

2020-05-19 08:16:54 - [TEST_STEP][PASSED] - click(findTestObject("mobileSanity/STM/STM Quote Page/button_filters")): Object: 'Object Repository/mobileSanity/STM/STM Quote Page/button_filters' is clicked on

2020-05-19 08:16:55 - [MESSAGE][PASSED] - Object: 'Object Repository/mobileSanity/STM/STM Quote Page/button_filters' is clicked on

2020-05-19 08:16:55 - [TEST_STEP][PASSED] - Thread.sleep(1000): null

2020-05-19 08:16:56 - [TEST_STEP][PASSED] - click(findTestObject("mobileSanity/STM/STM Quote Page/i_Insurance company")): Object: 'Object Repository/mobileSanity/STM/STM Quote Page/i_Insurance company' is clicked on

2020-05-19 08:16:56 - [MESSAGE][PASSED] - Object: 'Object Repository/mobileSanity/STM/STM Quote Page/i_Insurance company' is clicked on

2020-05-19 08:16:56 - [TEST_STEP][PASSED] - Thread.sleep(1000): null

2020-05-19 08:16:57 - [TEST_STEP][PASSED] - filter_carrier = "//input[@name='filter[carrier]' and @value='" + carrier + "']/following::label": null

2020-05-19 08:16:57 - [TEST_STEP][PASSED] - println(filter_carrier): null

2020-05-19 08:16:57 - [TEST_STEP][PASSED] - test.MobileKeywords.clickJS_ByXpath(filter_carrier): test.MobileKeywords.clickJS_ByXpath is PASSED

2020-05-19 08:16:58 - [MESSAGE][PASSED] - Execute JavaScript 'arguments[0].click()' successfully

2020-05-19 08:16:58 - [MESSAGE][PASSED] - test.MobileKeywords.clickJS_ByXpath is PASSED

2020-05-19 08:16:58 - [TEST_STEP][PASSED] - click(findTestObject("mobileSanity/STM/STM Quote Page/js-close c-link-button")): Object: 'Object Repository/mobileSanity/STM/STM Quote Page/js-close c-link-button' is clicked on

2020-05-19 08:16:59 - [MESSAGE][PASSED] - Object: 'Object Repository/mobileSanity/STM/STM Quote Page/js-close c-link-button' is clicked on

2020-05-19 08:16:59 - [TEST_STEP][PASSED] - Thread.sleep(2000): null

2020-05-19 08:17:01 - [TEST_STEP][PASSED] - callTestCase(findTestCase("AHI/_include/get_screenshot"), [:], STOP_ON_FAILURE): Call Test Case 'Test Cases/AHI/_include/get_screenshot' successfully

2020-05-19 08:17:01 - [TEST_CASE][PASSED] - Test Cases/AHI/_include/get_screenshot: Test Cases/AHI/_include/get_screenshot

2020-05-19 08:17:01 - [TEST_STEP][PASSED] - Thread.sleep(1000): null

2020-05-19 08:17:02 - [TEST_STEP][PASSED] - takeScreenshot(screenPath + i + ".png"): Taking screenshot successfully

2020-05-19 08:17:03 - [MESSAGE][PASSED] - Taking screenshot successfully
[[ATTACHMENT|D:\\Test\\AgileTest\\Reports\\PrivateLabel\\Spark\\20200519_080058\\../Screenshots/iPhone 6/Spark/AdvantHealth/20200519_081611/3.png]]

2020-05-19 08:17:03 - [TEST_STEP][PASSED] - (internal.GlobalVariable.i++): null

2020-05-19 08:17:03 - [MESSAGE][PASSED] - Call Test Case 'Test Cases/AHI/_include/get_screenshot' successfully

2020-05-19 08:17:03 - [MESSAGE][PASSED] - Call Test Case 'Test Cases/AHI/_include/filter_stm' successfully

2020-05-19 08:17:03 - [TEST_STEP][PASSED] - callTestCase(findTestCase("AHI/_include/goToDetail_stm"), ["carrier":"advanthealth"], STOP_ON_FAILURE): Call Test Case 'Test Cases/AHI/_include/goToDetail_stm' successfully

2020-05-19 08:17:03 - [TEST_CASE][PASSED] - Test Cases/AHI/_include/goToDetail_stm: Test Cases/AHI/_include/goToDetail_stm

2020-05-19 08:17:03 - [TEST_STEP][PASSED] - driver = getWebDriver(): null

2020-05-19 08:17:03 - [TEST_STEP][PASSED] - selenium = new com.thoughtworks.selenium.webdriven.WebDriverBackedSelenium(driver, internal.GlobalVariable.ENV): null

2020-05-19 08:17:03 - [TEST_STEP][PASSED] - a_plan_name = "xpath=//a[contains(@href,'/term-health-insurance/plan/" + carrier + "')]": null

2020-05-19 08:17:03 - [TEST_STEP][PASSED] - println(a_plan_name): null

2020-05-19 08:17:03 - [TEST_STEP][PASSED] - selenium.click(a_plan_name): null

2020-05-19 08:17:05 - [TEST_STEP][PASSED] - waitForPageLoad(20): Wait for page load successfully

2020-05-19 08:17:06 - [MESSAGE][PASSED] - Wait for page load successfully

2020-05-19 08:17:06 - [TEST_STEP][PASSED] - Thread.sleep(2000): null

2020-05-19 08:17:08 - [TEST_STEP][PASSED] - callTestCase(findTestCase("AHI/_include/get_screenshot"), [:], STOP_ON_FAILURE): Call Test Case 'Test Cases/AHI/_include/get_screenshot' successfully

2020-05-19 08:17:08 - [TEST_CASE][PASSED] - Test Cases/AHI/_include/get_screenshot: Test Cases/AHI/_include/get_screenshot

2020-05-19 08:17:08 - [TEST_STEP][PASSED] - Thread.sleep(1000): null

2020-05-19 08:17:09 - [TEST_STEP][PASSED] - takeScreenshot(screenPath + i + ".png"): Taking screenshot successfully

2020-05-19 08:17:09 - [MESSAGE][PASSED] - Taking screenshot successfully
[[ATTACHMENT|D:\\Test\\AgileTest\\Reports\\PrivateLabel\\Spark\\20200519_080058\\../Screenshots/iPhone 6/Spark/AdvantHealth/20200519_081611/4.png]]

2020-05-19 08:17:09 - [TEST_STEP][PASSED] - (internal.GlobalVariable.i++): null

2020-05-19 08:17:09 - [MESSAGE][PASSED] - Call Test Case 'Test Cases/AHI/_include/get_screenshot' successfully

2020-05-19 08:17:09 - [MESSAGE][PASSED] - Call Test Case 'Test Cases/AHI/_include/goToDetail_stm' successfully

2020-05-19 08:17:09 - [TEST_STEP][PASSED] - callTestCase(findTestCase("AHI/_include/apply_stm"), [:], STOP_ON_FAILURE): Call Test Case 'Test Cases/AHI/_include/apply_stm' successfully

2020-05-19 08:17:09 - [TEST_CASE][PASSED] - Test Cases/AHI/_include/apply_stm: Test Cases/AHI/_include/apply_stm

2020-05-19 08:17:10 - [TEST_STEP][PASSED] - waitForElementVisible(findTestObject("mobileSanity/STM/STM PlanDetail Page/a_Apply for This Plan"), 5): Object 'Object Repository/mobileSanity/STM/STM PlanDetail Page/a_Apply for This Plan' is visible

2020-05-19 08:17:10 - [MESSAGE][PASSED] - Object 'Object Repository/mobileSanity/STM/STM PlanDetail Page/a_Apply for This Plan' is visible

2020-05-19 08:17:10 - [TEST_STEP][PASSED] - click(findTestObject("mobileSanity/STM/STM PlanDetail Page/a_Apply for This Plan")): Object: 'Object Repository/mobileSanity/STM/STM PlanDetail Page/a_Apply for This Plan' is clicked on

2020-05-19 08:17:11 - [MESSAGE][PASSED] - Object: 'Object Repository/mobileSanity/STM/STM PlanDetail Page/a_Apply for This Plan' is clicked on

2020-05-19 08:17:11 - [TEST_STEP][PASSED] - waitForPageLoad(10): Wait for page load successfully

2020-05-19 08:17:11 - [MESSAGE][PASSED] - Wait for page load successfully

2020-05-19 08:17:11 - [TEST_STEP][PASSED] - Thread.sleep(2000): null

2020-05-19 08:17:13 - [TEST_STEP][PASSED] - callTestCase(findTestCase("AHI/_include/get_screenshot"), [:], STOP_ON_FAILURE): Call Test Case 'Test Cases/AHI/_include/get_screenshot' successfully

2020-05-19 08:17:13 - [TEST_CASE][PASSED] - Test Cases/AHI/_include/get_screenshot: Test Cases/AHI/_include/get_screenshot

2020-05-19 08:17:13 - [TEST_STEP][PASSED] - Thread.sleep(1000): null

2020-05-19 08:17:14 - [TEST_STEP][PASSED] - takeScreenshot(screenPath + i + ".png"): Taking screenshot successfully

2020-05-19 08:17:15 - [MESSAGE][PASSED] - Taking screenshot successfully
[[ATTACHMENT|D:\\Test\\AgileTest\\Reports\\PrivateLabel\\Spark\\20200519_080058\\../Screenshots/iPhone 6/Spark/AdvantHealth/20200519_081611/5.png]]

2020-05-19 08:17:15 - [TEST_STEP][PASSED] - (internal.GlobalVariable.i++): null

2020-05-19 08:17:15 - [MESSAGE][PASSED] - Call Test Case 'Test Cases/AHI/_include/get_screenshot' successfully

2020-05-19 08:17:15 - [TEST_STEP][PASSED] - waitForElementVisible(findTestObject("mobileSanity/STM/STM Apply Page/a_Start Secure Application"), 5): Object 'Object Repository/mobileSanity/STM/STM Apply Page/a_Start Secure Application' is visible

2020-05-19 08:17:16 - [MESSAGE][PASSED] - Object 'Object Repository/mobileSanity/STM/STM Apply Page/a_Start Secure Application' is visible

2020-05-19 08:17:16 - [TEST_STEP][PASSED] - click(findTestObject("mobileSanity/STM/STM Apply Page/a_Start Secure Application")): Object: 'Object Repository/mobileSanity/STM/STM Apply Page/a_Start Secure Application' is clicked on

2020-05-19 08:17:21 - [MESSAGE][PASSED] - Object: 'Object Repository/mobileSanity/STM/STM Apply Page/a_Start Secure Application' is clicked on

2020-05-19 08:17:21 - [TEST_STEP][PASSED] - waitForPageLoad(20): Wait for page load successfully

2020-05-19 08:17:21 - [MESSAGE][PASSED] - Wait for page load successfully

2020-05-19 08:17:21 - [TEST_STEP][PASSED] - Thread.sleep(2000): null

2020-05-19 08:17:23 - [TEST_STEP][PASSED] - callTestCase(findTestCase("AHI/_include/get_screenshot"), [:], STOP_ON_FAILURE): Call Test Case 'Test Cases/AHI/_include/get_screenshot' successfully

2020-05-19 08:17:23 - [TEST_CASE][PASSED] - Test Cases/AHI/_include/get_screenshot: Test Cases/AHI/_include/get_screenshot

2020-05-19 08:17:23 - [TEST_STEP][PASSED] - Thread.sleep(1000): null

2020-05-19 08:17:24 - [TEST_STEP][PASSED] - takeScreenshot(screenPath + i + ".png"): Taking screenshot successfully

2020-05-19 08:17:26 - [MESSAGE][PASSED] - Taking screenshot successfully
[[ATTACHMENT|D:\\Test\\AgileTest\\Reports\\PrivateLabel\\Spark\\20200519_080058\\../Screenshots/iPhone 6/Spark/AdvantHealth/20200519_081611/6.png]]

2020-05-19 08:17:26 - [TEST_STEP][PASSED] - (internal.GlobalVariable.i++): null

2020-05-19 08:17:26 - [MESSAGE][PASSED] - Call Test Case 'Test Cases/AHI/_include/get_screenshot' successfully

2020-05-19 08:17:26 - [MESSAGE][PASSED] - Call Test Case 'Test Cases/AHI/_include/apply_stm' successfully

2020-05-19 08:17:26 - [TEST_STEP][PASSED] - callTestCase(findTestCase("AHI/_include/goToEnd_stm_autofill"), [:], STOP_ON_FAILURE): Call Test Case 'Test Cases/AHI/_include/goToEnd_stm_autofill' successfully

2020-05-19 08:17:26 - [TEST_CASE][PASSED] - Test Cases/AHI/_include/goToEnd_stm_autofill: Test Cases/AHI/_include/goToEnd_stm_autofill

2020-05-19 08:17:26 - [TEST_STEP][PASSED] - callTestCase(findTestCase("AHI/_include/name"), [:], CONTINUE_ON_FAILURE): Call Test Case 'Test Cases/AHI/_include/name' successfully

2020-05-19 08:17:27 - [TEST_CASE][PASSED] - Test Cases/AHI/_include/name: Test Cases/AHI/_include/name

2020-05-19 08:17:27 - [TEST_STEP][PASSED] - driver = getWebDriver(): null

2020-05-19 08:17:27 - [TEST_STEP][PASSED] - selenium = new com.thoughtworks.selenium.webdriven.WebDriverBackedSelenium(driver, internal.GlobalVariable.ENV): null

2020-05-19 08:17:27 - [TEST_STEP][PASSED] - FirstName = "Test-123": null

2020-05-19 08:17:27 - [TEST_STEP][PASSED] - LastName = selenium.getEval("{var x="ABCDEFGHIJKLMNOPQRSTUVWXYZabcdefghijklmnopqrstuvwxyz"; var tmp="ZZ11-"; for (i=0;i<8;i++) tmp+=x.charAt(Math.ceil(51*Math.random()));tmp;}"): null

2020-05-19 08:17:27 - [TEST_STEP][PASSED] - Address = selenium.getEval("{var x="ABCDEFGHIJKLMNOPQRSTUVWXYZabcdefghijklmnopqrstuvwxyz"; var tmp=""; for (i=0;i<8;i++) tmp+=x.charAt(Math.ceil(51*Math.random()));tmp;}"): null

2020-05-19 08:17:27 - [TEST_STEP][PASSED] - City = selenium.getEval("{var x="ABCDEFGHIJKLMNOPQRSTUVWXYZabcdefghijklmnopqrstuvwxyz"; var tmp=""; for (i=0;i<8;i++) tmp+=x.charAt(Math.ceil(51*Math.random()));tmp;}"): null

2020-05-19 08:17:27 - [TEST_STEP][PASSED] - tel1 = selenium.getEval("{var x="123456789"; var tmp=""; for (i=0;i<3;i++) tmp+=x.charAt(Math.ceil(8*Math.random()));tmp;}"): null

2020-05-19 08:17:27 - [TEST_STEP][PASSED] - tel2 = selenium.getEval("{var x="123456789"; var tmp=""; for (i=0;i<3;i++) tmp+=x.charAt(Math.ceil(8*Math.random()));tmp;}"): null

2020-05-19 08:17:27 - [TEST_STEP][PASSED] - tel3 = selenium.getEval("{var x="123456789"; var tmp=""; for (i=0;i<4;i++) tmp+=x.charAt(Math.ceil(8*Math.random()));tmp;}"): null

2020-05-19 08:17:28 - [TEST_STEP][PASSED] - Tel = selenium.getExpression(tel1 + "-" + tel2 + "-" + tel3): null

2020-05-19 08:17:28 - [TEST_STEP][PASSED] - AutoEmail = selenium.getEval("{var x="ABCDEFGHIJKLMNOPQRSTUVWXYZabcdefghijklmnopqrstuvwxyz"; var tmp="test."; for (i=0;i<8;i++) tmp+=x.charAt(Math.ceil(51*Math.random()));tmp+="@suryani.cn";}"): null

2020-05-19 08:17:28 - [TEST_STEP][PASSED] - FirstName = FirstName: null

2020-05-19 08:17:28 - [TEST_STEP][PASSED] - LastName = LastName: null

2020-05-19 08:17:28 - [TEST_STEP][PASSED] - Address = Address: null

2020-05-19 08:17:28 - [TEST_STEP][PASSED] - City = City: null

2020-05-19 08:17:28 - [TEST_STEP][PASSED] - Tel = Tel: null

2020-05-19 08:17:28 - [TEST_STEP][PASSED] - AutoEmail = AutoEmail: null

2020-05-19 08:17:28 - [TEST_STEP][PASSED] - println(FirstName): null

2020-05-19 08:17:28 - [TEST_STEP][PASSED] - println(LastName): null

2020-05-19 08:17:28 - [TEST_STEP][PASSED] - println(Address): null

2020-05-19 08:17:28 - [TEST_STEP][PASSED] - println(City): null

2020-05-19 08:17:28 - [TEST_STEP][PASSED] - println(Tel): null

2020-05-19 08:17:28 - [TEST_STEP][PASSED] - println(AutoEmail): null

2020-05-19 08:17:28 - [MESSAGE][PASSED] - Call Test Case 'Test Cases/AHI/_include/name' successfully

2020-05-19 08:17:28 - [TEST_STEP][PASSED] - try: Call Test Case 'Test Cases/AHI/_include/get_screenshot' successfully

2020-05-19 08:17:28 - [TEST_STEP][PASSED] - if (verifyTextPresent("Month Duration Acknowledgement", false)): Call Test Case 'Test Cases/AHI/_include/get_screenshot' successfully

2020-05-19 08:17:29 - [MESSAGE][PASSED] - Text 'Month Duration Acknowledgement' is present on page 

2020-05-19 08:17:29 - [TEST_STEP][PASSED] - click(findTestObject("mobileSanity/STM/Page_App Page 1/label_By checking this box I u")): Object: 'Object Repository/mobileSanity/STM/Page_App Page 1/label_By checking this box I u' is clicked on

2020-05-19 08:17:30 - [MESSAGE][PASSED] - Object: 'Object Repository/mobileSanity/STM/Page_App Page 1/label_By checking this box I u' is clicked on

2020-05-19 08:17:30 - [TEST_STEP][PASSED] - click(findTestObject("mobileSanity/STM/Page_App Page 1/button_Continue to Application")): Object: 'Object Repository/mobileSanity/STM/Page_App Page 1/button_Continue to Application' is clicked on

2020-05-19 08:17:31 - [MESSAGE][PASSED] - Object: 'Object Repository/mobileSanity/STM/Page_App Page 1/button_Continue to Application' is clicked on

2020-05-19 08:17:31 - [TEST_STEP][PASSED] - waitForPageLoad(20): Wait for page load successfully

2020-05-19 08:17:31 - [MESSAGE][PASSED] - Wait for page load successfully

2020-05-19 08:17:31 - [TEST_STEP][PASSED] - Thread.sleep(5000): null

2020-05-19 08:17:36 - [TEST_STEP][PASSED] - callTestCase(findTestCase("AHI/_include/get_screenshot"), [:], STOP_ON_FAILURE): Call Test Case 'Test Cases/AHI/_include/get_screenshot' successfully

2020-05-19 08:17:37 - [TEST_CASE][PASSED] - Test Cases/AHI/_include/get_screenshot: Test Cases/AHI/_include/get_screenshot

2020-05-19 08:17:37 - [TEST_STEP][PASSED] - Thread.sleep(1000): null

2020-05-19 08:17:38 - [TEST_STEP][PASSED] - takeScreenshot(screenPath + i + ".png"): Taking screenshot successfully

2020-05-19 08:17:38 - [MESSAGE][PASSED] - Taking screenshot successfully
[[ATTACHMENT|D:\\Test\\AgileTest\\Reports\\PrivateLabel\\Spark\\20200519_080058\\../Screenshots/iPhone 6/Spark/AdvantHealth/20200519_081611/7.png]]

2020-05-19 08:17:38 - [TEST_STEP][PASSED] - (internal.GlobalVariable.i++): null

2020-05-19 08:17:38 - [MESSAGE][PASSED] - Call Test Case 'Test Cases/AHI/_include/get_screenshot' successfully

2020-05-19 08:17:38 - [TEST_STEP][PASSED] - waitForPageLoad(10): Wait for page load successfully

2020-05-19 08:17:38 - [MESSAGE][PASSED] - Wait for page load successfully

2020-05-19 08:17:38 - [TEST_STEP][PASSED] - Thread.sleep(3000): null

2020-05-19 08:17:41 - [TEST_STEP][PASSED] - waitForElementVisible(findTestObject("mobileSanity/STM/Page_App Page 1/a_Autofill App Info"), 20): Object 'Object Repository/mobileSanity/STM/Page_App Page 1/a_Autofill App Info' is visible

2020-05-19 08:17:41 - [MESSAGE][PASSED] - Object 'Object Repository/mobileSanity/STM/Page_App Page 1/a_Autofill App Info' is visible

2020-05-19 08:17:41 - [TEST_STEP][PASSED] - click(findTestObject("mobileSanity/STM/Page_App Page 1/a_Autofill App Info")): Object: 'Object Repository/mobileSanity/STM/Page_App Page 1/a_Autofill App Info' is clicked on

2020-05-19 08:17:42 - [MESSAGE][PASSED] - Object: 'Object Repository/mobileSanity/STM/Page_App Page 1/a_Autofill App Info' is clicked on

2020-05-19 08:17:42 - [TEST_STEP][PASSED] - Thread.sleep(1000): null

2020-05-19 08:17:43 - [TEST_STEP][PASSED] - click(findTestObject("mobileSanity/STM/Page_App Page 1/a_Autofill App Info")): Object: 'Object Repository/mobileSanity/STM/Page_App Page 1/a_Autofill App Info' is clicked on

2020-05-19 08:17:43 - [MESSAGE][PASSED] - Object: 'Object Repository/mobileSanity/STM/Page_App Page 1/a_Autofill App Info' is clicked on

2020-05-19 08:17:43 - [TEST_STEP][PASSED] - Thread.sleep(1000): null

2020-05-19 08:17:44 - [TEST_STEP][PASSED] - waitForElementVisible(findTestObject("mobileSanity/STM/Page_App Page 1/a_Continue"), 20): Object 'Object Repository/mobileSanity/STM/Page_App Page 1/a_Continue' is visible

2020-05-19 08:17:45 - [MESSAGE][PASSED] - Object 'Object Repository/mobileSanity/STM/Page_App Page 1/a_Continue' is visible

2020-05-19 08:17:45 - [TEST_STEP][PASSED] - click(findTestObject("mobileSanity/STM/Page_App Page 1/a_Continue")): Object: 'Object Repository/mobileSanity/STM/Page_App Page 1/a_Continue' is clicked on

2020-05-19 08:17:45 - [MESSAGE][PASSED] - Object: 'Object Repository/mobileSanity/STM/Page_App Page 1/a_Continue' is clicked on

2020-05-19 08:17:45 - [TEST_STEP][PASSED] - waitForPageLoad(20): Wait for page load successfully

2020-05-19 08:17:45 - [MESSAGE][PASSED] - Wait for page load successfully

2020-05-19 08:17:45 - [TEST_STEP][PASSED] - Thread.sleep(5000): null

2020-05-19 08:17:50 - [TEST_STEP][PASSED] - callTestCase(findTestCase("AHI/_include/get_screenshot"), [:], STOP_ON_FAILURE): Call Test Case 'Test Cases/AHI/_include/get_screenshot' successfully

2020-05-19 08:17:50 - [TEST_CASE][PASSED] - Test Cases/AHI/_include/get_screenshot: Test Cases/AHI/_include/get_screenshot

2020-05-19 08:17:50 - [TEST_STEP][PASSED] - Thread.sleep(1000): null

2020-05-19 08:17:51 - [TEST_STEP][PASSED] - takeScreenshot(screenPath + i + ".png"): Taking screenshot successfully

2020-05-19 08:17:52 - [MESSAGE][PASSED] - Taking screenshot successfully
[[ATTACHMENT|D:\\Test\\AgileTest\\Reports\\PrivateLabel\\Spark\\20200519_080058\\../Screenshots/iPhone 6/Spark/AdvantHealth/20200519_081611/8.png]]

2020-05-19 08:17:52 - [TEST_STEP][PASSED] - (internal.GlobalVariable.i++): null

2020-05-19 08:17:52 - [MESSAGE][PASSED] - Call Test Case 'Test Cases/AHI/_include/get_screenshot' successfully

2020-05-19 08:17:52 - [TEST_STEP][PASSED] - click(findTestObject("mobileSanity/STM/Page_App Page 2/a_Continue to Step 3 - Payment")): Object: 'Object Repository/mobileSanity/STM/Page_App Page 2/a_Continue to Step 3 - Payment' is clicked on

2020-05-19 08:17:53 - [MESSAGE][PASSED] - Object: 'Object Repository/mobileSanity/STM/Page_App Page 2/a_Continue to Step 3 - Payment' is clicked on

2020-05-19 08:17:53 - [TEST_STEP][PASSED] - waitForPageLoad(20): Wait for page load successfully

2020-05-19 08:17:53 - [MESSAGE][PASSED] - Wait for page load successfully

2020-05-19 08:17:53 - [TEST_STEP][PASSED] - waitForElementVisible(findTestObject("mobileSanity/STM/Page_App Page 3/input__credit-card-cvv"), 20): Object 'Object Repository/mobileSanity/STM/Page_App Page 3/input__credit-card-cvv' is visible

2020-05-19 08:17:54 - [MESSAGE][PASSED] - Object 'Object Repository/mobileSanity/STM/Page_App Page 3/input__credit-card-cvv' is visible

2020-05-19 08:17:54 - [TEST_STEP][PASSED] - Thread.sleep(2000): null

2020-05-19 08:17:56 - [TEST_STEP][PASSED] - callTestCase(findTestCase("AHI/_include/get_screenshot"), [:], STOP_ON_FAILURE): Call Test Case 'Test Cases/AHI/_include/get_screenshot' successfully

2020-05-19 08:17:56 - [TEST_CASE][PASSED] - Test Cases/AHI/_include/get_screenshot: Test Cases/AHI/_include/get_screenshot

2020-05-19 08:17:56 - [TEST_STEP][PASSED] - Thread.sleep(1000): null

2020-05-19 08:17:57 - [TEST_STEP][PASSED] - takeScreenshot(screenPath + i + ".png"): Taking screenshot successfully

2020-05-19 08:17:58 - [MESSAGE][PASSED] - Taking screenshot successfully
[[ATTACHMENT|D:\\Test\\AgileTest\\Reports\\PrivateLabel\\Spark\\20200519_080058\\../Screenshots/iPhone 6/Spark/AdvantHealth/20200519_081611/9.png]]

2020-05-19 08:17:58 - [TEST_STEP][PASSED] - (internal.GlobalVariable.i++): null

2020-05-19 08:17:58 - [MESSAGE][PASSED] - Call Test Case 'Test Cases/AHI/_include/get_screenshot' successfully

2020-05-19 08:17:58 - [TEST_STEP][PASSED] - clearText(findTestObject("mobileSanity/STM/Page_App Page 3/input__credit-card-cvv")): Text of object 'Object Repository/mobileSanity/STM/Page_App Page 3/input__credit-card-cvv' is cleared

2020-05-19 08:17:58 - [MESSAGE][PASSED] - Text of object 'Object Repository/mobileSanity/STM/Page_App Page 3/input__credit-card-cvv' is cleared

2020-05-19 08:17:58 - [TEST_STEP][PASSED] - setText(findTestObject("mobileSanity/STM/Page_App Page 3/input__credit-card-cvv"), "123"): Text '123' is set on object 'Object Repository/mobileSanity/STM/Page_App Page 3/input__credit-card-cvv'

2020-05-19 08:17:59 - [MESSAGE][PASSED] - Text '123' is set on object 'Object Repository/mobileSanity/STM/Page_App Page 3/input__credit-card-cvv'

2020-05-19 08:17:59 - [TEST_STEP][PASSED] - click(findTestObject("mobileSanity/STM/Page_App Page 3/label_I Accept Authorization f")): Object: 'Object Repository/mobileSanity/STM/Page_App Page 3/label_I Accept Authorization f' is clicked on

2020-05-19 08:18:00 - [MESSAGE][PASSED] - Object: 'Object Repository/mobileSanity/STM/Page_App Page 3/label_I Accept Authorization f' is clicked on

2020-05-19 08:18:00 - [TEST_STEP][PASSED] - click(findTestObject("mobileSanity/STM/Page_App Page 3/a_Continue to Step 4 - Review")): Object: 'Object Repository/mobileSanity/STM/Page_App Page 3/a_Continue to Step 4 - Review' is clicked on

2020-05-19 08:18:01 - [MESSAGE][PASSED] - Object: 'Object Repository/mobileSanity/STM/Page_App Page 3/a_Continue to Step 4 - Review' is clicked on

2020-05-19 08:18:01 - [TEST_STEP][PASSED] - waitForPageLoad(10): Wait for page load successfully

2020-05-19 08:18:02 - [MESSAGE][PASSED] - Wait for page load successfully

2020-05-19 08:18:02 - [TEST_STEP][PASSED] - waitForElementClickable(findTestObject("mobileSanity/STM/Page_App Page 4/label"), 10): Object 'Object Repository/mobileSanity/STM/Page_App Page 4/label' is clickable

2020-05-19 08:18:02 - [MESSAGE][PASSED] - Object 'Object Repository/mobileSanity/STM/Page_App Page 4/label' is clickable

2020-05-19 08:18:02 - [TEST_STEP][PASSED] - Thread.sleep(2000): null

2020-05-19 08:18:04 - [TEST_STEP][PASSED] - callTestCase(findTestCase("AHI/_include/get_screenshot"), [:], STOP_ON_FAILURE): Call Test Case 'Test Cases/AHI/_include/get_screenshot' successfully

2020-05-19 08:18:04 - [TEST_CASE][PASSED] - Test Cases/AHI/_include/get_screenshot: Test Cases/AHI/_include/get_screenshot

2020-05-19 08:18:04 - [TEST_STEP][PASSED] - Thread.sleep(1000): null

2020-05-19 08:18:05 - [TEST_STEP][PASSED] - takeScreenshot(screenPath + i + ".png"): Taking screenshot successfully

2020-05-19 08:18:06 - [MESSAGE][PASSED] - Taking screenshot successfully
[[ATTACHMENT|D:\\Test\\AgileTest\\Reports\\PrivateLabel\\Spark\\20200519_080058\\../Screenshots/iPhone 6/Spark/AdvantHealth/20200519_081611/10.png]]

2020-05-19 08:18:06 - [TEST_STEP][PASSED] - (internal.GlobalVariable.i++): null

2020-05-19 08:18:06 - [MESSAGE][PASSED] - Call Test Case 'Test Cases/AHI/_include/get_screenshot' successfully

2020-05-19 08:18:06 - [TEST_STEP][PASSED] - click(findTestObject("mobileSanity/STM/Page_App Page 4/label")): Object: 'Object Repository/mobileSanity/STM/Page_App Page 4/label' is clicked on

2020-05-19 08:18:06 - [MESSAGE][PASSED] - Object: 'Object Repository/mobileSanity/STM/Page_App Page 4/label' is clicked on

2020-05-19 08:18:06 - [TEST_STEP][PASSED] - click(findTestObject("mobileSanity/STM/Page_App Page 4/div_CLICK TO SIGN")): Object: 'Object Repository/mobileSanity/STM/Page_App Page 4/div_CLICK TO SIGN' is clicked on

2020-05-19 08:18:06 - [MESSAGE][PASSED] - Object: 'Object Repository/mobileSanity/STM/Page_App Page 4/div_CLICK TO SIGN' is clicked on

2020-05-19 08:18:06 - [TEST_STEP][PASSED] - click(findTestObject("mobileSanity/STM/Page_App Page 4/a_Submit Your Application")): Object: 'Object Repository/mobileSanity/STM/Page_App Page 4/a_Submit Your Application' is clicked on

2020-05-19 08:18:07 - [MESSAGE][PASSED] - Object: 'Object Repository/mobileSanity/STM/Page_App Page 4/a_Submit Your Application' is clicked on

2020-05-19 08:18:07 - [TEST_STEP][PASSED] - waitForElementPresent(findTestObject("mobileSanity/Common/app-confirmation"), 50): Object 'Object Repository/mobileSanity/Common/app-confirmation' is not present after 50 second(s)

2020-05-19 08:19:17 - [MESSAGE][INFO] - Unable to find the element located by 'By.xpath: //*[@id = 'app-confirmation']'. Please recheck the objects properties to make sure the desired element is located. 

2020-05-19 08:19:17 - [MESSAGE][WARNING] - Object 'Object Repository/mobileSanity/Common/app-confirmation' is not present after 50 second(s)

2020-05-19 08:19:17 - [TEST_STEP][PASSED] - callTestCase(findTestCase("AHI/_include/get_screenshot"), [:], STOP_ON_FAILURE): Call Test Case 'Test Cases/AHI/_include/get_screenshot' successfully

2020-05-19 08:19:17 - [TEST_CASE][PASSED] - Test Cases/AHI/_include/get_screenshot: Test Cases/AHI/_include/get_screenshot

2020-05-19 08:19:17 - [TEST_STEP][PASSED] - Thread.sleep(1000): null

2020-05-19 08:19:18 - [TEST_STEP][PASSED] - takeScreenshot(screenPath + i + ".png"): Taking screenshot successfully

2020-05-19 08:19:19 - [MESSAGE][PASSED] - Taking screenshot successfully
[[ATTACHMENT|D:\\Test\\AgileTest\\Reports\\PrivateLabel\\Spark\\20200519_080058\\../Screenshots/iPhone 6/Spark/AdvantHealth/20200519_081611/11.png]]

2020-05-19 08:19:19 - [TEST_STEP][PASSED] - (internal.GlobalVariable.i++): null

2020-05-19 08:19:19 - [MESSAGE][PASSED] - Call Test Case 'Test Cases/AHI/_include/get_screenshot' successfully

2020-05-19 08:19:19 - [MESSAGE][PASSED] - Call Test Case 'Test Cases/AHI/_include/goToEnd_stm_autofill' successfully]]></system-out>
         <system-err><![CDATA[]]></system-err>
      </testcase>
      <testcase name="Test Cases/PL Site/Spark/stm/Everest Prime" classname="Test Cases/PL Site/Spark/stm/Everest Prime" status="PASSED">
         <system-out><![CDATA[2020-05-19 08:19:19 - [TEST_CASE][PASSED] - Test Cases/PL Site/Spark/stm/Everest Prime: Test Cases/PL Site/Spark/stm/Everest Prime

2020-05-19 08:19:19 - [TEST_STEP][PASSED] - callTestCase(findTestCase("AHI/_include/get_screenPath"), ["productLine":"Spark", "carrierName":"Everest Prime"], CONTINUE_ON_FAILURE): Call Test Case 'Test Cases/AHI/_include/get_screenPath' successfully

2020-05-19 08:19:19 - [TEST_CASE][PASSED] - Test Cases/AHI/_include/get_screenPath: Test Cases/AHI/_include/get_screenPath

2020-05-19 08:19:19 - [TEST_STEP][PASSED] - m = getExecutionProperties(): null

2020-05-19 08:19:19 - [TEST_STEP][PASSED] - deviceName = get("mobileEmulation").get("deviceName"): null

2020-05-19 08:19:19 - [TEST_STEP][PASSED] - println(deviceName): null

2020-05-19 08:19:19 - [TEST_STEP][PASSED] - now = new java.util.Date(): null

2020-05-19 08:19:19 - [TEST_STEP][PASSED] - mydate = now.format("yyyyMMdd_HHmmss"): null

2020-05-19 08:19:19 - [TEST_STEP][PASSED] - screenPath = "../Screenshots/": null

2020-05-19 08:19:19 - [TEST_STEP][PASSED] - screenPath = screenPath + deviceName + "/" + productLine + "/" + carrierName + "/" + mydate + "/": null

2020-05-19 08:19:19 - [TEST_STEP][PASSED] - println(screenPath): null

2020-05-19 08:19:19 - [MESSAGE][PASSED] - Call Test Case 'Test Cases/AHI/_include/get_screenPath' successfully

2020-05-19 08:19:19 - [TEST_STEP][PASSED] - i = 0: null

2020-05-19 08:19:19 - [TEST_STEP][PASSED] - callTestCase(findTestCase("AHI/_include/openWebSite"), ["env":"https://spark--qa.storefront.mybenefitskeeper.com"], CONTINUE_ON_FAILURE): Call Test Case 'Test Cases/AHI/_include/openWebSite' successfully

2020-05-19 08:19:19 - [TEST_CASE][PASSED] - Test Cases/AHI/_include/openWebSite: Test Cases/AHI/_include/openWebSite

2020-05-19 08:19:19 - [TEST_STEP][PASSED] - openBrowser(env): Browser is opened with url: 'https://spark--qa.storefront.mybenefitskeeper.com'

2020-05-19 08:19:19 - [MESSAGE][WARNING] - A browser is already opened. Closing browser and opening a new one

2020-05-19 08:19:20 - [MESSAGE][INFO] - Starting 'Chrome' driver

2020-05-19 08:19:20 - [MESSAGE][INFO] - User set preference: ['mobileEmulation', '{deviceName=iPhone 6}']

2020-05-19 08:19:20 - [MESSAGE][INFO] - User set preference: ['args', '[--incognito, --aggressive-cache-discard, --window-size=375,677, --no-sandbox, --ignore-certificate-errors]']

2020-05-19 08:19:42 - [MESSAGE][PASSED] - Browser is opened with url: 'https://spark--qa.storefront.mybenefitskeeper.com'

2020-05-19 08:19:42 - [TEST_STEP][PASSED] - waitForPageLoad(20): Wait for page load successfully

2020-05-19 08:19:42 - [MESSAGE][PASSED] - Wait for page load successfully

2020-05-19 08:19:42 - [TEST_STEP][PASSED] - callTestCase(findTestCase("AHI/_include/get_screenshot"), [:], STOP_ON_FAILURE): Call Test Case 'Test Cases/AHI/_include/get_screenshot' successfully

2020-05-19 08:19:42 - [TEST_CASE][PASSED] - Test Cases/AHI/_include/get_screenshot: Test Cases/AHI/_include/get_screenshot

2020-05-19 08:19:42 - [TEST_STEP][PASSED] - Thread.sleep(1000): null

2020-05-19 08:19:44 - [TEST_STEP][PASSED] - takeScreenshot(screenPath + i + ".png"): Taking screenshot successfully

2020-05-19 08:19:45 - [MESSAGE][PASSED] - Taking screenshot successfully
[[ATTACHMENT|D:\\Test\\AgileTest\\Reports\\PrivateLabel\\Spark\\20200519_080058\\../Screenshots/iPhone 6/Spark/Everest Prime/20200519_081919/0.png]]

2020-05-19 08:19:45 - [TEST_STEP][PASSED] - (internal.GlobalVariable.i++): null

2020-05-19 08:19:45 - [MESSAGE][PASSED] - Call Test Case 'Test Cases/AHI/_include/get_screenshot' successfully

2020-05-19 08:19:45 - [MESSAGE][PASSED] - Call Test Case 'Test Cases/AHI/_include/openWebSite' successfully

2020-05-19 08:19:45 - [TEST_STEP][PASSED] - callTestCase(findTestCase("AHI/_include/census_stm"), [:], CONTINUE_ON_FAILURE): Call Test Case 'Test Cases/AHI/_include/census_stm' successfully

2020-05-19 08:19:45 - [TEST_CASE][PASSED] - Test Cases/AHI/_include/census_stm: Test Cases/AHI/_include/census_stm

2020-05-19 08:19:45 - [TEST_STEP][PASSED] - waitForElementClickable(findTestObject("mobileSanity/STM/Home Page/a_Quote  Save Today"), 10): Object 'Object Repository/mobileSanity/STM/Home Page/a_Quote  Save Today' is clickable

2020-05-19 08:19:45 - [MESSAGE][PASSED] - Object 'Object Repository/mobileSanity/STM/Home Page/a_Quote  Save Today' is clickable

2020-05-19 08:19:45 - [TEST_STEP][PASSED] - click(findTestObject("mobileSanity/STM/Home Page/a_Quote  Save Today")): Object: 'Object Repository/mobileSanity/STM/Home Page/a_Quote  Save Today' is clicked on

2020-05-19 08:19:47 - [MESSAGE][PASSED] - Object: 'Object Repository/mobileSanity/STM/Home Page/a_Quote  Save Today' is clicked on

2020-05-19 08:19:47 - [TEST_STEP][PASSED] - waitForElementPresent(findTestObject("mobileSanity/STM/STM Census Page/input_Location_zip-input"), 20): Object 'Object Repository/mobileSanity/STM/STM Census Page/input_Location_zip-input' is present

2020-05-19 08:19:47 - [MESSAGE][PASSED] - Object 'Object Repository/mobileSanity/STM/STM Census Page/input_Location_zip-input' is present

2020-05-19 08:19:47 - [TEST_STEP][PASSED] - callTestCase(findTestCase("AHI/_include/get_screenshot"), [:], STOP_ON_FAILURE): Call Test Case 'Test Cases/AHI/_include/get_screenshot' successfully

2020-05-19 08:19:47 - [TEST_CASE][PASSED] - Test Cases/AHI/_include/get_screenshot: Test Cases/AHI/_include/get_screenshot

2020-05-19 08:19:47 - [TEST_STEP][PASSED] - Thread.sleep(1000): null

2020-05-19 08:19:48 - [TEST_STEP][PASSED] - takeScreenshot(screenPath + i + ".png"): Taking screenshot successfully

2020-05-19 08:19:48 - [MESSAGE][PASSED] - Taking screenshot successfully
[[ATTACHMENT|D:\\Test\\AgileTest\\Reports\\PrivateLabel\\Spark\\20200519_080058\\../Screenshots/iPhone 6/Spark/Everest Prime/20200519_081919/1.png]]

2020-05-19 08:19:48 - [TEST_STEP][PASSED] - (internal.GlobalVariable.i++): null

2020-05-19 08:19:48 - [MESSAGE][PASSED] - Call Test Case 'Test Cases/AHI/_include/get_screenshot' successfully

2020-05-19 08:19:48 - [TEST_STEP][PASSED] - setText(findTestObject("mobileSanity/STM/STM Census Page/input_Location_zip-input"), zipcode): Text '35215' is set on object 'Object Repository/mobileSanity/STM/STM Census Page/input_Location_zip-input'

2020-05-19 08:19:49 - [MESSAGE][PASSED] - Text '35215' is set on object 'Object Repository/mobileSanity/STM/STM Census Page/input_Location_zip-input'

2020-05-19 08:19:49 - [TEST_STEP][PASSED] - Thread.sleep(500): null

2020-05-19 08:19:50 - [TEST_STEP][PASSED] - setText(findTestObject("mobileSanity/STM/STM Census Page/input_Date of Birth_dob-0"), "03031987"): Text '03031987' is set on object 'Object Repository/mobileSanity/STM/STM Census Page/input_Date of Birth_dob-0'

2020-05-19 08:19:50 - [MESSAGE][PASSED] - Text '03031987' is set on object 'Object Repository/mobileSanity/STM/STM Census Page/input_Date of Birth_dob-0'

2020-05-19 08:19:50 - [TEST_STEP][PASSED] - click(findTestObject("mobileSanity/STM/STM Census Page/label_Male")): Object: 'Object Repository/mobileSanity/STM/STM Census Page/label_Male' is clicked on

2020-05-19 08:19:51 - [MESSAGE][PASSED] - Object: 'Object Repository/mobileSanity/STM/STM Census Page/label_Male' is clicked on

2020-05-19 08:19:51 - [TEST_STEP][PASSED] - Thread.sleep(2000): null

2020-05-19 08:19:53 - [TEST_STEP][PASSED] - click(findTestObject("mobileSanity/STM/STM Census Page/label_Compare Plans")): Object: 'Object Repository/mobileSanity/STM/STM Census Page/label_Compare Plans' is clicked on

2020-05-19 08:19:55 - [MESSAGE][PASSED] - Object: 'Object Repository/mobileSanity/STM/STM Census Page/label_Compare Plans' is clicked on

2020-05-19 08:19:55 - [TEST_STEP][PASSED] - waitForElementVisible(findTestObject("mobileSanity/STM/STM Quote Page/button_sort"), 20): Object 'Object Repository/mobileSanity/STM/STM Quote Page/button_sort' is visible

2020-05-19 08:19:55 - [MESSAGE][PASSED] - Object 'Object Repository/mobileSanity/STM/STM Quote Page/button_sort' is visible

2020-05-19 08:19:55 - [TEST_STEP][PASSED] - Thread.sleep(3000): null

2020-05-19 08:19:58 - [TEST_STEP][PASSED] - callTestCase(findTestCase("AHI/_include/get_screenshot"), [:], STOP_ON_FAILURE): Call Test Case 'Test Cases/AHI/_include/get_screenshot' successfully

2020-05-19 08:19:59 - [TEST_CASE][PASSED] - Test Cases/AHI/_include/get_screenshot: Test Cases/AHI/_include/get_screenshot

2020-05-19 08:19:59 - [TEST_STEP][PASSED] - Thread.sleep(1000): null

2020-05-19 08:20:00 - [TEST_STEP][PASSED] - takeScreenshot(screenPath + i + ".png"): Taking screenshot successfully

2020-05-19 08:20:01 - [MESSAGE][PASSED] - Taking screenshot successfully
[[ATTACHMENT|D:\\Test\\AgileTest\\Reports\\PrivateLabel\\Spark\\20200519_080058\\../Screenshots/iPhone 6/Spark/Everest Prime/20200519_081919/2.png]]

2020-05-19 08:20:01 - [TEST_STEP][PASSED] - (internal.GlobalVariable.i++): null

2020-05-19 08:20:01 - [MESSAGE][PASSED] - Call Test Case 'Test Cases/AHI/_include/get_screenshot' successfully

2020-05-19 08:20:01 - [TEST_STEP][PASSED] - Thread.sleep(1000): null

2020-05-19 08:20:02 - [MESSAGE][PASSED] - Call Test Case 'Test Cases/AHI/_include/census_stm' successfully

2020-05-19 08:20:02 - [TEST_STEP][PASSED] - callTestCase(findTestCase("AHI/_include/filter_stm"), ["carrier":"everest"], STOP_ON_FAILURE): Call Test Case 'Test Cases/AHI/_include/filter_stm' successfully

2020-05-19 08:20:02 - [TEST_CASE][PASSED] - Test Cases/AHI/_include/filter_stm: Test Cases/AHI/_include/filter_stm

2020-05-19 08:20:02 - [TEST_STEP][PASSED] - driver = getWebDriver(): null

2020-05-19 08:20:02 - [TEST_STEP][PASSED] - selenium = new com.thoughtworks.selenium.webdriven.WebDriverBackedSelenium(driver, internal.GlobalVariable.ENV): null

2020-05-19 08:20:02 - [TEST_STEP][PASSED] - Thread.sleep(1000): null

2020-05-19 08:20:03 - [TEST_STEP][PASSED] - click(findTestObject("mobileSanity/STM/STM Quote Page/button_filters")): Object: 'Object Repository/mobileSanity/STM/STM Quote Page/button_filters' is clicked on

2020-05-19 08:20:04 - [MESSAGE][PASSED] - Object: 'Object Repository/mobileSanity/STM/STM Quote Page/button_filters' is clicked on

2020-05-19 08:20:04 - [TEST_STEP][PASSED] - Thread.sleep(1000): null

2020-05-19 08:20:05 - [TEST_STEP][PASSED] - click(findTestObject("mobileSanity/STM/STM Quote Page/i_Insurance company")): Object: 'Object Repository/mobileSanity/STM/STM Quote Page/i_Insurance company' is clicked on

2020-05-19 08:20:05 - [MESSAGE][PASSED] - Object: 'Object Repository/mobileSanity/STM/STM Quote Page/i_Insurance company' is clicked on

2020-05-19 08:20:05 - [TEST_STEP][PASSED] - Thread.sleep(1000): null

2020-05-19 08:20:06 - [TEST_STEP][PASSED] - filter_carrier = "//input[@name='filter[carrier]' and @value='" + carrier + "']/following::label": null

2020-05-19 08:20:06 - [TEST_STEP][PASSED] - println(filter_carrier): null

2020-05-19 08:20:07 - [TEST_STEP][PASSED] - test.MobileKeywords.clickJS_ByXpath(filter_carrier): test.MobileKeywords.clickJS_ByXpath is PASSED

2020-05-19 08:20:07 - [MESSAGE][PASSED] - Execute JavaScript 'arguments[0].click()' successfully

2020-05-19 08:20:07 - [MESSAGE][PASSED] - test.MobileKeywords.clickJS_ByXpath is PASSED

2020-05-19 08:20:07 - [TEST_STEP][PASSED] - click(findTestObject("mobileSanity/STM/STM Quote Page/js-close c-link-button")): Object: 'Object Repository/mobileSanity/STM/STM Quote Page/js-close c-link-button' is clicked on

2020-05-19 08:20:08 - [MESSAGE][PASSED] - Object: 'Object Repository/mobileSanity/STM/STM Quote Page/js-close c-link-button' is clicked on

2020-05-19 08:20:08 - [TEST_STEP][PASSED] - Thread.sleep(2000): null

2020-05-19 08:20:10 - [TEST_STEP][PASSED] - callTestCase(findTestCase("AHI/_include/get_screenshot"), [:], STOP_ON_FAILURE): Call Test Case 'Test Cases/AHI/_include/get_screenshot' successfully

2020-05-19 08:20:10 - [TEST_CASE][PASSED] - Test Cases/AHI/_include/get_screenshot: Test Cases/AHI/_include/get_screenshot

2020-05-19 08:20:10 - [TEST_STEP][PASSED] - Thread.sleep(1000): null

2020-05-19 08:20:12 - [TEST_STEP][PASSED] - takeScreenshot(screenPath + i + ".png"): Taking screenshot successfully

2020-05-19 08:20:13 - [MESSAGE][PASSED] - Taking screenshot successfully
[[ATTACHMENT|D:\\Test\\AgileTest\\Reports\\PrivateLabel\\Spark\\20200519_080058\\../Screenshots/iPhone 6/Spark/Everest Prime/20200519_081919/3.png]]

2020-05-19 08:20:13 - [TEST_STEP][PASSED] - (internal.GlobalVariable.i++): null

2020-05-19 08:20:13 - [MESSAGE][PASSED] - Call Test Case 'Test Cases/AHI/_include/get_screenshot' successfully

2020-05-19 08:20:13 - [MESSAGE][PASSED] - Call Test Case 'Test Cases/AHI/_include/filter_stm' successfully

2020-05-19 08:20:13 - [TEST_STEP][PASSED] - callTestCase(findTestCase("AHI/_include/goToDetail_stm"), ["carrier":"everest"], STOP_ON_FAILURE): Call Test Case 'Test Cases/AHI/_include/goToDetail_stm' successfully

2020-05-19 08:20:13 - [TEST_CASE][PASSED] - Test Cases/AHI/_include/goToDetail_stm: Test Cases/AHI/_include/goToDetail_stm

2020-05-19 08:20:13 - [TEST_STEP][PASSED] - driver = getWebDriver(): null

2020-05-19 08:20:13 - [TEST_STEP][PASSED] - selenium = new com.thoughtworks.selenium.webdriven.WebDriverBackedSelenium(driver, internal.GlobalVariable.ENV): null

2020-05-19 08:20:14 - [TEST_STEP][PASSED] - a_plan_name = "xpath=//a[contains(@href,'/term-health-insurance/plan/" + carrier + "')]": null

2020-05-19 08:20:14 - [TEST_STEP][PASSED] - println(a_plan_name): null

2020-05-19 08:20:14 - [TEST_STEP][PASSED] - selenium.click(a_plan_name): null

2020-05-19 08:20:15 - [TEST_STEP][PASSED] - waitForPageLoad(20): Wait for page load successfully

2020-05-19 08:20:15 - [MESSAGE][PASSED] - Wait for page load successfully

2020-05-19 08:20:15 - [TEST_STEP][PASSED] - Thread.sleep(2000): null

2020-05-19 08:20:18 - [TEST_STEP][PASSED] - callTestCase(findTestCase("AHI/_include/get_screenshot"), [:], STOP_ON_FAILURE): Call Test Case 'Test Cases/AHI/_include/get_screenshot' successfully

2020-05-19 08:20:18 - [TEST_CASE][PASSED] - Test Cases/AHI/_include/get_screenshot: Test Cases/AHI/_include/get_screenshot

2020-05-19 08:20:18 - [TEST_STEP][PASSED] - Thread.sleep(1000): null

2020-05-19 08:20:19 - [TEST_STEP][PASSED] - takeScreenshot(screenPath + i + ".png"): Taking screenshot successfully

2020-05-19 08:20:19 - [MESSAGE][PASSED] - Taking screenshot successfully
[[ATTACHMENT|D:\\Test\\AgileTest\\Reports\\PrivateLabel\\Spark\\20200519_080058\\../Screenshots/iPhone 6/Spark/Everest Prime/20200519_081919/4.png]]

2020-05-19 08:20:19 - [TEST_STEP][PASSED] - (internal.GlobalVariable.i++): null

2020-05-19 08:20:19 - [MESSAGE][PASSED] - Call Test Case 'Test Cases/AHI/_include/get_screenshot' successfully

2020-05-19 08:20:19 - [MESSAGE][PASSED] - Call Test Case 'Test Cases/AHI/_include/goToDetail_stm' successfully

2020-05-19 08:20:19 - [TEST_STEP][PASSED] - callTestCase(findTestCase("AHI/_include/apply_stm"), [:], STOP_ON_FAILURE): Call Test Case 'Test Cases/AHI/_include/apply_stm' successfully

2020-05-19 08:20:19 - [TEST_CASE][PASSED] - Test Cases/AHI/_include/apply_stm: Test Cases/AHI/_include/apply_stm

2020-05-19 08:20:19 - [TEST_STEP][PASSED] - waitForElementVisible(findTestObject("mobileSanity/STM/STM PlanDetail Page/a_Apply for This Plan"), 5): Object 'Object Repository/mobileSanity/STM/STM PlanDetail Page/a_Apply for This Plan' is visible

2020-05-19 08:20:19 - [MESSAGE][PASSED] - Object 'Object Repository/mobileSanity/STM/STM PlanDetail Page/a_Apply for This Plan' is visible

2020-05-19 08:20:19 - [TEST_STEP][PASSED] - click(findTestObject("mobileSanity/STM/STM PlanDetail Page/a_Apply for This Plan")): Object: 'Object Repository/mobileSanity/STM/STM PlanDetail Page/a_Apply for This Plan' is clicked on

2020-05-19 08:20:20 - [MESSAGE][PASSED] - Object: 'Object Repository/mobileSanity/STM/STM PlanDetail Page/a_Apply for This Plan' is clicked on

2020-05-19 08:20:20 - [TEST_STEP][PASSED] - waitForPageLoad(10): Wait for page load successfully

2020-05-19 08:20:20 - [MESSAGE][PASSED] - Wait for page load successfully

2020-05-19 08:20:20 - [TEST_STEP][PASSED] - Thread.sleep(2000): null

2020-05-19 08:20:22 - [TEST_STEP][PASSED] - callTestCase(findTestCase("AHI/_include/get_screenshot"), [:], STOP_ON_FAILURE): Call Test Case 'Test Cases/AHI/_include/get_screenshot' successfully

2020-05-19 08:20:22 - [TEST_CASE][PASSED] - Test Cases/AHI/_include/get_screenshot: Test Cases/AHI/_include/get_screenshot

2020-05-19 08:20:22 - [TEST_STEP][PASSED] - Thread.sleep(1000): null

2020-05-19 08:20:23 - [TEST_STEP][PASSED] - takeScreenshot(screenPath + i + ".png"): Taking screenshot successfully

2020-05-19 08:20:24 - [MESSAGE][PASSED] - Taking screenshot successfully
[[ATTACHMENT|D:\\Test\\AgileTest\\Reports\\PrivateLabel\\Spark\\20200519_080058\\../Screenshots/iPhone 6/Spark/Everest Prime/20200519_081919/5.png]]

2020-05-19 08:20:24 - [TEST_STEP][PASSED] - (internal.GlobalVariable.i++): null

2020-05-19 08:20:24 - [MESSAGE][PASSED] - Call Test Case 'Test Cases/AHI/_include/get_screenshot' successfully

2020-05-19 08:20:24 - [TEST_STEP][PASSED] - waitForElementVisible(findTestObject("mobileSanity/STM/STM Apply Page/a_Start Secure Application"), 5): Object 'Object Repository/mobileSanity/STM/STM Apply Page/a_Start Secure Application' is visible

2020-05-19 08:20:24 - [MESSAGE][PASSED] - Object 'Object Repository/mobileSanity/STM/STM Apply Page/a_Start Secure Application' is visible

2020-05-19 08:20:24 - [TEST_STEP][PASSED] - click(findTestObject("mobileSanity/STM/STM Apply Page/a_Start Secure Application")): Object: 'Object Repository/mobileSanity/STM/STM Apply Page/a_Start Secure Application' is clicked on

2020-05-19 08:20:25 - [MESSAGE][PASSED] - Object: 'Object Repository/mobileSanity/STM/STM Apply Page/a_Start Secure Application' is clicked on

2020-05-19 08:20:25 - [TEST_STEP][PASSED] - waitForPageLoad(20): Wait for page load successfully

2020-05-19 08:20:25 - [MESSAGE][PASSED] - Wait for page load successfully

2020-05-19 08:20:25 - [TEST_STEP][PASSED] - Thread.sleep(2000): null

2020-05-19 08:20:27 - [TEST_STEP][PASSED] - callTestCase(findTestCase("AHI/_include/get_screenshot"), [:], STOP_ON_FAILURE): Call Test Case 'Test Cases/AHI/_include/get_screenshot' successfully

2020-05-19 08:20:27 - [TEST_CASE][PASSED] - Test Cases/AHI/_include/get_screenshot: Test Cases/AHI/_include/get_screenshot

2020-05-19 08:20:27 - [TEST_STEP][PASSED] - Thread.sleep(1000): null

2020-05-19 08:20:28 - [TEST_STEP][PASSED] - takeScreenshot(screenPath + i + ".png"): Taking screenshot successfully

2020-05-19 08:20:29 - [MESSAGE][PASSED] - Taking screenshot successfully
[[ATTACHMENT|D:\\Test\\AgileTest\\Reports\\PrivateLabel\\Spark\\20200519_080058\\../Screenshots/iPhone 6/Spark/Everest Prime/20200519_081919/6.png]]

2020-05-19 08:20:29 - [TEST_STEP][PASSED] - (internal.GlobalVariable.i++): null

2020-05-19 08:20:29 - [MESSAGE][PASSED] - Call Test Case 'Test Cases/AHI/_include/get_screenshot' successfully

2020-05-19 08:20:29 - [MESSAGE][PASSED] - Call Test Case 'Test Cases/AHI/_include/apply_stm' successfully

2020-05-19 08:20:29 - [TEST_STEP][PASSED] - callTestCase(findTestCase("AHI/_include/goToEnd_stm_autofill"), [:], STOP_ON_FAILURE): Call Test Case 'Test Cases/AHI/_include/goToEnd_stm_autofill' successfully

2020-05-19 08:20:29 - [TEST_CASE][PASSED] - Test Cases/AHI/_include/goToEnd_stm_autofill: Test Cases/AHI/_include/goToEnd_stm_autofill

2020-05-19 08:20:29 - [TEST_STEP][PASSED] - callTestCase(findTestCase("AHI/_include/name"), [:], CONTINUE_ON_FAILURE): Call Test Case 'Test Cases/AHI/_include/name' successfully

2020-05-19 08:20:29 - [TEST_CASE][PASSED] - Test Cases/AHI/_include/name: Test Cases/AHI/_include/name

2020-05-19 08:20:29 - [TEST_STEP][PASSED] - driver = getWebDriver(): null

2020-05-19 08:20:29 - [TEST_STEP][PASSED] - selenium = new com.thoughtworks.selenium.webdriven.WebDriverBackedSelenium(driver, internal.GlobalVariable.ENV): null

2020-05-19 08:20:29 - [TEST_STEP][PASSED] - FirstName = "Test-123": null

2020-05-19 08:20:29 - [TEST_STEP][PASSED] - LastName = selenium.getEval("{var x="ABCDEFGHIJKLMNOPQRSTUVWXYZabcdefghijklmnopqrstuvwxyz"; var tmp="ZZ11-"; for (i=0;i<8;i++) tmp+=x.charAt(Math.ceil(51*Math.random()));tmp;}"): null

2020-05-19 08:20:29 - [TEST_STEP][PASSED] - Address = selenium.getEval("{var x="ABCDEFGHIJKLMNOPQRSTUVWXYZabcdefghijklmnopqrstuvwxyz"; var tmp=""; for (i=0;i<8;i++) tmp+=x.charAt(Math.ceil(51*Math.random()));tmp;}"): null

2020-05-19 08:20:29 - [TEST_STEP][PASSED] - City = selenium.getEval("{var x="ABCDEFGHIJKLMNOPQRSTUVWXYZabcdefghijklmnopqrstuvwxyz"; var tmp=""; for (i=0;i<8;i++) tmp+=x.charAt(Math.ceil(51*Math.random()));tmp;}"): null

2020-05-19 08:20:29 - [TEST_STEP][PASSED] - tel1 = selenium.getEval("{var x="123456789"; var tmp=""; for (i=0;i<3;i++) tmp+=x.charAt(Math.ceil(8*Math.random()));tmp;}"): null

2020-05-19 08:20:29 - [TEST_STEP][PASSED] - tel2 = selenium.getEval("{var x="123456789"; var tmp=""; for (i=0;i<3;i++) tmp+=x.charAt(Math.ceil(8*Math.random()));tmp;}"): null

2020-05-19 08:20:29 - [TEST_STEP][PASSED] - tel3 = selenium.getEval("{var x="123456789"; var tmp=""; for (i=0;i<4;i++) tmp+=x.charAt(Math.ceil(8*Math.random()));tmp;}"): null

2020-05-19 08:20:29 - [TEST_STEP][PASSED] - Tel = selenium.getExpression(tel1 + "-" + tel2 + "-" + tel3): null

2020-05-19 08:20:29 - [TEST_STEP][PASSED] - AutoEmail = selenium.getEval("{var x="ABCDEFGHIJKLMNOPQRSTUVWXYZabcdefghijklmnopqrstuvwxyz"; var tmp="test."; for (i=0;i<8;i++) tmp+=x.charAt(Math.ceil(51*Math.random()));tmp+="@suryani.cn";}"): null

2020-05-19 08:20:29 - [TEST_STEP][PASSED] - FirstName = FirstName: null

2020-05-19 08:20:29 - [TEST_STEP][PASSED] - LastName = LastName: null

2020-05-19 08:20:29 - [TEST_STEP][PASSED] - Address = Address: null

2020-05-19 08:20:29 - [TEST_STEP][PASSED] - City = City: null

2020-05-19 08:20:29 - [TEST_STEP][PASSED] - Tel = Tel: null

2020-05-19 08:20:29 - [TEST_STEP][PASSED] - AutoEmail = AutoEmail: null

2020-05-19 08:20:29 - [TEST_STEP][PASSED] - println(FirstName): null

2020-05-19 08:20:29 - [TEST_STEP][PASSED] - println(LastName): null

2020-05-19 08:20:29 - [TEST_STEP][PASSED] - println(Address): null

2020-05-19 08:20:29 - [TEST_STEP][PASSED] - println(City): null

2020-05-19 08:20:29 - [TEST_STEP][PASSED] - println(Tel): null

2020-05-19 08:20:29 - [TEST_STEP][PASSED] - println(AutoEmail): null

2020-05-19 08:20:29 - [MESSAGE][PASSED] - Call Test Case 'Test Cases/AHI/_include/name' successfully

2020-05-19 08:20:29 - [TEST_STEP][FAILED] - try: Unable to verify text 'Month Duration Acknowledgement' is present  (Root cause: com.kms.katalon.core.exception.StepFailedException: Text 'Month Duration Acknowledgement' is not present on page )

2020-05-19 08:20:29 - [TEST_STEP][FAILED] - if (verifyTextPresent("Month Duration Acknowledgement", false)): Unable to verify text 'Month Duration Acknowledgement' is present  (Root cause: com.kms.katalon.core.exception.StepFailedException: Text 'Month Duration Acknowledgement' is not present on page )

2020-05-19 08:20:30 - [MESSAGE][FAILED] - Text 'Month Duration Acknowledgement' is not present on page 

2020-05-19 08:20:31 - [MESSAGE][FAILED] - Unable to verify text 'Month Duration Acknowledgement' is present  (Root cause: com.kms.katalon.core.exception.StepFailedException: Text 'Month Duration Acknowledgement' is not present on page )
[[ATTACHMENT|D:\\Test\\AgileTest\\Reports\\PrivateLabel\\Spark\\20200519_080058\\1589890830197.png]]

2020-05-19 08:20:31 - [TEST_STEP][PASSED] - catch (Exception e): null

2020-05-19 08:20:31 - [TEST_STEP][PASSED] - println("no consecutive"): null

2020-05-19 08:20:31 - [TEST_STEP][PASSED] - waitForPageLoad(10): Wait for page load successfully

2020-05-19 08:20:31 - [MESSAGE][PASSED] - Wait for page load successfully

2020-05-19 08:20:31 - [TEST_STEP][PASSED] - Thread.sleep(3000): null

2020-05-19 08:20:34 - [TEST_STEP][PASSED] - waitForElementVisible(findTestObject("mobileSanity/STM/Page_App Page 1/a_Autofill App Info"), 20): Object 'Object Repository/mobileSanity/STM/Page_App Page 1/a_Autofill App Info' is visible

2020-05-19 08:20:34 - [MESSAGE][PASSED] - Object 'Object Repository/mobileSanity/STM/Page_App Page 1/a_Autofill App Info' is visible

2020-05-19 08:20:34 - [TEST_STEP][PASSED] - click(findTestObject("mobileSanity/STM/Page_App Page 1/a_Autofill App Info")): Object: 'Object Repository/mobileSanity/STM/Page_App Page 1/a_Autofill App Info' is clicked on

2020-05-19 08:20:34 - [MESSAGE][PASSED] - Object: 'Object Repository/mobileSanity/STM/Page_App Page 1/a_Autofill App Info' is clicked on

2020-05-19 08:20:34 - [TEST_STEP][PASSED] - Thread.sleep(1000): null

2020-05-19 08:20:35 - [TEST_STEP][PASSED] - click(findTestObject("mobileSanity/STM/Page_App Page 1/a_Autofill App Info")): Object: 'Object Repository/mobileSanity/STM/Page_App Page 1/a_Autofill App Info' is clicked on

2020-05-19 08:20:37 - [MESSAGE][PASSED] - Object: 'Object Repository/mobileSanity/STM/Page_App Page 1/a_Autofill App Info' is clicked on

2020-05-19 08:20:37 - [TEST_STEP][PASSED] - Thread.sleep(1000): null

2020-05-19 08:20:38 - [TEST_STEP][PASSED] - waitForElementVisible(findTestObject("mobileSanity/STM/Page_App Page 1/a_Continue"), 20): Object 'Object Repository/mobileSanity/STM/Page_App Page 1/a_Continue' is visible

2020-05-19 08:20:38 - [MESSAGE][PASSED] - Object 'Object Repository/mobileSanity/STM/Page_App Page 1/a_Continue' is visible

2020-05-19 08:20:38 - [TEST_STEP][PASSED] - click(findTestObject("mobileSanity/STM/Page_App Page 1/a_Continue")): Object: 'Object Repository/mobileSanity/STM/Page_App Page 1/a_Continue' is clicked on

2020-05-19 08:20:38 - [MESSAGE][PASSED] - Object: 'Object Repository/mobileSanity/STM/Page_App Page 1/a_Continue' is clicked on

2020-05-19 08:20:38 - [TEST_STEP][PASSED] - waitForPageLoad(20): Wait for page load successfully

2020-05-19 08:20:38 - [MESSAGE][PASSED] - Wait for page load successfully

2020-05-19 08:20:38 - [TEST_STEP][PASSED] - Thread.sleep(5000): null

2020-05-19 08:20:43 - [TEST_STEP][PASSED] - callTestCase(findTestCase("AHI/_include/get_screenshot"), [:], STOP_ON_FAILURE): Call Test Case 'Test Cases/AHI/_include/get_screenshot' successfully

2020-05-19 08:20:43 - [TEST_CASE][PASSED] - Test Cases/AHI/_include/get_screenshot: Test Cases/AHI/_include/get_screenshot

2020-05-19 08:20:44 - [TEST_STEP][PASSED] - Thread.sleep(1000): null

2020-05-19 08:20:45 - [TEST_STEP][PASSED] - takeScreenshot(screenPath + i + ".png"): Taking screenshot successfully

2020-05-19 08:20:45 - [MESSAGE][PASSED] - Taking screenshot successfully
[[ATTACHMENT|D:\\Test\\AgileTest\\Reports\\PrivateLabel\\Spark\\20200519_080058\\../Screenshots/iPhone 6/Spark/Everest Prime/20200519_081919/7.png]]

2020-05-19 08:20:45 - [TEST_STEP][PASSED] - (internal.GlobalVariable.i++): null

2020-05-19 08:20:45 - [MESSAGE][PASSED] - Call Test Case 'Test Cases/AHI/_include/get_screenshot' successfully

2020-05-19 08:20:45 - [TEST_STEP][PASSED] - click(findTestObject("mobileSanity/STM/Page_App Page 2/a_Continue to Step 3 - Payment")): Object: 'Object Repository/mobileSanity/STM/Page_App Page 2/a_Continue to Step 3 - Payment' is clicked on

2020-05-19 08:20:45 - [MESSAGE][PASSED] - Object: 'Object Repository/mobileSanity/STM/Page_App Page 2/a_Continue to Step 3 - Payment' is clicked on

2020-05-19 08:20:45 - [TEST_STEP][PASSED] - waitForPageLoad(20): Wait for page load successfully

2020-05-19 08:20:46 - [MESSAGE][PASSED] - Wait for page load successfully

2020-05-19 08:20:46 - [TEST_STEP][PASSED] - waitForElementVisible(findTestObject("mobileSanity/STM/Page_App Page 3/input__credit-card-cvv"), 20): Object 'Object Repository/mobileSanity/STM/Page_App Page 3/input__credit-card-cvv' is visible

2020-05-19 08:20:46 - [MESSAGE][PASSED] - Object 'Object Repository/mobileSanity/STM/Page_App Page 3/input__credit-card-cvv' is visible

2020-05-19 08:20:46 - [TEST_STEP][PASSED] - Thread.sleep(2000): null

2020-05-19 08:20:48 - [TEST_STEP][PASSED] - callTestCase(findTestCase("AHI/_include/get_screenshot"), [:], STOP_ON_FAILURE): Call Test Case 'Test Cases/AHI/_include/get_screenshot' successfully

2020-05-19 08:20:48 - [TEST_CASE][PASSED] - Test Cases/AHI/_include/get_screenshot: Test Cases/AHI/_include/get_screenshot

2020-05-19 08:20:48 - [TEST_STEP][PASSED] - Thread.sleep(1000): null

2020-05-19 08:20:49 - [TEST_STEP][PASSED] - takeScreenshot(screenPath + i + ".png"): Taking screenshot successfully

2020-05-19 08:20:50 - [MESSAGE][PASSED] - Taking screenshot successfully
[[ATTACHMENT|D:\\Test\\AgileTest\\Reports\\PrivateLabel\\Spark\\20200519_080058\\../Screenshots/iPhone 6/Spark/Everest Prime/20200519_081919/8.png]]

2020-05-19 08:20:50 - [TEST_STEP][PASSED] - (internal.GlobalVariable.i++): null

2020-05-19 08:20:50 - [MESSAGE][PASSED] - Call Test Case 'Test Cases/AHI/_include/get_screenshot' successfully

2020-05-19 08:20:50 - [TEST_STEP][PASSED] - clearText(findTestObject("mobileSanity/STM/Page_App Page 3/input__credit-card-cvv")): Text of object 'Object Repository/mobileSanity/STM/Page_App Page 3/input__credit-card-cvv' is cleared

2020-05-19 08:20:50 - [MESSAGE][PASSED] - Text of object 'Object Repository/mobileSanity/STM/Page_App Page 3/input__credit-card-cvv' is cleared

2020-05-19 08:20:50 - [TEST_STEP][PASSED] - setText(findTestObject("mobileSanity/STM/Page_App Page 3/input__credit-card-cvv"), "123"): Text '123' is set on object 'Object Repository/mobileSanity/STM/Page_App Page 3/input__credit-card-cvv'

2020-05-19 08:20:51 - [MESSAGE][PASSED] - Text '123' is set on object 'Object Repository/mobileSanity/STM/Page_App Page 3/input__credit-card-cvv'

2020-05-19 08:20:51 - [TEST_STEP][PASSED] - click(findTestObject("mobileSanity/STM/Page_App Page 3/label_I Accept Authorization f")): Object: 'Object Repository/mobileSanity/STM/Page_App Page 3/label_I Accept Authorization f' is clicked on

2020-05-19 08:20:52 - [MESSAGE][PASSED] - Object: 'Object Repository/mobileSanity/STM/Page_App Page 3/label_I Accept Authorization f' is clicked on

2020-05-19 08:20:52 - [TEST_STEP][PASSED] - click(findTestObject("mobileSanity/STM/Page_App Page 3/a_Continue to Step 4 - Review")): Object: 'Object Repository/mobileSanity/STM/Page_App Page 3/a_Continue to Step 4 - Review' is clicked on

2020-05-19 08:20:55 - [MESSAGE][PASSED] - Object: 'Object Repository/mobileSanity/STM/Page_App Page 3/a_Continue to Step 4 - Review' is clicked on

2020-05-19 08:20:55 - [TEST_STEP][PASSED] - waitForPageLoad(10): Wait for page load successfully

2020-05-19 08:20:55 - [MESSAGE][PASSED] - Wait for page load successfully

2020-05-19 08:20:55 - [TEST_STEP][PASSED] - waitForElementClickable(findTestObject("mobileSanity/STM/Page_App Page 4/label"), 10): Object 'Object Repository/mobileSanity/STM/Page_App Page 4/label' is clickable

2020-05-19 08:20:56 - [MESSAGE][PASSED] - Object 'Object Repository/mobileSanity/STM/Page_App Page 4/label' is clickable

2020-05-19 08:20:56 - [TEST_STEP][PASSED] - Thread.sleep(2000): null

2020-05-19 08:20:58 - [TEST_STEP][PASSED] - callTestCase(findTestCase("AHI/_include/get_screenshot"), [:], STOP_ON_FAILURE): Call Test Case 'Test Cases/AHI/_include/get_screenshot' successfully

2020-05-19 08:20:58 - [TEST_CASE][PASSED] - Test Cases/AHI/_include/get_screenshot: Test Cases/AHI/_include/get_screenshot

2020-05-19 08:20:58 - [TEST_STEP][PASSED] - Thread.sleep(1000): null

2020-05-19 08:20:59 - [TEST_STEP][PASSED] - takeScreenshot(screenPath + i + ".png"): Taking screenshot successfully

2020-05-19 08:21:01 - [MESSAGE][PASSED] - Taking screenshot successfully
[[ATTACHMENT|D:\\Test\\AgileTest\\Reports\\PrivateLabel\\Spark\\20200519_080058\\../Screenshots/iPhone 6/Spark/Everest Prime/20200519_081919/9.png]]

2020-05-19 08:21:01 - [TEST_STEP][PASSED] - (internal.GlobalVariable.i++): null

2020-05-19 08:21:01 - [MESSAGE][PASSED] - Call Test Case 'Test Cases/AHI/_include/get_screenshot' successfully

2020-05-19 08:21:01 - [TEST_STEP][PASSED] - click(findTestObject("mobileSanity/STM/Page_App Page 4/label")): Object: 'Object Repository/mobileSanity/STM/Page_App Page 4/label' is clicked on

2020-05-19 08:21:02 - [MESSAGE][PASSED] - Object: 'Object Repository/mobileSanity/STM/Page_App Page 4/label' is clicked on

2020-05-19 08:21:02 - [TEST_STEP][PASSED] - click(findTestObject("mobileSanity/STM/Page_App Page 4/div_CLICK TO SIGN")): Object: 'Object Repository/mobileSanity/STM/Page_App Page 4/div_CLICK TO SIGN' is clicked on

2020-05-19 08:21:02 - [MESSAGE][PASSED] - Object: 'Object Repository/mobileSanity/STM/Page_App Page 4/div_CLICK TO SIGN' is clicked on

2020-05-19 08:21:02 - [TEST_STEP][PASSED] - click(findTestObject("mobileSanity/STM/Page_App Page 4/a_Submit Your Application")): Object: 'Object Repository/mobileSanity/STM/Page_App Page 4/a_Submit Your Application' is clicked on

2020-05-19 08:21:02 - [MESSAGE][PASSED] - Object: 'Object Repository/mobileSanity/STM/Page_App Page 4/a_Submit Your Application' is clicked on

2020-05-19 08:21:02 - [TEST_STEP][PASSED] - waitForElementPresent(findTestObject("mobileSanity/Common/app-confirmation"), 50): Object 'Object Repository/mobileSanity/Common/app-confirmation' is not present after 50 second(s)

2020-05-19 08:22:06 - [MESSAGE][INFO] - Unable to find the element located by 'By.xpath: //*[@id = 'app-confirmation']'. Please recheck the objects properties to make sure the desired element is located. 

2020-05-19 08:22:06 - [MESSAGE][WARNING] - Object 'Object Repository/mobileSanity/Common/app-confirmation' is not present after 50 second(s)

2020-05-19 08:22:06 - [TEST_STEP][PASSED] - callTestCase(findTestCase("AHI/_include/get_screenshot"), [:], STOP_ON_FAILURE): Call Test Case 'Test Cases/AHI/_include/get_screenshot' successfully

2020-05-19 08:22:06 - [TEST_CASE][PASSED] - Test Cases/AHI/_include/get_screenshot: Test Cases/AHI/_include/get_screenshot

2020-05-19 08:22:06 - [TEST_STEP][PASSED] - Thread.sleep(1000): null

2020-05-19 08:22:07 - [TEST_STEP][PASSED] - takeScreenshot(screenPath + i + ".png"): Taking screenshot successfully

2020-05-19 08:22:08 - [MESSAGE][PASSED] - Taking screenshot successfully
[[ATTACHMENT|D:\\Test\\AgileTest\\Reports\\PrivateLabel\\Spark\\20200519_080058\\../Screenshots/iPhone 6/Spark/Everest Prime/20200519_081919/10.png]]

2020-05-19 08:22:08 - [TEST_STEP][PASSED] - (internal.GlobalVariable.i++): null

2020-05-19 08:22:08 - [MESSAGE][PASSED] - Call Test Case 'Test Cases/AHI/_include/get_screenshot' successfully

2020-05-19 08:22:08 - [MESSAGE][PASSED] - Call Test Case 'Test Cases/AHI/_include/goToEnd_stm_autofill' successfully]]></system-out>
         <system-err><![CDATA[]]></system-err>
      </testcase>
      <system-out><![CDATA[2020-05-19 08:11:17 - [TEST_SUITE][PASSED] - Spark: Test Cases/PL Site/Spark/stm/Everest Prime]]></system-out>
      <system-err><![CDATA[]]></system-err>
   </testsuite>
</testsuites>
