<?xml version="1.0" encoding="UTF-8"?>
<testsuites name="life" time="212" tests="1" failures="0" errors="0">
   <testsuite name="life" tests="1" failures="0" errors="0" time="212" timestamp="2020-04-09 08:10:05" hostname="Administrator - 172.30.0.53" id="Test Suites/Life/life">
      <properties>
         <property name="deviceName" value=""/>
         <property name="devicePlatform" value=""/>
         <property name="logFolder" value="D:\\Test\\AgileTest\\Reports\\Life\\life\\20200409_080112"/>
         <property name="logFiles" value="D:\\Test\\AgileTest\\Reports\\Life\\life\\20200409_080112\\execution0.log"/>
         <property name="attachments" value="D:\\Test\\AgileTest\\Reports\\Life\\life\\20200409_080112\\../Screenshots/iPhone 6/Life/Freedom Lite/20200409_081016/0.png, D:\\Test\\AgileTest\\Reports\\Life\\life\\20200409_080112\\../Screenshots/iPhone 6/Life/Freedom Lite/20200409_081016/1.png, D:\\Test\\AgileTest\\Reports\\Life\\life\\20200409_080112\\../Screenshots/iPhone 6/Life/Freedom Lite/20200409_081016/2.png, D:\\Test\\AgileTest\\Reports\\Life\\life\\20200409_080112\\../Screenshots/iPhone 6/Life/Freedom Lite/20200409_081016/3.png, D:\\Test\\AgileTest\\Reports\\Life\\life\\20200409_080112\\../Screenshots/iPhone 6/Life/Freedom Lite/20200409_081016/4.png, D:\\Test\\AgileTest\\Reports\\Life\\life\\20200409_080112\\../Screenshots/iPhone 6/Life/Freedom Lite/20200409_081016/5.png, D:\\Test\\AgileTest\\Reports\\Life\\life\\20200409_080112\\../Screenshots/iPhone 6/Life/Freedom Lite/20200409_081016/6.png, D:\\Test\\AgileTest\\Reports\\Life\\life\\20200409_080112\\../Screenshots/iPhone 6/Life/Freedom Lite/20200409_081016/7.png, D:\\Test\\AgileTest\\Reports\\Life\\life\\20200409_080112\\../Screenshots/iPhone 6/Life/Freedom Lite/20200409_081016/8.png"/>
         <property name="hostName" value="Administrator - 172.30.0.53"/>
         <property name="os" value="Windows Server 2012 R2 64bit"/>
         <property name="katalonVersion" value="5.10.1.1"/>
         <property name="browser" value="Safari 11"/>
         <property name="hostAddress" value="172.30.0.53"/>
         <property name="sessionId" value="a5b9790cead3b5a1b93d21ab4aafa34f"/>
         <property name="seleniumVersion" value="3.7.1"/>
         <property name="proxyInformation" value="ProxyInformation{proxyOption=NO_PROXY, proxyServerType=HTTP, password=, proxyServerAddress=, proxyServerPort=0}"/>
         <property name="platform" value="Windows Server 2012 R2"/>
      </properties>
      <testcase name="Test Cases/Life/Freedom Lite" classname="Test Cases/Life/Freedom Lite" status="PASSED">
         <system-out><![CDATA[2020-04-09 08:10:07 - [TEST_CASE][PASSED] - Test Cases/Life/Freedom Lite: Test Cases/Life/Freedom Lite

2020-04-09 08:10:12 - [TEST_STEP][PASSED] - callTestCase(findTestCase("AHI/_include/get_screenPath"), ["productLine":"Life", "carrierName":"Freedom Lite"], CONTINUE_ON_FAILURE): Call Test Case 'Test Cases/AHI/_include/get_screenPath' successfully

2020-04-09 08:10:13 - [TEST_CASE][PASSED] - Test Cases/AHI/_include/get_screenPath: Test Cases/AHI/_include/get_screenPath

2020-04-09 08:10:14 - [TEST_STEP][PASSED] - m = getExecutionProperties(): null

2020-04-09 08:10:14 - [TEST_STEP][PASSED] - deviceName = get("mobileEmulation").get("deviceName"): null

2020-04-09 08:10:14 - [TEST_STEP][PASSED] - println(deviceName): null

2020-04-09 08:10:16 - [TEST_STEP][PASSED] - now = new java.util.Date(): null

2020-04-09 08:10:16 - [TEST_STEP][PASSED] - mydate = now.format("yyyyMMdd_HHmmss"): null

2020-04-09 08:10:16 - [TEST_STEP][PASSED] - screenPath = "../Screenshots/": null

2020-04-09 08:10:17 - [TEST_STEP][PASSED] - screenPath = screenPath + deviceName + "/" + productLine + "/" + carrierName + "/" + mydate + "/": null

2020-04-09 08:10:17 - [TEST_STEP][PASSED] - println(screenPath): null

2020-04-09 08:10:17 - [MESSAGE][PASSED] - Call Test Case 'Test Cases/AHI/_include/get_screenPath' successfully

2020-04-09 08:10:17 - [TEST_STEP][PASSED] - i = 0: null

2020-04-09 08:10:17 - [TEST_STEP][PASSED] - callTestCase(findTestCase("AHI/_include/openWebSite"), ["env":"https://qa.agilelifeinsurance.com/"], STOP_ON_FAILURE): Call Test Case 'Test Cases/AHI/_include/openWebSite' successfully

2020-04-09 08:10:17 - [TEST_CASE][PASSED] - Test Cases/AHI/_include/openWebSite: Test Cases/AHI/_include/openWebSite

2020-04-09 08:10:18 - [TEST_STEP][PASSED] - openBrowser(env): Browser is opened with url: 'https://qa.agilelifeinsurance.com/'

2020-04-09 08:10:24 - [MESSAGE][INFO] - Starting 'Chrome' driver

2020-04-09 08:10:24 - [MESSAGE][INFO] - User set preference: ['mobileEmulation', '{deviceName=iPhone 6}']

2020-04-09 08:10:24 - [MESSAGE][INFO] - User set preference: ['args', '[--incognito, --aggressive-cache-discard, --window-size=375,677, --no-sandbox, --ignore-certificate-errors]']

2020-04-09 08:10:24 - [MESSAGE][INFO] - Action delay is set to 0 seconds

2020-04-09 08:11:11 - [MESSAGE][PASSED] - Browser is opened with url: 'https://qa.agilelifeinsurance.com/'

2020-04-09 08:11:11 - [TEST_STEP][PASSED] - waitForPageLoad(20): Wait for page load successfully

2020-04-09 08:11:15 - [MESSAGE][PASSED] - Wait for page load successfully

2020-04-09 08:11:15 - [TEST_STEP][PASSED] - callTestCase(findTestCase("AHI/_include/get_screenshot"), [:], STOP_ON_FAILURE): Call Test Case 'Test Cases/AHI/_include/get_screenshot' successfully

2020-04-09 08:11:15 - [TEST_CASE][PASSED] - Test Cases/AHI/_include/get_screenshot: Test Cases/AHI/_include/get_screenshot

2020-04-09 08:11:16 - [TEST_STEP][PASSED] - Thread.sleep(1000): null

2020-04-09 08:11:17 - [TEST_STEP][PASSED] - takeScreenshot(screenPath + i + ".png"): Taking screenshot successfully

2020-04-09 08:11:21 - [MESSAGE][PASSED] - Taking screenshot successfully
[[ATTACHMENT|D:\\Test\\AgileTest\\Reports\\Life\\life\\20200409_080112\\../Screenshots/iPhone 6/Life/Freedom Lite/20200409_081016/0.png]]

2020-04-09 08:11:22 - [TEST_STEP][PASSED] - (internal.GlobalVariable.i++): null

2020-04-09 08:11:22 - [MESSAGE][PASSED] - Call Test Case 'Test Cases/AHI/_include/get_screenshot' successfully

2020-04-09 08:11:22 - [MESSAGE][PASSED] - Call Test Case 'Test Cases/AHI/_include/openWebSite' successfully

2020-04-09 08:11:22 - [TEST_STEP][PASSED] - driver = getWebDriver(): null

2020-04-09 08:11:22 - [TEST_STEP][PASSED] - baseUrl = "https://qa.agilelifeinsurance.com/": null

2020-04-09 08:11:22 - [TEST_STEP][PASSED] - selenium = new com.thoughtworks.selenium.webdriven.WebDriverBackedSelenium(driver, baseUrl): null

2020-04-09 08:11:22 - [TEST_STEP][PASSED] - click(findTestObject("Life/get_your_free_quote")): Object: 'Object Repository/Life/get_your_free_quote' is clicked on

2020-04-09 08:11:25 - [MESSAGE][PASSED] - Object: 'Object Repository/Life/get_your_free_quote' is clicked on

2020-04-09 08:11:25 - [TEST_STEP][PASSED] - for ([second = 0, second < 10, (second++)]): null

2020-04-09 08:11:25 - [TEST_STEP][PASSED] - try: null

2020-04-09 08:11:25 - [TEST_STEP][PASSED] - if (selenium.isElementPresent("id=zip-input")): null

2020-04-09 08:11:26 - [TEST_STEP][PASSED] - break: null

2020-04-09 08:11:26 - [TEST_STEP][PASSED] - callTestCase(findTestCase("AHI/_include/get_screenshot"), [:], STOP_ON_FAILURE): Call Test Case 'Test Cases/AHI/_include/get_screenshot' successfully

2020-04-09 08:11:26 - [TEST_CASE][PASSED] - Test Cases/AHI/_include/get_screenshot: Test Cases/AHI/_include/get_screenshot

2020-04-09 08:11:26 - [TEST_STEP][PASSED] - Thread.sleep(1000): null

2020-04-09 08:11:27 - [TEST_STEP][PASSED] - takeScreenshot(screenPath + i + ".png"): Taking screenshot successfully

2020-04-09 08:11:28 - [MESSAGE][PASSED] - Taking screenshot successfully
[[ATTACHMENT|D:\\Test\\AgileTest\\Reports\\Life\\life\\20200409_080112\\../Screenshots/iPhone 6/Life/Freedom Lite/20200409_081016/1.png]]

2020-04-09 08:11:28 - [TEST_STEP][PASSED] - (internal.GlobalVariable.i++): null

2020-04-09 08:11:28 - [MESSAGE][PASSED] - Call Test Case 'Test Cases/AHI/_include/get_screenshot' successfully

2020-04-09 08:11:28 - [TEST_STEP][PASSED] - setText(findTestObject("Life/zip_input"), "35215"): Text '35215' is set on object 'Object Repository/Life/zip_input'

2020-04-09 08:11:35 - [MESSAGE][PASSED] - Text '35215' is set on object 'Object Repository/Life/zip_input'

2020-04-09 08:11:35 - [TEST_STEP][PASSED] - setText(findTestObject("Life/dob_0"), "01/01/1988"): Text '01/01/1988' is set on object 'Object Repository/Life/dob_0'

2020-04-09 08:11:36 - [MESSAGE][PASSED] - Text '01/01/1988' is set on object 'Object Repository/Life/dob_0'

2020-04-09 08:11:36 - [TEST_STEP][PASSED] - click(findTestObject("Life/compare_plan")): Object: 'Object Repository/Life/compare_plan' is clicked on

2020-04-09 08:11:40 - [MESSAGE][PASSED] - Object: 'Object Repository/Life/compare_plan' is clicked on

2020-04-09 08:11:40 - [TEST_STEP][PASSED] - Thread.sleep(5000): null

2020-04-09 08:11:45 - [TEST_STEP][PASSED] - callTestCase(findTestCase("AHI/_include/get_screenshot"), [:], STOP_ON_FAILURE): Call Test Case 'Test Cases/AHI/_include/get_screenshot' successfully

2020-04-09 08:11:46 - [TEST_CASE][PASSED] - Test Cases/AHI/_include/get_screenshot: Test Cases/AHI/_include/get_screenshot

2020-04-09 08:11:46 - [TEST_STEP][PASSED] - Thread.sleep(1000): null

2020-04-09 08:11:47 - [TEST_STEP][PASSED] - takeScreenshot(screenPath + i + ".png"): Taking screenshot successfully

2020-04-09 08:12:01 - [MESSAGE][PASSED] - Taking screenshot successfully
[[ATTACHMENT|D:\\Test\\AgileTest\\Reports\\Life\\life\\20200409_080112\\../Screenshots/iPhone 6/Life/Freedom Lite/20200409_081016/2.png]]

2020-04-09 08:12:01 - [TEST_STEP][PASSED] - (internal.GlobalVariable.i++): null

2020-04-09 08:12:01 - [MESSAGE][PASSED] - Call Test Case 'Test Cases/AHI/_include/get_screenshot' successfully

2020-04-09 08:12:01 - [TEST_STEP][PASSED] - click(findTestObject("Life/a_Elite_10K")): Object: 'Object Repository/Life/a_Elite_10K' is clicked on

2020-04-09 08:12:14 - [MESSAGE][PASSED] - Object: 'Object Repository/Life/a_Elite_10K' is clicked on

2020-04-09 08:12:14 - [TEST_STEP][PASSED] - Thread.sleep(2000): null

2020-04-09 08:12:16 - [TEST_STEP][PASSED] - callTestCase(findTestCase("AHI/_include/get_screenshot"), [:], STOP_ON_FAILURE): Call Test Case 'Test Cases/AHI/_include/get_screenshot' successfully

2020-04-09 08:12:17 - [TEST_CASE][PASSED] - Test Cases/AHI/_include/get_screenshot: Test Cases/AHI/_include/get_screenshot

2020-04-09 08:12:17 - [TEST_STEP][PASSED] - Thread.sleep(1000): null

2020-04-09 08:12:19 - [TEST_STEP][PASSED] - takeScreenshot(screenPath + i + ".png"): Taking screenshot successfully

2020-04-09 08:12:20 - [MESSAGE][PASSED] - Taking screenshot successfully
[[ATTACHMENT|D:\\Test\\AgileTest\\Reports\\Life\\life\\20200409_080112\\../Screenshots/iPhone 6/Life/Freedom Lite/20200409_081016/3.png]]

2020-04-09 08:12:20 - [TEST_STEP][PASSED] - (internal.GlobalVariable.i++): null

2020-04-09 08:12:20 - [MESSAGE][PASSED] - Call Test Case 'Test Cases/AHI/_include/get_screenshot' successfully

2020-04-09 08:12:20 - [TEST_STEP][PASSED] - click(findTestObject("Life/apply_for_this_plan")): Object: 'Object Repository/Life/apply_for_this_plan' is clicked on

2020-04-09 08:12:27 - [MESSAGE][PASSED] - Object: 'Object Repository/Life/apply_for_this_plan' is clicked on

2020-04-09 08:12:27 - [TEST_STEP][PASSED] - Thread.sleep(2000): null

2020-04-09 08:12:29 - [TEST_STEP][PASSED] - callTestCase(findTestCase("AHI/_include/get_screenshot"), [:], STOP_ON_FAILURE): Call Test Case 'Test Cases/AHI/_include/get_screenshot' successfully

2020-04-09 08:12:29 - [TEST_CASE][PASSED] - Test Cases/AHI/_include/get_screenshot: Test Cases/AHI/_include/get_screenshot

2020-04-09 08:12:29 - [TEST_STEP][PASSED] - Thread.sleep(1000): null

2020-04-09 08:12:30 - [TEST_STEP][PASSED] - takeScreenshot(screenPath + i + ".png"): Taking screenshot successfully

2020-04-09 08:12:34 - [MESSAGE][PASSED] - Taking screenshot successfully
[[ATTACHMENT|D:\\Test\\AgileTest\\Reports\\Life\\life\\20200409_080112\\../Screenshots/iPhone 6/Life/Freedom Lite/20200409_081016/4.png]]

2020-04-09 08:12:34 - [TEST_STEP][PASSED] - (internal.GlobalVariable.i++): null

2020-04-09 08:12:34 - [MESSAGE][PASSED] - Call Test Case 'Test Cases/AHI/_include/get_screenshot' successfully

2020-04-09 08:12:34 - [TEST_STEP][PASSED] - click(findTestObject("Life/applyButton")): Object: 'Object Repository/Life/applyButton' is clicked on

2020-04-09 08:12:38 - [MESSAGE][PASSED] - Object: 'Object Repository/Life/applyButton' is clicked on

2020-04-09 08:12:38 - [TEST_STEP][PASSED] - Thread.sleep(2000): null

2020-04-09 08:12:40 - [TEST_STEP][PASSED] - callTestCase(findTestCase("AHI/_include/get_screenshot"), [:], STOP_ON_FAILURE): Call Test Case 'Test Cases/AHI/_include/get_screenshot' successfully

2020-04-09 08:12:40 - [TEST_CASE][PASSED] - Test Cases/AHI/_include/get_screenshot: Test Cases/AHI/_include/get_screenshot

2020-04-09 08:12:40 - [TEST_STEP][PASSED] - Thread.sleep(1000): null

2020-04-09 08:12:41 - [TEST_STEP][PASSED] - takeScreenshot(screenPath + i + ".png"): Taking screenshot successfully

2020-04-09 08:12:43 - [MESSAGE][PASSED] - Taking screenshot successfully
[[ATTACHMENT|D:\\Test\\AgileTest\\Reports\\Life\\life\\20200409_080112\\../Screenshots/iPhone 6/Life/Freedom Lite/20200409_081016/5.png]]

2020-04-09 08:12:43 - [TEST_STEP][PASSED] - (internal.GlobalVariable.i++): null

2020-04-09 08:12:43 - [MESSAGE][PASSED] - Call Test Case 'Test Cases/AHI/_include/get_screenshot' successfully

2020-04-09 08:12:43 - [TEST_STEP][PASSED] - click(findTestObject("Life/fillApp")): Object: 'Object Repository/Life/fillApp' is clicked on

2020-04-09 08:12:50 - [MESSAGE][PASSED] - Object: 'Object Repository/Life/fillApp' is clicked on

2020-04-09 08:12:50 - [TEST_STEP][PASSED] - Thread.sleep(2000): null

2020-04-09 08:12:52 - [TEST_STEP][PASSED] - click(findTestObject("Life/js-app-continue-link")): Object: 'Object Repository/Life/js-app-continue-link' is clicked on

2020-04-09 08:12:55 - [MESSAGE][PASSED] - Object: 'Object Repository/Life/js-app-continue-link' is clicked on

2020-04-09 08:12:55 - [TEST_STEP][PASSED] - Thread.sleep(2000): null

2020-04-09 08:12:57 - [TEST_STEP][PASSED] - callTestCase(findTestCase("AHI/_include/get_screenshot"), [:], STOP_ON_FAILURE): Call Test Case 'Test Cases/AHI/_include/get_screenshot' successfully

2020-04-09 08:12:57 - [TEST_CASE][PASSED] - Test Cases/AHI/_include/get_screenshot: Test Cases/AHI/_include/get_screenshot

2020-04-09 08:12:57 - [TEST_STEP][PASSED] - Thread.sleep(1000): null

2020-04-09 08:12:58 - [TEST_STEP][PASSED] - takeScreenshot(screenPath + i + ".png"): Taking screenshot successfully

2020-04-09 08:12:58 - [MESSAGE][PASSED] - Taking screenshot successfully
[[ATTACHMENT|D:\\Test\\AgileTest\\Reports\\Life\\life\\20200409_080112\\../Screenshots/iPhone 6/Life/Freedom Lite/20200409_081016/6.png]]

2020-04-09 08:12:58 - [TEST_STEP][PASSED] - (internal.GlobalVariable.i++): null

2020-04-09 08:12:58 - [MESSAGE][PASSED] - Call Test Case 'Test Cases/AHI/_include/get_screenshot' successfully

2020-04-09 08:12:58 - [TEST_STEP][PASSED] - click(findTestObject("Life/credit-payment-authorization")): Object: 'Object Repository/Life/credit-payment-authorization' is clicked on

2020-04-09 08:12:59 - [MESSAGE][PASSED] - Object: 'Object Repository/Life/credit-payment-authorization' is clicked on

2020-04-09 08:12:59 - [TEST_STEP][PASSED] - click(findTestObject("Life/js-app-continue-link")): Object: 'Object Repository/Life/js-app-continue-link' is clicked on

2020-04-09 08:12:59 - [MESSAGE][PASSED] - Object: 'Object Repository/Life/js-app-continue-link' is clicked on

2020-04-09 08:12:59 - [TEST_STEP][PASSED] - Thread.sleep(2000): null

2020-04-09 08:13:01 - [TEST_STEP][PASSED] - callTestCase(findTestCase("AHI/_include/get_screenshot"), [:], STOP_ON_FAILURE): Call Test Case 'Test Cases/AHI/_include/get_screenshot' successfully

2020-04-09 08:13:02 - [TEST_CASE][PASSED] - Test Cases/AHI/_include/get_screenshot: Test Cases/AHI/_include/get_screenshot

2020-04-09 08:13:02 - [TEST_STEP][PASSED] - Thread.sleep(1000): null

2020-04-09 08:13:03 - [TEST_STEP][PASSED] - takeScreenshot(screenPath + i + ".png"): Taking screenshot successfully

2020-04-09 08:13:06 - [MESSAGE][PASSED] - Taking screenshot successfully
[[ATTACHMENT|D:\\Test\\AgileTest\\Reports\\Life\\life\\20200409_080112\\../Screenshots/iPhone 6/Life/Freedom Lite/20200409_081016/7.png]]

2020-04-09 08:13:06 - [TEST_STEP][PASSED] - (internal.GlobalVariable.i++): null

2020-04-09 08:13:06 - [MESSAGE][PASSED] - Call Test Case 'Test Cases/AHI/_include/get_screenshot' successfully

2020-04-09 08:13:06 - [TEST_STEP][PASSED] - click(findTestObject("Life/consent-checkbox-0")): Object: 'Object Repository/Life/consent-checkbox-0' is clicked on

2020-04-09 08:13:09 - [MESSAGE][PASSED] - Object: 'Object Repository/Life/consent-checkbox-0' is clicked on

2020-04-09 08:13:09 - [TEST_STEP][PASSED] - click(findTestObject("Life/js-signature-autoFill")): Object: 'Object Repository/Life/js-signature-autoFill' is clicked on

2020-04-09 08:13:10 - [MESSAGE][PASSED] - Object: 'Object Repository/Life/js-signature-autoFill' is clicked on

2020-04-09 08:13:10 - [TEST_STEP][PASSED] - click(findTestObject("Life/js-app-continue-link")): Object: 'Object Repository/Life/js-app-continue-link' is clicked on

2020-04-09 08:13:13 - [MESSAGE][PASSED] - Object: 'Object Repository/Life/js-app-continue-link' is clicked on

2020-04-09 08:13:13 - [TEST_STEP][PASSED] - Thread.sleep(20000): null

2020-04-09 08:13:33 - [TEST_STEP][PASSED] - callTestCase(findTestCase("AHI/_include/get_screenshot"), [:], STOP_ON_FAILURE): Call Test Case 'Test Cases/AHI/_include/get_screenshot' successfully

2020-04-09 08:13:33 - [TEST_CASE][PASSED] - Test Cases/AHI/_include/get_screenshot: Test Cases/AHI/_include/get_screenshot

2020-04-09 08:13:33 - [TEST_STEP][PASSED] - Thread.sleep(1000): null

2020-04-09 08:13:34 - [TEST_STEP][PASSED] - takeScreenshot(screenPath + i + ".png"): Taking screenshot successfully

2020-04-09 08:13:35 - [MESSAGE][PASSED] - Taking screenshot successfully
[[ATTACHMENT|D:\\Test\\AgileTest\\Reports\\Life\\life\\20200409_080112\\../Screenshots/iPhone 6/Life/Freedom Lite/20200409_081016/8.png]]

2020-04-09 08:13:35 - [TEST_STEP][PASSED] - (internal.GlobalVariable.i++): null

2020-04-09 08:13:35 - [MESSAGE][PASSED] - Call Test Case 'Test Cases/AHI/_include/get_screenshot' successfully]]></system-out>
         <system-err><![CDATA[]]></system-err>
      </testcase>
      <system-out><![CDATA[2020-04-09 08:10:05 - [TEST_SUITE][PASSED] - life: Test Cases/Life/Freedom Lite]]></system-out>
      <system-err><![CDATA[]]></system-err>
   </testsuite>
</testsuites>
