<?xml version="1.0" encoding="UTF-8"?>
<testsuites name="PremierSMI" time="626" tests="4" failures="0" errors="0">
   <testsuite name="PremierSMI" tests="4" failures="0" errors="0" time="626" timestamp="2020-05-19 08:16:46" hostname="Administrator - 172.30.0.53" id="Test Suites/PrivateLabel/PremierSMI">
      <properties>
         <property name="deviceName" value=""/>
         <property name="devicePlatform" value=""/>
         <property name="logFolder" value="D:\\Test\\AgileTest\\Reports\\PrivateLabel\\PremierSMI\\20200519_080058"/>
         <property name="logFiles" value="D:\\Test\\AgileTest\\Reports\\PrivateLabel\\PremierSMI\\20200519_080058\\execution0.log"/>
         <property name="attachments" value="D:\\Test\\AgileTest\\Reports\\PrivateLabel\\PremierSMI\\20200519_080058\\../Screenshots/iPhone 6/PremierSMI/AdvantHealth/20200519_081647/0.png, D:\\Test\\AgileTest\\Reports\\PrivateLabel\\PremierSMI\\20200519_080058\\../Screenshots/iPhone 6/PremierSMI/AdvantHealth/20200519_081647/1.png, D:\\Test\\AgileTest\\Reports\\PrivateLabel\\PremierSMI\\20200519_080058\\../Screenshots/iPhone 6/PremierSMI/AdvantHealth/20200519_081647/2.png, D:\\Test\\AgileTest\\Reports\\PrivateLabel\\PremierSMI\\20200519_080058\\../Screenshots/iPhone 6/PremierSMI/AdvantHealth/20200519_081647/3.png, D:\\Test\\AgileTest\\Reports\\PrivateLabel\\PremierSMI\\20200519_080058\\../Screenshots/iPhone 6/PremierSMI/AdvantHealth/20200519_081647/4.png, D:\\Test\\AgileTest\\Reports\\PrivateLabel\\PremierSMI\\20200519_080058\\../Screenshots/iPhone 6/PremierSMI/AdvantHealth/20200519_081647/5.png, D:\\Test\\AgileTest\\Reports\\PrivateLabel\\PremierSMI\\20200519_080058\\../Screenshots/iPhone 6/PremierSMI/AdvantHealth/20200519_081647/6.png, D:\\Test\\AgileTest\\Reports\\PrivateLabel\\PremierSMI\\20200519_080058\\../Screenshots/iPhone 6/PremierSMI/AdvantHealth/20200519_081647/7.png, D:\\Test\\AgileTest\\Reports\\PrivateLabel\\PremierSMI\\20200519_080058\\../Screenshots/iPhone 6/PremierSMI/AdvantHealth/20200519_081647/8.png, D:\\Test\\AgileTest\\Reports\\PrivateLabel\\PremierSMI\\20200519_080058\\../Screenshots/iPhone 6/PremierSMI/AdvantHealth/20200519_081647/9.png, D:\\Test\\AgileTest\\Reports\\PrivateLabel\\PremierSMI\\20200519_080058\\../Screenshots/iPhone 6/PremierSMI/AdvantHealth/20200519_081647/10.png, D:\\Test\\AgileTest\\Reports\\PrivateLabel\\PremierSMI\\20200519_080058\\../Screenshots/iPhone 6/PremierSMI/Aspen/20200519_081941/0.png, D:\\Test\\AgileTest\\Reports\\PrivateLabel\\PremierSMI\\20200519_080058\\../Screenshots/iPhone 6/PremierSMI/Aspen/20200519_081941/1.png, D:\\Test\\AgileTest\\Reports\\PrivateLabel\\PremierSMI\\20200519_080058\\../Screenshots/iPhone 6/PremierSMI/Aspen/20200519_081941/2.png, D:\\Test\\AgileTest\\Reports\\PrivateLabel\\PremierSMI\\20200519_080058\\../Screenshots/iPhone 6/PremierSMI/Aspen/20200519_081941/3.png, D:\\Test\\AgileTest\\Reports\\PrivateLabel\\PremierSMI\\20200519_080058\\../Screenshots/iPhone 6/PremierSMI/Aspen/20200519_081941/4.png, D:\\Test\\AgileTest\\Reports\\PrivateLabel\\PremierSMI\\20200519_080058\\../Screenshots/iPhone 6/PremierSMI/Aspen/20200519_081941/5.png, D:\\Test\\AgileTest\\Reports\\PrivateLabel\\PremierSMI\\20200519_080058\\../Screenshots/iPhone 6/PremierSMI/Aspen/20200519_081941/6.png, D:\\Test\\AgileTest\\Reports\\PrivateLabel\\PremierSMI\\20200519_080058\\../Screenshots/iPhone 6/PremierSMI/Aspen/20200519_081941/7.png, D:\\Test\\AgileTest\\Reports\\PrivateLabel\\PremierSMI\\20200519_080058\\../Screenshots/iPhone 6/PremierSMI/Aspen/20200519_081941/8.png, D:\\Test\\AgileTest\\Reports\\PrivateLabel\\PremierSMI\\20200519_080058\\../Screenshots/iPhone 6/PremierSMI/Aspen/20200519_081941/9.png, D:\\Test\\AgileTest\\Reports\\PrivateLabel\\PremierSMI\\20200519_080058\\../Screenshots/iPhone 6/PremierSMI/Aspen/20200519_081941/10.png, D:\\Test\\AgileTest\\Reports\\PrivateLabel\\PremierSMI\\20200519_080058\\../Screenshots/iPhone 6/PremierSMI/Health Choice/20200519_082226/0.png, D:\\Test\\AgileTest\\Reports\\PrivateLabel\\PremierSMI\\20200519_080058\\../Screenshots/iPhone 6/PremierSMI/Health Choice/20200519_082226/1.png, D:\\Test\\AgileTest\\Reports\\PrivateLabel\\PremierSMI\\20200519_080058\\../Screenshots/iPhone 6/PremierSMI/Health Choice/20200519_082226/2.png, D:\\Test\\AgileTest\\Reports\\PrivateLabel\\PremierSMI\\20200519_080058\\../Screenshots/iPhone 6/PremierSMI/Health Choice/20200519_082226/3.png, D:\\Test\\AgileTest\\Reports\\PrivateLabel\\PremierSMI\\20200519_080058\\../Screenshots/iPhone 6/PremierSMI/Health Choice/20200519_082226/4.png, D:\\Test\\AgileTest\\Reports\\PrivateLabel\\PremierSMI\\20200519_080058\\../Screenshots/iPhone 6/PremierSMI/Health Choice/20200519_082226/5.png, D:\\Test\\AgileTest\\Reports\\PrivateLabel\\PremierSMI\\20200519_080058\\../Screenshots/iPhone 6/PremierSMI/Health Choice/20200519_082226/6.png, D:\\Test\\AgileTest\\Reports\\PrivateLabel\\PremierSMI\\20200519_080058\\../Screenshots/iPhone 6/PremierSMI/Health Choice/20200519_082226/7.png, D:\\Test\\AgileTest\\Reports\\PrivateLabel\\PremierSMI\\20200519_080058\\../Screenshots/iPhone 6/PremierSMI/Health Choice/20200519_082226/8.png, D:\\Test\\AgileTest\\Reports\\PrivateLabel\\PremierSMI\\20200519_080058\\../Screenshots/iPhone 6/PremierSMI/Health Choice/20200519_082226/9.png, D:\\Test\\AgileTest\\Reports\\PrivateLabel\\PremierSMI\\20200519_080058\\../Screenshots/iPhone 6/PremierSMI/Legion/20200519_082448/0.png, D:\\Test\\AgileTest\\Reports\\PrivateLabel\\PremierSMI\\20200519_080058\\../Screenshots/iPhone 6/PremierSMI/Legion/20200519_082448/1.png, D:\\Test\\AgileTest\\Reports\\PrivateLabel\\PremierSMI\\20200519_080058\\../Screenshots/iPhone 6/PremierSMI/Legion/20200519_082448/2.png, D:\\Test\\AgileTest\\Reports\\PrivateLabel\\PremierSMI\\20200519_080058\\../Screenshots/iPhone 6/PremierSMI/Legion/20200519_082448/3.png, D:\\Test\\AgileTest\\Reports\\PrivateLabel\\PremierSMI\\20200519_080058\\../Screenshots/iPhone 6/PremierSMI/Legion/20200519_082448/4.png, D:\\Test\\AgileTest\\Reports\\PrivateLabel\\PremierSMI\\20200519_080058\\../Screenshots/iPhone 6/PremierSMI/Legion/20200519_082448/5.png, D:\\Test\\AgileTest\\Reports\\PrivateLabel\\PremierSMI\\20200519_080058\\../Screenshots/iPhone 6/PremierSMI/Legion/20200519_082448/6.png, D:\\Test\\AgileTest\\Reports\\PrivateLabel\\PremierSMI\\20200519_080058\\../Screenshots/iPhone 6/PremierSMI/Legion/20200519_082448/7.png, D:\\Test\\AgileTest\\Reports\\PrivateLabel\\PremierSMI\\20200519_080058\\../Screenshots/iPhone 6/PremierSMI/Legion/20200519_082448/8.png, D:\\Test\\AgileTest\\Reports\\PrivateLabel\\PremierSMI\\20200519_080058\\../Screenshots/iPhone 6/PremierSMI/Legion/20200519_082448/9.png"/>
         <property name="hostName" value="Administrator - 172.30.0.53"/>
         <property name="os" value="Windows Server 2012 R2 64bit"/>
         <property name="katalonVersion" value="5.10.1.1"/>
         <property name="browser" value="Safari 11"/>
         <property name="hostAddress" value="172.30.0.53"/>
         <property name="sessionId" value="8bd60c5d83bc72a848e3ac81b07073cb"/>
         <property name="seleniumVersion" value="3.7.1"/>
         <property name="proxyInformation" value="ProxyInformation{proxyOption=NO_PROXY, proxyServerType=HTTP, password=, proxyServerAddress=, proxyServerPort=0}"/>
         <property name="platform" value="Windows Server 2012 R2"/>
      </properties>
      <testcase name="Test Cases/PL Site/PremierSMI/AdvantHealth" classname="Test Cases/PL Site/PremierSMI/AdvantHealth" status="PASSED">
         <system-out><![CDATA[2020-05-19 08:16:46 - [TEST_CASE][PASSED] - Test Cases/PL Site/PremierSMI/AdvantHealth: Test Cases/PL Site/PremierSMI/AdvantHealth

2020-05-19 08:16:47 - [TEST_STEP][PASSED] - callTestCase(findTestCase("AHI/_include/get_screenPath"), ["productLine":"PremierSMI", "carrierName":"AdvantHealth"], CONTINUE_ON_FAILURE): Call Test Case 'Test Cases/AHI/_include/get_screenPath' successfully

2020-05-19 08:16:47 - [TEST_CASE][PASSED] - Test Cases/AHI/_include/get_screenPath: Test Cases/AHI/_include/get_screenPath

2020-05-19 08:16:47 - [TEST_STEP][PASSED] - m = getExecutionProperties(): null

2020-05-19 08:16:47 - [TEST_STEP][PASSED] - deviceName = get("mobileEmulation").get("deviceName"): null

2020-05-19 08:16:47 - [TEST_STEP][PASSED] - println(deviceName): null

2020-05-19 08:16:47 - [TEST_STEP][PASSED] - now = new java.util.Date(): null

2020-05-19 08:16:47 - [TEST_STEP][PASSED] - mydate = now.format("yyyyMMdd_HHmmss"): null

2020-05-19 08:16:47 - [TEST_STEP][PASSED] - screenPath = "../Screenshots/": null

2020-05-19 08:16:47 - [TEST_STEP][PASSED] - screenPath = screenPath + deviceName + "/" + productLine + "/" + carrierName + "/" + mydate + "/": null

2020-05-19 08:16:47 - [TEST_STEP][PASSED] - println(screenPath): null

2020-05-19 08:16:47 - [MESSAGE][PASSED] - Call Test Case 'Test Cases/AHI/_include/get_screenPath' successfully

2020-05-19 08:16:47 - [TEST_STEP][PASSED] - i = 0: null

2020-05-19 08:16:47 - [TEST_STEP][PASSED] - callTestCase(findTestCase("AHI/_include/openWebSite"), ["env":"https://premiersmi--qa.storefront.mybenefitskeeper.com"], CONTINUE_ON_FAILURE): Call Test Case 'Test Cases/AHI/_include/openWebSite' successfully

2020-05-19 08:16:47 - [TEST_CASE][PASSED] - Test Cases/AHI/_include/openWebSite: Test Cases/AHI/_include/openWebSite

2020-05-19 08:16:47 - [TEST_STEP][PASSED] - openBrowser(env): Browser is opened with url: 'https://premiersmi--qa.storefront.mybenefitskeeper.com'

2020-05-19 08:16:49 - [MESSAGE][INFO] - Starting 'Chrome' driver

2020-05-19 08:16:49 - [MESSAGE][INFO] - User set preference: ['mobileEmulation', '{deviceName=iPhone 6}']

2020-05-19 08:16:49 - [MESSAGE][INFO] - User set preference: ['args', '[--incognito, --aggressive-cache-discard, --window-size=375,677, --no-sandbox, --ignore-certificate-errors]']

2020-05-19 08:16:49 - [MESSAGE][INFO] - Action delay is set to 0 seconds

2020-05-19 08:17:13 - [MESSAGE][PASSED] - Browser is opened with url: 'https://premiersmi--qa.storefront.mybenefitskeeper.com'

2020-05-19 08:17:13 - [TEST_STEP][PASSED] - waitForPageLoad(20): Wait for page load successfully

2020-05-19 08:17:13 - [MESSAGE][PASSED] - Wait for page load successfully

2020-05-19 08:17:13 - [TEST_STEP][PASSED] - callTestCase(findTestCase("AHI/_include/get_screenshot"), [:], STOP_ON_FAILURE): Call Test Case 'Test Cases/AHI/_include/get_screenshot' successfully

2020-05-19 08:17:13 - [TEST_CASE][PASSED] - Test Cases/AHI/_include/get_screenshot: Test Cases/AHI/_include/get_screenshot

2020-05-19 08:17:14 - [TEST_STEP][PASSED] - Thread.sleep(1000): null

2020-05-19 08:17:15 - [TEST_STEP][PASSED] - takeScreenshot(screenPath + i + ".png"): Taking screenshot successfully

2020-05-19 08:17:16 - [MESSAGE][PASSED] - Taking screenshot successfully
[[ATTACHMENT|D:\\Test\\AgileTest\\Reports\\PrivateLabel\\PremierSMI\\20200519_080058\\../Screenshots/iPhone 6/PremierSMI/AdvantHealth/20200519_081647/0.png]]

2020-05-19 08:17:16 - [TEST_STEP][PASSED] - (internal.GlobalVariable.i++): null

2020-05-19 08:17:16 - [MESSAGE][PASSED] - Call Test Case 'Test Cases/AHI/_include/get_screenshot' successfully

2020-05-19 08:17:16 - [MESSAGE][PASSED] - Call Test Case 'Test Cases/AHI/_include/openWebSite' successfully

2020-05-19 08:17:16 - [TEST_STEP][PASSED] - callTestCase(findTestCase("AHI/_include/census_stm"), ["zipcode":"35215"], STOP_ON_FAILURE): Call Test Case 'Test Cases/AHI/_include/census_stm' successfully

2020-05-19 08:17:17 - [TEST_CASE][PASSED] - Test Cases/AHI/_include/census_stm: Test Cases/AHI/_include/census_stm

2020-05-19 08:17:17 - [TEST_STEP][PASSED] - waitForElementClickable(findTestObject("mobileSanity/STM/Home Page/a_Quote  Save Today"), 10): Object 'Object Repository/mobileSanity/STM/Home Page/a_Quote  Save Today' is clickable

2020-05-19 08:17:19 - [MESSAGE][PASSED] - Object 'Object Repository/mobileSanity/STM/Home Page/a_Quote  Save Today' is clickable

2020-05-19 08:17:19 - [TEST_STEP][PASSED] - click(findTestObject("mobileSanity/STM/Home Page/a_Quote  Save Today")): Object: 'Object Repository/mobileSanity/STM/Home Page/a_Quote  Save Today' is clicked on

2020-05-19 08:17:20 - [MESSAGE][PASSED] - Object: 'Object Repository/mobileSanity/STM/Home Page/a_Quote  Save Today' is clicked on

2020-05-19 08:17:20 - [TEST_STEP][PASSED] - waitForElementPresent(findTestObject("mobileSanity/STM/STM Census Page/input_Location_zip-input"), 20): Object 'Object Repository/mobileSanity/STM/STM Census Page/input_Location_zip-input' is present

2020-05-19 08:17:20 - [MESSAGE][PASSED] - Object 'Object Repository/mobileSanity/STM/STM Census Page/input_Location_zip-input' is present

2020-05-19 08:17:20 - [TEST_STEP][PASSED] - callTestCase(findTestCase("AHI/_include/get_screenshot"), [:], STOP_ON_FAILURE): Call Test Case 'Test Cases/AHI/_include/get_screenshot' successfully

2020-05-19 08:17:20 - [TEST_CASE][PASSED] - Test Cases/AHI/_include/get_screenshot: Test Cases/AHI/_include/get_screenshot

2020-05-19 08:17:20 - [TEST_STEP][PASSED] - Thread.sleep(1000): null

2020-05-19 08:17:21 - [TEST_STEP][PASSED] - takeScreenshot(screenPath + i + ".png"): Taking screenshot successfully

2020-05-19 08:17:23 - [MESSAGE][PASSED] - Taking screenshot successfully
[[ATTACHMENT|D:\\Test\\AgileTest\\Reports\\PrivateLabel\\PremierSMI\\20200519_080058\\../Screenshots/iPhone 6/PremierSMI/AdvantHealth/20200519_081647/1.png]]

2020-05-19 08:17:23 - [TEST_STEP][PASSED] - (internal.GlobalVariable.i++): null

2020-05-19 08:17:23 - [MESSAGE][PASSED] - Call Test Case 'Test Cases/AHI/_include/get_screenshot' successfully

2020-05-19 08:17:23 - [TEST_STEP][PASSED] - setText(findTestObject("mobileSanity/STM/STM Census Page/input_Location_zip-input"), zipcode): Text '35215' is set on object 'Object Repository/mobileSanity/STM/STM Census Page/input_Location_zip-input'

2020-05-19 08:17:25 - [MESSAGE][PASSED] - Text '35215' is set on object 'Object Repository/mobileSanity/STM/STM Census Page/input_Location_zip-input'

2020-05-19 08:17:25 - [TEST_STEP][PASSED] - Thread.sleep(500): null

2020-05-19 08:17:25 - [TEST_STEP][PASSED] - setText(findTestObject("mobileSanity/STM/STM Census Page/input_Date of Birth_dob-0"), "03031987"): Text '03031987' is set on object 'Object Repository/mobileSanity/STM/STM Census Page/input_Date of Birth_dob-0'

2020-05-19 08:17:26 - [MESSAGE][PASSED] - Text '03031987' is set on object 'Object Repository/mobileSanity/STM/STM Census Page/input_Date of Birth_dob-0'

2020-05-19 08:17:26 - [TEST_STEP][PASSED] - click(findTestObject("mobileSanity/STM/STM Census Page/label_Male")): Object: 'Object Repository/mobileSanity/STM/STM Census Page/label_Male' is clicked on

2020-05-19 08:17:27 - [MESSAGE][PASSED] - Object: 'Object Repository/mobileSanity/STM/STM Census Page/label_Male' is clicked on

2020-05-19 08:17:27 - [TEST_STEP][PASSED] - Thread.sleep(2000): null

2020-05-19 08:17:29 - [TEST_STEP][PASSED] - click(findTestObject("mobileSanity/STM/STM Census Page/label_Compare Plans")): Object: 'Object Repository/mobileSanity/STM/STM Census Page/label_Compare Plans' is clicked on

2020-05-19 08:17:32 - [MESSAGE][PASSED] - Object: 'Object Repository/mobileSanity/STM/STM Census Page/label_Compare Plans' is clicked on

2020-05-19 08:17:32 - [TEST_STEP][PASSED] - waitForElementVisible(findTestObject("mobileSanity/STM/STM Quote Page/button_sort"), 20): Object 'Object Repository/mobileSanity/STM/STM Quote Page/button_sort' is visible

2020-05-19 08:17:32 - [MESSAGE][PASSED] - Object 'Object Repository/mobileSanity/STM/STM Quote Page/button_sort' is visible

2020-05-19 08:17:32 - [TEST_STEP][PASSED] - Thread.sleep(3000): null

2020-05-19 08:17:35 - [TEST_STEP][PASSED] - callTestCase(findTestCase("AHI/_include/get_screenshot"), [:], STOP_ON_FAILURE): Call Test Case 'Test Cases/AHI/_include/get_screenshot' successfully

2020-05-19 08:17:35 - [TEST_CASE][PASSED] - Test Cases/AHI/_include/get_screenshot: Test Cases/AHI/_include/get_screenshot

2020-05-19 08:17:35 - [TEST_STEP][PASSED] - Thread.sleep(1000): null

2020-05-19 08:17:37 - [TEST_STEP][PASSED] - takeScreenshot(screenPath + i + ".png"): Taking screenshot successfully

2020-05-19 08:17:37 - [MESSAGE][PASSED] - Taking screenshot successfully
[[ATTACHMENT|D:\\Test\\AgileTest\\Reports\\PrivateLabel\\PremierSMI\\20200519_080058\\../Screenshots/iPhone 6/PremierSMI/AdvantHealth/20200519_081647/2.png]]

2020-05-19 08:17:37 - [TEST_STEP][PASSED] - (internal.GlobalVariable.i++): null

2020-05-19 08:17:37 - [MESSAGE][PASSED] - Call Test Case 'Test Cases/AHI/_include/get_screenshot' successfully

2020-05-19 08:17:37 - [TEST_STEP][PASSED] - Thread.sleep(1000): null

2020-05-19 08:17:38 - [MESSAGE][PASSED] - Call Test Case 'Test Cases/AHI/_include/census_stm' successfully

2020-05-19 08:17:38 - [TEST_STEP][PASSED] - callTestCase(findTestCase("AHI/_include/goToDetail_stm"), ["carrier":"advanthealth"], STOP_ON_FAILURE): Call Test Case 'Test Cases/AHI/_include/goToDetail_stm' successfully

2020-05-19 08:17:38 - [TEST_CASE][PASSED] - Test Cases/AHI/_include/goToDetail_stm: Test Cases/AHI/_include/goToDetail_stm

2020-05-19 08:17:39 - [TEST_STEP][PASSED] - driver = getWebDriver(): null

2020-05-19 08:17:39 - [TEST_STEP][PASSED] - selenium = new com.thoughtworks.selenium.webdriven.WebDriverBackedSelenium(driver, internal.GlobalVariable.ENV): null

2020-05-19 08:17:39 - [TEST_STEP][PASSED] - a_plan_name = "xpath=//a[contains(@href,'/term-health-insurance/plan/" + carrier + "')]": null

2020-05-19 08:17:39 - [TEST_STEP][PASSED] - println(a_plan_name): null

2020-05-19 08:17:39 - [TEST_STEP][PASSED] - selenium.click(a_plan_name): null

2020-05-19 08:17:40 - [TEST_STEP][PASSED] - waitForPageLoad(20): Wait for page load successfully

2020-05-19 08:17:40 - [MESSAGE][PASSED] - Wait for page load successfully

2020-05-19 08:17:40 - [TEST_STEP][PASSED] - Thread.sleep(2000): null

2020-05-19 08:17:42 - [TEST_STEP][PASSED] - callTestCase(findTestCase("AHI/_include/get_screenshot"), [:], STOP_ON_FAILURE): Call Test Case 'Test Cases/AHI/_include/get_screenshot' successfully

2020-05-19 08:17:42 - [TEST_CASE][PASSED] - Test Cases/AHI/_include/get_screenshot: Test Cases/AHI/_include/get_screenshot

2020-05-19 08:17:42 - [TEST_STEP][PASSED] - Thread.sleep(1000): null

2020-05-19 08:17:43 - [TEST_STEP][PASSED] - takeScreenshot(screenPath + i + ".png"): Taking screenshot successfully

2020-05-19 08:17:44 - [MESSAGE][PASSED] - Taking screenshot successfully
[[ATTACHMENT|D:\\Test\\AgileTest\\Reports\\PrivateLabel\\PremierSMI\\20200519_080058\\../Screenshots/iPhone 6/PremierSMI/AdvantHealth/20200519_081647/3.png]]

2020-05-19 08:17:44 - [TEST_STEP][PASSED] - (internal.GlobalVariable.i++): null

2020-05-19 08:17:44 - [MESSAGE][PASSED] - Call Test Case 'Test Cases/AHI/_include/get_screenshot' successfully

2020-05-19 08:17:44 - [MESSAGE][PASSED] - Call Test Case 'Test Cases/AHI/_include/goToDetail_stm' successfully

2020-05-19 08:17:44 - [TEST_STEP][PASSED] - callTestCase(findTestCase("AHI/_include/apply_stm"), [:], STOP_ON_FAILURE): Call Test Case 'Test Cases/AHI/_include/apply_stm' successfully

2020-05-19 08:17:44 - [TEST_CASE][PASSED] - Test Cases/AHI/_include/apply_stm: Test Cases/AHI/_include/apply_stm

2020-05-19 08:17:44 - [TEST_STEP][PASSED] - waitForElementVisible(findTestObject("mobileSanity/STM/STM PlanDetail Page/a_Apply for This Plan"), 5): Object 'Object Repository/mobileSanity/STM/STM PlanDetail Page/a_Apply for This Plan' is visible

2020-05-19 08:17:45 - [MESSAGE][PASSED] - Object 'Object Repository/mobileSanity/STM/STM PlanDetail Page/a_Apply for This Plan' is visible

2020-05-19 08:17:45 - [TEST_STEP][PASSED] - click(findTestObject("mobileSanity/STM/STM PlanDetail Page/a_Apply for This Plan")): Object: 'Object Repository/mobileSanity/STM/STM PlanDetail Page/a_Apply for This Plan' is clicked on

2020-05-19 08:17:45 - [MESSAGE][PASSED] - Object: 'Object Repository/mobileSanity/STM/STM PlanDetail Page/a_Apply for This Plan' is clicked on

2020-05-19 08:17:45 - [TEST_STEP][PASSED] - waitForPageLoad(10): Wait for page load successfully

2020-05-19 08:17:45 - [MESSAGE][PASSED] - Wait for page load successfully

2020-05-19 08:17:45 - [TEST_STEP][PASSED] - Thread.sleep(2000): null

2020-05-19 08:17:47 - [TEST_STEP][PASSED] - callTestCase(findTestCase("AHI/_include/get_screenshot"), [:], STOP_ON_FAILURE): Call Test Case 'Test Cases/AHI/_include/get_screenshot' successfully

2020-05-19 08:17:47 - [TEST_CASE][PASSED] - Test Cases/AHI/_include/get_screenshot: Test Cases/AHI/_include/get_screenshot

2020-05-19 08:17:47 - [TEST_STEP][PASSED] - Thread.sleep(1000): null

2020-05-19 08:17:48 - [TEST_STEP][PASSED] - takeScreenshot(screenPath + i + ".png"): Taking screenshot successfully

2020-05-19 08:17:49 - [MESSAGE][PASSED] - Taking screenshot successfully
[[ATTACHMENT|D:\\Test\\AgileTest\\Reports\\PrivateLabel\\PremierSMI\\20200519_080058\\../Screenshots/iPhone 6/PremierSMI/AdvantHealth/20200519_081647/4.png]]

2020-05-19 08:17:49 - [TEST_STEP][PASSED] - (internal.GlobalVariable.i++): null

2020-05-19 08:17:49 - [MESSAGE][PASSED] - Call Test Case 'Test Cases/AHI/_include/get_screenshot' successfully

2020-05-19 08:17:49 - [TEST_STEP][PASSED] - waitForElementVisible(findTestObject("mobileSanity/STM/STM Apply Page/a_Start Secure Application"), 5): Object 'Object Repository/mobileSanity/STM/STM Apply Page/a_Start Secure Application' is visible

2020-05-19 08:17:49 - [MESSAGE][PASSED] - Object 'Object Repository/mobileSanity/STM/STM Apply Page/a_Start Secure Application' is visible

2020-05-19 08:17:49 - [TEST_STEP][PASSED] - click(findTestObject("mobileSanity/STM/STM Apply Page/a_Start Secure Application")): Object: 'Object Repository/mobileSanity/STM/STM Apply Page/a_Start Secure Application' is clicked on

2020-05-19 08:17:50 - [MESSAGE][PASSED] - Object: 'Object Repository/mobileSanity/STM/STM Apply Page/a_Start Secure Application' is clicked on

2020-05-19 08:17:50 - [TEST_STEP][PASSED] - waitForPageLoad(20): Wait for page load successfully

2020-05-19 08:17:50 - [MESSAGE][PASSED] - Wait for page load successfully

2020-05-19 08:17:50 - [TEST_STEP][PASSED] - Thread.sleep(2000): null

2020-05-19 08:17:52 - [TEST_STEP][PASSED] - callTestCase(findTestCase("AHI/_include/get_screenshot"), [:], STOP_ON_FAILURE): Call Test Case 'Test Cases/AHI/_include/get_screenshot' successfully

2020-05-19 08:17:52 - [TEST_CASE][PASSED] - Test Cases/AHI/_include/get_screenshot: Test Cases/AHI/_include/get_screenshot

2020-05-19 08:17:52 - [TEST_STEP][PASSED] - Thread.sleep(1000): null

2020-05-19 08:17:53 - [TEST_STEP][PASSED] - takeScreenshot(screenPath + i + ".png"): Taking screenshot successfully

2020-05-19 08:17:54 - [MESSAGE][PASSED] - Taking screenshot successfully
[[ATTACHMENT|D:\\Test\\AgileTest\\Reports\\PrivateLabel\\PremierSMI\\20200519_080058\\../Screenshots/iPhone 6/PremierSMI/AdvantHealth/20200519_081647/5.png]]

2020-05-19 08:17:54 - [TEST_STEP][PASSED] - (internal.GlobalVariable.i++): null

2020-05-19 08:17:54 - [MESSAGE][PASSED] - Call Test Case 'Test Cases/AHI/_include/get_screenshot' successfully

2020-05-19 08:17:54 - [MESSAGE][PASSED] - Call Test Case 'Test Cases/AHI/_include/apply_stm' successfully

2020-05-19 08:17:54 - [TEST_STEP][PASSED] - callTestCase(findTestCase("AHI/_include/goToEnd_stm_autofill"), [:], STOP_ON_FAILURE): Call Test Case 'Test Cases/AHI/_include/goToEnd_stm_autofill' successfully

2020-05-19 08:17:54 - [TEST_CASE][PASSED] - Test Cases/AHI/_include/goToEnd_stm_autofill: Test Cases/AHI/_include/goToEnd_stm_autofill

2020-05-19 08:17:54 - [TEST_STEP][PASSED] - callTestCase(findTestCase("AHI/_include/name"), [:], CONTINUE_ON_FAILURE): Call Test Case 'Test Cases/AHI/_include/name' successfully

2020-05-19 08:17:55 - [TEST_CASE][PASSED] - Test Cases/AHI/_include/name: Test Cases/AHI/_include/name

2020-05-19 08:17:55 - [TEST_STEP][PASSED] - driver = getWebDriver(): null

2020-05-19 08:17:55 - [TEST_STEP][PASSED] - selenium = new com.thoughtworks.selenium.webdriven.WebDriverBackedSelenium(driver, internal.GlobalVariable.ENV): null

2020-05-19 08:17:55 - [TEST_STEP][PASSED] - FirstName = "Test-123": null

2020-05-19 08:17:55 - [TEST_STEP][PASSED] - LastName = selenium.getEval("{var x="ABCDEFGHIJKLMNOPQRSTUVWXYZabcdefghijklmnopqrstuvwxyz"; var tmp="ZZ11-"; for (i=0;i<8;i++) tmp+=x.charAt(Math.ceil(51*Math.random()));tmp;}"): null

2020-05-19 08:17:55 - [TEST_STEP][PASSED] - Address = selenium.getEval("{var x="ABCDEFGHIJKLMNOPQRSTUVWXYZabcdefghijklmnopqrstuvwxyz"; var tmp=""; for (i=0;i<8;i++) tmp+=x.charAt(Math.ceil(51*Math.random()));tmp;}"): null

2020-05-19 08:17:55 - [TEST_STEP][PASSED] - City = selenium.getEval("{var x="ABCDEFGHIJKLMNOPQRSTUVWXYZabcdefghijklmnopqrstuvwxyz"; var tmp=""; for (i=0;i<8;i++) tmp+=x.charAt(Math.ceil(51*Math.random()));tmp;}"): null

2020-05-19 08:17:55 - [TEST_STEP][PASSED] - tel1 = selenium.getEval("{var x="123456789"; var tmp=""; for (i=0;i<3;i++) tmp+=x.charAt(Math.ceil(8*Math.random()));tmp;}"): null

2020-05-19 08:17:55 - [TEST_STEP][PASSED] - tel2 = selenium.getEval("{var x="123456789"; var tmp=""; for (i=0;i<3;i++) tmp+=x.charAt(Math.ceil(8*Math.random()));tmp;}"): null

2020-05-19 08:17:55 - [TEST_STEP][PASSED] - tel3 = selenium.getEval("{var x="123456789"; var tmp=""; for (i=0;i<4;i++) tmp+=x.charAt(Math.ceil(8*Math.random()));tmp;}"): null

2020-05-19 08:17:55 - [TEST_STEP][PASSED] - Tel = selenium.getExpression(tel1 + "-" + tel2 + "-" + tel3): null

2020-05-19 08:17:55 - [TEST_STEP][PASSED] - AutoEmail = selenium.getEval("{var x="ABCDEFGHIJKLMNOPQRSTUVWXYZabcdefghijklmnopqrstuvwxyz"; var tmp="test."; for (i=0;i<8;i++) tmp+=x.charAt(Math.ceil(51*Math.random()));tmp+="@suryani.cn";}"): null

2020-05-19 08:17:55 - [TEST_STEP][PASSED] - FirstName = FirstName: null

2020-05-19 08:17:55 - [TEST_STEP][PASSED] - LastName = LastName: null

2020-05-19 08:17:55 - [TEST_STEP][PASSED] - Address = Address: null

2020-05-19 08:17:55 - [TEST_STEP][PASSED] - City = City: null

2020-05-19 08:17:55 - [TEST_STEP][PASSED] - Tel = Tel: null

2020-05-19 08:17:55 - [TEST_STEP][PASSED] - AutoEmail = AutoEmail: null

2020-05-19 08:17:55 - [TEST_STEP][PASSED] - println(FirstName): null

2020-05-19 08:17:55 - [TEST_STEP][PASSED] - println(LastName): null

2020-05-19 08:17:55 - [TEST_STEP][PASSED] - println(Address): null

2020-05-19 08:17:55 - [TEST_STEP][PASSED] - println(City): null

2020-05-19 08:17:55 - [TEST_STEP][PASSED] - println(Tel): null

2020-05-19 08:17:55 - [TEST_STEP][PASSED] - println(AutoEmail): null

2020-05-19 08:17:55 - [MESSAGE][PASSED] - Call Test Case 'Test Cases/AHI/_include/name' successfully

2020-05-19 08:17:55 - [TEST_STEP][PASSED] - try: Call Test Case 'Test Cases/AHI/_include/get_screenshot' successfully

2020-05-19 08:17:55 - [TEST_STEP][PASSED] - if (verifyTextPresent("Month Duration Acknowledgement", false)): Call Test Case 'Test Cases/AHI/_include/get_screenshot' successfully

2020-05-19 08:17:56 - [MESSAGE][PASSED] - Text 'Month Duration Acknowledgement' is present on page 

2020-05-19 08:17:56 - [TEST_STEP][PASSED] - click(findTestObject("mobileSanity/STM/Page_App Page 1/label_By checking this box I u")): Object: 'Object Repository/mobileSanity/STM/Page_App Page 1/label_By checking this box I u' is clicked on

2020-05-19 08:17:56 - [MESSAGE][PASSED] - Object: 'Object Repository/mobileSanity/STM/Page_App Page 1/label_By checking this box I u' is clicked on

2020-05-19 08:17:56 - [TEST_STEP][PASSED] - click(findTestObject("mobileSanity/STM/Page_App Page 1/button_Continue to Application")): Object: 'Object Repository/mobileSanity/STM/Page_App Page 1/button_Continue to Application' is clicked on

2020-05-19 08:17:57 - [MESSAGE][PASSED] - Object: 'Object Repository/mobileSanity/STM/Page_App Page 1/button_Continue to Application' is clicked on

2020-05-19 08:17:57 - [TEST_STEP][PASSED] - waitForPageLoad(20): Wait for page load successfully

2020-05-19 08:17:57 - [MESSAGE][PASSED] - Wait for page load successfully

2020-05-19 08:17:57 - [TEST_STEP][PASSED] - Thread.sleep(5000): null

2020-05-19 08:18:02 - [TEST_STEP][PASSED] - callTestCase(findTestCase("AHI/_include/get_screenshot"), [:], STOP_ON_FAILURE): Call Test Case 'Test Cases/AHI/_include/get_screenshot' successfully

2020-05-19 08:18:03 - [TEST_CASE][PASSED] - Test Cases/AHI/_include/get_screenshot: Test Cases/AHI/_include/get_screenshot

2020-05-19 08:18:03 - [TEST_STEP][PASSED] - Thread.sleep(1000): null

2020-05-19 08:18:04 - [TEST_STEP][PASSED] - takeScreenshot(screenPath + i + ".png"): Taking screenshot successfully

2020-05-19 08:18:05 - [MESSAGE][PASSED] - Taking screenshot successfully
[[ATTACHMENT|D:\\Test\\AgileTest\\Reports\\PrivateLabel\\PremierSMI\\20200519_080058\\../Screenshots/iPhone 6/PremierSMI/AdvantHealth/20200519_081647/6.png]]

2020-05-19 08:18:05 - [TEST_STEP][PASSED] - (internal.GlobalVariable.i++): null

2020-05-19 08:18:05 - [MESSAGE][PASSED] - Call Test Case 'Test Cases/AHI/_include/get_screenshot' successfully

2020-05-19 08:18:05 - [TEST_STEP][PASSED] - waitForPageLoad(10): Wait for page load successfully

2020-05-19 08:18:05 - [MESSAGE][PASSED] - Wait for page load successfully

2020-05-19 08:18:05 - [TEST_STEP][PASSED] - Thread.sleep(3000): null

2020-05-19 08:18:08 - [TEST_STEP][PASSED] - waitForElementVisible(findTestObject("mobileSanity/STM/Page_App Page 1/a_Autofill App Info"), 20): Object 'Object Repository/mobileSanity/STM/Page_App Page 1/a_Autofill App Info' is visible

2020-05-19 08:18:08 - [MESSAGE][PASSED] - Object 'Object Repository/mobileSanity/STM/Page_App Page 1/a_Autofill App Info' is visible

2020-05-19 08:18:08 - [TEST_STEP][PASSED] - click(findTestObject("mobileSanity/STM/Page_App Page 1/a_Autofill App Info")): Object: 'Object Repository/mobileSanity/STM/Page_App Page 1/a_Autofill App Info' is clicked on

2020-05-19 08:18:08 - [MESSAGE][PASSED] - Object: 'Object Repository/mobileSanity/STM/Page_App Page 1/a_Autofill App Info' is clicked on

2020-05-19 08:18:08 - [TEST_STEP][PASSED] - Thread.sleep(1000): null

2020-05-19 08:18:09 - [TEST_STEP][PASSED] - click(findTestObject("mobileSanity/STM/Page_App Page 1/a_Autofill App Info")): Object: 'Object Repository/mobileSanity/STM/Page_App Page 1/a_Autofill App Info' is clicked on

2020-05-19 08:18:09 - [MESSAGE][PASSED] - Object: 'Object Repository/mobileSanity/STM/Page_App Page 1/a_Autofill App Info' is clicked on

2020-05-19 08:18:09 - [TEST_STEP][PASSED] - Thread.sleep(1000): null

2020-05-19 08:18:11 - [TEST_STEP][PASSED] - waitForElementVisible(findTestObject("mobileSanity/STM/Page_App Page 1/a_Continue"), 20): Object 'Object Repository/mobileSanity/STM/Page_App Page 1/a_Continue' is visible

2020-05-19 08:18:11 - [MESSAGE][PASSED] - Object 'Object Repository/mobileSanity/STM/Page_App Page 1/a_Continue' is visible

2020-05-19 08:18:11 - [TEST_STEP][PASSED] - click(findTestObject("mobileSanity/STM/Page_App Page 1/a_Continue")): Object: 'Object Repository/mobileSanity/STM/Page_App Page 1/a_Continue' is clicked on

2020-05-19 08:18:11 - [MESSAGE][PASSED] - Object: 'Object Repository/mobileSanity/STM/Page_App Page 1/a_Continue' is clicked on

2020-05-19 08:18:11 - [TEST_STEP][PASSED] - waitForPageLoad(20): Wait for page load successfully

2020-05-19 08:18:11 - [MESSAGE][PASSED] - Wait for page load successfully

2020-05-19 08:18:11 - [TEST_STEP][PASSED] - Thread.sleep(5000): null

2020-05-19 08:18:16 - [TEST_STEP][PASSED] - callTestCase(findTestCase("AHI/_include/get_screenshot"), [:], STOP_ON_FAILURE): Call Test Case 'Test Cases/AHI/_include/get_screenshot' successfully

2020-05-19 08:18:16 - [TEST_CASE][PASSED] - Test Cases/AHI/_include/get_screenshot: Test Cases/AHI/_include/get_screenshot

2020-05-19 08:18:16 - [TEST_STEP][PASSED] - Thread.sleep(1000): null

2020-05-19 08:18:17 - [TEST_STEP][PASSED] - takeScreenshot(screenPath + i + ".png"): Taking screenshot successfully

2020-05-19 08:18:18 - [MESSAGE][PASSED] - Taking screenshot successfully
[[ATTACHMENT|D:\\Test\\AgileTest\\Reports\\PrivateLabel\\PremierSMI\\20200519_080058\\../Screenshots/iPhone 6/PremierSMI/AdvantHealth/20200519_081647/7.png]]

2020-05-19 08:18:18 - [TEST_STEP][PASSED] - (internal.GlobalVariable.i++): null

2020-05-19 08:18:18 - [MESSAGE][PASSED] - Call Test Case 'Test Cases/AHI/_include/get_screenshot' successfully

2020-05-19 08:18:18 - [TEST_STEP][PASSED] - click(findTestObject("mobileSanity/STM/Page_App Page 2/a_Continue to Step 3 - Payment")): Object: 'Object Repository/mobileSanity/STM/Page_App Page 2/a_Continue to Step 3 - Payment' is clicked on

2020-05-19 08:18:18 - [MESSAGE][PASSED] - Object: 'Object Repository/mobileSanity/STM/Page_App Page 2/a_Continue to Step 3 - Payment' is clicked on

2020-05-19 08:18:18 - [TEST_STEP][PASSED] - waitForPageLoad(20): Wait for page load successfully

2020-05-19 08:18:18 - [MESSAGE][PASSED] - Wait for page load successfully

2020-05-19 08:18:18 - [TEST_STEP][PASSED] - waitForElementVisible(findTestObject("mobileSanity/STM/Page_App Page 3/input__credit-card-cvv"), 20): Object 'Object Repository/mobileSanity/STM/Page_App Page 3/input__credit-card-cvv' is visible

2020-05-19 08:18:19 - [MESSAGE][PASSED] - Object 'Object Repository/mobileSanity/STM/Page_App Page 3/input__credit-card-cvv' is visible

2020-05-19 08:18:19 - [TEST_STEP][PASSED] - Thread.sleep(2000): null

2020-05-19 08:18:21 - [TEST_STEP][PASSED] - callTestCase(findTestCase("AHI/_include/get_screenshot"), [:], STOP_ON_FAILURE): Call Test Case 'Test Cases/AHI/_include/get_screenshot' successfully

2020-05-19 08:18:21 - [TEST_CASE][PASSED] - Test Cases/AHI/_include/get_screenshot: Test Cases/AHI/_include/get_screenshot

2020-05-19 08:18:21 - [TEST_STEP][PASSED] - Thread.sleep(1000): null

2020-05-19 08:18:22 - [TEST_STEP][PASSED] - takeScreenshot(screenPath + i + ".png"): Taking screenshot successfully

2020-05-19 08:18:23 - [MESSAGE][PASSED] - Taking screenshot successfully
[[ATTACHMENT|D:\\Test\\AgileTest\\Reports\\PrivateLabel\\PremierSMI\\20200519_080058\\../Screenshots/iPhone 6/PremierSMI/AdvantHealth/20200519_081647/8.png]]

2020-05-19 08:18:23 - [TEST_STEP][PASSED] - (internal.GlobalVariable.i++): null

2020-05-19 08:18:23 - [MESSAGE][PASSED] - Call Test Case 'Test Cases/AHI/_include/get_screenshot' successfully

2020-05-19 08:18:23 - [TEST_STEP][PASSED] - clearText(findTestObject("mobileSanity/STM/Page_App Page 3/input__credit-card-cvv")): Text of object 'Object Repository/mobileSanity/STM/Page_App Page 3/input__credit-card-cvv' is cleared

2020-05-19 08:18:23 - [MESSAGE][PASSED] - Text of object 'Object Repository/mobileSanity/STM/Page_App Page 3/input__credit-card-cvv' is cleared

2020-05-19 08:18:23 - [TEST_STEP][PASSED] - setText(findTestObject("mobileSanity/STM/Page_App Page 3/input__credit-card-cvv"), "123"): Text '123' is set on object 'Object Repository/mobileSanity/STM/Page_App Page 3/input__credit-card-cvv'

2020-05-19 08:18:23 - [MESSAGE][PASSED] - Text '123' is set on object 'Object Repository/mobileSanity/STM/Page_App Page 3/input__credit-card-cvv'

2020-05-19 08:18:23 - [TEST_STEP][PASSED] - click(findTestObject("mobileSanity/STM/Page_App Page 3/label_I Accept Authorization f")): Object: 'Object Repository/mobileSanity/STM/Page_App Page 3/label_I Accept Authorization f' is clicked on

2020-05-19 08:18:24 - [MESSAGE][PASSED] - Object: 'Object Repository/mobileSanity/STM/Page_App Page 3/label_I Accept Authorization f' is clicked on

2020-05-19 08:18:24 - [TEST_STEP][PASSED] - click(findTestObject("mobileSanity/STM/Page_App Page 3/a_Continue to Step 4 - Review")): Object: 'Object Repository/mobileSanity/STM/Page_App Page 3/a_Continue to Step 4 - Review' is clicked on

2020-05-19 08:18:24 - [MESSAGE][PASSED] - Object: 'Object Repository/mobileSanity/STM/Page_App Page 3/a_Continue to Step 4 - Review' is clicked on

2020-05-19 08:18:24 - [TEST_STEP][PASSED] - waitForPageLoad(10): Wait for page load successfully

2020-05-19 08:18:24 - [MESSAGE][PASSED] - Wait for page load successfully

2020-05-19 08:18:24 - [TEST_STEP][PASSED] - waitForElementClickable(findTestObject("mobileSanity/STM/Page_App Page 4/label"), 10): Object 'Object Repository/mobileSanity/STM/Page_App Page 4/label' is clickable

2020-05-19 08:18:27 - [MESSAGE][PASSED] - Object 'Object Repository/mobileSanity/STM/Page_App Page 4/label' is clickable

2020-05-19 08:18:27 - [TEST_STEP][PASSED] - Thread.sleep(2000): null

2020-05-19 08:18:29 - [TEST_STEP][PASSED] - callTestCase(findTestCase("AHI/_include/get_screenshot"), [:], STOP_ON_FAILURE): Call Test Case 'Test Cases/AHI/_include/get_screenshot' successfully

2020-05-19 08:18:29 - [TEST_CASE][PASSED] - Test Cases/AHI/_include/get_screenshot: Test Cases/AHI/_include/get_screenshot

2020-05-19 08:18:29 - [TEST_STEP][PASSED] - Thread.sleep(1000): null

2020-05-19 08:18:30 - [TEST_STEP][PASSED] - takeScreenshot(screenPath + i + ".png"): Taking screenshot successfully

2020-05-19 08:18:30 - [MESSAGE][PASSED] - Taking screenshot successfully
[[ATTACHMENT|D:\\Test\\AgileTest\\Reports\\PrivateLabel\\PremierSMI\\20200519_080058\\../Screenshots/iPhone 6/PremierSMI/AdvantHealth/20200519_081647/9.png]]

2020-05-19 08:18:30 - [TEST_STEP][PASSED] - (internal.GlobalVariable.i++): null

2020-05-19 08:18:30 - [MESSAGE][PASSED] - Call Test Case 'Test Cases/AHI/_include/get_screenshot' successfully

2020-05-19 08:18:30 - [TEST_STEP][PASSED] - click(findTestObject("mobileSanity/STM/Page_App Page 4/label")): Object: 'Object Repository/mobileSanity/STM/Page_App Page 4/label' is clicked on

2020-05-19 08:18:31 - [MESSAGE][PASSED] - Object: 'Object Repository/mobileSanity/STM/Page_App Page 4/label' is clicked on

2020-05-19 08:18:31 - [TEST_STEP][PASSED] - click(findTestObject("mobileSanity/STM/Page_App Page 4/div_CLICK TO SIGN")): Object: 'Object Repository/mobileSanity/STM/Page_App Page 4/div_CLICK TO SIGN' is clicked on

2020-05-19 08:18:31 - [MESSAGE][PASSED] - Object: 'Object Repository/mobileSanity/STM/Page_App Page 4/div_CLICK TO SIGN' is clicked on

2020-05-19 08:18:31 - [TEST_STEP][PASSED] - click(findTestObject("mobileSanity/STM/Page_App Page 4/a_Submit Your Application")): Object: 'Object Repository/mobileSanity/STM/Page_App Page 4/a_Submit Your Application' is clicked on

2020-05-19 08:18:32 - [MESSAGE][PASSED] - Object: 'Object Repository/mobileSanity/STM/Page_App Page 4/a_Submit Your Application' is clicked on

2020-05-19 08:18:32 - [TEST_STEP][PASSED] - waitForElementPresent(findTestObject("mobileSanity/Common/app-confirmation"), 50): Object 'Object Repository/mobileSanity/Common/app-confirmation' is not present after 50 second(s)

2020-05-19 08:19:37 - [MESSAGE][INFO] - Unable to find the element located by 'By.xpath: //*[@id = 'app-confirmation']'. Please recheck the objects properties to make sure the desired element is located. 

2020-05-19 08:19:37 - [MESSAGE][WARNING] - Object 'Object Repository/mobileSanity/Common/app-confirmation' is not present after 50 second(s)

2020-05-19 08:19:37 - [TEST_STEP][PASSED] - callTestCase(findTestCase("AHI/_include/get_screenshot"), [:], STOP_ON_FAILURE): Call Test Case 'Test Cases/AHI/_include/get_screenshot' successfully

2020-05-19 08:19:37 - [TEST_CASE][PASSED] - Test Cases/AHI/_include/get_screenshot: Test Cases/AHI/_include/get_screenshot

2020-05-19 08:19:37 - [TEST_STEP][PASSED] - Thread.sleep(1000): null

2020-05-19 08:19:38 - [TEST_STEP][PASSED] - takeScreenshot(screenPath + i + ".png"): Taking screenshot successfully

2020-05-19 08:19:40 - [MESSAGE][PASSED] - Taking screenshot successfully
[[ATTACHMENT|D:\\Test\\AgileTest\\Reports\\PrivateLabel\\PremierSMI\\20200519_080058\\../Screenshots/iPhone 6/PremierSMI/AdvantHealth/20200519_081647/10.png]]

2020-05-19 08:19:40 - [TEST_STEP][PASSED] - (internal.GlobalVariable.i++): null

2020-05-19 08:19:40 - [MESSAGE][PASSED] - Call Test Case 'Test Cases/AHI/_include/get_screenshot' successfully

2020-05-19 08:19:40 - [MESSAGE][PASSED] - Call Test Case 'Test Cases/AHI/_include/goToEnd_stm_autofill' successfully]]></system-out>
         <system-err><![CDATA[]]></system-err>
      </testcase>
      <testcase name="Test Cases/PL Site/PremierSMI/Aspen" classname="Test Cases/PL Site/PremierSMI/Aspen" status="PASSED">
         <system-out><![CDATA[2020-05-19 08:19:40 - [TEST_CASE][PASSED] - Test Cases/PL Site/PremierSMI/Aspen: Test Cases/PL Site/PremierSMI/Aspen

2020-05-19 08:19:40 - [TEST_STEP][PASSED] - callTestCase(findTestCase("AHI/_include/get_screenPath"), ["productLine":"PremierSMI", "carrierName":"Aspen"], CONTINUE_ON_FAILURE): Call Test Case 'Test Cases/AHI/_include/get_screenPath' successfully

2020-05-19 08:19:41 - [TEST_CASE][PASSED] - Test Cases/AHI/_include/get_screenPath: Test Cases/AHI/_include/get_screenPath

2020-05-19 08:19:41 - [TEST_STEP][PASSED] - m = getExecutionProperties(): null

2020-05-19 08:19:41 - [TEST_STEP][PASSED] - deviceName = get("mobileEmulation").get("deviceName"): null

2020-05-19 08:19:41 - [TEST_STEP][PASSED] - println(deviceName): null

2020-05-19 08:19:41 - [TEST_STEP][PASSED] - now = new java.util.Date(): null

2020-05-19 08:19:41 - [TEST_STEP][PASSED] - mydate = now.format("yyyyMMdd_HHmmss"): null

2020-05-19 08:19:41 - [TEST_STEP][PASSED] - screenPath = "../Screenshots/": null

2020-05-19 08:19:41 - [TEST_STEP][PASSED] - screenPath = screenPath + deviceName + "/" + productLine + "/" + carrierName + "/" + mydate + "/": null

2020-05-19 08:19:41 - [TEST_STEP][PASSED] - println(screenPath): null

2020-05-19 08:19:41 - [MESSAGE][PASSED] - Call Test Case 'Test Cases/AHI/_include/get_screenPath' successfully

2020-05-19 08:19:41 - [TEST_STEP][PASSED] - i = 0: null

2020-05-19 08:19:41 - [TEST_STEP][PASSED] - callTestCase(findTestCase("AHI/_include/openWebSite"), ["env":"https://premiersmi--qa.storefront.mybenefitskeeper.com"], CONTINUE_ON_FAILURE): Call Test Case 'Test Cases/AHI/_include/openWebSite' successfully

2020-05-19 08:19:41 - [TEST_CASE][PASSED] - Test Cases/AHI/_include/openWebSite: Test Cases/AHI/_include/openWebSite

2020-05-19 08:19:41 - [TEST_STEP][PASSED] - openBrowser(env): Browser is opened with url: 'https://premiersmi--qa.storefront.mybenefitskeeper.com'

2020-05-19 08:19:41 - [MESSAGE][WARNING] - A browser is already opened. Closing browser and opening a new one

2020-05-19 08:19:44 - [MESSAGE][INFO] - Starting 'Chrome' driver

2020-05-19 08:19:44 - [MESSAGE][INFO] - User set preference: ['mobileEmulation', '{deviceName=iPhone 6}']

2020-05-19 08:19:44 - [MESSAGE][INFO] - User set preference: ['args', '[--incognito, --aggressive-cache-discard, --window-size=375,677, --no-sandbox, --ignore-certificate-errors]']

2020-05-19 08:20:00 - [MESSAGE][PASSED] - Browser is opened with url: 'https://premiersmi--qa.storefront.mybenefitskeeper.com'

2020-05-19 08:20:00 - [TEST_STEP][PASSED] - waitForPageLoad(20): Wait for page load successfully

2020-05-19 08:20:00 - [MESSAGE][PASSED] - Wait for page load successfully

2020-05-19 08:20:00 - [TEST_STEP][PASSED] - callTestCase(findTestCase("AHI/_include/get_screenshot"), [:], STOP_ON_FAILURE): Call Test Case 'Test Cases/AHI/_include/get_screenshot' successfully

2020-05-19 08:20:00 - [TEST_CASE][PASSED] - Test Cases/AHI/_include/get_screenshot: Test Cases/AHI/_include/get_screenshot

2020-05-19 08:20:01 - [TEST_STEP][PASSED] - Thread.sleep(1000): null

2020-05-19 08:20:02 - [TEST_STEP][PASSED] - takeScreenshot(screenPath + i + ".png"): Taking screenshot successfully

2020-05-19 08:20:03 - [MESSAGE][PASSED] - Taking screenshot successfully
[[ATTACHMENT|D:\\Test\\AgileTest\\Reports\\PrivateLabel\\PremierSMI\\20200519_080058\\../Screenshots/iPhone 6/PremierSMI/Aspen/20200519_081941/0.png]]

2020-05-19 08:20:03 - [TEST_STEP][PASSED] - (internal.GlobalVariable.i++): null

2020-05-19 08:20:03 - [MESSAGE][PASSED] - Call Test Case 'Test Cases/AHI/_include/get_screenshot' successfully

2020-05-19 08:20:03 - [MESSAGE][PASSED] - Call Test Case 'Test Cases/AHI/_include/openWebSite' successfully

2020-05-19 08:20:03 - [TEST_STEP][PASSED] - callTestCase(findTestCase("AHI/_include/census_stm"), ["zipcode":"35215"], STOP_ON_FAILURE): Call Test Case 'Test Cases/AHI/_include/census_stm' successfully

2020-05-19 08:20:03 - [TEST_CASE][PASSED] - Test Cases/AHI/_include/census_stm: Test Cases/AHI/_include/census_stm

2020-05-19 08:20:03 - [TEST_STEP][PASSED] - waitForElementClickable(findTestObject("mobileSanity/STM/Home Page/a_Quote  Save Today"), 10): Object 'Object Repository/mobileSanity/STM/Home Page/a_Quote  Save Today' is clickable

2020-05-19 08:20:03 - [MESSAGE][PASSED] - Object 'Object Repository/mobileSanity/STM/Home Page/a_Quote  Save Today' is clickable

2020-05-19 08:20:03 - [TEST_STEP][PASSED] - click(findTestObject("mobileSanity/STM/Home Page/a_Quote  Save Today")): Object: 'Object Repository/mobileSanity/STM/Home Page/a_Quote  Save Today' is clicked on

2020-05-19 08:20:05 - [MESSAGE][PASSED] - Object: 'Object Repository/mobileSanity/STM/Home Page/a_Quote  Save Today' is clicked on

2020-05-19 08:20:05 - [TEST_STEP][PASSED] - waitForElementPresent(findTestObject("mobileSanity/STM/STM Census Page/input_Location_zip-input"), 20): Object 'Object Repository/mobileSanity/STM/STM Census Page/input_Location_zip-input' is present

2020-05-19 08:20:05 - [MESSAGE][PASSED] - Object 'Object Repository/mobileSanity/STM/STM Census Page/input_Location_zip-input' is present

2020-05-19 08:20:05 - [TEST_STEP][PASSED] - callTestCase(findTestCase("AHI/_include/get_screenshot"), [:], STOP_ON_FAILURE): Call Test Case 'Test Cases/AHI/_include/get_screenshot' successfully

2020-05-19 08:20:05 - [TEST_CASE][PASSED] - Test Cases/AHI/_include/get_screenshot: Test Cases/AHI/_include/get_screenshot

2020-05-19 08:20:05 - [TEST_STEP][PASSED] - Thread.sleep(1000): null

2020-05-19 08:20:06 - [TEST_STEP][PASSED] - takeScreenshot(screenPath + i + ".png"): Taking screenshot successfully

2020-05-19 08:20:07 - [MESSAGE][PASSED] - Taking screenshot successfully
[[ATTACHMENT|D:\\Test\\AgileTest\\Reports\\PrivateLabel\\PremierSMI\\20200519_080058\\../Screenshots/iPhone 6/PremierSMI/Aspen/20200519_081941/1.png]]

2020-05-19 08:20:07 - [TEST_STEP][PASSED] - (internal.GlobalVariable.i++): null

2020-05-19 08:20:07 - [MESSAGE][PASSED] - Call Test Case 'Test Cases/AHI/_include/get_screenshot' successfully

2020-05-19 08:20:07 - [TEST_STEP][PASSED] - setText(findTestObject("mobileSanity/STM/STM Census Page/input_Location_zip-input"), zipcode): Text '35215' is set on object 'Object Repository/mobileSanity/STM/STM Census Page/input_Location_zip-input'

2020-05-19 08:20:08 - [MESSAGE][PASSED] - Text '35215' is set on object 'Object Repository/mobileSanity/STM/STM Census Page/input_Location_zip-input'

2020-05-19 08:20:08 - [TEST_STEP][PASSED] - Thread.sleep(500): null

2020-05-19 08:20:09 - [TEST_STEP][PASSED] - setText(findTestObject("mobileSanity/STM/STM Census Page/input_Date of Birth_dob-0"), "03031987"): Text '03031987' is set on object 'Object Repository/mobileSanity/STM/STM Census Page/input_Date of Birth_dob-0'

2020-05-19 08:20:09 - [MESSAGE][PASSED] - Text '03031987' is set on object 'Object Repository/mobileSanity/STM/STM Census Page/input_Date of Birth_dob-0'

2020-05-19 08:20:09 - [TEST_STEP][PASSED] - click(findTestObject("mobileSanity/STM/STM Census Page/label_Male")): Object: 'Object Repository/mobileSanity/STM/STM Census Page/label_Male' is clicked on

2020-05-19 08:20:09 - [MESSAGE][PASSED] - Object: 'Object Repository/mobileSanity/STM/STM Census Page/label_Male' is clicked on

2020-05-19 08:20:09 - [TEST_STEP][PASSED] - Thread.sleep(2000): null

2020-05-19 08:20:12 - [TEST_STEP][PASSED] - click(findTestObject("mobileSanity/STM/STM Census Page/label_Compare Plans")): Object: 'Object Repository/mobileSanity/STM/STM Census Page/label_Compare Plans' is clicked on

2020-05-19 08:20:14 - [MESSAGE][PASSED] - Object: 'Object Repository/mobileSanity/STM/STM Census Page/label_Compare Plans' is clicked on

2020-05-19 08:20:14 - [TEST_STEP][PASSED] - waitForElementVisible(findTestObject("mobileSanity/STM/STM Quote Page/button_sort"), 20): Object 'Object Repository/mobileSanity/STM/STM Quote Page/button_sort' is visible

2020-05-19 08:20:14 - [MESSAGE][PASSED] - Object 'Object Repository/mobileSanity/STM/STM Quote Page/button_sort' is visible

2020-05-19 08:20:14 - [TEST_STEP][PASSED] - Thread.sleep(3000): null

2020-05-19 08:20:17 - [TEST_STEP][PASSED] - callTestCase(findTestCase("AHI/_include/get_screenshot"), [:], STOP_ON_FAILURE): Call Test Case 'Test Cases/AHI/_include/get_screenshot' successfully

2020-05-19 08:20:17 - [TEST_CASE][PASSED] - Test Cases/AHI/_include/get_screenshot: Test Cases/AHI/_include/get_screenshot

2020-05-19 08:20:17 - [TEST_STEP][PASSED] - Thread.sleep(1000): null

2020-05-19 08:20:18 - [TEST_STEP][PASSED] - takeScreenshot(screenPath + i + ".png"): Taking screenshot successfully

2020-05-19 08:20:19 - [MESSAGE][PASSED] - Taking screenshot successfully
[[ATTACHMENT|D:\\Test\\AgileTest\\Reports\\PrivateLabel\\PremierSMI\\20200519_080058\\../Screenshots/iPhone 6/PremierSMI/Aspen/20200519_081941/2.png]]

2020-05-19 08:20:19 - [TEST_STEP][PASSED] - (internal.GlobalVariable.i++): null

2020-05-19 08:20:19 - [MESSAGE][PASSED] - Call Test Case 'Test Cases/AHI/_include/get_screenshot' successfully

2020-05-19 08:20:19 - [TEST_STEP][PASSED] - Thread.sleep(1000): null

2020-05-19 08:20:20 - [MESSAGE][PASSED] - Call Test Case 'Test Cases/AHI/_include/census_stm' successfully

2020-05-19 08:20:20 - [TEST_STEP][PASSED] - callTestCase(findTestCase("AHI/_include/goToDetail_stm"), ["carrier":"aspen"], STOP_ON_FAILURE): Call Test Case 'Test Cases/AHI/_include/goToDetail_stm' successfully

2020-05-19 08:20:20 - [TEST_CASE][PASSED] - Test Cases/AHI/_include/goToDetail_stm: Test Cases/AHI/_include/goToDetail_stm

2020-05-19 08:20:20 - [TEST_STEP][PASSED] - driver = getWebDriver(): null

2020-05-19 08:20:20 - [TEST_STEP][PASSED] - selenium = new com.thoughtworks.selenium.webdriven.WebDriverBackedSelenium(driver, internal.GlobalVariable.ENV): null

2020-05-19 08:20:20 - [TEST_STEP][PASSED] - a_plan_name = "xpath=//a[contains(@href,'/term-health-insurance/plan/" + carrier + "')]": null

2020-05-19 08:20:20 - [TEST_STEP][PASSED] - println(a_plan_name): null

2020-05-19 08:20:20 - [TEST_STEP][PASSED] - selenium.click(a_plan_name): null

2020-05-19 08:20:23 - [TEST_STEP][PASSED] - waitForPageLoad(20): Wait for page load successfully

2020-05-19 08:20:23 - [MESSAGE][PASSED] - Wait for page load successfully

2020-05-19 08:20:23 - [TEST_STEP][PASSED] - Thread.sleep(2000): null

2020-05-19 08:20:25 - [TEST_STEP][PASSED] - callTestCase(findTestCase("AHI/_include/get_screenshot"), [:], STOP_ON_FAILURE): Call Test Case 'Test Cases/AHI/_include/get_screenshot' successfully

2020-05-19 08:20:25 - [TEST_CASE][PASSED] - Test Cases/AHI/_include/get_screenshot: Test Cases/AHI/_include/get_screenshot

2020-05-19 08:20:25 - [TEST_STEP][PASSED] - Thread.sleep(1000): null

2020-05-19 08:20:26 - [TEST_STEP][PASSED] - takeScreenshot(screenPath + i + ".png"): Taking screenshot successfully

2020-05-19 08:20:27 - [MESSAGE][PASSED] - Taking screenshot successfully
[[ATTACHMENT|D:\\Test\\AgileTest\\Reports\\PrivateLabel\\PremierSMI\\20200519_080058\\../Screenshots/iPhone 6/PremierSMI/Aspen/20200519_081941/3.png]]

2020-05-19 08:20:27 - [TEST_STEP][PASSED] - (internal.GlobalVariable.i++): null

2020-05-19 08:20:27 - [MESSAGE][PASSED] - Call Test Case 'Test Cases/AHI/_include/get_screenshot' successfully

2020-05-19 08:20:27 - [MESSAGE][PASSED] - Call Test Case 'Test Cases/AHI/_include/goToDetail_stm' successfully

2020-05-19 08:20:27 - [TEST_STEP][PASSED] - callTestCase(findTestCase("AHI/_include/apply_stm"), [:], STOP_ON_FAILURE): Call Test Case 'Test Cases/AHI/_include/apply_stm' successfully

2020-05-19 08:20:27 - [TEST_CASE][PASSED] - Test Cases/AHI/_include/apply_stm: Test Cases/AHI/_include/apply_stm

2020-05-19 08:20:27 - [TEST_STEP][PASSED] - waitForElementVisible(findTestObject("mobileSanity/STM/STM PlanDetail Page/a_Apply for This Plan"), 5): Object 'Object Repository/mobileSanity/STM/STM PlanDetail Page/a_Apply for This Plan' is visible

2020-05-19 08:20:27 - [MESSAGE][PASSED] - Object 'Object Repository/mobileSanity/STM/STM PlanDetail Page/a_Apply for This Plan' is visible

2020-05-19 08:20:27 - [TEST_STEP][PASSED] - click(findTestObject("mobileSanity/STM/STM PlanDetail Page/a_Apply for This Plan")): Object: 'Object Repository/mobileSanity/STM/STM PlanDetail Page/a_Apply for This Plan' is clicked on

2020-05-19 08:20:28 - [MESSAGE][PASSED] - Object: 'Object Repository/mobileSanity/STM/STM PlanDetail Page/a_Apply for This Plan' is clicked on

2020-05-19 08:20:28 - [TEST_STEP][PASSED] - waitForPageLoad(10): Wait for page load successfully

2020-05-19 08:20:28 - [MESSAGE][PASSED] - Wait for page load successfully

2020-05-19 08:20:28 - [TEST_STEP][PASSED] - Thread.sleep(2000): null

2020-05-19 08:20:30 - [TEST_STEP][PASSED] - callTestCase(findTestCase("AHI/_include/get_screenshot"), [:], STOP_ON_FAILURE): Call Test Case 'Test Cases/AHI/_include/get_screenshot' successfully

2020-05-19 08:20:30 - [TEST_CASE][PASSED] - Test Cases/AHI/_include/get_screenshot: Test Cases/AHI/_include/get_screenshot

2020-05-19 08:20:30 - [TEST_STEP][PASSED] - Thread.sleep(1000): null

2020-05-19 08:20:31 - [TEST_STEP][PASSED] - takeScreenshot(screenPath + i + ".png"): Taking screenshot successfully

2020-05-19 08:20:32 - [MESSAGE][PASSED] - Taking screenshot successfully
[[ATTACHMENT|D:\\Test\\AgileTest\\Reports\\PrivateLabel\\PremierSMI\\20200519_080058\\../Screenshots/iPhone 6/PremierSMI/Aspen/20200519_081941/4.png]]

2020-05-19 08:20:32 - [TEST_STEP][PASSED] - (internal.GlobalVariable.i++): null

2020-05-19 08:20:32 - [MESSAGE][PASSED] - Call Test Case 'Test Cases/AHI/_include/get_screenshot' successfully

2020-05-19 08:20:32 - [TEST_STEP][PASSED] - waitForElementVisible(findTestObject("mobileSanity/STM/STM Apply Page/a_Start Secure Application"), 5): Object 'Object Repository/mobileSanity/STM/STM Apply Page/a_Start Secure Application' is visible

2020-05-19 08:20:32 - [MESSAGE][PASSED] - Object 'Object Repository/mobileSanity/STM/STM Apply Page/a_Start Secure Application' is visible

2020-05-19 08:20:32 - [TEST_STEP][PASSED] - click(findTestObject("mobileSanity/STM/STM Apply Page/a_Start Secure Application")): Object: 'Object Repository/mobileSanity/STM/STM Apply Page/a_Start Secure Application' is clicked on

2020-05-19 08:20:33 - [MESSAGE][PASSED] - Object: 'Object Repository/mobileSanity/STM/STM Apply Page/a_Start Secure Application' is clicked on

2020-05-19 08:20:33 - [TEST_STEP][PASSED] - waitForPageLoad(20): Wait for page load successfully

2020-05-19 08:20:33 - [MESSAGE][PASSED] - Wait for page load successfully

2020-05-19 08:20:33 - [TEST_STEP][PASSED] - Thread.sleep(2000): null

2020-05-19 08:20:35 - [TEST_STEP][PASSED] - callTestCase(findTestCase("AHI/_include/get_screenshot"), [:], STOP_ON_FAILURE): Call Test Case 'Test Cases/AHI/_include/get_screenshot' successfully

2020-05-19 08:20:35 - [TEST_CASE][PASSED] - Test Cases/AHI/_include/get_screenshot: Test Cases/AHI/_include/get_screenshot

2020-05-19 08:20:35 - [TEST_STEP][PASSED] - Thread.sleep(1000): null

2020-05-19 08:20:36 - [TEST_STEP][PASSED] - takeScreenshot(screenPath + i + ".png"): Taking screenshot successfully

2020-05-19 08:20:37 - [MESSAGE][PASSED] - Taking screenshot successfully
[[ATTACHMENT|D:\\Test\\AgileTest\\Reports\\PrivateLabel\\PremierSMI\\20200519_080058\\../Screenshots/iPhone 6/PremierSMI/Aspen/20200519_081941/5.png]]

2020-05-19 08:20:37 - [TEST_STEP][PASSED] - (internal.GlobalVariable.i++): null

2020-05-19 08:20:37 - [MESSAGE][PASSED] - Call Test Case 'Test Cases/AHI/_include/get_screenshot' successfully

2020-05-19 08:20:37 - [MESSAGE][PASSED] - Call Test Case 'Test Cases/AHI/_include/apply_stm' successfully

2020-05-19 08:20:37 - [TEST_STEP][PASSED] - callTestCase(findTestCase("AHI/_include/goToEnd_stm_autofill"), [:], STOP_ON_FAILURE): Call Test Case 'Test Cases/AHI/_include/goToEnd_stm_autofill' successfully

2020-05-19 08:20:37 - [TEST_CASE][PASSED] - Test Cases/AHI/_include/goToEnd_stm_autofill: Test Cases/AHI/_include/goToEnd_stm_autofill

2020-05-19 08:20:37 - [TEST_STEP][PASSED] - callTestCase(findTestCase("AHI/_include/name"), [:], CONTINUE_ON_FAILURE): Call Test Case 'Test Cases/AHI/_include/name' successfully

2020-05-19 08:20:37 - [TEST_CASE][PASSED] - Test Cases/AHI/_include/name: Test Cases/AHI/_include/name

2020-05-19 08:20:37 - [TEST_STEP][PASSED] - driver = getWebDriver(): null

2020-05-19 08:20:37 - [TEST_STEP][PASSED] - selenium = new com.thoughtworks.selenium.webdriven.WebDriverBackedSelenium(driver, internal.GlobalVariable.ENV): null

2020-05-19 08:20:37 - [TEST_STEP][PASSED] - FirstName = "Test-123": null

2020-05-19 08:20:37 - [TEST_STEP][PASSED] - LastName = selenium.getEval("{var x="ABCDEFGHIJKLMNOPQRSTUVWXYZabcdefghijklmnopqrstuvwxyz"; var tmp="ZZ11-"; for (i=0;i<8;i++) tmp+=x.charAt(Math.ceil(51*Math.random()));tmp;}"): null

2020-05-19 08:20:37 - [TEST_STEP][PASSED] - Address = selenium.getEval("{var x="ABCDEFGHIJKLMNOPQRSTUVWXYZabcdefghijklmnopqrstuvwxyz"; var tmp=""; for (i=0;i<8;i++) tmp+=x.charAt(Math.ceil(51*Math.random()));tmp;}"): null

2020-05-19 08:20:37 - [TEST_STEP][PASSED] - City = selenium.getEval("{var x="ABCDEFGHIJKLMNOPQRSTUVWXYZabcdefghijklmnopqrstuvwxyz"; var tmp=""; for (i=0;i<8;i++) tmp+=x.charAt(Math.ceil(51*Math.random()));tmp;}"): null

2020-05-19 08:20:37 - [TEST_STEP][PASSED] - tel1 = selenium.getEval("{var x="123456789"; var tmp=""; for (i=0;i<3;i++) tmp+=x.charAt(Math.ceil(8*Math.random()));tmp;}"): null

2020-05-19 08:20:37 - [TEST_STEP][PASSED] - tel2 = selenium.getEval("{var x="123456789"; var tmp=""; for (i=0;i<3;i++) tmp+=x.charAt(Math.ceil(8*Math.random()));tmp;}"): null

2020-05-19 08:20:37 - [TEST_STEP][PASSED] - tel3 = selenium.getEval("{var x="123456789"; var tmp=""; for (i=0;i<4;i++) tmp+=x.charAt(Math.ceil(8*Math.random()));tmp;}"): null

2020-05-19 08:20:37 - [TEST_STEP][PASSED] - Tel = selenium.getExpression(tel1 + "-" + tel2 + "-" + tel3): null

2020-05-19 08:20:37 - [TEST_STEP][PASSED] - AutoEmail = selenium.getEval("{var x="ABCDEFGHIJKLMNOPQRSTUVWXYZabcdefghijklmnopqrstuvwxyz"; var tmp="test."; for (i=0;i<8;i++) tmp+=x.charAt(Math.ceil(51*Math.random()));tmp+="@suryani.cn";}"): null

2020-05-19 08:20:37 - [TEST_STEP][PASSED] - FirstName = FirstName: null

2020-05-19 08:20:37 - [TEST_STEP][PASSED] - LastName = LastName: null

2020-05-19 08:20:37 - [TEST_STEP][PASSED] - Address = Address: null

2020-05-19 08:20:37 - [TEST_STEP][PASSED] - City = City: null

2020-05-19 08:20:37 - [TEST_STEP][PASSED] - Tel = Tel: null

2020-05-19 08:20:37 - [TEST_STEP][PASSED] - AutoEmail = AutoEmail: null

2020-05-19 08:20:37 - [TEST_STEP][PASSED] - println(FirstName): null

2020-05-19 08:20:37 - [TEST_STEP][PASSED] - println(LastName): null

2020-05-19 08:20:37 - [TEST_STEP][PASSED] - println(Address): null

2020-05-19 08:20:37 - [TEST_STEP][PASSED] - println(City): null

2020-05-19 08:20:37 - [TEST_STEP][PASSED] - println(Tel): null

2020-05-19 08:20:37 - [TEST_STEP][PASSED] - println(AutoEmail): null

2020-05-19 08:20:37 - [MESSAGE][PASSED] - Call Test Case 'Test Cases/AHI/_include/name' successfully

2020-05-19 08:20:37 - [TEST_STEP][PASSED] - try: Call Test Case 'Test Cases/AHI/_include/get_screenshot' successfully

2020-05-19 08:20:37 - [TEST_STEP][PASSED] - if (verifyTextPresent("Month Duration Acknowledgement", false)): Call Test Case 'Test Cases/AHI/_include/get_screenshot' successfully

2020-05-19 08:20:38 - [MESSAGE][PASSED] - Text 'Month Duration Acknowledgement' is present on page 

2020-05-19 08:20:38 - [TEST_STEP][PASSED] - click(findTestObject("mobileSanity/STM/Page_App Page 1/label_By checking this box I u")): Object: 'Object Repository/mobileSanity/STM/Page_App Page 1/label_By checking this box I u' is clicked on

2020-05-19 08:20:38 - [MESSAGE][PASSED] - Object: 'Object Repository/mobileSanity/STM/Page_App Page 1/label_By checking this box I u' is clicked on

2020-05-19 08:20:38 - [TEST_STEP][PASSED] - click(findTestObject("mobileSanity/STM/Page_App Page 1/button_Continue to Application")): Object: 'Object Repository/mobileSanity/STM/Page_App Page 1/button_Continue to Application' is clicked on

2020-05-19 08:20:40 - [MESSAGE][PASSED] - Object: 'Object Repository/mobileSanity/STM/Page_App Page 1/button_Continue to Application' is clicked on

2020-05-19 08:20:40 - [TEST_STEP][PASSED] - waitForPageLoad(20): Wait for page load successfully

2020-05-19 08:20:41 - [MESSAGE][PASSED] - Wait for page load successfully

2020-05-19 08:20:41 - [TEST_STEP][PASSED] - Thread.sleep(5000): null

2020-05-19 08:20:46 - [TEST_STEP][PASSED] - callTestCase(findTestCase("AHI/_include/get_screenshot"), [:], STOP_ON_FAILURE): Call Test Case 'Test Cases/AHI/_include/get_screenshot' successfully

2020-05-19 08:20:46 - [TEST_CASE][PASSED] - Test Cases/AHI/_include/get_screenshot: Test Cases/AHI/_include/get_screenshot

2020-05-19 08:20:46 - [TEST_STEP][PASSED] - Thread.sleep(1000): null

2020-05-19 08:20:47 - [TEST_STEP][PASSED] - takeScreenshot(screenPath + i + ".png"): Taking screenshot successfully

2020-05-19 08:20:47 - [MESSAGE][PASSED] - Taking screenshot successfully
[[ATTACHMENT|D:\\Test\\AgileTest\\Reports\\PrivateLabel\\PremierSMI\\20200519_080058\\../Screenshots/iPhone 6/PremierSMI/Aspen/20200519_081941/6.png]]

2020-05-19 08:20:47 - [TEST_STEP][PASSED] - (internal.GlobalVariable.i++): null

2020-05-19 08:20:47 - [MESSAGE][PASSED] - Call Test Case 'Test Cases/AHI/_include/get_screenshot' successfully

2020-05-19 08:20:47 - [TEST_STEP][PASSED] - waitForPageLoad(10): Wait for page load successfully

2020-05-19 08:20:47 - [MESSAGE][PASSED] - Wait for page load successfully

2020-05-19 08:20:47 - [TEST_STEP][PASSED] - Thread.sleep(3000): null

2020-05-19 08:20:50 - [TEST_STEP][PASSED] - waitForElementVisible(findTestObject("mobileSanity/STM/Page_App Page 1/a_Autofill App Info"), 20): Object 'Object Repository/mobileSanity/STM/Page_App Page 1/a_Autofill App Info' is visible

2020-05-19 08:20:51 - [MESSAGE][PASSED] - Object 'Object Repository/mobileSanity/STM/Page_App Page 1/a_Autofill App Info' is visible

2020-05-19 08:20:51 - [TEST_STEP][PASSED] - click(findTestObject("mobileSanity/STM/Page_App Page 1/a_Autofill App Info")): Object: 'Object Repository/mobileSanity/STM/Page_App Page 1/a_Autofill App Info' is clicked on

2020-05-19 08:20:52 - [MESSAGE][PASSED] - Object: 'Object Repository/mobileSanity/STM/Page_App Page 1/a_Autofill App Info' is clicked on

2020-05-19 08:20:52 - [TEST_STEP][PASSED] - Thread.sleep(1000): null

2020-05-19 08:20:53 - [TEST_STEP][PASSED] - click(findTestObject("mobileSanity/STM/Page_App Page 1/a_Autofill App Info")): Object: 'Object Repository/mobileSanity/STM/Page_App Page 1/a_Autofill App Info' is clicked on

2020-05-19 08:20:55 - [MESSAGE][PASSED] - Object: 'Object Repository/mobileSanity/STM/Page_App Page 1/a_Autofill App Info' is clicked on

2020-05-19 08:20:55 - [TEST_STEP][PASSED] - Thread.sleep(1000): null

2020-05-19 08:20:56 - [TEST_STEP][PASSED] - waitForElementVisible(findTestObject("mobileSanity/STM/Page_App Page 1/a_Continue"), 20): Object 'Object Repository/mobileSanity/STM/Page_App Page 1/a_Continue' is visible

2020-05-19 08:20:57 - [MESSAGE][PASSED] - Object 'Object Repository/mobileSanity/STM/Page_App Page 1/a_Continue' is visible

2020-05-19 08:20:57 - [TEST_STEP][PASSED] - click(findTestObject("mobileSanity/STM/Page_App Page 1/a_Continue")): Object: 'Object Repository/mobileSanity/STM/Page_App Page 1/a_Continue' is clicked on

2020-05-19 08:20:58 - [MESSAGE][PASSED] - Object: 'Object Repository/mobileSanity/STM/Page_App Page 1/a_Continue' is clicked on

2020-05-19 08:20:58 - [TEST_STEP][PASSED] - waitForPageLoad(20): Wait for page load successfully

2020-05-19 08:20:58 - [MESSAGE][PASSED] - Wait for page load successfully

2020-05-19 08:20:58 - [TEST_STEP][PASSED] - Thread.sleep(5000): null

2020-05-19 08:21:03 - [TEST_STEP][PASSED] - callTestCase(findTestCase("AHI/_include/get_screenshot"), [:], STOP_ON_FAILURE): Call Test Case 'Test Cases/AHI/_include/get_screenshot' successfully

2020-05-19 08:21:03 - [TEST_CASE][PASSED] - Test Cases/AHI/_include/get_screenshot: Test Cases/AHI/_include/get_screenshot

2020-05-19 08:21:03 - [TEST_STEP][PASSED] - Thread.sleep(1000): null

2020-05-19 08:21:04 - [TEST_STEP][PASSED] - takeScreenshot(screenPath + i + ".png"): Taking screenshot successfully

2020-05-19 08:21:05 - [MESSAGE][PASSED] - Taking screenshot successfully
[[ATTACHMENT|D:\\Test\\AgileTest\\Reports\\PrivateLabel\\PremierSMI\\20200519_080058\\../Screenshots/iPhone 6/PremierSMI/Aspen/20200519_081941/7.png]]

2020-05-19 08:21:05 - [TEST_STEP][PASSED] - (internal.GlobalVariable.i++): null

2020-05-19 08:21:05 - [MESSAGE][PASSED] - Call Test Case 'Test Cases/AHI/_include/get_screenshot' successfully

2020-05-19 08:21:05 - [TEST_STEP][PASSED] - click(findTestObject("mobileSanity/STM/Page_App Page 2/a_Continue to Step 3 - Payment")): Object: 'Object Repository/mobileSanity/STM/Page_App Page 2/a_Continue to Step 3 - Payment' is clicked on

2020-05-19 08:21:05 - [MESSAGE][PASSED] - Object: 'Object Repository/mobileSanity/STM/Page_App Page 2/a_Continue to Step 3 - Payment' is clicked on

2020-05-19 08:21:05 - [TEST_STEP][PASSED] - waitForPageLoad(20): Wait for page load successfully

2020-05-19 08:21:05 - [MESSAGE][PASSED] - Wait for page load successfully

2020-05-19 08:21:05 - [TEST_STEP][PASSED] - waitForElementVisible(findTestObject("mobileSanity/STM/Page_App Page 3/input__credit-card-cvv"), 20): Object 'Object Repository/mobileSanity/STM/Page_App Page 3/input__credit-card-cvv' is visible

2020-05-19 08:21:06 - [MESSAGE][PASSED] - Object 'Object Repository/mobileSanity/STM/Page_App Page 3/input__credit-card-cvv' is visible

2020-05-19 08:21:06 - [TEST_STEP][PASSED] - Thread.sleep(2000): null

2020-05-19 08:21:08 - [TEST_STEP][PASSED] - callTestCase(findTestCase("AHI/_include/get_screenshot"), [:], STOP_ON_FAILURE): Call Test Case 'Test Cases/AHI/_include/get_screenshot' successfully

2020-05-19 08:21:08 - [TEST_CASE][PASSED] - Test Cases/AHI/_include/get_screenshot: Test Cases/AHI/_include/get_screenshot

2020-05-19 08:21:08 - [TEST_STEP][PASSED] - Thread.sleep(1000): null

2020-05-19 08:21:09 - [TEST_STEP][PASSED] - takeScreenshot(screenPath + i + ".png"): Taking screenshot successfully

2020-05-19 08:21:11 - [MESSAGE][PASSED] - Taking screenshot successfully
[[ATTACHMENT|D:\\Test\\AgileTest\\Reports\\PrivateLabel\\PremierSMI\\20200519_080058\\../Screenshots/iPhone 6/PremierSMI/Aspen/20200519_081941/8.png]]

2020-05-19 08:21:11 - [TEST_STEP][PASSED] - (internal.GlobalVariable.i++): null

2020-05-19 08:21:11 - [MESSAGE][PASSED] - Call Test Case 'Test Cases/AHI/_include/get_screenshot' successfully

2020-05-19 08:21:11 - [TEST_STEP][PASSED] - clearText(findTestObject("mobileSanity/STM/Page_App Page 3/input__credit-card-cvv")): Text of object 'Object Repository/mobileSanity/STM/Page_App Page 3/input__credit-card-cvv' is cleared

2020-05-19 08:21:11 - [MESSAGE][PASSED] - Text of object 'Object Repository/mobileSanity/STM/Page_App Page 3/input__credit-card-cvv' is cleared

2020-05-19 08:21:11 - [TEST_STEP][PASSED] - setText(findTestObject("mobileSanity/STM/Page_App Page 3/input__credit-card-cvv"), "123"): Text '123' is set on object 'Object Repository/mobileSanity/STM/Page_App Page 3/input__credit-card-cvv'

2020-05-19 08:21:12 - [MESSAGE][PASSED] - Text '123' is set on object 'Object Repository/mobileSanity/STM/Page_App Page 3/input__credit-card-cvv'

2020-05-19 08:21:12 - [TEST_STEP][PASSED] - click(findTestObject("mobileSanity/STM/Page_App Page 3/label_I Accept Authorization f")): Object: 'Object Repository/mobileSanity/STM/Page_App Page 3/label_I Accept Authorization f' is clicked on

2020-05-19 08:21:12 - [MESSAGE][PASSED] - Object: 'Object Repository/mobileSanity/STM/Page_App Page 3/label_I Accept Authorization f' is clicked on

2020-05-19 08:21:12 - [TEST_STEP][PASSED] - click(findTestObject("mobileSanity/STM/Page_App Page 3/a_Continue to Step 4 - Review")): Object: 'Object Repository/mobileSanity/STM/Page_App Page 3/a_Continue to Step 4 - Review' is clicked on

2020-05-19 08:21:12 - [MESSAGE][PASSED] - Object: 'Object Repository/mobileSanity/STM/Page_App Page 3/a_Continue to Step 4 - Review' is clicked on

2020-05-19 08:21:12 - [TEST_STEP][PASSED] - waitForPageLoad(10): Wait for page load successfully

2020-05-19 08:21:13 - [MESSAGE][PASSED] - Wait for page load successfully

2020-05-19 08:21:13 - [TEST_STEP][PASSED] - waitForElementClickable(findTestObject("mobileSanity/STM/Page_App Page 4/label"), 10): Object 'Object Repository/mobileSanity/STM/Page_App Page 4/label' is clickable

2020-05-19 08:21:13 - [MESSAGE][PASSED] - Object 'Object Repository/mobileSanity/STM/Page_App Page 4/label' is clickable

2020-05-19 08:21:13 - [TEST_STEP][PASSED] - Thread.sleep(2000): null

2020-05-19 08:21:15 - [TEST_STEP][PASSED] - callTestCase(findTestCase("AHI/_include/get_screenshot"), [:], STOP_ON_FAILURE): Call Test Case 'Test Cases/AHI/_include/get_screenshot' successfully

2020-05-19 08:21:16 - [TEST_CASE][PASSED] - Test Cases/AHI/_include/get_screenshot: Test Cases/AHI/_include/get_screenshot

2020-05-19 08:21:16 - [TEST_STEP][PASSED] - Thread.sleep(1000): null

2020-05-19 08:21:17 - [TEST_STEP][PASSED] - takeScreenshot(screenPath + i + ".png"): Taking screenshot successfully

2020-05-19 08:21:17 - [MESSAGE][PASSED] - Taking screenshot successfully
[[ATTACHMENT|D:\\Test\\AgileTest\\Reports\\PrivateLabel\\PremierSMI\\20200519_080058\\../Screenshots/iPhone 6/PremierSMI/Aspen/20200519_081941/9.png]]

2020-05-19 08:21:17 - [TEST_STEP][PASSED] - (internal.GlobalVariable.i++): null

2020-05-19 08:21:17 - [MESSAGE][PASSED] - Call Test Case 'Test Cases/AHI/_include/get_screenshot' successfully

2020-05-19 08:21:17 - [TEST_STEP][PASSED] - click(findTestObject("mobileSanity/STM/Page_App Page 4/label")): Object: 'Object Repository/mobileSanity/STM/Page_App Page 4/label' is clicked on

2020-05-19 08:21:18 - [MESSAGE][PASSED] - Object: 'Object Repository/mobileSanity/STM/Page_App Page 4/label' is clicked on

2020-05-19 08:21:18 - [TEST_STEP][PASSED] - click(findTestObject("mobileSanity/STM/Page_App Page 4/div_CLICK TO SIGN")): Object: 'Object Repository/mobileSanity/STM/Page_App Page 4/div_CLICK TO SIGN' is clicked on

2020-05-19 08:21:18 - [MESSAGE][PASSED] - Object: 'Object Repository/mobileSanity/STM/Page_App Page 4/div_CLICK TO SIGN' is clicked on

2020-05-19 08:21:18 - [TEST_STEP][PASSED] - click(findTestObject("mobileSanity/STM/Page_App Page 4/a_Submit Your Application")): Object: 'Object Repository/mobileSanity/STM/Page_App Page 4/a_Submit Your Application' is clicked on

2020-05-19 08:21:18 - [MESSAGE][PASSED] - Object: 'Object Repository/mobileSanity/STM/Page_App Page 4/a_Submit Your Application' is clicked on

2020-05-19 08:21:18 - [TEST_STEP][PASSED] - waitForElementPresent(findTestObject("mobileSanity/Common/app-confirmation"), 50): Object 'Object Repository/mobileSanity/Common/app-confirmation' is not present after 50 second(s)

2020-05-19 08:22:24 - [MESSAGE][INFO] - Unable to find the element located by 'By.xpath: //*[@id = 'app-confirmation']'. Please recheck the objects properties to make sure the desired element is located. 

2020-05-19 08:22:24 - [MESSAGE][WARNING] - Object 'Object Repository/mobileSanity/Common/app-confirmation' is not present after 50 second(s)

2020-05-19 08:22:24 - [TEST_STEP][PASSED] - callTestCase(findTestCase("AHI/_include/get_screenshot"), [:], STOP_ON_FAILURE): Call Test Case 'Test Cases/AHI/_include/get_screenshot' successfully

2020-05-19 08:22:24 - [TEST_CASE][PASSED] - Test Cases/AHI/_include/get_screenshot: Test Cases/AHI/_include/get_screenshot

2020-05-19 08:22:24 - [TEST_STEP][PASSED] - Thread.sleep(1000): null

2020-05-19 08:22:25 - [TEST_STEP][PASSED] - takeScreenshot(screenPath + i + ".png"): Taking screenshot successfully

2020-05-19 08:22:25 - [MESSAGE][PASSED] - Taking screenshot successfully
[[ATTACHMENT|D:\\Test\\AgileTest\\Reports\\PrivateLabel\\PremierSMI\\20200519_080058\\../Screenshots/iPhone 6/PremierSMI/Aspen/20200519_081941/10.png]]

2020-05-19 08:22:25 - [TEST_STEP][PASSED] - (internal.GlobalVariable.i++): null

2020-05-19 08:22:25 - [MESSAGE][PASSED] - Call Test Case 'Test Cases/AHI/_include/get_screenshot' successfully

2020-05-19 08:22:25 - [MESSAGE][PASSED] - Call Test Case 'Test Cases/AHI/_include/goToEnd_stm_autofill' successfully]]></system-out>
         <system-err><![CDATA[]]></system-err>
      </testcase>
      <testcase name="Test Cases/PL Site/PremierSMI/Health Choice" classname="Test Cases/PL Site/PremierSMI/Health Choice" status="PASSED">
         <system-out><![CDATA[2020-05-19 08:22:25 - [TEST_CASE][PASSED] - Test Cases/PL Site/PremierSMI/Health Choice: Test Cases/PL Site/PremierSMI/Health Choice

2020-05-19 08:22:26 - [TEST_STEP][PASSED] - callTestCase(findTestCase("AHI/_include/get_screenPath"), ["productLine":"PremierSMI", "carrierName":"Health Choice"], CONTINUE_ON_FAILURE): Call Test Case 'Test Cases/AHI/_include/get_screenPath' successfully

2020-05-19 08:22:26 - [TEST_CASE][PASSED] - Test Cases/AHI/_include/get_screenPath: Test Cases/AHI/_include/get_screenPath

2020-05-19 08:22:26 - [TEST_STEP][PASSED] - m = getExecutionProperties(): null

2020-05-19 08:22:26 - [TEST_STEP][PASSED] - deviceName = get("mobileEmulation").get("deviceName"): null

2020-05-19 08:22:26 - [TEST_STEP][PASSED] - println(deviceName): null

2020-05-19 08:22:26 - [TEST_STEP][PASSED] - now = new java.util.Date(): null

2020-05-19 08:22:26 - [TEST_STEP][PASSED] - mydate = now.format("yyyyMMdd_HHmmss"): null

2020-05-19 08:22:26 - [TEST_STEP][PASSED] - screenPath = "../Screenshots/": null

2020-05-19 08:22:26 - [TEST_STEP][PASSED] - screenPath = screenPath + deviceName + "/" + productLine + "/" + carrierName + "/" + mydate + "/": null

2020-05-19 08:22:26 - [TEST_STEP][PASSED] - println(screenPath): null

2020-05-19 08:22:26 - [MESSAGE][PASSED] - Call Test Case 'Test Cases/AHI/_include/get_screenPath' successfully

2020-05-19 08:22:26 - [TEST_STEP][PASSED] - i = 0: null

2020-05-19 08:22:26 - [TEST_STEP][PASSED] - callTestCase(findTestCase("AHI/_include/openWebSite"), ["env":"https://premiersmi--qa.storefront.mybenefitskeeper.com"], STOP_ON_FAILURE): Call Test Case 'Test Cases/AHI/_include/openWebSite' successfully

2020-05-19 08:22:26 - [TEST_CASE][PASSED] - Test Cases/AHI/_include/openWebSite: Test Cases/AHI/_include/openWebSite

2020-05-19 08:22:26 - [TEST_STEP][PASSED] - openBrowser(env): Browser is opened with url: 'https://premiersmi--qa.storefront.mybenefitskeeper.com'

2020-05-19 08:22:26 - [MESSAGE][WARNING] - A browser is already opened. Closing browser and opening a new one

2020-05-19 08:22:27 - [MESSAGE][INFO] - Starting 'Chrome' driver

2020-05-19 08:22:27 - [MESSAGE][INFO] - User set preference: ['mobileEmulation', '{deviceName=iPhone 6}']

2020-05-19 08:22:27 - [MESSAGE][INFO] - User set preference: ['args', '[--incognito, --aggressive-cache-discard, --window-size=375,677, --no-sandbox, --ignore-certificate-errors]']

2020-05-19 08:22:44 - [MESSAGE][PASSED] - Browser is opened with url: 'https://premiersmi--qa.storefront.mybenefitskeeper.com'

2020-05-19 08:22:44 - [TEST_STEP][PASSED] - waitForPageLoad(20): Wait for page load successfully

2020-05-19 08:22:44 - [MESSAGE][PASSED] - Wait for page load successfully

2020-05-19 08:22:44 - [TEST_STEP][PASSED] - callTestCase(findTestCase("AHI/_include/get_screenshot"), [:], STOP_ON_FAILURE): Call Test Case 'Test Cases/AHI/_include/get_screenshot' successfully

2020-05-19 08:22:44 - [TEST_CASE][PASSED] - Test Cases/AHI/_include/get_screenshot: Test Cases/AHI/_include/get_screenshot

2020-05-19 08:22:44 - [TEST_STEP][PASSED] - Thread.sleep(1000): null

2020-05-19 08:22:45 - [TEST_STEP][PASSED] - takeScreenshot(screenPath + i + ".png"): Taking screenshot successfully

2020-05-19 08:22:46 - [MESSAGE][PASSED] - Taking screenshot successfully
[[ATTACHMENT|D:\\Test\\AgileTest\\Reports\\PrivateLabel\\PremierSMI\\20200519_080058\\../Screenshots/iPhone 6/PremierSMI/Health Choice/20200519_082226/0.png]]

2020-05-19 08:22:46 - [TEST_STEP][PASSED] - (internal.GlobalVariable.i++): null

2020-05-19 08:22:46 - [MESSAGE][PASSED] - Call Test Case 'Test Cases/AHI/_include/get_screenshot' successfully

2020-05-19 08:22:46 - [MESSAGE][PASSED] - Call Test Case 'Test Cases/AHI/_include/openWebSite' successfully

2020-05-19 08:22:46 - [TEST_STEP][PASSED] - callTestCase(findTestCase("PL Site/_include/census_hbi"), ["zipcode":"35215"], CONTINUE_ON_FAILURE): Call Test Case 'Test Cases/PL Site/_include/census_hbi' successfully

2020-05-19 08:22:46 - [TEST_CASE][PASSED] - Test Cases/PL Site/_include/census_hbi: Test Cases/PL Site/_include/census_hbi

2020-05-19 08:22:46 - [TEST_STEP][PASSED] - click(findTestObject("mobileSanity/Common/side_nav/menu")): Object: 'Object Repository/mobileSanity/Common/side_nav/menu' is clicked on

2020-05-19 08:22:46 - [MESSAGE][PASSED] - Object: 'Object Repository/mobileSanity/Common/side_nav/menu' is clicked on

2020-05-19 08:22:46 - [TEST_STEP][PASSED] - Thread.sleep(3000): null

2020-05-19 08:22:49 - [TEST_STEP][PASSED] - callTestCase(findTestCase("AHI/_include/get_screenshot"), [:], STOP_ON_FAILURE): Call Test Case 'Test Cases/AHI/_include/get_screenshot' successfully

2020-05-19 08:22:49 - [TEST_CASE][PASSED] - Test Cases/AHI/_include/get_screenshot: Test Cases/AHI/_include/get_screenshot

2020-05-19 08:22:49 - [TEST_STEP][PASSED] - Thread.sleep(1000): null

2020-05-19 08:22:50 - [TEST_STEP][PASSED] - takeScreenshot(screenPath + i + ".png"): Taking screenshot successfully

2020-05-19 08:22:51 - [MESSAGE][PASSED] - Taking screenshot successfully
[[ATTACHMENT|D:\\Test\\AgileTest\\Reports\\PrivateLabel\\PremierSMI\\20200519_080058\\../Screenshots/iPhone 6/PremierSMI/Health Choice/20200519_082226/1.png]]

2020-05-19 08:22:51 - [TEST_STEP][PASSED] - (internal.GlobalVariable.i++): null

2020-05-19 08:22:51 - [MESSAGE][PASSED] - Call Test Case 'Test Cases/AHI/_include/get_screenshot' successfully

2020-05-19 08:22:51 - [TEST_STEP][PASSED] - click(findTestObject("PLSite/pl_nav_hbi")): Object: 'Object Repository/PLSite/pl_nav_hbi' is clicked on

2020-05-19 08:22:52 - [MESSAGE][PASSED] - Object: 'Object Repository/PLSite/pl_nav_hbi' is clicked on

2020-05-19 08:22:52 - [TEST_STEP][PASSED] - waitForPageLoad(10): Wait for page load successfully

2020-05-19 08:22:52 - [MESSAGE][PASSED] - Wait for page load successfully

2020-05-19 08:22:52 - [TEST_STEP][PASSED] - Thread.sleep(3000): null

2020-05-19 08:22:55 - [TEST_STEP][PASSED] - callTestCase(findTestCase("AHI/_include/get_screenshot"), [:], STOP_ON_FAILURE): Call Test Case 'Test Cases/AHI/_include/get_screenshot' successfully

2020-05-19 08:22:55 - [TEST_CASE][PASSED] - Test Cases/AHI/_include/get_screenshot: Test Cases/AHI/_include/get_screenshot

2020-05-19 08:22:55 - [TEST_STEP][PASSED] - Thread.sleep(1000): null

2020-05-19 08:22:56 - [TEST_STEP][PASSED] - takeScreenshot(screenPath + i + ".png"): Taking screenshot successfully

2020-05-19 08:22:56 - [MESSAGE][PASSED] - Taking screenshot successfully
[[ATTACHMENT|D:\\Test\\AgileTest\\Reports\\PrivateLabel\\PremierSMI\\20200519_080058\\../Screenshots/iPhone 6/PremierSMI/Health Choice/20200519_082226/2.png]]

2020-05-19 08:22:56 - [TEST_STEP][PASSED] - (internal.GlobalVariable.i++): null

2020-05-19 08:22:56 - [MESSAGE][PASSED] - Call Test Case 'Test Cases/AHI/_include/get_screenshot' successfully

2020-05-19 08:22:56 - [TEST_STEP][PASSED] - setText(findTestObject("mobileSanity/HBI/census/input_Location_zip-input"), zipcode): Text '35215' is set on object 'Object Repository/mobileSanity/HBI/census/input_Location_zip-input'

2020-05-19 08:22:57 - [MESSAGE][PASSED] - Text '35215' is set on object 'Object Repository/mobileSanity/HBI/census/input_Location_zip-input'

2020-05-19 08:22:57 - [TEST_STEP][PASSED] - Thread.sleep(500): null

2020-05-19 08:22:57 - [TEST_STEP][PASSED] - setText(findTestObject("mobileSanity/HBI/census/input_Date of Birth_dob-0"), "12121980"): Text '12121980' is set on object 'Object Repository/mobileSanity/HBI/census/input_Date of Birth_dob-0'

2020-05-19 08:22:58 - [MESSAGE][PASSED] - Text '12121980' is set on object 'Object Repository/mobileSanity/HBI/census/input_Date of Birth_dob-0'

2020-05-19 08:22:58 - [TEST_STEP][PASSED] - click(findTestObject("mobileSanity/HBI/census/label_Male")): Object: 'Object Repository/mobileSanity/HBI/census/label_Male' is clicked on

2020-05-19 08:22:58 - [MESSAGE][PASSED] - Object: 'Object Repository/mobileSanity/HBI/census/label_Male' is clicked on

2020-05-19 08:22:58 - [TEST_STEP][PASSED] - click(findTestObject("mobileSanity/HBI/census/label_Get a Quote")): Object: 'Object Repository/mobileSanity/HBI/census/label_Get a Quote' is clicked on

2020-05-19 08:23:01 - [MESSAGE][PASSED] - Object: 'Object Repository/mobileSanity/HBI/census/label_Get a Quote' is clicked on

2020-05-19 08:23:01 - [TEST_STEP][PASSED] - waitForPageLoad(20): Wait for page load successfully

2020-05-19 08:23:01 - [MESSAGE][PASSED] - Wait for page load successfully

2020-05-19 08:23:01 - [TEST_STEP][PASSED] - Thread.sleep(3000): null

2020-05-19 08:23:04 - [TEST_STEP][PASSED] - callTestCase(findTestCase("AHI/_include/check_quoteleadform"), [:], STOP_ON_FAILURE): Call Test Case 'Test Cases/AHI/_include/check_quoteleadform' successfully

2020-05-19 08:23:04 - [TEST_CASE][PASSED] - Test Cases/AHI/_include/check_quoteleadform: Test Cases/AHI/_include/check_quoteleadform

2020-05-19 08:23:04 - [TEST_STEP][PASSED] - callTestCase(findTestCase("AHI/_include/name"), [:], CONTINUE_ON_FAILURE): Call Test Case 'Test Cases/AHI/_include/name' successfully

2020-05-19 08:23:04 - [TEST_CASE][PASSED] - Test Cases/AHI/_include/name: Test Cases/AHI/_include/name

2020-05-19 08:23:04 - [TEST_STEP][PASSED] - driver = getWebDriver(): null

2020-05-19 08:23:04 - [TEST_STEP][PASSED] - selenium = new com.thoughtworks.selenium.webdriven.WebDriverBackedSelenium(driver, internal.GlobalVariable.ENV): null

2020-05-19 08:23:05 - [TEST_STEP][PASSED] - FirstName = "Test-123": null

2020-05-19 08:23:05 - [TEST_STEP][PASSED] - LastName = selenium.getEval("{var x="ABCDEFGHIJKLMNOPQRSTUVWXYZabcdefghijklmnopqrstuvwxyz"; var tmp="ZZ11-"; for (i=0;i<8;i++) tmp+=x.charAt(Math.ceil(51*Math.random()));tmp;}"): null

2020-05-19 08:23:05 - [TEST_STEP][PASSED] - Address = selenium.getEval("{var x="ABCDEFGHIJKLMNOPQRSTUVWXYZabcdefghijklmnopqrstuvwxyz"; var tmp=""; for (i=0;i<8;i++) tmp+=x.charAt(Math.ceil(51*Math.random()));tmp;}"): null

2020-05-19 08:23:05 - [TEST_STEP][PASSED] - City = selenium.getEval("{var x="ABCDEFGHIJKLMNOPQRSTUVWXYZabcdefghijklmnopqrstuvwxyz"; var tmp=""; for (i=0;i<8;i++) tmp+=x.charAt(Math.ceil(51*Math.random()));tmp;}"): null

2020-05-19 08:23:05 - [TEST_STEP][PASSED] - tel1 = selenium.getEval("{var x="123456789"; var tmp=""; for (i=0;i<3;i++) tmp+=x.charAt(Math.ceil(8*Math.random()));tmp;}"): null

2020-05-19 08:23:05 - [TEST_STEP][PASSED] - tel2 = selenium.getEval("{var x="123456789"; var tmp=""; for (i=0;i<3;i++) tmp+=x.charAt(Math.ceil(8*Math.random()));tmp;}"): null

2020-05-19 08:23:05 - [TEST_STEP][PASSED] - tel3 = selenium.getEval("{var x="123456789"; var tmp=""; for (i=0;i<4;i++) tmp+=x.charAt(Math.ceil(8*Math.random()));tmp;}"): null

2020-05-19 08:23:05 - [TEST_STEP][PASSED] - Tel = selenium.getExpression(tel1 + "-" + tel2 + "-" + tel3): null

2020-05-19 08:23:05 - [TEST_STEP][PASSED] - AutoEmail = selenium.getEval("{var x="ABCDEFGHIJKLMNOPQRSTUVWXYZabcdefghijklmnopqrstuvwxyz"; var tmp="test."; for (i=0;i<8;i++) tmp+=x.charAt(Math.ceil(51*Math.random()));tmp+="@suryani.cn";}"): null

2020-05-19 08:23:05 - [TEST_STEP][PASSED] - FirstName = FirstName: null

2020-05-19 08:23:05 - [TEST_STEP][PASSED] - LastName = LastName: null

2020-05-19 08:23:05 - [TEST_STEP][PASSED] - Address = Address: null

2020-05-19 08:23:05 - [TEST_STEP][PASSED] - City = City: null

2020-05-19 08:23:05 - [TEST_STEP][PASSED] - Tel = Tel: null

2020-05-19 08:23:05 - [TEST_STEP][PASSED] - AutoEmail = AutoEmail: null

2020-05-19 08:23:05 - [TEST_STEP][PASSED] - println(FirstName): null

2020-05-19 08:23:05 - [TEST_STEP][PASSED] - println(LastName): null

2020-05-19 08:23:05 - [TEST_STEP][PASSED] - println(Address): null

2020-05-19 08:23:05 - [TEST_STEP][PASSED] - println(City): null

2020-05-19 08:23:05 - [TEST_STEP][PASSED] - println(Tel): null

2020-05-19 08:23:05 - [TEST_STEP][PASSED] - println(AutoEmail): null

2020-05-19 08:23:05 - [MESSAGE][PASSED] - Call Test Case 'Test Cases/AHI/_include/name' successfully

2020-05-19 08:23:05 - [TEST_STEP][PASSED] - leadform_exist = test.MobileKeywords.isElementPresent_Web(findTestObject("mobileSanity/quote lead form/lead_form"), 20): test.MobileKeywords.isElementPresent_Web is PASSED

2020-05-19 08:23:29 - [MESSAGE][INFO] - Unable to find the element located by 'By.xpath: //*[@id = 'lightboxLeadForm']'. Please recheck the objects properties to make sure the desired element is located. 

2020-05-19 08:23:29 - [MESSAGE][PASSED] - test.MobileKeywords.isElementPresent_Web is PASSED

2020-05-19 08:23:29 - [TEST_STEP][PASSED] - if (leadform_exist): null

2020-05-19 08:23:29 - [MESSAGE][PASSED] - Call Test Case 'Test Cases/AHI/_include/check_quoteleadform' successfully

2020-05-19 08:23:29 - [TEST_STEP][PASSED] - callTestCase(findTestCase("AHI/_include/get_screenshot"), [:], STOP_ON_FAILURE): Call Test Case 'Test Cases/AHI/_include/get_screenshot' successfully

2020-05-19 08:23:29 - [TEST_CASE][PASSED] - Test Cases/AHI/_include/get_screenshot: Test Cases/AHI/_include/get_screenshot

2020-05-19 08:23:29 - [TEST_STEP][PASSED] - Thread.sleep(1000): null

2020-05-19 08:23:30 - [TEST_STEP][PASSED] - takeScreenshot(screenPath + i + ".png"): Taking screenshot successfully

2020-05-19 08:23:31 - [MESSAGE][PASSED] - Taking screenshot successfully
[[ATTACHMENT|D:\\Test\\AgileTest\\Reports\\PrivateLabel\\PremierSMI\\20200519_080058\\../Screenshots/iPhone 6/PremierSMI/Health Choice/20200519_082226/3.png]]

2020-05-19 08:23:31 - [TEST_STEP][PASSED] - (internal.GlobalVariable.i++): null

2020-05-19 08:23:31 - [MESSAGE][PASSED] - Call Test Case 'Test Cases/AHI/_include/get_screenshot' successfully

2020-05-19 08:23:31 - [MESSAGE][PASSED] - Call Test Case 'Test Cases/PL Site/_include/census_hbi' successfully

2020-05-19 08:23:31 - [TEST_STEP][PASSED] - Thread.sleep(5000): null

2020-05-19 08:23:36 - [TEST_STEP][PASSED] - scrollToPosition(200, 2300): Browser is scrolled to position x = 200, y = 2300

2020-05-19 08:23:36 - [MESSAGE][PASSED] - Browser is scrolled to position x = 200, y = 2300

2020-05-19 08:23:36 - [TEST_STEP][PASSED] - click(findTestObject("mobileSanity/HBI/quote/a_Health Choice")): Object: 'Object Repository/mobileSanity/HBI/quote/a_Health Choice' is clicked on

2020-05-19 08:23:38 - [MESSAGE][PASSED] - Object: 'Object Repository/mobileSanity/HBI/quote/a_Health Choice' is clicked on

2020-05-19 08:23:38 - [TEST_STEP][PASSED] - waitForPageLoad(10): Wait for page load successfully

2020-05-19 08:23:38 - [MESSAGE][PASSED] - Wait for page load successfully

2020-05-19 08:23:38 - [TEST_STEP][PASSED] - callTestCase(findTestCase("AHI/_include/get_screenshot"), [:], STOP_ON_FAILURE): Call Test Case 'Test Cases/AHI/_include/get_screenshot' successfully

2020-05-19 08:23:38 - [TEST_CASE][PASSED] - Test Cases/AHI/_include/get_screenshot: Test Cases/AHI/_include/get_screenshot

2020-05-19 08:23:38 - [TEST_STEP][PASSED] - Thread.sleep(1000): null

2020-05-19 08:23:39 - [TEST_STEP][PASSED] - takeScreenshot(screenPath + i + ".png"): Taking screenshot successfully

2020-05-19 08:23:39 - [MESSAGE][PASSED] - Taking screenshot successfully
[[ATTACHMENT|D:\\Test\\AgileTest\\Reports\\PrivateLabel\\PremierSMI\\20200519_080058\\../Screenshots/iPhone 6/PremierSMI/Health Choice/20200519_082226/4.png]]

2020-05-19 08:23:39 - [TEST_STEP][PASSED] - (internal.GlobalVariable.i++): null

2020-05-19 08:23:39 - [MESSAGE][PASSED] - Call Test Case 'Test Cases/AHI/_include/get_screenshot' successfully

2020-05-19 08:23:39 - [TEST_STEP][PASSED] - click(findTestObject("mobileSanity/HBI/detail/a_Apply for This Plan")): Object: 'Object Repository/mobileSanity/HBI/detail/a_Apply for This Plan' is clicked on

2020-05-19 08:23:41 - [MESSAGE][PASSED] - Object: 'Object Repository/mobileSanity/HBI/detail/a_Apply for This Plan' is clicked on

2020-05-19 08:23:41 - [TEST_STEP][PASSED] - waitForPageLoad(10): Wait for page load successfully

2020-05-19 08:23:41 - [MESSAGE][PASSED] - Wait for page load successfully

2020-05-19 08:23:41 - [TEST_STEP][PASSED] - callTestCase(findTestCase("AHI/_include/get_screenshot"), [:], STOP_ON_FAILURE): Call Test Case 'Test Cases/AHI/_include/get_screenshot' successfully

2020-05-19 08:23:41 - [TEST_CASE][PASSED] - Test Cases/AHI/_include/get_screenshot: Test Cases/AHI/_include/get_screenshot

2020-05-19 08:23:41 - [TEST_STEP][PASSED] - Thread.sleep(1000): null

2020-05-19 08:23:42 - [TEST_STEP][PASSED] - takeScreenshot(screenPath + i + ".png"): Taking screenshot successfully

2020-05-19 08:23:42 - [MESSAGE][PASSED] - Taking screenshot successfully
[[ATTACHMENT|D:\\Test\\AgileTest\\Reports\\PrivateLabel\\PremierSMI\\20200519_080058\\../Screenshots/iPhone 6/PremierSMI/Health Choice/20200519_082226/5.png]]

2020-05-19 08:23:42 - [TEST_STEP][PASSED] - (internal.GlobalVariable.i++): null

2020-05-19 08:23:42 - [MESSAGE][PASSED] - Call Test Case 'Test Cases/AHI/_include/get_screenshot' successfully

2020-05-19 08:23:42 - [TEST_STEP][PASSED] - click(findTestObject("mobileSanity/HBI/Page_Apply/span_Start Secure Application")): Object: 'Object Repository/mobileSanity/HBI/Page_Apply/span_Start Secure Application' is clicked on

2020-05-19 08:23:43 - [MESSAGE][PASSED] - Object: 'Object Repository/mobileSanity/HBI/Page_Apply/span_Start Secure Application' is clicked on

2020-05-19 08:23:43 - [TEST_STEP][PASSED] - waitForPageLoad(10): Wait for page load successfully

2020-05-19 08:23:43 - [MESSAGE][PASSED] - Wait for page load successfully

2020-05-19 08:23:43 - [TEST_STEP][PASSED] - callTestCase(findTestCase("AHI/_include/get_screenshot"), [:], STOP_ON_FAILURE): Call Test Case 'Test Cases/AHI/_include/get_screenshot' successfully

2020-05-19 08:23:43 - [TEST_CASE][PASSED] - Test Cases/AHI/_include/get_screenshot: Test Cases/AHI/_include/get_screenshot

2020-05-19 08:23:43 - [TEST_STEP][PASSED] - Thread.sleep(1000): null

2020-05-19 08:23:45 - [TEST_STEP][PASSED] - takeScreenshot(screenPath + i + ".png"): Taking screenshot successfully

2020-05-19 08:23:46 - [MESSAGE][PASSED] - Taking screenshot successfully
[[ATTACHMENT|D:\\Test\\AgileTest\\Reports\\PrivateLabel\\PremierSMI\\20200519_080058\\../Screenshots/iPhone 6/PremierSMI/Health Choice/20200519_082226/6.png]]

2020-05-19 08:23:46 - [TEST_STEP][PASSED] - (internal.GlobalVariable.i++): null

2020-05-19 08:23:46 - [MESSAGE][PASSED] - Call Test Case 'Test Cases/AHI/_include/get_screenshot' successfully

2020-05-19 08:23:46 - [TEST_STEP][PASSED] - callTestCase(findTestCase("AHI/_include/goToEnd_hbi"), ["carrier":"healthchoiceplus"], CONTINUE_ON_FAILURE): Call Test Case 'Test Cases/AHI/_include/goToEnd_hbi' successfully

2020-05-19 08:23:46 - [TEST_CASE][PASSED] - Test Cases/AHI/_include/goToEnd_hbi: Test Cases/AHI/_include/goToEnd_hbi

2020-05-19 08:23:47 - [TEST_STEP][PASSED] - if (state == "ca"): null

2020-05-19 08:23:47 - [TEST_STEP][PASSED] - callTestCase(findTestCase("AHI/_include/name"), [:], CONTINUE_ON_FAILURE): Call Test Case 'Test Cases/AHI/_include/name' successfully

2020-05-19 08:23:47 - [TEST_CASE][PASSED] - Test Cases/AHI/_include/name: Test Cases/AHI/_include/name

2020-05-19 08:23:47 - [TEST_STEP][PASSED] - driver = getWebDriver(): null

2020-05-19 08:23:47 - [TEST_STEP][PASSED] - selenium = new com.thoughtworks.selenium.webdriven.WebDriverBackedSelenium(driver, internal.GlobalVariable.ENV): null

2020-05-19 08:23:48 - [TEST_STEP][PASSED] - FirstName = "Test-123": null

2020-05-19 08:23:48 - [TEST_STEP][PASSED] - LastName = selenium.getEval("{var x="ABCDEFGHIJKLMNOPQRSTUVWXYZabcdefghijklmnopqrstuvwxyz"; var tmp="ZZ11-"; for (i=0;i<8;i++) tmp+=x.charAt(Math.ceil(51*Math.random()));tmp;}"): null

2020-05-19 08:23:48 - [TEST_STEP][PASSED] - Address = selenium.getEval("{var x="ABCDEFGHIJKLMNOPQRSTUVWXYZabcdefghijklmnopqrstuvwxyz"; var tmp=""; for (i=0;i<8;i++) tmp+=x.charAt(Math.ceil(51*Math.random()));tmp;}"): null

2020-05-19 08:23:48 - [TEST_STEP][PASSED] - City = selenium.getEval("{var x="ABCDEFGHIJKLMNOPQRSTUVWXYZabcdefghijklmnopqrstuvwxyz"; var tmp=""; for (i=0;i<8;i++) tmp+=x.charAt(Math.ceil(51*Math.random()));tmp;}"): null

2020-05-19 08:23:48 - [TEST_STEP][PASSED] - tel1 = selenium.getEval("{var x="123456789"; var tmp=""; for (i=0;i<3;i++) tmp+=x.charAt(Math.ceil(8*Math.random()));tmp;}"): null

2020-05-19 08:23:48 - [TEST_STEP][PASSED] - tel2 = selenium.getEval("{var x="123456789"; var tmp=""; for (i=0;i<3;i++) tmp+=x.charAt(Math.ceil(8*Math.random()));tmp;}"): null

2020-05-19 08:23:48 - [TEST_STEP][PASSED] - tel3 = selenium.getEval("{var x="123456789"; var tmp=""; for (i=0;i<4;i++) tmp+=x.charAt(Math.ceil(8*Math.random()));tmp;}"): null

2020-05-19 08:23:48 - [TEST_STEP][PASSED] - Tel = selenium.getExpression(tel1 + "-" + tel2 + "-" + tel3): null

2020-05-19 08:23:48 - [TEST_STEP][PASSED] - AutoEmail = selenium.getEval("{var x="ABCDEFGHIJKLMNOPQRSTUVWXYZabcdefghijklmnopqrstuvwxyz"; var tmp="test."; for (i=0;i<8;i++) tmp+=x.charAt(Math.ceil(51*Math.random()));tmp+="@suryani.cn";}"): null

2020-05-19 08:23:48 - [TEST_STEP][PASSED] - FirstName = FirstName: null

2020-05-19 08:23:48 - [TEST_STEP][PASSED] - LastName = LastName: null

2020-05-19 08:23:48 - [TEST_STEP][PASSED] - Address = Address: null

2020-05-19 08:23:48 - [TEST_STEP][PASSED] - City = City: null

2020-05-19 08:23:48 - [TEST_STEP][PASSED] - Tel = Tel: null

2020-05-19 08:23:48 - [TEST_STEP][PASSED] - AutoEmail = AutoEmail: null

2020-05-19 08:23:48 - [TEST_STEP][PASSED] - println(FirstName): null

2020-05-19 08:23:48 - [TEST_STEP][PASSED] - println(LastName): null

2020-05-19 08:23:48 - [TEST_STEP][PASSED] - println(Address): null

2020-05-19 08:23:48 - [TEST_STEP][PASSED] - println(City): null

2020-05-19 08:23:48 - [TEST_STEP][PASSED] - println(Tel): null

2020-05-19 08:23:48 - [TEST_STEP][PASSED] - println(AutoEmail): null

2020-05-19 08:23:48 - [MESSAGE][PASSED] - Call Test Case 'Test Cases/AHI/_include/name' successfully

2020-05-19 08:23:48 - [TEST_STEP][PASSED] - setText(findTestObject("mobileSanity/HBI/Page_App Page 1/input__member-P-1-firstName"), FirstName): Text 'Test-123' is set on object 'Object Repository/mobileSanity/HBI/Page_App Page 1/input__member-P-1-firstName'

2020-05-19 08:23:49 - [MESSAGE][PASSED] - Text 'Test-123' is set on object 'Object Repository/mobileSanity/HBI/Page_App Page 1/input__member-P-1-firstName'

2020-05-19 08:23:49 - [TEST_STEP][PASSED] - setText(findTestObject("mobileSanity/HBI/Page_App Page 1/input__member-P-1-lastName"), LastName): Text 'ZZ11-VpGDuucE' is set on object 'Object Repository/mobileSanity/HBI/Page_App Page 1/input__member-P-1-lastName'

2020-05-19 08:23:49 - [MESSAGE][PASSED] - Text 'ZZ11-VpGDuucE' is set on object 'Object Repository/mobileSanity/HBI/Page_App Page 1/input__member-P-1-lastName'

2020-05-19 08:23:49 - [TEST_STEP][PASSED] - if (carrier == "agileone" || carrier == "agilesecure"): null

2020-05-19 08:23:49 - [TEST_STEP][PASSED] - setText(findTestObject("mobileSanity/HBI/Page_App Page 1/input__address"), Address): Text 'vgJSwIym' is set on object 'Object Repository/mobileSanity/HBI/Page_App Page 1/input__address'

2020-05-19 08:23:50 - [MESSAGE][PASSED] - Text 'vgJSwIym' is set on object 'Object Repository/mobileSanity/HBI/Page_App Page 1/input__address'

2020-05-19 08:23:50 - [TEST_STEP][PASSED] - setText(findTestObject("mobileSanity/HBI/Page_App Page 1/input__city"), City): Text 'jLFHfHTy' is set on object 'Object Repository/mobileSanity/HBI/Page_App Page 1/input__city'

2020-05-19 08:23:50 - [MESSAGE][PASSED] - Text 'jLFHfHTy' is set on object 'Object Repository/mobileSanity/HBI/Page_App Page 1/input__city'

2020-05-19 08:23:50 - [TEST_STEP][PASSED] - setText(findTestObject("mobileSanity/HBI/Page_App Page 1/input__email"), AutoEmail): Text 'test.WiCVUxTC@suryani.cn' is set on object 'Object Repository/mobileSanity/HBI/Page_App Page 1/input__email'

2020-05-19 08:23:50 - [MESSAGE][PASSED] - Text 'test.WiCVUxTC@suryani.cn' is set on object 'Object Repository/mobileSanity/HBI/Page_App Page 1/input__email'

2020-05-19 08:23:50 - [TEST_STEP][PASSED] - setText(findTestObject("mobileSanity/HBI/Page_App Page 1/input_tel"), Tel): Text '976-876-5858' is set on object 'Object Repository/mobileSanity/HBI/Page_App Page 1/input_tel'

2020-05-19 08:23:50 - [MESSAGE][PASSED] - Text '976-876-5858' is set on object 'Object Repository/mobileSanity/HBI/Page_App Page 1/input_tel'

2020-05-19 08:23:50 - [TEST_STEP][PASSED] - Thread.sleep(5000): null

2020-05-19 08:23:56 - [TEST_STEP][PASSED] - click(findTestObject("mobileSanity/HBI/Page_App Page 1/a_Continue to Step 2 - Payment")): Object: 'Object Repository/mobileSanity/HBI/Page_App Page 1/a_Continue to Step 2 - Payment' is clicked on

2020-05-19 08:23:56 - [MESSAGE][PASSED] - Object: 'Object Repository/mobileSanity/HBI/Page_App Page 1/a_Continue to Step 2 - Payment' is clicked on

2020-05-19 08:23:56 - [TEST_STEP][PASSED] - waitForPageLoad(20): Wait for page load successfully

2020-05-19 08:23:56 - [MESSAGE][PASSED] - Wait for page load successfully

2020-05-19 08:23:56 - [TEST_STEP][PASSED] - Thread.sleep(2000): null

2020-05-19 08:23:58 - [TEST_STEP][PASSED] - waitForElementVisible(findTestObject("mobileSanity/HBI/Page_App Page 2/input__credit-card-first"), 20): Object 'Object Repository/mobileSanity/HBI/Page_App Page 2/input__credit-card-first' is visible

2020-05-19 08:23:58 - [MESSAGE][PASSED] - Object 'Object Repository/mobileSanity/HBI/Page_App Page 2/input__credit-card-first' is visible

2020-05-19 08:23:58 - [TEST_STEP][PASSED] - callTestCase(findTestCase("AHI/_include/get_screenshot"), [:], STOP_ON_FAILURE): Call Test Case 'Test Cases/AHI/_include/get_screenshot' successfully

2020-05-19 08:23:58 - [TEST_CASE][PASSED] - Test Cases/AHI/_include/get_screenshot: Test Cases/AHI/_include/get_screenshot

2020-05-19 08:23:58 - [TEST_STEP][PASSED] - Thread.sleep(1000): null

2020-05-19 08:23:59 - [TEST_STEP][PASSED] - takeScreenshot(screenPath + i + ".png"): Taking screenshot successfully

2020-05-19 08:24:00 - [MESSAGE][PASSED] - Taking screenshot successfully
[[ATTACHMENT|D:\\Test\\AgileTest\\Reports\\PrivateLabel\\PremierSMI\\20200519_080058\\../Screenshots/iPhone 6/PremierSMI/Health Choice/20200519_082226/7.png]]

2020-05-19 08:24:00 - [TEST_STEP][PASSED] - (internal.GlobalVariable.i++): null

2020-05-19 08:24:00 - [MESSAGE][PASSED] - Call Test Case 'Test Cases/AHI/_include/get_screenshot' successfully

2020-05-19 08:24:00 - [TEST_STEP][PASSED] - setText(findTestObject("mobileSanity/HBI/Page_App Page 2/input__credit-card-first"), FirstName): Text 'Test-123' is set on object 'Object Repository/mobileSanity/HBI/Page_App Page 2/input__credit-card-first'

2020-05-19 08:24:00 - [MESSAGE][PASSED] - Text 'Test-123' is set on object 'Object Repository/mobileSanity/HBI/Page_App Page 2/input__credit-card-first'

2020-05-19 08:24:00 - [TEST_STEP][PASSED] - setText(findTestObject("mobileSanity/HBI/Page_App Page 2/input__credit-card-last"), LastName): Text 'ZZ11-VpGDuucE' is set on object 'Object Repository/mobileSanity/HBI/Page_App Page 2/input__credit-card-last'

2020-05-19 08:24:00 - [MESSAGE][PASSED] - Text 'ZZ11-VpGDuucE' is set on object 'Object Repository/mobileSanity/HBI/Page_App Page 2/input__credit-card-last'

2020-05-19 08:24:00 - [TEST_STEP][PASSED] - selectOptionByValue(findTestObject("mobileSanity/HBI/Page_App Page 2/select_MM010203040506070809101"), "12", true): All options with value '12' are selected in object 'Object Repository/mobileSanity/HBI/Page_App Page 2/select_MM010203040506070809101'  using regular expression

2020-05-19 08:24:01 - [MESSAGE][PASSED] - All options with value '12' are selected in object 'Object Repository/mobileSanity/HBI/Page_App Page 2/select_MM010203040506070809101'  using regular expression

2020-05-19 08:24:01 - [TEST_STEP][PASSED] - selectOptionByValue(findTestObject("mobileSanity/HBI/Page_App Page 2/select_YYYY2019202020212022202"), "2026", true): All options with value '2026' are selected in object 'Object Repository/mobileSanity/HBI/Page_App Page 2/select_YYYY2019202020212022202'  using regular expression

2020-05-19 08:24:04 - [MESSAGE][PASSED] - All options with value '2026' are selected in object 'Object Repository/mobileSanity/HBI/Page_App Page 2/select_YYYY2019202020212022202'  using regular expression

2020-05-19 08:24:04 - [TEST_STEP][PASSED] - setText(findTestObject("mobileSanity/HBI/Page_App Page 2/input__credit-card-number"), "4111111111111111"): Text '4111111111111111' is set on object 'Object Repository/mobileSanity/HBI/Page_App Page 2/input__credit-card-number'

2020-05-19 08:24:04 - [MESSAGE][PASSED] - Text '4111111111111111' is set on object 'Object Repository/mobileSanity/HBI/Page_App Page 2/input__credit-card-number'

2020-05-19 08:24:04 - [TEST_STEP][PASSED] - setText(findTestObject("mobileSanity/HBI/Page_App Page 2/input__cvv"), "123"): Text '123' is set on object 'Object Repository/mobileSanity/HBI/Page_App Page 2/input__cvv'

2020-05-19 08:24:05 - [MESSAGE][PASSED] - Text '123' is set on object 'Object Repository/mobileSanity/HBI/Page_App Page 2/input__cvv'

2020-05-19 08:24:05 - [TEST_STEP][PASSED] - click(findTestObject("mobileSanity/HBI/Page_App Page 2/label_My billing address is th")): Object: 'Object Repository/mobileSanity/HBI/Page_App Page 2/label_My billing address is th' is clicked on

2020-05-19 08:24:05 - [MESSAGE][PASSED] - Object: 'Object Repository/mobileSanity/HBI/Page_App Page 2/label_My billing address is th' is clicked on

2020-05-19 08:24:05 - [TEST_STEP][PASSED] - click(findTestObject("mobileSanity/HBI/Page_App Page 2/label_I Accept Authorization f")): Object: 'Object Repository/mobileSanity/HBI/Page_App Page 2/label_I Accept Authorization f' is clicked on

2020-05-19 08:24:05 - [MESSAGE][PASSED] - Object: 'Object Repository/mobileSanity/HBI/Page_App Page 2/label_I Accept Authorization f' is clicked on

2020-05-19 08:24:05 - [TEST_STEP][PASSED] - click(findTestObject("mobileSanity/HBI/Page_App Page 2/a_Continue to Step 3 - Review")): Object: 'Object Repository/mobileSanity/HBI/Page_App Page 2/a_Continue to Step 3 - Review' is clicked on

2020-05-19 08:24:05 - [MESSAGE][PASSED] - Object: 'Object Repository/mobileSanity/HBI/Page_App Page 2/a_Continue to Step 3 - Review' is clicked on

2020-05-19 08:24:05 - [TEST_STEP][PASSED] - waitForPageLoad(20): Wait for page load successfully

2020-05-19 08:24:07 - [MESSAGE][PASSED] - Wait for page load successfully

2020-05-19 08:24:07 - [TEST_STEP][PASSED] - Thread.sleep(10000): null

2020-05-19 08:24:17 - [TEST_STEP][PASSED] - waitForElementPresent(findTestObject("mobileSanity/HBI/Page_App Page 3/label"), 20): Object 'Object Repository/mobileSanity/HBI/Page_App Page 3/label' is present

2020-05-19 08:24:17 - [MESSAGE][PASSED] - Object 'Object Repository/mobileSanity/HBI/Page_App Page 3/label' is present

2020-05-19 08:24:17 - [TEST_STEP][PASSED] - callTestCase(findTestCase("AHI/_include/get_screenshot"), [:], STOP_ON_FAILURE): Call Test Case 'Test Cases/AHI/_include/get_screenshot' successfully

2020-05-19 08:24:17 - [TEST_CASE][PASSED] - Test Cases/AHI/_include/get_screenshot: Test Cases/AHI/_include/get_screenshot

2020-05-19 08:24:17 - [TEST_STEP][PASSED] - Thread.sleep(1000): null

2020-05-19 08:24:18 - [TEST_STEP][PASSED] - takeScreenshot(screenPath + i + ".png"): Taking screenshot successfully

2020-05-19 08:24:19 - [MESSAGE][PASSED] - Taking screenshot successfully
[[ATTACHMENT|D:\\Test\\AgileTest\\Reports\\PrivateLabel\\PremierSMI\\20200519_080058\\../Screenshots/iPhone 6/PremierSMI/Health Choice/20200519_082226/8.png]]

2020-05-19 08:24:19 - [TEST_STEP][PASSED] - (internal.GlobalVariable.i++): null

2020-05-19 08:24:19 - [MESSAGE][PASSED] - Call Test Case 'Test Cases/AHI/_include/get_screenshot' successfully

2020-05-19 08:24:19 - [TEST_STEP][PASSED] - click(findTestObject("mobileSanity/HBI/Page_App Page 3/label")): Object: 'Object Repository/mobileSanity/HBI/Page_App Page 3/label' is clicked on

2020-05-19 08:24:21 - [MESSAGE][PASSED] - Object: 'Object Repository/mobileSanity/HBI/Page_App Page 3/label' is clicked on

2020-05-19 08:24:21 - [TEST_STEP][PASSED] - click(findTestObject("mobileSanity/HBI/Page_App Page 3/p_CLICK TO SIGN")): Object: 'Object Repository/mobileSanity/HBI/Page_App Page 3/p_CLICK TO SIGN' is clicked on

2020-05-19 08:24:21 - [MESSAGE][PASSED] - Object: 'Object Repository/mobileSanity/HBI/Page_App Page 3/p_CLICK TO SIGN' is clicked on

2020-05-19 08:24:21 - [TEST_STEP][PASSED] - click(findTestObject("mobileSanity/HBI/Page_App Page 3/a_Submit Your Application")): Object: 'Object Repository/mobileSanity/HBI/Page_App Page 3/a_Submit Your Application' is clicked on

2020-05-19 08:24:21 - [MESSAGE][PASSED] - Object: 'Object Repository/mobileSanity/HBI/Page_App Page 3/a_Submit Your Application' is clicked on

2020-05-19 08:24:21 - [TEST_STEP][PASSED] - waitForElementPresent(findTestObject("mobileSanity/Common/app-confirmation"), 20): Object 'Object Repository/mobileSanity/Common/app-confirmation' is not present after 20 second(s)

2020-05-19 08:24:45 - [MESSAGE][INFO] - Unable to find the element located by 'By.xpath: //*[@id = 'app-confirmation']'. Please recheck the objects properties to make sure the desired element is located. 

2020-05-19 08:24:45 - [MESSAGE][WARNING] - Object 'Object Repository/mobileSanity/Common/app-confirmation' is not present after 20 second(s)

2020-05-19 08:24:45 - [TEST_STEP][PASSED] - callTestCase(findTestCase("AHI/_include/get_screenshot"), [:], STOP_ON_FAILURE): Call Test Case 'Test Cases/AHI/_include/get_screenshot' successfully

2020-05-19 08:24:45 - [TEST_CASE][PASSED] - Test Cases/AHI/_include/get_screenshot: Test Cases/AHI/_include/get_screenshot

2020-05-19 08:24:45 - [TEST_STEP][PASSED] - Thread.sleep(1000): null

2020-05-19 08:24:46 - [TEST_STEP][PASSED] - takeScreenshot(screenPath + i + ".png"): Taking screenshot successfully

2020-05-19 08:24:48 - [MESSAGE][PASSED] - Taking screenshot successfully
[[ATTACHMENT|D:\\Test\\AgileTest\\Reports\\PrivateLabel\\PremierSMI\\20200519_080058\\../Screenshots/iPhone 6/PremierSMI/Health Choice/20200519_082226/9.png]]

2020-05-19 08:24:48 - [TEST_STEP][PASSED] - (internal.GlobalVariable.i++): null

2020-05-19 08:24:48 - [MESSAGE][PASSED] - Call Test Case 'Test Cases/AHI/_include/get_screenshot' successfully

2020-05-19 08:24:48 - [MESSAGE][PASSED] - Call Test Case 'Test Cases/AHI/_include/goToEnd_hbi' successfully]]></system-out>
         <system-err><![CDATA[]]></system-err>
      </testcase>
      <testcase name="Test Cases/PL Site/PremierSMI/Legion" classname="Test Cases/PL Site/PremierSMI/Legion" status="PASSED">
         <system-out><![CDATA[2020-05-19 08:24:48 - [TEST_CASE][PASSED] - Test Cases/PL Site/PremierSMI/Legion: Test Cases/PL Site/PremierSMI/Legion

2020-05-19 08:24:48 - [TEST_STEP][PASSED] - callTestCase(findTestCase("AHI/_include/get_screenPath"), ["productLine":"PremierSMI", "carrierName":"Legion"], CONTINUE_ON_FAILURE): Call Test Case 'Test Cases/AHI/_include/get_screenPath' successfully

2020-05-19 08:24:48 - [TEST_CASE][PASSED] - Test Cases/AHI/_include/get_screenPath: Test Cases/AHI/_include/get_screenPath

2020-05-19 08:24:48 - [TEST_STEP][PASSED] - m = getExecutionProperties(): null

2020-05-19 08:24:48 - [TEST_STEP][PASSED] - deviceName = get("mobileEmulation").get("deviceName"): null

2020-05-19 08:24:48 - [TEST_STEP][PASSED] - println(deviceName): null

2020-05-19 08:24:48 - [TEST_STEP][PASSED] - now = new java.util.Date(): null

2020-05-19 08:24:48 - [TEST_STEP][PASSED] - mydate = now.format("yyyyMMdd_HHmmss"): null

2020-05-19 08:24:48 - [TEST_STEP][PASSED] - screenPath = "../Screenshots/": null

2020-05-19 08:24:48 - [TEST_STEP][PASSED] - screenPath = screenPath + deviceName + "/" + productLine + "/" + carrierName + "/" + mydate + "/": null

2020-05-19 08:24:48 - [TEST_STEP][PASSED] - println(screenPath): null

2020-05-19 08:24:48 - [MESSAGE][PASSED] - Call Test Case 'Test Cases/AHI/_include/get_screenPath' successfully

2020-05-19 08:24:48 - [TEST_STEP][PASSED] - i = 0: null

2020-05-19 08:24:48 - [TEST_STEP][PASSED] - callTestCase(findTestCase("AHI/_include/openWebSite"), ["env":"https://premiersmi--qa.storefront.mybenefitskeeper.com"], STOP_ON_FAILURE): Call Test Case 'Test Cases/AHI/_include/openWebSite' successfully

2020-05-19 08:24:48 - [TEST_CASE][PASSED] - Test Cases/AHI/_include/openWebSite: Test Cases/AHI/_include/openWebSite

2020-05-19 08:24:48 - [TEST_STEP][PASSED] - openBrowser(env): Browser is opened with url: 'https://premiersmi--qa.storefront.mybenefitskeeper.com'

2020-05-19 08:24:48 - [MESSAGE][WARNING] - A browser is already opened. Closing browser and opening a new one

2020-05-19 08:24:50 - [MESSAGE][INFO] - Starting 'Chrome' driver

2020-05-19 08:24:50 - [MESSAGE][INFO] - User set preference: ['mobileEmulation', '{deviceName=iPhone 6}']

2020-05-19 08:24:50 - [MESSAGE][INFO] - User set preference: ['args', '[--incognito, --aggressive-cache-discard, --window-size=375,677, --no-sandbox, --ignore-certificate-errors]']

2020-05-19 08:25:04 - [MESSAGE][PASSED] - Browser is opened with url: 'https://premiersmi--qa.storefront.mybenefitskeeper.com'

2020-05-19 08:25:04 - [TEST_STEP][PASSED] - waitForPageLoad(20): Wait for page load successfully

2020-05-19 08:25:05 - [MESSAGE][PASSED] - Wait for page load successfully

2020-05-19 08:25:05 - [TEST_STEP][PASSED] - callTestCase(findTestCase("AHI/_include/get_screenshot"), [:], STOP_ON_FAILURE): Call Test Case 'Test Cases/AHI/_include/get_screenshot' successfully

2020-05-19 08:25:05 - [TEST_CASE][PASSED] - Test Cases/AHI/_include/get_screenshot: Test Cases/AHI/_include/get_screenshot

2020-05-19 08:25:05 - [TEST_STEP][PASSED] - Thread.sleep(1000): null

2020-05-19 08:25:06 - [TEST_STEP][PASSED] - takeScreenshot(screenPath + i + ".png"): Taking screenshot successfully

2020-05-19 08:25:06 - [MESSAGE][PASSED] - Taking screenshot successfully
[[ATTACHMENT|D:\\Test\\AgileTest\\Reports\\PrivateLabel\\PremierSMI\\20200519_080058\\../Screenshots/iPhone 6/PremierSMI/Legion/20200519_082448/0.png]]

2020-05-19 08:25:06 - [TEST_STEP][PASSED] - (internal.GlobalVariable.i++): null

2020-05-19 08:25:06 - [MESSAGE][PASSED] - Call Test Case 'Test Cases/AHI/_include/get_screenshot' successfully

2020-05-19 08:25:06 - [MESSAGE][PASSED] - Call Test Case 'Test Cases/AHI/_include/openWebSite' successfully

2020-05-19 08:25:06 - [TEST_STEP][PASSED] - callTestCase(findTestCase("PL Site/_include/census_hbi"), ["zipcode":"35215"], CONTINUE_ON_FAILURE): Call Test Case 'Test Cases/PL Site/_include/census_hbi' successfully

2020-05-19 08:25:06 - [TEST_CASE][PASSED] - Test Cases/PL Site/_include/census_hbi: Test Cases/PL Site/_include/census_hbi

2020-05-19 08:25:06 - [TEST_STEP][PASSED] - click(findTestObject("mobileSanity/Common/side_nav/menu")): Object: 'Object Repository/mobileSanity/Common/side_nav/menu' is clicked on

2020-05-19 08:25:07 - [MESSAGE][PASSED] - Object: 'Object Repository/mobileSanity/Common/side_nav/menu' is clicked on

2020-05-19 08:25:07 - [TEST_STEP][PASSED] - Thread.sleep(3000): null

2020-05-19 08:25:10 - [TEST_STEP][PASSED] - callTestCase(findTestCase("AHI/_include/get_screenshot"), [:], STOP_ON_FAILURE): Call Test Case 'Test Cases/AHI/_include/get_screenshot' successfully

2020-05-19 08:25:10 - [TEST_CASE][PASSED] - Test Cases/AHI/_include/get_screenshot: Test Cases/AHI/_include/get_screenshot

2020-05-19 08:25:10 - [TEST_STEP][PASSED] - Thread.sleep(1000): null

2020-05-19 08:25:11 - [TEST_STEP][PASSED] - takeScreenshot(screenPath + i + ".png"): Taking screenshot successfully

2020-05-19 08:25:12 - [MESSAGE][PASSED] - Taking screenshot successfully
[[ATTACHMENT|D:\\Test\\AgileTest\\Reports\\PrivateLabel\\PremierSMI\\20200519_080058\\../Screenshots/iPhone 6/PremierSMI/Legion/20200519_082448/1.png]]

2020-05-19 08:25:12 - [TEST_STEP][PASSED] - (internal.GlobalVariable.i++): null

2020-05-19 08:25:12 - [MESSAGE][PASSED] - Call Test Case 'Test Cases/AHI/_include/get_screenshot' successfully

2020-05-19 08:25:12 - [TEST_STEP][PASSED] - click(findTestObject("PLSite/pl_nav_hbi")): Object: 'Object Repository/PLSite/pl_nav_hbi' is clicked on

2020-05-19 08:25:12 - [MESSAGE][PASSED] - Object: 'Object Repository/PLSite/pl_nav_hbi' is clicked on

2020-05-19 08:25:12 - [TEST_STEP][PASSED] - waitForPageLoad(10): Wait for page load successfully

2020-05-19 08:25:12 - [MESSAGE][PASSED] - Wait for page load successfully

2020-05-19 08:25:12 - [TEST_STEP][PASSED] - Thread.sleep(3000): null

2020-05-19 08:25:15 - [TEST_STEP][PASSED] - callTestCase(findTestCase("AHI/_include/get_screenshot"), [:], STOP_ON_FAILURE): Call Test Case 'Test Cases/AHI/_include/get_screenshot' successfully

2020-05-19 08:25:16 - [TEST_CASE][PASSED] - Test Cases/AHI/_include/get_screenshot: Test Cases/AHI/_include/get_screenshot

2020-05-19 08:25:16 - [TEST_STEP][PASSED] - Thread.sleep(1000): null

2020-05-19 08:25:17 - [TEST_STEP][PASSED] - takeScreenshot(screenPath + i + ".png"): Taking screenshot successfully

2020-05-19 08:25:17 - [MESSAGE][PASSED] - Taking screenshot successfully
[[ATTACHMENT|D:\\Test\\AgileTest\\Reports\\PrivateLabel\\PremierSMI\\20200519_080058\\../Screenshots/iPhone 6/PremierSMI/Legion/20200519_082448/2.png]]

2020-05-19 08:25:17 - [TEST_STEP][PASSED] - (internal.GlobalVariable.i++): null

2020-05-19 08:25:17 - [MESSAGE][PASSED] - Call Test Case 'Test Cases/AHI/_include/get_screenshot' successfully

2020-05-19 08:25:17 - [TEST_STEP][PASSED] - setText(findTestObject("mobileSanity/HBI/census/input_Location_zip-input"), zipcode): Text '35215' is set on object 'Object Repository/mobileSanity/HBI/census/input_Location_zip-input'

2020-05-19 08:25:18 - [MESSAGE][PASSED] - Text '35215' is set on object 'Object Repository/mobileSanity/HBI/census/input_Location_zip-input'

2020-05-19 08:25:18 - [TEST_STEP][PASSED] - Thread.sleep(500): null

2020-05-19 08:25:19 - [TEST_STEP][PASSED] - setText(findTestObject("mobileSanity/HBI/census/input_Date of Birth_dob-0"), "12121980"): Text '12121980' is set on object 'Object Repository/mobileSanity/HBI/census/input_Date of Birth_dob-0'

2020-05-19 08:25:21 - [MESSAGE][PASSED] - Text '12121980' is set on object 'Object Repository/mobileSanity/HBI/census/input_Date of Birth_dob-0'

2020-05-19 08:25:21 - [TEST_STEP][PASSED] - click(findTestObject("mobileSanity/HBI/census/label_Male")): Object: 'Object Repository/mobileSanity/HBI/census/label_Male' is clicked on

2020-05-19 08:25:21 - [MESSAGE][PASSED] - Object: 'Object Repository/mobileSanity/HBI/census/label_Male' is clicked on

2020-05-19 08:25:21 - [TEST_STEP][PASSED] - click(findTestObject("mobileSanity/HBI/census/label_Get a Quote")): Object: 'Object Repository/mobileSanity/HBI/census/label_Get a Quote' is clicked on

2020-05-19 08:25:22 - [MESSAGE][PASSED] - Object: 'Object Repository/mobileSanity/HBI/census/label_Get a Quote' is clicked on

2020-05-19 08:25:22 - [TEST_STEP][PASSED] - waitForPageLoad(20): Wait for page load successfully

2020-05-19 08:25:22 - [MESSAGE][PASSED] - Wait for page load successfully

2020-05-19 08:25:22 - [TEST_STEP][PASSED] - Thread.sleep(3000): null

2020-05-19 08:25:25 - [TEST_STEP][PASSED] - callTestCase(findTestCase("AHI/_include/check_quoteleadform"), [:], STOP_ON_FAILURE): Call Test Case 'Test Cases/AHI/_include/check_quoteleadform' successfully

2020-05-19 08:25:25 - [TEST_CASE][PASSED] - Test Cases/AHI/_include/check_quoteleadform: Test Cases/AHI/_include/check_quoteleadform

2020-05-19 08:25:25 - [TEST_STEP][PASSED] - callTestCase(findTestCase("AHI/_include/name"), [:], CONTINUE_ON_FAILURE): Call Test Case 'Test Cases/AHI/_include/name' successfully

2020-05-19 08:25:25 - [TEST_CASE][PASSED] - Test Cases/AHI/_include/name: Test Cases/AHI/_include/name

2020-05-19 08:25:25 - [TEST_STEP][PASSED] - driver = getWebDriver(): null

2020-05-19 08:25:25 - [TEST_STEP][PASSED] - selenium = new com.thoughtworks.selenium.webdriven.WebDriverBackedSelenium(driver, internal.GlobalVariable.ENV): null

2020-05-19 08:25:26 - [TEST_STEP][PASSED] - FirstName = "Test-123": null

2020-05-19 08:25:26 - [TEST_STEP][PASSED] - LastName = selenium.getEval("{var x="ABCDEFGHIJKLMNOPQRSTUVWXYZabcdefghijklmnopqrstuvwxyz"; var tmp="ZZ11-"; for (i=0;i<8;i++) tmp+=x.charAt(Math.ceil(51*Math.random()));tmp;}"): null

2020-05-19 08:25:26 - [TEST_STEP][PASSED] - Address = selenium.getEval("{var x="ABCDEFGHIJKLMNOPQRSTUVWXYZabcdefghijklmnopqrstuvwxyz"; var tmp=""; for (i=0;i<8;i++) tmp+=x.charAt(Math.ceil(51*Math.random()));tmp;}"): null

2020-05-19 08:25:26 - [TEST_STEP][PASSED] - City = selenium.getEval("{var x="ABCDEFGHIJKLMNOPQRSTUVWXYZabcdefghijklmnopqrstuvwxyz"; var tmp=""; for (i=0;i<8;i++) tmp+=x.charAt(Math.ceil(51*Math.random()));tmp;}"): null

2020-05-19 08:25:26 - [TEST_STEP][PASSED] - tel1 = selenium.getEval("{var x="123456789"; var tmp=""; for (i=0;i<3;i++) tmp+=x.charAt(Math.ceil(8*Math.random()));tmp;}"): null

2020-05-19 08:25:26 - [TEST_STEP][PASSED] - tel2 = selenium.getEval("{var x="123456789"; var tmp=""; for (i=0;i<3;i++) tmp+=x.charAt(Math.ceil(8*Math.random()));tmp;}"): null

2020-05-19 08:25:26 - [TEST_STEP][PASSED] - tel3 = selenium.getEval("{var x="123456789"; var tmp=""; for (i=0;i<4;i++) tmp+=x.charAt(Math.ceil(8*Math.random()));tmp;}"): null

2020-05-19 08:25:26 - [TEST_STEP][PASSED] - Tel = selenium.getExpression(tel1 + "-" + tel2 + "-" + tel3): null

2020-05-19 08:25:26 - [TEST_STEP][PASSED] - AutoEmail = selenium.getEval("{var x="ABCDEFGHIJKLMNOPQRSTUVWXYZabcdefghijklmnopqrstuvwxyz"; var tmp="test."; for (i=0;i<8;i++) tmp+=x.charAt(Math.ceil(51*Math.random()));tmp+="@suryani.cn";}"): null

2020-05-19 08:25:26 - [TEST_STEP][PASSED] - FirstName = FirstName: null

2020-05-19 08:25:26 - [TEST_STEP][PASSED] - LastName = LastName: null

2020-05-19 08:25:26 - [TEST_STEP][PASSED] - Address = Address: null

2020-05-19 08:25:26 - [TEST_STEP][PASSED] - City = City: null

2020-05-19 08:25:26 - [TEST_STEP][PASSED] - Tel = Tel: null

2020-05-19 08:25:26 - [TEST_STEP][PASSED] - AutoEmail = AutoEmail: null

2020-05-19 08:25:26 - [TEST_STEP][PASSED] - println(FirstName): null

2020-05-19 08:25:26 - [TEST_STEP][PASSED] - println(LastName): null

2020-05-19 08:25:26 - [TEST_STEP][PASSED] - println(Address): null

2020-05-19 08:25:26 - [TEST_STEP][PASSED] - println(City): null

2020-05-19 08:25:26 - [TEST_STEP][PASSED] - println(Tel): null

2020-05-19 08:25:26 - [TEST_STEP][PASSED] - println(AutoEmail): null

2020-05-19 08:25:26 - [MESSAGE][PASSED] - Call Test Case 'Test Cases/AHI/_include/name' successfully

2020-05-19 08:25:26 - [TEST_STEP][PASSED] - leadform_exist = test.MobileKeywords.isElementPresent_Web(findTestObject("mobileSanity/quote lead form/lead_form"), 20): test.MobileKeywords.isElementPresent_Web is PASSED

2020-05-19 08:25:47 - [MESSAGE][INFO] - Unable to find the element located by 'By.xpath: //*[@id = 'lightboxLeadForm']'. Please recheck the objects properties to make sure the desired element is located. 

2020-05-19 08:25:47 - [MESSAGE][PASSED] - test.MobileKeywords.isElementPresent_Web is PASSED

2020-05-19 08:25:47 - [TEST_STEP][PASSED] - if (leadform_exist): null

2020-05-19 08:25:47 - [MESSAGE][PASSED] - Call Test Case 'Test Cases/AHI/_include/check_quoteleadform' successfully

2020-05-19 08:25:47 - [TEST_STEP][PASSED] - callTestCase(findTestCase("AHI/_include/get_screenshot"), [:], STOP_ON_FAILURE): Call Test Case 'Test Cases/AHI/_include/get_screenshot' successfully

2020-05-19 08:25:47 - [TEST_CASE][PASSED] - Test Cases/AHI/_include/get_screenshot: Test Cases/AHI/_include/get_screenshot

2020-05-19 08:25:47 - [TEST_STEP][PASSED] - Thread.sleep(1000): null

2020-05-19 08:25:48 - [TEST_STEP][PASSED] - takeScreenshot(screenPath + i + ".png"): Taking screenshot successfully

2020-05-19 08:25:50 - [MESSAGE][PASSED] - Taking screenshot successfully
[[ATTACHMENT|D:\\Test\\AgileTest\\Reports\\PrivateLabel\\PremierSMI\\20200519_080058\\../Screenshots/iPhone 6/PremierSMI/Legion/20200519_082448/3.png]]

2020-05-19 08:25:50 - [TEST_STEP][PASSED] - (internal.GlobalVariable.i++): null

2020-05-19 08:25:50 - [MESSAGE][PASSED] - Call Test Case 'Test Cases/AHI/_include/get_screenshot' successfully

2020-05-19 08:25:50 - [MESSAGE][PASSED] - Call Test Case 'Test Cases/PL Site/_include/census_hbi' successfully

2020-05-19 08:25:50 - [TEST_STEP][PASSED] - Thread.sleep(5000): null

2020-05-19 08:25:56 - [TEST_STEP][PASSED] - scrollToPosition(200, 2300): Browser is scrolled to position x = 200, y = 2300

2020-05-19 08:25:56 - [MESSAGE][PASSED] - Browser is scrolled to position x = 200, y = 2300

2020-05-19 08:25:56 - [TEST_STEP][PASSED] - click(findTestObject("mobileSanity/HBI/quote/a_Legion Limited Medical 500")): Object: 'Object Repository/mobileSanity/HBI/quote/a_Legion Limited Medical 500' is clicked on

2020-05-19 08:25:57 - [MESSAGE][PASSED] - Object: 'Object Repository/mobileSanity/HBI/quote/a_Legion Limited Medical 500' is clicked on

2020-05-19 08:25:57 - [TEST_STEP][PASSED] - waitForPageLoad(10): Wait for page load successfully

2020-05-19 08:25:57 - [MESSAGE][PASSED] - Wait for page load successfully

2020-05-19 08:25:57 - [TEST_STEP][PASSED] - callTestCase(findTestCase("AHI/_include/get_screenshot"), [:], STOP_ON_FAILURE): Call Test Case 'Test Cases/AHI/_include/get_screenshot' successfully

2020-05-19 08:25:57 - [TEST_CASE][PASSED] - Test Cases/AHI/_include/get_screenshot: Test Cases/AHI/_include/get_screenshot

2020-05-19 08:25:57 - [TEST_STEP][PASSED] - Thread.sleep(1000): null

2020-05-19 08:25:58 - [TEST_STEP][PASSED] - takeScreenshot(screenPath + i + ".png"): Taking screenshot successfully

2020-05-19 08:25:58 - [MESSAGE][PASSED] - Taking screenshot successfully
[[ATTACHMENT|D:\\Test\\AgileTest\\Reports\\PrivateLabel\\PremierSMI\\20200519_080058\\../Screenshots/iPhone 6/PremierSMI/Legion/20200519_082448/4.png]]

2020-05-19 08:25:58 - [TEST_STEP][PASSED] - (internal.GlobalVariable.i++): null

2020-05-19 08:25:58 - [MESSAGE][PASSED] - Call Test Case 'Test Cases/AHI/_include/get_screenshot' successfully

2020-05-19 08:25:58 - [TEST_STEP][PASSED] - click(findTestObject("mobileSanity/HBI/detail/a_Apply for This Plan")): Object: 'Object Repository/mobileSanity/HBI/detail/a_Apply for This Plan' is clicked on

2020-05-19 08:25:59 - [MESSAGE][PASSED] - Object: 'Object Repository/mobileSanity/HBI/detail/a_Apply for This Plan' is clicked on

2020-05-19 08:25:59 - [TEST_STEP][PASSED] - waitForPageLoad(10): Wait for page load successfully

2020-05-19 08:25:59 - [MESSAGE][PASSED] - Wait for page load successfully

2020-05-19 08:25:59 - [TEST_STEP][PASSED] - callTestCase(findTestCase("AHI/_include/get_screenshot"), [:], STOP_ON_FAILURE): Call Test Case 'Test Cases/AHI/_include/get_screenshot' successfully

2020-05-19 08:25:59 - [TEST_CASE][PASSED] - Test Cases/AHI/_include/get_screenshot: Test Cases/AHI/_include/get_screenshot

2020-05-19 08:25:59 - [TEST_STEP][PASSED] - Thread.sleep(1000): null

2020-05-19 08:26:00 - [TEST_STEP][PASSED] - takeScreenshot(screenPath + i + ".png"): Taking screenshot successfully

2020-05-19 08:26:01 - [MESSAGE][PASSED] - Taking screenshot successfully
[[ATTACHMENT|D:\\Test\\AgileTest\\Reports\\PrivateLabel\\PremierSMI\\20200519_080058\\../Screenshots/iPhone 6/PremierSMI/Legion/20200519_082448/5.png]]

2020-05-19 08:26:01 - [TEST_STEP][PASSED] - (internal.GlobalVariable.i++): null

2020-05-19 08:26:01 - [MESSAGE][PASSED] - Call Test Case 'Test Cases/AHI/_include/get_screenshot' successfully

2020-05-19 08:26:01 - [TEST_STEP][PASSED] - click(findTestObject("mobileSanity/HBI/Page_Apply/span_Start Secure Application")): Object: 'Object Repository/mobileSanity/HBI/Page_Apply/span_Start Secure Application' is clicked on

2020-05-19 08:26:02 - [MESSAGE][PASSED] - Object: 'Object Repository/mobileSanity/HBI/Page_Apply/span_Start Secure Application' is clicked on

2020-05-19 08:26:02 - [TEST_STEP][PASSED] - waitForPageLoad(10): Wait for page load successfully

2020-05-19 08:26:02 - [MESSAGE][PASSED] - Wait for page load successfully

2020-05-19 08:26:02 - [TEST_STEP][PASSED] - callTestCase(findTestCase("AHI/_include/get_screenshot"), [:], STOP_ON_FAILURE): Call Test Case 'Test Cases/AHI/_include/get_screenshot' successfully

2020-05-19 08:26:02 - [TEST_CASE][PASSED] - Test Cases/AHI/_include/get_screenshot: Test Cases/AHI/_include/get_screenshot

2020-05-19 08:26:02 - [TEST_STEP][PASSED] - Thread.sleep(1000): null

2020-05-19 08:26:03 - [TEST_STEP][PASSED] - takeScreenshot(screenPath + i + ".png"): Taking screenshot successfully

2020-05-19 08:26:04 - [MESSAGE][PASSED] - Taking screenshot successfully
[[ATTACHMENT|D:\\Test\\AgileTest\\Reports\\PrivateLabel\\PremierSMI\\20200519_080058\\../Screenshots/iPhone 6/PremierSMI/Legion/20200519_082448/6.png]]

2020-05-19 08:26:04 - [TEST_STEP][PASSED] - (internal.GlobalVariable.i++): null

2020-05-19 08:26:04 - [MESSAGE][PASSED] - Call Test Case 'Test Cases/AHI/_include/get_screenshot' successfully

2020-05-19 08:26:04 - [TEST_STEP][PASSED] - callTestCase(findTestCase("AHI/_include/goToEnd_hbi"), ["carrier":"legion"], CONTINUE_ON_FAILURE): Call Test Case 'Test Cases/AHI/_include/goToEnd_hbi' successfully

2020-05-19 08:26:04 - [TEST_CASE][PASSED] - Test Cases/AHI/_include/goToEnd_hbi: Test Cases/AHI/_include/goToEnd_hbi

2020-05-19 08:26:04 - [TEST_STEP][PASSED] - if (state == "ca"): null

2020-05-19 08:26:04 - [TEST_STEP][PASSED] - callTestCase(findTestCase("AHI/_include/name"), [:], CONTINUE_ON_FAILURE): Call Test Case 'Test Cases/AHI/_include/name' successfully

2020-05-19 08:26:04 - [TEST_CASE][PASSED] - Test Cases/AHI/_include/name: Test Cases/AHI/_include/name

2020-05-19 08:26:04 - [TEST_STEP][PASSED] - driver = getWebDriver(): null

2020-05-19 08:26:04 - [TEST_STEP][PASSED] - selenium = new com.thoughtworks.selenium.webdriven.WebDriverBackedSelenium(driver, internal.GlobalVariable.ENV): null

2020-05-19 08:26:04 - [TEST_STEP][PASSED] - FirstName = "Test-123": null

2020-05-19 08:26:04 - [TEST_STEP][PASSED] - LastName = selenium.getEval("{var x="ABCDEFGHIJKLMNOPQRSTUVWXYZabcdefghijklmnopqrstuvwxyz"; var tmp="ZZ11-"; for (i=0;i<8;i++) tmp+=x.charAt(Math.ceil(51*Math.random()));tmp;}"): null

2020-05-19 08:26:04 - [TEST_STEP][PASSED] - Address = selenium.getEval("{var x="ABCDEFGHIJKLMNOPQRSTUVWXYZabcdefghijklmnopqrstuvwxyz"; var tmp=""; for (i=0;i<8;i++) tmp+=x.charAt(Math.ceil(51*Math.random()));tmp;}"): null

2020-05-19 08:26:04 - [TEST_STEP][PASSED] - City = selenium.getEval("{var x="ABCDEFGHIJKLMNOPQRSTUVWXYZabcdefghijklmnopqrstuvwxyz"; var tmp=""; for (i=0;i<8;i++) tmp+=x.charAt(Math.ceil(51*Math.random()));tmp;}"): null

2020-05-19 08:26:04 - [TEST_STEP][PASSED] - tel1 = selenium.getEval("{var x="123456789"; var tmp=""; for (i=0;i<3;i++) tmp+=x.charAt(Math.ceil(8*Math.random()));tmp;}"): null

2020-05-19 08:26:04 - [TEST_STEP][PASSED] - tel2 = selenium.getEval("{var x="123456789"; var tmp=""; for (i=0;i<3;i++) tmp+=x.charAt(Math.ceil(8*Math.random()));tmp;}"): null

2020-05-19 08:26:04 - [TEST_STEP][PASSED] - tel3 = selenium.getEval("{var x="123456789"; var tmp=""; for (i=0;i<4;i++) tmp+=x.charAt(Math.ceil(8*Math.random()));tmp;}"): null

2020-05-19 08:26:04 - [TEST_STEP][PASSED] - Tel = selenium.getExpression(tel1 + "-" + tel2 + "-" + tel3): null

2020-05-19 08:26:04 - [TEST_STEP][PASSED] - AutoEmail = selenium.getEval("{var x="ABCDEFGHIJKLMNOPQRSTUVWXYZabcdefghijklmnopqrstuvwxyz"; var tmp="test."; for (i=0;i<8;i++) tmp+=x.charAt(Math.ceil(51*Math.random()));tmp+="@suryani.cn";}"): null

2020-05-19 08:26:04 - [TEST_STEP][PASSED] - FirstName = FirstName: null

2020-05-19 08:26:04 - [TEST_STEP][PASSED] - LastName = LastName: null

2020-05-19 08:26:04 - [TEST_STEP][PASSED] - Address = Address: null

2020-05-19 08:26:04 - [TEST_STEP][PASSED] - City = City: null

2020-05-19 08:26:04 - [TEST_STEP][PASSED] - Tel = Tel: null

2020-05-19 08:26:04 - [TEST_STEP][PASSED] - AutoEmail = AutoEmail: null

2020-05-19 08:26:04 - [TEST_STEP][PASSED] - println(FirstName): null

2020-05-19 08:26:04 - [TEST_STEP][PASSED] - println(LastName): null

2020-05-19 08:26:04 - [TEST_STEP][PASSED] - println(Address): null

2020-05-19 08:26:04 - [TEST_STEP][PASSED] - println(City): null

2020-05-19 08:26:04 - [TEST_STEP][PASSED] - println(Tel): null

2020-05-19 08:26:04 - [TEST_STEP][PASSED] - println(AutoEmail): null

2020-05-19 08:26:04 - [MESSAGE][PASSED] - Call Test Case 'Test Cases/AHI/_include/name' successfully

2020-05-19 08:26:04 - [TEST_STEP][PASSED] - setText(findTestObject("mobileSanity/HBI/Page_App Page 1/input__member-P-1-firstName"), FirstName): Text 'Test-123' is set on object 'Object Repository/mobileSanity/HBI/Page_App Page 1/input__member-P-1-firstName'

2020-05-19 08:26:05 - [MESSAGE][PASSED] - Text 'Test-123' is set on object 'Object Repository/mobileSanity/HBI/Page_App Page 1/input__member-P-1-firstName'

2020-05-19 08:26:05 - [TEST_STEP][PASSED] - setText(findTestObject("mobileSanity/HBI/Page_App Page 1/input__member-P-1-lastName"), LastName): Text 'ZZ11-kYLhOVRu' is set on object 'Object Repository/mobileSanity/HBI/Page_App Page 1/input__member-P-1-lastName'

2020-05-19 08:26:05 - [MESSAGE][PASSED] - Text 'ZZ11-kYLhOVRu' is set on object 'Object Repository/mobileSanity/HBI/Page_App Page 1/input__member-P-1-lastName'

2020-05-19 08:26:05 - [TEST_STEP][PASSED] - if (carrier == "agileone" || carrier == "agilesecure"): null

2020-05-19 08:26:05 - [TEST_STEP][PASSED] - setText(findTestObject("mobileSanity/HBI/Page_App Page 1/input__address"), Address): Text 'aIVaxfKo' is set on object 'Object Repository/mobileSanity/HBI/Page_App Page 1/input__address'

2020-05-19 08:26:05 - [MESSAGE][PASSED] - Text 'aIVaxfKo' is set on object 'Object Repository/mobileSanity/HBI/Page_App Page 1/input__address'

2020-05-19 08:26:05 - [TEST_STEP][PASSED] - setText(findTestObject("mobileSanity/HBI/Page_App Page 1/input__city"), City): Text 'RHVGeMoJ' is set on object 'Object Repository/mobileSanity/HBI/Page_App Page 1/input__city'

2020-05-19 08:26:06 - [MESSAGE][PASSED] - Text 'RHVGeMoJ' is set on object 'Object Repository/mobileSanity/HBI/Page_App Page 1/input__city'

2020-05-19 08:26:06 - [TEST_STEP][PASSED] - setText(findTestObject("mobileSanity/HBI/Page_App Page 1/input__email"), AutoEmail): Text 'test.pnKgzCQH@suryani.cn' is set on object 'Object Repository/mobileSanity/HBI/Page_App Page 1/input__email'

2020-05-19 08:26:06 - [MESSAGE][PASSED] - Text 'test.pnKgzCQH@suryani.cn' is set on object 'Object Repository/mobileSanity/HBI/Page_App Page 1/input__email'

2020-05-19 08:26:06 - [TEST_STEP][PASSED] - setText(findTestObject("mobileSanity/HBI/Page_App Page 1/input_tel"), Tel): Text '776-694-7835' is set on object 'Object Repository/mobileSanity/HBI/Page_App Page 1/input_tel'

2020-05-19 08:26:07 - [MESSAGE][PASSED] - Text '776-694-7835' is set on object 'Object Repository/mobileSanity/HBI/Page_App Page 1/input_tel'

2020-05-19 08:26:07 - [TEST_STEP][PASSED] - Thread.sleep(5000): null

2020-05-19 08:26:12 - [TEST_STEP][PASSED] - click(findTestObject("mobileSanity/HBI/Page_App Page 1/a_Continue to Step 2 - Payment")): Object: 'Object Repository/mobileSanity/HBI/Page_App Page 1/a_Continue to Step 2 - Payment' is clicked on

2020-05-19 08:26:12 - [MESSAGE][PASSED] - Object: 'Object Repository/mobileSanity/HBI/Page_App Page 1/a_Continue to Step 2 - Payment' is clicked on

2020-05-19 08:26:12 - [TEST_STEP][PASSED] - waitForPageLoad(20): Wait for page load successfully

2020-05-19 08:26:13 - [MESSAGE][PASSED] - Wait for page load successfully

2020-05-19 08:26:13 - [TEST_STEP][PASSED] - Thread.sleep(2000): null

2020-05-19 08:26:15 - [TEST_STEP][PASSED] - waitForElementVisible(findTestObject("mobileSanity/HBI/Page_App Page 2/input__credit-card-first"), 20): Object 'Object Repository/mobileSanity/HBI/Page_App Page 2/input__credit-card-first' is visible

2020-05-19 08:26:16 - [MESSAGE][PASSED] - Object 'Object Repository/mobileSanity/HBI/Page_App Page 2/input__credit-card-first' is visible

2020-05-19 08:26:16 - [TEST_STEP][PASSED] - callTestCase(findTestCase("AHI/_include/get_screenshot"), [:], STOP_ON_FAILURE): Call Test Case 'Test Cases/AHI/_include/get_screenshot' successfully

2020-05-19 08:26:16 - [TEST_CASE][PASSED] - Test Cases/AHI/_include/get_screenshot: Test Cases/AHI/_include/get_screenshot

2020-05-19 08:26:16 - [TEST_STEP][PASSED] - Thread.sleep(1000): null

2020-05-19 08:26:17 - [TEST_STEP][PASSED] - takeScreenshot(screenPath + i + ".png"): Taking screenshot successfully

2020-05-19 08:26:18 - [MESSAGE][PASSED] - Taking screenshot successfully
[[ATTACHMENT|D:\\Test\\AgileTest\\Reports\\PrivateLabel\\PremierSMI\\20200519_080058\\../Screenshots/iPhone 6/PremierSMI/Legion/20200519_082448/7.png]]

2020-05-19 08:26:18 - [TEST_STEP][PASSED] - (internal.GlobalVariable.i++): null

2020-05-19 08:26:18 - [MESSAGE][PASSED] - Call Test Case 'Test Cases/AHI/_include/get_screenshot' successfully

2020-05-19 08:26:18 - [TEST_STEP][PASSED] - setText(findTestObject("mobileSanity/HBI/Page_App Page 2/input__credit-card-first"), FirstName): Text 'Test-123' is set on object 'Object Repository/mobileSanity/HBI/Page_App Page 2/input__credit-card-first'

2020-05-19 08:26:19 - [MESSAGE][PASSED] - Text 'Test-123' is set on object 'Object Repository/mobileSanity/HBI/Page_App Page 2/input__credit-card-first'

2020-05-19 08:26:19 - [TEST_STEP][PASSED] - setText(findTestObject("mobileSanity/HBI/Page_App Page 2/input__credit-card-last"), LastName): Text 'ZZ11-kYLhOVRu' is set on object 'Object Repository/mobileSanity/HBI/Page_App Page 2/input__credit-card-last'

2020-05-19 08:26:20 - [MESSAGE][PASSED] - Text 'ZZ11-kYLhOVRu' is set on object 'Object Repository/mobileSanity/HBI/Page_App Page 2/input__credit-card-last'

2020-05-19 08:26:20 - [TEST_STEP][PASSED] - selectOptionByValue(findTestObject("mobileSanity/HBI/Page_App Page 2/select_MM010203040506070809101"), "12", true): All options with value '12' are selected in object 'Object Repository/mobileSanity/HBI/Page_App Page 2/select_MM010203040506070809101'  using regular expression

2020-05-19 08:26:21 - [MESSAGE][PASSED] - All options with value '12' are selected in object 'Object Repository/mobileSanity/HBI/Page_App Page 2/select_MM010203040506070809101'  using regular expression

2020-05-19 08:26:21 - [TEST_STEP][PASSED] - selectOptionByValue(findTestObject("mobileSanity/HBI/Page_App Page 2/select_YYYY2019202020212022202"), "2026", true): All options with value '2026' are selected in object 'Object Repository/mobileSanity/HBI/Page_App Page 2/select_YYYY2019202020212022202'  using regular expression

2020-05-19 08:26:23 - [MESSAGE][PASSED] - All options with value '2026' are selected in object 'Object Repository/mobileSanity/HBI/Page_App Page 2/select_YYYY2019202020212022202'  using regular expression

2020-05-19 08:26:23 - [TEST_STEP][PASSED] - setText(findTestObject("mobileSanity/HBI/Page_App Page 2/input__credit-card-number"), "4111111111111111"): Text '4111111111111111' is set on object 'Object Repository/mobileSanity/HBI/Page_App Page 2/input__credit-card-number'

2020-05-19 08:26:26 - [MESSAGE][PASSED] - Text '4111111111111111' is set on object 'Object Repository/mobileSanity/HBI/Page_App Page 2/input__credit-card-number'

2020-05-19 08:26:26 - [TEST_STEP][PASSED] - setText(findTestObject("mobileSanity/HBI/Page_App Page 2/input__cvv"), "123"): Text '123' is set on object 'Object Repository/mobileSanity/HBI/Page_App Page 2/input__cvv'

2020-05-19 08:26:26 - [MESSAGE][PASSED] - Text '123' is set on object 'Object Repository/mobileSanity/HBI/Page_App Page 2/input__cvv'

2020-05-19 08:26:26 - [TEST_STEP][PASSED] - click(findTestObject("mobileSanity/HBI/Page_App Page 2/label_My billing address is th")): Object: 'Object Repository/mobileSanity/HBI/Page_App Page 2/label_My billing address is th' is clicked on

2020-05-19 08:26:27 - [MESSAGE][PASSED] - Object: 'Object Repository/mobileSanity/HBI/Page_App Page 2/label_My billing address is th' is clicked on

2020-05-19 08:26:27 - [TEST_STEP][PASSED] - click(findTestObject("mobileSanity/HBI/Page_App Page 2/label_I Accept Authorization f")): Object: 'Object Repository/mobileSanity/HBI/Page_App Page 2/label_I Accept Authorization f' is clicked on

2020-05-19 08:26:27 - [MESSAGE][PASSED] - Object: 'Object Repository/mobileSanity/HBI/Page_App Page 2/label_I Accept Authorization f' is clicked on

2020-05-19 08:26:27 - [TEST_STEP][PASSED] - click(findTestObject("mobileSanity/HBI/Page_App Page 2/a_Continue to Step 3 - Review")): Object: 'Object Repository/mobileSanity/HBI/Page_App Page 2/a_Continue to Step 3 - Review' is clicked on

2020-05-19 08:26:28 - [MESSAGE][PASSED] - Object: 'Object Repository/mobileSanity/HBI/Page_App Page 2/a_Continue to Step 3 - Review' is clicked on

2020-05-19 08:26:28 - [TEST_STEP][PASSED] - waitForPageLoad(20): Wait for page load successfully

2020-05-19 08:26:28 - [MESSAGE][PASSED] - Wait for page load successfully

2020-05-19 08:26:28 - [TEST_STEP][PASSED] - Thread.sleep(10000): null

2020-05-19 08:26:38 - [TEST_STEP][PASSED] - waitForElementPresent(findTestObject("mobileSanity/HBI/Page_App Page 3/label"), 20): Object 'Object Repository/mobileSanity/HBI/Page_App Page 3/label' is present

2020-05-19 08:26:39 - [MESSAGE][PASSED] - Object 'Object Repository/mobileSanity/HBI/Page_App Page 3/label' is present

2020-05-19 08:26:39 - [TEST_STEP][PASSED] - callTestCase(findTestCase("AHI/_include/get_screenshot"), [:], STOP_ON_FAILURE): Call Test Case 'Test Cases/AHI/_include/get_screenshot' successfully

2020-05-19 08:26:39 - [TEST_CASE][PASSED] - Test Cases/AHI/_include/get_screenshot: Test Cases/AHI/_include/get_screenshot

2020-05-19 08:26:39 - [TEST_STEP][PASSED] - Thread.sleep(1000): null

2020-05-19 08:26:40 - [TEST_STEP][PASSED] - takeScreenshot(screenPath + i + ".png"): Taking screenshot successfully

2020-05-19 08:26:40 - [MESSAGE][PASSED] - Taking screenshot successfully
[[ATTACHMENT|D:\\Test\\AgileTest\\Reports\\PrivateLabel\\PremierSMI\\20200519_080058\\../Screenshots/iPhone 6/PremierSMI/Legion/20200519_082448/8.png]]

2020-05-19 08:26:40 - [TEST_STEP][PASSED] - (internal.GlobalVariable.i++): null

2020-05-19 08:26:40 - [MESSAGE][PASSED] - Call Test Case 'Test Cases/AHI/_include/get_screenshot' successfully

2020-05-19 08:26:40 - [TEST_STEP][PASSED] - click(findTestObject("mobileSanity/HBI/Page_App Page 3/label")): Object: 'Object Repository/mobileSanity/HBI/Page_App Page 3/label' is clicked on

2020-05-19 08:26:41 - [MESSAGE][PASSED] - Object: 'Object Repository/mobileSanity/HBI/Page_App Page 3/label' is clicked on

2020-05-19 08:26:41 - [TEST_STEP][PASSED] - click(findTestObject("mobileSanity/HBI/Page_App Page 3/p_CLICK TO SIGN")): Object: 'Object Repository/mobileSanity/HBI/Page_App Page 3/p_CLICK TO SIGN' is clicked on

2020-05-19 08:26:42 - [MESSAGE][PASSED] - Object: 'Object Repository/mobileSanity/HBI/Page_App Page 3/p_CLICK TO SIGN' is clicked on

2020-05-19 08:26:42 - [TEST_STEP][PASSED] - click(findTestObject("mobileSanity/HBI/Page_App Page 3/a_Submit Your Application")): Object: 'Object Repository/mobileSanity/HBI/Page_App Page 3/a_Submit Your Application' is clicked on

2020-05-19 08:26:42 - [MESSAGE][PASSED] - Object: 'Object Repository/mobileSanity/HBI/Page_App Page 3/a_Submit Your Application' is clicked on

2020-05-19 08:26:42 - [TEST_STEP][PASSED] - waitForElementPresent(findTestObject("mobileSanity/Common/app-confirmation"), 20): Object 'Object Repository/mobileSanity/Common/app-confirmation' is not present after 20 second(s)

2020-05-19 08:27:08 - [MESSAGE][INFO] - Unable to find the element located by 'By.xpath: //*[@id = 'app-confirmation']'. Please recheck the objects properties to make sure the desired element is located. 

2020-05-19 08:27:08 - [MESSAGE][WARNING] - Object 'Object Repository/mobileSanity/Common/app-confirmation' is not present after 20 second(s)

2020-05-19 08:27:08 - [TEST_STEP][PASSED] - callTestCase(findTestCase("AHI/_include/get_screenshot"), [:], STOP_ON_FAILURE): Call Test Case 'Test Cases/AHI/_include/get_screenshot' successfully

2020-05-19 08:27:09 - [TEST_CASE][PASSED] - Test Cases/AHI/_include/get_screenshot: Test Cases/AHI/_include/get_screenshot

2020-05-19 08:27:09 - [TEST_STEP][PASSED] - Thread.sleep(1000): null

2020-05-19 08:27:10 - [TEST_STEP][PASSED] - takeScreenshot(screenPath + i + ".png"): Taking screenshot successfully

2020-05-19 08:27:11 - [MESSAGE][PASSED] - Taking screenshot successfully
[[ATTACHMENT|D:\\Test\\AgileTest\\Reports\\PrivateLabel\\PremierSMI\\20200519_080058\\../Screenshots/iPhone 6/PremierSMI/Legion/20200519_082448/9.png]]

2020-05-19 08:27:11 - [TEST_STEP][PASSED] - (internal.GlobalVariable.i++): null

2020-05-19 08:27:11 - [MESSAGE][PASSED] - Call Test Case 'Test Cases/AHI/_include/get_screenshot' successfully

2020-05-19 08:27:11 - [MESSAGE][PASSED] - Call Test Case 'Test Cases/AHI/_include/goToEnd_hbi' successfully]]></system-out>
         <system-err><![CDATA[]]></system-err>
      </testcase>
      <system-out><![CDATA[2020-05-19 08:16:46 - [TEST_SUITE][PASSED] - PremierSMI: Test Cases/PL Site/PremierSMI/Legion]]></system-out>
      <system-err><![CDATA[]]></system-err>
   </testsuite>
</testsuites>
