<?xml version="1.0" encoding="UTF-8"?>
<testsuites name="teladoc" time="371" tests="0" failures="1" errors="0">
   <testsuite name="teladoc" tests="0" failures="1" errors="0" time="371" timestamp="2019-11-19 08:00:38" hostname="Administrator - 172.30.0.53" id="Test Suites/mobileWeb/teladoc">
      <properties>
         <property name="deviceName" value=""/>
         <property name="devicePlatform" value=""/>
         <property name="logFolder" value="D:\\Test\\AgileTest\\Reports\\mobileWeb\\teladoc\\20191119_080033"/>
         <property name="logFiles" value="D:\\Test\\AgileTest\\Reports\\mobileWeb\\teladoc\\20191119_080033\\execution0.log"/>
         <property name="attachments" value="D:\\Test\\AgileTest\\Reports\\mobileWeb\\teladoc\\20191119_080033\\../Screenshots/iPhone 6/teladoc/Teladoc/20191119_080041/0.png, D:\\Test\\AgileTest\\Reports\\mobileWeb\\teladoc\\20191119_080033\\../Screenshots/iPhone 6/teladoc/Teladoc/20191119_080041/1.png, D:\\Test\\AgileTest\\Reports\\mobileWeb\\teladoc\\20191119_080033\\../Screenshots/iPhone 6/teladoc/Teladoc/20191119_080041/2.png, D:\\Test\\AgileTest\\Reports\\mobileWeb\\teladoc\\20191119_080033\\../Screenshots/iPhone 6/teladoc/Teladoc/20191119_080041/3.png, D:\\Test\\AgileTest\\Reports\\mobileWeb\\teladoc\\20191119_080033\\../Screenshots/iPhone 6/teladoc/Teladoc/20191119_080041/4.png, D:\\Test\\AgileTest\\Reports\\mobileWeb\\teladoc\\20191119_080033\\1574168471293.png, D:\\Test\\AgileTest\\Reports\\mobileWeb\\teladoc\\20191119_080033\\../Screenshots/iPhone 6/teladoc/Teladoc/20191119_080041/5.png, D:\\Test\\AgileTest\\Reports\\mobileWeb\\teladoc\\20191119_080033\\1574168513108.png, D:\\Test\\AgileTest\\Reports\\mobileWeb\\teladoc\\20191119_080033\\1574168533948.png, D:\\Test\\AgileTest\\Reports\\mobileWeb\\teladoc\\20191119_080033\\1574168554776.png, D:\\Test\\AgileTest\\Reports\\mobileWeb\\teladoc\\20191119_080033\\1574168575572.png, D:\\Test\\AgileTest\\Reports\\mobileWeb\\teladoc\\20191119_080033\\1574168596376.png, D:\\Test\\AgileTest\\Reports\\mobileWeb\\teladoc\\20191119_080033\\1574168617246.png, D:\\Test\\AgileTest\\Reports\\mobileWeb\\teladoc\\20191119_080033\\1574168638082.png, D:\\Test\\AgileTest\\Reports\\mobileWeb\\teladoc\\20191119_080033\\1574168658889.png, D:\\Test\\AgileTest\\Reports\\mobileWeb\\teladoc\\20191119_080033\\1574168659317.png, D:\\Test\\AgileTest\\Reports\\mobileWeb\\teladoc\\20191119_080033\\../Screenshots/iPhone 6/teladoc/Teladoc/20191119_080041/6.png, D:\\Test\\AgileTest\\Reports\\mobileWeb\\teladoc\\20191119_080033\\1574168706027.png, D:\\Test\\AgileTest\\Reports\\mobileWeb\\teladoc\\20191119_080033\\1574168737089.png, D:\\Test\\AgileTest\\Reports\\mobileWeb\\teladoc\\20191119_080033\\1574168757942.png, D:\\Test\\AgileTest\\Reports\\mobileWeb\\teladoc\\20191119_080033\\1574168758377.png, D:\\Test\\AgileTest\\Reports\\mobileWeb\\teladoc\\20191119_080033\\../Screenshots/iPhone 6/teladoc/Teladoc/20191119_080041/7.png"/>
         <property name="hostName" value="Administrator - 172.30.0.53"/>
         <property name="os" value="Windows Server 2012 R2 64bit"/>
         <property name="katalonVersion" value="5.10.1.1"/>
         <property name="browser" value="Safari 11"/>
         <property name="hostAddress" value="172.30.0.53"/>
         <property name="sessionId" value="6f9397e78f1495569819c14b7f0d2ca5"/>
         <property name="seleniumVersion" value="3.7.1"/>
         <property name="proxyInformation" value="ProxyInformation{proxyOption=NO_PROXY, proxyServerType=HTTP, password=, proxyServerAddress=, proxyServerPort=0}"/>
         <property name="platform" value="Windows Server 2012 R2"/>
      </properties>
      <testcase name="Test Cases/mobileWeb/Teladoc" classname="Test Cases/mobileWeb/Teladoc" status="FAILED">
         <failure type="FAILED" message="Test Cases/mobileWeb/Teladoc FAILED.
Reason:
com.kms.katalon.core.exception.StepFailedException: Unable to click on object 'Object Repository/mobileSanity/Teladoc/Page_App Page 1/a_Continue to Step 2 - Payment' (Root cause: org.openqa.selenium.WebDriverException: unknown error: Element &lt;a id=&quot;js-app-continue-link&quot; type=&quot;submit&quot; href=&quot;/teladoc/application/test-teladoc-al-xh3ngmyekz/page/2&quot; class=&quot;o-btn btn btn-default&quot; data-validate=&quot;true&quot; data-formid=&quot;#js-applicant-information&quot;>...&lt;/a> is not clickable at point (186, 646). Other element would receive the click: &lt;iframe src=&quot;https://secure.livechatinc.com/licence/11465608/v2/open_chat.cgi?license=11465608&amp;amp;group=0&amp;amp;embedded=1&amp;amp;widget_version=3&amp;amp;unique_groups=0&quot; allowtransparency=&quot;true&quot; allow=&quot;autoplay&quot; id=&quot;chat-widget&quot; name=&quot;chat-widget&quot; scrolling=&quot;no&quot; role=&quot;application&quot; aria-label=&quot;LiveChat chat widget&quot; style=&quot;width: 100%; height: 100%; min-height: 0px; min-width: 0px; margin: 0px; padding: 0px; background-image: none; background-position: 0% 0%; background-size: initial; background-attachment: scroll; background-origin: initial; background-clip: initial; background-color: rgba(0, 0, 0, 0); border-width: 0px; float: none; position: absolute; top: 0px; left: 0px; bottom: 0px; right: 0px; transition: none 0s ease 0s !important;&quot;>&lt;/iframe>
  (Session info: chrome=78.0.3904.70)
  (Driver info: chromedriver=2.43.600210 (68dcf5eebde37173d4027fa8635e332711d2874a),platform=Windows NT 6.3.9600 x86_64) (WARNING: The server did not provide any stacktrace information)
Command duration or timeout: 0 milliseconds
Build info: version: '3.7.1', revision: '8a0099a', time: '2017-11-06T21:07:36.161Z'
System info: host: 'WIN-U215233FMVE', ip: '172.30.0.53', os.name: 'Windows Server 2012 R2', os.arch: 'amd64', os.version: '6.3', java.version: '1.8.0_181'
Driver info: com.kms.katalon.selenium.driver.CChromeDriver
Capabilities {acceptInsecureCerts: false, acceptSslCerts: false, applicationCacheEnabled: false, browserConnectionEnabled: false, browserName: chrome, chrome: {chromedriverVersion: 2.43.600210 (68dcf5eebde371..., userDataDir: C:\Users\ADMINI~1\AppData\L...}, cssSelectorsEnabled: true, databaseEnabled: false, goog:chromeOptions: {debuggerAddress: localhost:55495}, handlesAlerts: true, hasTouchScreen: true, javascriptEnabled: true, locationContextEnabled: true, mobileEmulationEnabled: true, nativeEvents: true, networkConnectionEnabled: false, pageLoadStrategy: normal, platform: XP, platformName: XP, rotatable: false, setWindowRect: true, takesHeapSnapshot: true, takesScreenshot: true, unexpectedAlertBehaviour: , unhandledPromptBehavior: , version: 78.0.3904.70, webStorageEnabled: true}
Session ID: 6f9397e78f1495569819c14b7f0d2ca5)
	at com.kms.katalon.core.keyword.internal.KeywordMain.stepFailed(KeywordMain.groovy:32)
	at com.kms.katalon.core.webui.keyword.internal.WebUIKeywordMain.stepFailed(WebUIKeywordMain.groovy:65)
	at com.kms.katalon.core.webui.keyword.internal.WebUIKeywordMain.runKeyword(WebUIKeywordMain.groovy:27)
	at com.kms.katalon.core.webui.keyword.builtin.ClickKeyword.click(ClickKeyword.groovy:86)
	at com.kms.katalon.core.webui.keyword.builtin.ClickKeyword.execute(ClickKeyword.groovy:67)
	at com.kms.katalon.core.keyword.internal.KeywordExecutor.executeKeywordForPlatform(KeywordExecutor.groovy:53)
	at com.kms.katalon.core.webui.keyword.WebUiBuiltInKeywords.click(WebUiBuiltInKeywords.groovy:616)
	at com.kms.katalon.core.webui.keyword.WebUiBuiltInKeywords$click$2.call(Unknown Source)
	at Teladoc.run(Teladoc:93)
	at com.kms.katalon.core.main.ScriptEngine.run(ScriptEngine.java:194)
	at com.kms.katalon.core.main.ScriptEngine.runScriptAsRawText(ScriptEngine.java:119)
	at com.kms.katalon.core.main.TestCaseExecutor.runScript(TestCaseExecutor.java:328)
	at com.kms.katalon.core.main.TestCaseExecutor.doExecute(TestCaseExecutor.java:319)
	at com.kms.katalon.core.main.TestCaseExecutor.processExecutionPhase(TestCaseExecutor.java:298)
	at com.kms.katalon.core.main.TestCaseExecutor.accessMainPhase(TestCaseExecutor.java:290)
	at com.kms.katalon.core.main.TestCaseExecutor.execute(TestCaseExecutor.java:224)
	at com.kms.katalon.core.main.TestSuiteExecutor.accessTestCaseMainPhase(TestSuiteExecutor.java:129)
	at com.kms.katalon.core.main.TestSuiteExecutor.accessTestSuiteMainPhase(TestSuiteExecutor.java:112)
	at com.kms.katalon.core.main.TestSuiteExecutor.execute(TestSuiteExecutor.java:81)
	at com.kms.katalon.core.main.TestCaseMain.startTestSuite(TestCaseMain.java:149)
	at com.kms.katalon.core.main.TestCaseMain$startTestSuite$0.call(Unknown Source)
	at TempTestSuite1574168433158.run(TempTestSuite1574168433158.groovy:36)
"/>
         <system-out><![CDATA[2019-11-19 08:00:39 - [TEST_CASE][FAILED] - Test Cases/mobileWeb/Teladoc: Test Cases/mobileWeb/Teladoc FAILED.
Reason:
com.kms.katalon.core.exception.StepFailedException: Unable to click on object 'Object Repository/mobileSanity/Teladoc/Page_App Page 1/a_Continue to Step 2 - Payment' (Root cause: org.openqa.selenium.WebDriverException: unknown error: Element <a id="js-app-continue-link" type="submit" href="/teladoc/application/test-teladoc-al-xh3ngmyekz/page/2" class="o-btn btn btn-default" data-validate="true" data-formid="#js-applicant-information">...</a> is not clickable at point (186, 646). Other element would receive the click: <iframe src="https://secure.livechatinc.com/licence/11465608/v2/open_chat.cgi?license=11465608&amp;group=0&amp;embedded=1&amp;widget_version=3&amp;unique_groups=0" allowtransparency="true" allow="autoplay" id="chat-widget" name="chat-widget" scrolling="no" role="application" aria-label="LiveChat chat widget" style="width: 100%; height: 100%; min-height: 0px; min-width: 0px; margin: 0px; padding: 0px; background-image: none; background-position: 0% 0%; background-size: initial; background-attachment: scroll; background-origin: initial; background-clip: initial; background-color: rgba(0, 0, 0, 0); border-width: 0px; float: none; position: absolute; top: 0px; left: 0px; bottom: 0px; right: 0px; transition: none 0s ease 0s !important;"></iframe>
  (Session info: chrome=78.0.3904.70)
  (Driver info: chromedriver=2.43.600210 (68dcf5eebde37173d4027fa8635e332711d2874a),platform=Windows NT 6.3.9600 x86_64) (WARNING: The server did not provide any stacktrace information)
Command duration or timeout: 0 milliseconds
Build info: version: '3.7.1', revision: '8a0099a', time: '2017-11-06T21:07:36.161Z'
System info: host: 'WIN-U215233FMVE', ip: '172.30.0.53', os.name: 'Windows Server 2012 R2', os.arch: 'amd64', os.version: '6.3', java.version: '1.8.0_181'
Driver info: com.kms.katalon.selenium.driver.CChromeDriver
Capabilities {acceptInsecureCerts: false, acceptSslCerts: false, applicationCacheEnabled: false, browserConnectionEnabled: false, browserName: chrome, chrome: {chromedriverVersion: 2.43.600210 (68dcf5eebde371..., userDataDir: C:\Users\ADMINI~1\AppData\L...}, cssSelectorsEnabled: true, databaseEnabled: false, goog:chromeOptions: {debuggerAddress: localhost:55495}, handlesAlerts: true, hasTouchScreen: true, javascriptEnabled: true, locationContextEnabled: true, mobileEmulationEnabled: true, nativeEvents: true, networkConnectionEnabled: false, pageLoadStrategy: normal, platform: XP, platformName: XP, rotatable: false, setWindowRect: true, takesHeapSnapshot: true, takesScreenshot: true, unexpectedAlertBehaviour: , unhandledPromptBehavior: , version: 78.0.3904.70, webStorageEnabled: true}
Session ID: 6f9397e78f1495569819c14b7f0d2ca5)
	at com.kms.katalon.core.keyword.internal.KeywordMain.stepFailed(KeywordMain.groovy:32)
	at com.kms.katalon.core.webui.keyword.internal.WebUIKeywordMain.stepFailed(WebUIKeywordMain.groovy:65)
	at com.kms.katalon.core.webui.keyword.internal.WebUIKeywordMain.runKeyword(WebUIKeywordMain.groovy:27)
	at com.kms.katalon.core.webui.keyword.builtin.ClickKeyword.click(ClickKeyword.groovy:86)
	at com.kms.katalon.core.webui.keyword.builtin.ClickKeyword.execute(ClickKeyword.groovy:67)
	at com.kms.katalon.core.keyword.internal.KeywordExecutor.executeKeywordForPlatform(KeywordExecutor.groovy:53)
	at com.kms.katalon.core.webui.keyword.WebUiBuiltInKeywords.click(WebUiBuiltInKeywords.groovy:616)
	at com.kms.katalon.core.webui.keyword.WebUiBuiltInKeywords$click$2.call(Unknown Source)
	at Teladoc.run(Teladoc:93)
	at com.kms.katalon.core.main.ScriptEngine.run(ScriptEngine.java:194)
	at com.kms.katalon.core.main.ScriptEngine.runScriptAsRawText(ScriptEngine.java:119)
	at com.kms.katalon.core.main.TestCaseExecutor.runScript(TestCaseExecutor.java:328)
	at com.kms.katalon.core.main.TestCaseExecutor.doExecute(TestCaseExecutor.java:319)
	at com.kms.katalon.core.main.TestCaseExecutor.processExecutionPhase(TestCaseExecutor.java:298)
	at com.kms.katalon.core.main.TestCaseExecutor.accessMainPhase(TestCaseExecutor.java:290)
	at com.kms.katalon.core.main.TestCaseExecutor.execute(TestCaseExecutor.java:224)
	at com.kms.katalon.core.main.TestSuiteExecutor.accessTestCaseMainPhase(TestSuiteExecutor.java:129)
	at com.kms.katalon.core.main.TestSuiteExecutor.accessTestSuiteMainPhase(TestSuiteExecutor.java:112)
	at com.kms.katalon.core.main.TestSuiteExecutor.execute(TestSuiteExecutor.java:81)
	at com.kms.katalon.core.main.TestCaseMain.startTestSuite(TestCaseMain.java:149)
	at com.kms.katalon.core.main.TestCaseMain$startTestSuite$0.call(Unknown Source)
	at TempTestSuite1574168433158.run(TempTestSuite1574168433158.groovy:36)


2019-11-19 08:00:40 - [TEST_STEP][PASSED] - callTestCase(findTestCase("mobileWeb/_include/get_screenPath"), ["productLine":"teladoc", "carrierName":"Teladoc"], CONTINUE_ON_FAILURE): Call Test Case 'Test Cases/mobileWeb/_include/get_screenPath' successfully

2019-11-19 08:00:40 - [TEST_CASE][PASSED] - Test Cases/mobileWeb/_include/get_screenPath: Test Cases/mobileWeb/_include/get_screenPath

2019-11-19 08:00:41 - [TEST_STEP][PASSED] - m = getExecutionProperties(): null

2019-11-19 08:00:41 - [TEST_STEP][PASSED] - deviceName = get("mobileEmulation").get("deviceName"): null

2019-11-19 08:00:41 - [TEST_STEP][PASSED] - println(deviceName): null

2019-11-19 08:00:41 - [TEST_STEP][PASSED] - now = new java.util.Date(): null

2019-11-19 08:00:41 - [TEST_STEP][PASSED] - mydate = now.format("yyyyMMdd_HHmmss"): null

2019-11-19 08:00:41 - [TEST_STEP][PASSED] - screenPath = "../Screenshots/": null

2019-11-19 08:00:41 - [TEST_STEP][PASSED] - screenPath = screenPath + deviceName + "/" + productLine + "/" + carrierName + "/" + mydate + "/": null

2019-11-19 08:00:41 - [TEST_STEP][PASSED] - println(screenPath): null

2019-11-19 08:00:41 - [MESSAGE][PASSED] - Call Test Case 'Test Cases/mobileWeb/_include/get_screenPath' successfully

2019-11-19 08:00:42 - [TEST_STEP][PASSED] - i = 0: null

2019-11-19 08:00:42 - [TEST_STEP][PASSED] - callTestCase(findTestCase("mobileWeb/_include/openWebSite"), [:], STOP_ON_FAILURE): Call Test Case 'Test Cases/mobileWeb/_include/openWebSite' successfully

2019-11-19 08:00:42 - [TEST_CASE][PASSED] - Test Cases/mobileWeb/_include/openWebSite: Test Cases/mobileWeb/_include/openWebSite

2019-11-19 08:00:42 - [TEST_STEP][PASSED] - openBrowser(env): Browser is opened with url: 'https://praetemptatus.agilehealthinsurance.com'

2019-11-19 08:00:43 - [MESSAGE][INFO] - Starting 'Chrome' driver

2019-11-19 08:00:43 - [MESSAGE][INFO] - User set preference: ['mobileEmulation', '{deviceName=iPhone 6}']

2019-11-19 08:00:43 - [MESSAGE][INFO] - User set preference: ['args', '[--incognito, --aggressive-cache-discard, --window-size=375,677, --no-sandbox]']

2019-11-19 08:00:43 - [MESSAGE][INFO] - Action delay is set to 0 seconds

2019-11-19 08:00:48 - [MESSAGE][PASSED] - Browser is opened with url: 'https://praetemptatus.agilehealthinsurance.com'

2019-11-19 08:00:48 - [TEST_STEP][PASSED] - waitForPageLoad(20): Wait for page load successfully

2019-11-19 08:00:50 - [MESSAGE][PASSED] - Wait for page load successfully

2019-11-19 08:00:50 - [TEST_STEP][PASSED] - callTestCase(findTestCase("mobileWeb/_include/get_screenshot"), [:], STOP_ON_FAILURE): Call Test Case 'Test Cases/mobileWeb/_include/get_screenshot' successfully

2019-11-19 08:00:50 - [TEST_CASE][PASSED] - Test Cases/mobileWeb/_include/get_screenshot: Test Cases/mobileWeb/_include/get_screenshot

2019-11-19 08:00:50 - [TEST_STEP][PASSED] - takeScreenshot(screenPath + i + ".png"): Taking screenshot successfully

2019-11-19 08:00:53 - [MESSAGE][PASSED] - Taking screenshot successfully
[[ATTACHMENT|D:\\Test\\AgileTest\\Reports\\mobileWeb\\teladoc\\20191119_080033\\../Screenshots/iPhone 6/teladoc/Teladoc/20191119_080041/0.png]]

2019-11-19 08:00:53 - [TEST_STEP][PASSED] - (internal.GlobalVariable.i++): null

2019-11-19 08:00:53 - [MESSAGE][PASSED] - Call Test Case 'Test Cases/mobileWeb/_include/get_screenshot' successfully

2019-11-19 08:00:53 - [MESSAGE][PASSED] - Call Test Case 'Test Cases/mobileWeb/_include/openWebSite' successfully

2019-11-19 08:00:53 - [TEST_STEP][PASSED] - click(findTestObject("mobileSanity/Common/side_nav/menu")): Object: 'Object Repository/mobileSanity/Common/side_nav/menu' is clicked on

2019-11-19 08:00:54 - [MESSAGE][PASSED] - Object: 'Object Repository/mobileSanity/Common/side_nav/menu' is clicked on

2019-11-19 08:00:54 - [TEST_STEP][PASSED] - Thread.sleep(3000): null

2019-11-19 08:00:57 - [TEST_STEP][PASSED] - callTestCase(findTestCase("mobileWeb/_include/get_screenshot"), [:], STOP_ON_FAILURE): Call Test Case 'Test Cases/mobileWeb/_include/get_screenshot' successfully

2019-11-19 08:00:57 - [TEST_CASE][PASSED] - Test Cases/mobileWeb/_include/get_screenshot: Test Cases/mobileWeb/_include/get_screenshot

2019-11-19 08:00:57 - [TEST_STEP][PASSED] - takeScreenshot(screenPath + i + ".png"): Taking screenshot successfully

2019-11-19 08:00:57 - [MESSAGE][PASSED] - Taking screenshot successfully
[[ATTACHMENT|D:\\Test\\AgileTest\\Reports\\mobileWeb\\teladoc\\20191119_080033\\../Screenshots/iPhone 6/teladoc/Teladoc/20191119_080041/1.png]]

2019-11-19 08:00:57 - [TEST_STEP][PASSED] - (internal.GlobalVariable.i++): null

2019-11-19 08:00:57 - [MESSAGE][PASSED] - Call Test Case 'Test Cases/mobileWeb/_include/get_screenshot' successfully

2019-11-19 08:00:57 - [TEST_STEP][PASSED] - click(findTestObject("mobileSanity/Common/side_nav/nav_teladoc")): Object: 'Object Repository/mobileSanity/Common/side_nav/nav_teladoc' is clicked on

2019-11-19 08:00:58 - [MESSAGE][PASSED] - Object: 'Object Repository/mobileSanity/Common/side_nav/nav_teladoc' is clicked on

2019-11-19 08:00:58 - [TEST_STEP][PASSED] - waitForPageLoad(20): Wait for page load successfully

2019-11-19 08:00:59 - [MESSAGE][PASSED] - Wait for page load successfully

2019-11-19 08:00:59 - [TEST_STEP][PASSED] - waitForElementVisible(findTestObject("mobileSanity/Teladoc/front_door_h1"), 20): Object 'Object Repository/mobileSanity/Teladoc/front_door_h1' is visible

2019-11-19 08:01:00 - [MESSAGE][PASSED] - Object 'Object Repository/mobileSanity/Teladoc/front_door_h1' is visible

2019-11-19 08:01:00 - [TEST_STEP][PASSED] - callTestCase(findTestCase("mobileWeb/_include/get_screenshot"), [:], STOP_ON_FAILURE): Call Test Case 'Test Cases/mobileWeb/_include/get_screenshot' successfully

2019-11-19 08:01:00 - [TEST_CASE][PASSED] - Test Cases/mobileWeb/_include/get_screenshot: Test Cases/mobileWeb/_include/get_screenshot

2019-11-19 08:01:00 - [TEST_STEP][PASSED] - takeScreenshot(screenPath + i + ".png"): Taking screenshot successfully

2019-11-19 08:01:00 - [MESSAGE][PASSED] - Taking screenshot successfully
[[ATTACHMENT|D:\\Test\\AgileTest\\Reports\\mobileWeb\\teladoc\\20191119_080033\\../Screenshots/iPhone 6/teladoc/Teladoc/20191119_080041/2.png]]

2019-11-19 08:01:00 - [TEST_STEP][PASSED] - (internal.GlobalVariable.i++): null

2019-11-19 08:01:00 - [MESSAGE][PASSED] - Call Test Case 'Test Cases/mobileWeb/_include/get_screenshot' successfully

2019-11-19 08:01:00 - [TEST_STEP][PASSED] - waitForElementVisible(findTestObject("mobileSanity/Teladoc/census/input_Location_zip-input"), 20): Object 'Object Repository/mobileSanity/Teladoc/census/input_Location_zip-input' is visible

2019-11-19 08:01:01 - [MESSAGE][PASSED] - Object 'Object Repository/mobileSanity/Teladoc/census/input_Location_zip-input' is visible

2019-11-19 08:01:01 - [TEST_STEP][PASSED] - sendKeys(findTestObject("mobileSanity/Teladoc/census/input_Location_zip-input"), "35215"): Keys '35215' sent to object: 'Object Repository/mobileSanity/Teladoc/census/input_Location_zip-input'

2019-11-19 08:01:01 - [MESSAGE][PASSED] - Keys '35215' sent to object: 'Object Repository/mobileSanity/Teladoc/census/input_Location_zip-input'

2019-11-19 08:01:01 - [TEST_STEP][PASSED] - Thread.sleep(500): null

2019-11-19 08:01:01 - [TEST_STEP][PASSED] - setText(findTestObject("mobileSanity/Teladoc/census/input_Date of Birth_dob-0"), "12121980"): Text '12121980' is set on object 'Object Repository/mobileSanity/Teladoc/census/input_Date of Birth_dob-0'

2019-11-19 08:01:02 - [MESSAGE][PASSED] - Text '12121980' is set on object 'Object Repository/mobileSanity/Teladoc/census/input_Date of Birth_dob-0'

2019-11-19 08:01:02 - [TEST_STEP][PASSED] - click(findTestObject("mobileSanity/Teladoc/census/label_Male")): Object: 'Object Repository/mobileSanity/Teladoc/census/label_Male' is clicked on

2019-11-19 08:01:02 - [MESSAGE][PASSED] - Object: 'Object Repository/mobileSanity/Teladoc/census/label_Male' is clicked on

2019-11-19 08:01:02 - [TEST_STEP][PASSED] - Thread.sleep(3000): null

2019-11-19 08:01:05 - [TEST_STEP][PASSED] - click(findTestObject("mobileSanity/Teladoc/census/get_a_quote")): Object: 'Object Repository/mobileSanity/Teladoc/census/get_a_quote' is clicked on

2019-11-19 08:01:05 - [MESSAGE][PASSED] - Object: 'Object Repository/mobileSanity/Teladoc/census/get_a_quote' is clicked on

2019-11-19 08:01:05 - [TEST_STEP][PASSED] - waitForPageLoad(20): Wait for page load successfully

2019-11-19 08:01:05 - [MESSAGE][PASSED] - Wait for page load successfully

2019-11-19 08:01:05 - [TEST_STEP][PASSED] - waitForElementVisible(findTestObject("mobileSanity/Teladoc/apply_button"), 20): Object 'Object Repository/mobileSanity/Teladoc/apply_button' is visible

2019-11-19 08:01:06 - [MESSAGE][PASSED] - Object 'Object Repository/mobileSanity/Teladoc/apply_button' is visible

2019-11-19 08:01:06 - [TEST_STEP][PASSED] - callTestCase(findTestCase("mobileWeb/_include/get_screenshot"), [:], STOP_ON_FAILURE): Call Test Case 'Test Cases/mobileWeb/_include/get_screenshot' successfully

2019-11-19 08:01:06 - [TEST_CASE][PASSED] - Test Cases/mobileWeb/_include/get_screenshot: Test Cases/mobileWeb/_include/get_screenshot

2019-11-19 08:01:06 - [TEST_STEP][PASSED] - takeScreenshot(screenPath + i + ".png"): Taking screenshot successfully

2019-11-19 08:01:06 - [MESSAGE][PASSED] - Taking screenshot successfully
[[ATTACHMENT|D:\\Test\\AgileTest\\Reports\\mobileWeb\\teladoc\\20191119_080033\\../Screenshots/iPhone 6/teladoc/Teladoc/20191119_080041/3.png]]

2019-11-19 08:01:06 - [TEST_STEP][PASSED] - (internal.GlobalVariable.i++): null

2019-11-19 08:01:06 - [MESSAGE][PASSED] - Call Test Case 'Test Cases/mobileWeb/_include/get_screenshot' successfully

2019-11-19 08:01:06 - [TEST_STEP][PASSED] - click(findTestObject("mobileSanity/Teladoc/apply_button")): Object: 'Object Repository/mobileSanity/Teladoc/apply_button' is clicked on

2019-11-19 08:01:07 - [MESSAGE][PASSED] - Object: 'Object Repository/mobileSanity/Teladoc/apply_button' is clicked on

2019-11-19 08:01:07 - [TEST_STEP][PASSED] - waitForPageLoad(20): Wait for page load successfully

2019-11-19 08:01:07 - [MESSAGE][PASSED] - Wait for page load successfully

2019-11-19 08:01:07 - [TEST_STEP][PASSED] - waitForElementPresent(findTestObject("mobileSanity/Teladoc/Page_App Page 1/input__member-P-1-firstName"), 20): Object 'Object Repository/mobileSanity/Teladoc/Page_App Page 1/input__member-P-1-firstName' is present

2019-11-19 08:01:08 - [MESSAGE][PASSED] - Object 'Object Repository/mobileSanity/Teladoc/Page_App Page 1/input__member-P-1-firstName' is present

2019-11-19 08:01:08 - [TEST_STEP][PASSED] - callTestCase(findTestCase("mobileWeb/_include/get_screenshot"), [:], STOP_ON_FAILURE): Call Test Case 'Test Cases/mobileWeb/_include/get_screenshot' successfully

2019-11-19 08:01:08 - [TEST_CASE][PASSED] - Test Cases/mobileWeb/_include/get_screenshot: Test Cases/mobileWeb/_include/get_screenshot

2019-11-19 08:01:08 - [TEST_STEP][PASSED] - takeScreenshot(screenPath + i + ".png"): Taking screenshot successfully

2019-11-19 08:01:08 - [MESSAGE][PASSED] - Taking screenshot successfully
[[ATTACHMENT|D:\\Test\\AgileTest\\Reports\\mobileWeb\\teladoc\\20191119_080033\\../Screenshots/iPhone 6/teladoc/Teladoc/20191119_080041/4.png]]

2019-11-19 08:01:08 - [TEST_STEP][PASSED] - (internal.GlobalVariable.i++): null

2019-11-19 08:01:08 - [MESSAGE][PASSED] - Call Test Case 'Test Cases/mobileWeb/_include/get_screenshot' successfully

2019-11-19 08:01:08 - [TEST_STEP][PASSED] - callTestCase(findTestCase("mobileWeb/_include/name"), [:], STOP_ON_FAILURE): Call Test Case 'Test Cases/mobileWeb/_include/name' successfully

2019-11-19 08:01:08 - [TEST_CASE][PASSED] - Test Cases/mobileWeb/_include/name: Test Cases/mobileWeb/_include/name

2019-11-19 08:01:08 - [TEST_STEP][PASSED] - driver = getWebDriver(): null

2019-11-19 08:01:08 - [TEST_STEP][PASSED] - selenium = new com.thoughtworks.selenium.webdriven.WebDriverBackedSelenium(driver, internal.GlobalVariable.ENV): null

2019-11-19 08:01:08 - [TEST_STEP][PASSED] - FirstName = "Test-123": null

2019-11-19 08:01:08 - [TEST_STEP][PASSED] - LastName = selenium.getEval("{var x="ABCDEFGHIJKLMNOPQRSTUVWXYZabcdefghijklmnopqrstuvwxyz"; var tmp="ZZ11-"; for (i=0;i<8;i++) tmp+=x.charAt(Math.ceil(51*Math.random()));tmp;}"): null

2019-11-19 08:01:09 - [TEST_STEP][PASSED] - Address = selenium.getEval("{var x="ABCDEFGHIJKLMNOPQRSTUVWXYZabcdefghijklmnopqrstuvwxyz"; var tmp=""; for (i=0;i<8;i++) tmp+=x.charAt(Math.ceil(51*Math.random()));tmp;}"): null

2019-11-19 08:01:09 - [TEST_STEP][PASSED] - City = selenium.getEval("{var x="ABCDEFGHIJKLMNOPQRSTUVWXYZabcdefghijklmnopqrstuvwxyz"; var tmp=""; for (i=0;i<8;i++) tmp+=x.charAt(Math.ceil(51*Math.random()));tmp;}"): null

2019-11-19 08:01:09 - [TEST_STEP][PASSED] - tel1 = selenium.getEval("{var x="123456789"; var tmp=""; for (i=0;i<3;i++) tmp+=x.charAt(Math.ceil(8*Math.random()));tmp;}"): null

2019-11-19 08:01:09 - [TEST_STEP][PASSED] - tel2 = selenium.getEval("{var x="123456789"; var tmp=""; for (i=0;i<3;i++) tmp+=x.charAt(Math.ceil(8*Math.random()));tmp;}"): null

2019-11-19 08:01:09 - [TEST_STEP][PASSED] - tel3 = selenium.getEval("{var x="123456789"; var tmp=""; for (i=0;i<4;i++) tmp+=x.charAt(Math.ceil(8*Math.random()));tmp;}"): null

2019-11-19 08:01:09 - [TEST_STEP][PASSED] - Tel = selenium.getExpression(tel1 + "-" + tel2 + "-" + tel3): null

2019-11-19 08:01:09 - [TEST_STEP][PASSED] - AutoEmail = selenium.getEval("{var x="ABCDEFGHIJKLMNOPQRSTUVWXYZabcdefghijklmnopqrstuvwxyz"; var tmp="test."; for (i=0;i<8;i++) tmp+=x.charAt(Math.ceil(51*Math.random()));tmp+="@suryani.cn";}"): null

2019-11-19 08:01:09 - [TEST_STEP][PASSED] - FirstName = FirstName: null

2019-11-19 08:01:09 - [TEST_STEP][PASSED] - LastName = LastName: null

2019-11-19 08:01:09 - [TEST_STEP][PASSED] - Address = Address: null

2019-11-19 08:01:09 - [TEST_STEP][PASSED] - City = City: null

2019-11-19 08:01:09 - [TEST_STEP][PASSED] - Tel = Tel: null

2019-11-19 08:01:09 - [TEST_STEP][PASSED] - AutoEmail = AutoEmail: null

2019-11-19 08:01:09 - [TEST_STEP][PASSED] - println(FirstName): null

2019-11-19 08:01:09 - [TEST_STEP][PASSED] - println(LastName): null

2019-11-19 08:01:09 - [TEST_STEP][PASSED] - println(Address): null

2019-11-19 08:01:09 - [TEST_STEP][PASSED] - println(City): null

2019-11-19 08:01:09 - [TEST_STEP][PASSED] - println(Tel): null

2019-11-19 08:01:09 - [TEST_STEP][PASSED] - println(AutoEmail): null

2019-11-19 08:01:09 - [MESSAGE][PASSED] - Call Test Case 'Test Cases/mobileWeb/_include/name' successfully

2019-11-19 08:01:09 - [TEST_STEP][PASSED] - setText(findTestObject("mobileSanity/Teladoc/Page_App Page 1/input__member-P-1-firstName"), FirstName): Text 'Test-123' is set on object 'Object Repository/mobileSanity/Teladoc/Page_App Page 1/input__member-P-1-firstName'

2019-11-19 08:01:09 - [MESSAGE][PASSED] - Text 'Test-123' is set on object 'Object Repository/mobileSanity/Teladoc/Page_App Page 1/input__member-P-1-firstName'

2019-11-19 08:01:09 - [TEST_STEP][PASSED] - setText(findTestObject("mobileSanity/Teladoc/Page_App Page 1/input__member-P-1-lastName"), LastName): Text 'ZZ11-NZsmHbZa' is set on object 'Object Repository/mobileSanity/Teladoc/Page_App Page 1/input__member-P-1-lastName'

2019-11-19 08:01:09 - [MESSAGE][PASSED] - Text 'ZZ11-NZsmHbZa' is set on object 'Object Repository/mobileSanity/Teladoc/Page_App Page 1/input__member-P-1-lastName'

2019-11-19 08:01:09 - [TEST_STEP][PASSED] - selectOptionByValue(findTestObject("mobileSanity/Teladoc/Page_App Page 1/select_01020304050607"), "05", true): All options with value '05' are selected in object 'Object Repository/mobileSanity/Teladoc/Page_App Page 1/select_01020304050607'  using regular expression

2019-11-19 08:01:09 - [MESSAGE][PASSED] - All options with value '05' are selected in object 'Object Repository/mobileSanity/Teladoc/Page_App Page 1/select_01020304050607'  using regular expression

2019-11-19 08:01:09 - [TEST_STEP][PASSED] - selectOptionByValue(findTestObject("mobileSanity/Teladoc/Page_App Page 1/select_00102030405060708091011"), "06", true): All options with value '06' are selected in object 'Object Repository/mobileSanity/Teladoc/Page_App Page 1/select_00102030405060708091011'  using regular expression

2019-11-19 08:01:10 - [MESSAGE][PASSED] - All options with value '06' are selected in object 'Object Repository/mobileSanity/Teladoc/Page_App Page 1/select_00102030405060708091011'  using regular expression

2019-11-19 08:01:10 - [TEST_STEP][PASSED] - setText(findTestObject("mobileSanity/Teladoc/Page_App Page 1/input_lbs"), "180"): Text '180' is set on object 'Object Repository/mobileSanity/Teladoc/Page_App Page 1/input_lbs'

2019-11-19 08:01:10 - [MESSAGE][PASSED] - Text '180' is set on object 'Object Repository/mobileSanity/Teladoc/Page_App Page 1/input_lbs'

2019-11-19 08:01:10 - [TEST_STEP][PASSED] - setText(findTestObject("mobileSanity/Teladoc/Page_App Page 1/input__address"), Address): Text 'KElyGBIj' is set on object 'Object Repository/mobileSanity/Teladoc/Page_App Page 1/input__address'

2019-11-19 08:01:10 - [MESSAGE][PASSED] - Text 'KElyGBIj' is set on object 'Object Repository/mobileSanity/Teladoc/Page_App Page 1/input__address'

2019-11-19 08:01:10 - [TEST_STEP][PASSED] - setText(findTestObject("mobileSanity/Teladoc/Page_App Page 1/input__city"), City): Text 'CWHZPDEi' is set on object 'Object Repository/mobileSanity/Teladoc/Page_App Page 1/input__city'

2019-11-19 08:01:10 - [MESSAGE][PASSED] - Text 'CWHZPDEi' is set on object 'Object Repository/mobileSanity/Teladoc/Page_App Page 1/input__city'

2019-11-19 08:01:10 - [TEST_STEP][PASSED] - setText(findTestObject("mobileSanity/Teladoc/Page_App Page 1/input__email"), AutoEmail): Text 'test.MwEFmaOE@suryani.cn' is set on object 'Object Repository/mobileSanity/Teladoc/Page_App Page 1/input__email'

2019-11-19 08:01:11 - [MESSAGE][PASSED] - Text 'test.MwEFmaOE@suryani.cn' is set on object 'Object Repository/mobileSanity/Teladoc/Page_App Page 1/input__email'

2019-11-19 08:01:11 - [TEST_STEP][PASSED] - setText(findTestObject("mobileSanity/Teladoc/Page_App Page 1/input_phone number"), Tel): Text '253-729-2933' is set on object 'Object Repository/mobileSanity/Teladoc/Page_App Page 1/input_phone number'

2019-11-19 08:01:11 - [MESSAGE][PASSED] - Text '253-729-2933' is set on object 'Object Repository/mobileSanity/Teladoc/Page_App Page 1/input_phone number'

2019-11-19 08:01:11 - [TEST_STEP][FAILED] - click(findTestObject("mobileSanity/Teladoc/Page_App Page 1/a_Continue to Step 2 - Payment")): Unable to click on object 'Object Repository/mobileSanity/Teladoc/Page_App Page 1/a_Continue to Step 2 - Payment' (Root cause: org.openqa.selenium.WebDriverException: unknown error: Element <a id="js-app-continue-link" type="submit" href="/teladoc/application/test-teladoc-al-xh3ngmyekz/page/2" class="o-btn btn btn-default" data-validate="true" data-formid="#js-applicant-information">...</a> is not clickable at point (186, 646). Other element would receive the click: <iframe src="https://secure.livechatinc.com/licence/11465608/v2/open_chat.cgi?license=11465608&amp;group=0&amp;embedded=1&amp;widget_version=3&amp;unique_groups=0" allowtransparency="true" allow="autoplay" id="chat-widget" name="chat-widget" scrolling="no" role="application" aria-label="LiveChat chat widget" style="width: 100%; height: 100%; min-height: 0px; min-width: 0px; margin: 0px; padding: 0px; background-image: none; background-position: 0% 0%; background-size: initial; background-attachment: scroll; background-origin: initial; background-clip: initial; background-color: rgba(0, 0, 0, 0); border-width: 0px; float: none; position: absolute; top: 0px; left: 0px; bottom: 0px; right: 0px; transition: none 0s ease 0s !important;"></iframe>
  (Session info: chrome=78.0.3904.70)
  (Driver info: chromedriver=2.43.600210 (68dcf5eebde37173d4027fa8635e332711d2874a),platform=Windows NT 6.3.9600 x86_64) (WARNING: The server did not provide any stacktrace information)
Command duration or timeout: 0 milliseconds
Build info: version: '3.7.1', revision: '8a0099a', time: '2017-11-06T21:07:36.161Z'
System info: host: 'WIN-U215233FMVE', ip: '172.30.0.53', os.name: 'Windows Server 2012 R2', os.arch: 'amd64', os.version: '6.3', java.version: '1.8.0_181'
Driver info: com.kms.katalon.selenium.driver.CChromeDriver
Capabilities {acceptInsecureCerts: false, acceptSslCerts: false, applicationCacheEnabled: false, browserConnectionEnabled: false, browserName: chrome, chrome: {chromedriverVersion: 2.43.600210 (68dcf5eebde371..., userDataDir: C:\Users\ADMINI~1\AppData\L...}, cssSelectorsEnabled: true, databaseEnabled: false, goog:chromeOptions: {debuggerAddress: localhost:55495}, handlesAlerts: true, hasTouchScreen: true, javascriptEnabled: true, locationContextEnabled: true, mobileEmulationEnabled: true, nativeEvents: true, networkConnectionEnabled: false, pageLoadStrategy: normal, platform: XP, platformName: XP, rotatable: false, setWindowRect: true, takesHeapSnapshot: true, takesScreenshot: true, unexpectedAlertBehaviour: , unhandledPromptBehavior: , version: 78.0.3904.70, webStorageEnabled: true}
Session ID: 6f9397e78f1495569819c14b7f0d2ca5)

2019-11-19 08:01:11 - [MESSAGE][FAILED] - Unable to click on object 'Object Repository/mobileSanity/Teladoc/Page_App Page 1/a_Continue to Step 2 - Payment' (Root cause: org.openqa.selenium.WebDriverException: unknown error: Element <a id="js-app-continue-link" type="submit" href="/teladoc/application/test-teladoc-al-xh3ngmyekz/page/2" class="o-btn btn btn-default" data-validate="true" data-formid="#js-applicant-information">...</a> is not clickable at point (186, 646). Other element would receive the click: <iframe src="https://secure.livechatinc.com/licence/11465608/v2/open_chat.cgi?license=11465608&amp;group=0&amp;embedded=1&amp;widget_version=3&amp;unique_groups=0" allowtransparency="true" allow="autoplay" id="chat-widget" name="chat-widget" scrolling="no" role="application" aria-label="LiveChat chat widget" style="width: 100%; height: 100%; min-height: 0px; min-width: 0px; margin: 0px; padding: 0px; background-image: none; background-position: 0% 0%; background-size: initial; background-attachment: scroll; background-origin: initial; background-clip: initial; background-color: rgba(0, 0, 0, 0); border-width: 0px; float: none; position: absolute; top: 0px; left: 0px; bottom: 0px; right: 0px; transition: none 0s ease 0s !important;"></iframe>
  (Session info: chrome=78.0.3904.70)
  (Driver info: chromedriver=2.43.600210 (68dcf5eebde37173d4027fa8635e332711d2874a),platform=Windows NT 6.3.9600 x86_64) (WARNING: The server did not provide any stacktrace information)
Command duration or timeout: 0 milliseconds
Build info: version: '3.7.1', revision: '8a0099a', time: '2017-11-06T21:07:36.161Z'
System info: host: 'WIN-U215233FMVE', ip: '172.30.0.53', os.name: 'Windows Server 2012 R2', os.arch: 'amd64', os.version: '6.3', java.version: '1.8.0_181'
Driver info: com.kms.katalon.selenium.driver.CChromeDriver
Capabilities {acceptInsecureCerts: false, acceptSslCerts: false, applicationCacheEnabled: false, browserConnectionEnabled: false, browserName: chrome, chrome: {chromedriverVersion: 2.43.600210 (68dcf5eebde371..., userDataDir: C:\Users\ADMINI~1\AppData\L...}, cssSelectorsEnabled: true, databaseEnabled: false, goog:chromeOptions: {debuggerAddress: localhost:55495}, handlesAlerts: true, hasTouchScreen: true, javascriptEnabled: true, locationContextEnabled: true, mobileEmulationEnabled: true, nativeEvents: true, networkConnectionEnabled: false, pageLoadStrategy: normal, platform: XP, platformName: XP, rotatable: false, setWindowRect: true, takesHeapSnapshot: true, takesScreenshot: true, unexpectedAlertBehaviour: , unhandledPromptBehavior: , version: 78.0.3904.70, webStorageEnabled: true}
Session ID: 6f9397e78f1495569819c14b7f0d2ca5)
[[ATTACHMENT|D:\\Test\\AgileTest\\Reports\\mobileWeb\\teladoc\\20191119_080033\\1574168471293.png]]

2019-11-19 08:01:11 - [TEST_STEP][PASSED] - waitForPageLoad(20): Wait for page load successfully

2019-11-19 08:01:11 - [MESSAGE][PASSED] - Wait for page load successfully

2019-11-19 08:01:11 - [TEST_STEP][PASSED] - waitForElementVisible(findTestObject("mobileSanity/Teladoc/Page_App Page 2/input__credit-card-first"), 20): Web element with id: 'Object Repository/mobileSanity/Teladoc/Page_App Page 2/input__credit-card-first' located by 'By.xpath: //input[@type = 'text' and @id = 'credit-card-first']' not found

2019-11-19 08:01:32 - [MESSAGE][INFO] - Unable to find the element located by 'By.xpath: //input[@type = 'text' and @id = 'credit-card-first']'. Please recheck the objects properties to make sure the desired element is located. 

2019-11-19 08:01:32 - [MESSAGE][WARNING] - Web element with id: 'Object Repository/mobileSanity/Teladoc/Page_App Page 2/input__credit-card-first' located by 'By.xpath: //input[@type = 'text' and @id = 'credit-card-first']' not found

2019-11-19 08:01:32 - [TEST_STEP][PASSED] - callTestCase(findTestCase("mobileWeb/_include/get_screenshot"), [:], STOP_ON_FAILURE): Call Test Case 'Test Cases/mobileWeb/_include/get_screenshot' successfully

2019-11-19 08:01:32 - [TEST_CASE][PASSED] - Test Cases/mobileWeb/_include/get_screenshot: Test Cases/mobileWeb/_include/get_screenshot

2019-11-19 08:01:32 - [TEST_STEP][PASSED] - takeScreenshot(screenPath + i + ".png"): Taking screenshot successfully

2019-11-19 08:01:32 - [MESSAGE][PASSED] - Taking screenshot successfully
[[ATTACHMENT|D:\\Test\\AgileTest\\Reports\\mobileWeb\\teladoc\\20191119_080033\\../Screenshots/iPhone 6/teladoc/Teladoc/20191119_080041/5.png]]

2019-11-19 08:01:32 - [TEST_STEP][PASSED] - (internal.GlobalVariable.i++): null

2019-11-19 08:01:32 - [MESSAGE][PASSED] - Call Test Case 'Test Cases/mobileWeb/_include/get_screenshot' successfully

2019-11-19 08:01:32 - [TEST_STEP][FAILED] - setText(findTestObject("mobileSanity/Teladoc/Page_App Page 2/input__credit-card-first"), FirstName): Unable to set text 'Test-123' of object 'Object Repository/mobileSanity/Teladoc/Page_App Page 2/input__credit-card-first' (Root cause: com.kms.katalon.core.webui.exception.WebElementNotFoundException: Web element with id: 'Object Repository/mobileSanity/Teladoc/Page_App Page 2/input__credit-card-first' located by 'By.xpath: //input[@type = 'text' and @id = 'credit-card-first']' not found)

2019-11-19 08:01:53 - [MESSAGE][INFO] - Unable to find the element located by 'By.xpath: //input[@type = 'text' and @id = 'credit-card-first']'. Please recheck the objects properties to make sure the desired element is located. 

2019-11-19 08:01:53 - [MESSAGE][FAILED] - Unable to set text 'Test-123' of object 'Object Repository/mobileSanity/Teladoc/Page_App Page 2/input__credit-card-first' (Root cause: com.kms.katalon.core.webui.exception.WebElementNotFoundException: Web element with id: 'Object Repository/mobileSanity/Teladoc/Page_App Page 2/input__credit-card-first' located by 'By.xpath: //input[@type = 'text' and @id = 'credit-card-first']' not found)
[[ATTACHMENT|D:\\Test\\AgileTest\\Reports\\mobileWeb\\teladoc\\20191119_080033\\1574168513108.png]]

2019-11-19 08:01:53 - [TEST_STEP][FAILED] - setText(findTestObject("mobileSanity/Teladoc/Page_App Page 2/input__credit-card-last"), LastName): Unable to set text 'ZZ11-NZsmHbZa' of object 'Object Repository/mobileSanity/Teladoc/Page_App Page 2/input__credit-card-last' (Root cause: com.kms.katalon.core.webui.exception.WebElementNotFoundException: Web element with id: 'Object Repository/mobileSanity/Teladoc/Page_App Page 2/input__credit-card-last' located by 'By.xpath: //input[@type = 'text' and @id = 'credit-card-last']' not found)

2019-11-19 08:02:13 - [MESSAGE][INFO] - Unable to find the element located by 'By.xpath: //input[@type = 'text' and @id = 'credit-card-last']'. Please recheck the objects properties to make sure the desired element is located. 

2019-11-19 08:02:14 - [MESSAGE][FAILED] - Unable to set text 'ZZ11-NZsmHbZa' of object 'Object Repository/mobileSanity/Teladoc/Page_App Page 2/input__credit-card-last' (Root cause: com.kms.katalon.core.webui.exception.WebElementNotFoundException: Web element with id: 'Object Repository/mobileSanity/Teladoc/Page_App Page 2/input__credit-card-last' located by 'By.xpath: //input[@type = 'text' and @id = 'credit-card-last']' not found)
[[ATTACHMENT|D:\\Test\\AgileTest\\Reports\\mobileWeb\\teladoc\\20191119_080033\\1574168533948.png]]

2019-11-19 08:02:14 - [TEST_STEP][FAILED] - selectOptionByValue(findTestObject("mobileSanity/Teladoc/Page_App Page 2/select_MM010203040506070809101"), "12", true): Unable to select option by value '12' of object 'Object Repository/mobileSanity/Teladoc/Page_App Page 2/select_MM010203040506070809101'  using regular expression (Root cause: com.kms.katalon.core.webui.exception.WebElementNotFoundException: Web element with id: 'Object Repository/mobileSanity/Teladoc/Page_App Page 2/select_MM010203040506070809101' located by 'By.xpath: //select[@id = 'expiration-month' and (text() = 'MM010203040506070809101112' or . = 'MM010203040506070809101112')]' not found)

2019-11-19 08:02:34 - [MESSAGE][INFO] - Unable to find the element located by 'By.xpath: //select[@id = 'expiration-month' and (text() = 'MM010203040506070809101112' or . = 'MM010203040506070809101112')]'. Please recheck the objects properties to make sure the desired element is located. 

2019-11-19 08:02:35 - [MESSAGE][FAILED] - Unable to select option by value '12' of object 'Object Repository/mobileSanity/Teladoc/Page_App Page 2/select_MM010203040506070809101'  using regular expression (Root cause: com.kms.katalon.core.webui.exception.WebElementNotFoundException: Web element with id: 'Object Repository/mobileSanity/Teladoc/Page_App Page 2/select_MM010203040506070809101' located by 'By.xpath: //select[@id = 'expiration-month' and (text() = 'MM010203040506070809101112' or . = 'MM010203040506070809101112')]' not found)
[[ATTACHMENT|D:\\Test\\AgileTest\\Reports\\mobileWeb\\teladoc\\20191119_080033\\1574168554776.png]]

2019-11-19 08:02:35 - [TEST_STEP][FAILED] - selectOptionByValue(findTestObject("mobileSanity/Teladoc/Page_App Page 2/select_YYYY2019202020212022202"), "2026", true): Unable to select option by value '2026' of object 'Object Repository/mobileSanity/Teladoc/Page_App Page 2/select_YYYY2019202020212022202'  using regular expression (Root cause: com.kms.katalon.core.webui.exception.WebElementNotFoundException: Web element with id: 'Object Repository/mobileSanity/Teladoc/Page_App Page 2/select_YYYY2019202020212022202' located by 'By.xpath: //select[@id = 'expiration-year' and (text() = 'YYYY20192020202120222023202420252026202720282029' or . = 'YYYY20192020202120222023202420252026202720282029')]' not found)

2019-11-19 08:02:55 - [MESSAGE][INFO] - Unable to find the element located by 'By.xpath: //select[@id = 'expiration-year' and (text() = 'YYYY20192020202120222023202420252026202720282029' or . = 'YYYY20192020202120222023202420252026202720282029')]'. Please recheck the objects properties to make sure the desired element is located. 

2019-11-19 08:02:55 - [MESSAGE][FAILED] - Unable to select option by value '2026' of object 'Object Repository/mobileSanity/Teladoc/Page_App Page 2/select_YYYY2019202020212022202'  using regular expression (Root cause: com.kms.katalon.core.webui.exception.WebElementNotFoundException: Web element with id: 'Object Repository/mobileSanity/Teladoc/Page_App Page 2/select_YYYY2019202020212022202' located by 'By.xpath: //select[@id = 'expiration-year' and (text() = 'YYYY20192020202120222023202420252026202720282029' or . = 'YYYY20192020202120222023202420252026202720282029')]' not found)
[[ATTACHMENT|D:\\Test\\AgileTest\\Reports\\mobileWeb\\teladoc\\20191119_080033\\1574168575572.png]]

2019-11-19 08:02:55 - [TEST_STEP][FAILED] - setText(findTestObject("mobileSanity/Teladoc/Page_App Page 2/input__credit-card-number"), "4111111111111111"): Unable to set text '4111111111111111' of object 'Object Repository/mobileSanity/Teladoc/Page_App Page 2/input__credit-card-number' (Root cause: com.kms.katalon.core.webui.exception.WebElementNotFoundException: Web element with id: 'Object Repository/mobileSanity/Teladoc/Page_App Page 2/input__credit-card-number' located by 'By.xpath: //*[@id = 'credit-card-number']' not found)

2019-11-19 08:03:16 - [MESSAGE][INFO] - Unable to find the element located by 'By.xpath: //*[@id = 'credit-card-number']'. Please recheck the objects properties to make sure the desired element is located. 

2019-11-19 08:03:16 - [MESSAGE][FAILED] - Unable to set text '4111111111111111' of object 'Object Repository/mobileSanity/Teladoc/Page_App Page 2/input__credit-card-number' (Root cause: com.kms.katalon.core.webui.exception.WebElementNotFoundException: Web element with id: 'Object Repository/mobileSanity/Teladoc/Page_App Page 2/input__credit-card-number' located by 'By.xpath: //*[@id = 'credit-card-number']' not found)
[[ATTACHMENT|D:\\Test\\AgileTest\\Reports\\mobileWeb\\teladoc\\20191119_080033\\1574168596376.png]]

2019-11-19 08:03:16 - [TEST_STEP][FAILED] - setText(findTestObject("mobileSanity/Teladoc/Page_App Page 2/input__credit-card-cvv"), "122"): Unable to set text '122' of object 'Object Repository/mobileSanity/Teladoc/Page_App Page 2/input__credit-card-cvv' (Root cause: com.kms.katalon.core.webui.exception.WebElementNotFoundException: Web element with id: 'Object Repository/mobileSanity/Teladoc/Page_App Page 2/input__credit-card-cvv' located by 'By.xpath: //*[@id = 'credit-card-cvv']' not found)

2019-11-19 08:03:37 - [MESSAGE][INFO] - Unable to find the element located by 'By.xpath: //*[@id = 'credit-card-cvv']'. Please recheck the objects properties to make sure the desired element is located. 

2019-11-19 08:03:37 - [MESSAGE][FAILED] - Unable to set text '122' of object 'Object Repository/mobileSanity/Teladoc/Page_App Page 2/input__credit-card-cvv' (Root cause: com.kms.katalon.core.webui.exception.WebElementNotFoundException: Web element with id: 'Object Repository/mobileSanity/Teladoc/Page_App Page 2/input__credit-card-cvv' located by 'By.xpath: //*[@id = 'credit-card-cvv']' not found)
[[ATTACHMENT|D:\\Test\\AgileTest\\Reports\\mobileWeb\\teladoc\\20191119_080033\\1574168617246.png]]

2019-11-19 08:03:37 - [TEST_STEP][FAILED] - click(findTestObject("mobileSanity/Teladoc/Page_App Page 2/label_My billing address is th")): Unable to click on object 'Object Repository/mobileSanity/Teladoc/Page_App Page 2/label_My billing address is th' (Root cause: com.kms.katalon.core.webui.exception.WebElementNotFoundException: Web element with id: 'Object Repository/mobileSanity/Teladoc/Page_App Page 2/label_My billing address is th' located by 'By.xpath: //label[(text() = 'My billing address is the same as my contact information address.' or . = 'My billing address is the same as my contact information address.')]' not found)

2019-11-19 08:03:58 - [MESSAGE][INFO] - Unable to find the element located by 'By.xpath: //label[(text() = 'My billing address is the same as my contact information address.' or . = 'My billing address is the same as my contact information address.')]'. Please recheck the objects properties to make sure the desired element is located. 

2019-11-19 08:03:58 - [MESSAGE][FAILED] - Unable to click on object 'Object Repository/mobileSanity/Teladoc/Page_App Page 2/label_My billing address is th' (Root cause: com.kms.katalon.core.webui.exception.WebElementNotFoundException: Web element with id: 'Object Repository/mobileSanity/Teladoc/Page_App Page 2/label_My billing address is th' located by 'By.xpath: //label[(text() = 'My billing address is the same as my contact information address.' or . = 'My billing address is the same as my contact information address.')]' not found)
[[ATTACHMENT|D:\\Test\\AgileTest\\Reports\\mobileWeb\\teladoc\\20191119_080033\\1574168638082.png]]

2019-11-19 08:03:58 - [TEST_STEP][FAILED] - click(findTestObject("mobileSanity/Teladoc/Page_App Page 2/label_I Accept Authorization f")): Unable to click on object 'Object Repository/mobileSanity/Teladoc/Page_App Page 2/label_I Accept Authorization f' (Root cause: com.kms.katalon.core.webui.exception.WebElementNotFoundException: Web element with id: 'Object Repository/mobileSanity/Teladoc/Page_App Page 2/label_I Accept Authorization f' located by 'By.xpath: //label[(text() = 'I Accept Authorization for Automatic Credit Card Payment*' or . = 'I Accept Authorization for Automatic Credit Card Payment*')]' not found)

2019-11-19 08:04:18 - [MESSAGE][INFO] - Unable to find the element located by 'By.xpath: //label[(text() = 'I Accept Authorization for Automatic Credit Card Payment*' or . = 'I Accept Authorization for Automatic Credit Card Payment*')]'. Please recheck the objects properties to make sure the desired element is located. 

2019-11-19 08:04:19 - [MESSAGE][FAILED] - Unable to click on object 'Object Repository/mobileSanity/Teladoc/Page_App Page 2/label_I Accept Authorization f' (Root cause: com.kms.katalon.core.webui.exception.WebElementNotFoundException: Web element with id: 'Object Repository/mobileSanity/Teladoc/Page_App Page 2/label_I Accept Authorization f' located by 'By.xpath: //label[(text() = 'I Accept Authorization for Automatic Credit Card Payment*' or . = 'I Accept Authorization for Automatic Credit Card Payment*')]' not found)
[[ATTACHMENT|D:\\Test\\AgileTest\\Reports\\mobileWeb\\teladoc\\20191119_080033\\1574168658889.png]]

2019-11-19 08:04:19 - [TEST_STEP][FAILED] - click(findTestObject("mobileSanity/Teladoc/Page_App Page 2/a_Continue to Step 3 - Review")): Unable to click on object 'Object Repository/mobileSanity/Teladoc/Page_App Page 2/a_Continue to Step 3 - Review' (Root cause: org.openqa.selenium.WebDriverException: unknown error: Element <a id="js-app-continue-link" type="submit" href="/teladoc/application/test-teladoc-al-xh3ngmyekz/page/2" class="o-btn btn btn-default" data-validate="true" data-formid="#js-applicant-information">...</a> is not clickable at point (186, 646). Other element would receive the click: <iframe src="https://secure.livechatinc.com/licence/11465608/v2/open_chat.cgi?license=11465608&amp;group=0&amp;embedded=1&amp;widget_version=3&amp;unique_groups=0" allowtransparency="true" allow="autoplay" id="chat-widget" name="chat-widget" scrolling="no" role="application" aria-label="LiveChat chat widget" style="width: 100%; height: 100%; min-height: 0px; min-width: 0px; margin: 0px; padding: 0px; background-image: none; background-position: 0% 0%; background-size: initial; background-attachment: scroll; background-origin: initial; background-clip: initial; background-color: rgba(0, 0, 0, 0); border-width: 0px; float: none; position: absolute; top: 0px; left: 0px; bottom: 0px; right: 0px; transition: none 0s ease 0s !important;"></iframe>
  (Session info: chrome=78.0.3904.70)
  (Driver info: chromedriver=2.43.600210 (68dcf5eebde37173d4027fa8635e332711d2874a),platform=Windows NT 6.3.9600 x86_64) (WARNING: The server did not provide any stacktrace information)
Command duration or timeout: 0 milliseconds
Build info: version: '3.7.1', revision: '8a0099a', time: '2017-11-06T21:07:36.161Z'
System info: host: 'WIN-U215233FMVE', ip: '172.30.0.53', os.name: 'Windows Server 2012 R2', os.arch: 'amd64', os.version: '6.3', java.version: '1.8.0_181'
Driver info: com.kms.katalon.selenium.driver.CChromeDriver
Capabilities {acceptInsecureCerts: false, acceptSslCerts: false, applicationCacheEnabled: false, browserConnectionEnabled: false, browserName: chrome, chrome: {chromedriverVersion: 2.43.600210 (68dcf5eebde371..., userDataDir: C:\Users\ADMINI~1\AppData\L...}, cssSelectorsEnabled: true, databaseEnabled: false, goog:chromeOptions: {debuggerAddress: localhost:55495}, handlesAlerts: true, hasTouchScreen: true, javascriptEnabled: true, locationContextEnabled: true, mobileEmulationEnabled: true, nativeEvents: true, networkConnectionEnabled: false, pageLoadStrategy: normal, platform: XP, platformName: XP, rotatable: false, setWindowRect: true, takesHeapSnapshot: true, takesScreenshot: true, unexpectedAlertBehaviour: , unhandledPromptBehavior: , version: 78.0.3904.70, webStorageEnabled: true}
Session ID: 6f9397e78f1495569819c14b7f0d2ca5)

2019-11-19 08:04:19 - [MESSAGE][FAILED] - Unable to click on object 'Object Repository/mobileSanity/Teladoc/Page_App Page 2/a_Continue to Step 3 - Review' (Root cause: org.openqa.selenium.WebDriverException: unknown error: Element <a id="js-app-continue-link" type="submit" href="/teladoc/application/test-teladoc-al-xh3ngmyekz/page/2" class="o-btn btn btn-default" data-validate="true" data-formid="#js-applicant-information">...</a> is not clickable at point (186, 646). Other element would receive the click: <iframe src="https://secure.livechatinc.com/licence/11465608/v2/open_chat.cgi?license=11465608&amp;group=0&amp;embedded=1&amp;widget_version=3&amp;unique_groups=0" allowtransparency="true" allow="autoplay" id="chat-widget" name="chat-widget" scrolling="no" role="application" aria-label="LiveChat chat widget" style="width: 100%; height: 100%; min-height: 0px; min-width: 0px; margin: 0px; padding: 0px; background-image: none; background-position: 0% 0%; background-size: initial; background-attachment: scroll; background-origin: initial; background-clip: initial; background-color: rgba(0, 0, 0, 0); border-width: 0px; float: none; position: absolute; top: 0px; left: 0px; bottom: 0px; right: 0px; transition: none 0s ease 0s !important;"></iframe>
  (Session info: chrome=78.0.3904.70)
  (Driver info: chromedriver=2.43.600210 (68dcf5eebde37173d4027fa8635e332711d2874a),platform=Windows NT 6.3.9600 x86_64) (WARNING: The server did not provide any stacktrace information)
Command duration or timeout: 0 milliseconds
Build info: version: '3.7.1', revision: '8a0099a', time: '2017-11-06T21:07:36.161Z'
System info: host: 'WIN-U215233FMVE', ip: '172.30.0.53', os.name: 'Windows Server 2012 R2', os.arch: 'amd64', os.version: '6.3', java.version: '1.8.0_181'
Driver info: com.kms.katalon.selenium.driver.CChromeDriver
Capabilities {acceptInsecureCerts: false, acceptSslCerts: false, applicationCacheEnabled: false, browserConnectionEnabled: false, browserName: chrome, chrome: {chromedriverVersion: 2.43.600210 (68dcf5eebde371..., userDataDir: C:\Users\ADMINI~1\AppData\L...}, cssSelectorsEnabled: true, databaseEnabled: false, goog:chromeOptions: {debuggerAddress: localhost:55495}, handlesAlerts: true, hasTouchScreen: true, javascriptEnabled: true, locationContextEnabled: true, mobileEmulationEnabled: true, nativeEvents: true, networkConnectionEnabled: false, pageLoadStrategy: normal, platform: XP, platformName: XP, rotatable: false, setWindowRect: true, takesHeapSnapshot: true, takesScreenshot: true, unexpectedAlertBehaviour: , unhandledPromptBehavior: , version: 78.0.3904.70, webStorageEnabled: true}
Session ID: 6f9397e78f1495569819c14b7f0d2ca5)
[[ATTACHMENT|D:\\Test\\AgileTest\\Reports\\mobileWeb\\teladoc\\20191119_080033\\1574168659317.png]]

2019-11-19 08:04:19 - [TEST_STEP][PASSED] - waitForPageLoad(20): Wait for page load successfully

2019-11-19 08:04:19 - [MESSAGE][PASSED] - Wait for page load successfully

2019-11-19 08:04:19 - [TEST_STEP][PASSED] - waitForElementPresent(findTestObject("mobileSanity/Teladoc/Page_App Page 3/label"), 20): Object 'Object Repository/mobileSanity/Teladoc/Page_App Page 3/label' is not present after 20 second(s)

2019-11-19 08:04:40 - [MESSAGE][INFO] - Unable to find the element located by 'By.xpath: //input[@id = 'consent-checkbox-0']'. Please recheck the objects properties to make sure the desired element is located. 

2019-11-19 08:04:40 - [MESSAGE][WARNING] - Object 'Object Repository/mobileSanity/Teladoc/Page_App Page 3/label' is not present after 20 second(s)

2019-11-19 08:04:40 - [TEST_STEP][PASSED] - Thread.sleep(5000): null

2019-11-19 08:04:45 - [TEST_STEP][PASSED] - callTestCase(findTestCase("mobileWeb/_include/get_screenshot"), [:], STOP_ON_FAILURE): Call Test Case 'Test Cases/mobileWeb/_include/get_screenshot' successfully

2019-11-19 08:04:45 - [TEST_CASE][PASSED] - Test Cases/mobileWeb/_include/get_screenshot: Test Cases/mobileWeb/_include/get_screenshot

2019-11-19 08:04:45 - [TEST_STEP][PASSED] - takeScreenshot(screenPath + i + ".png"): Taking screenshot successfully

2019-11-19 08:04:45 - [MESSAGE][PASSED] - Taking screenshot successfully
[[ATTACHMENT|D:\\Test\\AgileTest\\Reports\\mobileWeb\\teladoc\\20191119_080033\\../Screenshots/iPhone 6/teladoc/Teladoc/20191119_080041/6.png]]

2019-11-19 08:04:45 - [TEST_STEP][PASSED] - (internal.GlobalVariable.i++): null

2019-11-19 08:04:45 - [MESSAGE][PASSED] - Call Test Case 'Test Cases/mobileWeb/_include/get_screenshot' successfully

2019-11-19 08:04:45 - [TEST_STEP][FAILED] - scrollToElement(findTestObject("mobileSanity/Teladoc/Page_App Page 3/label"), 10): Unable to scroll to object 'Object Repository/mobileSanity/Teladoc/Page_App Page 3/label' (Root cause: com.kms.katalon.core.webui.exception.WebElementNotFoundException: Web element with id: 'Object Repository/mobileSanity/Teladoc/Page_App Page 3/label' located by 'By.xpath: //input[@id = 'consent-checkbox-0']' not found)

2019-11-19 08:05:06 - [MESSAGE][INFO] - Unable to find the element located by 'By.xpath: //input[@id = 'consent-checkbox-0']'. Please recheck the objects properties to make sure the desired element is located. 

2019-11-19 08:05:06 - [MESSAGE][FAILED] - Unable to scroll to object 'Object Repository/mobileSanity/Teladoc/Page_App Page 3/label' (Root cause: com.kms.katalon.core.webui.exception.WebElementNotFoundException: Web element with id: 'Object Repository/mobileSanity/Teladoc/Page_App Page 3/label' located by 'By.xpath: //input[@id = 'consent-checkbox-0']' not found)
[[ATTACHMENT|D:\\Test\\AgileTest\\Reports\\mobileWeb\\teladoc\\20191119_080033\\1574168706027.png]]

2019-11-19 08:05:06 - [TEST_STEP][PASSED] - waitForElementClickable(findTestObject("mobileSanity/Teladoc/Page_App Page 3/label"), 10): Web element with id: 'Object Repository/mobileSanity/Teladoc/Page_App Page 3/label' located by 'By.xpath: //input[@id = 'consent-checkbox-0']' not found

2019-11-19 08:05:16 - [MESSAGE][INFO] - Unable to find the element located by 'By.xpath: //input[@id = 'consent-checkbox-0']'. Please recheck the objects properties to make sure the desired element is located. 

2019-11-19 08:05:16 - [MESSAGE][WARNING] - Web element with id: 'Object Repository/mobileSanity/Teladoc/Page_App Page 3/label' located by 'By.xpath: //input[@id = 'consent-checkbox-0']' not found

2019-11-19 08:05:16 - [TEST_STEP][FAILED] - click(findTestObject("mobileSanity/Teladoc/Page_App Page 3/label")): Unable to click on object 'Object Repository/mobileSanity/Teladoc/Page_App Page 3/label' (Root cause: com.kms.katalon.core.webui.exception.WebElementNotFoundException: Web element with id: 'Object Repository/mobileSanity/Teladoc/Page_App Page 3/label' located by 'By.xpath: //input[@id = 'consent-checkbox-0']' not found)

2019-11-19 08:05:37 - [MESSAGE][INFO] - Unable to find the element located by 'By.xpath: //input[@id = 'consent-checkbox-0']'. Please recheck the objects properties to make sure the desired element is located. 

2019-11-19 08:05:37 - [MESSAGE][FAILED] - Unable to click on object 'Object Repository/mobileSanity/Teladoc/Page_App Page 3/label' (Root cause: com.kms.katalon.core.webui.exception.WebElementNotFoundException: Web element with id: 'Object Repository/mobileSanity/Teladoc/Page_App Page 3/label' located by 'By.xpath: //input[@id = 'consent-checkbox-0']' not found)
[[ATTACHMENT|D:\\Test\\AgileTest\\Reports\\mobileWeb\\teladoc\\20191119_080033\\1574168737089.png]]

2019-11-19 08:05:37 - [TEST_STEP][FAILED] - click(findTestObject("mobileSanity/Teladoc/Page_App Page 3/p_")): Unable to click on object 'Object Repository/mobileSanity/Teladoc/Page_App Page 3/p_' (Root cause: com.kms.katalon.core.webui.exception.WebElementNotFoundException: Web element with id: 'Object Repository/mobileSanity/Teladoc/Page_App Page 3/p_' located by 'By.xpath: //*[@id = 'js-signature-tab']' not found)

2019-11-19 08:05:57 - [MESSAGE][INFO] - Unable to find the element located by 'By.xpath: //*[@id = 'js-signature-tab']'. Please recheck the objects properties to make sure the desired element is located. 

2019-11-19 08:05:58 - [MESSAGE][FAILED] - Unable to click on object 'Object Repository/mobileSanity/Teladoc/Page_App Page 3/p_' (Root cause: com.kms.katalon.core.webui.exception.WebElementNotFoundException: Web element with id: 'Object Repository/mobileSanity/Teladoc/Page_App Page 3/p_' located by 'By.xpath: //*[@id = 'js-signature-tab']' not found)
[[ATTACHMENT|D:\\Test\\AgileTest\\Reports\\mobileWeb\\teladoc\\20191119_080033\\1574168757942.png]]

2019-11-19 08:05:58 - [TEST_STEP][FAILED] - click(findTestObject("mobileSanity/Teladoc/Page_App Page 3/a_Submit Your Application")): Unable to click on object 'Object Repository/mobileSanity/Teladoc/Page_App Page 3/a_Submit Your Application' (Root cause: org.openqa.selenium.WebDriverException: unknown error: Element <a id="js-app-continue-link" type="submit" href="/teladoc/application/test-teladoc-al-xh3ngmyekz/page/2" class="o-btn btn btn-default" data-validate="true" data-formid="#js-applicant-information">...</a> is not clickable at point (186, 646). Other element would receive the click: <iframe src="https://secure.livechatinc.com/licence/11465608/v2/open_chat.cgi?license=11465608&amp;group=0&amp;embedded=1&amp;widget_version=3&amp;unique_groups=0" allowtransparency="true" allow="autoplay" id="chat-widget" name="chat-widget" scrolling="no" role="application" aria-label="LiveChat chat widget" style="width: 100%; height: 100%; min-height: 0px; min-width: 0px; margin: 0px; padding: 0px; background-image: none; background-position: 0% 0%; background-size: initial; background-attachment: scroll; background-origin: initial; background-clip: initial; background-color: rgba(0, 0, 0, 0); border-width: 0px; float: none; position: absolute; top: 0px; left: 0px; bottom: 0px; right: 0px; transition: none 0s ease 0s !important;"></iframe>
  (Session info: chrome=78.0.3904.70)
  (Driver info: chromedriver=2.43.600210 (68dcf5eebde37173d4027fa8635e332711d2874a),platform=Windows NT 6.3.9600 x86_64) (WARNING: The server did not provide any stacktrace information)
Command duration or timeout: 0 milliseconds
Build info: version: '3.7.1', revision: '8a0099a', time: '2017-11-06T21:07:36.161Z'
System info: host: 'WIN-U215233FMVE', ip: '172.30.0.53', os.name: 'Windows Server 2012 R2', os.arch: 'amd64', os.version: '6.3', java.version: '1.8.0_181'
Driver info: com.kms.katalon.selenium.driver.CChromeDriver
Capabilities {acceptInsecureCerts: false, acceptSslCerts: false, applicationCacheEnabled: false, browserConnectionEnabled: false, browserName: chrome, chrome: {chromedriverVersion: 2.43.600210 (68dcf5eebde371..., userDataDir: C:\Users\ADMINI~1\AppData\L...}, cssSelectorsEnabled: true, databaseEnabled: false, goog:chromeOptions: {debuggerAddress: localhost:55495}, handlesAlerts: true, hasTouchScreen: true, javascriptEnabled: true, locationContextEnabled: true, mobileEmulationEnabled: true, nativeEvents: true, networkConnectionEnabled: false, pageLoadStrategy: normal, platform: XP, platformName: XP, rotatable: false, setWindowRect: true, takesHeapSnapshot: true, takesScreenshot: true, unexpectedAlertBehaviour: , unhandledPromptBehavior: , version: 78.0.3904.70, webStorageEnabled: true}
Session ID: 6f9397e78f1495569819c14b7f0d2ca5)

2019-11-19 08:05:58 - [MESSAGE][FAILED] - Unable to click on object 'Object Repository/mobileSanity/Teladoc/Page_App Page 3/a_Submit Your Application' (Root cause: org.openqa.selenium.WebDriverException: unknown error: Element <a id="js-app-continue-link" type="submit" href="/teladoc/application/test-teladoc-al-xh3ngmyekz/page/2" class="o-btn btn btn-default" data-validate="true" data-formid="#js-applicant-information">...</a> is not clickable at point (186, 646). Other element would receive the click: <iframe src="https://secure.livechatinc.com/licence/11465608/v2/open_chat.cgi?license=11465608&amp;group=0&amp;embedded=1&amp;widget_version=3&amp;unique_groups=0" allowtransparency="true" allow="autoplay" id="chat-widget" name="chat-widget" scrolling="no" role="application" aria-label="LiveChat chat widget" style="width: 100%; height: 100%; min-height: 0px; min-width: 0px; margin: 0px; padding: 0px; background-image: none; background-position: 0% 0%; background-size: initial; background-attachment: scroll; background-origin: initial; background-clip: initial; background-color: rgba(0, 0, 0, 0); border-width: 0px; float: none; position: absolute; top: 0px; left: 0px; bottom: 0px; right: 0px; transition: none 0s ease 0s !important;"></iframe>
  (Session info: chrome=78.0.3904.70)
  (Driver info: chromedriver=2.43.600210 (68dcf5eebde37173d4027fa8635e332711d2874a),platform=Windows NT 6.3.9600 x86_64) (WARNING: The server did not provide any stacktrace information)
Command duration or timeout: 0 milliseconds
Build info: version: '3.7.1', revision: '8a0099a', time: '2017-11-06T21:07:36.161Z'
System info: host: 'WIN-U215233FMVE', ip: '172.30.0.53', os.name: 'Windows Server 2012 R2', os.arch: 'amd64', os.version: '6.3', java.version: '1.8.0_181'
Driver info: com.kms.katalon.selenium.driver.CChromeDriver
Capabilities {acceptInsecureCerts: false, acceptSslCerts: false, applicationCacheEnabled: false, browserConnectionEnabled: false, browserName: chrome, chrome: {chromedriverVersion: 2.43.600210 (68dcf5eebde371..., userDataDir: C:\Users\ADMINI~1\AppData\L...}, cssSelectorsEnabled: true, databaseEnabled: false, goog:chromeOptions: {debuggerAddress: localhost:55495}, handlesAlerts: true, hasTouchScreen: true, javascriptEnabled: true, locationContextEnabled: true, mobileEmulationEnabled: true, nativeEvents: true, networkConnectionEnabled: false, pageLoadStrategy: normal, platform: XP, platformName: XP, rotatable: false, setWindowRect: true, takesHeapSnapshot: true, takesScreenshot: true, unexpectedAlertBehaviour: , unhandledPromptBehavior: , version: 78.0.3904.70, webStorageEnabled: true}
Session ID: 6f9397e78f1495569819c14b7f0d2ca5)
[[ATTACHMENT|D:\\Test\\AgileTest\\Reports\\mobileWeb\\teladoc\\20191119_080033\\1574168758377.png]]

2019-11-19 08:05:58 - [TEST_STEP][PASSED] - Thread.sleep(50000): null

2019-11-19 08:06:48 - [TEST_STEP][PASSED] - callTestCase(findTestCase("mobileWeb/_include/get_screenshot"), [:], STOP_ON_FAILURE): Call Test Case 'Test Cases/mobileWeb/_include/get_screenshot' successfully

2019-11-19 08:06:48 - [TEST_CASE][PASSED] - Test Cases/mobileWeb/_include/get_screenshot: Test Cases/mobileWeb/_include/get_screenshot

2019-11-19 08:06:48 - [TEST_STEP][PASSED] - takeScreenshot(screenPath + i + ".png"): Taking screenshot successfully

2019-11-19 08:06:49 - [MESSAGE][PASSED] - Taking screenshot successfully
[[ATTACHMENT|D:\\Test\\AgileTest\\Reports\\mobileWeb\\teladoc\\20191119_080033\\../Screenshots/iPhone 6/teladoc/Teladoc/20191119_080041/7.png]]

2019-11-19 08:06:49 - [TEST_STEP][PASSED] - (internal.GlobalVariable.i++): null

2019-11-19 08:06:49 - [MESSAGE][PASSED] - Call Test Case 'Test Cases/mobileWeb/_include/get_screenshot' successfully

2019-11-19 08:06:49 - [TEST_STEP][FAILED] - verifyTextPresent("Congratulations", false): verifyTextPresent("Congratulations", false) FAILED.
Reason:
com.kms.katalon.core.exception.StepFailedException: Unable to click on object 'Object Repository/mobileSanity/Teladoc/Page_App Page 1/a_Continue to Step 2 - Payment' (Root cause: org.openqa.selenium.WebDriverException: unknown error: Element <a id="js-app-continue-link" type="submit" href="/teladoc/application/test-teladoc-al-xh3ngmyekz/page/2" class="o-btn btn btn-default" data-validate="true" data-formid="#js-applicant-information">...</a> is not clickable at point (186, 646). Other element would receive the click: <iframe src="https://secure.livechatinc.com/licence/11465608/v2/open_chat.cgi?license=11465608&amp;group=0&amp;embedded=1&amp;widget_version=3&amp;unique_groups=0" allowtransparency="true" allow="autoplay" id="chat-widget" name="chat-widget" scrolling="no" role="application" aria-label="LiveChat chat widget" style="width: 100%; height: 100%; min-height: 0px; min-width: 0px; margin: 0px; padding: 0px; background-image: none; background-position: 0% 0%; background-size: initial; background-attachment: scroll; background-origin: initial; background-clip: initial; background-color: rgba(0, 0, 0, 0); border-width: 0px; float: none; position: absolute; top: 0px; left: 0px; bottom: 0px; right: 0px; transition: none 0s ease 0s !important;"></iframe>
  (Session info: chrome=78.0.3904.70)
  (Driver info: chromedriver=2.43.600210 (68dcf5eebde37173d4027fa8635e332711d2874a),platform=Windows NT 6.3.9600 x86_64) (WARNING: The server did not provide any stacktrace information)
Command duration or timeout: 0 milliseconds
Build info: version: '3.7.1', revision: '8a0099a', time: '2017-11-06T21:07:36.161Z'
System info: host: 'WIN-U215233FMVE', ip: '172.30.0.53', os.name: 'Windows Server 2012 R2', os.arch: 'amd64', os.version: '6.3', java.version: '1.8.0_181'
Driver info: com.kms.katalon.selenium.driver.CChromeDriver
Capabilities {acceptInsecureCerts: false, acceptSslCerts: false, applicationCacheEnabled: false, browserConnectionEnabled: false, browserName: chrome, chrome: {chromedriverVersion: 2.43.600210 (68dcf5eebde371..., userDataDir: C:\Users\ADMINI~1\AppData\L...}, cssSelectorsEnabled: true, databaseEnabled: false, goog:chromeOptions: {debuggerAddress: localhost:55495}, handlesAlerts: true, hasTouchScreen: true, javascriptEnabled: true, locationContextEnabled: true, mobileEmulationEnabled: true, nativeEvents: true, networkConnectionEnabled: false, pageLoadStrategy: normal, platform: XP, platformName: XP, rotatable: false, setWindowRect: true, takesHeapSnapshot: true, takesScreenshot: true, unexpectedAlertBehaviour: , unhandledPromptBehavior: , version: 78.0.3904.70, webStorageEnabled: true}
Session ID: 6f9397e78f1495569819c14b7f0d2ca5)
	at com.kms.katalon.core.keyword.internal.KeywordMain.stepFailed(KeywordMain.groovy:32)
	at com.kms.katalon.core.webui.keyword.internal.WebUIKeywordMain.stepFailed(WebUIKeywordMain.groovy:65)
	at com.kms.katalon.core.webui.keyword.internal.WebUIKeywordMain.runKeyword(WebUIKeywordMain.groovy:27)
	at com.kms.katalon.core.webui.keyword.builtin.ClickKeyword.click(ClickKeyword.groovy:86)
	at com.kms.katalon.core.webui.keyword.builtin.ClickKeyword.execute(ClickKeyword.groovy:67)
	at com.kms.katalon.core.keyword.internal.KeywordExecutor.executeKeywordForPlatform(KeywordExecutor.groovy:53)
	at com.kms.katalon.core.webui.keyword.WebUiBuiltInKeywords.click(WebUiBuiltInKeywords.groovy:616)
	at com.kms.katalon.core.webui.keyword.WebUiBuiltInKeywords$click$2.call(Unknown Source)
	at Teladoc.run(Teladoc:93)
	at com.kms.katalon.core.main.ScriptEngine.run(ScriptEngine.java:194)
	at com.kms.katalon.core.main.ScriptEngine.runScriptAsRawText(ScriptEngine.java:119)
	at com.kms.katalon.core.main.TestCaseExecutor.runScript(TestCaseExecutor.java:328)
	at com.kms.katalon.core.main.TestCaseExecutor.doExecute(TestCaseExecutor.java:319)
	at com.kms.katalon.core.main.TestCaseExecutor.processExecutionPhase(TestCaseExecutor.java:298)
	at com.kms.katalon.core.main.TestCaseExecutor.accessMainPhase(TestCaseExecutor.java:290)
	at com.kms.katalon.core.main.TestCaseExecutor.execute(TestCaseExecutor.java:224)
	at com.kms.katalon.core.main.TestSuiteExecutor.accessTestCaseMainPhase(TestSuiteExecutor.java:129)
	at com.kms.katalon.core.main.TestSuiteExecutor.accessTestSuiteMainPhase(TestSuiteExecutor.java:112)
	at com.kms.katalon.core.main.TestSuiteExecutor.execute(TestSuiteExecutor.java:81)
	at com.kms.katalon.core.main.TestCaseMain.startTestSuite(TestCaseMain.java:149)
	at com.kms.katalon.core.main.TestCaseMain$startTestSuite$0.call(Unknown Source)
	at TempTestSuite1574168433158.run(TempTestSuite1574168433158.groovy:36)


2019-11-19 08:06:49 - [MESSAGE][FAILED] - Text 'Congratulations' is not present on page 

2019-11-19 08:06:49 - [MESSAGE][FAILED] - verifyTextPresent("Congratulations", false) FAILED.
Reason:
com.kms.katalon.core.exception.StepFailedException: Unable to click on object 'Object Repository/mobileSanity/Teladoc/Page_App Page 1/a_Continue to Step 2 - Payment' (Root cause: org.openqa.selenium.WebDriverException: unknown error: Element <a id="js-app-continue-link" type="submit" href="/teladoc/application/test-teladoc-al-xh3ngmyekz/page/2" class="o-btn btn btn-default" data-validate="true" data-formid="#js-applicant-information">...</a> is not clickable at point (186, 646). Other element would receive the click: <iframe src="https://secure.livechatinc.com/licence/11465608/v2/open_chat.cgi?license=11465608&amp;group=0&amp;embedded=1&amp;widget_version=3&amp;unique_groups=0" allowtransparency="true" allow="autoplay" id="chat-widget" name="chat-widget" scrolling="no" role="application" aria-label="LiveChat chat widget" style="width: 100%; height: 100%; min-height: 0px; min-width: 0px; margin: 0px; padding: 0px; background-image: none; background-position: 0% 0%; background-size: initial; background-attachment: scroll; background-origin: initial; background-clip: initial; background-color: rgba(0, 0, 0, 0); border-width: 0px; float: none; position: absolute; top: 0px; left: 0px; bottom: 0px; right: 0px; transition: none 0s ease 0s !important;"></iframe>
  (Session info: chrome=78.0.3904.70)
  (Driver info: chromedriver=2.43.600210 (68dcf5eebde37173d4027fa8635e332711d2874a),platform=Windows NT 6.3.9600 x86_64) (WARNING: The server did not provide any stacktrace information)
Command duration or timeout: 0 milliseconds
Build info: version: '3.7.1', revision: '8a0099a', time: '2017-11-06T21:07:36.161Z'
System info: host: 'WIN-U215233FMVE', ip: '172.30.0.53', os.name: 'Windows Server 2012 R2', os.arch: 'amd64', os.version: '6.3', java.version: '1.8.0_181'
Driver info: com.kms.katalon.selenium.driver.CChromeDriver
Capabilities {acceptInsecureCerts: false, acceptSslCerts: false, applicationCacheEnabled: false, browserConnectionEnabled: false, browserName: chrome, chrome: {chromedriverVersion: 2.43.600210 (68dcf5eebde371..., userDataDir: C:\Users\ADMINI~1\AppData\L...}, cssSelectorsEnabled: true, databaseEnabled: false, goog:chromeOptions: {debuggerAddress: localhost:55495}, handlesAlerts: true, hasTouchScreen: true, javascriptEnabled: true, locationContextEnabled: true, mobileEmulationEnabled: true, nativeEvents: true, networkConnectionEnabled: false, pageLoadStrategy: normal, platform: XP, platformName: XP, rotatable: false, setWindowRect: true, takesHeapSnapshot: true, takesScreenshot: true, unexpectedAlertBehaviour: , unhandledPromptBehavior: , version: 78.0.3904.70, webStorageEnabled: true}
Session ID: 6f9397e78f1495569819c14b7f0d2ca5)
	at com.kms.katalon.core.keyword.internal.KeywordMain.stepFailed(KeywordMain.groovy:32)
	at com.kms.katalon.core.webui.keyword.internal.WebUIKeywordMain.stepFailed(WebUIKeywordMain.groovy:65)
	at com.kms.katalon.core.webui.keyword.internal.WebUIKeywordMain.runKeyword(WebUIKeywordMain.groovy:27)
	at com.kms.katalon.core.webui.keyword.builtin.ClickKeyword.click(ClickKeyword.groovy:86)
	at com.kms.katalon.core.webui.keyword.builtin.ClickKeyword.execute(ClickKeyword.groovy:67)
	at com.kms.katalon.core.keyword.internal.KeywordExecutor.executeKeywordForPlatform(KeywordExecutor.groovy:53)
	at com.kms.katalon.core.webui.keyword.WebUiBuiltInKeywords.click(WebUiBuiltInKeywords.groovy:616)
	at com.kms.katalon.core.webui.keyword.WebUiBuiltInKeywords$click$2.call(Unknown Source)
	at Teladoc.run(Teladoc:93)
	at com.kms.katalon.core.main.ScriptEngine.run(ScriptEngine.java:194)
	at com.kms.katalon.core.main.ScriptEngine.runScriptAsRawText(ScriptEngine.java:119)
	at com.kms.katalon.core.main.TestCaseExecutor.runScript(TestCaseExecutor.java:328)
	at com.kms.katalon.core.main.TestCaseExecutor.doExecute(TestCaseExecutor.java:319)
	at com.kms.katalon.core.main.TestCaseExecutor.processExecutionPhase(TestCaseExecutor.java:298)
	at com.kms.katalon.core.main.TestCaseExecutor.accessMainPhase(TestCaseExecutor.java:290)
	at com.kms.katalon.core.main.TestCaseExecutor.execute(TestCaseExecutor.java:224)
	at com.kms.katalon.core.main.TestSuiteExecutor.accessTestCaseMainPhase(TestSuiteExecutor.java:129)
	at com.kms.katalon.core.main.TestSuiteExecutor.accessTestSuiteMainPhase(TestSuiteExecutor.java:112)
	at com.kms.katalon.core.main.TestSuiteExecutor.execute(TestSuiteExecutor.java:81)
	at com.kms.katalon.core.main.TestCaseMain.startTestSuite(TestCaseMain.java:149)
	at com.kms.katalon.core.main.TestCaseMain$startTestSuite$0.call(Unknown Source)
	at TempTestSuite1574168433158.run(TempTestSuite1574168433158.groovy:36)]]></system-out>
         <system-err><![CDATA[2019-11-19 08:00:39 - [TEST_CASE][FAILED] - Test Cases/mobileWeb/Teladoc: Test Cases/mobileWeb/Teladoc FAILED.
Reason:
com.kms.katalon.core.exception.StepFailedException: Unable to click on object 'Object Repository/mobileSanity/Teladoc/Page_App Page 1/a_Continue to Step 2 - Payment' (Root cause: org.openqa.selenium.WebDriverException: unknown error: Element <a id="js-app-continue-link" type="submit" href="/teladoc/application/test-teladoc-al-xh3ngmyekz/page/2" class="o-btn btn btn-default" data-validate="true" data-formid="#js-applicant-information">...</a> is not clickable at point (186, 646). Other element would receive the click: <iframe src="https://secure.livechatinc.com/licence/11465608/v2/open_chat.cgi?license=11465608&amp;group=0&amp;embedded=1&amp;widget_version=3&amp;unique_groups=0" allowtransparency="true" allow="autoplay" id="chat-widget" name="chat-widget" scrolling="no" role="application" aria-label="LiveChat chat widget" style="width: 100%; height: 100%; min-height: 0px; min-width: 0px; margin: 0px; padding: 0px; background-image: none; background-position: 0% 0%; background-size: initial; background-attachment: scroll; background-origin: initial; background-clip: initial; background-color: rgba(0, 0, 0, 0); border-width: 0px; float: none; position: absolute; top: 0px; left: 0px; bottom: 0px; right: 0px; transition: none 0s ease 0s !important;"></iframe>
  (Session info: chrome=78.0.3904.70)
  (Driver info: chromedriver=2.43.600210 (68dcf5eebde37173d4027fa8635e332711d2874a),platform=Windows NT 6.3.9600 x86_64) (WARNING: The server did not provide any stacktrace information)
Command duration or timeout: 0 milliseconds
Build info: version: '3.7.1', revision: '8a0099a', time: '2017-11-06T21:07:36.161Z'
System info: host: 'WIN-U215233FMVE', ip: '172.30.0.53', os.name: 'Windows Server 2012 R2', os.arch: 'amd64', os.version: '6.3', java.version: '1.8.0_181'
Driver info: com.kms.katalon.selenium.driver.CChromeDriver
Capabilities {acceptInsecureCerts: false, acceptSslCerts: false, applicationCacheEnabled: false, browserConnectionEnabled: false, browserName: chrome, chrome: {chromedriverVersion: 2.43.600210 (68dcf5eebde371..., userDataDir: C:\Users\ADMINI~1\AppData\L...}, cssSelectorsEnabled: true, databaseEnabled: false, goog:chromeOptions: {debuggerAddress: localhost:55495}, handlesAlerts: true, hasTouchScreen: true, javascriptEnabled: true, locationContextEnabled: true, mobileEmulationEnabled: true, nativeEvents: true, networkConnectionEnabled: false, pageLoadStrategy: normal, platform: XP, platformName: XP, rotatable: false, setWindowRect: true, takesHeapSnapshot: true, takesScreenshot: true, unexpectedAlertBehaviour: , unhandledPromptBehavior: , version: 78.0.3904.70, webStorageEnabled: true}
Session ID: 6f9397e78f1495569819c14b7f0d2ca5)
	at com.kms.katalon.core.keyword.internal.KeywordMain.stepFailed(KeywordMain.groovy:32)
	at com.kms.katalon.core.webui.keyword.internal.WebUIKeywordMain.stepFailed(WebUIKeywordMain.groovy:65)
	at com.kms.katalon.core.webui.keyword.internal.WebUIKeywordMain.runKeyword(WebUIKeywordMain.groovy:27)
	at com.kms.katalon.core.webui.keyword.builtin.ClickKeyword.click(ClickKeyword.groovy:86)
	at com.kms.katalon.core.webui.keyword.builtin.ClickKeyword.execute(ClickKeyword.groovy:67)
	at com.kms.katalon.core.keyword.internal.KeywordExecutor.executeKeywordForPlatform(KeywordExecutor.groovy:53)
	at com.kms.katalon.core.webui.keyword.WebUiBuiltInKeywords.click(WebUiBuiltInKeywords.groovy:616)
	at com.kms.katalon.core.webui.keyword.WebUiBuiltInKeywords$click$2.call(Unknown Source)
	at Teladoc.run(Teladoc:93)
	at com.kms.katalon.core.main.ScriptEngine.run(ScriptEngine.java:194)
	at com.kms.katalon.core.main.ScriptEngine.runScriptAsRawText(ScriptEngine.java:119)
	at com.kms.katalon.core.main.TestCaseExecutor.runScript(TestCaseExecutor.java:328)
	at com.kms.katalon.core.main.TestCaseExecutor.doExecute(TestCaseExecutor.java:319)
	at com.kms.katalon.core.main.TestCaseExecutor.processExecutionPhase(TestCaseExecutor.java:298)
	at com.kms.katalon.core.main.TestCaseExecutor.accessMainPhase(TestCaseExecutor.java:290)
	at com.kms.katalon.core.main.TestCaseExecutor.execute(TestCaseExecutor.java:224)
	at com.kms.katalon.core.main.TestSuiteExecutor.accessTestCaseMainPhase(TestSuiteExecutor.java:129)
	at com.kms.katalon.core.main.TestSuiteExecutor.accessTestSuiteMainPhase(TestSuiteExecutor.java:112)
	at com.kms.katalon.core.main.TestSuiteExecutor.execute(TestSuiteExecutor.java:81)
	at com.kms.katalon.core.main.TestCaseMain.startTestSuite(TestCaseMain.java:149)
	at com.kms.katalon.core.main.TestCaseMain$startTestSuite$0.call(Unknown Source)
	at TempTestSuite1574168433158.run(TempTestSuite1574168433158.groovy:36)]]></system-err>
      </testcase>
      <system-out><![CDATA[2019-11-19 08:00:38 - [TEST_SUITE][FAILED] - teladoc: Test Cases/mobileWeb/Teladoc FAILED.
Reason:
com.kms.katalon.core.exception.StepFailedException: Unable to click on object 'Object Repository/mobileSanity/Teladoc/Page_App Page 1/a_Continue to Step 2 - Payment' (Root cause: org.openqa.selenium.WebDriverException: unknown error: Element <a id="js-app-continue-link" type="submit" href="/teladoc/application/test-teladoc-al-xh3ngmyekz/page/2" class="o-btn btn btn-default" data-validate="true" data-formid="#js-applicant-information">...</a> is not clickable at point (186, 646). Other element would receive the click: <iframe src="https://secure.livechatinc.com/licence/11465608/v2/open_chat.cgi?license=11465608&amp;group=0&amp;embedded=1&amp;widget_version=3&amp;unique_groups=0" allowtransparency="true" allow="autoplay" id="chat-widget" name="chat-widget" scrolling="no" role="application" aria-label="LiveChat chat widget" style="width: 100%; height: 100%; min-height: 0px; min-width: 0px; margin: 0px; padding: 0px; background-image: none; background-position: 0% 0%; background-size: initial; background-attachment: scroll; background-origin: initial; background-clip: initial; background-color: rgba(0, 0, 0, 0); border-width: 0px; float: none; position: absolute; top: 0px; left: 0px; bottom: 0px; right: 0px; transition: none 0s ease 0s !important;"></iframe>
  (Session info: chrome=78.0.3904.70)
  (Driver info: chromedriver=2.43.600210 (68dcf5eebde37173d4027fa8635e332711d2874a),platform=Windows NT 6.3.9600 x86_64) (WARNING: The server did not provide any stacktrace information)
Command duration or timeout: 0 milliseconds
Build info: version: '3.7.1', revision: '8a0099a', time: '2017-11-06T21:07:36.161Z'
System info: host: 'WIN-U215233FMVE', ip: '172.30.0.53', os.name: 'Windows Server 2012 R2', os.arch: 'amd64', os.version: '6.3', java.version: '1.8.0_181'
Driver info: com.kms.katalon.selenium.driver.CChromeDriver
Capabilities {acceptInsecureCerts: false, acceptSslCerts: false, applicationCacheEnabled: false, browserConnectionEnabled: false, browserName: chrome, chrome: {chromedriverVersion: 2.43.600210 (68dcf5eebde371..., userDataDir: C:\Users\ADMINI~1\AppData\L...}, cssSelectorsEnabled: true, databaseEnabled: false, goog:chromeOptions: {debuggerAddress: localhost:55495}, handlesAlerts: true, hasTouchScreen: true, javascriptEnabled: true, locationContextEnabled: true, mobileEmulationEnabled: true, nativeEvents: true, networkConnectionEnabled: false, pageLoadStrategy: normal, platform: XP, platformName: XP, rotatable: false, setWindowRect: true, takesHeapSnapshot: true, takesScreenshot: true, unexpectedAlertBehaviour: , unhandledPromptBehavior: , version: 78.0.3904.70, webStorageEnabled: true}
Session ID: 6f9397e78f1495569819c14b7f0d2ca5)
	at com.kms.katalon.core.keyword.internal.KeywordMain.stepFailed(KeywordMain.groovy:32)
	at com.kms.katalon.core.webui.keyword.internal.WebUIKeywordMain.stepFailed(WebUIKeywordMain.groovy:65)
	at com.kms.katalon.core.webui.keyword.internal.WebUIKeywordMain.runKeyword(WebUIKeywordMain.groovy:27)
	at com.kms.katalon.core.webui.keyword.builtin.ClickKeyword.click(ClickKeyword.groovy:86)
	at com.kms.katalon.core.webui.keyword.builtin.ClickKeyword.execute(ClickKeyword.groovy:67)
	at com.kms.katalon.core.keyword.internal.KeywordExecutor.executeKeywordForPlatform(KeywordExecutor.groovy:53)
	at com.kms.katalon.core.webui.keyword.WebUiBuiltInKeywords.click(WebUiBuiltInKeywords.groovy:616)
	at com.kms.katalon.core.webui.keyword.WebUiBuiltInKeywords$click$2.call(Unknown Source)
	at Teladoc.run(Teladoc:93)
	at com.kms.katalon.core.main.ScriptEngine.run(ScriptEngine.java:194)
	at com.kms.katalon.core.main.ScriptEngine.runScriptAsRawText(ScriptEngine.java:119)
	at com.kms.katalon.core.main.TestCaseExecutor.runScript(TestCaseExecutor.java:328)
	at com.kms.katalon.core.main.TestCaseExecutor.doExecute(TestCaseExecutor.java:319)
	at com.kms.katalon.core.main.TestCaseExecutor.processExecutionPhase(TestCaseExecutor.java:298)
	at com.kms.katalon.core.main.TestCaseExecutor.accessMainPhase(TestCaseExecutor.java:290)
	at com.kms.katalon.core.main.TestCaseExecutor.execute(TestCaseExecutor.java:224)
	at com.kms.katalon.core.main.TestSuiteExecutor.accessTestCaseMainPhase(TestSuiteExecutor.java:129)
	at com.kms.katalon.core.main.TestSuiteExecutor.accessTestSuiteMainPhase(TestSuiteExecutor.java:112)
	at com.kms.katalon.core.main.TestSuiteExecutor.execute(TestSuiteExecutor.java:81)
	at com.kms.katalon.core.main.TestCaseMain.startTestSuite(TestCaseMain.java:149)
	at com.kms.katalon.core.main.TestCaseMain$startTestSuite$0.call(Unknown Source)
	at TempTestSuite1574168433158.run(TempTestSuite1574168433158.groovy:36)]]></system-out>
      <system-err><![CDATA[2019-11-19 08:00:38 - [TEST_SUITE][FAILED] - teladoc: Test Cases/mobileWeb/Teladoc FAILED.
Reason:
com.kms.katalon.core.exception.StepFailedException: Unable to click on object 'Object Repository/mobileSanity/Teladoc/Page_App Page 1/a_Continue to Step 2 - Payment' (Root cause: org.openqa.selenium.WebDriverException: unknown error: Element <a id="js-app-continue-link" type="submit" href="/teladoc/application/test-teladoc-al-xh3ngmyekz/page/2" class="o-btn btn btn-default" data-validate="true" data-formid="#js-applicant-information">...</a> is not clickable at point (186, 646). Other element would receive the click: <iframe src="https://secure.livechatinc.com/licence/11465608/v2/open_chat.cgi?license=11465608&amp;group=0&amp;embedded=1&amp;widget_version=3&amp;unique_groups=0" allowtransparency="true" allow="autoplay" id="chat-widget" name="chat-widget" scrolling="no" role="application" aria-label="LiveChat chat widget" style="width: 100%; height: 100%; min-height: 0px; min-width: 0px; margin: 0px; padding: 0px; background-image: none; background-position: 0% 0%; background-size: initial; background-attachment: scroll; background-origin: initial; background-clip: initial; background-color: rgba(0, 0, 0, 0); border-width: 0px; float: none; position: absolute; top: 0px; left: 0px; bottom: 0px; right: 0px; transition: none 0s ease 0s !important;"></iframe>
  (Session info: chrome=78.0.3904.70)
  (Driver info: chromedriver=2.43.600210 (68dcf5eebde37173d4027fa8635e332711d2874a),platform=Windows NT 6.3.9600 x86_64) (WARNING: The server did not provide any stacktrace information)
Command duration or timeout: 0 milliseconds
Build info: version: '3.7.1', revision: '8a0099a', time: '2017-11-06T21:07:36.161Z'
System info: host: 'WIN-U215233FMVE', ip: '172.30.0.53', os.name: 'Windows Server 2012 R2', os.arch: 'amd64', os.version: '6.3', java.version: '1.8.0_181'
Driver info: com.kms.katalon.selenium.driver.CChromeDriver
Capabilities {acceptInsecureCerts: false, acceptSslCerts: false, applicationCacheEnabled: false, browserConnectionEnabled: false, browserName: chrome, chrome: {chromedriverVersion: 2.43.600210 (68dcf5eebde371..., userDataDir: C:\Users\ADMINI~1\AppData\L...}, cssSelectorsEnabled: true, databaseEnabled: false, goog:chromeOptions: {debuggerAddress: localhost:55495}, handlesAlerts: true, hasTouchScreen: true, javascriptEnabled: true, locationContextEnabled: true, mobileEmulationEnabled: true, nativeEvents: true, networkConnectionEnabled: false, pageLoadStrategy: normal, platform: XP, platformName: XP, rotatable: false, setWindowRect: true, takesHeapSnapshot: true, takesScreenshot: true, unexpectedAlertBehaviour: , unhandledPromptBehavior: , version: 78.0.3904.70, webStorageEnabled: true}
Session ID: 6f9397e78f1495569819c14b7f0d2ca5)
	at com.kms.katalon.core.keyword.internal.KeywordMain.stepFailed(KeywordMain.groovy:32)
	at com.kms.katalon.core.webui.keyword.internal.WebUIKeywordMain.stepFailed(WebUIKeywordMain.groovy:65)
	at com.kms.katalon.core.webui.keyword.internal.WebUIKeywordMain.runKeyword(WebUIKeywordMain.groovy:27)
	at com.kms.katalon.core.webui.keyword.builtin.ClickKeyword.click(ClickKeyword.groovy:86)
	at com.kms.katalon.core.webui.keyword.builtin.ClickKeyword.execute(ClickKeyword.groovy:67)
	at com.kms.katalon.core.keyword.internal.KeywordExecutor.executeKeywordForPlatform(KeywordExecutor.groovy:53)
	at com.kms.katalon.core.webui.keyword.WebUiBuiltInKeywords.click(WebUiBuiltInKeywords.groovy:616)
	at com.kms.katalon.core.webui.keyword.WebUiBuiltInKeywords$click$2.call(Unknown Source)
	at Teladoc.run(Teladoc:93)
	at com.kms.katalon.core.main.ScriptEngine.run(ScriptEngine.java:194)
	at com.kms.katalon.core.main.ScriptEngine.runScriptAsRawText(ScriptEngine.java:119)
	at com.kms.katalon.core.main.TestCaseExecutor.runScript(TestCaseExecutor.java:328)
	at com.kms.katalon.core.main.TestCaseExecutor.doExecute(TestCaseExecutor.java:319)
	at com.kms.katalon.core.main.TestCaseExecutor.processExecutionPhase(TestCaseExecutor.java:298)
	at com.kms.katalon.core.main.TestCaseExecutor.accessMainPhase(TestCaseExecutor.java:290)
	at com.kms.katalon.core.main.TestCaseExecutor.execute(TestCaseExecutor.java:224)
	at com.kms.katalon.core.main.TestSuiteExecutor.accessTestCaseMainPhase(TestSuiteExecutor.java:129)
	at com.kms.katalon.core.main.TestSuiteExecutor.accessTestSuiteMainPhase(TestSuiteExecutor.java:112)
	at com.kms.katalon.core.main.TestSuiteExecutor.execute(TestSuiteExecutor.java:81)
	at com.kms.katalon.core.main.TestCaseMain.startTestSuite(TestCaseMain.java:149)
	at com.kms.katalon.core.main.TestCaseMain$startTestSuite$0.call(Unknown Source)
	at TempTestSuite1574168433158.run(TempTestSuite1574168433158.groovy:36)]]></system-err>
   </testsuite>
</testsuites>
