<?xml version="1.0" encoding="UTF-8"?>
<testsuites name="dental" time="224" tests="2" failures="0" errors="0">
   <testsuite name="dental" tests="2" failures="0" errors="0" time="224" timestamp="2019-07-12 17:50:26" hostname="sofee.yu - windows10.microdone.cn" id="Test Suites/mobileWeb/dental">
      <properties>
         <property name="deviceName" value=""/>
         <property name="devicePlatform" value=""/>
         <property name="logFolder" value="D:\\Test\\AgileTest\\AgileTest\\Reports\\mobileWeb\\dental\\20190712_175022"/>
         <property name="logFiles" value="D:\\Test\\AgileTest\\AgileTest\\Reports\\mobileWeb\\dental\\20190712_175022\\execution0.log"/>
         <property name="attachments" value="D:\\Test\\AgileTest\\AgileTest\\Reports\\mobileWeb\\dental\\20190712_175022\\../Screenshots/iPhone 6/dental/National General/20190712_175028/0.png, D:\\Test\\AgileTest\\AgileTest\\Reports\\mobileWeb\\dental\\20190712_175022\\../Screenshots/iPhone 6/dental/National General/20190712_175028/1.png, D:\\Test\\AgileTest\\AgileTest\\Reports\\mobileWeb\\dental\\20190712_175022\\../Screenshots/iPhone 6/dental/National General/20190712_175028/2.png, D:\\Test\\AgileTest\\AgileTest\\Reports\\mobileWeb\\dental\\20190712_175022\\../Screenshots/iPhone 6/dental/National General/20190712_175028/3.png, D:\\Test\\AgileTest\\AgileTest\\Reports\\mobileWeb\\dental\\20190712_175022\\../Screenshots/iPhone 6/dental/National General/20190712_175028/4.png, D:\\Test\\AgileTest\\AgileTest\\Reports\\mobileWeb\\dental\\20190712_175022\\../Screenshots/iPhone 6/dental/National General/20190712_175028/5.png, D:\\Test\\AgileTest\\AgileTest\\Reports\\mobileWeb\\dental\\20190712_175022\\../Screenshots/iPhone 6/dental/National General/20190712_175028/6.png, D:\\Test\\AgileTest\\AgileTest\\Reports\\mobileWeb\\dental\\20190712_175022\\../Screenshots/iPhone 6/dental/National General/20190712_175028/7.png, D:\\Test\\AgileTest\\AgileTest\\Reports\\mobileWeb\\dental\\20190712_175022\\../Screenshots/iPhone 6/dental/National General/20190712_175028/8.png, D:\\Test\\AgileTest\\AgileTest\\Reports\\mobileWeb\\dental\\20190712_175022\\../Screenshots/iPhone 6/dental/National General/20190712_175028/9.png, D:\\Test\\AgileTest\\AgileTest\\Reports\\mobileWeb\\dental\\20190712_175022\\../Screenshots/iPhone 6/dental/Nationwide/20190712_175219/0.png, D:\\Test\\AgileTest\\AgileTest\\Reports\\mobileWeb\\dental\\20190712_175022\\../Screenshots/iPhone 6/dental/Nationwide/20190712_175219/1.png, D:\\Test\\AgileTest\\AgileTest\\Reports\\mobileWeb\\dental\\20190712_175022\\../Screenshots/iPhone 6/dental/Nationwide/20190712_175219/2.png, D:\\Test\\AgileTest\\AgileTest\\Reports\\mobileWeb\\dental\\20190712_175022\\../Screenshots/iPhone 6/dental/Nationwide/20190712_175219/3.png, D:\\Test\\AgileTest\\AgileTest\\Reports\\mobileWeb\\dental\\20190712_175022\\../Screenshots/iPhone 6/dental/Nationwide/20190712_175219/4.png, D:\\Test\\AgileTest\\AgileTest\\Reports\\mobileWeb\\dental\\20190712_175022\\../Screenshots/iPhone 6/dental/Nationwide/20190712_175219/5.png, D:\\Test\\AgileTest\\AgileTest\\Reports\\mobileWeb\\dental\\20190712_175022\\../Screenshots/iPhone 6/dental/Nationwide/20190712_175219/6.png, D:\\Test\\AgileTest\\AgileTest\\Reports\\mobileWeb\\dental\\20190712_175022\\../Screenshots/iPhone 6/dental/Nationwide/20190712_175219/7.png, D:\\Test\\AgileTest\\AgileTest\\Reports\\mobileWeb\\dental\\20190712_175022\\../Screenshots/iPhone 6/dental/Nationwide/20190712_175219/8.png, D:\\Test\\AgileTest\\AgileTest\\Reports\\mobileWeb\\dental\\20190712_175022\\../Screenshots/iPhone 6/dental/Nationwide/20190712_175219/9.png"/>
         <property name="hostName" value="sofee.yu - windows10.microdone.cn"/>
         <property name="os" value="Windows 7 64bit"/>
         <property name="katalonVersion" value="5.9.1.2"/>
         <property name="browser" value="Safari 11"/>
         <property name="hostAddress" value="172.16.86.47"/>
         <property name="sessionId" value="0866be67ca557ccc2fb953ef7ff81ed2"/>
         <property name="seleniumVersion" value="3.7.1"/>
         <property name="proxyInformation" value="ProxyInformation{proxyOption=NO_PROXY, proxyServerType=HTTP, password=, proxyServerAddress=, proxyServerPort=0}"/>
         <property name="platform" value="Windows 7"/>
      </properties>
      <testcase name="Test Cases/mobileWeb/Dental/National General" classname="Test Cases/mobileWeb/Dental/National General" status="PASSED">
         <system-out><![CDATA[2019-07-12 17:50:26 - [TEST_CASE][PASSED] - Test Cases/mobileWeb/Dental/National General: Test Cases/mobileWeb/Dental/National General

2019-07-12 17:50:27 - [TEST_STEP][PASSED] - callTestCase(findTestCase("mobileWeb/_include/get_screenPath"), ["productLine":"dental", "carrierName":"National General"], CONTINUE_ON_FAILURE): Call Test Case 'Test Cases/mobileWeb/_include/get_screenPath' successfully

2019-07-12 17:50:28 - [TEST_CASE][PASSED] - Test Cases/mobileWeb/_include/get_screenPath: Test Cases/mobileWeb/_include/get_screenPath

2019-07-12 17:50:28 - [TEST_STEP][PASSED] - m = getExecutionProperties(): null

2019-07-12 17:50:28 - [TEST_STEP][PASSED] - deviceName = get("mobileEmulation").get("deviceName"): null

2019-07-12 17:50:28 - [TEST_STEP][PASSED] - println(deviceName): null

2019-07-12 17:50:28 - [TEST_STEP][PASSED] - now = new java.util.Date(): null

2019-07-12 17:50:28 - [TEST_STEP][PASSED] - mydate = now.format("yyyyMMdd_HHmmss"): null

2019-07-12 17:50:28 - [TEST_STEP][PASSED] - screenPath = "../Screenshots/": null

2019-07-12 17:50:28 - [TEST_STEP][PASSED] - screenPath = screenPath + deviceName + "/" + productLine + "/" + carrierName + "/" + mydate + "/": null

2019-07-12 17:50:28 - [TEST_STEP][PASSED] - println(screenPath): null

2019-07-12 17:50:28 - [MESSAGE][PASSED] - Call Test Case 'Test Cases/mobileWeb/_include/get_screenPath' successfully

2019-07-12 17:50:28 - [TEST_STEP][PASSED] - callTestCase(findTestCase("mobileWeb/_include/openWebSite"), [:], STOP_ON_FAILURE): Call Test Case 'Test Cases/mobileWeb/_include/openWebSite' successfully

2019-07-12 17:50:28 - [TEST_CASE][PASSED] - Test Cases/mobileWeb/_include/openWebSite: Test Cases/mobileWeb/_include/openWebSite

2019-07-12 17:50:28 - [TEST_STEP][PASSED] - openBrowser(ENV): Browser is opened with url: 'https://praetemptatus.agilehealthinsurance.com'

2019-07-12 17:50:29 - [MESSAGE][INFO] - Starting 'Chrome' driver

2019-07-12 17:50:29 - [MESSAGE][INFO] - User set preference: ['mobileEmulation', '{deviceName=iPhone 6}']

2019-07-12 17:50:29 - [MESSAGE][INFO] - User set preference: ['args', '[--incognito, --aggressive-cache-discard, --window-size=375,677, --no-sandbox]']

2019-07-12 17:50:29 - [MESSAGE][INFO] - Action delay is set to 0 seconds

2019-07-12 17:50:38 - [MESSAGE][PASSED] - Browser is opened with url: 'https://praetemptatus.agilehealthinsurance.com'

2019-07-12 17:50:38 - [TEST_STEP][PASSED] - waitForPageLoad(10): Wait for page load successfully

2019-07-12 17:50:39 - [MESSAGE][PASSED] - Wait for page load successfully

2019-07-12 17:50:39 - [TEST_STEP][PASSED] - callTestCase(findTestCase("mobileWeb/_include/get_screenshot"), [:], STOP_ON_FAILURE): Call Test Case 'Test Cases/mobileWeb/_include/get_screenshot' successfully

2019-07-12 17:50:39 - [TEST_CASE][PASSED] - Test Cases/mobileWeb/_include/get_screenshot: Test Cases/mobileWeb/_include/get_screenshot

2019-07-12 17:50:39 - [TEST_STEP][PASSED] - takeScreenshot(screenPath + i + ".png"): Taking screenshot successfully

2019-07-12 17:50:40 - [MESSAGE][PASSED] - Taking screenshot successfully
[[ATTACHMENT|D:\\Test\\AgileTest\\AgileTest\\Reports\\mobileWeb\\dental\\20190712_175022\\../Screenshots/iPhone 6/dental/National General/20190712_175028/0.png]]

2019-07-12 17:50:40 - [TEST_STEP][PASSED] - (internal.GlobalVariable.i++): null

2019-07-12 17:50:40 - [MESSAGE][PASSED] - Call Test Case 'Test Cases/mobileWeb/_include/get_screenshot' successfully

2019-07-12 17:50:40 - [MESSAGE][PASSED] - Call Test Case 'Test Cases/mobileWeb/_include/openWebSite' successfully

2019-07-12 17:50:40 - [TEST_STEP][PASSED] - callTestCase(findTestCase("mobileWeb/_include/census_dental"), ["zipcode":zipcode, "dob":"12/12/1980"], STOP_ON_FAILURE): Call Test Case 'Test Cases/mobileWeb/_include/census_dental' successfully

2019-07-12 17:50:40 - [TEST_CASE][PASSED] - Test Cases/mobileWeb/_include/census_dental: Test Cases/mobileWeb/_include/census_dental

2019-07-12 17:50:41 - [TEST_STEP][PASSED] - click(findTestObject("mobileSanity/Common/side_nav/menu")): Object: 'Object Repository/mobileSanity/Common/side_nav/menu' is clicked on

2019-07-12 17:50:41 - [MESSAGE][PASSED] - Object: 'Object Repository/mobileSanity/Common/side_nav/menu' is clicked on

2019-07-12 17:50:41 - [TEST_STEP][PASSED] - Thread.sleep(3000): null

2019-07-12 17:50:44 - [TEST_STEP][PASSED] - callTestCase(findTestCase("mobileWeb/_include/get_screenshot"), [:], STOP_ON_FAILURE): Call Test Case 'Test Cases/mobileWeb/_include/get_screenshot' successfully

2019-07-12 17:50:44 - [TEST_CASE][PASSED] - Test Cases/mobileWeb/_include/get_screenshot: Test Cases/mobileWeb/_include/get_screenshot

2019-07-12 17:50:44 - [TEST_STEP][PASSED] - takeScreenshot(screenPath + i + ".png"): Taking screenshot successfully

2019-07-12 17:50:45 - [MESSAGE][PASSED] - Taking screenshot successfully
[[ATTACHMENT|D:\\Test\\AgileTest\\AgileTest\\Reports\\mobileWeb\\dental\\20190712_175022\\../Screenshots/iPhone 6/dental/National General/20190712_175028/1.png]]

2019-07-12 17:50:45 - [TEST_STEP][PASSED] - (internal.GlobalVariable.i++): null

2019-07-12 17:50:45 - [MESSAGE][PASSED] - Call Test Case 'Test Cases/mobileWeb/_include/get_screenshot' successfully

2019-07-12 17:50:45 - [TEST_STEP][PASSED] - click(findTestObject("mobileSanity/Common/side_nav/nav_dental")): Object: 'Object Repository/mobileSanity/Common/side_nav/nav_dental' is clicked on

2019-07-12 17:50:47 - [MESSAGE][PASSED] - Object: 'Object Repository/mobileSanity/Common/side_nav/nav_dental' is clicked on

2019-07-12 17:50:47 - [TEST_STEP][PASSED] - waitForPageLoad(10): Wait for page load successfully

2019-07-12 17:50:47 - [MESSAGE][PASSED] - Wait for page load successfully

2019-07-12 17:50:47 - [TEST_STEP][PASSED] - callTestCase(findTestCase("mobileWeb/_include/get_screenshot"), [:], STOP_ON_FAILURE): Call Test Case 'Test Cases/mobileWeb/_include/get_screenshot' successfully

2019-07-12 17:50:47 - [TEST_CASE][PASSED] - Test Cases/mobileWeb/_include/get_screenshot: Test Cases/mobileWeb/_include/get_screenshot

2019-07-12 17:50:47 - [TEST_STEP][PASSED] - takeScreenshot(screenPath + i + ".png"): Taking screenshot successfully

2019-07-12 17:50:48 - [MESSAGE][PASSED] - Taking screenshot successfully
[[ATTACHMENT|D:\\Test\\AgileTest\\AgileTest\\Reports\\mobileWeb\\dental\\20190712_175022\\../Screenshots/iPhone 6/dental/National General/20190712_175028/2.png]]

2019-07-12 17:50:48 - [TEST_STEP][PASSED] - (internal.GlobalVariable.i++): null

2019-07-12 17:50:48 - [MESSAGE][PASSED] - Call Test Case 'Test Cases/mobileWeb/_include/get_screenshot' successfully

2019-07-12 17:50:48 - [TEST_STEP][PASSED] - sendKeys(findTestObject("mobileSanity/Dental/census/input_Location_zip-input"), zipcode): Keys '35215' sent to object: 'Object Repository/mobileSanity/Dental/census/input_Location_zip-input'

2019-07-12 17:50:48 - [MESSAGE][PASSED] - Keys '35215' sent to object: 'Object Repository/mobileSanity/Dental/census/input_Location_zip-input'

2019-07-12 17:50:48 - [TEST_STEP][PASSED] - Thread.sleep(500): null

2019-07-12 17:50:49 - [TEST_STEP][PASSED] - setText(findTestObject("mobileSanity/Dental/census/input_Date of Birth_dob-0"), "12121980"): Text '12121980' is set on object 'Object Repository/mobileSanity/Dental/census/input_Date of Birth_dob-0'

2019-07-12 17:50:49 - [MESSAGE][PASSED] - Text '12121980' is set on object 'Object Repository/mobileSanity/Dental/census/input_Date of Birth_dob-0'

2019-07-12 17:50:49 - [TEST_STEP][PASSED] - click(findTestObject("mobileSanity/Dental/census/label_Male")): Object: 'Object Repository/mobileSanity/Dental/census/label_Male' is clicked on

2019-07-12 17:50:49 - [MESSAGE][PASSED] - Object: 'Object Repository/mobileSanity/Dental/census/label_Male' is clicked on

2019-07-12 17:50:49 - [TEST_STEP][PASSED] - click(findTestObject("mobileSanity/Dental/census/label_Compare Dental Insurance")): Object: 'Object Repository/mobileSanity/Dental/census/label_Compare Dental Insurance' is clicked on

2019-07-12 17:50:54 - [MESSAGE][PASSED] - Object: 'Object Repository/mobileSanity/Dental/census/label_Compare Dental Insurance' is clicked on

2019-07-12 17:50:54 - [TEST_STEP][PASSED] - waitForPageLoad(10): Wait for page load successfully

2019-07-12 17:50:54 - [MESSAGE][PASSED] - Wait for page load successfully

2019-07-12 17:50:54 - [TEST_STEP][PASSED] - Thread.sleep(2000): null

2019-07-12 17:50:56 - [TEST_STEP][PASSED] - callTestCase(findTestCase("mobileWeb/_include/get_screenshot"), [:], STOP_ON_FAILURE): Call Test Case 'Test Cases/mobileWeb/_include/get_screenshot' successfully

2019-07-12 17:50:57 - [TEST_CASE][PASSED] - Test Cases/mobileWeb/_include/get_screenshot: Test Cases/mobileWeb/_include/get_screenshot

2019-07-12 17:50:57 - [TEST_STEP][PASSED] - takeScreenshot(screenPath + i + ".png"): Taking screenshot successfully

2019-07-12 17:50:57 - [MESSAGE][PASSED] - Taking screenshot successfully
[[ATTACHMENT|D:\\Test\\AgileTest\\AgileTest\\Reports\\mobileWeb\\dental\\20190712_175022\\../Screenshots/iPhone 6/dental/National General/20190712_175028/3.png]]

2019-07-12 17:50:57 - [TEST_STEP][PASSED] - (internal.GlobalVariable.i++): null

2019-07-12 17:50:57 - [MESSAGE][PASSED] - Call Test Case 'Test Cases/mobileWeb/_include/get_screenshot' successfully

2019-07-12 17:50:57 - [MESSAGE][PASSED] - Call Test Case 'Test Cases/mobileWeb/_include/census_dental' successfully

2019-07-12 17:50:57 - [TEST_STEP][PASSED] - click(findTestObject("mobileSanity/Dental/filter/btn_filter")): Object: 'Object Repository/mobileSanity/Dental/filter/btn_filter' is clicked on

2019-07-12 17:50:57 - [MESSAGE][PASSED] - Object: 'Object Repository/mobileSanity/Dental/filter/btn_filter' is clicked on

2019-07-12 17:50:57 - [TEST_STEP][PASSED] - waitForElementVisible(findTestObject("mobileSanity/Dental/filter/btn_company"), 10): Object 'Object Repository/mobileSanity/Dental/filter/btn_company' is visible

2019-07-12 17:50:58 - [MESSAGE][PASSED] - Object 'Object Repository/mobileSanity/Dental/filter/btn_company' is visible

2019-07-12 17:50:58 - [TEST_STEP][PASSED] - click(findTestObject("mobileSanity/Dental/filter/btn_company")): Object: 'Object Repository/mobileSanity/Dental/filter/btn_company' is clicked on

2019-07-12 17:50:58 - [MESSAGE][PASSED] - Object: 'Object Repository/mobileSanity/Dental/filter/btn_company' is clicked on

2019-07-12 17:50:58 - [TEST_STEP][PASSED] - Thread.sleep(2000): null

2019-07-12 17:51:00 - [TEST_STEP][PASSED] - click(findTestObject("mobileSanity/Dental/filter/btn_ng")): Object: 'Object Repository/mobileSanity/Dental/filter/btn_ng' is clicked on

2019-07-12 17:51:00 - [MESSAGE][PASSED] - Object: 'Object Repository/mobileSanity/Dental/filter/btn_ng' is clicked on

2019-07-12 17:51:00 - [TEST_STEP][PASSED] - waitForJQueryLoad(20, STOP_ON_FAILURE): jQuery is ready.

2019-07-12 17:51:04 - [MESSAGE][PASSED] - jQuery is ready.

2019-07-12 17:51:04 - [TEST_STEP][PASSED] - callTestCase(findTestCase("mobileWeb/_include/get_screenshot"), [:], STOP_ON_FAILURE): Call Test Case 'Test Cases/mobileWeb/_include/get_screenshot' successfully

2019-07-12 17:51:04 - [TEST_CASE][PASSED] - Test Cases/mobileWeb/_include/get_screenshot: Test Cases/mobileWeb/_include/get_screenshot

2019-07-12 17:51:04 - [TEST_STEP][PASSED] - takeScreenshot(screenPath + i + ".png"): Taking screenshot successfully

2019-07-12 17:51:04 - [MESSAGE][PASSED] - Taking screenshot successfully
[[ATTACHMENT|D:\\Test\\AgileTest\\AgileTest\\Reports\\mobileWeb\\dental\\20190712_175022\\../Screenshots/iPhone 6/dental/National General/20190712_175028/4.png]]

2019-07-12 17:51:04 - [TEST_STEP][PASSED] - (internal.GlobalVariable.i++): null

2019-07-12 17:51:04 - [MESSAGE][PASSED] - Call Test Case 'Test Cases/mobileWeb/_include/get_screenshot' successfully

2019-07-12 17:51:04 - [TEST_STEP][PASSED] - click(findTestObject("mobileSanity/Dental/filter/btn_filter")): Object: 'Object Repository/mobileSanity/Dental/filter/btn_filter' is clicked on

2019-07-12 17:51:04 - [MESSAGE][PASSED] - Object: 'Object Repository/mobileSanity/Dental/filter/btn_filter' is clicked on

2019-07-12 17:51:04 - [TEST_STEP][PASSED] - click(findTestObject("mobileSanity/Dental/quote/a_Select This Plan")): Object: 'Object Repository/mobileSanity/Dental/quote/a_Select This Plan' is clicked on

2019-07-12 17:51:06 - [MESSAGE][PASSED] - Object: 'Object Repository/mobileSanity/Dental/quote/a_Select This Plan' is clicked on

2019-07-12 17:51:06 - [TEST_STEP][PASSED] - waitForPageLoad(10): Wait for page load successfully

2019-07-12 17:51:06 - [MESSAGE][PASSED] - Wait for page load successfully

2019-07-12 17:51:06 - [TEST_STEP][PASSED] - callTestCase(findTestCase("mobileWeb/_include/get_screenshot"), [:], STOP_ON_FAILURE): Call Test Case 'Test Cases/mobileWeb/_include/get_screenshot' successfully

2019-07-12 17:51:06 - [TEST_CASE][PASSED] - Test Cases/mobileWeb/_include/get_screenshot: Test Cases/mobileWeb/_include/get_screenshot

2019-07-12 17:51:06 - [TEST_STEP][PASSED] - takeScreenshot(screenPath + i + ".png"): Taking screenshot successfully

2019-07-12 17:51:07 - [MESSAGE][PASSED] - Taking screenshot successfully
[[ATTACHMENT|D:\\Test\\AgileTest\\AgileTest\\Reports\\mobileWeb\\dental\\20190712_175022\\../Screenshots/iPhone 6/dental/National General/20190712_175028/5.png]]

2019-07-12 17:51:07 - [TEST_STEP][PASSED] - (internal.GlobalVariable.i++): null

2019-07-12 17:51:07 - [MESSAGE][PASSED] - Call Test Case 'Test Cases/mobileWeb/_include/get_screenshot' successfully

2019-07-12 17:51:07 - [TEST_STEP][PASSED] - click(findTestObject("mobileSanity/Dental/apply/span_Start Secure Application")): Object: 'Object Repository/mobileSanity/Dental/apply/span_Start Secure Application' is clicked on

2019-07-12 17:51:09 - [MESSAGE][PASSED] - Object: 'Object Repository/mobileSanity/Dental/apply/span_Start Secure Application' is clicked on

2019-07-12 17:51:09 - [TEST_STEP][PASSED] - waitForPageLoad(10): Wait for page load successfully

2019-07-12 17:51:10 - [MESSAGE][PASSED] - Wait for page load successfully

2019-07-12 17:51:10 - [TEST_STEP][PASSED] - Thread.sleep(2000): null

2019-07-12 17:51:12 - [TEST_STEP][PASSED] - callTestCase(findTestCase("mobileWeb/_include/get_screenshot"), [:], STOP_ON_FAILURE): Call Test Case 'Test Cases/mobileWeb/_include/get_screenshot' successfully

2019-07-12 17:51:12 - [TEST_CASE][PASSED] - Test Cases/mobileWeb/_include/get_screenshot: Test Cases/mobileWeb/_include/get_screenshot

2019-07-12 17:51:12 - [TEST_STEP][PASSED] - takeScreenshot(screenPath + i + ".png"): Taking screenshot successfully

2019-07-12 17:51:12 - [MESSAGE][PASSED] - Taking screenshot successfully
[[ATTACHMENT|D:\\Test\\AgileTest\\AgileTest\\Reports\\mobileWeb\\dental\\20190712_175022\\../Screenshots/iPhone 6/dental/National General/20190712_175028/6.png]]

2019-07-12 17:51:12 - [TEST_STEP][PASSED] - (internal.GlobalVariable.i++): null

2019-07-12 17:51:12 - [MESSAGE][PASSED] - Call Test Case 'Test Cases/mobileWeb/_include/get_screenshot' successfully

2019-07-12 17:51:12 - [TEST_STEP][PASSED] - callTestCase(findTestCase("mobileWeb/_include/goToEnd_dental"), ["carrier":"nationalgeneral"], CONTINUE_ON_FAILURE): Call Test Case 'Test Cases/mobileWeb/_include/goToEnd_dental' successfully

2019-07-12 17:51:12 - [TEST_CASE][PASSED] - Test Cases/mobileWeb/_include/goToEnd_dental: Test Cases/mobileWeb/_include/goToEnd_dental

2019-07-12 17:51:13 - [TEST_STEP][PASSED] - callTestCase(findTestCase("mobileWeb/_include/name"), [:], CONTINUE_ON_FAILURE): Call Test Case 'Test Cases/mobileWeb/_include/name' successfully

2019-07-12 17:51:13 - [TEST_CASE][PASSED] - Test Cases/mobileWeb/_include/name: Test Cases/mobileWeb/_include/name

2019-07-12 17:51:13 - [TEST_STEP][PASSED] - driver = getWebDriver(): null

2019-07-12 17:51:13 - [TEST_STEP][PASSED] - selenium = new com.thoughtworks.selenium.webdriven.WebDriverBackedSelenium(driver, internal.GlobalVariable.ENV): null

2019-07-12 17:51:14 - [TEST_STEP][PASSED] - FirstName = "Test-123": null

2019-07-12 17:51:14 - [TEST_STEP][PASSED] - LastName = selenium.getEval("{var x="ABCDEFGHIJKLMNOPQRSTUVWXYZabcdefghijklmnopqrstuvwxyz"; var tmp="ZZ11-"; for (i=0;i<8;i++) tmp+=x.charAt(Math.ceil(51*Math.random()));tmp;}"): null

2019-07-12 17:51:14 - [TEST_STEP][PASSED] - Address = selenium.getEval("{var x="ABCDEFGHIJKLMNOPQRSTUVWXYZabcdefghijklmnopqrstuvwxyz"; var tmp=""; for (i=0;i<8;i++) tmp+=x.charAt(Math.ceil(51*Math.random()));tmp;}"): null

2019-07-12 17:51:14 - [TEST_STEP][PASSED] - City = selenium.getEval("{var x="ABCDEFGHIJKLMNOPQRSTUVWXYZabcdefghijklmnopqrstuvwxyz"; var tmp=""; for (i=0;i<8;i++) tmp+=x.charAt(Math.ceil(51*Math.random()));tmp;}"): null

2019-07-12 17:51:14 - [TEST_STEP][PASSED] - tel1 = selenium.getEval("{var x="123456789"; var tmp=""; for (i=0;i<3;i++) tmp+=x.charAt(Math.ceil(8*Math.random()));tmp;}"): null

2019-07-12 17:51:14 - [TEST_STEP][PASSED] - tel2 = selenium.getEval("{var x="123456789"; var tmp=""; for (i=0;i<3;i++) tmp+=x.charAt(Math.ceil(8*Math.random()));tmp;}"): null

2019-07-12 17:51:14 - [TEST_STEP][PASSED] - tel3 = selenium.getEval("{var x="123456789"; var tmp=""; for (i=0;i<4;i++) tmp+=x.charAt(Math.ceil(8*Math.random()));tmp;}"): null

2019-07-12 17:51:14 - [TEST_STEP][PASSED] - Tel = selenium.getExpression(tel1 + "-" + tel2 + "-" + tel3): null

2019-07-12 17:51:14 - [TEST_STEP][PASSED] - AutoEmail = selenium.getEval("{var x="ABCDEFGHIJKLMNOPQRSTUVWXYZabcdefghijklmnopqrstuvwxyz"; var tmp="test."; for (i=0;i<8;i++) tmp+=x.charAt(Math.ceil(51*Math.random()));tmp+="@suryani.cn";}"): null

2019-07-12 17:51:14 - [TEST_STEP][PASSED] - FirstName = FirstName: null

2019-07-12 17:51:14 - [TEST_STEP][PASSED] - LastName = LastName: null

2019-07-12 17:51:14 - [TEST_STEP][PASSED] - Address = Address: null

2019-07-12 17:51:14 - [TEST_STEP][PASSED] - City = City: null

2019-07-12 17:51:14 - [TEST_STEP][PASSED] - Tel = Tel: null

2019-07-12 17:51:14 - [TEST_STEP][PASSED] - AutoEmail = AutoEmail: null

2019-07-12 17:51:14 - [TEST_STEP][PASSED] - println(FirstName): null

2019-07-12 17:51:14 - [TEST_STEP][PASSED] - println(LastName): null

2019-07-12 17:51:14 - [TEST_STEP][PASSED] - println(Address): null

2019-07-12 17:51:14 - [TEST_STEP][PASSED] - println(City): null

2019-07-12 17:51:14 - [TEST_STEP][PASSED] - println(Tel): null

2019-07-12 17:51:14 - [TEST_STEP][PASSED] - println(AutoEmail): null

2019-07-12 17:51:15 - [MESSAGE][PASSED] - Call Test Case 'Test Cases/mobileWeb/_include/name' successfully

2019-07-12 17:51:15 - [TEST_STEP][PASSED] - Thread.sleep(3000): null

2019-07-12 17:51:18 - [TEST_STEP][PASSED] - setText(findTestObject("mobileSanity/Dental/app_page1/input__member-P-1-firstName"), FirstName): Text 'Test-123' is set on object 'Object Repository/mobileSanity/Dental/app_page1/input__member-P-1-firstName'

2019-07-12 17:51:18 - [MESSAGE][PASSED] - Text 'Test-123' is set on object 'Object Repository/mobileSanity/Dental/app_page1/input__member-P-1-firstName'

2019-07-12 17:51:18 - [TEST_STEP][PASSED] - setText(findTestObject("mobileSanity/Dental/app_page1/input__member-P-1-lastName"), LastName): Text 'ZZ11-aKjHkwDb' is set on object 'Object Repository/mobileSanity/Dental/app_page1/input__member-P-1-lastName'

2019-07-12 17:51:18 - [MESSAGE][PASSED] - Text 'ZZ11-aKjHkwDb' is set on object 'Object Repository/mobileSanity/Dental/app_page1/input__member-P-1-lastName'

2019-07-12 17:51:18 - [TEST_STEP][PASSED] - setText(findTestObject("mobileSanity/Dental/app_page1/input__address"), Address): Text 'CKRQHhGT' is set on object 'Object Repository/mobileSanity/Dental/app_page1/input__address'

2019-07-12 17:51:18 - [MESSAGE][PASSED] - Text 'CKRQHhGT' is set on object 'Object Repository/mobileSanity/Dental/app_page1/input__address'

2019-07-12 17:51:18 - [TEST_STEP][PASSED] - setText(findTestObject("mobileSanity/Dental/app_page1/input__city"), City): Text 'wGXJRSpX' is set on object 'Object Repository/mobileSanity/Dental/app_page1/input__city'

2019-07-12 17:51:19 - [MESSAGE][PASSED] - Text 'wGXJRSpX' is set on object 'Object Repository/mobileSanity/Dental/app_page1/input__city'

2019-07-12 17:51:19 - [TEST_STEP][PASSED] - setText(findTestObject("mobileSanity/Dental/app_page1/input__email"), AutoEmail): Text 'test.mPDuWyUG@suryani.cn' is set on object 'Object Repository/mobileSanity/Dental/app_page1/input__email'

2019-07-12 17:51:19 - [MESSAGE][PASSED] - Text 'test.mPDuWyUG@suryani.cn' is set on object 'Object Repository/mobileSanity/Dental/app_page1/input__email'

2019-07-12 17:51:19 - [TEST_STEP][PASSED] - setText(findTestObject("mobileSanity/Dental/app_page1/input_phone"), Tel): Text '322-978-2547' is set on object 'Object Repository/mobileSanity/Dental/app_page1/input_phone'

2019-07-12 17:51:19 - [MESSAGE][PASSED] - Text '322-978-2547' is set on object 'Object Repository/mobileSanity/Dental/app_page1/input_phone'

2019-07-12 17:51:19 - [TEST_STEP][PASSED] - click(findTestObject("mobileSanity/Dental/app_page1/a_Continue to Step 2 - Payment")): Object: 'Object Repository/mobileSanity/Dental/app_page1/a_Continue to Step 2 - Payment' is clicked on

2019-07-12 17:51:19 - [MESSAGE][PASSED] - Object: 'Object Repository/mobileSanity/Dental/app_page1/a_Continue to Step 2 - Payment' is clicked on

2019-07-12 17:51:19 - [TEST_STEP][PASSED] - waitForPageLoad(10): Wait for page load successfully

2019-07-12 17:51:19 - [MESSAGE][PASSED] - Wait for page load successfully

2019-07-12 17:51:19 - [TEST_STEP][PASSED] - Thread.sleep(2000): null

2019-07-12 17:51:21 - [TEST_STEP][PASSED] - callTestCase(findTestCase("mobileWeb/_include/get_screenshot"), [:], STOP_ON_FAILURE): Call Test Case 'Test Cases/mobileWeb/_include/get_screenshot' successfully

2019-07-12 17:51:22 - [TEST_CASE][PASSED] - Test Cases/mobileWeb/_include/get_screenshot: Test Cases/mobileWeb/_include/get_screenshot

2019-07-12 17:51:22 - [TEST_STEP][PASSED] - takeScreenshot(screenPath + i + ".png"): Taking screenshot successfully

2019-07-12 17:51:22 - [MESSAGE][PASSED] - Taking screenshot successfully
[[ATTACHMENT|D:\\Test\\AgileTest\\AgileTest\\Reports\\mobileWeb\\dental\\20190712_175022\\../Screenshots/iPhone 6/dental/National General/20190712_175028/7.png]]

2019-07-12 17:51:22 - [TEST_STEP][PASSED] - (internal.GlobalVariable.i++): null

2019-07-12 17:51:22 - [MESSAGE][PASSED] - Call Test Case 'Test Cases/mobileWeb/_include/get_screenshot' successfully

2019-07-12 17:51:22 - [TEST_STEP][PASSED] - if (carrier == "usa"): null

2019-07-12 17:51:22 - [TEST_STEP][PASSED] - setText(findTestObject("mobileSanity/Dental/app_page2/input__credit-card-first"), FirstName): Text 'Test-123' is set on object 'Object Repository/mobileSanity/Dental/app_page2/input__credit-card-first'

2019-07-12 17:51:23 - [MESSAGE][PASSED] - Text 'Test-123' is set on object 'Object Repository/mobileSanity/Dental/app_page2/input__credit-card-first'

2019-07-12 17:51:23 - [TEST_STEP][PASSED] - setText(findTestObject("mobileSanity/Dental/app_page2/input__credit-card-last"), LastName): Text 'ZZ11-aKjHkwDb' is set on object 'Object Repository/mobileSanity/Dental/app_page2/input__credit-card-last'

2019-07-12 17:51:23 - [MESSAGE][PASSED] - Text 'ZZ11-aKjHkwDb' is set on object 'Object Repository/mobileSanity/Dental/app_page2/input__credit-card-last'

2019-07-12 17:51:23 - [TEST_STEP][PASSED] - selectOptionByValue(findTestObject("mobileSanity/Dental/app_page2/select_MM010203040506070809101"), "12", true): All options with value '12' are selected in object 'Object Repository/mobileSanity/Dental/app_page2/select_MM010203040506070809101'  using regular expression

2019-07-12 17:51:23 - [MESSAGE][PASSED] - All options with value '12' are selected in object 'Object Repository/mobileSanity/Dental/app_page2/select_MM010203040506070809101'  using regular expression

2019-07-12 17:51:23 - [TEST_STEP][PASSED] - selectOptionByValue(findTestObject("mobileSanity/Dental/app_page2/select_YYYY2019202020212022202"), "2026", true): All options with value '2026' are selected in object 'Object Repository/mobileSanity/Dental/app_page2/select_YYYY2019202020212022202'  using regular expression

2019-07-12 17:51:24 - [MESSAGE][PASSED] - All options with value '2026' are selected in object 'Object Repository/mobileSanity/Dental/app_page2/select_YYYY2019202020212022202'  using regular expression

2019-07-12 17:51:24 - [TEST_STEP][PASSED] - setText(findTestObject("mobileSanity/Dental/app_page2/input__credit-card-number"), "4111111111111111"): Text '4111111111111111' is set on object 'Object Repository/mobileSanity/Dental/app_page2/input__credit-card-number'

2019-07-12 17:51:24 - [MESSAGE][PASSED] - Text '4111111111111111' is set on object 'Object Repository/mobileSanity/Dental/app_page2/input__credit-card-number'

2019-07-12 17:51:24 - [TEST_STEP][PASSED] - setText(findTestObject("mobileSanity/Dental/app_page2/input__cvv"), "123"): Text '123' is set on object 'Object Repository/mobileSanity/Dental/app_page2/input__cvv'

2019-07-12 17:51:24 - [MESSAGE][PASSED] - Text '123' is set on object 'Object Repository/mobileSanity/Dental/app_page2/input__cvv'

2019-07-12 17:51:24 - [TEST_STEP][PASSED] - click(findTestObject("mobileSanity/Dental/app_page2/label_My billing address is th")): Object: 'Object Repository/mobileSanity/Dental/app_page2/label_My billing address is th' is clicked on

2019-07-12 17:51:24 - [MESSAGE][PASSED] - Object: 'Object Repository/mobileSanity/Dental/app_page2/label_My billing address is th' is clicked on

2019-07-12 17:51:24 - [TEST_STEP][PASSED] - click(findTestObject("mobileSanity/Dental/app_page2/label_I Accept Authorization f")): Object: 'Object Repository/mobileSanity/Dental/app_page2/label_I Accept Authorization f' is clicked on

2019-07-12 17:51:25 - [MESSAGE][PASSED] - Object: 'Object Repository/mobileSanity/Dental/app_page2/label_I Accept Authorization f' is clicked on

2019-07-12 17:51:25 - [TEST_STEP][PASSED] - click(findTestObject("mobileSanity/Dental/app_page2/a_Continue to Step 3 - Review")): Object: 'Object Repository/mobileSanity/Dental/app_page2/a_Continue to Step 3 - Review' is clicked on

2019-07-12 17:51:25 - [MESSAGE][PASSED] - Object: 'Object Repository/mobileSanity/Dental/app_page2/a_Continue to Step 3 - Review' is clicked on

2019-07-12 17:51:25 - [TEST_STEP][PASSED] - waitForPageLoad(10): Wait for page load successfully

2019-07-12 17:51:25 - [MESSAGE][PASSED] - Wait for page load successfully

2019-07-12 17:51:25 - [TEST_STEP][PASSED] - Thread.sleep(2000): null

2019-07-12 17:51:27 - [TEST_STEP][PASSED] - callTestCase(findTestCase("mobileWeb/_include/get_screenshot"), [:], STOP_ON_FAILURE): Call Test Case 'Test Cases/mobileWeb/_include/get_screenshot' successfully

2019-07-12 17:51:27 - [TEST_CASE][PASSED] - Test Cases/mobileWeb/_include/get_screenshot: Test Cases/mobileWeb/_include/get_screenshot

2019-07-12 17:51:27 - [TEST_STEP][PASSED] - takeScreenshot(screenPath + i + ".png"): Taking screenshot successfully

2019-07-12 17:51:27 - [MESSAGE][PASSED] - Taking screenshot successfully
[[ATTACHMENT|D:\\Test\\AgileTest\\AgileTest\\Reports\\mobileWeb\\dental\\20190712_175022\\../Screenshots/iPhone 6/dental/National General/20190712_175028/8.png]]

2019-07-12 17:51:27 - [TEST_STEP][PASSED] - (internal.GlobalVariable.i++): null

2019-07-12 17:51:27 - [MESSAGE][PASSED] - Call Test Case 'Test Cases/mobileWeb/_include/get_screenshot' successfully

2019-07-12 17:51:27 - [TEST_STEP][PASSED] - click(findTestObject("mobileSanity/Dental/app_page3/label")): Object: 'Object Repository/mobileSanity/Dental/app_page3/label' is clicked on

2019-07-12 17:51:28 - [MESSAGE][PASSED] - Object: 'Object Repository/mobileSanity/Dental/app_page3/label' is clicked on

2019-07-12 17:51:28 - [TEST_STEP][PASSED] - click(findTestObject("mobileSanity/Dental/app_page3/p_CLICK TO SIGN")): Object: 'Object Repository/mobileSanity/Dental/app_page3/p_CLICK TO SIGN' is clicked on

2019-07-12 17:51:28 - [MESSAGE][PASSED] - Object: 'Object Repository/mobileSanity/Dental/app_page3/p_CLICK TO SIGN' is clicked on

2019-07-12 17:51:28 - [TEST_STEP][PASSED] - click(findTestObject("mobileSanity/Dental/app_page3/a_Submit Your Application")): Object: 'Object Repository/mobileSanity/Dental/app_page3/a_Submit Your Application' is clicked on

2019-07-12 17:51:28 - [MESSAGE][PASSED] - Object: 'Object Repository/mobileSanity/Dental/app_page3/a_Submit Your Application' is clicked on

2019-07-12 17:51:28 - [TEST_STEP][PASSED] - Thread.sleep(50000): null

2019-07-12 17:52:18 - [TEST_STEP][PASSED] - callTestCase(findTestCase("mobileWeb/_include/get_screenshot"), [:], STOP_ON_FAILURE): Call Test Case 'Test Cases/mobileWeb/_include/get_screenshot' successfully

2019-07-12 17:52:18 - [TEST_CASE][PASSED] - Test Cases/mobileWeb/_include/get_screenshot: Test Cases/mobileWeb/_include/get_screenshot

2019-07-12 17:52:18 - [TEST_STEP][PASSED] - takeScreenshot(screenPath + i + ".png"): Taking screenshot successfully

2019-07-12 17:52:18 - [MESSAGE][PASSED] - Taking screenshot successfully
[[ATTACHMENT|D:\\Test\\AgileTest\\AgileTest\\Reports\\mobileWeb\\dental\\20190712_175022\\../Screenshots/iPhone 6/dental/National General/20190712_175028/9.png]]

2019-07-12 17:52:18 - [TEST_STEP][PASSED] - (internal.GlobalVariable.i++): null

2019-07-12 17:52:18 - [MESSAGE][PASSED] - Call Test Case 'Test Cases/mobileWeb/_include/get_screenshot' successfully

2019-07-12 17:52:18 - [TEST_STEP][PASSED] - verifyTextPresent("Congratulations", false): Text 'Congratulations' is present on page 

2019-07-12 17:52:19 - [MESSAGE][PASSED] - Text 'Congratulations' is present on page 

2019-07-12 17:52:19 - [MESSAGE][PASSED] - Call Test Case 'Test Cases/mobileWeb/_include/goToEnd_dental' successfully]]></system-out>
         <system-err><![CDATA[]]></system-err>
      </testcase>
      <testcase name="Test Cases/mobileWeb/Dental/Nationwide" classname="Test Cases/mobileWeb/Dental/Nationwide" status="PASSED">
         <system-out><![CDATA[2019-07-12 17:52:19 - [TEST_CASE][PASSED] - Test Cases/mobileWeb/Dental/Nationwide: Test Cases/mobileWeb/Dental/Nationwide

2019-07-12 17:52:19 - [TEST_STEP][PASSED] - callTestCase(findTestCase("mobileWeb/_include/get_screenPath"), ["productLine":"dental", "carrierName":"Nationwide"], CONTINUE_ON_FAILURE): Call Test Case 'Test Cases/mobileWeb/_include/get_screenPath' successfully

2019-07-12 17:52:19 - [TEST_CASE][PASSED] - Test Cases/mobileWeb/_include/get_screenPath: Test Cases/mobileWeb/_include/get_screenPath

2019-07-12 17:52:19 - [TEST_STEP][PASSED] - m = getExecutionProperties(): null

2019-07-12 17:52:19 - [TEST_STEP][PASSED] - deviceName = get("mobileEmulation").get("deviceName"): null

2019-07-12 17:52:19 - [TEST_STEP][PASSED] - println(deviceName): null

2019-07-12 17:52:19 - [TEST_STEP][PASSED] - now = new java.util.Date(): null

2019-07-12 17:52:19 - [TEST_STEP][PASSED] - mydate = now.format("yyyyMMdd_HHmmss"): null

2019-07-12 17:52:19 - [TEST_STEP][PASSED] - screenPath = "../Screenshots/": null

2019-07-12 17:52:19 - [TEST_STEP][PASSED] - screenPath = screenPath + deviceName + "/" + productLine + "/" + carrierName + "/" + mydate + "/": null

2019-07-12 17:52:19 - [TEST_STEP][PASSED] - println(screenPath): null

2019-07-12 17:52:19 - [MESSAGE][PASSED] - Call Test Case 'Test Cases/mobileWeb/_include/get_screenPath' successfully

2019-07-12 17:52:19 - [TEST_STEP][PASSED] - i = 0: null

2019-07-12 17:52:19 - [TEST_STEP][PASSED] - callTestCase(findTestCase("mobileWeb/_include/openWebSite"), [:], STOP_ON_FAILURE): Call Test Case 'Test Cases/mobileWeb/_include/openWebSite' successfully

2019-07-12 17:52:19 - [TEST_CASE][PASSED] - Test Cases/mobileWeb/_include/openWebSite: Test Cases/mobileWeb/_include/openWebSite

2019-07-12 17:52:19 - [TEST_STEP][PASSED] - openBrowser(ENV): Browser is opened with url: 'https://praetemptatus.agilehealthinsurance.com'

2019-07-12 17:52:19 - [MESSAGE][WARNING] - A browser is already opened. Closing browser and opening a new one

2019-07-12 17:52:20 - [MESSAGE][INFO] - Starting 'Chrome' driver

2019-07-12 17:52:20 - [MESSAGE][INFO] - User set preference: ['mobileEmulation', '{deviceName=iPhone 6}']

2019-07-12 17:52:20 - [MESSAGE][INFO] - User set preference: ['args', '[--incognito, --aggressive-cache-discard, --window-size=375,677, --no-sandbox]']

2019-07-12 17:52:28 - [MESSAGE][PASSED] - Browser is opened with url: 'https://praetemptatus.agilehealthinsurance.com'

2019-07-12 17:52:28 - [TEST_STEP][PASSED] - waitForPageLoad(10): Wait for page load successfully

2019-07-12 17:52:28 - [MESSAGE][PASSED] - Wait for page load successfully

2019-07-12 17:52:28 - [TEST_STEP][PASSED] - callTestCase(findTestCase("mobileWeb/_include/get_screenshot"), [:], STOP_ON_FAILURE): Call Test Case 'Test Cases/mobileWeb/_include/get_screenshot' successfully

2019-07-12 17:52:28 - [TEST_CASE][PASSED] - Test Cases/mobileWeb/_include/get_screenshot: Test Cases/mobileWeb/_include/get_screenshot

2019-07-12 17:52:28 - [TEST_STEP][PASSED] - takeScreenshot(screenPath + i + ".png"): Taking screenshot successfully

2019-07-12 17:52:28 - [MESSAGE][PASSED] - Taking screenshot successfully
[[ATTACHMENT|D:\\Test\\AgileTest\\AgileTest\\Reports\\mobileWeb\\dental\\20190712_175022\\../Screenshots/iPhone 6/dental/Nationwide/20190712_175219/0.png]]

2019-07-12 17:52:28 - [TEST_STEP][PASSED] - (internal.GlobalVariable.i++): null

2019-07-12 17:52:28 - [MESSAGE][PASSED] - Call Test Case 'Test Cases/mobileWeb/_include/get_screenshot' successfully

2019-07-12 17:52:28 - [MESSAGE][PASSED] - Call Test Case 'Test Cases/mobileWeb/_include/openWebSite' successfully

2019-07-12 17:52:28 - [TEST_STEP][PASSED] - callTestCase(findTestCase("mobileWeb/_include/census_dental"), [:], STOP_ON_FAILURE): Call Test Case 'Test Cases/mobileWeb/_include/census_dental' successfully

2019-07-12 17:52:28 - [TEST_CASE][PASSED] - Test Cases/mobileWeb/_include/census_dental: Test Cases/mobileWeb/_include/census_dental

2019-07-12 17:52:29 - [TEST_STEP][PASSED] - click(findTestObject("mobileSanity/Common/side_nav/menu")): Object: 'Object Repository/mobileSanity/Common/side_nav/menu' is clicked on

2019-07-12 17:52:29 - [MESSAGE][PASSED] - Object: 'Object Repository/mobileSanity/Common/side_nav/menu' is clicked on

2019-07-12 17:52:29 - [TEST_STEP][PASSED] - Thread.sleep(3000): null

2019-07-12 17:52:32 - [TEST_STEP][PASSED] - callTestCase(findTestCase("mobileWeb/_include/get_screenshot"), [:], STOP_ON_FAILURE): Call Test Case 'Test Cases/mobileWeb/_include/get_screenshot' successfully

2019-07-12 17:52:32 - [TEST_CASE][PASSED] - Test Cases/mobileWeb/_include/get_screenshot: Test Cases/mobileWeb/_include/get_screenshot

2019-07-12 17:52:32 - [TEST_STEP][PASSED] - takeScreenshot(screenPath + i + ".png"): Taking screenshot successfully

2019-07-12 17:52:33 - [MESSAGE][PASSED] - Taking screenshot successfully
[[ATTACHMENT|D:\\Test\\AgileTest\\AgileTest\\Reports\\mobileWeb\\dental\\20190712_175022\\../Screenshots/iPhone 6/dental/Nationwide/20190712_175219/1.png]]

2019-07-12 17:52:33 - [TEST_STEP][PASSED] - (internal.GlobalVariable.i++): null

2019-07-12 17:52:33 - [MESSAGE][PASSED] - Call Test Case 'Test Cases/mobileWeb/_include/get_screenshot' successfully

2019-07-12 17:52:33 - [TEST_STEP][PASSED] - click(findTestObject("mobileSanity/Common/side_nav/nav_dental")): Object: 'Object Repository/mobileSanity/Common/side_nav/nav_dental' is clicked on

2019-07-12 17:52:35 - [MESSAGE][PASSED] - Object: 'Object Repository/mobileSanity/Common/side_nav/nav_dental' is clicked on

2019-07-12 17:52:35 - [TEST_STEP][PASSED] - waitForPageLoad(10): Wait for page load successfully

2019-07-12 17:52:35 - [MESSAGE][PASSED] - Wait for page load successfully

2019-07-12 17:52:35 - [TEST_STEP][PASSED] - callTestCase(findTestCase("mobileWeb/_include/get_screenshot"), [:], STOP_ON_FAILURE): Call Test Case 'Test Cases/mobileWeb/_include/get_screenshot' successfully

2019-07-12 17:52:35 - [TEST_CASE][PASSED] - Test Cases/mobileWeb/_include/get_screenshot: Test Cases/mobileWeb/_include/get_screenshot

2019-07-12 17:52:35 - [TEST_STEP][PASSED] - takeScreenshot(screenPath + i + ".png"): Taking screenshot successfully

2019-07-12 17:52:36 - [MESSAGE][PASSED] - Taking screenshot successfully
[[ATTACHMENT|D:\\Test\\AgileTest\\AgileTest\\Reports\\mobileWeb\\dental\\20190712_175022\\../Screenshots/iPhone 6/dental/Nationwide/20190712_175219/2.png]]

2019-07-12 17:52:36 - [TEST_STEP][PASSED] - (internal.GlobalVariable.i++): null

2019-07-12 17:52:36 - [MESSAGE][PASSED] - Call Test Case 'Test Cases/mobileWeb/_include/get_screenshot' successfully

2019-07-12 17:52:36 - [TEST_STEP][PASSED] - sendKeys(findTestObject("mobileSanity/Dental/census/input_Location_zip-input"), zipcode): Keys '35215' sent to object: 'Object Repository/mobileSanity/Dental/census/input_Location_zip-input'

2019-07-12 17:52:36 - [MESSAGE][PASSED] - Keys '35215' sent to object: 'Object Repository/mobileSanity/Dental/census/input_Location_zip-input'

2019-07-12 17:52:36 - [TEST_STEP][PASSED] - Thread.sleep(500): null

2019-07-12 17:52:36 - [TEST_STEP][PASSED] - setText(findTestObject("mobileSanity/Dental/census/input_Date of Birth_dob-0"), "12121980"): Text '12121980' is set on object 'Object Repository/mobileSanity/Dental/census/input_Date of Birth_dob-0'

2019-07-12 17:52:37 - [MESSAGE][PASSED] - Text '12121980' is set on object 'Object Repository/mobileSanity/Dental/census/input_Date of Birth_dob-0'

2019-07-12 17:52:37 - [TEST_STEP][PASSED] - click(findTestObject("mobileSanity/Dental/census/label_Male")): Object: 'Object Repository/mobileSanity/Dental/census/label_Male' is clicked on

2019-07-12 17:52:37 - [MESSAGE][PASSED] - Object: 'Object Repository/mobileSanity/Dental/census/label_Male' is clicked on

2019-07-12 17:52:37 - [TEST_STEP][PASSED] - click(findTestObject("mobileSanity/Dental/census/label_Compare Dental Insurance")): Object: 'Object Repository/mobileSanity/Dental/census/label_Compare Dental Insurance' is clicked on

2019-07-12 17:52:41 - [MESSAGE][PASSED] - Object: 'Object Repository/mobileSanity/Dental/census/label_Compare Dental Insurance' is clicked on

2019-07-12 17:52:41 - [TEST_STEP][PASSED] - waitForPageLoad(10): Wait for page load successfully

2019-07-12 17:52:42 - [MESSAGE][PASSED] - Wait for page load successfully

2019-07-12 17:52:42 - [TEST_STEP][PASSED] - Thread.sleep(2000): null

2019-07-12 17:52:44 - [TEST_STEP][PASSED] - callTestCase(findTestCase("mobileWeb/_include/get_screenshot"), [:], STOP_ON_FAILURE): Call Test Case 'Test Cases/mobileWeb/_include/get_screenshot' successfully

2019-07-12 17:52:44 - [TEST_CASE][PASSED] - Test Cases/mobileWeb/_include/get_screenshot: Test Cases/mobileWeb/_include/get_screenshot

2019-07-12 17:52:44 - [TEST_STEP][PASSED] - takeScreenshot(screenPath + i + ".png"): Taking screenshot successfully

2019-07-12 17:52:44 - [MESSAGE][PASSED] - Taking screenshot successfully
[[ATTACHMENT|D:\\Test\\AgileTest\\AgileTest\\Reports\\mobileWeb\\dental\\20190712_175022\\../Screenshots/iPhone 6/dental/Nationwide/20190712_175219/3.png]]

2019-07-12 17:52:44 - [TEST_STEP][PASSED] - (internal.GlobalVariable.i++): null

2019-07-12 17:52:44 - [MESSAGE][PASSED] - Call Test Case 'Test Cases/mobileWeb/_include/get_screenshot' successfully

2019-07-12 17:52:44 - [MESSAGE][PASSED] - Call Test Case 'Test Cases/mobileWeb/_include/census_dental' successfully

2019-07-12 17:52:44 - [TEST_STEP][PASSED] - click(findTestObject("mobileSanity/Dental/filter/btn_filter")): Object: 'Object Repository/mobileSanity/Dental/filter/btn_filter' is clicked on

2019-07-12 17:52:44 - [MESSAGE][PASSED] - Object: 'Object Repository/mobileSanity/Dental/filter/btn_filter' is clicked on

2019-07-12 17:52:44 - [TEST_STEP][PASSED] - Thread.sleep(1000): null

2019-07-12 17:52:45 - [TEST_STEP][PASSED] - waitForElementVisible(findTestObject("mobileSanity/Dental/filter/btn_company"), 10): Object 'Object Repository/mobileSanity/Dental/filter/btn_company' is visible

2019-07-12 17:52:45 - [MESSAGE][PASSED] - Object 'Object Repository/mobileSanity/Dental/filter/btn_company' is visible

2019-07-12 17:52:45 - [TEST_STEP][PASSED] - click(findTestObject("mobileSanity/Dental/filter/btn_company")): Object: 'Object Repository/mobileSanity/Dental/filter/btn_company' is clicked on

2019-07-12 17:52:46 - [MESSAGE][PASSED] - Object: 'Object Repository/mobileSanity/Dental/filter/btn_company' is clicked on

2019-07-12 17:52:46 - [TEST_STEP][PASSED] - Thread.sleep(2000): null

2019-07-12 17:52:48 - [TEST_STEP][PASSED] - click(findTestObject("mobileSanity/Dental/filter/btn_nationwide")): Object: 'Object Repository/mobileSanity/Dental/filter/btn_nationwide' is clicked on

2019-07-12 17:52:48 - [MESSAGE][PASSED] - Object: 'Object Repository/mobileSanity/Dental/filter/btn_nationwide' is clicked on

2019-07-12 17:52:48 - [TEST_STEP][PASSED] - waitForJQueryLoad(20, STOP_ON_FAILURE): jQuery is ready.

2019-07-12 17:52:49 - [MESSAGE][PASSED] - jQuery is ready.

2019-07-12 17:52:49 - [TEST_STEP][PASSED] - callTestCase(findTestCase("mobileWeb/_include/get_screenshot"), [:], STOP_ON_FAILURE): Call Test Case 'Test Cases/mobileWeb/_include/get_screenshot' successfully

2019-07-12 17:52:49 - [TEST_CASE][PASSED] - Test Cases/mobileWeb/_include/get_screenshot: Test Cases/mobileWeb/_include/get_screenshot

2019-07-12 17:52:49 - [TEST_STEP][PASSED] - takeScreenshot(screenPath + i + ".png"): Taking screenshot successfully

2019-07-12 17:52:50 - [MESSAGE][PASSED] - Taking screenshot successfully
[[ATTACHMENT|D:\\Test\\AgileTest\\AgileTest\\Reports\\mobileWeb\\dental\\20190712_175022\\../Screenshots/iPhone 6/dental/Nationwide/20190712_175219/4.png]]

2019-07-12 17:52:50 - [TEST_STEP][PASSED] - (internal.GlobalVariable.i++): null

2019-07-12 17:52:50 - [MESSAGE][PASSED] - Call Test Case 'Test Cases/mobileWeb/_include/get_screenshot' successfully

2019-07-12 17:52:50 - [TEST_STEP][PASSED] - click(findTestObject("mobileSanity/Dental/filter/btn_filter")): Object: 'Object Repository/mobileSanity/Dental/filter/btn_filter' is clicked on

2019-07-12 17:52:50 - [MESSAGE][PASSED] - Object: 'Object Repository/mobileSanity/Dental/filter/btn_filter' is clicked on

2019-07-12 17:52:50 - [TEST_STEP][PASSED] - click(findTestObject("mobileSanity/Dental/quote/a_Select This Plan")): Object: 'Object Repository/mobileSanity/Dental/quote/a_Select This Plan' is clicked on

2019-07-12 17:52:52 - [MESSAGE][PASSED] - Object: 'Object Repository/mobileSanity/Dental/quote/a_Select This Plan' is clicked on

2019-07-12 17:52:52 - [TEST_STEP][PASSED] - waitForPageLoad(10): Wait for page load successfully

2019-07-12 17:52:53 - [MESSAGE][PASSED] - Wait for page load successfully

2019-07-12 17:52:53 - [TEST_STEP][PASSED] - callTestCase(findTestCase("mobileWeb/_include/get_screenshot"), [:], STOP_ON_FAILURE): Call Test Case 'Test Cases/mobileWeb/_include/get_screenshot' successfully

2019-07-12 17:52:53 - [TEST_CASE][PASSED] - Test Cases/mobileWeb/_include/get_screenshot: Test Cases/mobileWeb/_include/get_screenshot

2019-07-12 17:52:53 - [TEST_STEP][PASSED] - takeScreenshot(screenPath + i + ".png"): Taking screenshot successfully

2019-07-12 17:52:53 - [MESSAGE][PASSED] - Taking screenshot successfully
[[ATTACHMENT|D:\\Test\\AgileTest\\AgileTest\\Reports\\mobileWeb\\dental\\20190712_175022\\../Screenshots/iPhone 6/dental/Nationwide/20190712_175219/5.png]]

2019-07-12 17:52:53 - [TEST_STEP][PASSED] - (internal.GlobalVariable.i++): null

2019-07-12 17:52:53 - [MESSAGE][PASSED] - Call Test Case 'Test Cases/mobileWeb/_include/get_screenshot' successfully

2019-07-12 17:52:53 - [TEST_STEP][PASSED] - click(findTestObject("mobileSanity/Dental/apply/span_Start Secure Application")): Object: 'Object Repository/mobileSanity/Dental/apply/span_Start Secure Application' is clicked on

2019-07-12 17:52:55 - [MESSAGE][PASSED] - Object: 'Object Repository/mobileSanity/Dental/apply/span_Start Secure Application' is clicked on

2019-07-12 17:52:55 - [TEST_STEP][PASSED] - waitForPageLoad(10): Wait for page load successfully

2019-07-12 17:52:55 - [MESSAGE][PASSED] - Wait for page load successfully

2019-07-12 17:52:55 - [TEST_STEP][PASSED] - callTestCase(findTestCase("mobileWeb/_include/get_screenshot"), [:], STOP_ON_FAILURE): Call Test Case 'Test Cases/mobileWeb/_include/get_screenshot' successfully

2019-07-12 17:52:56 - [TEST_CASE][PASSED] - Test Cases/mobileWeb/_include/get_screenshot: Test Cases/mobileWeb/_include/get_screenshot

2019-07-12 17:52:56 - [TEST_STEP][PASSED] - takeScreenshot(screenPath + i + ".png"): Taking screenshot successfully

2019-07-12 17:52:56 - [MESSAGE][PASSED] - Taking screenshot successfully
[[ATTACHMENT|D:\\Test\\AgileTest\\AgileTest\\Reports\\mobileWeb\\dental\\20190712_175022\\../Screenshots/iPhone 6/dental/Nationwide/20190712_175219/6.png]]

2019-07-12 17:52:56 - [TEST_STEP][PASSED] - (internal.GlobalVariable.i++): null

2019-07-12 17:52:56 - [MESSAGE][PASSED] - Call Test Case 'Test Cases/mobileWeb/_include/get_screenshot' successfully

2019-07-12 17:52:56 - [TEST_STEP][PASSED] - callTestCase(findTestCase("mobileWeb/_include/goToEnd_dental"), ["carrier":"nationwide"], STOP_ON_FAILURE): Call Test Case 'Test Cases/mobileWeb/_include/goToEnd_dental' successfully

2019-07-12 17:52:56 - [TEST_CASE][PASSED] - Test Cases/mobileWeb/_include/goToEnd_dental: Test Cases/mobileWeb/_include/goToEnd_dental

2019-07-12 17:52:56 - [TEST_STEP][PASSED] - callTestCase(findTestCase("mobileWeb/_include/name"), [:], CONTINUE_ON_FAILURE): Call Test Case 'Test Cases/mobileWeb/_include/name' successfully

2019-07-12 17:52:56 - [TEST_CASE][PASSED] - Test Cases/mobileWeb/_include/name: Test Cases/mobileWeb/_include/name

2019-07-12 17:52:56 - [TEST_STEP][PASSED] - driver = getWebDriver(): null

2019-07-12 17:52:56 - [TEST_STEP][PASSED] - selenium = new com.thoughtworks.selenium.webdriven.WebDriverBackedSelenium(driver, internal.GlobalVariable.ENV): null

2019-07-12 17:52:56 - [TEST_STEP][PASSED] - FirstName = "Test-123": null

2019-07-12 17:52:56 - [TEST_STEP][PASSED] - LastName = selenium.getEval("{var x="ABCDEFGHIJKLMNOPQRSTUVWXYZabcdefghijklmnopqrstuvwxyz"; var tmp="ZZ11-"; for (i=0;i<8;i++) tmp+=x.charAt(Math.ceil(51*Math.random()));tmp;}"): null

2019-07-12 17:52:56 - [TEST_STEP][PASSED] - Address = selenium.getEval("{var x="ABCDEFGHIJKLMNOPQRSTUVWXYZabcdefghijklmnopqrstuvwxyz"; var tmp=""; for (i=0;i<8;i++) tmp+=x.charAt(Math.ceil(51*Math.random()));tmp;}"): null

2019-07-12 17:52:56 - [TEST_STEP][PASSED] - City = selenium.getEval("{var x="ABCDEFGHIJKLMNOPQRSTUVWXYZabcdefghijklmnopqrstuvwxyz"; var tmp=""; for (i=0;i<8;i++) tmp+=x.charAt(Math.ceil(51*Math.random()));tmp;}"): null

2019-07-12 17:52:56 - [TEST_STEP][PASSED] - tel1 = selenium.getEval("{var x="123456789"; var tmp=""; for (i=0;i<3;i++) tmp+=x.charAt(Math.ceil(8*Math.random()));tmp;}"): null

2019-07-12 17:52:56 - [TEST_STEP][PASSED] - tel2 = selenium.getEval("{var x="123456789"; var tmp=""; for (i=0;i<3;i++) tmp+=x.charAt(Math.ceil(8*Math.random()));tmp;}"): null

2019-07-12 17:52:56 - [TEST_STEP][PASSED] - tel3 = selenium.getEval("{var x="123456789"; var tmp=""; for (i=0;i<4;i++) tmp+=x.charAt(Math.ceil(8*Math.random()));tmp;}"): null

2019-07-12 17:52:56 - [TEST_STEP][PASSED] - Tel = selenium.getExpression(tel1 + "-" + tel2 + "-" + tel3): null

2019-07-12 17:52:56 - [TEST_STEP][PASSED] - AutoEmail = selenium.getEval("{var x="ABCDEFGHIJKLMNOPQRSTUVWXYZabcdefghijklmnopqrstuvwxyz"; var tmp="test."; for (i=0;i<8;i++) tmp+=x.charAt(Math.ceil(51*Math.random()));tmp+="@suryani.cn";}"): null

2019-07-12 17:52:56 - [TEST_STEP][PASSED] - FirstName = FirstName: null

2019-07-12 17:52:56 - [TEST_STEP][PASSED] - LastName = LastName: null

2019-07-12 17:52:56 - [TEST_STEP][PASSED] - Address = Address: null

2019-07-12 17:52:57 - [TEST_STEP][PASSED] - City = City: null

2019-07-12 17:52:57 - [TEST_STEP][PASSED] - Tel = Tel: null

2019-07-12 17:52:57 - [TEST_STEP][PASSED] - AutoEmail = AutoEmail: null

2019-07-12 17:52:57 - [TEST_STEP][PASSED] - println(FirstName): null

2019-07-12 17:52:57 - [TEST_STEP][PASSED] - println(LastName): null

2019-07-12 17:52:57 - [TEST_STEP][PASSED] - println(Address): null

2019-07-12 17:52:57 - [TEST_STEP][PASSED] - println(City): null

2019-07-12 17:52:57 - [TEST_STEP][PASSED] - println(Tel): null

2019-07-12 17:52:57 - [TEST_STEP][PASSED] - println(AutoEmail): null

2019-07-12 17:52:57 - [MESSAGE][PASSED] - Call Test Case 'Test Cases/mobileWeb/_include/name' successfully

2019-07-12 17:52:57 - [TEST_STEP][PASSED] - Thread.sleep(3000): null

2019-07-12 17:53:00 - [TEST_STEP][PASSED] - setText(findTestObject("mobileSanity/Dental/app_page1/input__member-P-1-firstName"), FirstName): Text 'Test-123' is set on object 'Object Repository/mobileSanity/Dental/app_page1/input__member-P-1-firstName'

2019-07-12 17:53:00 - [MESSAGE][PASSED] - Text 'Test-123' is set on object 'Object Repository/mobileSanity/Dental/app_page1/input__member-P-1-firstName'

2019-07-12 17:53:00 - [TEST_STEP][PASSED] - setText(findTestObject("mobileSanity/Dental/app_page1/input__member-P-1-lastName"), LastName): Text 'ZZ11-GYonMUce' is set on object 'Object Repository/mobileSanity/Dental/app_page1/input__member-P-1-lastName'

2019-07-12 17:53:00 - [MESSAGE][PASSED] - Text 'ZZ11-GYonMUce' is set on object 'Object Repository/mobileSanity/Dental/app_page1/input__member-P-1-lastName'

2019-07-12 17:53:00 - [TEST_STEP][PASSED] - setText(findTestObject("mobileSanity/Dental/app_page1/input__address"), Address): Text 'jWBloGPl' is set on object 'Object Repository/mobileSanity/Dental/app_page1/input__address'

2019-07-12 17:53:01 - [MESSAGE][PASSED] - Text 'jWBloGPl' is set on object 'Object Repository/mobileSanity/Dental/app_page1/input__address'

2019-07-12 17:53:01 - [TEST_STEP][PASSED] - setText(findTestObject("mobileSanity/Dental/app_page1/input__city"), City): Text 'ewUUxNEm' is set on object 'Object Repository/mobileSanity/Dental/app_page1/input__city'

2019-07-12 17:53:01 - [MESSAGE][PASSED] - Text 'ewUUxNEm' is set on object 'Object Repository/mobileSanity/Dental/app_page1/input__city'

2019-07-12 17:53:01 - [TEST_STEP][PASSED] - setText(findTestObject("mobileSanity/Dental/app_page1/input__email"), AutoEmail): Text 'test.uMONJxbP@suryani.cn' is set on object 'Object Repository/mobileSanity/Dental/app_page1/input__email'

2019-07-12 17:53:01 - [MESSAGE][PASSED] - Text 'test.uMONJxbP@suryani.cn' is set on object 'Object Repository/mobileSanity/Dental/app_page1/input__email'

2019-07-12 17:53:01 - [TEST_STEP][PASSED] - setText(findTestObject("mobileSanity/Dental/app_page1/input_phone"), Tel): Text '588-387-3594' is set on object 'Object Repository/mobileSanity/Dental/app_page1/input_phone'

2019-07-12 17:53:02 - [MESSAGE][PASSED] - Text '588-387-3594' is set on object 'Object Repository/mobileSanity/Dental/app_page1/input_phone'

2019-07-12 17:53:02 - [TEST_STEP][PASSED] - click(findTestObject("mobileSanity/Dental/app_page1/a_Continue to Step 2 - Payment")): Object: 'Object Repository/mobileSanity/Dental/app_page1/a_Continue to Step 2 - Payment' is clicked on

2019-07-12 17:53:02 - [MESSAGE][PASSED] - Object: 'Object Repository/mobileSanity/Dental/app_page1/a_Continue to Step 2 - Payment' is clicked on

2019-07-12 17:53:02 - [TEST_STEP][PASSED] - waitForPageLoad(10): Wait for page load successfully

2019-07-12 17:53:02 - [MESSAGE][PASSED] - Wait for page load successfully

2019-07-12 17:53:02 - [TEST_STEP][PASSED] - Thread.sleep(2000): null

2019-07-12 17:53:04 - [TEST_STEP][PASSED] - callTestCase(findTestCase("mobileWeb/_include/get_screenshot"), [:], STOP_ON_FAILURE): Call Test Case 'Test Cases/mobileWeb/_include/get_screenshot' successfully

2019-07-12 17:53:04 - [TEST_CASE][PASSED] - Test Cases/mobileWeb/_include/get_screenshot: Test Cases/mobileWeb/_include/get_screenshot

2019-07-12 17:53:04 - [TEST_STEP][PASSED] - takeScreenshot(screenPath + i + ".png"): Taking screenshot successfully

2019-07-12 17:53:04 - [MESSAGE][PASSED] - Taking screenshot successfully
[[ATTACHMENT|D:\\Test\\AgileTest\\AgileTest\\Reports\\mobileWeb\\dental\\20190712_175022\\../Screenshots/iPhone 6/dental/Nationwide/20190712_175219/7.png]]

2019-07-12 17:53:04 - [TEST_STEP][PASSED] - (internal.GlobalVariable.i++): null

2019-07-12 17:53:04 - [MESSAGE][PASSED] - Call Test Case 'Test Cases/mobileWeb/_include/get_screenshot' successfully

2019-07-12 17:53:04 - [TEST_STEP][PASSED] - if (carrier == "usa"): null

2019-07-12 17:53:04 - [TEST_STEP][PASSED] - setText(findTestObject("mobileSanity/Dental/app_page2/input__credit-card-first"), FirstName): Text 'Test-123' is set on object 'Object Repository/mobileSanity/Dental/app_page2/input__credit-card-first'

2019-07-12 17:53:05 - [MESSAGE][PASSED] - Text 'Test-123' is set on object 'Object Repository/mobileSanity/Dental/app_page2/input__credit-card-first'

2019-07-12 17:53:05 - [TEST_STEP][PASSED] - setText(findTestObject("mobileSanity/Dental/app_page2/input__credit-card-last"), LastName): Text 'ZZ11-GYonMUce' is set on object 'Object Repository/mobileSanity/Dental/app_page2/input__credit-card-last'

2019-07-12 17:53:05 - [MESSAGE][PASSED] - Text 'ZZ11-GYonMUce' is set on object 'Object Repository/mobileSanity/Dental/app_page2/input__credit-card-last'

2019-07-12 17:53:05 - [TEST_STEP][PASSED] - selectOptionByValue(findTestObject("mobileSanity/Dental/app_page2/select_MM010203040506070809101"), "12", true): All options with value '12' are selected in object 'Object Repository/mobileSanity/Dental/app_page2/select_MM010203040506070809101'  using regular expression

2019-07-12 17:53:05 - [MESSAGE][PASSED] - All options with value '12' are selected in object 'Object Repository/mobileSanity/Dental/app_page2/select_MM010203040506070809101'  using regular expression

2019-07-12 17:53:05 - [TEST_STEP][PASSED] - selectOptionByValue(findTestObject("mobileSanity/Dental/app_page2/select_YYYY2019202020212022202"), "2026", true): All options with value '2026' are selected in object 'Object Repository/mobileSanity/Dental/app_page2/select_YYYY2019202020212022202'  using regular expression

2019-07-12 17:53:06 - [MESSAGE][PASSED] - All options with value '2026' are selected in object 'Object Repository/mobileSanity/Dental/app_page2/select_YYYY2019202020212022202'  using regular expression

2019-07-12 17:53:06 - [TEST_STEP][PASSED] - setText(findTestObject("mobileSanity/Dental/app_page2/input__credit-card-number"), "4111111111111111"): Text '4111111111111111' is set on object 'Object Repository/mobileSanity/Dental/app_page2/input__credit-card-number'

2019-07-12 17:53:06 - [MESSAGE][PASSED] - Text '4111111111111111' is set on object 'Object Repository/mobileSanity/Dental/app_page2/input__credit-card-number'

2019-07-12 17:53:06 - [TEST_STEP][PASSED] - setText(findTestObject("mobileSanity/Dental/app_page2/input__cvv"), "123"): Text '123' is set on object 'Object Repository/mobileSanity/Dental/app_page2/input__cvv'

2019-07-12 17:53:06 - [MESSAGE][PASSED] - Text '123' is set on object 'Object Repository/mobileSanity/Dental/app_page2/input__cvv'

2019-07-12 17:53:06 - [TEST_STEP][PASSED] - click(findTestObject("mobileSanity/Dental/app_page2/label_My billing address is th")): Object: 'Object Repository/mobileSanity/Dental/app_page2/label_My billing address is th' is clicked on

2019-07-12 17:53:07 - [MESSAGE][PASSED] - Object: 'Object Repository/mobileSanity/Dental/app_page2/label_My billing address is th' is clicked on

2019-07-12 17:53:07 - [TEST_STEP][PASSED] - click(findTestObject("mobileSanity/Dental/app_page2/label_I Accept Authorization f")): Object: 'Object Repository/mobileSanity/Dental/app_page2/label_I Accept Authorization f' is clicked on

2019-07-12 17:53:07 - [MESSAGE][PASSED] - Object: 'Object Repository/mobileSanity/Dental/app_page2/label_I Accept Authorization f' is clicked on

2019-07-12 17:53:07 - [TEST_STEP][PASSED] - click(findTestObject("mobileSanity/Dental/app_page2/a_Continue to Step 3 - Review")): Object: 'Object Repository/mobileSanity/Dental/app_page2/a_Continue to Step 3 - Review' is clicked on

2019-07-12 17:53:07 - [MESSAGE][PASSED] - Object: 'Object Repository/mobileSanity/Dental/app_page2/a_Continue to Step 3 - Review' is clicked on

2019-07-12 17:53:07 - [TEST_STEP][PASSED] - waitForPageLoad(10): Wait for page load successfully

2019-07-12 17:53:07 - [MESSAGE][PASSED] - Wait for page load successfully

2019-07-12 17:53:07 - [TEST_STEP][PASSED] - Thread.sleep(2000): null

2019-07-12 17:53:09 - [TEST_STEP][PASSED] - callTestCase(findTestCase("mobileWeb/_include/get_screenshot"), [:], STOP_ON_FAILURE): Call Test Case 'Test Cases/mobileWeb/_include/get_screenshot' successfully

2019-07-12 17:53:09 - [TEST_CASE][PASSED] - Test Cases/mobileWeb/_include/get_screenshot: Test Cases/mobileWeb/_include/get_screenshot

2019-07-12 17:53:09 - [TEST_STEP][PASSED] - takeScreenshot(screenPath + i + ".png"): Taking screenshot successfully

2019-07-12 17:53:12 - [MESSAGE][PASSED] - Taking screenshot successfully
[[ATTACHMENT|D:\\Test\\AgileTest\\AgileTest\\Reports\\mobileWeb\\dental\\20190712_175022\\../Screenshots/iPhone 6/dental/Nationwide/20190712_175219/8.png]]

2019-07-12 17:53:12 - [TEST_STEP][PASSED] - (internal.GlobalVariable.i++): null

2019-07-12 17:53:12 - [MESSAGE][PASSED] - Call Test Case 'Test Cases/mobileWeb/_include/get_screenshot' successfully

2019-07-12 17:53:12 - [TEST_STEP][PASSED] - click(findTestObject("mobileSanity/Dental/app_page3/label")): Object: 'Object Repository/mobileSanity/Dental/app_page3/label' is clicked on

2019-07-12 17:53:19 - [MESSAGE][PASSED] - Object: 'Object Repository/mobileSanity/Dental/app_page3/label' is clicked on

2019-07-12 17:53:19 - [TEST_STEP][PASSED] - click(findTestObject("mobileSanity/Dental/app_page3/p_CLICK TO SIGN")): Object: 'Object Repository/mobileSanity/Dental/app_page3/p_CLICK TO SIGN' is clicked on

2019-07-12 17:53:19 - [MESSAGE][PASSED] - Object: 'Object Repository/mobileSanity/Dental/app_page3/p_CLICK TO SIGN' is clicked on

2019-07-12 17:53:19 - [TEST_STEP][PASSED] - click(findTestObject("mobileSanity/Dental/app_page3/a_Submit Your Application")): Object: 'Object Repository/mobileSanity/Dental/app_page3/a_Submit Your Application' is clicked on

2019-07-12 17:53:19 - [MESSAGE][PASSED] - Object: 'Object Repository/mobileSanity/Dental/app_page3/a_Submit Your Application' is clicked on

2019-07-12 17:53:19 - [TEST_STEP][PASSED] - Thread.sleep(50000): null

2019-07-12 17:54:09 - [TEST_STEP][PASSED] - callTestCase(findTestCase("mobileWeb/_include/get_screenshot"), [:], STOP_ON_FAILURE): Call Test Case 'Test Cases/mobileWeb/_include/get_screenshot' successfully

2019-07-12 17:54:09 - [TEST_CASE][PASSED] - Test Cases/mobileWeb/_include/get_screenshot: Test Cases/mobileWeb/_include/get_screenshot

2019-07-12 17:54:09 - [TEST_STEP][PASSED] - takeScreenshot(screenPath + i + ".png"): Taking screenshot successfully

2019-07-12 17:54:09 - [MESSAGE][PASSED] - Taking screenshot successfully
[[ATTACHMENT|D:\\Test\\AgileTest\\AgileTest\\Reports\\mobileWeb\\dental\\20190712_175022\\../Screenshots/iPhone 6/dental/Nationwide/20190712_175219/9.png]]

2019-07-12 17:54:09 - [TEST_STEP][PASSED] - (internal.GlobalVariable.i++): null

2019-07-12 17:54:09 - [MESSAGE][PASSED] - Call Test Case 'Test Cases/mobileWeb/_include/get_screenshot' successfully

2019-07-12 17:54:09 - [TEST_STEP][PASSED] - verifyTextPresent("Congratulations", false): Text 'Congratulations' is present on page 

2019-07-12 17:54:10 - [MESSAGE][PASSED] - Text 'Congratulations' is present on page 

2019-07-12 17:54:10 - [MESSAGE][PASSED] - Call Test Case 'Test Cases/mobileWeb/_include/goToEnd_dental' successfully]]></system-out>
         <system-err><![CDATA[]]></system-err>
      </testcase>
      <system-out><![CDATA[2019-07-12 17:50:26 - [TEST_SUITE][PASSED] - dental: Test Cases/mobileWeb/Dental/Nationwide]]></system-out>
      <system-err><![CDATA[]]></system-err>
   </testsuite>
</testsuites>
