<?xml version="1.0" encoding="UTF-8"?>
<testsuites name="mobileSanity" time="201" tests="0" failures="1" errors="0">
   <testsuite name="mobileSanity" tests="0" failures="1" errors="0" time="201" timestamp="2019-01-16 15:32:17" hostname="sofee.yu - windows10.microdone.cn" id="Test Suites/mobileWeb/mobileSanity">
      <properties>
         <property name="deviceName" value="samsung SM-G955F (Android 5.1.1)"/>
         <property name="devicePlatform" value=""/>
         <property name="logFolder" value="D:\\Test\\AgileTest\\AgileTest\\Reports\\mobileWeb\\mobileSanity\\20190116_153213"/>
         <property name="logFiles" value="D:\\Test\\AgileTest\\AgileTest\\Reports\\mobileWeb\\mobileSanity\\20190116_153213\\appium.log, D:\\Test\\AgileTest\\AgileTest\\Reports\\mobileWeb\\mobileSanity\\20190116_153213\\execution0.log"/>
         <property name="attachments" value="D:\\Test\\AgileTest\\AgileTest\\Reports\\mobileWeb\\mobileSanity\\20190116_153213\\Reports/screenshots/nationwide/1-home.png, D:\\Test\\AgileTest\\AgileTest\\Reports\\mobileWeb\\mobileSanity\\20190116_153213\\Reports/screenshots/nationwide/2-nav.png, D:\\Test\\AgileTest\\AgileTest\\Reports\\mobileWeb\\mobileSanity\\20190116_153213\\Reports/screenshots/nationwide/3-census.png, D:\\Test\\AgileTest\\AgileTest\\Reports\\mobileWeb\\mobileSanity\\20190116_153213\\Reports/screenshots/nationwide/4-quote.png, D:\\Test\\AgileTest\\AgileTest\\Reports\\mobileWeb\\mobileSanity\\20190116_153213\\Reports/screenshots/nationwide/5-apply.png, D:\\Test\\AgileTest\\AgileTest\\Reports\\mobileWeb\\mobileSanity\\20190116_153213\\Reports/screenshots/nationwide/6-app1.png, D:\\Test\\AgileTest\\AgileTest\\Reports\\mobileWeb\\mobileSanity\\20190116_153213\\Reports/screenshots/nationwide/7-app2.png, D:\\Test\\AgileTest\\AgileTest\\Reports\\mobileWeb\\mobileSanity\\20190116_153213\\Reports/screenshots/nationwide/8-app3.png, D:\\Test\\AgileTest\\AgileTest\\Reports\\mobileWeb\\mobileSanity\\20190116_153213\\Reports/screenshots/nationwide/confirmation.png, D:\\Test\\AgileTest\\AgileTest\\Reports\\mobileWeb\\mobileSanity\\20190116_153213\\1547624130983.png"/>
         <property name="hostName" value="sofee.yu - windows10.microdone.cn"/>
         <property name="os" value="Windows 7 64bit"/>
         <property name="katalonVersion" value="5.10.1.1"/>
         <property name="deviceOS" value="Android"/>
         <property name="appiumVersion" value="1.8.1"/>
         <property name="sessionId" value="0eaefb4d-ae9e-40d9-aca6-855940246786"/>
         <property name="deviceId" value="127.0.0.1:62025"/>
         <property name="deviceName" value="samsung SM-G955F (Android 5.1.1)"/>
         <property name="proxyInformation" value="ProxyInformation{proxyOption=NO_PROXY, proxyServerType=HTTP, password=, proxyServerAddress=, proxyServerPort=0}"/>
         <property name="deviceOSVersion" value="5.1.1"/>
         <property name="platform" value="Windows 7"/>
         <property name="browser" value="Chrome 71.0.3578.99"/>
         <property name="deviceModel" value="SM-G955F"/>
         <property name="hostAddress" value="172.16.86.47"/>
         <property name="deviceManufacturer" value="samsung"/>
         <property name="seleniumVersion" value="3.7.1"/>
      </properties>
      <testcase name="Test Cases/mobileWeb/Dental/Nationwide" classname="Test Cases/mobileWeb/Dental/Nationwide" status="FAILED">
         <failure type="FAILED" message="Test Cases/mobileWeb/Dental/Nationwide FAILED.
Reason:
com.kms.katalon.core.exception.StepFailedException: Unable to verify text '9-Congratulations' is present  (Root cause: com.kms.katalon.core.exception.StepFailedException: Text '9-Congratulations' is not present on page )
	at com.kms.katalon.core.keyword.internal.KeywordMain.stepFailed(KeywordMain.groovy:36)
	at com.kms.katalon.core.webui.keyword.internal.WebUIKeywordMain.stepFailed(WebUIKeywordMain.groovy:65)
	at com.kms.katalon.core.webui.keyword.internal.WebUIKeywordMain.runKeyword(WebUIKeywordMain.groovy:27)
	at com.kms.katalon.core.webui.keyword.builtin.VerifyTextPresentKeyword.verifyTextPresent(VerifyTextPresentKeyword.groovy:83)
	at com.kms.katalon.core.webui.keyword.builtin.VerifyTextPresentKeyword.execute(VerifyTextPresentKeyword.groovy:68)
	at com.kms.katalon.core.keyword.internal.KeywordExecutor.executeKeywordForPlatform(KeywordExecutor.groovy:53)
	at com.kms.katalon.core.webui.keyword.WebUiBuiltInKeywords.verifyTextPresent(WebUiBuiltInKeywords.groovy:1693)
	at com.kms.katalon.core.webui.keyword.WebUiBuiltInKeywords$verifyTextPresent$8.call(Unknown Source)
	at Nationwide.run(Nationwide:129)
	at com.kms.katalon.core.main.ScriptEngine.run(ScriptEngine.java:194)
	at com.kms.katalon.core.main.ScriptEngine.runScriptAsRawText(ScriptEngine.java:119)
	at com.kms.katalon.core.main.TestCaseExecutor.runScript(TestCaseExecutor.java:328)
	at com.kms.katalon.core.main.TestCaseExecutor.doExecute(TestCaseExecutor.java:319)
	at com.kms.katalon.core.main.TestCaseExecutor.processExecutionPhase(TestCaseExecutor.java:298)
	at com.kms.katalon.core.main.TestCaseExecutor.accessMainPhase(TestCaseExecutor.java:290)
	at com.kms.katalon.core.main.TestCaseExecutor.execute(TestCaseExecutor.java:224)
	at com.kms.katalon.core.main.TestSuiteExecutor.accessTestCaseMainPhase(TestSuiteExecutor.java:129)
	at com.kms.katalon.core.main.TestSuiteExecutor.accessTestSuiteMainPhase(TestSuiteExecutor.java:112)
	at com.kms.katalon.core.main.TestSuiteExecutor.execute(TestSuiteExecutor.java:81)
	at com.kms.katalon.core.main.TestCaseMain.startTestSuite(TestCaseMain.java:149)
	at com.kms.katalon.core.main.TestCaseMain$startTestSuite$0.call(Unknown Source)
	at TempTestSuite1547623933727.run(TempTestSuite1547623933727.groovy:36)
"/>
         <system-out><![CDATA[2019-01-16 15:32:17 - [TEST_CASE][FAILED] - Test Cases/mobileWeb/Dental/Nationwide: Test Cases/mobileWeb/Dental/Nationwide FAILED.
Reason:
com.kms.katalon.core.exception.StepFailedException: Unable to verify text '9-Congratulations' is present  (Root cause: com.kms.katalon.core.exception.StepFailedException: Text '9-Congratulations' is not present on page )
	at com.kms.katalon.core.keyword.internal.KeywordMain.stepFailed(KeywordMain.groovy:36)
	at com.kms.katalon.core.webui.keyword.internal.WebUIKeywordMain.stepFailed(WebUIKeywordMain.groovy:65)
	at com.kms.katalon.core.webui.keyword.internal.WebUIKeywordMain.runKeyword(WebUIKeywordMain.groovy:27)
	at com.kms.katalon.core.webui.keyword.builtin.VerifyTextPresentKeyword.verifyTextPresent(VerifyTextPresentKeyword.groovy:83)
	at com.kms.katalon.core.webui.keyword.builtin.VerifyTextPresentKeyword.execute(VerifyTextPresentKeyword.groovy:68)
	at com.kms.katalon.core.keyword.internal.KeywordExecutor.executeKeywordForPlatform(KeywordExecutor.groovy:53)
	at com.kms.katalon.core.webui.keyword.WebUiBuiltInKeywords.verifyTextPresent(WebUiBuiltInKeywords.groovy:1693)
	at com.kms.katalon.core.webui.keyword.WebUiBuiltInKeywords$verifyTextPresent$8.call(Unknown Source)
	at Nationwide.run(Nationwide:129)
	at com.kms.katalon.core.main.ScriptEngine.run(ScriptEngine.java:194)
	at com.kms.katalon.core.main.ScriptEngine.runScriptAsRawText(ScriptEngine.java:119)
	at com.kms.katalon.core.main.TestCaseExecutor.runScript(TestCaseExecutor.java:328)
	at com.kms.katalon.core.main.TestCaseExecutor.doExecute(TestCaseExecutor.java:319)
	at com.kms.katalon.core.main.TestCaseExecutor.processExecutionPhase(TestCaseExecutor.java:298)
	at com.kms.katalon.core.main.TestCaseExecutor.accessMainPhase(TestCaseExecutor.java:290)
	at com.kms.katalon.core.main.TestCaseExecutor.execute(TestCaseExecutor.java:224)
	at com.kms.katalon.core.main.TestSuiteExecutor.accessTestCaseMainPhase(TestSuiteExecutor.java:129)
	at com.kms.katalon.core.main.TestSuiteExecutor.accessTestSuiteMainPhase(TestSuiteExecutor.java:112)
	at com.kms.katalon.core.main.TestSuiteExecutor.execute(TestSuiteExecutor.java:81)
	at com.kms.katalon.core.main.TestCaseMain.startTestSuite(TestCaseMain.java:149)
	at com.kms.katalon.core.main.TestCaseMain$startTestSuite$0.call(Unknown Source)
	at TempTestSuite1547623933727.run(TempTestSuite1547623933727.groovy:36)


2019-01-16 15:32:19 - [TEST_STEP][PASSED] - openBrowser(""): Browser is opened with url: ''

2019-01-16 15:32:19 - [MESSAGE][INFO] - Starting 'Android' driver

2019-01-16 15:32:19 - [MESSAGE][INFO] - User set preference: ['deviceName', 'HUAWEI ATH-AL00 (Android 6.0.1)']

2019-01-16 15:32:19 - [MESSAGE][INFO] - User set preference: ['platformName', 'Android']

2019-01-16 15:32:19 - [MESSAGE][INFO] - User set preference: ['browserName', 'chrome']

2019-01-16 15:32:19 - [MESSAGE][INFO] - User set preference: ['deviceId', '']

2019-01-16 15:32:28 - [MESSAGE][INFO] - Appium server started on port 53,282

2019-01-16 15:33:02 - [MESSAGE][PASSED] - Browser is opened with url: ''

2019-01-16 15:33:02 - [TEST_STEP][PASSED] - navigateToUrl("https://praetemptatus.agilehealthinsurance.com/"): Navigate to 'https://praetemptatus.agilehealthinsurance.com/' successfully

2019-01-16 15:33:08 - [MESSAGE][PASSED] - Navigate to 'https://praetemptatus.agilehealthinsurance.com/' successfully

2019-01-16 15:33:08 - [TEST_STEP][PASSED] - waitForPageLoad(10): Wait for page load successfully

2019-01-16 15:33:09 - [MESSAGE][PASSED] - Wait for page load successfully

2019-01-16 15:33:09 - [TEST_STEP][PASSED] - takeScreenshot("Reports/screenshots/nationwide/1-home.png"): Screenshot is taken

2019-01-16 15:33:12 - [MESSAGE][PASSED] - Screenshot is taken
[[ATTACHMENT|D:\\Test\\AgileTest\\AgileTest\\Reports\\mobileWeb\\mobileSanity\\20190116_153213\\Reports/screenshots/nationwide/1-home.png]]

2019-01-16 15:33:13 - [TEST_STEP][PASSED] - click(findTestObject("mobileSanity/Dental/side_nav/menu")): Object: 'Object Repository/mobileSanity/Dental/side_nav/menu' is clicked on

2019-01-16 15:33:17 - [MESSAGE][PASSED] - Object: 'Object Repository/mobileSanity/Dental/side_nav/menu' is clicked on

2019-01-16 15:33:17 - [TEST_STEP][PASSED] - Thread.sleep(3000): null

2019-01-16 15:33:20 - [TEST_STEP][PASSED] - takeScreenshot("Reports/screenshots/nationwide/2-nav.png"): Screenshot is taken

2019-01-16 15:33:22 - [MESSAGE][PASSED] - Screenshot is taken
[[ATTACHMENT|D:\\Test\\AgileTest\\AgileTest\\Reports\\mobileWeb\\mobileSanity\\20190116_153213\\Reports/screenshots/nationwide/2-nav.png]]

2019-01-16 15:33:22 - [TEST_STEP][PASSED] - click(findTestObject("mobileSanity/Dental/side_nav/nav_dental")): Object: 'Object Repository/mobileSanity/Dental/side_nav/nav_dental' is clicked on

2019-01-16 15:33:28 - [MESSAGE][PASSED] - Object: 'Object Repository/mobileSanity/Dental/side_nav/nav_dental' is clicked on

2019-01-16 15:33:28 - [TEST_STEP][PASSED] - driver = getWebDriver(): null

2019-01-16 15:33:28 - [TEST_STEP][PASSED] - waitForPageLoad(10): Wait for page load successfully

2019-01-16 15:33:32 - [MESSAGE][PASSED] - Wait for page load successfully

2019-01-16 15:33:32 - [TEST_STEP][PASSED] - takeScreenshot("Reports/screenshots/nationwide/3-census.png"): Screenshot is taken

2019-01-16 15:33:35 - [MESSAGE][PASSED] - Screenshot is taken
[[ATTACHMENT|D:\\Test\\AgileTest\\AgileTest\\Reports\\mobileWeb\\mobileSanity\\20190116_153213\\Reports/screenshots/nationwide/3-census.png]]

2019-01-16 15:33:35 - [TEST_STEP][PASSED] - sendKeys(findTestObject("mobileSanity/Dental/census/input_Location_zip-input"), "35215"): Keys '35215' sent to object: 'Object Repository/mobileSanity/Dental/census/input_Location_zip-input'

2019-01-16 15:33:36 - [MESSAGE][PASSED] - Keys '35215' sent to object: 'Object Repository/mobileSanity/Dental/census/input_Location_zip-input'

2019-01-16 15:33:36 - [TEST_STEP][PASSED] - setText(findTestObject("mobileSanity/Dental/census/input_Date of Birth_dob-0"), "12/12/1985"): Text '12/12/1985' is set on object 'Object Repository/mobileSanity/Dental/census/input_Date of Birth_dob-0'

2019-01-16 15:33:37 - [MESSAGE][PASSED] - Text '12/12/1985' is set on object 'Object Repository/mobileSanity/Dental/census/input_Date of Birth_dob-0'

2019-01-16 15:33:37 - [TEST_STEP][PASSED] - click(findTestObject("mobileSanity/Dental/census/label_Male")): Object: 'Object Repository/mobileSanity/Dental/census/label_Male' is clicked on

2019-01-16 15:33:38 - [MESSAGE][PASSED] - Object: 'Object Repository/mobileSanity/Dental/census/label_Male' is clicked on

2019-01-16 15:33:38 - [TEST_STEP][PASSED] - click(findTestObject("mobileSanity/Dental/census/label_Compare Dental Insurance")): Object: 'Object Repository/mobileSanity/Dental/census/label_Compare Dental Insurance' is clicked on

2019-01-16 15:33:49 - [MESSAGE][PASSED] - Object: 'Object Repository/mobileSanity/Dental/census/label_Compare Dental Insurance' is clicked on

2019-01-16 15:33:49 - [TEST_STEP][PASSED] - waitForPageLoad(10): Wait for page load successfully

2019-01-16 15:33:50 - [MESSAGE][PASSED] - Wait for page load successfully

2019-01-16 15:33:50 - [TEST_STEP][PASSED] - takeScreenshot("Reports/screenshots/nationwide/4-quote.png"): Screenshot is taken

2019-01-16 15:33:52 - [MESSAGE][PASSED] - Screenshot is taken
[[ATTACHMENT|D:\\Test\\AgileTest\\AgileTest\\Reports\\mobileWeb\\mobileSanity\\20190116_153213\\Reports/screenshots/nationwide/4-quote.png]]

2019-01-16 15:33:54 - [TEST_STEP][PASSED] - click(findTestObject("mobileSanity/Dental/filter/btn_filter")): Object: 'Object Repository/mobileSanity/Dental/filter/btn_filter' is clicked on

2019-01-16 15:33:55 - [MESSAGE][PASSED] - Object: 'Object Repository/mobileSanity/Dental/filter/btn_filter' is clicked on

2019-01-16 15:33:55 - [TEST_STEP][PASSED] - waitForElementVisible(findTestObject("mobileSanity/Dental/filter/btn_company"), 10): Object 'Object Repository/mobileSanity/Dental/filter/btn_company' is visible

2019-01-16 15:33:55 - [MESSAGE][PASSED] - Object 'Object Repository/mobileSanity/Dental/filter/btn_company' is visible

2019-01-16 15:33:55 - [TEST_STEP][PASSED] - click(findTestObject("mobileSanity/Dental/filter/btn_company")): Object: 'Object Repository/mobileSanity/Dental/filter/btn_company' is clicked on

2019-01-16 15:33:56 - [MESSAGE][PASSED] - Object: 'Object Repository/mobileSanity/Dental/filter/btn_company' is clicked on

2019-01-16 15:33:56 - [TEST_STEP][PASSED] - click(findTestObject("mobileSanity/Dental/filter/btn_nationwide")): Object: 'Object Repository/mobileSanity/Dental/filter/btn_nationwide' is clicked on

2019-01-16 15:33:57 - [MESSAGE][PASSED] - Object: 'Object Repository/mobileSanity/Dental/filter/btn_nationwide' is clicked on

2019-01-16 15:33:57 - [TEST_STEP][PASSED] - waitForJQueryLoad(20, STOP_ON_FAILURE): jQuery is ready.

2019-01-16 15:34:00 - [MESSAGE][PASSED] - jQuery is ready.

2019-01-16 15:34:00 - [TEST_STEP][PASSED] - click(findTestObject("mobileSanity/Dental/filter/btn_filter")): Object: 'Object Repository/mobileSanity/Dental/filter/btn_filter' is clicked on

2019-01-16 15:34:00 - [MESSAGE][PASSED] - Object: 'Object Repository/mobileSanity/Dental/filter/btn_filter' is clicked on

2019-01-16 15:34:00 - [TEST_STEP][PASSED] - click(findTestObject("mobileSanity/Dental/quote/a_Select This Plan")): Object: 'Object Repository/mobileSanity/Dental/quote/a_Select This Plan' is clicked on

2019-01-16 15:34:05 - [MESSAGE][PASSED] - Object: 'Object Repository/mobileSanity/Dental/quote/a_Select This Plan' is clicked on

2019-01-16 15:34:05 - [TEST_STEP][PASSED] - waitForPageLoad(10): Wait for page load successfully

2019-01-16 15:34:06 - [MESSAGE][PASSED] - Wait for page load successfully

2019-01-16 15:34:06 - [TEST_STEP][PASSED] - takeScreenshot("Reports/screenshots/nationwide/5-apply.png"): Screenshot is taken

2019-01-16 15:34:08 - [MESSAGE][PASSED] - Screenshot is taken
[[ATTACHMENT|D:\\Test\\AgileTest\\AgileTest\\Reports\\mobileWeb\\mobileSanity\\20190116_153213\\Reports/screenshots/nationwide/5-apply.png]]

2019-01-16 15:34:10 - [TEST_STEP][PASSED] - click(findTestObject("mobileSanity/Dental/apply/span_Start Secure Application")): Object: 'Object Repository/mobileSanity/Dental/apply/span_Start Secure Application' is clicked on

2019-01-16 15:34:13 - [MESSAGE][PASSED] - Object: 'Object Repository/mobileSanity/Dental/apply/span_Start Secure Application' is clicked on

2019-01-16 15:34:13 - [TEST_STEP][PASSED] - waitForPageLoad(10): Wait for page load successfully

2019-01-16 15:34:13 - [MESSAGE][PASSED] - Wait for page load successfully

2019-01-16 15:34:13 - [TEST_STEP][PASSED] - Thread.sleep(3000): null

2019-01-16 15:34:16 - [TEST_STEP][PASSED] - takeScreenshot("Reports/screenshots/nationwide/6-app1.png"): Screenshot is taken

2019-01-16 15:34:18 - [MESSAGE][PASSED] - Screenshot is taken
[[ATTACHMENT|D:\\Test\\AgileTest\\AgileTest\\Reports\\mobileWeb\\mobileSanity\\20190116_153213\\Reports/screenshots/nationwide/6-app1.png]]

2019-01-16 15:34:18 - [TEST_STEP][PASSED] - setText(findTestObject("mobileSanity/Dental/app_page1/input__member-P-1-firstName"), "Test-123"): Text 'Test-123' is set on object 'Object Repository/mobileSanity/Dental/app_page1/input__member-P-1-firstName'

2019-01-16 15:34:20 - [MESSAGE][PASSED] - Text 'Test-123' is set on object 'Object Repository/mobileSanity/Dental/app_page1/input__member-P-1-firstName'

2019-01-16 15:34:20 - [TEST_STEP][PASSED] - setText(findTestObject("mobileSanity/Dental/app_page1/input__member-P-1-lastName"), "ZZ11-qwerty"): Text 'ZZ11-qwerty' is set on object 'Object Repository/mobileSanity/Dental/app_page1/input__member-P-1-lastName'

2019-01-16 15:34:24 - [MESSAGE][PASSED] - Text 'ZZ11-qwerty' is set on object 'Object Repository/mobileSanity/Dental/app_page1/input__member-P-1-lastName'

2019-01-16 15:34:24 - [TEST_STEP][PASSED] - setText(findTestObject("mobileSanity/Dental/app_page1/input__address"), "test test"): Text 'test test' is set on object 'Object Repository/mobileSanity/Dental/app_page1/input__address'

2019-01-16 15:34:27 - [MESSAGE][PASSED] - Text 'test test' is set on object 'Object Repository/mobileSanity/Dental/app_page1/input__address'

2019-01-16 15:34:27 - [TEST_STEP][PASSED] - setText(findTestObject("mobileSanity/Dental/app_page1/input__city"), "test test"): Text 'test test' is set on object 'Object Repository/mobileSanity/Dental/app_page1/input__city'

2019-01-16 15:34:31 - [MESSAGE][PASSED] - Text 'test test' is set on object 'Object Repository/mobileSanity/Dental/app_page1/input__city'

2019-01-16 15:34:31 - [TEST_STEP][PASSED] - setText(findTestObject("mobileSanity/Dental/app_page1/input__email"), "test.test123@suryani.cn"): Text 'test.test123@suryani.cn' is set on object 'Object Repository/mobileSanity/Dental/app_page1/input__email'

2019-01-16 15:34:34 - [MESSAGE][PASSED] - Text 'test.test123@suryani.cn' is set on object 'Object Repository/mobileSanity/Dental/app_page1/input__email'

2019-01-16 15:34:34 - [TEST_STEP][PASSED] - setText(findTestObject("mobileSanity/Dental/app_page1/input_phone"), "5214566589"): Text '5214566589' is set on object 'Object Repository/mobileSanity/Dental/app_page1/input_phone'

2019-01-16 15:34:36 - [MESSAGE][PASSED] - Text '5214566589' is set on object 'Object Repository/mobileSanity/Dental/app_page1/input_phone'

2019-01-16 15:34:36 - [TEST_STEP][PASSED] - click(findTestObject("mobileSanity/Dental/app_page1/a_Continue to Step 2 - Payment")): Object: 'Object Repository/mobileSanity/Dental/app_page1/a_Continue to Step 2 - Payment' is clicked on

2019-01-16 15:34:37 - [MESSAGE][PASSED] - Object: 'Object Repository/mobileSanity/Dental/app_page1/a_Continue to Step 2 - Payment' is clicked on

2019-01-16 15:34:37 - [TEST_STEP][PASSED] - waitForPageLoad(10): Wait for page load successfully

2019-01-16 15:34:37 - [MESSAGE][PASSED] - Wait for page load successfully

2019-01-16 15:34:37 - [TEST_STEP][PASSED] - takeScreenshot("Reports/screenshots/nationwide/7-app2.png"): Screenshot is taken

2019-01-16 15:34:39 - [MESSAGE][PASSED] - Screenshot is taken
[[ATTACHMENT|D:\\Test\\AgileTest\\AgileTest\\Reports\\mobileWeb\\mobileSanity\\20190116_153213\\Reports/screenshots/nationwide/7-app2.png]]

2019-01-16 15:34:39 - [TEST_STEP][PASSED] - setText(findTestObject("mobileSanity/Dental/app_page2/input__credit-card-first"), "test"): Text 'test' is set on object 'Object Repository/mobileSanity/Dental/app_page2/input__credit-card-first'

2019-01-16 15:34:41 - [MESSAGE][PASSED] - Text 'test' is set on object 'Object Repository/mobileSanity/Dental/app_page2/input__credit-card-first'

2019-01-16 15:34:41 - [TEST_STEP][PASSED] - setText(findTestObject("mobileSanity/Dental/app_page2/input__credit-card-last"), "test"): Text 'test' is set on object 'Object Repository/mobileSanity/Dental/app_page2/input__credit-card-last'

2019-01-16 15:34:42 - [MESSAGE][PASSED] - Text 'test' is set on object 'Object Repository/mobileSanity/Dental/app_page2/input__credit-card-last'

2019-01-16 15:34:42 - [TEST_STEP][PASSED] - selectOptionByValue(findTestObject("mobileSanity/Dental/app_page2/select_MM010203040506070809101"), "12", true): All options with value '12' are selected in object 'Object Repository/mobileSanity/Dental/app_page2/select_MM010203040506070809101'  using regular expression

2019-01-16 15:34:50 - [MESSAGE][PASSED] - All options with value '12' are selected in object 'Object Repository/mobileSanity/Dental/app_page2/select_MM010203040506070809101'  using regular expression

2019-01-16 15:34:50 - [TEST_STEP][PASSED] - selectOptionByValue(findTestObject("mobileSanity/Dental/app_page2/select_YYYY2019202020212022202"), "2026", true): All options with value '2026' are selected in object 'Object Repository/mobileSanity/Dental/app_page2/select_YYYY2019202020212022202'  using regular expression

2019-01-16 15:34:57 - [MESSAGE][PASSED] - All options with value '2026' are selected in object 'Object Repository/mobileSanity/Dental/app_page2/select_YYYY2019202020212022202'  using regular expression

2019-01-16 15:34:57 - [TEST_STEP][PASSED] - setText(findTestObject("mobileSanity/Dental/app_page2/input__credit-card-number"), "4111111111111111"): Text '4111111111111111' is set on object 'Object Repository/mobileSanity/Dental/app_page2/input__credit-card-number'

2019-01-16 15:34:59 - [MESSAGE][PASSED] - Text '4111111111111111' is set on object 'Object Repository/mobileSanity/Dental/app_page2/input__credit-card-number'

2019-01-16 15:34:59 - [TEST_STEP][PASSED] - setText(findTestObject("mobileSanity/Dental/app_page2/input__cvv"), "123"): Text '123' is set on object 'Object Repository/mobileSanity/Dental/app_page2/input__cvv'

2019-01-16 15:35:00 - [MESSAGE][PASSED] - Text '123' is set on object 'Object Repository/mobileSanity/Dental/app_page2/input__cvv'

2019-01-16 15:35:00 - [TEST_STEP][PASSED] - click(findTestObject("mobileSanity/Dental/app_page2/label_My billing address is th")): Object: 'Object Repository/mobileSanity/Dental/app_page2/label_My billing address is th' is clicked on

2019-01-16 15:35:01 - [MESSAGE][PASSED] - Object: 'Object Repository/mobileSanity/Dental/app_page2/label_My billing address is th' is clicked on

2019-01-16 15:35:01 - [TEST_STEP][PASSED] - click(findTestObject("mobileSanity/Dental/app_page2/label_I Accept Authorization f")): Object: 'Object Repository/mobileSanity/Dental/app_page2/label_I Accept Authorization f' is clicked on

2019-01-16 15:35:02 - [MESSAGE][PASSED] - Object: 'Object Repository/mobileSanity/Dental/app_page2/label_I Accept Authorization f' is clicked on

2019-01-16 15:35:02 - [TEST_STEP][PASSED] - click(findTestObject("mobileSanity/Dental/app_page2/a_Continue to Step 3 - Review")): Object: 'Object Repository/mobileSanity/Dental/app_page2/a_Continue to Step 3 - Review' is clicked on

2019-01-16 15:35:03 - [MESSAGE][PASSED] - Object: 'Object Repository/mobileSanity/Dental/app_page2/a_Continue to Step 3 - Review' is clicked on

2019-01-16 15:35:03 - [TEST_STEP][PASSED] - waitForPageLoad(10): Wait for page load successfully

2019-01-16 15:35:03 - [MESSAGE][PASSED] - Wait for page load successfully

2019-01-16 15:35:03 - [TEST_STEP][PASSED] - takeScreenshot("Reports/screenshots/nationwide/8-app3.png"): Screenshot is taken

2019-01-16 15:35:04 - [MESSAGE][PASSED] - Screenshot is taken
[[ATTACHMENT|D:\\Test\\AgileTest\\AgileTest\\Reports\\mobileWeb\\mobileSanity\\20190116_153213\\Reports/screenshots/nationwide/8-app3.png]]

2019-01-16 15:35:05 - [TEST_STEP][PASSED] - click(findTestObject("mobileSanity/Dental/app_page3/label")): Object: 'Object Repository/mobileSanity/Dental/app_page3/label' is clicked on

2019-01-16 15:35:06 - [MESSAGE][PASSED] - Object: 'Object Repository/mobileSanity/Dental/app_page3/label' is clicked on

2019-01-16 15:35:06 - [TEST_STEP][PASSED] - click(findTestObject("mobileSanity/Dental/app_page3/p_CLICK TO SIGN")): Object: 'Object Repository/mobileSanity/Dental/app_page3/p_CLICK TO SIGN' is clicked on

2019-01-16 15:35:07 - [MESSAGE][PASSED] - Object: 'Object Repository/mobileSanity/Dental/app_page3/p_CLICK TO SIGN' is clicked on

2019-01-16 15:35:07 - [TEST_STEP][PASSED] - click(findTestObject("mobileSanity/Dental/app_page3/a_Submit Your Application")): Object: 'Object Repository/mobileSanity/Dental/app_page3/a_Submit Your Application' is clicked on

2019-01-16 15:35:08 - [MESSAGE][PASSED] - Object: 'Object Repository/mobileSanity/Dental/app_page3/a_Submit Your Application' is clicked on

2019-01-16 15:35:08 - [TEST_STEP][PASSED] - Thread.sleep(20000): null

2019-01-16 15:35:28 - [TEST_STEP][PASSED] - takeScreenshot("Reports/screenshots/nationwide/confirmation.png"): Screenshot is taken

2019-01-16 15:35:29 - [MESSAGE][PASSED] - Screenshot is taken
[[ATTACHMENT|D:\\Test\\AgileTest\\AgileTest\\Reports\\mobileWeb\\mobileSanity\\20190116_153213\\Reports/screenshots/nationwide/confirmation.png]]

2019-01-16 15:35:30 - [TEST_STEP][FAILED] - verifyTextPresent("9-Congratulations", false): verifyTextPresent("9-Congratulations", false) FAILED.
Reason:
com.kms.katalon.core.exception.StepFailedException: Unable to verify text '9-Congratulations' is present  (Root cause: com.kms.katalon.core.exception.StepFailedException: Text '9-Congratulations' is not present on page )
	at com.kms.katalon.core.keyword.internal.KeywordMain.stepFailed(KeywordMain.groovy:36)
	at com.kms.katalon.core.webui.keyword.internal.WebUIKeywordMain.stepFailed(WebUIKeywordMain.groovy:65)
	at com.kms.katalon.core.webui.keyword.internal.WebUIKeywordMain.runKeyword(WebUIKeywordMain.groovy:27)
	at com.kms.katalon.core.webui.keyword.builtin.VerifyTextPresentKeyword.verifyTextPresent(VerifyTextPresentKeyword.groovy:83)
	at com.kms.katalon.core.webui.keyword.builtin.VerifyTextPresentKeyword.execute(VerifyTextPresentKeyword.groovy:68)
	at com.kms.katalon.core.keyword.internal.KeywordExecutor.executeKeywordForPlatform(KeywordExecutor.groovy:53)
	at com.kms.katalon.core.webui.keyword.WebUiBuiltInKeywords.verifyTextPresent(WebUiBuiltInKeywords.groovy:1693)
	at com.kms.katalon.core.webui.keyword.WebUiBuiltInKeywords$verifyTextPresent$8.call(Unknown Source)
	at Nationwide.run(Nationwide:129)
	at com.kms.katalon.core.main.ScriptEngine.run(ScriptEngine.java:194)
	at com.kms.katalon.core.main.ScriptEngine.runScriptAsRawText(ScriptEngine.java:119)
	at com.kms.katalon.core.main.TestCaseExecutor.runScript(TestCaseExecutor.java:328)
	at com.kms.katalon.core.main.TestCaseExecutor.doExecute(TestCaseExecutor.java:319)
	at com.kms.katalon.core.main.TestCaseExecutor.processExecutionPhase(TestCaseExecutor.java:298)
	at com.kms.katalon.core.main.TestCaseExecutor.accessMainPhase(TestCaseExecutor.java:290)
	at com.kms.katalon.core.main.TestCaseExecutor.execute(TestCaseExecutor.java:224)
	at com.kms.katalon.core.main.TestSuiteExecutor.accessTestCaseMainPhase(TestSuiteExecutor.java:129)
	at com.kms.katalon.core.main.TestSuiteExecutor.accessTestSuiteMainPhase(TestSuiteExecutor.java:112)
	at com.kms.katalon.core.main.TestSuiteExecutor.execute(TestSuiteExecutor.java:81)
	at com.kms.katalon.core.main.TestCaseMain.startTestSuite(TestCaseMain.java:149)
	at com.kms.katalon.core.main.TestCaseMain$startTestSuite$0.call(Unknown Source)
	at TempTestSuite1547623933727.run(TempTestSuite1547623933727.groovy:36)


2019-01-16 15:35:30 - [MESSAGE][FAILED] - Text '9-Congratulations' is not present on page 

2019-01-16 15:35:31 - [MESSAGE][FAILED] - Unable to verify text '9-Congratulations' is present  (Root cause: com.kms.katalon.core.exception.StepFailedException: Text '9-Congratulations' is not present on page )
[[ATTACHMENT|D:\\Test\\AgileTest\\AgileTest\\Reports\\mobileWeb\\mobileSanity\\20190116_153213\\1547624130983.png]]

2019-01-16 15:35:31 - [MESSAGE][FAILED] - verifyTextPresent("9-Congratulations", false) FAILED.
Reason:
com.kms.katalon.core.exception.StepFailedException: Unable to verify text '9-Congratulations' is present  (Root cause: com.kms.katalon.core.exception.StepFailedException: Text '9-Congratulations' is not present on page )
	at com.kms.katalon.core.keyword.internal.KeywordMain.stepFailed(KeywordMain.groovy:36)
	at com.kms.katalon.core.webui.keyword.internal.WebUIKeywordMain.stepFailed(WebUIKeywordMain.groovy:65)
	at com.kms.katalon.core.webui.keyword.internal.WebUIKeywordMain.runKeyword(WebUIKeywordMain.groovy:27)
	at com.kms.katalon.core.webui.keyword.builtin.VerifyTextPresentKeyword.verifyTextPresent(VerifyTextPresentKeyword.groovy:83)
	at com.kms.katalon.core.webui.keyword.builtin.VerifyTextPresentKeyword.execute(VerifyTextPresentKeyword.groovy:68)
	at com.kms.katalon.core.keyword.internal.KeywordExecutor.executeKeywordForPlatform(KeywordExecutor.groovy:53)
	at com.kms.katalon.core.webui.keyword.WebUiBuiltInKeywords.verifyTextPresent(WebUiBuiltInKeywords.groovy:1693)
	at com.kms.katalon.core.webui.keyword.WebUiBuiltInKeywords$verifyTextPresent$8.call(Unknown Source)
	at Nationwide.run(Nationwide:129)
	at com.kms.katalon.core.main.ScriptEngine.run(ScriptEngine.java:194)
	at com.kms.katalon.core.main.ScriptEngine.runScriptAsRawText(ScriptEngine.java:119)
	at com.kms.katalon.core.main.TestCaseExecutor.runScript(TestCaseExecutor.java:328)
	at com.kms.katalon.core.main.TestCaseExecutor.doExecute(TestCaseExecutor.java:319)
	at com.kms.katalon.core.main.TestCaseExecutor.processExecutionPhase(TestCaseExecutor.java:298)
	at com.kms.katalon.core.main.TestCaseExecutor.accessMainPhase(TestCaseExecutor.java:290)
	at com.kms.katalon.core.main.TestCaseExecutor.execute(TestCaseExecutor.java:224)
	at com.kms.katalon.core.main.TestSuiteExecutor.accessTestCaseMainPhase(TestSuiteExecutor.java:129)
	at com.kms.katalon.core.main.TestSuiteExecutor.accessTestSuiteMainPhase(TestSuiteExecutor.java:112)
	at com.kms.katalon.core.main.TestSuiteExecutor.execute(TestSuiteExecutor.java:81)
	at com.kms.katalon.core.main.TestCaseMain.startTestSuite(TestCaseMain.java:149)
	at com.kms.katalon.core.main.TestCaseMain$startTestSuite$0.call(Unknown Source)
	at TempTestSuite1547623933727.run(TempTestSuite1547623933727.groovy:36)]]></system-out>
         <system-err><![CDATA[2019-01-16 15:32:17 - [TEST_CASE][FAILED] - Test Cases/mobileWeb/Dental/Nationwide: Test Cases/mobileWeb/Dental/Nationwide FAILED.
Reason:
com.kms.katalon.core.exception.StepFailedException: Unable to verify text '9-Congratulations' is present  (Root cause: com.kms.katalon.core.exception.StepFailedException: Text '9-Congratulations' is not present on page )
	at com.kms.katalon.core.keyword.internal.KeywordMain.stepFailed(KeywordMain.groovy:36)
	at com.kms.katalon.core.webui.keyword.internal.WebUIKeywordMain.stepFailed(WebUIKeywordMain.groovy:65)
	at com.kms.katalon.core.webui.keyword.internal.WebUIKeywordMain.runKeyword(WebUIKeywordMain.groovy:27)
	at com.kms.katalon.core.webui.keyword.builtin.VerifyTextPresentKeyword.verifyTextPresent(VerifyTextPresentKeyword.groovy:83)
	at com.kms.katalon.core.webui.keyword.builtin.VerifyTextPresentKeyword.execute(VerifyTextPresentKeyword.groovy:68)
	at com.kms.katalon.core.keyword.internal.KeywordExecutor.executeKeywordForPlatform(KeywordExecutor.groovy:53)
	at com.kms.katalon.core.webui.keyword.WebUiBuiltInKeywords.verifyTextPresent(WebUiBuiltInKeywords.groovy:1693)
	at com.kms.katalon.core.webui.keyword.WebUiBuiltInKeywords$verifyTextPresent$8.call(Unknown Source)
	at Nationwide.run(Nationwide:129)
	at com.kms.katalon.core.main.ScriptEngine.run(ScriptEngine.java:194)
	at com.kms.katalon.core.main.ScriptEngine.runScriptAsRawText(ScriptEngine.java:119)
	at com.kms.katalon.core.main.TestCaseExecutor.runScript(TestCaseExecutor.java:328)
	at com.kms.katalon.core.main.TestCaseExecutor.doExecute(TestCaseExecutor.java:319)
	at com.kms.katalon.core.main.TestCaseExecutor.processExecutionPhase(TestCaseExecutor.java:298)
	at com.kms.katalon.core.main.TestCaseExecutor.accessMainPhase(TestCaseExecutor.java:290)
	at com.kms.katalon.core.main.TestCaseExecutor.execute(TestCaseExecutor.java:224)
	at com.kms.katalon.core.main.TestSuiteExecutor.accessTestCaseMainPhase(TestSuiteExecutor.java:129)
	at com.kms.katalon.core.main.TestSuiteExecutor.accessTestSuiteMainPhase(TestSuiteExecutor.java:112)
	at com.kms.katalon.core.main.TestSuiteExecutor.execute(TestSuiteExecutor.java:81)
	at com.kms.katalon.core.main.TestCaseMain.startTestSuite(TestCaseMain.java:149)
	at com.kms.katalon.core.main.TestCaseMain$startTestSuite$0.call(Unknown Source)
	at TempTestSuite1547623933727.run(TempTestSuite1547623933727.groovy:36)]]></system-err>
      </testcase>
      <system-out><![CDATA[2019-01-16 15:32:17 - [TEST_SUITE][FAILED] - mobileSanity: Test Cases/mobileWeb/Dental/Nationwide FAILED.
Reason:
com.kms.katalon.core.exception.StepFailedException: Unable to verify text '9-Congratulations' is present  (Root cause: com.kms.katalon.core.exception.StepFailedException: Text '9-Congratulations' is not present on page )
	at com.kms.katalon.core.keyword.internal.KeywordMain.stepFailed(KeywordMain.groovy:36)
	at com.kms.katalon.core.webui.keyword.internal.WebUIKeywordMain.stepFailed(WebUIKeywordMain.groovy:65)
	at com.kms.katalon.core.webui.keyword.internal.WebUIKeywordMain.runKeyword(WebUIKeywordMain.groovy:27)
	at com.kms.katalon.core.webui.keyword.builtin.VerifyTextPresentKeyword.verifyTextPresent(VerifyTextPresentKeyword.groovy:83)
	at com.kms.katalon.core.webui.keyword.builtin.VerifyTextPresentKeyword.execute(VerifyTextPresentKeyword.groovy:68)
	at com.kms.katalon.core.keyword.internal.KeywordExecutor.executeKeywordForPlatform(KeywordExecutor.groovy:53)
	at com.kms.katalon.core.webui.keyword.WebUiBuiltInKeywords.verifyTextPresent(WebUiBuiltInKeywords.groovy:1693)
	at com.kms.katalon.core.webui.keyword.WebUiBuiltInKeywords$verifyTextPresent$8.call(Unknown Source)
	at Nationwide.run(Nationwide:129)
	at com.kms.katalon.core.main.ScriptEngine.run(ScriptEngine.java:194)
	at com.kms.katalon.core.main.ScriptEngine.runScriptAsRawText(ScriptEngine.java:119)
	at com.kms.katalon.core.main.TestCaseExecutor.runScript(TestCaseExecutor.java:328)
	at com.kms.katalon.core.main.TestCaseExecutor.doExecute(TestCaseExecutor.java:319)
	at com.kms.katalon.core.main.TestCaseExecutor.processExecutionPhase(TestCaseExecutor.java:298)
	at com.kms.katalon.core.main.TestCaseExecutor.accessMainPhase(TestCaseExecutor.java:290)
	at com.kms.katalon.core.main.TestCaseExecutor.execute(TestCaseExecutor.java:224)
	at com.kms.katalon.core.main.TestSuiteExecutor.accessTestCaseMainPhase(TestSuiteExecutor.java:129)
	at com.kms.katalon.core.main.TestSuiteExecutor.accessTestSuiteMainPhase(TestSuiteExecutor.java:112)
	at com.kms.katalon.core.main.TestSuiteExecutor.execute(TestSuiteExecutor.java:81)
	at com.kms.katalon.core.main.TestCaseMain.startTestSuite(TestCaseMain.java:149)
	at com.kms.katalon.core.main.TestCaseMain$startTestSuite$0.call(Unknown Source)
	at TempTestSuite1547623933727.run(TempTestSuite1547623933727.groovy:36)]]></system-out>
      <system-err><![CDATA[2019-01-16 15:32:17 - [TEST_SUITE][FAILED] - mobileSanity: Test Cases/mobileWeb/Dental/Nationwide FAILED.
Reason:
com.kms.katalon.core.exception.StepFailedException: Unable to verify text '9-Congratulations' is present  (Root cause: com.kms.katalon.core.exception.StepFailedException: Text '9-Congratulations' is not present on page )
	at com.kms.katalon.core.keyword.internal.KeywordMain.stepFailed(KeywordMain.groovy:36)
	at com.kms.katalon.core.webui.keyword.internal.WebUIKeywordMain.stepFailed(WebUIKeywordMain.groovy:65)
	at com.kms.katalon.core.webui.keyword.internal.WebUIKeywordMain.runKeyword(WebUIKeywordMain.groovy:27)
	at com.kms.katalon.core.webui.keyword.builtin.VerifyTextPresentKeyword.verifyTextPresent(VerifyTextPresentKeyword.groovy:83)
	at com.kms.katalon.core.webui.keyword.builtin.VerifyTextPresentKeyword.execute(VerifyTextPresentKeyword.groovy:68)
	at com.kms.katalon.core.keyword.internal.KeywordExecutor.executeKeywordForPlatform(KeywordExecutor.groovy:53)
	at com.kms.katalon.core.webui.keyword.WebUiBuiltInKeywords.verifyTextPresent(WebUiBuiltInKeywords.groovy:1693)
	at com.kms.katalon.core.webui.keyword.WebUiBuiltInKeywords$verifyTextPresent$8.call(Unknown Source)
	at Nationwide.run(Nationwide:129)
	at com.kms.katalon.core.main.ScriptEngine.run(ScriptEngine.java:194)
	at com.kms.katalon.core.main.ScriptEngine.runScriptAsRawText(ScriptEngine.java:119)
	at com.kms.katalon.core.main.TestCaseExecutor.runScript(TestCaseExecutor.java:328)
	at com.kms.katalon.core.main.TestCaseExecutor.doExecute(TestCaseExecutor.java:319)
	at com.kms.katalon.core.main.TestCaseExecutor.processExecutionPhase(TestCaseExecutor.java:298)
	at com.kms.katalon.core.main.TestCaseExecutor.accessMainPhase(TestCaseExecutor.java:290)
	at com.kms.katalon.core.main.TestCaseExecutor.execute(TestCaseExecutor.java:224)
	at com.kms.katalon.core.main.TestSuiteExecutor.accessTestCaseMainPhase(TestSuiteExecutor.java:129)
	at com.kms.katalon.core.main.TestSuiteExecutor.accessTestSuiteMainPhase(TestSuiteExecutor.java:112)
	at com.kms.katalon.core.main.TestSuiteExecutor.execute(TestSuiteExecutor.java:81)
	at com.kms.katalon.core.main.TestCaseMain.startTestSuite(TestCaseMain.java:149)
	at com.kms.katalon.core.main.TestCaseMain$startTestSuite$0.call(Unknown Source)
	at TempTestSuite1547623933727.run(TempTestSuite1547623933727.groovy:36)]]></system-err>
   </testsuite>
</testsuites>
